[2025-04-07T02:08:55.624+0000] {manager.py:483} INFO - Processing files using up to 2 processes at a time 
[2025-04-07T02:08:55.624+0000] {manager.py:484} INFO - Process each file at most once every 30 seconds
[2025-04-07T02:08:55.624+0000] {manager.py:485} INFO - Checking for new files in /opt/airflow/dags every 300 seconds
[2025-04-07T02:08:55.625+0000] {manager.py:821} INFO - Searching for files in /opt/airflow/dags
[2025-04-07T02:08:55.631+0000] {manager.py:824} INFO - There are 1 files in /opt/airflow/dags
[2025-04-07T02:08:55.714+0000] {manager.py:997} INFO - 
================================================================================
DAG File Processing Stats

File Path                             PID  Runtime      # DAGs    # Errors  Last Runtime    Last Run      Last # of DB Queries
----------------------------------  -----  ---------  --------  ----------  --------------  ----------  ----------------------
/opt/airflow/dags/spark_airflow.py    212  0.01s             0           0                                                   0
================================================================================
[2025-04-07T02:09:25.853+0000] {manager.py:997} INFO - 
================================================================================
DAG File Processing Stats

File Path                           PID    Runtime      # DAGs    # Errors  Last Runtime    Last Run               Last # of DB Queries
----------------------------------  -----  ---------  --------  ----------  --------------  -------------------  ----------------------
/opt/airflow/dags/spark_airflow.py                           1           0  0.35s           2025-04-07T02:08:56                      45
================================================================================
[2025-04-07T02:09:56.342+0000] {manager.py:997} INFO - 
================================================================================
DAG File Processing Stats

File Path                           PID    Runtime      # DAGs    # Errors  Last Runtime    Last Run               Last # of DB Queries
----------------------------------  -----  ---------  --------  ----------  --------------  -------------------  ----------------------
/opt/airflow/dags/spark_airflow.py                           1           0  0.16s           2025-04-07T02:09:26                      12
================================================================================
[2025-04-07T02:10:26.642+0000] {manager.py:997} INFO - 
================================================================================
DAG File Processing Stats

File Path                           PID    Runtime      # DAGs    # Errors  Last Runtime    Last Run               Last # of DB Queries
----------------------------------  -----  ---------  --------  ----------  --------------  -------------------  ----------------------
/opt/airflow/dags/spark_airflow.py                           1           0  0.26s           2025-04-07T02:09:56                      12
================================================================================
[2025-04-07T02:10:57.034+0000] {manager.py:997} INFO - 
================================================================================
DAG File Processing Stats

File Path                           PID    Runtime      # DAGs    # Errors  Last Runtime    Last Run               Last # of DB Queries
----------------------------------  -----  ---------  --------  ----------  --------------  -------------------  ----------------------
/opt/airflow/dags/spark_airflow.py                           1           0  0.26s           2025-04-07T02:10:27                      12
================================================================================
[2025-04-07T02:11:27.455+0000] {manager.py:997} INFO - 
================================================================================
DAG File Processing Stats

File Path                           PID    Runtime      # DAGs    # Errors  Last Runtime    Last Run               Last # of DB Queries
----------------------------------  -----  ---------  --------  ----------  --------------  -------------------  ----------------------
/opt/airflow/dags/spark_airflow.py                           1           0  0.25s           2025-04-07T02:10:57                      12
================================================================================
[2025-04-07T02:11:40.140+0000] {manager.py:465} INFO - Exiting gracefully upon receiving signal 15
[2025-04-07T02:12:06.445+0000] {manager.py:483} INFO - Processing files using up to 2 processes at a time 
[2025-04-07T02:12:06.445+0000] {manager.py:484} INFO - Process each file at most once every 30 seconds
[2025-04-07T02:12:06.446+0000] {manager.py:485} INFO - Checking for new files in /opt/airflow/dags every 300 seconds
[2025-04-07T02:12:06.446+0000] {manager.py:821} INFO - Searching for files in /opt/airflow/dags
[2025-04-07T02:12:06.457+0000] {manager.py:824} INFO - There are 1 files in /opt/airflow/dags
[2025-04-07T02:12:06.537+0000] {manager.py:997} INFO - 
================================================================================
DAG File Processing Stats

File Path                             PID  Runtime      # DAGs    # Errors  Last Runtime    Last Run      Last # of DB Queries
----------------------------------  -----  ---------  --------  ----------  --------------  ----------  ----------------------
/opt/airflow/dags/spark_airflow.py    213  0.01s             0           0                                                   0
================================================================================
[2025-04-07T02:12:36.680+0000] {manager.py:997} INFO - 
================================================================================
DAG File Processing Stats

File Path                           PID    Runtime      # DAGs    # Errors  Last Runtime    Last Run               Last # of DB Queries
----------------------------------  -----  ---------  --------  ----------  --------------  -------------------  ----------------------
/opt/airflow/dags/spark_airflow.py                           1           0  0.34s           2025-04-07T02:12:06                      45
================================================================================
[2025-04-07T02:13:07.141+0000] {manager.py:997} INFO - 
================================================================================
DAG File Processing Stats

File Path                           PID    Runtime      # DAGs    # Errors  Last Runtime    Last Run               Last # of DB Queries
----------------------------------  -----  ---------  --------  ----------  --------------  -------------------  ----------------------
/opt/airflow/dags/spark_airflow.py                           1           0  0.15s           2025-04-07T02:12:37                      12
================================================================================
[2025-04-07T02:13:37.445+0000] {manager.py:997} INFO - 
================================================================================
DAG File Processing Stats

File Path                           PID    Runtime      # DAGs    # Errors  Last Runtime    Last Run               Last # of DB Queries
----------------------------------  -----  ---------  --------  ----------  --------------  -------------------  ----------------------
/opt/airflow/dags/spark_airflow.py                           1           0  0.26s           2025-04-07T02:13:07                      12
================================================================================
[2025-04-07T02:14:07.851+0000] {manager.py:997} INFO - 
================================================================================
DAG File Processing Stats

File Path                           PID    Runtime      # DAGs    # Errors  Last Runtime    Last Run               Last # of DB Queries
----------------------------------  -----  ---------  --------  ----------  --------------  -------------------  ----------------------
/opt/airflow/dags/spark_airflow.py                           1           0  0.24s           2025-04-07T02:13:37                      12
================================================================================
[2025-04-07T02:14:38.247+0000] {manager.py:997} INFO - 
================================================================================
DAG File Processing Stats

File Path                           PID    Runtime      # DAGs    # Errors  Last Runtime    Last Run               Last # of DB Queries
----------------------------------  -----  ---------  --------  ----------  --------------  -------------------  ----------------------
/opt/airflow/dags/spark_airflow.py                           1           0  0.24s           2025-04-07T02:14:08                      12
================================================================================
[2025-04-07T02:15:08.890+0000] {manager.py:997} INFO - 
================================================================================
DAG File Processing Stats

File Path                           PID    Runtime      # DAGs    # Errors  Last Runtime    Last Run               Last # of DB Queries
----------------------------------  -----  ---------  --------  ----------  --------------  -------------------  ----------------------
/opt/airflow/dags/spark_airflow.py                           1           0  0.26s           2025-04-07T02:14:59                      12
================================================================================
[2025-04-07T02:15:39.050+0000] {manager.py:997} INFO - 
================================================================================
DAG File Processing Stats

File Path                           PID    Runtime      # DAGs    # Errors  Last Runtime    Last Run               Last # of DB Queries
----------------------------------  -----  ---------  --------  ----------  --------------  -------------------  ----------------------
/opt/airflow/dags/spark_airflow.py                           1           0  0.24s           2025-04-07T02:15:30                      12
================================================================================
[2025-04-07T02:16:09.409+0000] {manager.py:997} INFO - 
================================================================================
DAG File Processing Stats

File Path                           PID    Runtime      # DAGs    # Errors  Last Runtime    Last Run               Last # of DB Queries
----------------------------------  -----  ---------  --------  ----------  --------------  -------------------  ----------------------
/opt/airflow/dags/spark_airflow.py                           1           0  0.30s           2025-04-07T02:15:58                      34
================================================================================
[2025-04-07T02:16:39.689+0000] {manager.py:997} INFO - 
================================================================================
DAG File Processing Stats

File Path                           PID    Runtime      # DAGs    # Errors  Last Runtime    Last Run               Last # of DB Queries
----------------------------------  -----  ---------  --------  ----------  --------------  -------------------  ----------------------
/opt/airflow/dags/spark_airflow.py                           1           0  0.28s           2025-04-07T02:16:28                      12
================================================================================
[2025-04-07T02:17:06.987+0000] {manager.py:821} INFO - Searching for files in /opt/airflow/dags
[2025-04-07T02:17:07.000+0000] {manager.py:824} INFO - There are 1 files in /opt/airflow/dags
[2025-04-07T02:17:10.027+0000] {manager.py:997} INFO - 
================================================================================
DAG File Processing Stats

File Path                           PID    Runtime      # DAGs    # Errors  Last Runtime    Last Run               Last # of DB Queries
----------------------------------  -----  ---------  --------  ----------  --------------  -------------------  ----------------------
/opt/airflow/dags/spark_airflow.py                           1           0  0.24s           2025-04-07T02:16:59                      12
================================================================================
[2025-04-07T02:17:40.267+0000] {manager.py:997} INFO - 
================================================================================
DAG File Processing Stats

File Path                           PID    Runtime      # DAGs    # Errors  Last Runtime    Last Run               Last # of DB Queries
----------------------------------  -----  ---------  --------  ----------  --------------  -------------------  ----------------------
/opt/airflow/dags/spark_airflow.py                           1           0  0.25s           2025-04-07T02:17:29                      12
================================================================================
[2025-04-07T02:18:10.567+0000] {manager.py:997} INFO - 
================================================================================
DAG File Processing Stats

File Path                           PID    Runtime      # DAGs    # Errors  Last Runtime    Last Run               Last # of DB Queries
----------------------------------  -----  ---------  --------  ----------  --------------  -------------------  ----------------------
/opt/airflow/dags/spark_airflow.py                           1           0  0.31s           2025-04-07T02:17:50                      34
================================================================================
[2025-04-07T02:18:41.126+0000] {manager.py:997} INFO - 
================================================================================
DAG File Processing Stats

File Path                           PID    Runtime      # DAGs    # Errors  Last Runtime    Last Run               Last # of DB Queries
----------------------------------  -----  ---------  --------  ----------  --------------  -------------------  ----------------------
/opt/airflow/dags/spark_airflow.py                           1           0  0.32s           2025-04-07T02:18:27                      34
================================================================================
[2025-04-07T02:19:11.632+0000] {manager.py:997} INFO - 
================================================================================
DAG File Processing Stats

File Path                           PID    Runtime      # DAGs    # Errors  Last Runtime    Last Run               Last # of DB Queries
----------------------------------  -----  ---------  --------  ----------  --------------  -------------------  ----------------------
/opt/airflow/dags/spark_airflow.py                           1           0  0.41s           2025-04-07T02:18:57                      12
================================================================================
[2025-04-07T02:19:42.127+0000] {manager.py:997} INFO - 
================================================================================
DAG File Processing Stats

File Path                           PID    Runtime      # DAGs    # Errors  Last Runtime    Last Run               Last # of DB Queries
----------------------------------  -----  ---------  --------  ----------  --------------  -------------------  ----------------------
/opt/airflow/dags/spark_airflow.py                           1           0  0.25s           2025-04-07T02:19:25                      12
================================================================================
[2025-04-07T02:20:12.564+0000] {manager.py:997} INFO - 
================================================================================
DAG File Processing Stats

File Path                           PID    Runtime      # DAGs    # Errors  Last Runtime    Last Run               Last # of DB Queries
----------------------------------  -----  ---------  --------  ----------  --------------  -------------------  ----------------------
/opt/airflow/dags/spark_airflow.py                           1           0  0.24s           2025-04-07T02:19:55                      12
================================================================================
[2025-04-07T02:20:42.895+0000] {manager.py:997} INFO - 
================================================================================
DAG File Processing Stats

File Path                           PID    Runtime      # DAGs    # Errors  Last Runtime    Last Run               Last # of DB Queries
----------------------------------  -----  ---------  --------  ----------  --------------  -------------------  ----------------------
/opt/airflow/dags/spark_airflow.py                           1           0  0.25s           2025-04-07T02:20:25                      12
================================================================================
[2025-04-07T02:21:13.310+0000] {manager.py:997} INFO - 
================================================================================
DAG File Processing Stats

File Path                           PID    Runtime      # DAGs    # Errors  Last Runtime    Last Run               Last # of DB Queries
----------------------------------  -----  ---------  --------  ----------  --------------  -------------------  ----------------------
/opt/airflow/dags/spark_airflow.py                           1           0  0.24s           2025-04-07T02:20:55                      12
================================================================================
[2025-04-07T02:21:43.753+0000] {manager.py:997} INFO - 
================================================================================
DAG File Processing Stats

File Path                           PID    Runtime      # DAGs    # Errors  Last Runtime    Last Run               Last # of DB Queries
----------------------------------  -----  ---------  --------  ----------  --------------  -------------------  ----------------------
/opt/airflow/dags/spark_airflow.py                           1           0  0.24s           2025-04-07T02:21:25                      12
================================================================================
[2025-04-07T02:22:07.052+0000] {manager.py:821} INFO - Searching for files in /opt/airflow/dags
[2025-04-07T02:22:07.061+0000] {manager.py:824} INFO - There are 1 files in /opt/airflow/dags
[2025-04-07T02:22:14.117+0000] {manager.py:997} INFO - 
================================================================================
DAG File Processing Stats

File Path                           PID    Runtime      # DAGs    # Errors  Last Runtime    Last Run               Last # of DB Queries
----------------------------------  -----  ---------  --------  ----------  --------------  -------------------  ----------------------
/opt/airflow/dags/spark_airflow.py                           1           0  0.24s           2025-04-07T02:21:56                      12
================================================================================
[2025-04-07T02:22:44.491+0000] {manager.py:997} INFO - 
================================================================================
DAG File Processing Stats

File Path                           PID    Runtime      # DAGs    # Errors  Last Runtime    Last Run               Last # of DB Queries
----------------------------------  -----  ---------  --------  ----------  --------------  -------------------  ----------------------
/opt/airflow/dags/spark_airflow.py                           1           0  0.25s           2025-04-07T02:22:26                      12
================================================================================
[2025-04-07T02:23:08.041+0000] {manager.py:465} INFO - Exiting gracefully upon receiving signal 15
[2025-04-07T02:25:05.876+0000] {manager.py:483} INFO - Processing files using up to 2 processes at a time 
[2025-04-07T02:25:05.876+0000] {manager.py:484} INFO - Process each file at most once every 30 seconds
[2025-04-07T02:25:05.877+0000] {manager.py:485} INFO - Checking for new files in /opt/airflow/dags every 300 seconds
[2025-04-07T02:25:05.877+0000] {manager.py:821} INFO - Searching for files in /opt/airflow/dags
[2025-04-07T02:25:05.889+0000] {manager.py:824} INFO - There are 1 files in /opt/airflow/dags
[2025-04-07T02:25:05.969+0000] {manager.py:997} INFO - 
================================================================================
DAG File Processing Stats

File Path                             PID  Runtime      # DAGs    # Errors  Last Runtime    Last Run      Last # of DB Queries
----------------------------------  -----  ---------  --------  ----------  --------------  ----------  ----------------------
/opt/airflow/dags/spark_airflow.py    207  0.01s             0           0                                                   0
================================================================================
[2025-04-07T02:25:36.098+0000] {manager.py:997} INFO - 
================================================================================
DAG File Processing Stats

File Path                           PID    Runtime      # DAGs    # Errors  Last Runtime    Last Run               Last # of DB Queries
----------------------------------  -----  ---------  --------  ----------  --------------  -------------------  ----------------------
/opt/airflow/dags/spark_airflow.py                           1           0  0.37s           2025-04-07T02:25:06                      45
================================================================================
[2025-04-07T02:26:06.672+0000] {manager.py:997} INFO - 
================================================================================
DAG File Processing Stats

File Path                             PID  Runtime      # DAGs    # Errors  Last Runtime    Last Run               Last # of DB Queries
----------------------------------  -----  ---------  --------  ----------  --------------  -------------------  ----------------------
/opt/airflow/dags/spark_airflow.py    235  0.00s             1           0  0.15s           2025-04-07T02:25:36                      12
================================================================================
[2025-04-07T02:26:37.051+0000] {manager.py:997} INFO - 
================================================================================
DAG File Processing Stats

File Path                           PID    Runtime      # DAGs    # Errors  Last Runtime    Last Run               Last # of DB Queries
----------------------------------  -----  ---------  --------  ----------  --------------  -------------------  ----------------------
/opt/airflow/dags/spark_airflow.py                           1           0  0.33s           2025-04-07T02:26:21                      34
================================================================================
[2025-04-07T02:27:07.357+0000] {manager.py:997} INFO - 
================================================================================
DAG File Processing Stats

File Path                           PID    Runtime      # DAGs    # Errors  Last Runtime    Last Run               Last # of DB Queries
----------------------------------  -----  ---------  --------  ----------  --------------  -------------------  ----------------------
/opt/airflow/dags/spark_airflow.py                           1           0  0.25s           2025-04-07T02:26:51                      12
================================================================================
[2025-04-07T02:27:37.743+0000] {manager.py:997} INFO - 
================================================================================
DAG File Processing Stats

File Path                           PID    Runtime      # DAGs    # Errors  Last Runtime    Last Run               Last # of DB Queries
----------------------------------  -----  ---------  --------  ----------  --------------  -------------------  ----------------------
/opt/airflow/dags/spark_airflow.py                           1           0  0.25s           2025-04-07T02:27:13                      12
================================================================================
[2025-04-07T02:28:07.914+0000] {manager.py:997} INFO - 
================================================================================
DAG File Processing Stats

File Path                           PID    Runtime      # DAGs    # Errors  Last Runtime    Last Run               Last # of DB Queries
----------------------------------  -----  ---------  --------  ----------  --------------  -------------------  ----------------------
/opt/airflow/dags/spark_airflow.py                           1           0  0.24s           2025-04-07T02:27:44                      12
================================================================================
[2025-04-07T02:28:28.985+0000] {manager.py:465} INFO - Exiting gracefully upon receiving signal 15
