[2025-02-19T03:51:23.000+0000] {processor.py:186} INFO - Started process (PID=83) to work on /home/airflow/.local/lib/python3.12/site-packages/airflow/example_dags/example_nested_branch_dag.py
[2025-02-19T03:51:23.001+0000] {processor.py:914} INFO - Processing file /home/airflow/.local/lib/python3.12/site-packages/airflow/example_dags/example_nested_branch_dag.py for tasks to queue
[2025-02-19T03:51:23.004+0000] {logging_mixin.py:190} INFO - [2025-02-19T03:51:23.003+0000] {dagbag.py:588} INFO - Filling up the DagBag from /home/airflow/.local/lib/python3.12/site-packages/airflow/example_dags/example_nested_branch_dag.py
[2025-02-19T03:51:23.021+0000] {processor.py:925} INFO - DAG(s) 'example_nested_branch_dag' retrieved from /home/airflow/.local/lib/python3.12/site-packages/airflow/example_dags/example_nested_branch_dag.py
[2025-02-19T03:51:23.200+0000] {logging_mixin.py:190} INFO - [2025-02-19T03:51:23.198+0000] {override.py:1911} INFO - Created Permission View: can read on DAG:example_nested_branch_dag
[2025-02-19T03:51:23.217+0000] {logging_mixin.py:190} INFO - [2025-02-19T03:51:23.217+0000] {override.py:1911} INFO - Created Permission View: can delete on DAG:example_nested_branch_dag
[2025-02-19T03:51:23.227+0000] {logging_mixin.py:190} INFO - [2025-02-19T03:51:23.227+0000] {override.py:1911} INFO - Created Permission View: can edit on DAG:example_nested_branch_dag
[2025-02-19T03:51:23.248+0000] {logging_mixin.py:190} INFO - [2025-02-19T03:51:23.247+0000] {override.py:1911} INFO - Created Permission View: can read on DAG Run:example_nested_branch_dag
[2025-02-19T03:51:23.264+0000] {logging_mixin.py:190} INFO - [2025-02-19T03:51:23.264+0000] {override.py:1911} INFO - Created Permission View: can delete on DAG Run:example_nested_branch_dag
[2025-02-19T03:51:23.278+0000] {logging_mixin.py:190} INFO - [2025-02-19T03:51:23.277+0000] {override.py:1911} INFO - Created Permission View: can create on DAG Run:example_nested_branch_dag
[2025-02-19T03:51:23.290+0000] {logging_mixin.py:190} INFO - [2025-02-19T03:51:23.289+0000] {override.py:1911} INFO - Created Permission View: menu access on DAG Run:example_nested_branch_dag
[2025-02-19T03:51:23.291+0000] {logging_mixin.py:190} INFO - [2025-02-19T03:51:23.291+0000] {dag.py:3239} INFO - Sync 1 DAGs
[2025-02-19T03:51:23.310+0000] {logging_mixin.py:190} INFO - [2025-02-19T03:51:23.310+0000] {dag.py:3262} INFO - Creating ORM DAG for example_nested_branch_dag
[2025-02-19T03:51:23.326+0000] {logging_mixin.py:190} INFO - [2025-02-19T03:51:23.325+0000] {dag.py:4180} INFO - Setting next_dagrun for example_nested_branch_dag to 2025-02-18 00:00:00+00:00, run_after=2025-02-19 00:00:00+00:00
[2025-02-19T03:51:23.349+0000] {processor.py:208} INFO - Processing /home/airflow/.local/lib/python3.12/site-packages/airflow/example_dags/example_nested_branch_dag.py took 0.356 seconds
[2025-02-19T03:51:54.052+0000] {processor.py:186} INFO - Started process (PID=147) to work on /home/airflow/.local/lib/python3.12/site-packages/airflow/example_dags/example_nested_branch_dag.py
[2025-02-19T03:51:54.054+0000] {processor.py:914} INFO - Processing file /home/airflow/.local/lib/python3.12/site-packages/airflow/example_dags/example_nested_branch_dag.py for tasks to queue
[2025-02-19T03:51:54.056+0000] {logging_mixin.py:190} INFO - [2025-02-19T03:51:54.055+0000] {dagbag.py:588} INFO - Filling up the DagBag from /home/airflow/.local/lib/python3.12/site-packages/airflow/example_dags/example_nested_branch_dag.py
[2025-02-19T03:51:54.073+0000] {processor.py:925} INFO - DAG(s) 'example_nested_branch_dag' retrieved from /home/airflow/.local/lib/python3.12/site-packages/airflow/example_dags/example_nested_branch_dag.py
[2025-02-19T03:51:54.106+0000] {logging_mixin.py:190} INFO - [2025-02-19T03:51:54.105+0000] {dag.py:3239} INFO - Sync 1 DAGs
[2025-02-19T03:51:54.142+0000] {logging_mixin.py:190} INFO - [2025-02-19T03:51:54.141+0000] {dag.py:4180} INFO - Setting next_dagrun for example_nested_branch_dag to 2025-02-18 00:00:00+00:00, run_after=2025-02-19 00:00:00+00:00
[2025-02-19T03:51:54.170+0000] {processor.py:208} INFO - Processing /home/airflow/.local/lib/python3.12/site-packages/airflow/example_dags/example_nested_branch_dag.py took 0.128 seconds
[2025-02-19T03:52:24.383+0000] {processor.py:186} INFO - Started process (PID=211) to work on /home/airflow/.local/lib/python3.12/site-packages/airflow/example_dags/example_nested_branch_dag.py
[2025-02-19T03:52:24.384+0000] {processor.py:914} INFO - Processing file /home/airflow/.local/lib/python3.12/site-packages/airflow/example_dags/example_nested_branch_dag.py for tasks to queue
[2025-02-19T03:52:24.385+0000] {logging_mixin.py:190} INFO - [2025-02-19T03:52:24.385+0000] {dagbag.py:588} INFO - Filling up the DagBag from /home/airflow/.local/lib/python3.12/site-packages/airflow/example_dags/example_nested_branch_dag.py
[2025-02-19T03:52:24.400+0000] {processor.py:925} INFO - DAG(s) 'example_nested_branch_dag' retrieved from /home/airflow/.local/lib/python3.12/site-packages/airflow/example_dags/example_nested_branch_dag.py
[2025-02-19T03:52:24.427+0000] {logging_mixin.py:190} INFO - [2025-02-19T03:52:24.427+0000] {dag.py:3239} INFO - Sync 1 DAGs
[2025-02-19T03:52:24.461+0000] {logging_mixin.py:190} INFO - [2025-02-19T03:52:24.460+0000] {dag.py:4180} INFO - Setting next_dagrun for example_nested_branch_dag to 2025-02-18 00:00:00+00:00, run_after=2025-02-19 00:00:00+00:00
[2025-02-19T03:52:24.492+0000] {processor.py:208} INFO - Processing /home/airflow/.local/lib/python3.12/site-packages/airflow/example_dags/example_nested_branch_dag.py took 0.116 seconds
[2025-02-19T03:52:55.063+0000] {processor.py:186} INFO - Started process (PID=275) to work on /home/airflow/.local/lib/python3.12/site-packages/airflow/example_dags/example_nested_branch_dag.py
[2025-02-19T03:52:55.065+0000] {processor.py:914} INFO - Processing file /home/airflow/.local/lib/python3.12/site-packages/airflow/example_dags/example_nested_branch_dag.py for tasks to queue
[2025-02-19T03:52:55.070+0000] {logging_mixin.py:190} INFO - [2025-02-19T03:52:55.069+0000] {dagbag.py:588} INFO - Filling up the DagBag from /home/airflow/.local/lib/python3.12/site-packages/airflow/example_dags/example_nested_branch_dag.py
[2025-02-19T03:52:55.102+0000] {processor.py:925} INFO - DAG(s) 'example_nested_branch_dag' retrieved from /home/airflow/.local/lib/python3.12/site-packages/airflow/example_dags/example_nested_branch_dag.py
[2025-02-19T03:52:55.183+0000] {logging_mixin.py:190} INFO - [2025-02-19T03:52:55.182+0000] {dag.py:3239} INFO - Sync 1 DAGs
[2025-02-19T03:52:55.282+0000] {logging_mixin.py:190} INFO - [2025-02-19T03:52:55.281+0000] {dag.py:4180} INFO - Setting next_dagrun for example_nested_branch_dag to 2025-02-18 00:00:00+00:00, run_after=2025-02-19 00:00:00+00:00
[2025-02-19T03:52:55.346+0000] {processor.py:208} INFO - Processing /home/airflow/.local/lib/python3.12/site-packages/airflow/example_dags/example_nested_branch_dag.py took 0.301 seconds
[2025-02-19T03:53:25.584+0000] {processor.py:186} INFO - Started process (PID=343) to work on /home/airflow/.local/lib/python3.12/site-packages/airflow/example_dags/example_nested_branch_dag.py
[2025-02-19T03:53:25.585+0000] {processor.py:914} INFO - Processing file /home/airflow/.local/lib/python3.12/site-packages/airflow/example_dags/example_nested_branch_dag.py for tasks to queue
[2025-02-19T03:53:25.586+0000] {logging_mixin.py:190} INFO - [2025-02-19T03:53:25.586+0000] {dagbag.py:588} INFO - Filling up the DagBag from /home/airflow/.local/lib/python3.12/site-packages/airflow/example_dags/example_nested_branch_dag.py
[2025-02-19T03:53:25.606+0000] {processor.py:925} INFO - DAG(s) 'example_nested_branch_dag' retrieved from /home/airflow/.local/lib/python3.12/site-packages/airflow/example_dags/example_nested_branch_dag.py
[2025-02-19T03:53:25.646+0000] {logging_mixin.py:190} INFO - [2025-02-19T03:53:25.645+0000] {dag.py:3239} INFO - Sync 1 DAGs
[2025-02-19T03:53:25.681+0000] {logging_mixin.py:190} INFO - [2025-02-19T03:53:25.681+0000] {dag.py:4180} INFO - Setting next_dagrun for example_nested_branch_dag to 2025-02-18 00:00:00+00:00, run_after=2025-02-19 00:00:00+00:00
[2025-02-19T03:53:25.714+0000] {processor.py:208} INFO - Processing /home/airflow/.local/lib/python3.12/site-packages/airflow/example_dags/example_nested_branch_dag.py took 0.138 seconds
[2025-02-19T03:53:56.586+0000] {processor.py:186} INFO - Started process (PID=407) to work on /home/airflow/.local/lib/python3.12/site-packages/airflow/example_dags/example_nested_branch_dag.py
[2025-02-19T03:53:56.586+0000] {processor.py:914} INFO - Processing file /home/airflow/.local/lib/python3.12/site-packages/airflow/example_dags/example_nested_branch_dag.py for tasks to queue
[2025-02-19T03:53:56.587+0000] {logging_mixin.py:190} INFO - [2025-02-19T03:53:56.587+0000] {dagbag.py:588} INFO - Filling up the DagBag from /home/airflow/.local/lib/python3.12/site-packages/airflow/example_dags/example_nested_branch_dag.py
[2025-02-19T03:53:56.602+0000] {processor.py:925} INFO - DAG(s) 'example_nested_branch_dag' retrieved from /home/airflow/.local/lib/python3.12/site-packages/airflow/example_dags/example_nested_branch_dag.py
[2025-02-19T03:53:56.625+0000] {logging_mixin.py:190} INFO - [2025-02-19T03:53:56.625+0000] {dag.py:3239} INFO - Sync 1 DAGs
[2025-02-19T03:53:56.653+0000] {logging_mixin.py:190} INFO - [2025-02-19T03:53:56.653+0000] {dag.py:4180} INFO - Setting next_dagrun for example_nested_branch_dag to 2025-02-18 00:00:00+00:00, run_after=2025-02-19 00:00:00+00:00
[2025-02-19T03:53:56.678+0000] {processor.py:208} INFO - Processing /home/airflow/.local/lib/python3.12/site-packages/airflow/example_dags/example_nested_branch_dag.py took 0.098 seconds
[2025-02-19T03:54:27.422+0000] {processor.py:186} INFO - Started process (PID=471) to work on /home/airflow/.local/lib/python3.12/site-packages/airflow/example_dags/example_nested_branch_dag.py
[2025-02-19T03:54:27.422+0000] {processor.py:914} INFO - Processing file /home/airflow/.local/lib/python3.12/site-packages/airflow/example_dags/example_nested_branch_dag.py for tasks to queue
[2025-02-19T03:54:27.425+0000] {logging_mixin.py:190} INFO - [2025-02-19T03:54:27.424+0000] {dagbag.py:588} INFO - Filling up the DagBag from /home/airflow/.local/lib/python3.12/site-packages/airflow/example_dags/example_nested_branch_dag.py
[2025-02-19T03:54:27.441+0000] {processor.py:925} INFO - DAG(s) 'example_nested_branch_dag' retrieved from /home/airflow/.local/lib/python3.12/site-packages/airflow/example_dags/example_nested_branch_dag.py
[2025-02-19T03:54:27.468+0000] {logging_mixin.py:190} INFO - [2025-02-19T03:54:27.467+0000] {dag.py:3239} INFO - Sync 1 DAGs
[2025-02-19T03:54:27.500+0000] {logging_mixin.py:190} INFO - [2025-02-19T03:54:27.500+0000] {dag.py:4180} INFO - Setting next_dagrun for example_nested_branch_dag to 2025-02-18 00:00:00+00:00, run_after=2025-02-19 00:00:00+00:00
[2025-02-19T03:54:27.537+0000] {processor.py:208} INFO - Processing /home/airflow/.local/lib/python3.12/site-packages/airflow/example_dags/example_nested_branch_dag.py took 0.122 seconds
[2025-02-19T03:54:57.720+0000] {processor.py:186} INFO - Started process (PID=535) to work on /home/airflow/.local/lib/python3.12/site-packages/airflow/example_dags/example_nested_branch_dag.py
[2025-02-19T03:54:57.721+0000] {processor.py:914} INFO - Processing file /home/airflow/.local/lib/python3.12/site-packages/airflow/example_dags/example_nested_branch_dag.py for tasks to queue
[2025-02-19T03:54:57.723+0000] {logging_mixin.py:190} INFO - [2025-02-19T03:54:57.722+0000] {dagbag.py:588} INFO - Filling up the DagBag from /home/airflow/.local/lib/python3.12/site-packages/airflow/example_dags/example_nested_branch_dag.py
[2025-02-19T03:54:57.735+0000] {processor.py:925} INFO - DAG(s) 'example_nested_branch_dag' retrieved from /home/airflow/.local/lib/python3.12/site-packages/airflow/example_dags/example_nested_branch_dag.py
[2025-02-19T03:54:57.758+0000] {logging_mixin.py:190} INFO - [2025-02-19T03:54:57.758+0000] {dag.py:3239} INFO - Sync 1 DAGs
[2025-02-19T03:54:57.787+0000] {logging_mixin.py:190} INFO - [2025-02-19T03:54:57.786+0000] {dag.py:4180} INFO - Setting next_dagrun for example_nested_branch_dag to 2025-02-18 00:00:00+00:00, run_after=2025-02-19 00:00:00+00:00
[2025-02-19T03:54:57.816+0000] {processor.py:208} INFO - Processing /home/airflow/.local/lib/python3.12/site-packages/airflow/example_dags/example_nested_branch_dag.py took 0.100 seconds
[2025-02-19T03:55:28.101+0000] {processor.py:186} INFO - Started process (PID=599) to work on /home/airflow/.local/lib/python3.12/site-packages/airflow/example_dags/example_nested_branch_dag.py
[2025-02-19T03:55:28.102+0000] {processor.py:914} INFO - Processing file /home/airflow/.local/lib/python3.12/site-packages/airflow/example_dags/example_nested_branch_dag.py for tasks to queue
[2025-02-19T03:55:28.104+0000] {logging_mixin.py:190} INFO - [2025-02-19T03:55:28.104+0000] {dagbag.py:588} INFO - Filling up the DagBag from /home/airflow/.local/lib/python3.12/site-packages/airflow/example_dags/example_nested_branch_dag.py
[2025-02-19T03:55:28.120+0000] {processor.py:925} INFO - DAG(s) 'example_nested_branch_dag' retrieved from /home/airflow/.local/lib/python3.12/site-packages/airflow/example_dags/example_nested_branch_dag.py
[2025-02-19T03:55:28.151+0000] {logging_mixin.py:190} INFO - [2025-02-19T03:55:28.150+0000] {dag.py:3239} INFO - Sync 1 DAGs
[2025-02-19T03:55:28.177+0000] {logging_mixin.py:190} INFO - [2025-02-19T03:55:28.176+0000] {dag.py:4180} INFO - Setting next_dagrun for example_nested_branch_dag to 2025-02-18 00:00:00+00:00, run_after=2025-02-19 00:00:00+00:00
[2025-02-19T03:55:28.200+0000] {processor.py:208} INFO - Processing /home/airflow/.local/lib/python3.12/site-packages/airflow/example_dags/example_nested_branch_dag.py took 0.107 seconds
[2025-02-19T03:55:58.443+0000] {processor.py:186} INFO - Started process (PID=667) to work on /home/airflow/.local/lib/python3.12/site-packages/airflow/example_dags/example_nested_branch_dag.py
[2025-02-19T03:55:58.444+0000] {processor.py:914} INFO - Processing file /home/airflow/.local/lib/python3.12/site-packages/airflow/example_dags/example_nested_branch_dag.py for tasks to queue
[2025-02-19T03:55:58.446+0000] {logging_mixin.py:190} INFO - [2025-02-19T03:55:58.445+0000] {dagbag.py:588} INFO - Filling up the DagBag from /home/airflow/.local/lib/python3.12/site-packages/airflow/example_dags/example_nested_branch_dag.py
[2025-02-19T03:55:58.458+0000] {processor.py:925} INFO - DAG(s) 'example_nested_branch_dag' retrieved from /home/airflow/.local/lib/python3.12/site-packages/airflow/example_dags/example_nested_branch_dag.py
[2025-02-19T03:55:58.482+0000] {logging_mixin.py:190} INFO - [2025-02-19T03:55:58.482+0000] {dag.py:3239} INFO - Sync 1 DAGs
[2025-02-19T03:55:58.505+0000] {logging_mixin.py:190} INFO - [2025-02-19T03:55:58.505+0000] {dag.py:4180} INFO - Setting next_dagrun for example_nested_branch_dag to 2025-02-18 00:00:00+00:00, run_after=2025-02-19 00:00:00+00:00
[2025-02-19T03:55:58.528+0000] {processor.py:208} INFO - Processing /home/airflow/.local/lib/python3.12/site-packages/airflow/example_dags/example_nested_branch_dag.py took 0.091 seconds
[2025-02-19T03:56:28.849+0000] {processor.py:186} INFO - Started process (PID=731) to work on /home/airflow/.local/lib/python3.12/site-packages/airflow/example_dags/example_nested_branch_dag.py
[2025-02-19T03:56:28.850+0000] {processor.py:914} INFO - Processing file /home/airflow/.local/lib/python3.12/site-packages/airflow/example_dags/example_nested_branch_dag.py for tasks to queue
[2025-02-19T03:56:28.851+0000] {logging_mixin.py:190} INFO - [2025-02-19T03:56:28.851+0000] {dagbag.py:588} INFO - Filling up the DagBag from /home/airflow/.local/lib/python3.12/site-packages/airflow/example_dags/example_nested_branch_dag.py
[2025-02-19T03:56:28.863+0000] {processor.py:925} INFO - DAG(s) 'example_nested_branch_dag' retrieved from /home/airflow/.local/lib/python3.12/site-packages/airflow/example_dags/example_nested_branch_dag.py
[2025-02-19T03:56:28.887+0000] {logging_mixin.py:190} INFO - [2025-02-19T03:56:28.886+0000] {dag.py:3239} INFO - Sync 1 DAGs
[2025-02-19T03:56:28.914+0000] {logging_mixin.py:190} INFO - [2025-02-19T03:56:28.913+0000] {dag.py:4180} INFO - Setting next_dagrun for example_nested_branch_dag to 2025-02-18 00:00:00+00:00, run_after=2025-02-19 00:00:00+00:00
[2025-02-19T03:56:28.936+0000] {processor.py:208} INFO - Processing /home/airflow/.local/lib/python3.12/site-packages/airflow/example_dags/example_nested_branch_dag.py took 0.093 seconds
[2025-02-19T03:56:59.179+0000] {processor.py:186} INFO - Started process (PID=795) to work on /home/airflow/.local/lib/python3.12/site-packages/airflow/example_dags/example_nested_branch_dag.py
[2025-02-19T03:56:59.180+0000] {processor.py:914} INFO - Processing file /home/airflow/.local/lib/python3.12/site-packages/airflow/example_dags/example_nested_branch_dag.py for tasks to queue
[2025-02-19T03:56:59.182+0000] {logging_mixin.py:190} INFO - [2025-02-19T03:56:59.182+0000] {dagbag.py:588} INFO - Filling up the DagBag from /home/airflow/.local/lib/python3.12/site-packages/airflow/example_dags/example_nested_branch_dag.py
[2025-02-19T03:56:59.200+0000] {processor.py:925} INFO - DAG(s) 'example_nested_branch_dag' retrieved from /home/airflow/.local/lib/python3.12/site-packages/airflow/example_dags/example_nested_branch_dag.py
[2025-02-19T03:56:59.248+0000] {logging_mixin.py:190} INFO - [2025-02-19T03:56:59.247+0000] {dag.py:3239} INFO - Sync 1 DAGs
[2025-02-19T03:56:59.349+0000] {logging_mixin.py:190} INFO - [2025-02-19T03:56:59.348+0000] {dag.py:4180} INFO - Setting next_dagrun for example_nested_branch_dag to 2025-02-18 00:00:00+00:00, run_after=2025-02-19 00:00:00+00:00
[2025-02-19T03:56:59.406+0000] {processor.py:208} INFO - Processing /home/airflow/.local/lib/python3.12/site-packages/airflow/example_dags/example_nested_branch_dag.py took 0.236 seconds
[2025-02-19T03:57:29.487+0000] {processor.py:186} INFO - Started process (PID=859) to work on /home/airflow/.local/lib/python3.12/site-packages/airflow/example_dags/example_nested_branch_dag.py
[2025-02-19T03:57:29.487+0000] {processor.py:914} INFO - Processing file /home/airflow/.local/lib/python3.12/site-packages/airflow/example_dags/example_nested_branch_dag.py for tasks to queue
[2025-02-19T03:57:29.489+0000] {logging_mixin.py:190} INFO - [2025-02-19T03:57:29.488+0000] {dagbag.py:588} INFO - Filling up the DagBag from /home/airflow/.local/lib/python3.12/site-packages/airflow/example_dags/example_nested_branch_dag.py
[2025-02-19T03:57:29.503+0000] {processor.py:925} INFO - DAG(s) 'example_nested_branch_dag' retrieved from /home/airflow/.local/lib/python3.12/site-packages/airflow/example_dags/example_nested_branch_dag.py
[2025-02-19T03:57:29.530+0000] {logging_mixin.py:190} INFO - [2025-02-19T03:57:29.529+0000] {dag.py:3239} INFO - Sync 1 DAGs
[2025-02-19T03:57:29.556+0000] {logging_mixin.py:190} INFO - [2025-02-19T03:57:29.555+0000] {dag.py:4180} INFO - Setting next_dagrun for example_nested_branch_dag to 2025-02-18 00:00:00+00:00, run_after=2025-02-19 00:00:00+00:00
[2025-02-19T03:57:29.580+0000] {processor.py:208} INFO - Processing /home/airflow/.local/lib/python3.12/site-packages/airflow/example_dags/example_nested_branch_dag.py took 0.099 seconds
[2025-02-19T03:58:00.209+0000] {processor.py:186} INFO - Started process (PID=923) to work on /home/airflow/.local/lib/python3.12/site-packages/airflow/example_dags/example_nested_branch_dag.py
[2025-02-19T03:58:00.210+0000] {processor.py:914} INFO - Processing file /home/airflow/.local/lib/python3.12/site-packages/airflow/example_dags/example_nested_branch_dag.py for tasks to queue
[2025-02-19T03:58:00.211+0000] {logging_mixin.py:190} INFO - [2025-02-19T03:58:00.211+0000] {dagbag.py:588} INFO - Filling up the DagBag from /home/airflow/.local/lib/python3.12/site-packages/airflow/example_dags/example_nested_branch_dag.py
[2025-02-19T03:58:00.227+0000] {processor.py:925} INFO - DAG(s) 'example_nested_branch_dag' retrieved from /home/airflow/.local/lib/python3.12/site-packages/airflow/example_dags/example_nested_branch_dag.py
[2025-02-19T03:58:00.255+0000] {logging_mixin.py:190} INFO - [2025-02-19T03:58:00.255+0000] {dag.py:3239} INFO - Sync 1 DAGs
[2025-02-19T03:58:00.279+0000] {logging_mixin.py:190} INFO - [2025-02-19T03:58:00.279+0000] {dag.py:4180} INFO - Setting next_dagrun for example_nested_branch_dag to 2025-02-18 00:00:00+00:00, run_after=2025-02-19 00:00:00+00:00
[2025-02-19T03:58:00.299+0000] {processor.py:208} INFO - Processing /home/airflow/.local/lib/python3.12/site-packages/airflow/example_dags/example_nested_branch_dag.py took 0.097 seconds
[2025-02-19T03:58:31.096+0000] {processor.py:186} INFO - Started process (PID=987) to work on /home/airflow/.local/lib/python3.12/site-packages/airflow/example_dags/example_nested_branch_dag.py
[2025-02-19T03:58:31.097+0000] {processor.py:914} INFO - Processing file /home/airflow/.local/lib/python3.12/site-packages/airflow/example_dags/example_nested_branch_dag.py for tasks to queue
[2025-02-19T03:58:31.099+0000] {logging_mixin.py:190} INFO - [2025-02-19T03:58:31.099+0000] {dagbag.py:588} INFO - Filling up the DagBag from /home/airflow/.local/lib/python3.12/site-packages/airflow/example_dags/example_nested_branch_dag.py
[2025-02-19T03:58:31.112+0000] {processor.py:925} INFO - DAG(s) 'example_nested_branch_dag' retrieved from /home/airflow/.local/lib/python3.12/site-packages/airflow/example_dags/example_nested_branch_dag.py
[2025-02-19T03:58:31.148+0000] {logging_mixin.py:190} INFO - [2025-02-19T03:58:31.147+0000] {dag.py:3239} INFO - Sync 1 DAGs
[2025-02-19T03:58:31.176+0000] {logging_mixin.py:190} INFO - [2025-02-19T03:58:31.176+0000] {dag.py:4180} INFO - Setting next_dagrun for example_nested_branch_dag to 2025-02-18 00:00:00+00:00, run_after=2025-02-19 00:00:00+00:00
[2025-02-19T03:58:31.204+0000] {processor.py:208} INFO - Processing /home/airflow/.local/lib/python3.12/site-packages/airflow/example_dags/example_nested_branch_dag.py took 0.115 seconds
[2025-02-19T03:59:01.327+0000] {processor.py:186} INFO - Started process (PID=1050) to work on /home/airflow/.local/lib/python3.12/site-packages/airflow/example_dags/example_nested_branch_dag.py
[2025-02-19T03:59:01.328+0000] {processor.py:914} INFO - Processing file /home/airflow/.local/lib/python3.12/site-packages/airflow/example_dags/example_nested_branch_dag.py for tasks to queue
[2025-02-19T03:59:01.329+0000] {logging_mixin.py:190} INFO - [2025-02-19T03:59:01.329+0000] {dagbag.py:588} INFO - Filling up the DagBag from /home/airflow/.local/lib/python3.12/site-packages/airflow/example_dags/example_nested_branch_dag.py
[2025-02-19T03:59:01.343+0000] {processor.py:925} INFO - DAG(s) 'example_nested_branch_dag' retrieved from /home/airflow/.local/lib/python3.12/site-packages/airflow/example_dags/example_nested_branch_dag.py
[2025-02-19T03:59:01.371+0000] {logging_mixin.py:190} INFO - [2025-02-19T03:59:01.371+0000] {dag.py:3239} INFO - Sync 1 DAGs
[2025-02-19T03:59:01.403+0000] {logging_mixin.py:190} INFO - [2025-02-19T03:59:01.403+0000] {dag.py:4180} INFO - Setting next_dagrun for example_nested_branch_dag to 2025-02-18 00:00:00+00:00, run_after=2025-02-19 00:00:00+00:00
[2025-02-19T03:59:01.427+0000] {processor.py:208} INFO - Processing /home/airflow/.local/lib/python3.12/site-packages/airflow/example_dags/example_nested_branch_dag.py took 0.107 seconds
[2025-02-19T03:59:31.479+0000] {processor.py:186} INFO - Started process (PID=1114) to work on /home/airflow/.local/lib/python3.12/site-packages/airflow/example_dags/example_nested_branch_dag.py
[2025-02-19T03:59:31.480+0000] {processor.py:914} INFO - Processing file /home/airflow/.local/lib/python3.12/site-packages/airflow/example_dags/example_nested_branch_dag.py for tasks to queue
[2025-02-19T03:59:31.481+0000] {logging_mixin.py:190} INFO - [2025-02-19T03:59:31.481+0000] {dagbag.py:588} INFO - Filling up the DagBag from /home/airflow/.local/lib/python3.12/site-packages/airflow/example_dags/example_nested_branch_dag.py
[2025-02-19T03:59:31.493+0000] {processor.py:925} INFO - DAG(s) 'example_nested_branch_dag' retrieved from /home/airflow/.local/lib/python3.12/site-packages/airflow/example_dags/example_nested_branch_dag.py
[2025-02-19T03:59:31.517+0000] {logging_mixin.py:190} INFO - [2025-02-19T03:59:31.516+0000] {dag.py:3239} INFO - Sync 1 DAGs
[2025-02-19T03:59:31.544+0000] {logging_mixin.py:190} INFO - [2025-02-19T03:59:31.544+0000] {dag.py:4180} INFO - Setting next_dagrun for example_nested_branch_dag to 2025-02-18 00:00:00+00:00, run_after=2025-02-19 00:00:00+00:00
[2025-02-19T03:59:31.567+0000] {processor.py:208} INFO - Processing /home/airflow/.local/lib/python3.12/site-packages/airflow/example_dags/example_nested_branch_dag.py took 0.093 seconds
[2025-02-19T04:00:02.632+0000] {processor.py:186} INFO - Started process (PID=1178) to work on /home/airflow/.local/lib/python3.12/site-packages/airflow/example_dags/example_nested_branch_dag.py
[2025-02-19T04:00:02.633+0000] {processor.py:914} INFO - Processing file /home/airflow/.local/lib/python3.12/site-packages/airflow/example_dags/example_nested_branch_dag.py for tasks to queue
[2025-02-19T04:00:02.635+0000] {logging_mixin.py:190} INFO - [2025-02-19T04:00:02.635+0000] {dagbag.py:588} INFO - Filling up the DagBag from /home/airflow/.local/lib/python3.12/site-packages/airflow/example_dags/example_nested_branch_dag.py
[2025-02-19T04:00:02.651+0000] {processor.py:925} INFO - DAG(s) 'example_nested_branch_dag' retrieved from /home/airflow/.local/lib/python3.12/site-packages/airflow/example_dags/example_nested_branch_dag.py
[2025-02-19T04:00:02.673+0000] {logging_mixin.py:190} INFO - [2025-02-19T04:00:02.673+0000] {dag.py:3239} INFO - Sync 1 DAGs
[2025-02-19T04:00:02.703+0000] {logging_mixin.py:190} INFO - [2025-02-19T04:00:02.702+0000] {dag.py:4180} INFO - Setting next_dagrun for example_nested_branch_dag to 2025-02-18 00:00:00+00:00, run_after=2025-02-19 00:00:00+00:00
[2025-02-19T04:00:02.734+0000] {processor.py:208} INFO - Processing /home/airflow/.local/lib/python3.12/site-packages/airflow/example_dags/example_nested_branch_dag.py took 0.107 seconds
[2025-02-19T04:00:32.964+0000] {processor.py:186} INFO - Started process (PID=1242) to work on /home/airflow/.local/lib/python3.12/site-packages/airflow/example_dags/example_nested_branch_dag.py
[2025-02-19T04:00:32.965+0000] {processor.py:914} INFO - Processing file /home/airflow/.local/lib/python3.12/site-packages/airflow/example_dags/example_nested_branch_dag.py for tasks to queue
[2025-02-19T04:00:32.967+0000] {logging_mixin.py:190} INFO - [2025-02-19T04:00:32.966+0000] {dagbag.py:588} INFO - Filling up the DagBag from /home/airflow/.local/lib/python3.12/site-packages/airflow/example_dags/example_nested_branch_dag.py
[2025-02-19T04:00:32.983+0000] {processor.py:925} INFO - DAG(s) 'example_nested_branch_dag' retrieved from /home/airflow/.local/lib/python3.12/site-packages/airflow/example_dags/example_nested_branch_dag.py
[2025-02-19T04:00:33.014+0000] {logging_mixin.py:190} INFO - [2025-02-19T04:00:33.014+0000] {dag.py:3239} INFO - Sync 1 DAGs
[2025-02-19T04:00:33.045+0000] {logging_mixin.py:190} INFO - [2025-02-19T04:00:33.045+0000] {dag.py:4180} INFO - Setting next_dagrun for example_nested_branch_dag to 2025-02-18 00:00:00+00:00, run_after=2025-02-19 00:00:00+00:00
[2025-02-19T04:00:33.073+0000] {processor.py:208} INFO - Processing /home/airflow/.local/lib/python3.12/site-packages/airflow/example_dags/example_nested_branch_dag.py took 0.115 seconds
[2025-02-19T04:01:03.175+0000] {processor.py:186} INFO - Started process (PID=1306) to work on /home/airflow/.local/lib/python3.12/site-packages/airflow/example_dags/example_nested_branch_dag.py
[2025-02-19T04:01:03.176+0000] {processor.py:914} INFO - Processing file /home/airflow/.local/lib/python3.12/site-packages/airflow/example_dags/example_nested_branch_dag.py for tasks to queue
[2025-02-19T04:01:03.178+0000] {logging_mixin.py:190} INFO - [2025-02-19T04:01:03.177+0000] {dagbag.py:588} INFO - Filling up the DagBag from /home/airflow/.local/lib/python3.12/site-packages/airflow/example_dags/example_nested_branch_dag.py
[2025-02-19T04:01:03.192+0000] {processor.py:925} INFO - DAG(s) 'example_nested_branch_dag' retrieved from /home/airflow/.local/lib/python3.12/site-packages/airflow/example_dags/example_nested_branch_dag.py
[2025-02-19T04:01:03.221+0000] {logging_mixin.py:190} INFO - [2025-02-19T04:01:03.220+0000] {dag.py:3239} INFO - Sync 1 DAGs
[2025-02-19T04:01:03.253+0000] {logging_mixin.py:190} INFO - [2025-02-19T04:01:03.252+0000] {dag.py:4180} INFO - Setting next_dagrun for example_nested_branch_dag to 2025-02-18 00:00:00+00:00, run_after=2025-02-19 00:00:00+00:00
[2025-02-19T04:01:03.276+0000] {processor.py:208} INFO - Processing /home/airflow/.local/lib/python3.12/site-packages/airflow/example_dags/example_nested_branch_dag.py took 0.107 seconds
[2025-02-19T04:01:33.603+0000] {processor.py:186} INFO - Started process (PID=1370) to work on /home/airflow/.local/lib/python3.12/site-packages/airflow/example_dags/example_nested_branch_dag.py
[2025-02-19T04:01:33.604+0000] {processor.py:914} INFO - Processing file /home/airflow/.local/lib/python3.12/site-packages/airflow/example_dags/example_nested_branch_dag.py for tasks to queue
[2025-02-19T04:01:33.605+0000] {logging_mixin.py:190} INFO - [2025-02-19T04:01:33.605+0000] {dagbag.py:588} INFO - Filling up the DagBag from /home/airflow/.local/lib/python3.12/site-packages/airflow/example_dags/example_nested_branch_dag.py
[2025-02-19T04:01:33.622+0000] {processor.py:925} INFO - DAG(s) 'example_nested_branch_dag' retrieved from /home/airflow/.local/lib/python3.12/site-packages/airflow/example_dags/example_nested_branch_dag.py
[2025-02-19T04:01:33.651+0000] {logging_mixin.py:190} INFO - [2025-02-19T04:01:33.651+0000] {dag.py:3239} INFO - Sync 1 DAGs
[2025-02-19T04:01:33.686+0000] {logging_mixin.py:190} INFO - [2025-02-19T04:01:33.685+0000] {dag.py:4180} INFO - Setting next_dagrun for example_nested_branch_dag to 2025-02-18 00:00:00+00:00, run_after=2025-02-19 00:00:00+00:00
[2025-02-19T04:01:33.711+0000] {processor.py:208} INFO - Processing /home/airflow/.local/lib/python3.12/site-packages/airflow/example_dags/example_nested_branch_dag.py took 0.116 seconds
