[2025-02-19T03:51:21.467+0000] {processor.py:186} INFO - Started process (PID=76) to work on /home/airflow/.local/lib/python3.12/site-packages/airflow/example_dags/example_branch_labels.py
[2025-02-19T03:51:21.468+0000] {processor.py:914} INFO - Processing file /home/airflow/.local/lib/python3.12/site-packages/airflow/example_dags/example_branch_labels.py for tasks to queue
[2025-02-19T03:51:21.471+0000] {logging_mixin.py:190} INFO - [2025-02-19T03:51:21.470+0000] {dagbag.py:588} INFO - Filling up the DagBag from /home/airflow/.local/lib/python3.12/site-packages/airflow/example_dags/example_branch_labels.py
[2025-02-19T03:51:21.487+0000] {processor.py:925} INFO - DAG(s) 'example_branch_labels' retrieved from /home/airflow/.local/lib/python3.12/site-packages/airflow/example_dags/example_branch_labels.py
[2025-02-19T03:51:21.628+0000] {logging_mixin.py:190} INFO - [2025-02-19T03:51:21.627+0000] {override.py:1911} INFO - Created Permission View: can read on DAG:example_branch_labels
[2025-02-19T03:51:21.641+0000] {logging_mixin.py:190} INFO - [2025-02-19T03:51:21.641+0000] {override.py:1911} INFO - Created Permission View: can delete on DAG:example_branch_labels
[2025-02-19T03:51:21.653+0000] {logging_mixin.py:190} INFO - [2025-02-19T03:51:21.652+0000] {override.py:1911} INFO - Created Permission View: can edit on DAG:example_branch_labels
[2025-02-19T03:51:21.664+0000] {logging_mixin.py:190} INFO - [2025-02-19T03:51:21.664+0000] {override.py:1911} INFO - Created Permission View: can read on DAG Run:example_branch_labels
[2025-02-19T03:51:21.676+0000] {logging_mixin.py:190} INFO - [2025-02-19T03:51:21.676+0000] {override.py:1911} INFO - Created Permission View: can delete on DAG Run:example_branch_labels
[2025-02-19T03:51:21.688+0000] {logging_mixin.py:190} INFO - [2025-02-19T03:51:21.687+0000] {override.py:1911} INFO - Created Permission View: can create on DAG Run:example_branch_labels
[2025-02-19T03:51:21.697+0000] {logging_mixin.py:190} INFO - [2025-02-19T03:51:21.697+0000] {override.py:1911} INFO - Created Permission View: menu access on DAG Run:example_branch_labels
[2025-02-19T03:51:21.698+0000] {logging_mixin.py:190} INFO - [2025-02-19T03:51:21.698+0000] {dag.py:3239} INFO - Sync 1 DAGs
[2025-02-19T03:51:21.713+0000] {logging_mixin.py:190} INFO - [2025-02-19T03:51:21.713+0000] {dag.py:3262} INFO - Creating ORM DAG for example_branch_labels
[2025-02-19T03:51:21.724+0000] {logging_mixin.py:190} INFO - [2025-02-19T03:51:21.724+0000] {dag.py:4180} INFO - Setting next_dagrun for example_branch_labels to 2025-02-18 00:00:00+00:00, run_after=2025-02-19 00:00:00+00:00
[2025-02-19T03:51:21.744+0000] {processor.py:208} INFO - Processing /home/airflow/.local/lib/python3.12/site-packages/airflow/example_dags/example_branch_labels.py took 0.284 seconds
[2025-02-19T03:51:52.419+0000] {processor.py:186} INFO - Started process (PID=140) to work on /home/airflow/.local/lib/python3.12/site-packages/airflow/example_dags/example_branch_labels.py
[2025-02-19T03:51:52.420+0000] {processor.py:914} INFO - Processing file /home/airflow/.local/lib/python3.12/site-packages/airflow/example_dags/example_branch_labels.py for tasks to queue
[2025-02-19T03:51:52.422+0000] {logging_mixin.py:190} INFO - [2025-02-19T03:51:52.421+0000] {dagbag.py:588} INFO - Filling up the DagBag from /home/airflow/.local/lib/python3.12/site-packages/airflow/example_dags/example_branch_labels.py
[2025-02-19T03:51:52.434+0000] {processor.py:925} INFO - DAG(s) 'example_branch_labels' retrieved from /home/airflow/.local/lib/python3.12/site-packages/airflow/example_dags/example_branch_labels.py
[2025-02-19T03:51:52.465+0000] {logging_mixin.py:190} INFO - [2025-02-19T03:51:52.464+0000] {dag.py:3239} INFO - Sync 1 DAGs
[2025-02-19T03:51:52.497+0000] {logging_mixin.py:190} INFO - [2025-02-19T03:51:52.497+0000] {dag.py:4180} INFO - Setting next_dagrun for example_branch_labels to 2025-02-18 00:00:00+00:00, run_after=2025-02-19 00:00:00+00:00
[2025-02-19T03:51:52.521+0000] {processor.py:208} INFO - Processing /home/airflow/.local/lib/python3.12/site-packages/airflow/example_dags/example_branch_labels.py took 0.109 seconds
[2025-02-19T03:52:22.601+0000] {processor.py:186} INFO - Started process (PID=203) to work on /home/airflow/.local/lib/python3.12/site-packages/airflow/example_dags/example_branch_labels.py
[2025-02-19T03:52:22.603+0000] {processor.py:914} INFO - Processing file /home/airflow/.local/lib/python3.12/site-packages/airflow/example_dags/example_branch_labels.py for tasks to queue
[2025-02-19T03:52:22.604+0000] {logging_mixin.py:190} INFO - [2025-02-19T03:52:22.604+0000] {dagbag.py:588} INFO - Filling up the DagBag from /home/airflow/.local/lib/python3.12/site-packages/airflow/example_dags/example_branch_labels.py
[2025-02-19T03:52:22.618+0000] {processor.py:925} INFO - DAG(s) 'example_branch_labels' retrieved from /home/airflow/.local/lib/python3.12/site-packages/airflow/example_dags/example_branch_labels.py
[2025-02-19T03:52:22.649+0000] {logging_mixin.py:190} INFO - [2025-02-19T03:52:22.649+0000] {dag.py:3239} INFO - Sync 1 DAGs
[2025-02-19T03:52:22.682+0000] {logging_mixin.py:190} INFO - [2025-02-19T03:52:22.682+0000] {dag.py:4180} INFO - Setting next_dagrun for example_branch_labels to 2025-02-18 00:00:00+00:00, run_after=2025-02-19 00:00:00+00:00
[2025-02-19T03:52:22.709+0000] {processor.py:208} INFO - Processing /home/airflow/.local/lib/python3.12/site-packages/airflow/example_dags/example_branch_labels.py took 0.115 seconds
[2025-02-19T03:52:53.593+0000] {processor.py:186} INFO - Started process (PID=268) to work on /home/airflow/.local/lib/python3.12/site-packages/airflow/example_dags/example_branch_labels.py
[2025-02-19T03:52:53.594+0000] {processor.py:914} INFO - Processing file /home/airflow/.local/lib/python3.12/site-packages/airflow/example_dags/example_branch_labels.py for tasks to queue
[2025-02-19T03:52:53.596+0000] {logging_mixin.py:190} INFO - [2025-02-19T03:52:53.595+0000] {dagbag.py:588} INFO - Filling up the DagBag from /home/airflow/.local/lib/python3.12/site-packages/airflow/example_dags/example_branch_labels.py
[2025-02-19T03:52:53.606+0000] {processor.py:925} INFO - DAG(s) 'example_branch_labels' retrieved from /home/airflow/.local/lib/python3.12/site-packages/airflow/example_dags/example_branch_labels.py
[2025-02-19T03:52:53.631+0000] {logging_mixin.py:190} INFO - [2025-02-19T03:52:53.630+0000] {dag.py:3239} INFO - Sync 1 DAGs
[2025-02-19T03:52:53.659+0000] {logging_mixin.py:190} INFO - [2025-02-19T03:52:53.659+0000] {dag.py:4180} INFO - Setting next_dagrun for example_branch_labels to 2025-02-18 00:00:00+00:00, run_after=2025-02-19 00:00:00+00:00
[2025-02-19T03:52:53.684+0000] {processor.py:208} INFO - Processing /home/airflow/.local/lib/python3.12/site-packages/airflow/example_dags/example_branch_labels.py took 0.097 seconds
[2025-02-19T03:53:24.034+0000] {processor.py:186} INFO - Started process (PID=336) to work on /home/airflow/.local/lib/python3.12/site-packages/airflow/example_dags/example_branch_labels.py
[2025-02-19T03:53:24.034+0000] {processor.py:914} INFO - Processing file /home/airflow/.local/lib/python3.12/site-packages/airflow/example_dags/example_branch_labels.py for tasks to queue
[2025-02-19T03:53:24.036+0000] {logging_mixin.py:190} INFO - [2025-02-19T03:53:24.035+0000] {dagbag.py:588} INFO - Filling up the DagBag from /home/airflow/.local/lib/python3.12/site-packages/airflow/example_dags/example_branch_labels.py
[2025-02-19T03:53:24.047+0000] {processor.py:925} INFO - DAG(s) 'example_branch_labels' retrieved from /home/airflow/.local/lib/python3.12/site-packages/airflow/example_dags/example_branch_labels.py
[2025-02-19T03:53:24.069+0000] {logging_mixin.py:190} INFO - [2025-02-19T03:53:24.069+0000] {dag.py:3239} INFO - Sync 1 DAGs
[2025-02-19T03:53:24.095+0000] {logging_mixin.py:190} INFO - [2025-02-19T03:53:24.094+0000] {dag.py:4180} INFO - Setting next_dagrun for example_branch_labels to 2025-02-18 00:00:00+00:00, run_after=2025-02-19 00:00:00+00:00
[2025-02-19T03:53:24.120+0000] {processor.py:208} INFO - Processing /home/airflow/.local/lib/python3.12/site-packages/airflow/example_dags/example_branch_labels.py took 0.093 seconds
[2025-02-19T03:53:54.931+0000] {processor.py:186} INFO - Started process (PID=400) to work on /home/airflow/.local/lib/python3.12/site-packages/airflow/example_dags/example_branch_labels.py
[2025-02-19T03:53:54.932+0000] {processor.py:914} INFO - Processing file /home/airflow/.local/lib/python3.12/site-packages/airflow/example_dags/example_branch_labels.py for tasks to queue
[2025-02-19T03:53:54.934+0000] {logging_mixin.py:190} INFO - [2025-02-19T03:53:54.933+0000] {dagbag.py:588} INFO - Filling up the DagBag from /home/airflow/.local/lib/python3.12/site-packages/airflow/example_dags/example_branch_labels.py
[2025-02-19T03:53:54.951+0000] {processor.py:925} INFO - DAG(s) 'example_branch_labels' retrieved from /home/airflow/.local/lib/python3.12/site-packages/airflow/example_dags/example_branch_labels.py
[2025-02-19T03:53:54.985+0000] {logging_mixin.py:190} INFO - [2025-02-19T03:53:54.985+0000] {dag.py:3239} INFO - Sync 1 DAGs
[2025-02-19T03:53:55.023+0000] {logging_mixin.py:190} INFO - [2025-02-19T03:53:55.023+0000] {dag.py:4180} INFO - Setting next_dagrun for example_branch_labels to 2025-02-18 00:00:00+00:00, run_after=2025-02-19 00:00:00+00:00
[2025-02-19T03:53:55.050+0000] {processor.py:208} INFO - Processing /home/airflow/.local/lib/python3.12/site-packages/airflow/example_dags/example_branch_labels.py took 0.129 seconds
[2025-02-19T03:54:25.735+0000] {processor.py:186} INFO - Started process (PID=464) to work on /home/airflow/.local/lib/python3.12/site-packages/airflow/example_dags/example_branch_labels.py
[2025-02-19T03:54:25.736+0000] {processor.py:914} INFO - Processing file /home/airflow/.local/lib/python3.12/site-packages/airflow/example_dags/example_branch_labels.py for tasks to queue
[2025-02-19T03:54:25.738+0000] {logging_mixin.py:190} INFO - [2025-02-19T03:54:25.737+0000] {dagbag.py:588} INFO - Filling up the DagBag from /home/airflow/.local/lib/python3.12/site-packages/airflow/example_dags/example_branch_labels.py
[2025-02-19T03:54:25.749+0000] {processor.py:925} INFO - DAG(s) 'example_branch_labels' retrieved from /home/airflow/.local/lib/python3.12/site-packages/airflow/example_dags/example_branch_labels.py
[2025-02-19T03:54:25.778+0000] {logging_mixin.py:190} INFO - [2025-02-19T03:54:25.778+0000] {dag.py:3239} INFO - Sync 1 DAGs
[2025-02-19T03:54:25.821+0000] {logging_mixin.py:190} INFO - [2025-02-19T03:54:25.821+0000] {dag.py:4180} INFO - Setting next_dagrun for example_branch_labels to 2025-02-18 00:00:00+00:00, run_after=2025-02-19 00:00:00+00:00
[2025-02-19T03:54:25.879+0000] {processor.py:208} INFO - Processing /home/airflow/.local/lib/python3.12/site-packages/airflow/example_dags/example_branch_labels.py took 0.150 seconds
[2025-02-19T03:54:56.158+0000] {processor.py:186} INFO - Started process (PID=528) to work on /home/airflow/.local/lib/python3.12/site-packages/airflow/example_dags/example_branch_labels.py
[2025-02-19T03:54:56.159+0000] {processor.py:914} INFO - Processing file /home/airflow/.local/lib/python3.12/site-packages/airflow/example_dags/example_branch_labels.py for tasks to queue
[2025-02-19T03:54:56.161+0000] {logging_mixin.py:190} INFO - [2025-02-19T03:54:56.161+0000] {dagbag.py:588} INFO - Filling up the DagBag from /home/airflow/.local/lib/python3.12/site-packages/airflow/example_dags/example_branch_labels.py
[2025-02-19T03:54:56.176+0000] {processor.py:925} INFO - DAG(s) 'example_branch_labels' retrieved from /home/airflow/.local/lib/python3.12/site-packages/airflow/example_dags/example_branch_labels.py
[2025-02-19T03:54:56.203+0000] {logging_mixin.py:190} INFO - [2025-02-19T03:54:56.202+0000] {dag.py:3239} INFO - Sync 1 DAGs
[2025-02-19T03:54:56.232+0000] {logging_mixin.py:190} INFO - [2025-02-19T03:54:56.232+0000] {dag.py:4180} INFO - Setting next_dagrun for example_branch_labels to 2025-02-18 00:00:00+00:00, run_after=2025-02-19 00:00:00+00:00
[2025-02-19T03:54:56.256+0000] {processor.py:208} INFO - Processing /home/airflow/.local/lib/python3.12/site-packages/airflow/example_dags/example_branch_labels.py took 0.104 seconds
[2025-02-19T03:55:26.664+0000] {processor.py:186} INFO - Started process (PID=592) to work on /home/airflow/.local/lib/python3.12/site-packages/airflow/example_dags/example_branch_labels.py
[2025-02-19T03:55:26.665+0000] {processor.py:914} INFO - Processing file /home/airflow/.local/lib/python3.12/site-packages/airflow/example_dags/example_branch_labels.py for tasks to queue
[2025-02-19T03:55:26.667+0000] {logging_mixin.py:190} INFO - [2025-02-19T03:55:26.667+0000] {dagbag.py:588} INFO - Filling up the DagBag from /home/airflow/.local/lib/python3.12/site-packages/airflow/example_dags/example_branch_labels.py
[2025-02-19T03:55:26.679+0000] {processor.py:925} INFO - DAG(s) 'example_branch_labels' retrieved from /home/airflow/.local/lib/python3.12/site-packages/airflow/example_dags/example_branch_labels.py
[2025-02-19T03:55:26.702+0000] {logging_mixin.py:190} INFO - [2025-02-19T03:55:26.701+0000] {dag.py:3239} INFO - Sync 1 DAGs
[2025-02-19T03:55:26.729+0000] {logging_mixin.py:190} INFO - [2025-02-19T03:55:26.728+0000] {dag.py:4180} INFO - Setting next_dagrun for example_branch_labels to 2025-02-18 00:00:00+00:00, run_after=2025-02-19 00:00:00+00:00
[2025-02-19T03:55:26.759+0000] {processor.py:208} INFO - Processing /home/airflow/.local/lib/python3.12/site-packages/airflow/example_dags/example_branch_labels.py took 0.100 seconds
[2025-02-19T03:55:56.937+0000] {processor.py:186} INFO - Started process (PID=660) to work on /home/airflow/.local/lib/python3.12/site-packages/airflow/example_dags/example_branch_labels.py
[2025-02-19T03:55:56.938+0000] {processor.py:914} INFO - Processing file /home/airflow/.local/lib/python3.12/site-packages/airflow/example_dags/example_branch_labels.py for tasks to queue
[2025-02-19T03:55:56.939+0000] {logging_mixin.py:190} INFO - [2025-02-19T03:55:56.939+0000] {dagbag.py:588} INFO - Filling up the DagBag from /home/airflow/.local/lib/python3.12/site-packages/airflow/example_dags/example_branch_labels.py
[2025-02-19T03:55:56.950+0000] {processor.py:925} INFO - DAG(s) 'example_branch_labels' retrieved from /home/airflow/.local/lib/python3.12/site-packages/airflow/example_dags/example_branch_labels.py
[2025-02-19T03:55:56.974+0000] {logging_mixin.py:190} INFO - [2025-02-19T03:55:56.974+0000] {dag.py:3239} INFO - Sync 1 DAGs
[2025-02-19T03:55:57.001+0000] {logging_mixin.py:190} INFO - [2025-02-19T03:55:57.001+0000] {dag.py:4180} INFO - Setting next_dagrun for example_branch_labels to 2025-02-18 00:00:00+00:00, run_after=2025-02-19 00:00:00+00:00
[2025-02-19T03:55:57.030+0000] {processor.py:208} INFO - Processing /home/airflow/.local/lib/python3.12/site-packages/airflow/example_dags/example_branch_labels.py took 0.098 seconds
[2025-02-19T03:56:27.349+0000] {processor.py:186} INFO - Started process (PID=724) to work on /home/airflow/.local/lib/python3.12/site-packages/airflow/example_dags/example_branch_labels.py
[2025-02-19T03:56:27.350+0000] {processor.py:914} INFO - Processing file /home/airflow/.local/lib/python3.12/site-packages/airflow/example_dags/example_branch_labels.py for tasks to queue
[2025-02-19T03:56:27.352+0000] {logging_mixin.py:190} INFO - [2025-02-19T03:56:27.351+0000] {dagbag.py:588} INFO - Filling up the DagBag from /home/airflow/.local/lib/python3.12/site-packages/airflow/example_dags/example_branch_labels.py
[2025-02-19T03:56:27.364+0000] {processor.py:925} INFO - DAG(s) 'example_branch_labels' retrieved from /home/airflow/.local/lib/python3.12/site-packages/airflow/example_dags/example_branch_labels.py
[2025-02-19T03:56:27.390+0000] {logging_mixin.py:190} INFO - [2025-02-19T03:56:27.389+0000] {dag.py:3239} INFO - Sync 1 DAGs
[2025-02-19T03:56:27.416+0000] {logging_mixin.py:190} INFO - [2025-02-19T03:56:27.416+0000] {dag.py:4180} INFO - Setting next_dagrun for example_branch_labels to 2025-02-18 00:00:00+00:00, run_after=2025-02-19 00:00:00+00:00
[2025-02-19T03:56:27.441+0000] {processor.py:208} INFO - Processing /home/airflow/.local/lib/python3.12/site-packages/airflow/example_dags/example_branch_labels.py took 0.098 seconds
[2025-02-19T03:56:58.033+0000] {processor.py:186} INFO - Started process (PID=788) to work on /home/airflow/.local/lib/python3.12/site-packages/airflow/example_dags/example_branch_labels.py
[2025-02-19T03:56:58.034+0000] {processor.py:914} INFO - Processing file /home/airflow/.local/lib/python3.12/site-packages/airflow/example_dags/example_branch_labels.py for tasks to queue
[2025-02-19T03:56:58.036+0000] {logging_mixin.py:190} INFO - [2025-02-19T03:56:58.036+0000] {dagbag.py:588} INFO - Filling up the DagBag from /home/airflow/.local/lib/python3.12/site-packages/airflow/example_dags/example_branch_labels.py
[2025-02-19T03:56:58.051+0000] {processor.py:925} INFO - DAG(s) 'example_branch_labels' retrieved from /home/airflow/.local/lib/python3.12/site-packages/airflow/example_dags/example_branch_labels.py
[2025-02-19T03:56:58.087+0000] {logging_mixin.py:190} INFO - [2025-02-19T03:56:58.087+0000] {dag.py:3239} INFO - Sync 1 DAGs
[2025-02-19T03:56:58.154+0000] {logging_mixin.py:190} INFO - [2025-02-19T03:56:58.145+0000] {dag.py:4180} INFO - Setting next_dagrun for example_branch_labels to 2025-02-18 00:00:00+00:00, run_after=2025-02-19 00:00:00+00:00
[2025-02-19T03:56:58.242+0000] {processor.py:208} INFO - Processing /home/airflow/.local/lib/python3.12/site-packages/airflow/example_dags/example_branch_labels.py took 0.216 seconds
[2025-02-19T03:57:28.835+0000] {processor.py:186} INFO - Started process (PID=852) to work on /home/airflow/.local/lib/python3.12/site-packages/airflow/example_dags/example_branch_labels.py
[2025-02-19T03:57:28.836+0000] {processor.py:914} INFO - Processing file /home/airflow/.local/lib/python3.12/site-packages/airflow/example_dags/example_branch_labels.py for tasks to queue
[2025-02-19T03:57:28.837+0000] {logging_mixin.py:190} INFO - [2025-02-19T03:57:28.837+0000] {dagbag.py:588} INFO - Filling up the DagBag from /home/airflow/.local/lib/python3.12/site-packages/airflow/example_dags/example_branch_labels.py
[2025-02-19T03:57:28.847+0000] {processor.py:925} INFO - DAG(s) 'example_branch_labels' retrieved from /home/airflow/.local/lib/python3.12/site-packages/airflow/example_dags/example_branch_labels.py
[2025-02-19T03:57:28.870+0000] {logging_mixin.py:190} INFO - [2025-02-19T03:57:28.870+0000] {dag.py:3239} INFO - Sync 1 DAGs
[2025-02-19T03:57:28.896+0000] {logging_mixin.py:190} INFO - [2025-02-19T03:57:28.896+0000] {dag.py:4180} INFO - Setting next_dagrun for example_branch_labels to 2025-02-18 00:00:00+00:00, run_after=2025-02-19 00:00:00+00:00
[2025-02-19T03:57:28.921+0000] {processor.py:208} INFO - Processing /home/airflow/.local/lib/python3.12/site-packages/airflow/example_dags/example_branch_labels.py took 0.091 seconds
[2025-02-19T03:57:59.614+0000] {processor.py:186} INFO - Started process (PID=916) to work on /home/airflow/.local/lib/python3.12/site-packages/airflow/example_dags/example_branch_labels.py
[2025-02-19T03:57:59.614+0000] {processor.py:914} INFO - Processing file /home/airflow/.local/lib/python3.12/site-packages/airflow/example_dags/example_branch_labels.py for tasks to queue
[2025-02-19T03:57:59.616+0000] {logging_mixin.py:190} INFO - [2025-02-19T03:57:59.615+0000] {dagbag.py:588} INFO - Filling up the DagBag from /home/airflow/.local/lib/python3.12/site-packages/airflow/example_dags/example_branch_labels.py
[2025-02-19T03:57:59.626+0000] {processor.py:925} INFO - DAG(s) 'example_branch_labels' retrieved from /home/airflow/.local/lib/python3.12/site-packages/airflow/example_dags/example_branch_labels.py
[2025-02-19T03:57:59.648+0000] {logging_mixin.py:190} INFO - [2025-02-19T03:57:59.648+0000] {dag.py:3239} INFO - Sync 1 DAGs
[2025-02-19T03:57:59.673+0000] {logging_mixin.py:190} INFO - [2025-02-19T03:57:59.673+0000] {dag.py:4180} INFO - Setting next_dagrun for example_branch_labels to 2025-02-18 00:00:00+00:00, run_after=2025-02-19 00:00:00+00:00
[2025-02-19T03:57:59.702+0000] {processor.py:208} INFO - Processing /home/airflow/.local/lib/python3.12/site-packages/airflow/example_dags/example_branch_labels.py took 0.096 seconds
[2025-02-19T03:58:30.402+0000] {processor.py:186} INFO - Started process (PID=980) to work on /home/airflow/.local/lib/python3.12/site-packages/airflow/example_dags/example_branch_labels.py
[2025-02-19T03:58:30.403+0000] {processor.py:914} INFO - Processing file /home/airflow/.local/lib/python3.12/site-packages/airflow/example_dags/example_branch_labels.py for tasks to queue
[2025-02-19T03:58:30.404+0000] {logging_mixin.py:190} INFO - [2025-02-19T03:58:30.404+0000] {dagbag.py:588} INFO - Filling up the DagBag from /home/airflow/.local/lib/python3.12/site-packages/airflow/example_dags/example_branch_labels.py
[2025-02-19T03:58:30.415+0000] {processor.py:925} INFO - DAG(s) 'example_branch_labels' retrieved from /home/airflow/.local/lib/python3.12/site-packages/airflow/example_dags/example_branch_labels.py
[2025-02-19T03:58:30.440+0000] {logging_mixin.py:190} INFO - [2025-02-19T03:58:30.440+0000] {dag.py:3239} INFO - Sync 1 DAGs
[2025-02-19T03:58:30.469+0000] {logging_mixin.py:190} INFO - [2025-02-19T03:58:30.469+0000] {dag.py:4180} INFO - Setting next_dagrun for example_branch_labels to 2025-02-18 00:00:00+00:00, run_after=2025-02-19 00:00:00+00:00
[2025-02-19T03:58:30.494+0000] {processor.py:208} INFO - Processing /home/airflow/.local/lib/python3.12/site-packages/airflow/example_dags/example_branch_labels.py took 0.098 seconds
[2025-02-19T03:59:00.544+0000] {processor.py:186} INFO - Started process (PID=1042) to work on /home/airflow/.local/lib/python3.12/site-packages/airflow/example_dags/example_branch_labels.py
[2025-02-19T03:59:00.545+0000] {processor.py:914} INFO - Processing file /home/airflow/.local/lib/python3.12/site-packages/airflow/example_dags/example_branch_labels.py for tasks to queue
[2025-02-19T03:59:00.547+0000] {logging_mixin.py:190} INFO - [2025-02-19T03:59:00.547+0000] {dagbag.py:588} INFO - Filling up the DagBag from /home/airflow/.local/lib/python3.12/site-packages/airflow/example_dags/example_branch_labels.py
[2025-02-19T03:59:00.557+0000] {processor.py:925} INFO - DAG(s) 'example_branch_labels' retrieved from /home/airflow/.local/lib/python3.12/site-packages/airflow/example_dags/example_branch_labels.py
[2025-02-19T03:59:00.581+0000] {logging_mixin.py:190} INFO - [2025-02-19T03:59:00.580+0000] {dag.py:3239} INFO - Sync 1 DAGs
[2025-02-19T03:59:00.606+0000] {logging_mixin.py:190} INFO - [2025-02-19T03:59:00.606+0000] {dag.py:4180} INFO - Setting next_dagrun for example_branch_labels to 2025-02-18 00:00:00+00:00, run_after=2025-02-19 00:00:00+00:00
[2025-02-19T03:59:00.632+0000] {processor.py:208} INFO - Processing /home/airflow/.local/lib/python3.12/site-packages/airflow/example_dags/example_branch_labels.py took 0.094 seconds
[2025-02-19T03:59:30.892+0000] {processor.py:186} INFO - Started process (PID=1106) to work on /home/airflow/.local/lib/python3.12/site-packages/airflow/example_dags/example_branch_labels.py
[2025-02-19T03:59:30.893+0000] {processor.py:914} INFO - Processing file /home/airflow/.local/lib/python3.12/site-packages/airflow/example_dags/example_branch_labels.py for tasks to queue
[2025-02-19T03:59:30.895+0000] {logging_mixin.py:190} INFO - [2025-02-19T03:59:30.895+0000] {dagbag.py:588} INFO - Filling up the DagBag from /home/airflow/.local/lib/python3.12/site-packages/airflow/example_dags/example_branch_labels.py
[2025-02-19T03:59:30.904+0000] {processor.py:925} INFO - DAG(s) 'example_branch_labels' retrieved from /home/airflow/.local/lib/python3.12/site-packages/airflow/example_dags/example_branch_labels.py
[2025-02-19T03:59:30.929+0000] {logging_mixin.py:190} INFO - [2025-02-19T03:59:30.929+0000] {dag.py:3239} INFO - Sync 1 DAGs
[2025-02-19T03:59:30.955+0000] {logging_mixin.py:190} INFO - [2025-02-19T03:59:30.955+0000] {dag.py:4180} INFO - Setting next_dagrun for example_branch_labels to 2025-02-18 00:00:00+00:00, run_after=2025-02-19 00:00:00+00:00
[2025-02-19T03:59:30.978+0000] {processor.py:208} INFO - Processing /home/airflow/.local/lib/python3.12/site-packages/airflow/example_dags/example_branch_labels.py took 0.093 seconds
[2025-02-19T04:00:01.079+0000] {processor.py:186} INFO - Started process (PID=1170) to work on /home/airflow/.local/lib/python3.12/site-packages/airflow/example_dags/example_branch_labels.py
[2025-02-19T04:00:01.080+0000] {processor.py:914} INFO - Processing file /home/airflow/.local/lib/python3.12/site-packages/airflow/example_dags/example_branch_labels.py for tasks to queue
[2025-02-19T04:00:01.082+0000] {logging_mixin.py:190} INFO - [2025-02-19T04:00:01.081+0000] {dagbag.py:588} INFO - Filling up the DagBag from /home/airflow/.local/lib/python3.12/site-packages/airflow/example_dags/example_branch_labels.py
[2025-02-19T04:00:01.091+0000] {processor.py:925} INFO - DAG(s) 'example_branch_labels' retrieved from /home/airflow/.local/lib/python3.12/site-packages/airflow/example_dags/example_branch_labels.py
[2025-02-19T04:00:01.114+0000] {logging_mixin.py:190} INFO - [2025-02-19T04:00:01.114+0000] {dag.py:3239} INFO - Sync 1 DAGs
[2025-02-19T04:00:01.136+0000] {logging_mixin.py:190} INFO - [2025-02-19T04:00:01.136+0000] {dag.py:4180} INFO - Setting next_dagrun for example_branch_labels to 2025-02-18 00:00:00+00:00, run_after=2025-02-19 00:00:00+00:00
[2025-02-19T04:00:01.158+0000] {processor.py:208} INFO - Processing /home/airflow/.local/lib/python3.12/site-packages/airflow/example_dags/example_branch_labels.py took 0.085 seconds
[2025-02-19T04:00:31.292+0000] {processor.py:186} INFO - Started process (PID=1235) to work on /home/airflow/.local/lib/python3.12/site-packages/airflow/example_dags/example_branch_labels.py
[2025-02-19T04:00:31.293+0000] {processor.py:914} INFO - Processing file /home/airflow/.local/lib/python3.12/site-packages/airflow/example_dags/example_branch_labels.py for tasks to queue
[2025-02-19T04:00:31.294+0000] {logging_mixin.py:190} INFO - [2025-02-19T04:00:31.294+0000] {dagbag.py:588} INFO - Filling up the DagBag from /home/airflow/.local/lib/python3.12/site-packages/airflow/example_dags/example_branch_labels.py
[2025-02-19T04:00:31.304+0000] {processor.py:925} INFO - DAG(s) 'example_branch_labels' retrieved from /home/airflow/.local/lib/python3.12/site-packages/airflow/example_dags/example_branch_labels.py
[2025-02-19T04:00:31.326+0000] {logging_mixin.py:190} INFO - [2025-02-19T04:00:31.326+0000] {dag.py:3239} INFO - Sync 1 DAGs
[2025-02-19T04:00:31.349+0000] {logging_mixin.py:190} INFO - [2025-02-19T04:00:31.349+0000] {dag.py:4180} INFO - Setting next_dagrun for example_branch_labels to 2025-02-18 00:00:00+00:00, run_after=2025-02-19 00:00:00+00:00
[2025-02-19T04:00:31.369+0000] {processor.py:208} INFO - Processing /home/airflow/.local/lib/python3.12/site-packages/airflow/example_dags/example_branch_labels.py took 0.082 seconds
[2025-02-19T04:01:01.525+0000] {processor.py:186} INFO - Started process (PID=1299) to work on /home/airflow/.local/lib/python3.12/site-packages/airflow/example_dags/example_branch_labels.py
[2025-02-19T04:01:01.526+0000] {processor.py:914} INFO - Processing file /home/airflow/.local/lib/python3.12/site-packages/airflow/example_dags/example_branch_labels.py for tasks to queue
[2025-02-19T04:01:01.527+0000] {logging_mixin.py:190} INFO - [2025-02-19T04:01:01.527+0000] {dagbag.py:588} INFO - Filling up the DagBag from /home/airflow/.local/lib/python3.12/site-packages/airflow/example_dags/example_branch_labels.py
[2025-02-19T04:01:01.537+0000] {processor.py:925} INFO - DAG(s) 'example_branch_labels' retrieved from /home/airflow/.local/lib/python3.12/site-packages/airflow/example_dags/example_branch_labels.py
[2025-02-19T04:01:01.560+0000] {logging_mixin.py:190} INFO - [2025-02-19T04:01:01.559+0000] {dag.py:3239} INFO - Sync 1 DAGs
[2025-02-19T04:01:01.582+0000] {logging_mixin.py:190} INFO - [2025-02-19T04:01:01.582+0000] {dag.py:4180} INFO - Setting next_dagrun for example_branch_labels to 2025-02-18 00:00:00+00:00, run_after=2025-02-19 00:00:00+00:00
[2025-02-19T04:01:01.603+0000] {processor.py:208} INFO - Processing /home/airflow/.local/lib/python3.12/site-packages/airflow/example_dags/example_branch_labels.py took 0.086 seconds
[2025-02-19T04:01:31.896+0000] {processor.py:186} INFO - Started process (PID=1362) to work on /home/airflow/.local/lib/python3.12/site-packages/airflow/example_dags/example_branch_labels.py
[2025-02-19T04:01:31.897+0000] {processor.py:914} INFO - Processing file /home/airflow/.local/lib/python3.12/site-packages/airflow/example_dags/example_branch_labels.py for tasks to queue
[2025-02-19T04:01:31.898+0000] {logging_mixin.py:190} INFO - [2025-02-19T04:01:31.898+0000] {dagbag.py:588} INFO - Filling up the DagBag from /home/airflow/.local/lib/python3.12/site-packages/airflow/example_dags/example_branch_labels.py
[2025-02-19T04:01:31.911+0000] {processor.py:925} INFO - DAG(s) 'example_branch_labels' retrieved from /home/airflow/.local/lib/python3.12/site-packages/airflow/example_dags/example_branch_labels.py
[2025-02-19T04:01:31.939+0000] {logging_mixin.py:190} INFO - [2025-02-19T04:01:31.938+0000] {dag.py:3239} INFO - Sync 1 DAGs
[2025-02-19T04:01:31.978+0000] {logging_mixin.py:190} INFO - [2025-02-19T04:01:31.977+0000] {dag.py:4180} INFO - Setting next_dagrun for example_branch_labels to 2025-02-18 00:00:00+00:00, run_after=2025-02-19 00:00:00+00:00
[2025-02-19T04:01:32.005+0000] {processor.py:208} INFO - Processing /home/airflow/.local/lib/python3.12/site-packages/airflow/example_dags/example_branch_labels.py took 0.115 seconds
