[2025-02-19T03:51:29.822+0000] {processor.py:186} INFO - Started process (PID=99) to work on /home/airflow/.local/lib/python3.12/site-packages/airflow/example_dags/example_subdag_operator.py
[2025-02-19T03:51:29.823+0000] {processor.py:914} INFO - Processing file /home/airflow/.local/lib/python3.12/site-packages/airflow/example_dags/example_subdag_operator.py for tasks to queue
[2025-02-19T03:51:29.824+0000] {logging_mixin.py:190} INFO - [2025-02-19T03:51:29.824+0000] {dagbag.py:588} INFO - Filling up the DagBag from /home/airflow/.local/lib/python3.12/site-packages/airflow/example_dags/example_subdag_operator.py
[2025-02-19T03:51:29.868+0000] {processor.py:925} INFO - DAG(s) 'example_subdag_operator.section-1', 'example_subdag_operator.section-2', 'example_subdag_operator' retrieved from /home/airflow/.local/lib/python3.12/site-packages/airflow/example_dags/example_subdag_operator.py
[2025-02-19T03:51:30.022+0000] {logging_mixin.py:190} INFO - [2025-02-19T03:51:30.020+0000] {override.py:1911} INFO - Created Permission View: can read on DAG:example_subdag_operator
[2025-02-19T03:51:30.035+0000] {logging_mixin.py:190} INFO - [2025-02-19T03:51:30.035+0000] {override.py:1911} INFO - Created Permission View: can delete on DAG:example_subdag_operator
[2025-02-19T03:51:30.046+0000] {logging_mixin.py:190} INFO - [2025-02-19T03:51:30.046+0000] {override.py:1911} INFO - Created Permission View: can edit on DAG:example_subdag_operator
[2025-02-19T03:51:30.059+0000] {logging_mixin.py:190} INFO - [2025-02-19T03:51:30.059+0000] {override.py:1911} INFO - Created Permission View: can read on DAG Run:example_subdag_operator
[2025-02-19T03:51:30.069+0000] {logging_mixin.py:190} INFO - [2025-02-19T03:51:30.069+0000] {override.py:1911} INFO - Created Permission View: can delete on DAG Run:example_subdag_operator
[2025-02-19T03:51:30.078+0000] {logging_mixin.py:190} INFO - [2025-02-19T03:51:30.078+0000] {override.py:1911} INFO - Created Permission View: can create on DAG Run:example_subdag_operator
[2025-02-19T03:51:30.089+0000] {logging_mixin.py:190} INFO - [2025-02-19T03:51:30.088+0000] {override.py:1911} INFO - Created Permission View: menu access on DAG Run:example_subdag_operator
[2025-02-19T03:51:30.090+0000] {logging_mixin.py:190} INFO - [2025-02-19T03:51:30.089+0000] {dag.py:3239} INFO - Sync 3 DAGs
[2025-02-19T03:51:30.105+0000] {logging_mixin.py:190} INFO - [2025-02-19T03:51:30.105+0000] {dag.py:3262} INFO - Creating ORM DAG for example_subdag_operator
[2025-02-19T03:51:30.106+0000] {logging_mixin.py:190} INFO - [2025-02-19T03:51:30.106+0000] {dag.py:3262} INFO - Creating ORM DAG for example_subdag_operator.section-1
[2025-02-19T03:51:30.107+0000] {logging_mixin.py:190} INFO - [2025-02-19T03:51:30.107+0000] {dag.py:3262} INFO - Creating ORM DAG for example_subdag_operator.section-2
[2025-02-19T03:51:30.119+0000] {logging_mixin.py:190} INFO - [2025-02-19T03:51:30.119+0000] {dag.py:4180} INFO - Setting next_dagrun for example_subdag_operator to 2022-01-01 00:00:00+00:00, run_after=2022-01-01 00:00:00+00:00
[2025-02-19T03:51:30.120+0000] {logging_mixin.py:190} INFO - [2025-02-19T03:51:30.120+0000] {dag.py:4180} INFO - Setting next_dagrun for example_subdag_operator.section-1 to None, run_after=None
[2025-02-19T03:51:30.121+0000] {logging_mixin.py:190} INFO - [2025-02-19T03:51:30.121+0000] {dag.py:4180} INFO - Setting next_dagrun for example_subdag_operator.section-2 to None, run_after=None
[2025-02-19T03:51:30.133+0000] {logging_mixin.py:190} INFO - [2025-02-19T03:51:30.133+0000] {dag.py:3239} INFO - Sync 2 DAGs
[2025-02-19T03:51:30.142+0000] {logging_mixin.py:190} INFO - [2025-02-19T03:51:30.141+0000] {dag.py:4180} INFO - Setting next_dagrun for example_subdag_operator.section-1 to None, run_after=None
[2025-02-19T03:51:30.147+0000] {logging_mixin.py:190} INFO - [2025-02-19T03:51:30.146+0000] {dag.py:4180} INFO - Setting next_dagrun for example_subdag_operator.section-2 to None, run_after=None
[2025-02-19T03:51:30.167+0000] {processor.py:208} INFO - Processing /home/airflow/.local/lib/python3.12/site-packages/airflow/example_dags/example_subdag_operator.py took 0.352 seconds
[2025-02-19T03:52:01.118+0000] {processor.py:186} INFO - Started process (PID=163) to work on /home/airflow/.local/lib/python3.12/site-packages/airflow/example_dags/example_subdag_operator.py
[2025-02-19T03:52:01.119+0000] {processor.py:914} INFO - Processing file /home/airflow/.local/lib/python3.12/site-packages/airflow/example_dags/example_subdag_operator.py for tasks to queue
[2025-02-19T03:52:01.122+0000] {logging_mixin.py:190} INFO - [2025-02-19T03:52:01.122+0000] {dagbag.py:588} INFO - Filling up the DagBag from /home/airflow/.local/lib/python3.12/site-packages/airflow/example_dags/example_subdag_operator.py
[2025-02-19T03:52:01.164+0000] {processor.py:925} INFO - DAG(s) 'example_subdag_operator.section-1', 'example_subdag_operator.section-2', 'example_subdag_operator' retrieved from /home/airflow/.local/lib/python3.12/site-packages/airflow/example_dags/example_subdag_operator.py
[2025-02-19T03:52:01.192+0000] {logging_mixin.py:190} INFO - [2025-02-19T03:52:01.191+0000] {dag.py:3239} INFO - Sync 3 DAGs
[2025-02-19T03:52:01.231+0000] {logging_mixin.py:190} INFO - [2025-02-19T03:52:01.231+0000] {dag.py:4180} INFO - Setting next_dagrun for example_subdag_operator to 2022-01-01 00:00:00+00:00, run_after=2022-01-01 00:00:00+00:00
[2025-02-19T03:52:01.237+0000] {logging_mixin.py:190} INFO - [2025-02-19T03:52:01.236+0000] {dag.py:4180} INFO - Setting next_dagrun for example_subdag_operator.section-1 to None, run_after=None
[2025-02-19T03:52:01.239+0000] {logging_mixin.py:190} INFO - [2025-02-19T03:52:01.238+0000] {dag.py:4180} INFO - Setting next_dagrun for example_subdag_operator.section-2 to None, run_after=None
[2025-02-19T03:52:01.249+0000] {logging_mixin.py:190} INFO - [2025-02-19T03:52:01.249+0000] {dag.py:3239} INFO - Sync 2 DAGs
[2025-02-19T03:52:01.256+0000] {logging_mixin.py:190} INFO - [2025-02-19T03:52:01.256+0000] {dag.py:4180} INFO - Setting next_dagrun for example_subdag_operator.section-1 to None, run_after=None
[2025-02-19T03:52:01.257+0000] {logging_mixin.py:190} INFO - [2025-02-19T03:52:01.257+0000] {dag.py:4180} INFO - Setting next_dagrun for example_subdag_operator.section-2 to None, run_after=None
[2025-02-19T03:52:01.280+0000] {processor.py:208} INFO - Processing /home/airflow/.local/lib/python3.12/site-packages/airflow/example_dags/example_subdag_operator.py took 0.172 seconds
[2025-02-19T03:52:31.443+0000] {processor.py:186} INFO - Started process (PID=226) to work on /home/airflow/.local/lib/python3.12/site-packages/airflow/example_dags/example_subdag_operator.py
[2025-02-19T03:52:31.444+0000] {processor.py:914} INFO - Processing file /home/airflow/.local/lib/python3.12/site-packages/airflow/example_dags/example_subdag_operator.py for tasks to queue
[2025-02-19T03:52:31.446+0000] {logging_mixin.py:190} INFO - [2025-02-19T03:52:31.446+0000] {dagbag.py:588} INFO - Filling up the DagBag from /home/airflow/.local/lib/python3.12/site-packages/airflow/example_dags/example_subdag_operator.py
[2025-02-19T03:52:31.486+0000] {processor.py:925} INFO - DAG(s) 'example_subdag_operator.section-1', 'example_subdag_operator.section-2', 'example_subdag_operator' retrieved from /home/airflow/.local/lib/python3.12/site-packages/airflow/example_dags/example_subdag_operator.py
[2025-02-19T03:52:31.507+0000] {logging_mixin.py:190} INFO - [2025-02-19T03:52:31.507+0000] {dag.py:3239} INFO - Sync 3 DAGs
[2025-02-19T03:52:31.539+0000] {logging_mixin.py:190} INFO - [2025-02-19T03:52:31.538+0000] {dag.py:4180} INFO - Setting next_dagrun for example_subdag_operator to 2022-01-01 00:00:00+00:00, run_after=2022-01-01 00:00:00+00:00
[2025-02-19T03:52:31.544+0000] {logging_mixin.py:190} INFO - [2025-02-19T03:52:31.543+0000] {dag.py:4180} INFO - Setting next_dagrun for example_subdag_operator.section-1 to None, run_after=None
[2025-02-19T03:52:31.546+0000] {logging_mixin.py:190} INFO - [2025-02-19T03:52:31.546+0000] {dag.py:4180} INFO - Setting next_dagrun for example_subdag_operator.section-2 to None, run_after=None
[2025-02-19T03:52:31.555+0000] {logging_mixin.py:190} INFO - [2025-02-19T03:52:31.555+0000] {dag.py:3239} INFO - Sync 2 DAGs
[2025-02-19T03:52:31.562+0000] {logging_mixin.py:190} INFO - [2025-02-19T03:52:31.562+0000] {dag.py:4180} INFO - Setting next_dagrun for example_subdag_operator.section-1 to None, run_after=None
[2025-02-19T03:52:31.563+0000] {logging_mixin.py:190} INFO - [2025-02-19T03:52:31.563+0000] {dag.py:4180} INFO - Setting next_dagrun for example_subdag_operator.section-2 to None, run_after=None
[2025-02-19T03:52:31.579+0000] {processor.py:208} INFO - Processing /home/airflow/.local/lib/python3.12/site-packages/airflow/example_dags/example_subdag_operator.py took 0.145 seconds
[2025-02-19T03:53:02.531+0000] {processor.py:186} INFO - Started process (PID=290) to work on /home/airflow/.local/lib/python3.12/site-packages/airflow/example_dags/example_subdag_operator.py
[2025-02-19T03:53:02.533+0000] {processor.py:914} INFO - Processing file /home/airflow/.local/lib/python3.12/site-packages/airflow/example_dags/example_subdag_operator.py for tasks to queue
[2025-02-19T03:53:02.535+0000] {logging_mixin.py:190} INFO - [2025-02-19T03:53:02.535+0000] {dagbag.py:588} INFO - Filling up the DagBag from /home/airflow/.local/lib/python3.12/site-packages/airflow/example_dags/example_subdag_operator.py
[2025-02-19T03:53:02.607+0000] {processor.py:925} INFO - DAG(s) 'example_subdag_operator.section-1', 'example_subdag_operator.section-2', 'example_subdag_operator' retrieved from /home/airflow/.local/lib/python3.12/site-packages/airflow/example_dags/example_subdag_operator.py
[2025-02-19T03:53:02.643+0000] {logging_mixin.py:190} INFO - [2025-02-19T03:53:02.643+0000] {dag.py:3239} INFO - Sync 3 DAGs
[2025-02-19T03:53:02.684+0000] {logging_mixin.py:190} INFO - [2025-02-19T03:53:02.684+0000] {dag.py:4180} INFO - Setting next_dagrun for example_subdag_operator to 2022-01-01 00:00:00+00:00, run_after=2022-01-01 00:00:00+00:00
[2025-02-19T03:53:02.689+0000] {logging_mixin.py:190} INFO - [2025-02-19T03:53:02.689+0000] {dag.py:4180} INFO - Setting next_dagrun for example_subdag_operator.section-1 to None, run_after=None
[2025-02-19T03:53:02.691+0000] {logging_mixin.py:190} INFO - [2025-02-19T03:53:02.691+0000] {dag.py:4180} INFO - Setting next_dagrun for example_subdag_operator.section-2 to None, run_after=None
[2025-02-19T03:53:02.702+0000] {logging_mixin.py:190} INFO - [2025-02-19T03:53:02.702+0000] {dag.py:3239} INFO - Sync 2 DAGs
[2025-02-19T03:53:02.709+0000] {logging_mixin.py:190} INFO - [2025-02-19T03:53:02.709+0000] {dag.py:4180} INFO - Setting next_dagrun for example_subdag_operator.section-1 to None, run_after=None
[2025-02-19T03:53:02.710+0000] {logging_mixin.py:190} INFO - [2025-02-19T03:53:02.710+0000] {dag.py:4180} INFO - Setting next_dagrun for example_subdag_operator.section-2 to None, run_after=None
[2025-02-19T03:53:02.728+0000] {processor.py:208} INFO - Processing /home/airflow/.local/lib/python3.12/site-packages/airflow/example_dags/example_subdag_operator.py took 0.208 seconds
[2025-02-19T03:53:33.428+0000] {processor.py:186} INFO - Started process (PID=358) to work on /home/airflow/.local/lib/python3.12/site-packages/airflow/example_dags/example_subdag_operator.py
[2025-02-19T03:53:33.429+0000] {processor.py:914} INFO - Processing file /home/airflow/.local/lib/python3.12/site-packages/airflow/example_dags/example_subdag_operator.py for tasks to queue
[2025-02-19T03:53:33.432+0000] {logging_mixin.py:190} INFO - [2025-02-19T03:53:33.431+0000] {dagbag.py:588} INFO - Filling up the DagBag from /home/airflow/.local/lib/python3.12/site-packages/airflow/example_dags/example_subdag_operator.py
[2025-02-19T03:53:33.480+0000] {processor.py:925} INFO - DAG(s) 'example_subdag_operator.section-1', 'example_subdag_operator.section-2', 'example_subdag_operator' retrieved from /home/airflow/.local/lib/python3.12/site-packages/airflow/example_dags/example_subdag_operator.py
[2025-02-19T03:53:33.514+0000] {logging_mixin.py:190} INFO - [2025-02-19T03:53:33.513+0000] {dag.py:3239} INFO - Sync 3 DAGs
[2025-02-19T03:53:33.560+0000] {logging_mixin.py:190} INFO - [2025-02-19T03:53:33.559+0000] {dag.py:4180} INFO - Setting next_dagrun for example_subdag_operator to 2022-01-01 00:00:00+00:00, run_after=2022-01-01 00:00:00+00:00
[2025-02-19T03:53:33.569+0000] {logging_mixin.py:190} INFO - [2025-02-19T03:53:33.568+0000] {dag.py:4180} INFO - Setting next_dagrun for example_subdag_operator.section-1 to None, run_after=None
[2025-02-19T03:53:33.572+0000] {logging_mixin.py:190} INFO - [2025-02-19T03:53:33.572+0000] {dag.py:4180} INFO - Setting next_dagrun for example_subdag_operator.section-2 to None, run_after=None
[2025-02-19T03:53:33.585+0000] {logging_mixin.py:190} INFO - [2025-02-19T03:53:33.585+0000] {dag.py:3239} INFO - Sync 2 DAGs
[2025-02-19T03:53:33.596+0000] {logging_mixin.py:190} INFO - [2025-02-19T03:53:33.595+0000] {dag.py:4180} INFO - Setting next_dagrun for example_subdag_operator.section-1 to None, run_after=None
[2025-02-19T03:53:33.597+0000] {logging_mixin.py:190} INFO - [2025-02-19T03:53:33.597+0000] {dag.py:4180} INFO - Setting next_dagrun for example_subdag_operator.section-2 to None, run_after=None
[2025-02-19T03:53:33.615+0000] {processor.py:208} INFO - Processing /home/airflow/.local/lib/python3.12/site-packages/airflow/example_dags/example_subdag_operator.py took 0.196 seconds
[2025-02-19T03:54:04.720+0000] {processor.py:186} INFO - Started process (PID=422) to work on /home/airflow/.local/lib/python3.12/site-packages/airflow/example_dags/example_subdag_operator.py
[2025-02-19T03:54:04.721+0000] {processor.py:914} INFO - Processing file /home/airflow/.local/lib/python3.12/site-packages/airflow/example_dags/example_subdag_operator.py for tasks to queue
[2025-02-19T03:54:04.724+0000] {logging_mixin.py:190} INFO - [2025-02-19T03:54:04.724+0000] {dagbag.py:588} INFO - Filling up the DagBag from /home/airflow/.local/lib/python3.12/site-packages/airflow/example_dags/example_subdag_operator.py
[2025-02-19T03:54:04.759+0000] {processor.py:925} INFO - DAG(s) 'example_subdag_operator.section-1', 'example_subdag_operator.section-2', 'example_subdag_operator' retrieved from /home/airflow/.local/lib/python3.12/site-packages/airflow/example_dags/example_subdag_operator.py
[2025-02-19T03:54:04.778+0000] {logging_mixin.py:190} INFO - [2025-02-19T03:54:04.778+0000] {dag.py:3239} INFO - Sync 3 DAGs
[2025-02-19T03:54:04.810+0000] {logging_mixin.py:190} INFO - [2025-02-19T03:54:04.810+0000] {dag.py:4180} INFO - Setting next_dagrun for example_subdag_operator to 2022-01-01 00:00:00+00:00, run_after=2022-01-01 00:00:00+00:00
[2025-02-19T03:54:04.815+0000] {logging_mixin.py:190} INFO - [2025-02-19T03:54:04.815+0000] {dag.py:4180} INFO - Setting next_dagrun for example_subdag_operator.section-1 to None, run_after=None
[2025-02-19T03:54:04.817+0000] {logging_mixin.py:190} INFO - [2025-02-19T03:54:04.817+0000] {dag.py:4180} INFO - Setting next_dagrun for example_subdag_operator.section-2 to None, run_after=None
[2025-02-19T03:54:04.828+0000] {logging_mixin.py:190} INFO - [2025-02-19T03:54:04.827+0000] {dag.py:3239} INFO - Sync 2 DAGs
[2025-02-19T03:54:04.834+0000] {logging_mixin.py:190} INFO - [2025-02-19T03:54:04.834+0000] {dag.py:4180} INFO - Setting next_dagrun for example_subdag_operator.section-1 to None, run_after=None
[2025-02-19T03:54:04.835+0000] {logging_mixin.py:190} INFO - [2025-02-19T03:54:04.835+0000] {dag.py:4180} INFO - Setting next_dagrun for example_subdag_operator.section-2 to None, run_after=None
[2025-02-19T03:54:04.851+0000] {processor.py:208} INFO - Processing /home/airflow/.local/lib/python3.12/site-packages/airflow/example_dags/example_subdag_operator.py took 0.137 seconds
[2025-02-19T03:54:37.015+0000] {processor.py:186} INFO - Started process (PID=486) to work on /home/airflow/.local/lib/python3.12/site-packages/airflow/example_dags/example_subdag_operator.py
[2025-02-19T03:54:37.018+0000] {processor.py:914} INFO - Processing file /home/airflow/.local/lib/python3.12/site-packages/airflow/example_dags/example_subdag_operator.py for tasks to queue
[2025-02-19T03:54:37.020+0000] {logging_mixin.py:190} INFO - [2025-02-19T03:54:37.020+0000] {dagbag.py:588} INFO - Filling up the DagBag from /home/airflow/.local/lib/python3.12/site-packages/airflow/example_dags/example_subdag_operator.py
[2025-02-19T03:54:37.192+0000] {processor.py:925} INFO - DAG(s) 'example_subdag_operator.section-1', 'example_subdag_operator.section-2', 'example_subdag_operator' retrieved from /home/airflow/.local/lib/python3.12/site-packages/airflow/example_dags/example_subdag_operator.py
[2025-02-19T03:54:37.312+0000] {logging_mixin.py:190} INFO - [2025-02-19T03:54:37.311+0000] {dag.py:3239} INFO - Sync 3 DAGs
[2025-02-19T03:54:37.441+0000] {logging_mixin.py:190} INFO - [2025-02-19T03:54:37.441+0000] {dag.py:4180} INFO - Setting next_dagrun for example_subdag_operator to 2022-01-01 00:00:00+00:00, run_after=2022-01-01 00:00:00+00:00
[2025-02-19T03:54:37.451+0000] {logging_mixin.py:190} INFO - [2025-02-19T03:54:37.450+0000] {dag.py:4180} INFO - Setting next_dagrun for example_subdag_operator.section-1 to None, run_after=None
[2025-02-19T03:54:37.457+0000] {logging_mixin.py:190} INFO - [2025-02-19T03:54:37.456+0000] {dag.py:4180} INFO - Setting next_dagrun for example_subdag_operator.section-2 to None, run_after=None
[2025-02-19T03:54:37.481+0000] {logging_mixin.py:190} INFO - [2025-02-19T03:54:37.481+0000] {dag.py:3239} INFO - Sync 2 DAGs
[2025-02-19T03:54:37.495+0000] {logging_mixin.py:190} INFO - [2025-02-19T03:54:37.495+0000] {dag.py:4180} INFO - Setting next_dagrun for example_subdag_operator.section-1 to None, run_after=None
[2025-02-19T03:54:37.496+0000] {logging_mixin.py:190} INFO - [2025-02-19T03:54:37.496+0000] {dag.py:4180} INFO - Setting next_dagrun for example_subdag_operator.section-2 to None, run_after=None
[2025-02-19T03:54:37.532+0000] {processor.py:208} INFO - Processing /home/airflow/.local/lib/python3.12/site-packages/airflow/example_dags/example_subdag_operator.py took 0.537 seconds
[2025-02-19T03:55:07.675+0000] {processor.py:186} INFO - Started process (PID=550) to work on /home/airflow/.local/lib/python3.12/site-packages/airflow/example_dags/example_subdag_operator.py
[2025-02-19T03:55:07.676+0000] {processor.py:914} INFO - Processing file /home/airflow/.local/lib/python3.12/site-packages/airflow/example_dags/example_subdag_operator.py for tasks to queue
[2025-02-19T03:55:07.678+0000] {logging_mixin.py:190} INFO - [2025-02-19T03:55:07.678+0000] {dagbag.py:588} INFO - Filling up the DagBag from /home/airflow/.local/lib/python3.12/site-packages/airflow/example_dags/example_subdag_operator.py
[2025-02-19T03:55:07.712+0000] {processor.py:925} INFO - DAG(s) 'example_subdag_operator.section-1', 'example_subdag_operator.section-2', 'example_subdag_operator' retrieved from /home/airflow/.local/lib/python3.12/site-packages/airflow/example_dags/example_subdag_operator.py
[2025-02-19T03:55:07.736+0000] {logging_mixin.py:190} INFO - [2025-02-19T03:55:07.735+0000] {dag.py:3239} INFO - Sync 3 DAGs
[2025-02-19T03:55:07.763+0000] {logging_mixin.py:190} INFO - [2025-02-19T03:55:07.763+0000] {dag.py:4180} INFO - Setting next_dagrun for example_subdag_operator to 2022-01-01 00:00:00+00:00, run_after=2022-01-01 00:00:00+00:00
[2025-02-19T03:55:07.768+0000] {logging_mixin.py:190} INFO - [2025-02-19T03:55:07.768+0000] {dag.py:4180} INFO - Setting next_dagrun for example_subdag_operator.section-1 to None, run_after=None
[2025-02-19T03:55:07.770+0000] {logging_mixin.py:190} INFO - [2025-02-19T03:55:07.769+0000] {dag.py:4180} INFO - Setting next_dagrun for example_subdag_operator.section-2 to None, run_after=None
[2025-02-19T03:55:07.778+0000] {logging_mixin.py:190} INFO - [2025-02-19T03:55:07.778+0000] {dag.py:3239} INFO - Sync 2 DAGs
[2025-02-19T03:55:07.785+0000] {logging_mixin.py:190} INFO - [2025-02-19T03:55:07.785+0000] {dag.py:4180} INFO - Setting next_dagrun for example_subdag_operator.section-1 to None, run_after=None
[2025-02-19T03:55:07.786+0000] {logging_mixin.py:190} INFO - [2025-02-19T03:55:07.786+0000] {dag.py:4180} INFO - Setting next_dagrun for example_subdag_operator.section-2 to None, run_after=None
[2025-02-19T03:55:07.802+0000] {processor.py:208} INFO - Processing /home/airflow/.local/lib/python3.12/site-packages/airflow/example_dags/example_subdag_operator.py took 0.133 seconds
[2025-02-19T03:55:37.930+0000] {processor.py:186} INFO - Started process (PID=617) to work on /home/airflow/.local/lib/python3.12/site-packages/airflow/example_dags/example_subdag_operator.py
[2025-02-19T03:55:37.932+0000] {processor.py:914} INFO - Processing file /home/airflow/.local/lib/python3.12/site-packages/airflow/example_dags/example_subdag_operator.py for tasks to queue
[2025-02-19T03:55:37.935+0000] {logging_mixin.py:190} INFO - [2025-02-19T03:55:37.934+0000] {dagbag.py:588} INFO - Filling up the DagBag from /home/airflow/.local/lib/python3.12/site-packages/airflow/example_dags/example_subdag_operator.py
[2025-02-19T03:55:37.987+0000] {processor.py:925} INFO - DAG(s) 'example_subdag_operator.section-1', 'example_subdag_operator.section-2', 'example_subdag_operator' retrieved from /home/airflow/.local/lib/python3.12/site-packages/airflow/example_dags/example_subdag_operator.py
[2025-02-19T03:55:38.024+0000] {logging_mixin.py:190} INFO - [2025-02-19T03:55:38.023+0000] {dag.py:3239} INFO - Sync 3 DAGs
[2025-02-19T03:55:38.061+0000] {logging_mixin.py:190} INFO - [2025-02-19T03:55:38.061+0000] {dag.py:4180} INFO - Setting next_dagrun for example_subdag_operator to 2022-01-01 00:00:00+00:00, run_after=2022-01-01 00:00:00+00:00
[2025-02-19T03:55:38.066+0000] {logging_mixin.py:190} INFO - [2025-02-19T03:55:38.066+0000] {dag.py:4180} INFO - Setting next_dagrun for example_subdag_operator.section-1 to None, run_after=None
[2025-02-19T03:55:38.069+0000] {logging_mixin.py:190} INFO - [2025-02-19T03:55:38.069+0000] {dag.py:4180} INFO - Setting next_dagrun for example_subdag_operator.section-2 to None, run_after=None
[2025-02-19T03:55:38.081+0000] {logging_mixin.py:190} INFO - [2025-02-19T03:55:38.080+0000] {dag.py:3239} INFO - Sync 2 DAGs
[2025-02-19T03:55:38.092+0000] {logging_mixin.py:190} INFO - [2025-02-19T03:55:38.091+0000] {dag.py:4180} INFO - Setting next_dagrun for example_subdag_operator.section-1 to None, run_after=None
[2025-02-19T03:55:38.093+0000] {logging_mixin.py:190} INFO - [2025-02-19T03:55:38.093+0000] {dag.py:4180} INFO - Setting next_dagrun for example_subdag_operator.section-2 to None, run_after=None
[2025-02-19T03:55:38.116+0000] {processor.py:208} INFO - Processing /home/airflow/.local/lib/python3.12/site-packages/airflow/example_dags/example_subdag_operator.py took 0.196 seconds
[2025-02-19T03:56:08.293+0000] {processor.py:186} INFO - Started process (PID=680) to work on /home/airflow/.local/lib/python3.12/site-packages/airflow/example_dags/example_subdag_operator.py
[2025-02-19T03:56:08.294+0000] {processor.py:914} INFO - Processing file /home/airflow/.local/lib/python3.12/site-packages/airflow/example_dags/example_subdag_operator.py for tasks to queue
[2025-02-19T03:56:08.296+0000] {logging_mixin.py:190} INFO - [2025-02-19T03:56:08.295+0000] {dagbag.py:588} INFO - Filling up the DagBag from /home/airflow/.local/lib/python3.12/site-packages/airflow/example_dags/example_subdag_operator.py
[2025-02-19T03:56:08.326+0000] {processor.py:925} INFO - DAG(s) 'example_subdag_operator.section-1', 'example_subdag_operator.section-2', 'example_subdag_operator' retrieved from /home/airflow/.local/lib/python3.12/site-packages/airflow/example_dags/example_subdag_operator.py
[2025-02-19T03:56:08.341+0000] {logging_mixin.py:190} INFO - [2025-02-19T03:56:08.341+0000] {dag.py:3239} INFO - Sync 3 DAGs
[2025-02-19T03:56:08.363+0000] {logging_mixin.py:190} INFO - [2025-02-19T03:56:08.362+0000] {dag.py:4180} INFO - Setting next_dagrun for example_subdag_operator to 2022-01-01 00:00:00+00:00, run_after=2022-01-01 00:00:00+00:00
[2025-02-19T03:56:08.367+0000] {logging_mixin.py:190} INFO - [2025-02-19T03:56:08.366+0000] {dag.py:4180} INFO - Setting next_dagrun for example_subdag_operator.section-1 to None, run_after=None
[2025-02-19T03:56:08.369+0000] {logging_mixin.py:190} INFO - [2025-02-19T03:56:08.368+0000] {dag.py:4180} INFO - Setting next_dagrun for example_subdag_operator.section-2 to None, run_after=None
[2025-02-19T03:56:08.375+0000] {logging_mixin.py:190} INFO - [2025-02-19T03:56:08.375+0000] {dag.py:3239} INFO - Sync 2 DAGs
[2025-02-19T03:56:08.381+0000] {logging_mixin.py:190} INFO - [2025-02-19T03:56:08.381+0000] {dag.py:4180} INFO - Setting next_dagrun for example_subdag_operator.section-1 to None, run_after=None
[2025-02-19T03:56:08.382+0000] {logging_mixin.py:190} INFO - [2025-02-19T03:56:08.382+0000] {dag.py:4180} INFO - Setting next_dagrun for example_subdag_operator.section-2 to None, run_after=None
[2025-02-19T03:56:08.392+0000] {processor.py:208} INFO - Processing /home/airflow/.local/lib/python3.12/site-packages/airflow/example_dags/example_subdag_operator.py took 0.106 seconds
[2025-02-19T03:56:38.659+0000] {processor.py:186} INFO - Started process (PID=744) to work on /home/airflow/.local/lib/python3.12/site-packages/airflow/example_dags/example_subdag_operator.py
[2025-02-19T03:56:38.660+0000] {processor.py:914} INFO - Processing file /home/airflow/.local/lib/python3.12/site-packages/airflow/example_dags/example_subdag_operator.py for tasks to queue
[2025-02-19T03:56:38.661+0000] {logging_mixin.py:190} INFO - [2025-02-19T03:56:38.661+0000] {dagbag.py:588} INFO - Filling up the DagBag from /home/airflow/.local/lib/python3.12/site-packages/airflow/example_dags/example_subdag_operator.py
[2025-02-19T03:56:38.689+0000] {processor.py:925} INFO - DAG(s) 'example_subdag_operator.section-1', 'example_subdag_operator.section-2', 'example_subdag_operator' retrieved from /home/airflow/.local/lib/python3.12/site-packages/airflow/example_dags/example_subdag_operator.py
[2025-02-19T03:56:38.706+0000] {logging_mixin.py:190} INFO - [2025-02-19T03:56:38.706+0000] {dag.py:3239} INFO - Sync 3 DAGs
[2025-02-19T03:56:38.732+0000] {logging_mixin.py:190} INFO - [2025-02-19T03:56:38.732+0000] {dag.py:4180} INFO - Setting next_dagrun for example_subdag_operator to 2022-01-01 00:00:00+00:00, run_after=2022-01-01 00:00:00+00:00
[2025-02-19T03:56:38.737+0000] {logging_mixin.py:190} INFO - [2025-02-19T03:56:38.737+0000] {dag.py:4180} INFO - Setting next_dagrun for example_subdag_operator.section-1 to None, run_after=None
[2025-02-19T03:56:38.739+0000] {logging_mixin.py:190} INFO - [2025-02-19T03:56:38.739+0000] {dag.py:4180} INFO - Setting next_dagrun for example_subdag_operator.section-2 to None, run_after=None
[2025-02-19T03:56:38.747+0000] {logging_mixin.py:190} INFO - [2025-02-19T03:56:38.747+0000] {dag.py:3239} INFO - Sync 2 DAGs
[2025-02-19T03:56:38.755+0000] {logging_mixin.py:190} INFO - [2025-02-19T03:56:38.755+0000] {dag.py:4180} INFO - Setting next_dagrun for example_subdag_operator.section-1 to None, run_after=None
[2025-02-19T03:56:38.756+0000] {logging_mixin.py:190} INFO - [2025-02-19T03:56:38.755+0000] {dag.py:4180} INFO - Setting next_dagrun for example_subdag_operator.section-2 to None, run_after=None
[2025-02-19T03:56:38.773+0000] {processor.py:208} INFO - Processing /home/airflow/.local/lib/python3.12/site-packages/airflow/example_dags/example_subdag_operator.py took 0.120 seconds
[2025-02-19T03:57:09.219+0000] {processor.py:186} INFO - Started process (PID=807) to work on /home/airflow/.local/lib/python3.12/site-packages/airflow/example_dags/example_subdag_operator.py
[2025-02-19T03:57:09.220+0000] {processor.py:914} INFO - Processing file /home/airflow/.local/lib/python3.12/site-packages/airflow/example_dags/example_subdag_operator.py for tasks to queue
[2025-02-19T03:57:09.221+0000] {logging_mixin.py:190} INFO - [2025-02-19T03:57:09.221+0000] {dagbag.py:588} INFO - Filling up the DagBag from /home/airflow/.local/lib/python3.12/site-packages/airflow/example_dags/example_subdag_operator.py
[2025-02-19T03:57:09.253+0000] {processor.py:925} INFO - DAG(s) 'example_subdag_operator.section-1', 'example_subdag_operator.section-2', 'example_subdag_operator' retrieved from /home/airflow/.local/lib/python3.12/site-packages/airflow/example_dags/example_subdag_operator.py
[2025-02-19T03:57:09.271+0000] {logging_mixin.py:190} INFO - [2025-02-19T03:57:09.270+0000] {dag.py:3239} INFO - Sync 3 DAGs
[2025-02-19T03:57:09.299+0000] {logging_mixin.py:190} INFO - [2025-02-19T03:57:09.299+0000] {dag.py:4180} INFO - Setting next_dagrun for example_subdag_operator to 2022-01-01 00:00:00+00:00, run_after=2022-01-01 00:00:00+00:00
[2025-02-19T03:57:09.304+0000] {logging_mixin.py:190} INFO - [2025-02-19T03:57:09.304+0000] {dag.py:4180} INFO - Setting next_dagrun for example_subdag_operator.section-1 to None, run_after=None
[2025-02-19T03:57:09.307+0000] {logging_mixin.py:190} INFO - [2025-02-19T03:57:09.306+0000] {dag.py:4180} INFO - Setting next_dagrun for example_subdag_operator.section-2 to None, run_after=None
[2025-02-19T03:57:09.321+0000] {logging_mixin.py:190} INFO - [2025-02-19T03:57:09.321+0000] {dag.py:3239} INFO - Sync 2 DAGs
[2025-02-19T03:57:09.329+0000] {logging_mixin.py:190} INFO - [2025-02-19T03:57:09.328+0000] {dag.py:4180} INFO - Setting next_dagrun for example_subdag_operator.section-1 to None, run_after=None
[2025-02-19T03:57:09.329+0000] {logging_mixin.py:190} INFO - [2025-02-19T03:57:09.329+0000] {dag.py:4180} INFO - Setting next_dagrun for example_subdag_operator.section-2 to None, run_after=None
[2025-02-19T03:57:09.342+0000] {processor.py:208} INFO - Processing /home/airflow/.local/lib/python3.12/site-packages/airflow/example_dags/example_subdag_operator.py took 0.129 seconds
[2025-02-19T03:57:40.099+0000] {processor.py:186} INFO - Started process (PID=871) to work on /home/airflow/.local/lib/python3.12/site-packages/airflow/example_dags/example_subdag_operator.py
[2025-02-19T03:57:40.100+0000] {processor.py:914} INFO - Processing file /home/airflow/.local/lib/python3.12/site-packages/airflow/example_dags/example_subdag_operator.py for tasks to queue
[2025-02-19T03:57:40.102+0000] {logging_mixin.py:190} INFO - [2025-02-19T03:57:40.102+0000] {dagbag.py:588} INFO - Filling up the DagBag from /home/airflow/.local/lib/python3.12/site-packages/airflow/example_dags/example_subdag_operator.py
[2025-02-19T03:57:40.136+0000] {processor.py:925} INFO - DAG(s) 'example_subdag_operator.section-1', 'example_subdag_operator.section-2', 'example_subdag_operator' retrieved from /home/airflow/.local/lib/python3.12/site-packages/airflow/example_dags/example_subdag_operator.py
[2025-02-19T03:57:40.154+0000] {logging_mixin.py:190} INFO - [2025-02-19T03:57:40.154+0000] {dag.py:3239} INFO - Sync 3 DAGs
[2025-02-19T03:57:40.189+0000] {logging_mixin.py:190} INFO - [2025-02-19T03:57:40.188+0000] {dag.py:4180} INFO - Setting next_dagrun for example_subdag_operator to 2022-01-01 00:00:00+00:00, run_after=2022-01-01 00:00:00+00:00
[2025-02-19T03:57:40.193+0000] {logging_mixin.py:190} INFO - [2025-02-19T03:57:40.193+0000] {dag.py:4180} INFO - Setting next_dagrun for example_subdag_operator.section-1 to None, run_after=None
[2025-02-19T03:57:40.195+0000] {logging_mixin.py:190} INFO - [2025-02-19T03:57:40.195+0000] {dag.py:4180} INFO - Setting next_dagrun for example_subdag_operator.section-2 to None, run_after=None
[2025-02-19T03:57:40.208+0000] {logging_mixin.py:190} INFO - [2025-02-19T03:57:40.207+0000] {dag.py:3239} INFO - Sync 2 DAGs
[2025-02-19T03:57:40.217+0000] {logging_mixin.py:190} INFO - [2025-02-19T03:57:40.216+0000] {dag.py:4180} INFO - Setting next_dagrun for example_subdag_operator.section-1 to None, run_after=None
[2025-02-19T03:57:40.218+0000] {logging_mixin.py:190} INFO - [2025-02-19T03:57:40.217+0000] {dag.py:4180} INFO - Setting next_dagrun for example_subdag_operator.section-2 to None, run_after=None
[2025-02-19T03:57:40.234+0000] {processor.py:208} INFO - Processing /home/airflow/.local/lib/python3.12/site-packages/airflow/example_dags/example_subdag_operator.py took 0.141 seconds
[2025-02-19T03:58:11.014+0000] {processor.py:186} INFO - Started process (PID=936) to work on /home/airflow/.local/lib/python3.12/site-packages/airflow/example_dags/example_subdag_operator.py
[2025-02-19T03:58:11.017+0000] {processor.py:914} INFO - Processing file /home/airflow/.local/lib/python3.12/site-packages/airflow/example_dags/example_subdag_operator.py for tasks to queue
[2025-02-19T03:58:11.019+0000] {logging_mixin.py:190} INFO - [2025-02-19T03:58:11.019+0000] {dagbag.py:588} INFO - Filling up the DagBag from /home/airflow/.local/lib/python3.12/site-packages/airflow/example_dags/example_subdag_operator.py
[2025-02-19T03:58:11.058+0000] {processor.py:925} INFO - DAG(s) 'example_subdag_operator.section-1', 'example_subdag_operator.section-2', 'example_subdag_operator' retrieved from /home/airflow/.local/lib/python3.12/site-packages/airflow/example_dags/example_subdag_operator.py
[2025-02-19T03:58:11.074+0000] {logging_mixin.py:190} INFO - [2025-02-19T03:58:11.073+0000] {dag.py:3239} INFO - Sync 3 DAGs
[2025-02-19T03:58:11.101+0000] {logging_mixin.py:190} INFO - [2025-02-19T03:58:11.100+0000] {dag.py:4180} INFO - Setting next_dagrun for example_subdag_operator to 2022-01-01 00:00:00+00:00, run_after=2022-01-01 00:00:00+00:00
[2025-02-19T03:58:11.105+0000] {logging_mixin.py:190} INFO - [2025-02-19T03:58:11.104+0000] {dag.py:4180} INFO - Setting next_dagrun for example_subdag_operator.section-1 to None, run_after=None
[2025-02-19T03:58:11.107+0000] {logging_mixin.py:190} INFO - [2025-02-19T03:58:11.107+0000] {dag.py:4180} INFO - Setting next_dagrun for example_subdag_operator.section-2 to None, run_after=None
[2025-02-19T03:58:11.117+0000] {logging_mixin.py:190} INFO - [2025-02-19T03:58:11.116+0000] {dag.py:3239} INFO - Sync 2 DAGs
[2025-02-19T03:58:11.123+0000] {logging_mixin.py:190} INFO - [2025-02-19T03:58:11.123+0000] {dag.py:4180} INFO - Setting next_dagrun for example_subdag_operator.section-1 to None, run_after=None
[2025-02-19T03:58:11.124+0000] {logging_mixin.py:190} INFO - [2025-02-19T03:58:11.123+0000] {dag.py:4180} INFO - Setting next_dagrun for example_subdag_operator.section-2 to None, run_after=None
[2025-02-19T03:58:11.145+0000] {processor.py:208} INFO - Processing /home/airflow/.local/lib/python3.12/site-packages/airflow/example_dags/example_subdag_operator.py took 0.139 seconds
[2025-02-19T03:58:41.961+0000] {processor.py:186} INFO - Started process (PID=1000) to work on /home/airflow/.local/lib/python3.12/site-packages/airflow/example_dags/example_subdag_operator.py
[2025-02-19T03:58:41.963+0000] {processor.py:914} INFO - Processing file /home/airflow/.local/lib/python3.12/site-packages/airflow/example_dags/example_subdag_operator.py for tasks to queue
[2025-02-19T03:58:41.964+0000] {logging_mixin.py:190} INFO - [2025-02-19T03:58:41.964+0000] {dagbag.py:588} INFO - Filling up the DagBag from /home/airflow/.local/lib/python3.12/site-packages/airflow/example_dags/example_subdag_operator.py
[2025-02-19T03:58:42.005+0000] {processor.py:925} INFO - DAG(s) 'example_subdag_operator.section-1', 'example_subdag_operator.section-2', 'example_subdag_operator' retrieved from /home/airflow/.local/lib/python3.12/site-packages/airflow/example_dags/example_subdag_operator.py
[2025-02-19T03:58:42.026+0000] {logging_mixin.py:190} INFO - [2025-02-19T03:58:42.025+0000] {dag.py:3239} INFO - Sync 3 DAGs
[2025-02-19T03:58:42.056+0000] {logging_mixin.py:190} INFO - [2025-02-19T03:58:42.056+0000] {dag.py:4180} INFO - Setting next_dagrun for example_subdag_operator to 2022-01-01 00:00:00+00:00, run_after=2022-01-01 00:00:00+00:00
[2025-02-19T03:58:42.061+0000] {logging_mixin.py:190} INFO - [2025-02-19T03:58:42.061+0000] {dag.py:4180} INFO - Setting next_dagrun for example_subdag_operator.section-1 to None, run_after=None
[2025-02-19T03:58:42.064+0000] {logging_mixin.py:190} INFO - [2025-02-19T03:58:42.063+0000] {dag.py:4180} INFO - Setting next_dagrun for example_subdag_operator.section-2 to None, run_after=None
[2025-02-19T03:58:42.073+0000] {logging_mixin.py:190} INFO - [2025-02-19T03:58:42.073+0000] {dag.py:3239} INFO - Sync 2 DAGs
[2025-02-19T03:58:42.081+0000] {logging_mixin.py:190} INFO - [2025-02-19T03:58:42.081+0000] {dag.py:4180} INFO - Setting next_dagrun for example_subdag_operator.section-1 to None, run_after=None
[2025-02-19T03:58:42.082+0000] {logging_mixin.py:190} INFO - [2025-02-19T03:58:42.082+0000] {dag.py:4180} INFO - Setting next_dagrun for example_subdag_operator.section-2 to None, run_after=None
[2025-02-19T03:58:42.107+0000] {processor.py:208} INFO - Processing /home/airflow/.local/lib/python3.12/site-packages/airflow/example_dags/example_subdag_operator.py took 0.155 seconds
[2025-02-19T03:59:12.163+0000] {processor.py:186} INFO - Started process (PID=1062) to work on /home/airflow/.local/lib/python3.12/site-packages/airflow/example_dags/example_subdag_operator.py
[2025-02-19T03:59:12.164+0000] {processor.py:914} INFO - Processing file /home/airflow/.local/lib/python3.12/site-packages/airflow/example_dags/example_subdag_operator.py for tasks to queue
[2025-02-19T03:59:12.165+0000] {logging_mixin.py:190} INFO - [2025-02-19T03:59:12.165+0000] {dagbag.py:588} INFO - Filling up the DagBag from /home/airflow/.local/lib/python3.12/site-packages/airflow/example_dags/example_subdag_operator.py
[2025-02-19T03:59:12.192+0000] {processor.py:925} INFO - DAG(s) 'example_subdag_operator.section-1', 'example_subdag_operator.section-2', 'example_subdag_operator' retrieved from /home/airflow/.local/lib/python3.12/site-packages/airflow/example_dags/example_subdag_operator.py
[2025-02-19T03:59:12.208+0000] {logging_mixin.py:190} INFO - [2025-02-19T03:59:12.208+0000] {dag.py:3239} INFO - Sync 3 DAGs
[2025-02-19T03:59:12.235+0000] {logging_mixin.py:190} INFO - [2025-02-19T03:59:12.234+0000] {dag.py:4180} INFO - Setting next_dagrun for example_subdag_operator to 2022-01-01 00:00:00+00:00, run_after=2022-01-01 00:00:00+00:00
[2025-02-19T03:59:12.240+0000] {logging_mixin.py:190} INFO - [2025-02-19T03:59:12.240+0000] {dag.py:4180} INFO - Setting next_dagrun for example_subdag_operator.section-1 to None, run_after=None
[2025-02-19T03:59:12.242+0000] {logging_mixin.py:190} INFO - [2025-02-19T03:59:12.242+0000] {dag.py:4180} INFO - Setting next_dagrun for example_subdag_operator.section-2 to None, run_after=None
[2025-02-19T03:59:12.251+0000] {logging_mixin.py:190} INFO - [2025-02-19T03:59:12.250+0000] {dag.py:3239} INFO - Sync 2 DAGs
[2025-02-19T03:59:12.258+0000] {logging_mixin.py:190} INFO - [2025-02-19T03:59:12.257+0000] {dag.py:4180} INFO - Setting next_dagrun for example_subdag_operator.section-1 to None, run_after=None
[2025-02-19T03:59:12.259+0000] {logging_mixin.py:190} INFO - [2025-02-19T03:59:12.259+0000] {dag.py:4180} INFO - Setting next_dagrun for example_subdag_operator.section-2 to None, run_after=None
[2025-02-19T03:59:12.278+0000] {processor.py:208} INFO - Processing /home/airflow/.local/lib/python3.12/site-packages/airflow/example_dags/example_subdag_operator.py took 0.120 seconds
[2025-02-19T03:59:43.311+0000] {processor.py:186} INFO - Started process (PID=1126) to work on /home/airflow/.local/lib/python3.12/site-packages/airflow/example_dags/example_subdag_operator.py
[2025-02-19T03:59:43.312+0000] {processor.py:914} INFO - Processing file /home/airflow/.local/lib/python3.12/site-packages/airflow/example_dags/example_subdag_operator.py for tasks to queue
[2025-02-19T03:59:43.314+0000] {logging_mixin.py:190} INFO - [2025-02-19T03:59:43.313+0000] {dagbag.py:588} INFO - Filling up the DagBag from /home/airflow/.local/lib/python3.12/site-packages/airflow/example_dags/example_subdag_operator.py
[2025-02-19T03:59:43.345+0000] {processor.py:925} INFO - DAG(s) 'example_subdag_operator.section-1', 'example_subdag_operator.section-2', 'example_subdag_operator' retrieved from /home/airflow/.local/lib/python3.12/site-packages/airflow/example_dags/example_subdag_operator.py
[2025-02-19T03:59:43.362+0000] {logging_mixin.py:190} INFO - [2025-02-19T03:59:43.362+0000] {dag.py:3239} INFO - Sync 3 DAGs
[2025-02-19T03:59:43.394+0000] {logging_mixin.py:190} INFO - [2025-02-19T03:59:43.393+0000] {dag.py:4180} INFO - Setting next_dagrun for example_subdag_operator to 2022-01-01 00:00:00+00:00, run_after=2022-01-01 00:00:00+00:00
[2025-02-19T03:59:43.399+0000] {logging_mixin.py:190} INFO - [2025-02-19T03:59:43.398+0000] {dag.py:4180} INFO - Setting next_dagrun for example_subdag_operator.section-1 to None, run_after=None
[2025-02-19T03:59:43.401+0000] {logging_mixin.py:190} INFO - [2025-02-19T03:59:43.400+0000] {dag.py:4180} INFO - Setting next_dagrun for example_subdag_operator.section-2 to None, run_after=None
[2025-02-19T03:59:43.408+0000] {logging_mixin.py:190} INFO - [2025-02-19T03:59:43.407+0000] {dag.py:3239} INFO - Sync 2 DAGs
[2025-02-19T03:59:43.415+0000] {logging_mixin.py:190} INFO - [2025-02-19T03:59:43.415+0000] {dag.py:4180} INFO - Setting next_dagrun for example_subdag_operator.section-1 to None, run_after=None
[2025-02-19T03:59:43.416+0000] {logging_mixin.py:190} INFO - [2025-02-19T03:59:43.416+0000] {dag.py:4180} INFO - Setting next_dagrun for example_subdag_operator.section-2 to None, run_after=None
[2025-02-19T03:59:43.429+0000] {processor.py:208} INFO - Processing /home/airflow/.local/lib/python3.12/site-packages/airflow/example_dags/example_subdag_operator.py took 0.124 seconds
[2025-02-19T04:00:13.472+0000] {processor.py:186} INFO - Started process (PID=1190) to work on /home/airflow/.local/lib/python3.12/site-packages/airflow/example_dags/example_subdag_operator.py
[2025-02-19T04:00:13.473+0000] {processor.py:914} INFO - Processing file /home/airflow/.local/lib/python3.12/site-packages/airflow/example_dags/example_subdag_operator.py for tasks to queue
[2025-02-19T04:00:13.475+0000] {logging_mixin.py:190} INFO - [2025-02-19T04:00:13.474+0000] {dagbag.py:588} INFO - Filling up the DagBag from /home/airflow/.local/lib/python3.12/site-packages/airflow/example_dags/example_subdag_operator.py
[2025-02-19T04:00:13.507+0000] {processor.py:925} INFO - DAG(s) 'example_subdag_operator.section-1', 'example_subdag_operator.section-2', 'example_subdag_operator' retrieved from /home/airflow/.local/lib/python3.12/site-packages/airflow/example_dags/example_subdag_operator.py
[2025-02-19T04:00:13.525+0000] {logging_mixin.py:190} INFO - [2025-02-19T04:00:13.525+0000] {dag.py:3239} INFO - Sync 3 DAGs
[2025-02-19T04:00:13.557+0000] {logging_mixin.py:190} INFO - [2025-02-19T04:00:13.556+0000] {dag.py:4180} INFO - Setting next_dagrun for example_subdag_operator to 2022-01-01 00:00:00+00:00, run_after=2022-01-01 00:00:00+00:00
[2025-02-19T04:00:13.561+0000] {logging_mixin.py:190} INFO - [2025-02-19T04:00:13.561+0000] {dag.py:4180} INFO - Setting next_dagrun for example_subdag_operator.section-1 to None, run_after=None
[2025-02-19T04:00:13.563+0000] {logging_mixin.py:190} INFO - [2025-02-19T04:00:13.563+0000] {dag.py:4180} INFO - Setting next_dagrun for example_subdag_operator.section-2 to None, run_after=None
[2025-02-19T04:00:13.571+0000] {logging_mixin.py:190} INFO - [2025-02-19T04:00:13.571+0000] {dag.py:3239} INFO - Sync 2 DAGs
[2025-02-19T04:00:13.579+0000] {logging_mixin.py:190} INFO - [2025-02-19T04:00:13.579+0000] {dag.py:4180} INFO - Setting next_dagrun for example_subdag_operator.section-1 to None, run_after=None
[2025-02-19T04:00:13.580+0000] {logging_mixin.py:190} INFO - [2025-02-19T04:00:13.580+0000] {dag.py:4180} INFO - Setting next_dagrun for example_subdag_operator.section-2 to None, run_after=None
[2025-02-19T04:00:13.603+0000] {processor.py:208} INFO - Processing /home/airflow/.local/lib/python3.12/site-packages/airflow/example_dags/example_subdag_operator.py took 0.136 seconds
[2025-02-19T04:00:43.726+0000] {processor.py:186} INFO - Started process (PID=1254) to work on /home/airflow/.local/lib/python3.12/site-packages/airflow/example_dags/example_subdag_operator.py
[2025-02-19T04:00:43.727+0000] {processor.py:914} INFO - Processing file /home/airflow/.local/lib/python3.12/site-packages/airflow/example_dags/example_subdag_operator.py for tasks to queue
[2025-02-19T04:00:43.729+0000] {logging_mixin.py:190} INFO - [2025-02-19T04:00:43.728+0000] {dagbag.py:588} INFO - Filling up the DagBag from /home/airflow/.local/lib/python3.12/site-packages/airflow/example_dags/example_subdag_operator.py
[2025-02-19T04:00:43.761+0000] {processor.py:925} INFO - DAG(s) 'example_subdag_operator.section-1', 'example_subdag_operator.section-2', 'example_subdag_operator' retrieved from /home/airflow/.local/lib/python3.12/site-packages/airflow/example_dags/example_subdag_operator.py
[2025-02-19T04:00:43.782+0000] {logging_mixin.py:190} INFO - [2025-02-19T04:00:43.782+0000] {dag.py:3239} INFO - Sync 3 DAGs
[2025-02-19T04:00:43.807+0000] {logging_mixin.py:190} INFO - [2025-02-19T04:00:43.807+0000] {dag.py:4180} INFO - Setting next_dagrun for example_subdag_operator to 2022-01-01 00:00:00+00:00, run_after=2022-01-01 00:00:00+00:00
[2025-02-19T04:00:43.812+0000] {logging_mixin.py:190} INFO - [2025-02-19T04:00:43.812+0000] {dag.py:4180} INFO - Setting next_dagrun for example_subdag_operator.section-1 to None, run_after=None
[2025-02-19T04:00:43.814+0000] {logging_mixin.py:190} INFO - [2025-02-19T04:00:43.814+0000] {dag.py:4180} INFO - Setting next_dagrun for example_subdag_operator.section-2 to None, run_after=None
[2025-02-19T04:00:43.821+0000] {logging_mixin.py:190} INFO - [2025-02-19T04:00:43.821+0000] {dag.py:3239} INFO - Sync 2 DAGs
[2025-02-19T04:00:43.829+0000] {logging_mixin.py:190} INFO - [2025-02-19T04:00:43.828+0000] {dag.py:4180} INFO - Setting next_dagrun for example_subdag_operator.section-1 to None, run_after=None
[2025-02-19T04:00:43.829+0000] {logging_mixin.py:190} INFO - [2025-02-19T04:00:43.829+0000] {dag.py:4180} INFO - Setting next_dagrun for example_subdag_operator.section-2 to None, run_after=None
[2025-02-19T04:00:43.849+0000] {processor.py:208} INFO - Processing /home/airflow/.local/lib/python3.12/site-packages/airflow/example_dags/example_subdag_operator.py took 0.129 seconds
[2025-02-19T04:01:13.968+0000] {processor.py:186} INFO - Started process (PID=1318) to work on /home/airflow/.local/lib/python3.12/site-packages/airflow/example_dags/example_subdag_operator.py
[2025-02-19T04:01:13.969+0000] {processor.py:914} INFO - Processing file /home/airflow/.local/lib/python3.12/site-packages/airflow/example_dags/example_subdag_operator.py for tasks to queue
[2025-02-19T04:01:13.970+0000] {logging_mixin.py:190} INFO - [2025-02-19T04:01:13.970+0000] {dagbag.py:588} INFO - Filling up the DagBag from /home/airflow/.local/lib/python3.12/site-packages/airflow/example_dags/example_subdag_operator.py
[2025-02-19T04:01:14.001+0000] {processor.py:925} INFO - DAG(s) 'example_subdag_operator.section-1', 'example_subdag_operator.section-2', 'example_subdag_operator' retrieved from /home/airflow/.local/lib/python3.12/site-packages/airflow/example_dags/example_subdag_operator.py
[2025-02-19T04:01:14.017+0000] {logging_mixin.py:190} INFO - [2025-02-19T04:01:14.017+0000] {dag.py:3239} INFO - Sync 3 DAGs
[2025-02-19T04:01:14.040+0000] {logging_mixin.py:190} INFO - [2025-02-19T04:01:14.040+0000] {dag.py:4180} INFO - Setting next_dagrun for example_subdag_operator to 2022-01-01 00:00:00+00:00, run_after=2022-01-01 00:00:00+00:00
[2025-02-19T04:01:14.044+0000] {logging_mixin.py:190} INFO - [2025-02-19T04:01:14.044+0000] {dag.py:4180} INFO - Setting next_dagrun for example_subdag_operator.section-1 to None, run_after=None
[2025-02-19T04:01:14.046+0000] {logging_mixin.py:190} INFO - [2025-02-19T04:01:14.046+0000] {dag.py:4180} INFO - Setting next_dagrun for example_subdag_operator.section-2 to None, run_after=None
[2025-02-19T04:01:14.054+0000] {logging_mixin.py:190} INFO - [2025-02-19T04:01:14.053+0000] {dag.py:3239} INFO - Sync 2 DAGs
[2025-02-19T04:01:14.060+0000] {logging_mixin.py:190} INFO - [2025-02-19T04:01:14.060+0000] {dag.py:4180} INFO - Setting next_dagrun for example_subdag_operator.section-1 to None, run_after=None
[2025-02-19T04:01:14.061+0000] {logging_mixin.py:190} INFO - [2025-02-19T04:01:14.061+0000] {dag.py:4180} INFO - Setting next_dagrun for example_subdag_operator.section-2 to None, run_after=None
[2025-02-19T04:01:14.080+0000] {processor.py:208} INFO - Processing /home/airflow/.local/lib/python3.12/site-packages/airflow/example_dags/example_subdag_operator.py took 0.118 seconds
[2025-02-19T04:01:44.542+0000] {processor.py:186} INFO - Started process (PID=1382) to work on /home/airflow/.local/lib/python3.12/site-packages/airflow/example_dags/example_subdag_operator.py
[2025-02-19T04:01:44.543+0000] {processor.py:914} INFO - Processing file /home/airflow/.local/lib/python3.12/site-packages/airflow/example_dags/example_subdag_operator.py for tasks to queue
[2025-02-19T04:01:44.545+0000] {logging_mixin.py:190} INFO - [2025-02-19T04:01:44.544+0000] {dagbag.py:588} INFO - Filling up the DagBag from /home/airflow/.local/lib/python3.12/site-packages/airflow/example_dags/example_subdag_operator.py
[2025-02-19T04:01:44.577+0000] {processor.py:925} INFO - DAG(s) 'example_subdag_operator.section-1', 'example_subdag_operator.section-2', 'example_subdag_operator' retrieved from /home/airflow/.local/lib/python3.12/site-packages/airflow/example_dags/example_subdag_operator.py
[2025-02-19T04:01:44.595+0000] {logging_mixin.py:190} INFO - [2025-02-19T04:01:44.594+0000] {dag.py:3239} INFO - Sync 3 DAGs
[2025-02-19T04:01:44.623+0000] {logging_mixin.py:190} INFO - [2025-02-19T04:01:44.622+0000] {dag.py:4180} INFO - Setting next_dagrun for example_subdag_operator to 2022-01-01 00:00:00+00:00, run_after=2022-01-01 00:00:00+00:00
[2025-02-19T04:01:44.628+0000] {logging_mixin.py:190} INFO - [2025-02-19T04:01:44.627+0000] {dag.py:4180} INFO - Setting next_dagrun for example_subdag_operator.section-1 to None, run_after=None
[2025-02-19T04:01:44.630+0000] {logging_mixin.py:190} INFO - [2025-02-19T04:01:44.629+0000] {dag.py:4180} INFO - Setting next_dagrun for example_subdag_operator.section-2 to None, run_after=None
[2025-02-19T04:01:44.637+0000] {logging_mixin.py:190} INFO - [2025-02-19T04:01:44.637+0000] {dag.py:3239} INFO - Sync 2 DAGs
[2025-02-19T04:01:44.646+0000] {logging_mixin.py:190} INFO - [2025-02-19T04:01:44.645+0000] {dag.py:4180} INFO - Setting next_dagrun for example_subdag_operator.section-1 to None, run_after=None
[2025-02-19T04:01:44.647+0000] {logging_mixin.py:190} INFO - [2025-02-19T04:01:44.646+0000] {dag.py:4180} INFO - Setting next_dagrun for example_subdag_operator.section-2 to None, run_after=None
[2025-02-19T04:01:44.666+0000] {processor.py:208} INFO - Processing /home/airflow/.local/lib/python3.12/site-packages/airflow/example_dags/example_subdag_operator.py took 0.131 seconds
