[2025-02-19T03:51:34.288+0000] {processor.py:186} INFO - Started process (PID=117) to work on /home/airflow/.local/lib/python3.12/site-packages/airflow/example_dags/example_xcom.py
[2025-02-19T03:51:34.294+0000] {processor.py:914} INFO - Processing file /home/airflow/.local/lib/python3.12/site-packages/airflow/example_dags/example_xcom.py for tasks to queue
[2025-02-19T03:51:34.296+0000] {logging_mixin.py:190} INFO - [2025-02-19T03:51:34.296+0000] {dagbag.py:588} INFO - Filling up the DagBag from /home/airflow/.local/lib/python3.12/site-packages/airflow/example_dags/example_xcom.py
[2025-02-19T03:51:34.316+0000] {processor.py:925} INFO - DAG(s) 'example_xcom' retrieved from /home/airflow/.local/lib/python3.12/site-packages/airflow/example_dags/example_xcom.py
[2025-02-19T03:51:34.515+0000] {logging_mixin.py:190} INFO - [2025-02-19T03:51:34.513+0000] {override.py:1911} INFO - Created Permission View: can read on DAG:example_xcom
[2025-02-19T03:51:34.532+0000] {logging_mixin.py:190} INFO - [2025-02-19T03:51:34.532+0000] {override.py:1911} INFO - Created Permission View: can delete on DAG:example_xcom
[2025-02-19T03:51:34.543+0000] {logging_mixin.py:190} INFO - [2025-02-19T03:51:34.543+0000] {override.py:1911} INFO - Created Permission View: can edit on DAG:example_xcom
[2025-02-19T03:51:34.558+0000] {logging_mixin.py:190} INFO - [2025-02-19T03:51:34.558+0000] {override.py:1911} INFO - Created Permission View: can read on DAG Run:example_xcom
[2025-02-19T03:51:34.569+0000] {logging_mixin.py:190} INFO - [2025-02-19T03:51:34.568+0000] {override.py:1911} INFO - Created Permission View: can delete on DAG Run:example_xcom
[2025-02-19T03:51:34.583+0000] {logging_mixin.py:190} INFO - [2025-02-19T03:51:34.582+0000] {override.py:1911} INFO - Created Permission View: can create on DAG Run:example_xcom
[2025-02-19T03:51:34.595+0000] {logging_mixin.py:190} INFO - [2025-02-19T03:51:34.593+0000] {override.py:1911} INFO - Created Permission View: menu access on DAG Run:example_xcom
[2025-02-19T03:51:34.596+0000] {logging_mixin.py:190} INFO - [2025-02-19T03:51:34.595+0000] {dag.py:3239} INFO - Sync 1 DAGs
[2025-02-19T03:51:34.612+0000] {logging_mixin.py:190} INFO - [2025-02-19T03:51:34.611+0000] {dag.py:3262} INFO - Creating ORM DAG for example_xcom
[2025-02-19T03:51:34.627+0000] {logging_mixin.py:190} INFO - [2025-02-19T03:51:34.626+0000] {dag.py:4180} INFO - Setting next_dagrun for example_xcom to 2021-01-01 00:00:00+00:00, run_after=2021-01-01 00:00:00+00:00
[2025-02-19T03:51:34.651+0000] {processor.py:208} INFO - Processing /home/airflow/.local/lib/python3.12/site-packages/airflow/example_dags/example_xcom.py took 0.381 seconds
[2025-02-19T03:52:05.052+0000] {processor.py:186} INFO - Started process (PID=181) to work on /home/airflow/.local/lib/python3.12/site-packages/airflow/example_dags/example_xcom.py
[2025-02-19T03:52:05.053+0000] {processor.py:914} INFO - Processing file /home/airflow/.local/lib/python3.12/site-packages/airflow/example_dags/example_xcom.py for tasks to queue
[2025-02-19T03:52:05.056+0000] {logging_mixin.py:190} INFO - [2025-02-19T03:52:05.056+0000] {dagbag.py:588} INFO - Filling up the DagBag from /home/airflow/.local/lib/python3.12/site-packages/airflow/example_dags/example_xcom.py
[2025-02-19T03:52:05.072+0000] {processor.py:925} INFO - DAG(s) 'example_xcom' retrieved from /home/airflow/.local/lib/python3.12/site-packages/airflow/example_dags/example_xcom.py
[2025-02-19T03:52:05.114+0000] {logging_mixin.py:190} INFO - [2025-02-19T03:52:05.113+0000] {dag.py:3239} INFO - Sync 1 DAGs
[2025-02-19T03:52:05.164+0000] {logging_mixin.py:190} INFO - [2025-02-19T03:52:05.164+0000] {dag.py:4180} INFO - Setting next_dagrun for example_xcom to 2021-01-01 00:00:00+00:00, run_after=2021-01-01 00:00:00+00:00
[2025-02-19T03:52:05.202+0000] {processor.py:208} INFO - Processing /home/airflow/.local/lib/python3.12/site-packages/airflow/example_dags/example_xcom.py took 0.163 seconds
[2025-02-19T03:52:35.332+0000] {processor.py:186} INFO - Started process (PID=245) to work on /home/airflow/.local/lib/python3.12/site-packages/airflow/example_dags/example_xcom.py
[2025-02-19T03:52:35.334+0000] {processor.py:914} INFO - Processing file /home/airflow/.local/lib/python3.12/site-packages/airflow/example_dags/example_xcom.py for tasks to queue
[2025-02-19T03:52:35.336+0000] {logging_mixin.py:190} INFO - [2025-02-19T03:52:35.335+0000] {dagbag.py:588} INFO - Filling up the DagBag from /home/airflow/.local/lib/python3.12/site-packages/airflow/example_dags/example_xcom.py
[2025-02-19T03:52:35.352+0000] {processor.py:925} INFO - DAG(s) 'example_xcom' retrieved from /home/airflow/.local/lib/python3.12/site-packages/airflow/example_dags/example_xcom.py
[2025-02-19T03:52:35.390+0000] {logging_mixin.py:190} INFO - [2025-02-19T03:52:35.390+0000] {dag.py:3239} INFO - Sync 1 DAGs
[2025-02-19T03:52:35.436+0000] {logging_mixin.py:190} INFO - [2025-02-19T03:52:35.435+0000] {dag.py:4180} INFO - Setting next_dagrun for example_xcom to 2021-01-01 00:00:00+00:00, run_after=2021-01-01 00:00:00+00:00
[2025-02-19T03:52:35.473+0000] {processor.py:208} INFO - Processing /home/airflow/.local/lib/python3.12/site-packages/airflow/example_dags/example_xcom.py took 0.153 seconds
[2025-02-19T03:53:06.338+0000] {processor.py:186} INFO - Started process (PID=308) to work on /home/airflow/.local/lib/python3.12/site-packages/airflow/example_dags/example_xcom.py
[2025-02-19T03:53:06.340+0000] {processor.py:914} INFO - Processing file /home/airflow/.local/lib/python3.12/site-packages/airflow/example_dags/example_xcom.py for tasks to queue
[2025-02-19T03:53:06.342+0000] {logging_mixin.py:190} INFO - [2025-02-19T03:53:06.342+0000] {dagbag.py:588} INFO - Filling up the DagBag from /home/airflow/.local/lib/python3.12/site-packages/airflow/example_dags/example_xcom.py
[2025-02-19T03:53:06.366+0000] {processor.py:925} INFO - DAG(s) 'example_xcom' retrieved from /home/airflow/.local/lib/python3.12/site-packages/airflow/example_dags/example_xcom.py
[2025-02-19T03:53:06.406+0000] {logging_mixin.py:190} INFO - [2025-02-19T03:53:06.406+0000] {dag.py:3239} INFO - Sync 1 DAGs
[2025-02-19T03:53:06.440+0000] {logging_mixin.py:190} INFO - [2025-02-19T03:53:06.439+0000] {dag.py:4180} INFO - Setting next_dagrun for example_xcom to 2021-01-01 00:00:00+00:00, run_after=2021-01-01 00:00:00+00:00
[2025-02-19T03:53:06.473+0000] {processor.py:208} INFO - Processing /home/airflow/.local/lib/python3.12/site-packages/airflow/example_dags/example_xcom.py took 0.142 seconds
[2025-02-19T03:53:37.675+0000] {processor.py:186} INFO - Started process (PID=376) to work on /home/airflow/.local/lib/python3.12/site-packages/airflow/example_dags/example_xcom.py
[2025-02-19T03:53:37.677+0000] {processor.py:914} INFO - Processing file /home/airflow/.local/lib/python3.12/site-packages/airflow/example_dags/example_xcom.py for tasks to queue
[2025-02-19T03:53:37.679+0000] {logging_mixin.py:190} INFO - [2025-02-19T03:53:37.678+0000] {dagbag.py:588} INFO - Filling up the DagBag from /home/airflow/.local/lib/python3.12/site-packages/airflow/example_dags/example_xcom.py
[2025-02-19T03:53:37.691+0000] {processor.py:925} INFO - DAG(s) 'example_xcom' retrieved from /home/airflow/.local/lib/python3.12/site-packages/airflow/example_dags/example_xcom.py
[2025-02-19T03:53:37.728+0000] {logging_mixin.py:190} INFO - [2025-02-19T03:53:37.728+0000] {dag.py:3239} INFO - Sync 1 DAGs
[2025-02-19T03:53:37.776+0000] {logging_mixin.py:190} INFO - [2025-02-19T03:53:37.775+0000] {dag.py:4180} INFO - Setting next_dagrun for example_xcom to 2021-01-01 00:00:00+00:00, run_after=2021-01-01 00:00:00+00:00
[2025-02-19T03:53:37.806+0000] {processor.py:208} INFO - Processing /home/airflow/.local/lib/python3.12/site-packages/airflow/example_dags/example_xcom.py took 0.139 seconds
[2025-02-19T03:54:09.235+0000] {processor.py:186} INFO - Started process (PID=440) to work on /home/airflow/.local/lib/python3.12/site-packages/airflow/example_dags/example_xcom.py
[2025-02-19T03:54:09.240+0000] {processor.py:914} INFO - Processing file /home/airflow/.local/lib/python3.12/site-packages/airflow/example_dags/example_xcom.py for tasks to queue
[2025-02-19T03:54:09.244+0000] {logging_mixin.py:190} INFO - [2025-02-19T03:54:09.243+0000] {dagbag.py:588} INFO - Filling up the DagBag from /home/airflow/.local/lib/python3.12/site-packages/airflow/example_dags/example_xcom.py
[2025-02-19T03:54:09.267+0000] {processor.py:925} INFO - DAG(s) 'example_xcom' retrieved from /home/airflow/.local/lib/python3.12/site-packages/airflow/example_dags/example_xcom.py
[2025-02-19T03:54:09.326+0000] {logging_mixin.py:190} INFO - [2025-02-19T03:54:09.326+0000] {dag.py:3239} INFO - Sync 1 DAGs
[2025-02-19T03:54:09.375+0000] {logging_mixin.py:190} INFO - [2025-02-19T03:54:09.374+0000] {dag.py:4180} INFO - Setting next_dagrun for example_xcom to 2021-01-01 00:00:00+00:00, run_after=2021-01-01 00:00:00+00:00
[2025-02-19T03:54:09.426+0000] {processor.py:208} INFO - Processing /home/airflow/.local/lib/python3.12/site-packages/airflow/example_dags/example_xcom.py took 0.208 seconds
[2025-02-19T03:54:39.742+0000] {processor.py:186} INFO - Started process (PID=504) to work on /home/airflow/.local/lib/python3.12/site-packages/airflow/example_dags/example_xcom.py
[2025-02-19T03:54:39.743+0000] {processor.py:914} INFO - Processing file /home/airflow/.local/lib/python3.12/site-packages/airflow/example_dags/example_xcom.py for tasks to queue
[2025-02-19T03:54:39.745+0000] {logging_mixin.py:190} INFO - [2025-02-19T03:54:39.744+0000] {dagbag.py:588} INFO - Filling up the DagBag from /home/airflow/.local/lib/python3.12/site-packages/airflow/example_dags/example_xcom.py
[2025-02-19T03:54:39.758+0000] {processor.py:925} INFO - DAG(s) 'example_xcom' retrieved from /home/airflow/.local/lib/python3.12/site-packages/airflow/example_dags/example_xcom.py
[2025-02-19T03:54:39.796+0000] {logging_mixin.py:190} INFO - [2025-02-19T03:54:39.795+0000] {dag.py:3239} INFO - Sync 1 DAGs
[2025-02-19T03:54:39.838+0000] {logging_mixin.py:190} INFO - [2025-02-19T03:54:39.838+0000] {dag.py:4180} INFO - Setting next_dagrun for example_xcom to 2021-01-01 00:00:00+00:00, run_after=2021-01-01 00:00:00+00:00
[2025-02-19T03:54:39.882+0000] {processor.py:208} INFO - Processing /home/airflow/.local/lib/python3.12/site-packages/airflow/example_dags/example_xcom.py took 0.148 seconds
[2025-02-19T03:55:09.997+0000] {processor.py:186} INFO - Started process (PID=567) to work on /home/airflow/.local/lib/python3.12/site-packages/airflow/example_dags/example_xcom.py
[2025-02-19T03:55:09.998+0000] {processor.py:914} INFO - Processing file /home/airflow/.local/lib/python3.12/site-packages/airflow/example_dags/example_xcom.py for tasks to queue
[2025-02-19T03:55:10.000+0000] {logging_mixin.py:190} INFO - [2025-02-19T03:55:09.999+0000] {dagbag.py:588} INFO - Filling up the DagBag from /home/airflow/.local/lib/python3.12/site-packages/airflow/example_dags/example_xcom.py
[2025-02-19T03:55:10.013+0000] {processor.py:925} INFO - DAG(s) 'example_xcom' retrieved from /home/airflow/.local/lib/python3.12/site-packages/airflow/example_dags/example_xcom.py
[2025-02-19T03:55:10.041+0000] {logging_mixin.py:190} INFO - [2025-02-19T03:55:10.041+0000] {dag.py:3239} INFO - Sync 1 DAGs
[2025-02-19T03:55:10.076+0000] {logging_mixin.py:190} INFO - [2025-02-19T03:55:10.076+0000] {dag.py:4180} INFO - Setting next_dagrun for example_xcom to 2021-01-01 00:00:00+00:00, run_after=2021-01-01 00:00:00+00:00
[2025-02-19T03:55:10.123+0000] {processor.py:208} INFO - Processing /home/airflow/.local/lib/python3.12/site-packages/airflow/example_dags/example_xcom.py took 0.133 seconds
[2025-02-19T03:55:41.208+0000] {processor.py:186} INFO - Started process (PID=635) to work on /home/airflow/.local/lib/python3.12/site-packages/airflow/example_dags/example_xcom.py
[2025-02-19T03:55:41.209+0000] {processor.py:914} INFO - Processing file /home/airflow/.local/lib/python3.12/site-packages/airflow/example_dags/example_xcom.py for tasks to queue
[2025-02-19T03:55:41.211+0000] {logging_mixin.py:190} INFO - [2025-02-19T03:55:41.211+0000] {dagbag.py:588} INFO - Filling up the DagBag from /home/airflow/.local/lib/python3.12/site-packages/airflow/example_dags/example_xcom.py
[2025-02-19T03:55:41.233+0000] {processor.py:925} INFO - DAG(s) 'example_xcom' retrieved from /home/airflow/.local/lib/python3.12/site-packages/airflow/example_dags/example_xcom.py
[2025-02-19T03:55:41.272+0000] {logging_mixin.py:190} INFO - [2025-02-19T03:55:41.272+0000] {dag.py:3239} INFO - Sync 1 DAGs
[2025-02-19T03:55:41.308+0000] {logging_mixin.py:190} INFO - [2025-02-19T03:55:41.308+0000] {dag.py:4180} INFO - Setting next_dagrun for example_xcom to 2021-01-01 00:00:00+00:00, run_after=2021-01-01 00:00:00+00:00
[2025-02-19T03:55:41.334+0000] {processor.py:208} INFO - Processing /home/airflow/.local/lib/python3.12/site-packages/airflow/example_dags/example_xcom.py took 0.135 seconds
[2025-02-19T03:56:12.476+0000] {processor.py:186} INFO - Started process (PID=699) to work on /home/airflow/.local/lib/python3.12/site-packages/airflow/example_dags/example_xcom.py
[2025-02-19T03:56:12.477+0000] {processor.py:914} INFO - Processing file /home/airflow/.local/lib/python3.12/site-packages/airflow/example_dags/example_xcom.py for tasks to queue
[2025-02-19T03:56:12.479+0000] {logging_mixin.py:190} INFO - [2025-02-19T03:56:12.478+0000] {dagbag.py:588} INFO - Filling up the DagBag from /home/airflow/.local/lib/python3.12/site-packages/airflow/example_dags/example_xcom.py
[2025-02-19T03:56:12.489+0000] {processor.py:925} INFO - DAG(s) 'example_xcom' retrieved from /home/airflow/.local/lib/python3.12/site-packages/airflow/example_dags/example_xcom.py
[2025-02-19T03:56:12.513+0000] {logging_mixin.py:190} INFO - [2025-02-19T03:56:12.513+0000] {dag.py:3239} INFO - Sync 1 DAGs
[2025-02-19T03:56:12.536+0000] {logging_mixin.py:190} INFO - [2025-02-19T03:56:12.536+0000] {dag.py:4180} INFO - Setting next_dagrun for example_xcom to 2021-01-01 00:00:00+00:00, run_after=2021-01-01 00:00:00+00:00
[2025-02-19T03:56:12.555+0000] {processor.py:208} INFO - Processing /home/airflow/.local/lib/python3.12/site-packages/airflow/example_dags/example_xcom.py took 0.085 seconds
[2025-02-19T03:56:43.572+0000] {processor.py:186} INFO - Started process (PID=763) to work on /home/airflow/.local/lib/python3.12/site-packages/airflow/example_dags/example_xcom.py
[2025-02-19T03:56:43.573+0000] {processor.py:914} INFO - Processing file /home/airflow/.local/lib/python3.12/site-packages/airflow/example_dags/example_xcom.py for tasks to queue
[2025-02-19T03:56:43.575+0000] {logging_mixin.py:190} INFO - [2025-02-19T03:56:43.574+0000] {dagbag.py:588} INFO - Filling up the DagBag from /home/airflow/.local/lib/python3.12/site-packages/airflow/example_dags/example_xcom.py
[2025-02-19T03:56:43.587+0000] {processor.py:925} INFO - DAG(s) 'example_xcom' retrieved from /home/airflow/.local/lib/python3.12/site-packages/airflow/example_dags/example_xcom.py
[2025-02-19T03:56:43.613+0000] {logging_mixin.py:190} INFO - [2025-02-19T03:56:43.612+0000] {dag.py:3239} INFO - Sync 1 DAGs
[2025-02-19T03:56:43.636+0000] {logging_mixin.py:190} INFO - [2025-02-19T03:56:43.636+0000] {dag.py:4180} INFO - Setting next_dagrun for example_xcom to 2021-01-01 00:00:00+00:00, run_after=2021-01-01 00:00:00+00:00
[2025-02-19T03:56:43.655+0000] {processor.py:208} INFO - Processing /home/airflow/.local/lib/python3.12/site-packages/airflow/example_dags/example_xcom.py took 0.089 seconds
[2025-02-19T03:57:14.787+0000] {processor.py:186} INFO - Started process (PID=827) to work on /home/airflow/.local/lib/python3.12/site-packages/airflow/example_dags/example_xcom.py
[2025-02-19T03:57:14.788+0000] {processor.py:914} INFO - Processing file /home/airflow/.local/lib/python3.12/site-packages/airflow/example_dags/example_xcom.py for tasks to queue
[2025-02-19T03:57:14.792+0000] {logging_mixin.py:190} INFO - [2025-02-19T03:57:14.790+0000] {dagbag.py:588} INFO - Filling up the DagBag from /home/airflow/.local/lib/python3.12/site-packages/airflow/example_dags/example_xcom.py
[2025-02-19T03:57:14.807+0000] {processor.py:925} INFO - DAG(s) 'example_xcom' retrieved from /home/airflow/.local/lib/python3.12/site-packages/airflow/example_dags/example_xcom.py
[2025-02-19T03:57:14.846+0000] {logging_mixin.py:190} INFO - [2025-02-19T03:57:14.845+0000] {dag.py:3239} INFO - Sync 1 DAGs
[2025-02-19T03:57:14.892+0000] {logging_mixin.py:190} INFO - [2025-02-19T03:57:14.892+0000] {dag.py:4180} INFO - Setting next_dagrun for example_xcom to 2021-01-01 00:00:00+00:00, run_after=2021-01-01 00:00:00+00:00
[2025-02-19T03:57:14.926+0000] {processor.py:208} INFO - Processing /home/airflow/.local/lib/python3.12/site-packages/airflow/example_dags/example_xcom.py took 0.150 seconds
[2025-02-19T03:57:44.975+0000] {processor.py:186} INFO - Started process (PID=890) to work on /home/airflow/.local/lib/python3.12/site-packages/airflow/example_dags/example_xcom.py
[2025-02-19T03:57:44.976+0000] {processor.py:914} INFO - Processing file /home/airflow/.local/lib/python3.12/site-packages/airflow/example_dags/example_xcom.py for tasks to queue
[2025-02-19T03:57:44.977+0000] {logging_mixin.py:190} INFO - [2025-02-19T03:57:44.977+0000] {dagbag.py:588} INFO - Filling up the DagBag from /home/airflow/.local/lib/python3.12/site-packages/airflow/example_dags/example_xcom.py
[2025-02-19T03:57:44.991+0000] {processor.py:925} INFO - DAG(s) 'example_xcom' retrieved from /home/airflow/.local/lib/python3.12/site-packages/airflow/example_dags/example_xcom.py
[2025-02-19T03:57:45.022+0000] {logging_mixin.py:190} INFO - [2025-02-19T03:57:45.021+0000] {dag.py:3239} INFO - Sync 1 DAGs
[2025-02-19T03:57:45.051+0000] {logging_mixin.py:190} INFO - [2025-02-19T03:57:45.050+0000] {dag.py:4180} INFO - Setting next_dagrun for example_xcom to 2021-01-01 00:00:00+00:00, run_after=2021-01-01 00:00:00+00:00
[2025-02-19T03:57:45.086+0000] {processor.py:208} INFO - Processing /home/airflow/.local/lib/python3.12/site-packages/airflow/example_dags/example_xcom.py took 0.118 seconds
[2025-02-19T03:58:15.528+0000] {processor.py:186} INFO - Started process (PID=954) to work on /home/airflow/.local/lib/python3.12/site-packages/airflow/example_dags/example_xcom.py
[2025-02-19T03:58:15.529+0000] {processor.py:914} INFO - Processing file /home/airflow/.local/lib/python3.12/site-packages/airflow/example_dags/example_xcom.py for tasks to queue
[2025-02-19T03:58:15.530+0000] {logging_mixin.py:190} INFO - [2025-02-19T03:58:15.530+0000] {dagbag.py:588} INFO - Filling up the DagBag from /home/airflow/.local/lib/python3.12/site-packages/airflow/example_dags/example_xcom.py
[2025-02-19T03:58:15.542+0000] {processor.py:925} INFO - DAG(s) 'example_xcom' retrieved from /home/airflow/.local/lib/python3.12/site-packages/airflow/example_dags/example_xcom.py
[2025-02-19T03:58:15.568+0000] {logging_mixin.py:190} INFO - [2025-02-19T03:58:15.567+0000] {dag.py:3239} INFO - Sync 1 DAGs
[2025-02-19T03:58:15.593+0000] {logging_mixin.py:190} INFO - [2025-02-19T03:58:15.593+0000] {dag.py:4180} INFO - Setting next_dagrun for example_xcom to 2021-01-01 00:00:00+00:00, run_after=2021-01-01 00:00:00+00:00
[2025-02-19T03:58:15.616+0000] {processor.py:208} INFO - Processing /home/airflow/.local/lib/python3.12/site-packages/airflow/example_dags/example_xcom.py took 0.096 seconds
[2025-02-19T03:58:46.303+0000] {processor.py:186} INFO - Started process (PID=1018) to work on /home/airflow/.local/lib/python3.12/site-packages/airflow/example_dags/example_xcom.py
[2025-02-19T03:58:46.304+0000] {processor.py:914} INFO - Processing file /home/airflow/.local/lib/python3.12/site-packages/airflow/example_dags/example_xcom.py for tasks to queue
[2025-02-19T03:58:46.306+0000] {logging_mixin.py:190} INFO - [2025-02-19T03:58:46.305+0000] {dagbag.py:588} INFO - Filling up the DagBag from /home/airflow/.local/lib/python3.12/site-packages/airflow/example_dags/example_xcom.py
[2025-02-19T03:58:46.317+0000] {processor.py:925} INFO - DAG(s) 'example_xcom' retrieved from /home/airflow/.local/lib/python3.12/site-packages/airflow/example_dags/example_xcom.py
[2025-02-19T03:58:46.341+0000] {logging_mixin.py:190} INFO - [2025-02-19T03:58:46.341+0000] {dag.py:3239} INFO - Sync 1 DAGs
[2025-02-19T03:58:46.371+0000] {logging_mixin.py:190} INFO - [2025-02-19T03:58:46.370+0000] {dag.py:4180} INFO - Setting next_dagrun for example_xcom to 2021-01-01 00:00:00+00:00, run_after=2021-01-01 00:00:00+00:00
[2025-02-19T03:58:46.398+0000] {processor.py:208} INFO - Processing /home/airflow/.local/lib/python3.12/site-packages/airflow/example_dags/example_xcom.py took 0.101 seconds
[2025-02-19T03:59:17.168+0000] {processor.py:186} INFO - Started process (PID=1081) to work on /home/airflow/.local/lib/python3.12/site-packages/airflow/example_dags/example_xcom.py
[2025-02-19T03:59:17.170+0000] {processor.py:914} INFO - Processing file /home/airflow/.local/lib/python3.12/site-packages/airflow/example_dags/example_xcom.py for tasks to queue
[2025-02-19T03:59:17.172+0000] {logging_mixin.py:190} INFO - [2025-02-19T03:59:17.172+0000] {dagbag.py:588} INFO - Filling up the DagBag from /home/airflow/.local/lib/python3.12/site-packages/airflow/example_dags/example_xcom.py
[2025-02-19T03:59:17.188+0000] {processor.py:925} INFO - DAG(s) 'example_xcom' retrieved from /home/airflow/.local/lib/python3.12/site-packages/airflow/example_dags/example_xcom.py
[2025-02-19T03:59:17.232+0000] {logging_mixin.py:190} INFO - [2025-02-19T03:59:17.231+0000] {dag.py:3239} INFO - Sync 1 DAGs
[2025-02-19T03:59:17.269+0000] {logging_mixin.py:190} INFO - [2025-02-19T03:59:17.269+0000] {dag.py:4180} INFO - Setting next_dagrun for example_xcom to 2021-01-01 00:00:00+00:00, run_after=2021-01-01 00:00:00+00:00
[2025-02-19T03:59:17.305+0000] {processor.py:208} INFO - Processing /home/airflow/.local/lib/python3.12/site-packages/airflow/example_dags/example_xcom.py took 0.148 seconds
[2025-02-19T03:59:47.823+0000] {processor.py:186} INFO - Started process (PID=1145) to work on /home/airflow/.local/lib/python3.12/site-packages/airflow/example_dags/example_xcom.py
[2025-02-19T03:59:47.825+0000] {processor.py:914} INFO - Processing file /home/airflow/.local/lib/python3.12/site-packages/airflow/example_dags/example_xcom.py for tasks to queue
[2025-02-19T03:59:47.828+0000] {logging_mixin.py:190} INFO - [2025-02-19T03:59:47.827+0000] {dagbag.py:588} INFO - Filling up the DagBag from /home/airflow/.local/lib/python3.12/site-packages/airflow/example_dags/example_xcom.py
[2025-02-19T03:59:47.840+0000] {processor.py:925} INFO - DAG(s) 'example_xcom' retrieved from /home/airflow/.local/lib/python3.12/site-packages/airflow/example_dags/example_xcom.py
[2025-02-19T03:59:47.867+0000] {logging_mixin.py:190} INFO - [2025-02-19T03:59:47.867+0000] {dag.py:3239} INFO - Sync 1 DAGs
[2025-02-19T03:59:47.899+0000] {logging_mixin.py:190} INFO - [2025-02-19T03:59:47.898+0000] {dag.py:4180} INFO - Setting next_dagrun for example_xcom to 2021-01-01 00:00:00+00:00, run_after=2021-01-01 00:00:00+00:00
[2025-02-19T03:59:47.935+0000] {processor.py:208} INFO - Processing /home/airflow/.local/lib/python3.12/site-packages/airflow/example_dags/example_xcom.py took 0.119 seconds
[2025-02-19T04:00:18.216+0000] {processor.py:186} INFO - Started process (PID=1208) to work on /home/airflow/.local/lib/python3.12/site-packages/airflow/example_dags/example_xcom.py
[2025-02-19T04:00:18.217+0000] {processor.py:914} INFO - Processing file /home/airflow/.local/lib/python3.12/site-packages/airflow/example_dags/example_xcom.py for tasks to queue
[2025-02-19T04:00:18.219+0000] {logging_mixin.py:190} INFO - [2025-02-19T04:00:18.218+0000] {dagbag.py:588} INFO - Filling up the DagBag from /home/airflow/.local/lib/python3.12/site-packages/airflow/example_dags/example_xcom.py
[2025-02-19T04:00:18.235+0000] {processor.py:925} INFO - DAG(s) 'example_xcom' retrieved from /home/airflow/.local/lib/python3.12/site-packages/airflow/example_dags/example_xcom.py
[2025-02-19T04:00:18.264+0000] {logging_mixin.py:190} INFO - [2025-02-19T04:00:18.264+0000] {dag.py:3239} INFO - Sync 1 DAGs
[2025-02-19T04:00:18.291+0000] {logging_mixin.py:190} INFO - [2025-02-19T04:00:18.290+0000] {dag.py:4180} INFO - Setting next_dagrun for example_xcom to 2021-01-01 00:00:00+00:00, run_after=2021-01-01 00:00:00+00:00
[2025-02-19T04:00:18.317+0000] {processor.py:208} INFO - Processing /home/airflow/.local/lib/python3.12/site-packages/airflow/example_dags/example_xcom.py took 0.107 seconds
[2025-02-19T04:00:48.593+0000] {processor.py:186} INFO - Started process (PID=1272) to work on /home/airflow/.local/lib/python3.12/site-packages/airflow/example_dags/example_xcom.py
[2025-02-19T04:00:48.594+0000] {processor.py:914} INFO - Processing file /home/airflow/.local/lib/python3.12/site-packages/airflow/example_dags/example_xcom.py for tasks to queue
[2025-02-19T04:00:48.597+0000] {logging_mixin.py:190} INFO - [2025-02-19T04:00:48.596+0000] {dagbag.py:588} INFO - Filling up the DagBag from /home/airflow/.local/lib/python3.12/site-packages/airflow/example_dags/example_xcom.py
[2025-02-19T04:00:48.616+0000] {processor.py:925} INFO - DAG(s) 'example_xcom' retrieved from /home/airflow/.local/lib/python3.12/site-packages/airflow/example_dags/example_xcom.py
[2025-02-19T04:00:48.652+0000] {logging_mixin.py:190} INFO - [2025-02-19T04:00:48.651+0000] {dag.py:3239} INFO - Sync 1 DAGs
[2025-02-19T04:00:48.687+0000] {logging_mixin.py:190} INFO - [2025-02-19T04:00:48.686+0000] {dag.py:4180} INFO - Setting next_dagrun for example_xcom to 2021-01-01 00:00:00+00:00, run_after=2021-01-01 00:00:00+00:00
[2025-02-19T04:00:48.719+0000] {processor.py:208} INFO - Processing /home/airflow/.local/lib/python3.12/site-packages/airflow/example_dags/example_xcom.py took 0.135 seconds
[2025-02-19T04:01:19.542+0000] {processor.py:186} INFO - Started process (PID=1336) to work on /home/airflow/.local/lib/python3.12/site-packages/airflow/example_dags/example_xcom.py
[2025-02-19T04:01:19.542+0000] {processor.py:914} INFO - Processing file /home/airflow/.local/lib/python3.12/site-packages/airflow/example_dags/example_xcom.py for tasks to queue
[2025-02-19T04:01:19.543+0000] {logging_mixin.py:190} INFO - [2025-02-19T04:01:19.543+0000] {dagbag.py:588} INFO - Filling up the DagBag from /home/airflow/.local/lib/python3.12/site-packages/airflow/example_dags/example_xcom.py
[2025-02-19T04:01:19.554+0000] {processor.py:925} INFO - DAG(s) 'example_xcom' retrieved from /home/airflow/.local/lib/python3.12/site-packages/airflow/example_dags/example_xcom.py
[2025-02-19T04:01:19.575+0000] {logging_mixin.py:190} INFO - [2025-02-19T04:01:19.575+0000] {dag.py:3239} INFO - Sync 1 DAGs
[2025-02-19T04:01:19.598+0000] {logging_mixin.py:190} INFO - [2025-02-19T04:01:19.598+0000] {dag.py:4180} INFO - Setting next_dagrun for example_xcom to 2021-01-01 00:00:00+00:00, run_after=2021-01-01 00:00:00+00:00
[2025-02-19T04:01:19.618+0000] {processor.py:208} INFO - Processing /home/airflow/.local/lib/python3.12/site-packages/airflow/example_dags/example_xcom.py took 0.082 seconds
[2025-02-19T04:01:51.051+0000] {processor.py:186} INFO - Started process (PID=1405) to work on /home/airflow/.local/lib/python3.12/site-packages/airflow/example_dags/example_xcom.py
[2025-02-19T04:01:51.061+0000] {processor.py:914} INFO - Processing file /home/airflow/.local/lib/python3.12/site-packages/airflow/example_dags/example_xcom.py for tasks to queue
[2025-02-19T04:01:51.076+0000] {logging_mixin.py:190} INFO - [2025-02-19T04:01:51.075+0000] {dagbag.py:588} INFO - Filling up the DagBag from /home/airflow/.local/lib/python3.12/site-packages/airflow/example_dags/example_xcom.py
[2025-02-19T04:01:51.116+0000] {processor.py:925} INFO - DAG(s) 'example_xcom' retrieved from /home/airflow/.local/lib/python3.12/site-packages/airflow/example_dags/example_xcom.py
[2025-02-19T04:01:51.192+0000] {logging_mixin.py:190} INFO - [2025-02-19T04:01:51.192+0000] {dag.py:3239} INFO - Sync 1 DAGs
[2025-02-19T04:01:51.278+0000] {logging_mixin.py:190} INFO - [2025-02-19T04:01:51.278+0000] {dag.py:4180} INFO - Setting next_dagrun for example_xcom to 2021-01-01 00:00:00+00:00, run_after=2021-01-01 00:00:00+00:00
[2025-02-19T04:01:51.391+0000] {processor.py:208} INFO - Processing /home/airflow/.local/lib/python3.12/site-packages/airflow/example_dags/example_xcom.py took 0.356 seconds
