[2025-02-19T03:51:36.467+0000] {processor.py:186} INFO - Started process (PID=126) to work on /home/airflow/.local/lib/python3.12/site-packages/airflow/example_dags/example_task_group_decorator.py
[2025-02-19T03:51:36.468+0000] {processor.py:914} INFO - Processing file /home/airflow/.local/lib/python3.12/site-packages/airflow/example_dags/example_task_group_decorator.py for tasks to queue
[2025-02-19T03:51:36.469+0000] {logging_mixin.py:190} INFO - [2025-02-19T03:51:36.469+0000] {dagbag.py:588} INFO - Filling up the DagBag from /home/airflow/.local/lib/python3.12/site-packages/airflow/example_dags/example_task_group_decorator.py
[2025-02-19T03:51:36.500+0000] {processor.py:925} INFO - DAG(s) 'example_task_group_decorator' retrieved from /home/airflow/.local/lib/python3.12/site-packages/airflow/example_dags/example_task_group_decorator.py
[2025-02-19T03:51:36.674+0000] {logging_mixin.py:190} INFO - [2025-02-19T03:51:36.670+0000] {override.py:1911} INFO - Created Permission View: can read on DAG:example_task_group_decorator
[2025-02-19T03:51:36.699+0000] {logging_mixin.py:190} INFO - [2025-02-19T03:51:36.699+0000] {override.py:1911} INFO - Created Permission View: can delete on DAG:example_task_group_decorator
[2025-02-19T03:51:36.719+0000] {logging_mixin.py:190} INFO - [2025-02-19T03:51:36.718+0000] {override.py:1911} INFO - Created Permission View: can edit on DAG:example_task_group_decorator
[2025-02-19T03:51:36.740+0000] {logging_mixin.py:190} INFO - [2025-02-19T03:51:36.739+0000] {override.py:1911} INFO - Created Permission View: can read on DAG Run:example_task_group_decorator
[2025-02-19T03:51:36.762+0000] {logging_mixin.py:190} INFO - [2025-02-19T03:51:36.762+0000] {override.py:1911} INFO - Created Permission View: can delete on DAG Run:example_task_group_decorator
[2025-02-19T03:51:36.811+0000] {logging_mixin.py:190} INFO - [2025-02-19T03:51:36.810+0000] {override.py:1911} INFO - Created Permission View: can create on DAG Run:example_task_group_decorator
[2025-02-19T03:51:36.834+0000] {logging_mixin.py:190} INFO - [2025-02-19T03:51:36.833+0000] {override.py:1911} INFO - Created Permission View: menu access on DAG Run:example_task_group_decorator
[2025-02-19T03:51:36.835+0000] {logging_mixin.py:190} INFO - [2025-02-19T03:51:36.835+0000] {dag.py:3239} INFO - Sync 1 DAGs
[2025-02-19T03:51:36.861+0000] {logging_mixin.py:190} INFO - [2025-02-19T03:51:36.860+0000] {dag.py:3262} INFO - Creating ORM DAG for example_task_group_decorator
[2025-02-19T03:51:36.862+0000] {logging_mixin.py:190} INFO - [2025-02-19T03:51:36.862+0000] {dag.py:4180} INFO - Setting next_dagrun for example_task_group_decorator to None, run_after=None
[2025-02-19T03:51:36.902+0000] {processor.py:208} INFO - Processing /home/airflow/.local/lib/python3.12/site-packages/airflow/example_dags/example_task_group_decorator.py took 0.441 seconds
[2025-02-19T03:52:07.064+0000] {processor.py:186} INFO - Started process (PID=190) to work on /home/airflow/.local/lib/python3.12/site-packages/airflow/example_dags/example_task_group_decorator.py
[2025-02-19T03:52:07.066+0000] {processor.py:914} INFO - Processing file /home/airflow/.local/lib/python3.12/site-packages/airflow/example_dags/example_task_group_decorator.py for tasks to queue
[2025-02-19T03:52:07.068+0000] {logging_mixin.py:190} INFO - [2025-02-19T03:52:07.068+0000] {dagbag.py:588} INFO - Filling up the DagBag from /home/airflow/.local/lib/python3.12/site-packages/airflow/example_dags/example_task_group_decorator.py
[2025-02-19T03:52:07.087+0000] {processor.py:925} INFO - DAG(s) 'example_task_group_decorator' retrieved from /home/airflow/.local/lib/python3.12/site-packages/airflow/example_dags/example_task_group_decorator.py
[2025-02-19T03:52:07.118+0000] {logging_mixin.py:190} INFO - [2025-02-19T03:52:07.118+0000] {dag.py:3239} INFO - Sync 1 DAGs
[2025-02-19T03:52:07.141+0000] {logging_mixin.py:190} INFO - [2025-02-19T03:52:07.141+0000] {dag.py:4180} INFO - Setting next_dagrun for example_task_group_decorator to None, run_after=None
[2025-02-19T03:52:07.180+0000] {processor.py:208} INFO - Processing /home/airflow/.local/lib/python3.12/site-packages/airflow/example_dags/example_task_group_decorator.py took 0.125 seconds
[2025-02-19T03:52:38.117+0000] {processor.py:186} INFO - Started process (PID=254) to work on /home/airflow/.local/lib/python3.12/site-packages/airflow/example_dags/example_task_group_decorator.py
[2025-02-19T03:52:38.118+0000] {processor.py:914} INFO - Processing file /home/airflow/.local/lib/python3.12/site-packages/airflow/example_dags/example_task_group_decorator.py for tasks to queue
[2025-02-19T03:52:38.120+0000] {logging_mixin.py:190} INFO - [2025-02-19T03:52:38.120+0000] {dagbag.py:588} INFO - Filling up the DagBag from /home/airflow/.local/lib/python3.12/site-packages/airflow/example_dags/example_task_group_decorator.py
[2025-02-19T03:52:38.141+0000] {processor.py:925} INFO - DAG(s) 'example_task_group_decorator' retrieved from /home/airflow/.local/lib/python3.12/site-packages/airflow/example_dags/example_task_group_decorator.py
[2025-02-19T03:52:38.170+0000] {logging_mixin.py:190} INFO - [2025-02-19T03:52:38.170+0000] {dag.py:3239} INFO - Sync 1 DAGs
[2025-02-19T03:52:38.187+0000] {logging_mixin.py:190} INFO - [2025-02-19T03:52:38.187+0000] {dag.py:4180} INFO - Setting next_dagrun for example_task_group_decorator to None, run_after=None
[2025-02-19T03:52:38.216+0000] {processor.py:208} INFO - Processing /home/airflow/.local/lib/python3.12/site-packages/airflow/example_dags/example_task_group_decorator.py took 0.108 seconds
[2025-02-19T03:53:08.510+0000] {processor.py:186} INFO - Started process (PID=322) to work on /home/airflow/.local/lib/python3.12/site-packages/airflow/example_dags/example_task_group_decorator.py
[2025-02-19T03:53:08.511+0000] {processor.py:914} INFO - Processing file /home/airflow/.local/lib/python3.12/site-packages/airflow/example_dags/example_task_group_decorator.py for tasks to queue
[2025-02-19T03:53:08.513+0000] {logging_mixin.py:190} INFO - [2025-02-19T03:53:08.513+0000] {dagbag.py:588} INFO - Filling up the DagBag from /home/airflow/.local/lib/python3.12/site-packages/airflow/example_dags/example_task_group_decorator.py
[2025-02-19T03:53:08.544+0000] {processor.py:925} INFO - DAG(s) 'example_task_group_decorator' retrieved from /home/airflow/.local/lib/python3.12/site-packages/airflow/example_dags/example_task_group_decorator.py
[2025-02-19T03:53:08.581+0000] {logging_mixin.py:190} INFO - [2025-02-19T03:53:08.581+0000] {dag.py:3239} INFO - Sync 1 DAGs
[2025-02-19T03:53:08.603+0000] {logging_mixin.py:190} INFO - [2025-02-19T03:53:08.603+0000] {dag.py:4180} INFO - Setting next_dagrun for example_task_group_decorator to None, run_after=None
[2025-02-19T03:53:08.636+0000] {processor.py:208} INFO - Processing /home/airflow/.local/lib/python3.12/site-packages/airflow/example_dags/example_task_group_decorator.py took 0.138 seconds
[2025-02-19T03:53:39.253+0000] {processor.py:186} INFO - Started process (PID=386) to work on /home/airflow/.local/lib/python3.12/site-packages/airflow/example_dags/example_task_group_decorator.py
[2025-02-19T03:53:39.255+0000] {processor.py:914} INFO - Processing file /home/airflow/.local/lib/python3.12/site-packages/airflow/example_dags/example_task_group_decorator.py for tasks to queue
[2025-02-19T03:53:39.257+0000] {logging_mixin.py:190} INFO - [2025-02-19T03:53:39.257+0000] {dagbag.py:588} INFO - Filling up the DagBag from /home/airflow/.local/lib/python3.12/site-packages/airflow/example_dags/example_task_group_decorator.py
[2025-02-19T03:53:39.280+0000] {processor.py:925} INFO - DAG(s) 'example_task_group_decorator' retrieved from /home/airflow/.local/lib/python3.12/site-packages/airflow/example_dags/example_task_group_decorator.py
[2025-02-19T03:53:39.317+0000] {logging_mixin.py:190} INFO - [2025-02-19T03:53:39.317+0000] {dag.py:3239} INFO - Sync 1 DAGs
[2025-02-19T03:53:39.336+0000] {logging_mixin.py:190} INFO - [2025-02-19T03:53:39.336+0000] {dag.py:4180} INFO - Setting next_dagrun for example_task_group_decorator to None, run_after=None
[2025-02-19T03:53:39.365+0000] {processor.py:208} INFO - Processing /home/airflow/.local/lib/python3.12/site-packages/airflow/example_dags/example_task_group_decorator.py took 0.121 seconds
[2025-02-19T03:54:10.819+0000] {processor.py:186} INFO - Started process (PID=450) to work on /home/airflow/.local/lib/python3.12/site-packages/airflow/example_dags/example_task_group_decorator.py
[2025-02-19T03:54:10.820+0000] {processor.py:914} INFO - Processing file /home/airflow/.local/lib/python3.12/site-packages/airflow/example_dags/example_task_group_decorator.py for tasks to queue
[2025-02-19T03:54:10.823+0000] {logging_mixin.py:190} INFO - [2025-02-19T03:54:10.822+0000] {dagbag.py:588} INFO - Filling up the DagBag from /home/airflow/.local/lib/python3.12/site-packages/airflow/example_dags/example_task_group_decorator.py
[2025-02-19T03:54:10.855+0000] {processor.py:925} INFO - DAG(s) 'example_task_group_decorator' retrieved from /home/airflow/.local/lib/python3.12/site-packages/airflow/example_dags/example_task_group_decorator.py
[2025-02-19T03:54:10.911+0000] {logging_mixin.py:190} INFO - [2025-02-19T03:54:10.910+0000] {dag.py:3239} INFO - Sync 1 DAGs
[2025-02-19T03:54:10.940+0000] {logging_mixin.py:190} INFO - [2025-02-19T03:54:10.940+0000] {dag.py:4180} INFO - Setting next_dagrun for example_task_group_decorator to None, run_after=None
[2025-02-19T03:54:10.976+0000] {processor.py:208} INFO - Processing /home/airflow/.local/lib/python3.12/site-packages/airflow/example_dags/example_task_group_decorator.py took 0.167 seconds
[2025-02-19T03:54:41.078+0000] {processor.py:186} INFO - Started process (PID=513) to work on /home/airflow/.local/lib/python3.12/site-packages/airflow/example_dags/example_task_group_decorator.py
[2025-02-19T03:54:41.080+0000] {processor.py:914} INFO - Processing file /home/airflow/.local/lib/python3.12/site-packages/airflow/example_dags/example_task_group_decorator.py for tasks to queue
[2025-02-19T03:54:41.082+0000] {logging_mixin.py:190} INFO - [2025-02-19T03:54:41.081+0000] {dagbag.py:588} INFO - Filling up the DagBag from /home/airflow/.local/lib/python3.12/site-packages/airflow/example_dags/example_task_group_decorator.py
[2025-02-19T03:54:41.112+0000] {processor.py:925} INFO - DAG(s) 'example_task_group_decorator' retrieved from /home/airflow/.local/lib/python3.12/site-packages/airflow/example_dags/example_task_group_decorator.py
[2025-02-19T03:54:41.155+0000] {logging_mixin.py:190} INFO - [2025-02-19T03:54:41.154+0000] {dag.py:3239} INFO - Sync 1 DAGs
[2025-02-19T03:54:41.181+0000] {logging_mixin.py:190} INFO - [2025-02-19T03:54:41.181+0000] {dag.py:4180} INFO - Setting next_dagrun for example_task_group_decorator to None, run_after=None
[2025-02-19T03:54:41.215+0000] {processor.py:208} INFO - Processing /home/airflow/.local/lib/python3.12/site-packages/airflow/example_dags/example_task_group_decorator.py took 0.145 seconds
[2025-02-19T03:55:12.490+0000] {processor.py:186} INFO - Started process (PID=577) to work on /home/airflow/.local/lib/python3.12/site-packages/airflow/example_dags/example_task_group_decorator.py
[2025-02-19T03:55:12.491+0000] {processor.py:914} INFO - Processing file /home/airflow/.local/lib/python3.12/site-packages/airflow/example_dags/example_task_group_decorator.py for tasks to queue
[2025-02-19T03:55:12.493+0000] {logging_mixin.py:190} INFO - [2025-02-19T03:55:12.492+0000] {dagbag.py:588} INFO - Filling up the DagBag from /home/airflow/.local/lib/python3.12/site-packages/airflow/example_dags/example_task_group_decorator.py
[2025-02-19T03:55:12.516+0000] {processor.py:925} INFO - DAG(s) 'example_task_group_decorator' retrieved from /home/airflow/.local/lib/python3.12/site-packages/airflow/example_dags/example_task_group_decorator.py
[2025-02-19T03:55:12.555+0000] {logging_mixin.py:190} INFO - [2025-02-19T03:55:12.555+0000] {dag.py:3239} INFO - Sync 1 DAGs
[2025-02-19T03:55:12.580+0000] {logging_mixin.py:190} INFO - [2025-02-19T03:55:12.579+0000] {dag.py:4180} INFO - Setting next_dagrun for example_task_group_decorator to None, run_after=None
[2025-02-19T03:55:12.606+0000] {processor.py:208} INFO - Processing /home/airflow/.local/lib/python3.12/site-packages/airflow/example_dags/example_task_group_decorator.py took 0.125 seconds
[2025-02-19T03:55:43.324+0000] {processor.py:186} INFO - Started process (PID=645) to work on /home/airflow/.local/lib/python3.12/site-packages/airflow/example_dags/example_task_group_decorator.py
[2025-02-19T03:55:43.325+0000] {processor.py:914} INFO - Processing file /home/airflow/.local/lib/python3.12/site-packages/airflow/example_dags/example_task_group_decorator.py for tasks to queue
[2025-02-19T03:55:43.327+0000] {logging_mixin.py:190} INFO - [2025-02-19T03:55:43.327+0000] {dagbag.py:588} INFO - Filling up the DagBag from /home/airflow/.local/lib/python3.12/site-packages/airflow/example_dags/example_task_group_decorator.py
[2025-02-19T03:55:43.347+0000] {processor.py:925} INFO - DAG(s) 'example_task_group_decorator' retrieved from /home/airflow/.local/lib/python3.12/site-packages/airflow/example_dags/example_task_group_decorator.py
[2025-02-19T03:55:43.382+0000] {logging_mixin.py:190} INFO - [2025-02-19T03:55:43.382+0000] {dag.py:3239} INFO - Sync 1 DAGs
[2025-02-19T03:55:43.404+0000] {logging_mixin.py:190} INFO - [2025-02-19T03:55:43.404+0000] {dag.py:4180} INFO - Setting next_dagrun for example_task_group_decorator to None, run_after=None
[2025-02-19T03:55:43.459+0000] {processor.py:208} INFO - Processing /home/airflow/.local/lib/python3.12/site-packages/airflow/example_dags/example_task_group_decorator.py took 0.143 seconds
[2025-02-19T03:56:14.367+0000] {processor.py:186} INFO - Started process (PID=709) to work on /home/airflow/.local/lib/python3.12/site-packages/airflow/example_dags/example_task_group_decorator.py
[2025-02-19T03:56:14.368+0000] {processor.py:914} INFO - Processing file /home/airflow/.local/lib/python3.12/site-packages/airflow/example_dags/example_task_group_decorator.py for tasks to queue
[2025-02-19T03:56:14.371+0000] {logging_mixin.py:190} INFO - [2025-02-19T03:56:14.370+0000] {dagbag.py:588} INFO - Filling up the DagBag from /home/airflow/.local/lib/python3.12/site-packages/airflow/example_dags/example_task_group_decorator.py
[2025-02-19T03:56:14.426+0000] {processor.py:925} INFO - DAG(s) 'example_task_group_decorator' retrieved from /home/airflow/.local/lib/python3.12/site-packages/airflow/example_dags/example_task_group_decorator.py
[2025-02-19T03:56:14.502+0000] {logging_mixin.py:190} INFO - [2025-02-19T03:56:14.501+0000] {dag.py:3239} INFO - Sync 1 DAGs
[2025-02-19T03:56:14.541+0000] {logging_mixin.py:190} INFO - [2025-02-19T03:56:14.540+0000] {dag.py:4180} INFO - Setting next_dagrun for example_task_group_decorator to None, run_after=None
[2025-02-19T03:56:14.576+0000] {processor.py:208} INFO - Processing /home/airflow/.local/lib/python3.12/site-packages/airflow/example_dags/example_task_group_decorator.py took 0.220 seconds
[2025-02-19T03:56:45.381+0000] {processor.py:186} INFO - Started process (PID=773) to work on /home/airflow/.local/lib/python3.12/site-packages/airflow/example_dags/example_task_group_decorator.py
[2025-02-19T03:56:45.381+0000] {processor.py:914} INFO - Processing file /home/airflow/.local/lib/python3.12/site-packages/airflow/example_dags/example_task_group_decorator.py for tasks to queue
[2025-02-19T03:56:45.383+0000] {logging_mixin.py:190} INFO - [2025-02-19T03:56:45.383+0000] {dagbag.py:588} INFO - Filling up the DagBag from /home/airflow/.local/lib/python3.12/site-packages/airflow/example_dags/example_task_group_decorator.py
[2025-02-19T03:56:45.400+0000] {processor.py:925} INFO - DAG(s) 'example_task_group_decorator' retrieved from /home/airflow/.local/lib/python3.12/site-packages/airflow/example_dags/example_task_group_decorator.py
[2025-02-19T03:56:45.436+0000] {logging_mixin.py:190} INFO - [2025-02-19T03:56:45.435+0000] {dag.py:3239} INFO - Sync 1 DAGs
[2025-02-19T03:56:45.455+0000] {logging_mixin.py:190} INFO - [2025-02-19T03:56:45.455+0000] {dag.py:4180} INFO - Setting next_dagrun for example_task_group_decorator to None, run_after=None
[2025-02-19T03:56:45.485+0000] {processor.py:208} INFO - Processing /home/airflow/.local/lib/python3.12/site-packages/airflow/example_dags/example_task_group_decorator.py took 0.111 seconds
[2025-02-19T03:57:16.205+0000] {processor.py:186} INFO - Started process (PID=836) to work on /home/airflow/.local/lib/python3.12/site-packages/airflow/example_dags/example_task_group_decorator.py
[2025-02-19T03:57:16.207+0000] {processor.py:914} INFO - Processing file /home/airflow/.local/lib/python3.12/site-packages/airflow/example_dags/example_task_group_decorator.py for tasks to queue
[2025-02-19T03:57:16.209+0000] {logging_mixin.py:190} INFO - [2025-02-19T03:57:16.209+0000] {dagbag.py:588} INFO - Filling up the DagBag from /home/airflow/.local/lib/python3.12/site-packages/airflow/example_dags/example_task_group_decorator.py
[2025-02-19T03:57:16.237+0000] {processor.py:925} INFO - DAG(s) 'example_task_group_decorator' retrieved from /home/airflow/.local/lib/python3.12/site-packages/airflow/example_dags/example_task_group_decorator.py
[2025-02-19T03:57:16.291+0000] {logging_mixin.py:190} INFO - [2025-02-19T03:57:16.290+0000] {dag.py:3239} INFO - Sync 1 DAGs
[2025-02-19T03:57:16.331+0000] {logging_mixin.py:190} INFO - [2025-02-19T03:57:16.331+0000] {dag.py:4180} INFO - Setting next_dagrun for example_task_group_decorator to None, run_after=None
[2025-02-19T03:57:16.377+0000] {processor.py:208} INFO - Processing /home/airflow/.local/lib/python3.12/site-packages/airflow/example_dags/example_task_group_decorator.py took 0.182 seconds
[2025-02-19T03:57:47.067+0000] {processor.py:186} INFO - Started process (PID=900) to work on /home/airflow/.local/lib/python3.12/site-packages/airflow/example_dags/example_task_group_decorator.py
[2025-02-19T03:57:47.068+0000] {processor.py:914} INFO - Processing file /home/airflow/.local/lib/python3.12/site-packages/airflow/example_dags/example_task_group_decorator.py for tasks to queue
[2025-02-19T03:57:47.071+0000] {logging_mixin.py:190} INFO - [2025-02-19T03:57:47.071+0000] {dagbag.py:588} INFO - Filling up the DagBag from /home/airflow/.local/lib/python3.12/site-packages/airflow/example_dags/example_task_group_decorator.py
[2025-02-19T03:57:47.094+0000] {processor.py:925} INFO - DAG(s) 'example_task_group_decorator' retrieved from /home/airflow/.local/lib/python3.12/site-packages/airflow/example_dags/example_task_group_decorator.py
[2025-02-19T03:57:47.137+0000] {logging_mixin.py:190} INFO - [2025-02-19T03:57:47.137+0000] {dag.py:3239} INFO - Sync 1 DAGs
[2025-02-19T03:57:47.159+0000] {logging_mixin.py:190} INFO - [2025-02-19T03:57:47.159+0000] {dag.py:4180} INFO - Setting next_dagrun for example_task_group_decorator to None, run_after=None
[2025-02-19T03:57:47.186+0000] {processor.py:208} INFO - Processing /home/airflow/.local/lib/python3.12/site-packages/airflow/example_dags/example_task_group_decorator.py took 0.132 seconds
[2025-02-19T03:58:17.826+0000] {processor.py:186} INFO - Started process (PID=964) to work on /home/airflow/.local/lib/python3.12/site-packages/airflow/example_dags/example_task_group_decorator.py
[2025-02-19T03:58:17.827+0000] {processor.py:914} INFO - Processing file /home/airflow/.local/lib/python3.12/site-packages/airflow/example_dags/example_task_group_decorator.py for tasks to queue
[2025-02-19T03:58:17.830+0000] {logging_mixin.py:190} INFO - [2025-02-19T03:58:17.829+0000] {dagbag.py:588} INFO - Filling up the DagBag from /home/airflow/.local/lib/python3.12/site-packages/airflow/example_dags/example_task_group_decorator.py
[2025-02-19T03:58:17.850+0000] {processor.py:925} INFO - DAG(s) 'example_task_group_decorator' retrieved from /home/airflow/.local/lib/python3.12/site-packages/airflow/example_dags/example_task_group_decorator.py
[2025-02-19T03:58:17.886+0000] {logging_mixin.py:190} INFO - [2025-02-19T03:58:17.886+0000] {dag.py:3239} INFO - Sync 1 DAGs
[2025-02-19T03:58:17.911+0000] {logging_mixin.py:190} INFO - [2025-02-19T03:58:17.910+0000] {dag.py:4180} INFO - Setting next_dagrun for example_task_group_decorator to None, run_after=None
[2025-02-19T03:58:17.942+0000] {processor.py:208} INFO - Processing /home/airflow/.local/lib/python3.12/site-packages/airflow/example_dags/example_task_group_decorator.py took 0.124 seconds
[2025-02-19T03:58:48.974+0000] {processor.py:186} INFO - Started process (PID=1028) to work on /home/airflow/.local/lib/python3.12/site-packages/airflow/example_dags/example_task_group_decorator.py
[2025-02-19T03:58:48.975+0000] {processor.py:914} INFO - Processing file /home/airflow/.local/lib/python3.12/site-packages/airflow/example_dags/example_task_group_decorator.py for tasks to queue
[2025-02-19T03:58:48.977+0000] {logging_mixin.py:190} INFO - [2025-02-19T03:58:48.977+0000] {dagbag.py:588} INFO - Filling up the DagBag from /home/airflow/.local/lib/python3.12/site-packages/airflow/example_dags/example_task_group_decorator.py
[2025-02-19T03:58:48.997+0000] {processor.py:925} INFO - DAG(s) 'example_task_group_decorator' retrieved from /home/airflow/.local/lib/python3.12/site-packages/airflow/example_dags/example_task_group_decorator.py
[2025-02-19T03:58:49.030+0000] {logging_mixin.py:190} INFO - [2025-02-19T03:58:49.029+0000] {dag.py:3239} INFO - Sync 1 DAGs
[2025-02-19T03:58:49.052+0000] {logging_mixin.py:190} INFO - [2025-02-19T03:58:49.052+0000] {dag.py:4180} INFO - Setting next_dagrun for example_task_group_decorator to None, run_after=None
[2025-02-19T03:58:49.086+0000] {processor.py:208} INFO - Processing /home/airflow/.local/lib/python3.12/site-packages/airflow/example_dags/example_task_group_decorator.py took 0.119 seconds
[2025-02-19T03:59:19.805+0000] {processor.py:186} INFO - Started process (PID=1090) to work on /home/airflow/.local/lib/python3.12/site-packages/airflow/example_dags/example_task_group_decorator.py
[2025-02-19T03:59:19.806+0000] {processor.py:914} INFO - Processing file /home/airflow/.local/lib/python3.12/site-packages/airflow/example_dags/example_task_group_decorator.py for tasks to queue
[2025-02-19T03:59:19.809+0000] {logging_mixin.py:190} INFO - [2025-02-19T03:59:19.808+0000] {dagbag.py:588} INFO - Filling up the DagBag from /home/airflow/.local/lib/python3.12/site-packages/airflow/example_dags/example_task_group_decorator.py
[2025-02-19T03:59:19.827+0000] {processor.py:925} INFO - DAG(s) 'example_task_group_decorator' retrieved from /home/airflow/.local/lib/python3.12/site-packages/airflow/example_dags/example_task_group_decorator.py
[2025-02-19T03:59:19.870+0000] {logging_mixin.py:190} INFO - [2025-02-19T03:59:19.870+0000] {dag.py:3239} INFO - Sync 1 DAGs
[2025-02-19T03:59:19.895+0000] {logging_mixin.py:190} INFO - [2025-02-19T03:59:19.894+0000] {dag.py:4180} INFO - Setting next_dagrun for example_task_group_decorator to None, run_after=None
[2025-02-19T03:59:19.917+0000] {processor.py:208} INFO - Processing /home/airflow/.local/lib/python3.12/site-packages/airflow/example_dags/example_task_group_decorator.py took 0.118 seconds
[2025-02-19T03:59:50.036+0000] {processor.py:186} INFO - Started process (PID=1160) to work on /home/airflow/.local/lib/python3.12/site-packages/airflow/example_dags/example_task_group_decorator.py
[2025-02-19T03:59:50.038+0000] {processor.py:914} INFO - Processing file /home/airflow/.local/lib/python3.12/site-packages/airflow/example_dags/example_task_group_decorator.py for tasks to queue
[2025-02-19T03:59:50.042+0000] {logging_mixin.py:190} INFO - [2025-02-19T03:59:50.041+0000] {dagbag.py:588} INFO - Filling up the DagBag from /home/airflow/.local/lib/python3.12/site-packages/airflow/example_dags/example_task_group_decorator.py
[2025-02-19T03:59:50.080+0000] {processor.py:925} INFO - DAG(s) 'example_task_group_decorator' retrieved from /home/airflow/.local/lib/python3.12/site-packages/airflow/example_dags/example_task_group_decorator.py
[2025-02-19T03:59:50.147+0000] {logging_mixin.py:190} INFO - [2025-02-19T03:59:50.147+0000] {dag.py:3239} INFO - Sync 1 DAGs
[2025-02-19T03:59:50.183+0000] {logging_mixin.py:190} INFO - [2025-02-19T03:59:50.183+0000] {dag.py:4180} INFO - Setting next_dagrun for example_task_group_decorator to None, run_after=None
[2025-02-19T03:59:50.259+0000] {processor.py:208} INFO - Processing /home/airflow/.local/lib/python3.12/site-packages/airflow/example_dags/example_task_group_decorator.py took 0.238 seconds
[2025-02-19T04:00:21.135+0000] {processor.py:186} INFO - Started process (PID=1224) to work on /home/airflow/.local/lib/python3.12/site-packages/airflow/example_dags/example_task_group_decorator.py
[2025-02-19T04:00:21.136+0000] {processor.py:914} INFO - Processing file /home/airflow/.local/lib/python3.12/site-packages/airflow/example_dags/example_task_group_decorator.py for tasks to queue
[2025-02-19T04:00:21.137+0000] {logging_mixin.py:190} INFO - [2025-02-19T04:00:21.137+0000] {dagbag.py:588} INFO - Filling up the DagBag from /home/airflow/.local/lib/python3.12/site-packages/airflow/example_dags/example_task_group_decorator.py
[2025-02-19T04:00:21.152+0000] {processor.py:925} INFO - DAG(s) 'example_task_group_decorator' retrieved from /home/airflow/.local/lib/python3.12/site-packages/airflow/example_dags/example_task_group_decorator.py
[2025-02-19T04:00:21.179+0000] {logging_mixin.py:190} INFO - [2025-02-19T04:00:21.179+0000] {dag.py:3239} INFO - Sync 1 DAGs
[2025-02-19T04:00:21.196+0000] {logging_mixin.py:190} INFO - [2025-02-19T04:00:21.196+0000] {dag.py:4180} INFO - Setting next_dagrun for example_task_group_decorator to None, run_after=None
[2025-02-19T04:00:21.223+0000] {processor.py:208} INFO - Processing /home/airflow/.local/lib/python3.12/site-packages/airflow/example_dags/example_task_group_decorator.py took 0.094 seconds
[2025-02-19T04:00:51.546+0000] {processor.py:186} INFO - Started process (PID=1288) to work on /home/airflow/.local/lib/python3.12/site-packages/airflow/example_dags/example_task_group_decorator.py
[2025-02-19T04:00:51.547+0000] {processor.py:914} INFO - Processing file /home/airflow/.local/lib/python3.12/site-packages/airflow/example_dags/example_task_group_decorator.py for tasks to queue
[2025-02-19T04:00:51.549+0000] {logging_mixin.py:190} INFO - [2025-02-19T04:00:51.548+0000] {dagbag.py:588} INFO - Filling up the DagBag from /home/airflow/.local/lib/python3.12/site-packages/airflow/example_dags/example_task_group_decorator.py
[2025-02-19T04:00:51.572+0000] {processor.py:925} INFO - DAG(s) 'example_task_group_decorator' retrieved from /home/airflow/.local/lib/python3.12/site-packages/airflow/example_dags/example_task_group_decorator.py
[2025-02-19T04:00:51.615+0000] {logging_mixin.py:190} INFO - [2025-02-19T04:00:51.615+0000] {dag.py:3239} INFO - Sync 1 DAGs
[2025-02-19T04:00:51.637+0000] {logging_mixin.py:190} INFO - [2025-02-19T04:00:51.637+0000] {dag.py:4180} INFO - Setting next_dagrun for example_task_group_decorator to None, run_after=None
[2025-02-19T04:00:51.676+0000] {processor.py:208} INFO - Processing /home/airflow/.local/lib/python3.12/site-packages/airflow/example_dags/example_task_group_decorator.py took 0.139 seconds
[2025-02-19T04:01:21.947+0000] {processor.py:186} INFO - Started process (PID=1352) to work on /home/airflow/.local/lib/python3.12/site-packages/airflow/example_dags/example_task_group_decorator.py
[2025-02-19T04:01:21.949+0000] {processor.py:914} INFO - Processing file /home/airflow/.local/lib/python3.12/site-packages/airflow/example_dags/example_task_group_decorator.py for tasks to queue
[2025-02-19T04:01:21.951+0000] {logging_mixin.py:190} INFO - [2025-02-19T04:01:21.950+0000] {dagbag.py:588} INFO - Filling up the DagBag from /home/airflow/.local/lib/python3.12/site-packages/airflow/example_dags/example_task_group_decorator.py
[2025-02-19T04:01:21.970+0000] {processor.py:925} INFO - DAG(s) 'example_task_group_decorator' retrieved from /home/airflow/.local/lib/python3.12/site-packages/airflow/example_dags/example_task_group_decorator.py
[2025-02-19T04:01:22.012+0000] {logging_mixin.py:190} INFO - [2025-02-19T04:01:22.011+0000] {dag.py:3239} INFO - Sync 1 DAGs
[2025-02-19T04:01:22.035+0000] {logging_mixin.py:190} INFO - [2025-02-19T04:01:22.034+0000] {dag.py:4180} INFO - Setting next_dagrun for example_task_group_decorator to None, run_after=None
[2025-02-19T04:01:22.067+0000] {processor.py:208} INFO - Processing /home/airflow/.local/lib/python3.12/site-packages/airflow/example_dags/example_task_group_decorator.py took 0.132 seconds
[2025-02-19T04:01:54.732+0000] {processor.py:186} INFO - Started process (PID=1416) to work on /home/airflow/.local/lib/python3.12/site-packages/airflow/example_dags/example_task_group_decorator.py
[2025-02-19T04:01:54.734+0000] {processor.py:914} INFO - Processing file /home/airflow/.local/lib/python3.12/site-packages/airflow/example_dags/example_task_group_decorator.py for tasks to queue
[2025-02-19T04:01:54.737+0000] {logging_mixin.py:190} INFO - [2025-02-19T04:01:54.736+0000] {dagbag.py:588} INFO - Filling up the DagBag from /home/airflow/.local/lib/python3.12/site-packages/airflow/example_dags/example_task_group_decorator.py
[2025-02-19T04:01:54.767+0000] {processor.py:925} INFO - DAG(s) 'example_task_group_decorator' retrieved from /home/airflow/.local/lib/python3.12/site-packages/airflow/example_dags/example_task_group_decorator.py
[2025-02-19T04:01:54.833+0000] {logging_mixin.py:190} INFO - [2025-02-19T04:01:54.833+0000] {dag.py:3239} INFO - Sync 1 DAGs
[2025-02-19T04:01:54.865+0000] {logging_mixin.py:190} INFO - [2025-02-19T04:01:54.864+0000] {dag.py:4180} INFO - Setting next_dagrun for example_task_group_decorator to None, run_after=None
[2025-02-19T04:01:54.905+0000] {processor.py:208} INFO - Processing /home/airflow/.local/lib/python3.12/site-packages/airflow/example_dags/example_task_group_decorator.py took 0.189 seconds
