[2025-02-19T03:51:31.048+0000] {processor.py:186} INFO - Started process (PID=104) to work on /home/airflow/.local/lib/python3.12/site-packages/airflow/example_dags/example_display_name.py
[2025-02-19T03:51:31.049+0000] {processor.py:914} INFO - Processing file /home/airflow/.local/lib/python3.12/site-packages/airflow/example_dags/example_display_name.py for tasks to queue
[2025-02-19T03:51:31.051+0000] {logging_mixin.py:190} INFO - [2025-02-19T03:51:31.051+0000] {dagbag.py:588} INFO - Filling up the DagBag from /home/airflow/.local/lib/python3.12/site-packages/airflow/example_dags/example_display_name.py
[2025-02-19T03:51:31.063+0000] {processor.py:925} INFO - DAG(s) 'example_display_name' retrieved from /home/airflow/.local/lib/python3.12/site-packages/airflow/example_dags/example_display_name.py
[2025-02-19T03:51:31.258+0000] {logging_mixin.py:190} INFO - [2025-02-19T03:51:31.255+0000] {override.py:1911} INFO - Created Permission View: can read on DAG:example_display_name
[2025-02-19T03:51:31.282+0000] {logging_mixin.py:190} INFO - [2025-02-19T03:51:31.281+0000] {override.py:1911} INFO - Created Permission View: can delete on DAG:example_display_name
[2025-02-19T03:51:31.305+0000] {logging_mixin.py:190} INFO - [2025-02-19T03:51:31.305+0000] {override.py:1911} INFO - Created Permission View: can edit on DAG:example_display_name
[2025-02-19T03:51:31.320+0000] {logging_mixin.py:190} INFO - [2025-02-19T03:51:31.320+0000] {override.py:1911} INFO - Created Permission View: can read on DAG Run:example_display_name
[2025-02-19T03:51:31.334+0000] {logging_mixin.py:190} INFO - [2025-02-19T03:51:31.333+0000] {override.py:1911} INFO - Created Permission View: can delete on DAG Run:example_display_name
[2025-02-19T03:51:31.345+0000] {logging_mixin.py:190} INFO - [2025-02-19T03:51:31.344+0000] {override.py:1911} INFO - Created Permission View: can create on DAG Run:example_display_name
[2025-02-19T03:51:31.355+0000] {logging_mixin.py:190} INFO - [2025-02-19T03:51:31.354+0000] {override.py:1911} INFO - Created Permission View: menu access on DAG Run:example_display_name
[2025-02-19T03:51:31.356+0000] {logging_mixin.py:190} INFO - [2025-02-19T03:51:31.355+0000] {dag.py:3239} INFO - Sync 1 DAGs
[2025-02-19T03:51:31.376+0000] {logging_mixin.py:190} INFO - [2025-02-19T03:51:31.376+0000] {dag.py:3262} INFO - Creating ORM DAG for example_display_name
[2025-02-19T03:51:31.378+0000] {logging_mixin.py:190} INFO - [2025-02-19T03:51:31.378+0000] {dag.py:4180} INFO - Setting next_dagrun for example_display_name to None, run_after=None
[2025-02-19T03:51:31.414+0000] {processor.py:208} INFO - Processing /home/airflow/.local/lib/python3.12/site-packages/airflow/example_dags/example_display_name.py took 0.375 seconds
[2025-02-19T03:52:02.228+0000] {processor.py:186} INFO - Started process (PID=168) to work on /home/airflow/.local/lib/python3.12/site-packages/airflow/example_dags/example_display_name.py
[2025-02-19T03:52:02.229+0000] {processor.py:914} INFO - Processing file /home/airflow/.local/lib/python3.12/site-packages/airflow/example_dags/example_display_name.py for tasks to queue
[2025-02-19T03:52:02.232+0000] {logging_mixin.py:190} INFO - [2025-02-19T03:52:02.231+0000] {dagbag.py:588} INFO - Filling up the DagBag from /home/airflow/.local/lib/python3.12/site-packages/airflow/example_dags/example_display_name.py
[2025-02-19T03:52:02.246+0000] {processor.py:925} INFO - DAG(s) 'example_display_name' retrieved from /home/airflow/.local/lib/python3.12/site-packages/airflow/example_dags/example_display_name.py
[2025-02-19T03:52:02.280+0000] {logging_mixin.py:190} INFO - [2025-02-19T03:52:02.279+0000] {dag.py:3239} INFO - Sync 1 DAGs
[2025-02-19T03:52:02.304+0000] {logging_mixin.py:190} INFO - [2025-02-19T03:52:02.304+0000] {dag.py:4180} INFO - Setting next_dagrun for example_display_name to None, run_after=None
[2025-02-19T03:52:02.344+0000] {processor.py:208} INFO - Processing /home/airflow/.local/lib/python3.12/site-packages/airflow/example_dags/example_display_name.py took 0.124 seconds
[2025-02-19T03:52:33.773+0000] {processor.py:186} INFO - Started process (PID=232) to work on /home/airflow/.local/lib/python3.12/site-packages/airflow/example_dags/example_display_name.py
[2025-02-19T03:52:33.774+0000] {processor.py:914} INFO - Processing file /home/airflow/.local/lib/python3.12/site-packages/airflow/example_dags/example_display_name.py for tasks to queue
[2025-02-19T03:52:33.777+0000] {logging_mixin.py:190} INFO - [2025-02-19T03:52:33.776+0000] {dagbag.py:588} INFO - Filling up the DagBag from /home/airflow/.local/lib/python3.12/site-packages/airflow/example_dags/example_display_name.py
[2025-02-19T03:52:33.793+0000] {processor.py:925} INFO - DAG(s) 'example_display_name' retrieved from /home/airflow/.local/lib/python3.12/site-packages/airflow/example_dags/example_display_name.py
[2025-02-19T03:52:33.828+0000] {logging_mixin.py:190} INFO - [2025-02-19T03:52:33.827+0000] {dag.py:3239} INFO - Sync 1 DAGs
[2025-02-19T03:52:33.850+0000] {logging_mixin.py:190} INFO - [2025-02-19T03:52:33.849+0000] {dag.py:4180} INFO - Setting next_dagrun for example_display_name to None, run_after=None
[2025-02-19T03:52:33.886+0000] {processor.py:208} INFO - Processing /home/airflow/.local/lib/python3.12/site-packages/airflow/example_dags/example_display_name.py took 0.124 seconds
[2025-02-19T03:53:04.110+0000] {processor.py:186} INFO - Started process (PID=295) to work on /home/airflow/.local/lib/python3.12/site-packages/airflow/example_dags/example_display_name.py
[2025-02-19T03:53:04.112+0000] {processor.py:914} INFO - Processing file /home/airflow/.local/lib/python3.12/site-packages/airflow/example_dags/example_display_name.py for tasks to queue
[2025-02-19T03:53:04.113+0000] {logging_mixin.py:190} INFO - [2025-02-19T03:53:04.113+0000] {dagbag.py:588} INFO - Filling up the DagBag from /home/airflow/.local/lib/python3.12/site-packages/airflow/example_dags/example_display_name.py
[2025-02-19T03:53:04.123+0000] {processor.py:925} INFO - DAG(s) 'example_display_name' retrieved from /home/airflow/.local/lib/python3.12/site-packages/airflow/example_dags/example_display_name.py
[2025-02-19T03:53:04.171+0000] {logging_mixin.py:190} INFO - [2025-02-19T03:53:04.170+0000] {dag.py:3239} INFO - Sync 1 DAGs
[2025-02-19T03:53:04.214+0000] {logging_mixin.py:190} INFO - [2025-02-19T03:53:04.213+0000] {dag.py:4180} INFO - Setting next_dagrun for example_display_name to None, run_after=None
[2025-02-19T03:53:04.282+0000] {processor.py:208} INFO - Processing /home/airflow/.local/lib/python3.12/site-packages/airflow/example_dags/example_display_name.py took 0.178 seconds
[2025-02-19T03:53:34.357+0000] {processor.py:186} INFO - Started process (PID=363) to work on /home/airflow/.local/lib/python3.12/site-packages/airflow/example_dags/example_display_name.py
[2025-02-19T03:53:34.360+0000] {processor.py:914} INFO - Processing file /home/airflow/.local/lib/python3.12/site-packages/airflow/example_dags/example_display_name.py for tasks to queue
[2025-02-19T03:53:34.362+0000] {logging_mixin.py:190} INFO - [2025-02-19T03:53:34.362+0000] {dagbag.py:588} INFO - Filling up the DagBag from /home/airflow/.local/lib/python3.12/site-packages/airflow/example_dags/example_display_name.py
[2025-02-19T03:53:34.374+0000] {processor.py:925} INFO - DAG(s) 'example_display_name' retrieved from /home/airflow/.local/lib/python3.12/site-packages/airflow/example_dags/example_display_name.py
[2025-02-19T03:53:34.406+0000] {logging_mixin.py:190} INFO - [2025-02-19T03:53:34.405+0000] {dag.py:3239} INFO - Sync 1 DAGs
[2025-02-19T03:53:34.429+0000] {logging_mixin.py:190} INFO - [2025-02-19T03:53:34.429+0000] {dag.py:4180} INFO - Setting next_dagrun for example_display_name to None, run_after=None
[2025-02-19T03:53:34.460+0000] {processor.py:208} INFO - Processing /home/airflow/.local/lib/python3.12/site-packages/airflow/example_dags/example_display_name.py took 0.118 seconds
[2025-02-19T03:54:05.176+0000] {processor.py:186} INFO - Started process (PID=427) to work on /home/airflow/.local/lib/python3.12/site-packages/airflow/example_dags/example_display_name.py
[2025-02-19T03:54:05.177+0000] {processor.py:914} INFO - Processing file /home/airflow/.local/lib/python3.12/site-packages/airflow/example_dags/example_display_name.py for tasks to queue
[2025-02-19T03:54:05.179+0000] {logging_mixin.py:190} INFO - [2025-02-19T03:54:05.178+0000] {dagbag.py:588} INFO - Filling up the DagBag from /home/airflow/.local/lib/python3.12/site-packages/airflow/example_dags/example_display_name.py
[2025-02-19T03:54:05.190+0000] {processor.py:925} INFO - DAG(s) 'example_display_name' retrieved from /home/airflow/.local/lib/python3.12/site-packages/airflow/example_dags/example_display_name.py
[2025-02-19T03:54:05.220+0000] {logging_mixin.py:190} INFO - [2025-02-19T03:54:05.220+0000] {dag.py:3239} INFO - Sync 1 DAGs
[2025-02-19T03:54:05.244+0000] {logging_mixin.py:190} INFO - [2025-02-19T03:54:05.244+0000] {dag.py:4180} INFO - Setting next_dagrun for example_display_name to None, run_after=None
[2025-02-19T03:54:05.273+0000] {processor.py:208} INFO - Processing /home/airflow/.local/lib/python3.12/site-packages/airflow/example_dags/example_display_name.py took 0.104 seconds
[2025-02-19T03:54:37.929+0000] {processor.py:186} INFO - Started process (PID=491) to work on /home/airflow/.local/lib/python3.12/site-packages/airflow/example_dags/example_display_name.py
[2025-02-19T03:54:37.930+0000] {processor.py:914} INFO - Processing file /home/airflow/.local/lib/python3.12/site-packages/airflow/example_dags/example_display_name.py for tasks to queue
[2025-02-19T03:54:37.933+0000] {logging_mixin.py:190} INFO - [2025-02-19T03:54:37.932+0000] {dagbag.py:588} INFO - Filling up the DagBag from /home/airflow/.local/lib/python3.12/site-packages/airflow/example_dags/example_display_name.py
[2025-02-19T03:54:37.953+0000] {processor.py:925} INFO - DAG(s) 'example_display_name' retrieved from /home/airflow/.local/lib/python3.12/site-packages/airflow/example_dags/example_display_name.py
[2025-02-19T03:54:37.995+0000] {logging_mixin.py:190} INFO - [2025-02-19T03:54:37.994+0000] {dag.py:3239} INFO - Sync 1 DAGs
[2025-02-19T03:54:38.020+0000] {logging_mixin.py:190} INFO - [2025-02-19T03:54:38.020+0000] {dag.py:4180} INFO - Setting next_dagrun for example_display_name to None, run_after=None
[2025-02-19T03:54:38.051+0000] {processor.py:208} INFO - Processing /home/airflow/.local/lib/python3.12/site-packages/airflow/example_dags/example_display_name.py took 0.132 seconds
[2025-02-19T03:55:08.488+0000] {processor.py:186} INFO - Started process (PID=555) to work on /home/airflow/.local/lib/python3.12/site-packages/airflow/example_dags/example_display_name.py
[2025-02-19T03:55:08.489+0000] {processor.py:914} INFO - Processing file /home/airflow/.local/lib/python3.12/site-packages/airflow/example_dags/example_display_name.py for tasks to queue
[2025-02-19T03:55:08.491+0000] {logging_mixin.py:190} INFO - [2025-02-19T03:55:08.490+0000] {dagbag.py:588} INFO - Filling up the DagBag from /home/airflow/.local/lib/python3.12/site-packages/airflow/example_dags/example_display_name.py
[2025-02-19T03:55:08.503+0000] {processor.py:925} INFO - DAG(s) 'example_display_name' retrieved from /home/airflow/.local/lib/python3.12/site-packages/airflow/example_dags/example_display_name.py
[2025-02-19T03:55:08.537+0000] {logging_mixin.py:190} INFO - [2025-02-19T03:55:08.536+0000] {dag.py:3239} INFO - Sync 1 DAGs
[2025-02-19T03:55:08.559+0000] {logging_mixin.py:190} INFO - [2025-02-19T03:55:08.558+0000] {dag.py:4180} INFO - Setting next_dagrun for example_display_name to None, run_after=None
[2025-02-19T03:55:08.588+0000] {processor.py:208} INFO - Processing /home/airflow/.local/lib/python3.12/site-packages/airflow/example_dags/example_display_name.py took 0.109 seconds
[2025-02-19T03:55:39.321+0000] {processor.py:186} INFO - Started process (PID=623) to work on /home/airflow/.local/lib/python3.12/site-packages/airflow/example_dags/example_display_name.py
[2025-02-19T03:55:39.322+0000] {processor.py:914} INFO - Processing file /home/airflow/.local/lib/python3.12/site-packages/airflow/example_dags/example_display_name.py for tasks to queue
[2025-02-19T03:55:39.324+0000] {logging_mixin.py:190} INFO - [2025-02-19T03:55:39.323+0000] {dagbag.py:588} INFO - Filling up the DagBag from /home/airflow/.local/lib/python3.12/site-packages/airflow/example_dags/example_display_name.py
[2025-02-19T03:55:39.334+0000] {processor.py:925} INFO - DAG(s) 'example_display_name' retrieved from /home/airflow/.local/lib/python3.12/site-packages/airflow/example_dags/example_display_name.py
[2025-02-19T03:55:39.364+0000] {logging_mixin.py:190} INFO - [2025-02-19T03:55:39.364+0000] {dag.py:3239} INFO - Sync 1 DAGs
[2025-02-19T03:55:39.384+0000] {logging_mixin.py:190} INFO - [2025-02-19T03:55:39.384+0000] {dag.py:4180} INFO - Setting next_dagrun for example_display_name to None, run_after=None
[2025-02-19T03:55:39.419+0000] {processor.py:208} INFO - Processing /home/airflow/.local/lib/python3.12/site-packages/airflow/example_dags/example_display_name.py took 0.107 seconds
[2025-02-19T03:56:09.879+0000] {processor.py:186} INFO - Started process (PID=686) to work on /home/airflow/.local/lib/python3.12/site-packages/airflow/example_dags/example_display_name.py
[2025-02-19T03:56:09.880+0000] {processor.py:914} INFO - Processing file /home/airflow/.local/lib/python3.12/site-packages/airflow/example_dags/example_display_name.py for tasks to queue
[2025-02-19T03:56:09.881+0000] {logging_mixin.py:190} INFO - [2025-02-19T03:56:09.881+0000] {dagbag.py:588} INFO - Filling up the DagBag from /home/airflow/.local/lib/python3.12/site-packages/airflow/example_dags/example_display_name.py
[2025-02-19T03:56:09.889+0000] {processor.py:925} INFO - DAG(s) 'example_display_name' retrieved from /home/airflow/.local/lib/python3.12/site-packages/airflow/example_dags/example_display_name.py
[2025-02-19T03:56:09.910+0000] {logging_mixin.py:190} INFO - [2025-02-19T03:56:09.910+0000] {dag.py:3239} INFO - Sync 1 DAGs
[2025-02-19T03:56:09.931+0000] {logging_mixin.py:190} INFO - [2025-02-19T03:56:09.930+0000] {dag.py:4180} INFO - Setting next_dagrun for example_display_name to None, run_after=None
[2025-02-19T03:56:09.952+0000] {processor.py:208} INFO - Processing /home/airflow/.local/lib/python3.12/site-packages/airflow/example_dags/example_display_name.py took 0.081 seconds
[2025-02-19T03:56:40.172+0000] {processor.py:186} INFO - Started process (PID=750) to work on /home/airflow/.local/lib/python3.12/site-packages/airflow/example_dags/example_display_name.py
[2025-02-19T03:56:40.173+0000] {processor.py:914} INFO - Processing file /home/airflow/.local/lib/python3.12/site-packages/airflow/example_dags/example_display_name.py for tasks to queue
[2025-02-19T03:56:40.175+0000] {logging_mixin.py:190} INFO - [2025-02-19T03:56:40.174+0000] {dagbag.py:588} INFO - Filling up the DagBag from /home/airflow/.local/lib/python3.12/site-packages/airflow/example_dags/example_display_name.py
[2025-02-19T03:56:40.185+0000] {processor.py:925} INFO - DAG(s) 'example_display_name' retrieved from /home/airflow/.local/lib/python3.12/site-packages/airflow/example_dags/example_display_name.py
[2025-02-19T03:56:40.209+0000] {logging_mixin.py:190} INFO - [2025-02-19T03:56:40.209+0000] {dag.py:3239} INFO - Sync 1 DAGs
[2025-02-19T03:56:40.230+0000] {logging_mixin.py:190} INFO - [2025-02-19T03:56:40.230+0000] {dag.py:4180} INFO - Setting next_dagrun for example_display_name to None, run_after=None
[2025-02-19T03:56:40.258+0000] {processor.py:208} INFO - Processing /home/airflow/.local/lib/python3.12/site-packages/airflow/example_dags/example_display_name.py took 0.093 seconds
[2025-02-19T03:57:10.627+0000] {processor.py:186} INFO - Started process (PID=813) to work on /home/airflow/.local/lib/python3.12/site-packages/airflow/example_dags/example_display_name.py
[2025-02-19T03:57:10.628+0000] {processor.py:914} INFO - Processing file /home/airflow/.local/lib/python3.12/site-packages/airflow/example_dags/example_display_name.py for tasks to queue
[2025-02-19T03:57:10.631+0000] {logging_mixin.py:190} INFO - [2025-02-19T03:57:10.630+0000] {dagbag.py:588} INFO - Filling up the DagBag from /home/airflow/.local/lib/python3.12/site-packages/airflow/example_dags/example_display_name.py
[2025-02-19T03:57:10.644+0000] {processor.py:925} INFO - DAG(s) 'example_display_name' retrieved from /home/airflow/.local/lib/python3.12/site-packages/airflow/example_dags/example_display_name.py
[2025-02-19T03:57:10.680+0000] {logging_mixin.py:190} INFO - [2025-02-19T03:57:10.679+0000] {dag.py:3239} INFO - Sync 1 DAGs
[2025-02-19T03:57:10.702+0000] {logging_mixin.py:190} INFO - [2025-02-19T03:57:10.702+0000] {dag.py:4180} INFO - Setting next_dagrun for example_display_name to None, run_after=None
[2025-02-19T03:57:10.736+0000] {processor.py:208} INFO - Processing /home/airflow/.local/lib/python3.12/site-packages/airflow/example_dags/example_display_name.py took 0.119 seconds
[2025-02-19T03:57:41.240+0000] {processor.py:186} INFO - Started process (PID=877) to work on /home/airflow/.local/lib/python3.12/site-packages/airflow/example_dags/example_display_name.py
[2025-02-19T03:57:41.241+0000] {processor.py:914} INFO - Processing file /home/airflow/.local/lib/python3.12/site-packages/airflow/example_dags/example_display_name.py for tasks to queue
[2025-02-19T03:57:41.250+0000] {logging_mixin.py:190} INFO - [2025-02-19T03:57:41.249+0000] {dagbag.py:588} INFO - Filling up the DagBag from /home/airflow/.local/lib/python3.12/site-packages/airflow/example_dags/example_display_name.py
[2025-02-19T03:57:41.266+0000] {processor.py:925} INFO - DAG(s) 'example_display_name' retrieved from /home/airflow/.local/lib/python3.12/site-packages/airflow/example_dags/example_display_name.py
[2025-02-19T03:57:41.299+0000] {logging_mixin.py:190} INFO - [2025-02-19T03:57:41.299+0000] {dag.py:3239} INFO - Sync 1 DAGs
[2025-02-19T03:57:41.328+0000] {logging_mixin.py:190} INFO - [2025-02-19T03:57:41.328+0000] {dag.py:4180} INFO - Setting next_dagrun for example_display_name to None, run_after=None
[2025-02-19T03:57:41.356+0000] {processor.py:208} INFO - Processing /home/airflow/.local/lib/python3.12/site-packages/airflow/example_dags/example_display_name.py took 0.125 seconds
[2025-02-19T03:58:11.904+0000] {processor.py:186} INFO - Started process (PID=941) to work on /home/airflow/.local/lib/python3.12/site-packages/airflow/example_dags/example_display_name.py
[2025-02-19T03:58:11.905+0000] {processor.py:914} INFO - Processing file /home/airflow/.local/lib/python3.12/site-packages/airflow/example_dags/example_display_name.py for tasks to queue
[2025-02-19T03:58:11.908+0000] {logging_mixin.py:190} INFO - [2025-02-19T03:58:11.907+0000] {dagbag.py:588} INFO - Filling up the DagBag from /home/airflow/.local/lib/python3.12/site-packages/airflow/example_dags/example_display_name.py
[2025-02-19T03:58:11.917+0000] {processor.py:925} INFO - DAG(s) 'example_display_name' retrieved from /home/airflow/.local/lib/python3.12/site-packages/airflow/example_dags/example_display_name.py
[2025-02-19T03:58:11.947+0000] {logging_mixin.py:190} INFO - [2025-02-19T03:58:11.947+0000] {dag.py:3239} INFO - Sync 1 DAGs
[2025-02-19T03:58:11.974+0000] {logging_mixin.py:190} INFO - [2025-02-19T03:58:11.974+0000] {dag.py:4180} INFO - Setting next_dagrun for example_display_name to None, run_after=None
[2025-02-19T03:58:12.002+0000] {processor.py:208} INFO - Processing /home/airflow/.local/lib/python3.12/site-packages/airflow/example_dags/example_display_name.py took 0.105 seconds
[2025-02-19T03:58:42.944+0000] {processor.py:186} INFO - Started process (PID=1005) to work on /home/airflow/.local/lib/python3.12/site-packages/airflow/example_dags/example_display_name.py
[2025-02-19T03:58:42.949+0000] {processor.py:914} INFO - Processing file /home/airflow/.local/lib/python3.12/site-packages/airflow/example_dags/example_display_name.py for tasks to queue
[2025-02-19T03:58:42.953+0000] {logging_mixin.py:190} INFO - [2025-02-19T03:58:42.952+0000] {dagbag.py:588} INFO - Filling up the DagBag from /home/airflow/.local/lib/python3.12/site-packages/airflow/example_dags/example_display_name.py
[2025-02-19T03:58:42.968+0000] {processor.py:925} INFO - DAG(s) 'example_display_name' retrieved from /home/airflow/.local/lib/python3.12/site-packages/airflow/example_dags/example_display_name.py
[2025-02-19T03:58:43.001+0000] {logging_mixin.py:190} INFO - [2025-02-19T03:58:43.001+0000] {dag.py:3239} INFO - Sync 1 DAGs
[2025-02-19T03:58:43.024+0000] {logging_mixin.py:190} INFO - [2025-02-19T03:58:43.024+0000] {dag.py:4180} INFO - Setting next_dagrun for example_display_name to None, run_after=None
[2025-02-19T03:58:43.059+0000] {processor.py:208} INFO - Processing /home/airflow/.local/lib/python3.12/site-packages/airflow/example_dags/example_display_name.py took 0.125 seconds
[2025-02-19T03:59:13.794+0000] {processor.py:186} INFO - Started process (PID=1068) to work on /home/airflow/.local/lib/python3.12/site-packages/airflow/example_dags/example_display_name.py
[2025-02-19T03:59:13.795+0000] {processor.py:914} INFO - Processing file /home/airflow/.local/lib/python3.12/site-packages/airflow/example_dags/example_display_name.py for tasks to queue
[2025-02-19T03:59:13.797+0000] {logging_mixin.py:190} INFO - [2025-02-19T03:59:13.797+0000] {dagbag.py:588} INFO - Filling up the DagBag from /home/airflow/.local/lib/python3.12/site-packages/airflow/example_dags/example_display_name.py
[2025-02-19T03:59:13.805+0000] {processor.py:925} INFO - DAG(s) 'example_display_name' retrieved from /home/airflow/.local/lib/python3.12/site-packages/airflow/example_dags/example_display_name.py
[2025-02-19T03:59:13.830+0000] {logging_mixin.py:190} INFO - [2025-02-19T03:59:13.830+0000] {dag.py:3239} INFO - Sync 1 DAGs
[2025-02-19T03:59:13.849+0000] {logging_mixin.py:190} INFO - [2025-02-19T03:59:13.849+0000] {dag.py:4180} INFO - Setting next_dagrun for example_display_name to None, run_after=None
[2025-02-19T03:59:13.876+0000] {processor.py:208} INFO - Processing /home/airflow/.local/lib/python3.12/site-packages/airflow/example_dags/example_display_name.py took 0.088 seconds
[2025-02-19T03:59:44.973+0000] {processor.py:186} INFO - Started process (PID=1132) to work on /home/airflow/.local/lib/python3.12/site-packages/airflow/example_dags/example_display_name.py
[2025-02-19T03:59:44.976+0000] {processor.py:914} INFO - Processing file /home/airflow/.local/lib/python3.12/site-packages/airflow/example_dags/example_display_name.py for tasks to queue
[2025-02-19T03:59:44.980+0000] {logging_mixin.py:190} INFO - [2025-02-19T03:59:44.980+0000] {dagbag.py:588} INFO - Filling up the DagBag from /home/airflow/.local/lib/python3.12/site-packages/airflow/example_dags/example_display_name.py
[2025-02-19T03:59:45.001+0000] {processor.py:925} INFO - DAG(s) 'example_display_name' retrieved from /home/airflow/.local/lib/python3.12/site-packages/airflow/example_dags/example_display_name.py
[2025-02-19T03:59:45.062+0000] {logging_mixin.py:190} INFO - [2025-02-19T03:59:45.061+0000] {dag.py:3239} INFO - Sync 1 DAGs
[2025-02-19T03:59:45.091+0000] {logging_mixin.py:190} INFO - [2025-02-19T03:59:45.090+0000] {dag.py:4180} INFO - Setting next_dagrun for example_display_name to None, run_after=None
[2025-02-19T03:59:45.162+0000] {processor.py:208} INFO - Processing /home/airflow/.local/lib/python3.12/site-packages/airflow/example_dags/example_display_name.py took 0.202 seconds
[2025-02-19T04:00:15.699+0000] {processor.py:186} INFO - Started process (PID=1195) to work on /home/airflow/.local/lib/python3.12/site-packages/airflow/example_dags/example_display_name.py
[2025-02-19T04:00:15.700+0000] {processor.py:914} INFO - Processing file /home/airflow/.local/lib/python3.12/site-packages/airflow/example_dags/example_display_name.py for tasks to queue
[2025-02-19T04:00:15.702+0000] {logging_mixin.py:190} INFO - [2025-02-19T04:00:15.701+0000] {dagbag.py:588} INFO - Filling up the DagBag from /home/airflow/.local/lib/python3.12/site-packages/airflow/example_dags/example_display_name.py
[2025-02-19T04:00:15.712+0000] {processor.py:925} INFO - DAG(s) 'example_display_name' retrieved from /home/airflow/.local/lib/python3.12/site-packages/airflow/example_dags/example_display_name.py
[2025-02-19T04:00:15.735+0000] {logging_mixin.py:190} INFO - [2025-02-19T04:00:15.735+0000] {dag.py:3239} INFO - Sync 1 DAGs
[2025-02-19T04:00:15.752+0000] {logging_mixin.py:190} INFO - [2025-02-19T04:00:15.752+0000] {dag.py:4180} INFO - Setting next_dagrun for example_display_name to None, run_after=None
[2025-02-19T04:00:15.777+0000] {processor.py:208} INFO - Processing /home/airflow/.local/lib/python3.12/site-packages/airflow/example_dags/example_display_name.py took 0.085 seconds
[2025-02-19T04:00:46.017+0000] {processor.py:186} INFO - Started process (PID=1259) to work on /home/airflow/.local/lib/python3.12/site-packages/airflow/example_dags/example_display_name.py
[2025-02-19T04:00:46.018+0000] {processor.py:914} INFO - Processing file /home/airflow/.local/lib/python3.12/site-packages/airflow/example_dags/example_display_name.py for tasks to queue
[2025-02-19T04:00:46.020+0000] {logging_mixin.py:190} INFO - [2025-02-19T04:00:46.020+0000] {dagbag.py:588} INFO - Filling up the DagBag from /home/airflow/.local/lib/python3.12/site-packages/airflow/example_dags/example_display_name.py
[2025-02-19T04:00:46.029+0000] {processor.py:925} INFO - DAG(s) 'example_display_name' retrieved from /home/airflow/.local/lib/python3.12/site-packages/airflow/example_dags/example_display_name.py
[2025-02-19T04:00:46.054+0000] {logging_mixin.py:190} INFO - [2025-02-19T04:00:46.054+0000] {dag.py:3239} INFO - Sync 1 DAGs
[2025-02-19T04:00:46.072+0000] {logging_mixin.py:190} INFO - [2025-02-19T04:00:46.072+0000] {dag.py:4180} INFO - Setting next_dagrun for example_display_name to None, run_after=None
[2025-02-19T04:00:46.094+0000] {processor.py:208} INFO - Processing /home/airflow/.local/lib/python3.12/site-packages/airflow/example_dags/example_display_name.py took 0.085 seconds
[2025-02-19T04:01:16.233+0000] {processor.py:186} INFO - Started process (PID=1323) to work on /home/airflow/.local/lib/python3.12/site-packages/airflow/example_dags/example_display_name.py
[2025-02-19T04:01:16.234+0000] {processor.py:914} INFO - Processing file /home/airflow/.local/lib/python3.12/site-packages/airflow/example_dags/example_display_name.py for tasks to queue
[2025-02-19T04:01:16.236+0000] {logging_mixin.py:190} INFO - [2025-02-19T04:01:16.235+0000] {dagbag.py:588} INFO - Filling up the DagBag from /home/airflow/.local/lib/python3.12/site-packages/airflow/example_dags/example_display_name.py
[2025-02-19T04:01:16.245+0000] {processor.py:925} INFO - DAG(s) 'example_display_name' retrieved from /home/airflow/.local/lib/python3.12/site-packages/airflow/example_dags/example_display_name.py
[2025-02-19T04:01:16.271+0000] {logging_mixin.py:190} INFO - [2025-02-19T04:01:16.270+0000] {dag.py:3239} INFO - Sync 1 DAGs
[2025-02-19T04:01:16.293+0000] {logging_mixin.py:190} INFO - [2025-02-19T04:01:16.293+0000] {dag.py:4180} INFO - Setting next_dagrun for example_display_name to None, run_after=None
[2025-02-19T04:01:16.320+0000] {processor.py:208} INFO - Processing /home/airflow/.local/lib/python3.12/site-packages/airflow/example_dags/example_display_name.py took 0.095 seconds
[2025-02-19T04:01:46.876+0000] {processor.py:186} INFO - Started process (PID=1387) to work on /home/airflow/.local/lib/python3.12/site-packages/airflow/example_dags/example_display_name.py
[2025-02-19T04:01:46.879+0000] {processor.py:914} INFO - Processing file /home/airflow/.local/lib/python3.12/site-packages/airflow/example_dags/example_display_name.py for tasks to queue
[2025-02-19T04:01:46.891+0000] {logging_mixin.py:190} INFO - [2025-02-19T04:01:46.890+0000] {dagbag.py:588} INFO - Filling up the DagBag from /home/airflow/.local/lib/python3.12/site-packages/airflow/example_dags/example_display_name.py
[2025-02-19T04:01:46.928+0000] {processor.py:925} INFO - DAG(s) 'example_display_name' retrieved from /home/airflow/.local/lib/python3.12/site-packages/airflow/example_dags/example_display_name.py
[2025-02-19T04:01:47.118+0000] {logging_mixin.py:190} INFO - [2025-02-19T04:01:47.117+0000] {dag.py:3239} INFO - Sync 1 DAGs
[2025-02-19T04:01:47.261+0000] {logging_mixin.py:190} INFO - [2025-02-19T04:01:47.258+0000] {dag.py:4180} INFO - Setting next_dagrun for example_display_name to None, run_after=None
[2025-02-19T04:01:47.366+0000] {processor.py:208} INFO - Processing /home/airflow/.local/lib/python3.12/site-packages/airflow/example_dags/example_display_name.py took 0.508 seconds
