[2025-02-19T03:51:32.348+0000] {processor.py:186} INFO - Started process (PID=110) to work on /home/airflow/.local/lib/python3.12/site-packages/airflow/example_dags/example_python_operator.py
[2025-02-19T03:51:32.349+0000] {processor.py:914} INFO - Processing file /home/airflow/.local/lib/python3.12/site-packages/airflow/example_dags/example_python_operator.py for tasks to queue
[2025-02-19T03:51:32.351+0000] {logging_mixin.py:190} INFO - [2025-02-19T03:51:32.351+0000] {dagbag.py:588} INFO - Filling up the DagBag from /home/airflow/.local/lib/python3.12/site-packages/airflow/example_dags/example_python_operator.py
[2025-02-19T03:51:32.368+0000] {processor.py:925} INFO - DAG(s) 'example_python_operator' retrieved from /home/airflow/.local/lib/python3.12/site-packages/airflow/example_dags/example_python_operator.py
[2025-02-19T03:51:32.509+0000] {logging_mixin.py:190} INFO - [2025-02-19T03:51:32.507+0000] {override.py:1911} INFO - Created Permission View: can read on DAG:example_python_operator
[2025-02-19T03:51:32.523+0000] {logging_mixin.py:190} INFO - [2025-02-19T03:51:32.522+0000] {override.py:1911} INFO - Created Permission View: can delete on DAG:example_python_operator
[2025-02-19T03:51:32.533+0000] {logging_mixin.py:190} INFO - [2025-02-19T03:51:32.533+0000] {override.py:1911} INFO - Created Permission View: can edit on DAG:example_python_operator
[2025-02-19T03:51:32.547+0000] {logging_mixin.py:190} INFO - [2025-02-19T03:51:32.546+0000] {override.py:1911} INFO - Created Permission View: can read on DAG Run:example_python_operator
[2025-02-19T03:51:32.559+0000] {logging_mixin.py:190} INFO - [2025-02-19T03:51:32.558+0000] {override.py:1911} INFO - Created Permission View: can delete on DAG Run:example_python_operator
[2025-02-19T03:51:32.570+0000] {logging_mixin.py:190} INFO - [2025-02-19T03:51:32.570+0000] {override.py:1911} INFO - Created Permission View: can create on DAG Run:example_python_operator
[2025-02-19T03:51:32.581+0000] {logging_mixin.py:190} INFO - [2025-02-19T03:51:32.581+0000] {override.py:1911} INFO - Created Permission View: menu access on DAG Run:example_python_operator
[2025-02-19T03:51:32.583+0000] {logging_mixin.py:190} INFO - [2025-02-19T03:51:32.582+0000] {dag.py:3239} INFO - Sync 1 DAGs
[2025-02-19T03:51:32.600+0000] {logging_mixin.py:190} INFO - [2025-02-19T03:51:32.600+0000] {dag.py:3262} INFO - Creating ORM DAG for example_python_operator
[2025-02-19T03:51:32.602+0000] {logging_mixin.py:190} INFO - [2025-02-19T03:51:32.601+0000] {dag.py:4180} INFO - Setting next_dagrun for example_python_operator to None, run_after=None
[2025-02-19T03:51:32.631+0000] {processor.py:208} INFO - Processing /home/airflow/.local/lib/python3.12/site-packages/airflow/example_dags/example_python_operator.py took 0.289 seconds
[2025-02-19T03:52:02.983+0000] {processor.py:186} INFO - Started process (PID=173) to work on /home/airflow/.local/lib/python3.12/site-packages/airflow/example_dags/example_python_operator.py
[2025-02-19T03:52:02.984+0000] {processor.py:914} INFO - Processing file /home/airflow/.local/lib/python3.12/site-packages/airflow/example_dags/example_python_operator.py for tasks to queue
[2025-02-19T03:52:02.986+0000] {logging_mixin.py:190} INFO - [2025-02-19T03:52:02.985+0000] {dagbag.py:588} INFO - Filling up the DagBag from /home/airflow/.local/lib/python3.12/site-packages/airflow/example_dags/example_python_operator.py
[2025-02-19T03:52:03.008+0000] {processor.py:925} INFO - DAG(s) 'example_python_operator' retrieved from /home/airflow/.local/lib/python3.12/site-packages/airflow/example_dags/example_python_operator.py
[2025-02-19T03:52:03.041+0000] {logging_mixin.py:190} INFO - [2025-02-19T03:52:03.041+0000] {dag.py:3239} INFO - Sync 1 DAGs
[2025-02-19T03:52:03.061+0000] {logging_mixin.py:190} INFO - [2025-02-19T03:52:03.061+0000] {dag.py:4180} INFO - Setting next_dagrun for example_python_operator to None, run_after=None
[2025-02-19T03:52:03.087+0000] {processor.py:208} INFO - Processing /home/airflow/.local/lib/python3.12/site-packages/airflow/example_dags/example_python_operator.py took 0.114 seconds
[2025-02-19T03:52:34.369+0000] {processor.py:186} INFO - Started process (PID=237) to work on /home/airflow/.local/lib/python3.12/site-packages/airflow/example_dags/example_python_operator.py
[2025-02-19T03:52:34.371+0000] {processor.py:914} INFO - Processing file /home/airflow/.local/lib/python3.12/site-packages/airflow/example_dags/example_python_operator.py for tasks to queue
[2025-02-19T03:52:34.374+0000] {logging_mixin.py:190} INFO - [2025-02-19T03:52:34.373+0000] {dagbag.py:588} INFO - Filling up the DagBag from /home/airflow/.local/lib/python3.12/site-packages/airflow/example_dags/example_python_operator.py
[2025-02-19T03:52:34.405+0000] {processor.py:925} INFO - DAG(s) 'example_python_operator' retrieved from /home/airflow/.local/lib/python3.12/site-packages/airflow/example_dags/example_python_operator.py
[2025-02-19T03:52:34.448+0000] {logging_mixin.py:190} INFO - [2025-02-19T03:52:34.448+0000] {dag.py:3239} INFO - Sync 1 DAGs
[2025-02-19T03:52:34.473+0000] {logging_mixin.py:190} INFO - [2025-02-19T03:52:34.473+0000] {dag.py:4180} INFO - Setting next_dagrun for example_python_operator to None, run_after=None
[2025-02-19T03:52:34.508+0000] {processor.py:208} INFO - Processing /home/airflow/.local/lib/python3.12/site-packages/airflow/example_dags/example_python_operator.py took 0.149 seconds
[2025-02-19T03:53:05.539+0000] {processor.py:186} INFO - Started process (PID=301) to work on /home/airflow/.local/lib/python3.12/site-packages/airflow/example_dags/example_python_operator.py
[2025-02-19T03:53:05.541+0000] {processor.py:914} INFO - Processing file /home/airflow/.local/lib/python3.12/site-packages/airflow/example_dags/example_python_operator.py for tasks to queue
[2025-02-19T03:53:05.546+0000] {logging_mixin.py:190} INFO - [2025-02-19T03:53:05.545+0000] {dagbag.py:588} INFO - Filling up the DagBag from /home/airflow/.local/lib/python3.12/site-packages/airflow/example_dags/example_python_operator.py
[2025-02-19T03:53:05.570+0000] {processor.py:925} INFO - DAG(s) 'example_python_operator' retrieved from /home/airflow/.local/lib/python3.12/site-packages/airflow/example_dags/example_python_operator.py
[2025-02-19T03:53:05.618+0000] {logging_mixin.py:190} INFO - [2025-02-19T03:53:05.618+0000] {dag.py:3239} INFO - Sync 1 DAGs
[2025-02-19T03:53:05.644+0000] {logging_mixin.py:190} INFO - [2025-02-19T03:53:05.643+0000] {dag.py:4180} INFO - Setting next_dagrun for example_python_operator to None, run_after=None
[2025-02-19T03:53:05.770+0000] {processor.py:208} INFO - Processing /home/airflow/.local/lib/python3.12/site-packages/airflow/example_dags/example_python_operator.py took 0.243 seconds
[2025-02-19T03:53:36.691+0000] {processor.py:186} INFO - Started process (PID=369) to work on /home/airflow/.local/lib/python3.12/site-packages/airflow/example_dags/example_python_operator.py
[2025-02-19T03:53:36.692+0000] {processor.py:914} INFO - Processing file /home/airflow/.local/lib/python3.12/site-packages/airflow/example_dags/example_python_operator.py for tasks to queue
[2025-02-19T03:53:36.694+0000] {logging_mixin.py:190} INFO - [2025-02-19T03:53:36.693+0000] {dagbag.py:588} INFO - Filling up the DagBag from /home/airflow/.local/lib/python3.12/site-packages/airflow/example_dags/example_python_operator.py
[2025-02-19T03:53:36.706+0000] {processor.py:925} INFO - DAG(s) 'example_python_operator' retrieved from /home/airflow/.local/lib/python3.12/site-packages/airflow/example_dags/example_python_operator.py
[2025-02-19T03:53:36.732+0000] {logging_mixin.py:190} INFO - [2025-02-19T03:53:36.732+0000] {dag.py:3239} INFO - Sync 1 DAGs
[2025-02-19T03:53:36.748+0000] {logging_mixin.py:190} INFO - [2025-02-19T03:53:36.748+0000] {dag.py:4180} INFO - Setting next_dagrun for example_python_operator to None, run_after=None
[2025-02-19T03:53:36.795+0000] {processor.py:208} INFO - Processing /home/airflow/.local/lib/python3.12/site-packages/airflow/example_dags/example_python_operator.py took 0.110 seconds
[2025-02-19T03:54:07.678+0000] {processor.py:186} INFO - Started process (PID=433) to work on /home/airflow/.local/lib/python3.12/site-packages/airflow/example_dags/example_python_operator.py
[2025-02-19T03:54:07.679+0000] {processor.py:914} INFO - Processing file /home/airflow/.local/lib/python3.12/site-packages/airflow/example_dags/example_python_operator.py for tasks to queue
[2025-02-19T03:54:07.681+0000] {logging_mixin.py:190} INFO - [2025-02-19T03:54:07.680+0000] {dagbag.py:588} INFO - Filling up the DagBag from /home/airflow/.local/lib/python3.12/site-packages/airflow/example_dags/example_python_operator.py
[2025-02-19T03:54:07.694+0000] {processor.py:925} INFO - DAG(s) 'example_python_operator' retrieved from /home/airflow/.local/lib/python3.12/site-packages/airflow/example_dags/example_python_operator.py
[2025-02-19T03:54:07.721+0000] {logging_mixin.py:190} INFO - [2025-02-19T03:54:07.721+0000] {dag.py:3239} INFO - Sync 1 DAGs
[2025-02-19T03:54:07.740+0000] {logging_mixin.py:190} INFO - [2025-02-19T03:54:07.739+0000] {dag.py:4180} INFO - Setting next_dagrun for example_python_operator to None, run_after=None
[2025-02-19T03:54:07.772+0000] {processor.py:208} INFO - Processing /home/airflow/.local/lib/python3.12/site-packages/airflow/example_dags/example_python_operator.py took 0.098 seconds
[2025-02-19T03:54:38.645+0000] {processor.py:186} INFO - Started process (PID=496) to work on /home/airflow/.local/lib/python3.12/site-packages/airflow/example_dags/example_python_operator.py
[2025-02-19T03:54:38.647+0000] {processor.py:914} INFO - Processing file /home/airflow/.local/lib/python3.12/site-packages/airflow/example_dags/example_python_operator.py for tasks to queue
[2025-02-19T03:54:38.650+0000] {logging_mixin.py:190} INFO - [2025-02-19T03:54:38.649+0000] {dagbag.py:588} INFO - Filling up the DagBag from /home/airflow/.local/lib/python3.12/site-packages/airflow/example_dags/example_python_operator.py
[2025-02-19T03:54:38.683+0000] {processor.py:925} INFO - DAG(s) 'example_python_operator' retrieved from /home/airflow/.local/lib/python3.12/site-packages/airflow/example_dags/example_python_operator.py
[2025-02-19T03:54:38.752+0000] {logging_mixin.py:190} INFO - [2025-02-19T03:54:38.752+0000] {dag.py:3239} INFO - Sync 1 DAGs
[2025-02-19T03:54:38.803+0000] {logging_mixin.py:190} INFO - [2025-02-19T03:54:38.803+0000] {dag.py:4180} INFO - Setting next_dagrun for example_python_operator to None, run_after=None
[2025-02-19T03:54:38.884+0000] {processor.py:208} INFO - Processing /home/airflow/.local/lib/python3.12/site-packages/airflow/example_dags/example_python_operator.py took 0.251 seconds
[2025-02-19T03:55:09.171+0000] {processor.py:186} INFO - Started process (PID=560) to work on /home/airflow/.local/lib/python3.12/site-packages/airflow/example_dags/example_python_operator.py
[2025-02-19T03:55:09.172+0000] {processor.py:914} INFO - Processing file /home/airflow/.local/lib/python3.12/site-packages/airflow/example_dags/example_python_operator.py for tasks to queue
[2025-02-19T03:55:09.174+0000] {logging_mixin.py:190} INFO - [2025-02-19T03:55:09.173+0000] {dagbag.py:588} INFO - Filling up the DagBag from /home/airflow/.local/lib/python3.12/site-packages/airflow/example_dags/example_python_operator.py
[2025-02-19T03:55:09.192+0000] {processor.py:925} INFO - DAG(s) 'example_python_operator' retrieved from /home/airflow/.local/lib/python3.12/site-packages/airflow/example_dags/example_python_operator.py
[2025-02-19T03:55:09.229+0000] {logging_mixin.py:190} INFO - [2025-02-19T03:55:09.229+0000] {dag.py:3239} INFO - Sync 1 DAGs
[2025-02-19T03:55:09.251+0000] {logging_mixin.py:190} INFO - [2025-02-19T03:55:09.251+0000] {dag.py:4180} INFO - Setting next_dagrun for example_python_operator to None, run_after=None
[2025-02-19T03:55:09.278+0000] {processor.py:208} INFO - Processing /home/airflow/.local/lib/python3.12/site-packages/airflow/example_dags/example_python_operator.py took 0.114 seconds
[2025-02-19T03:55:40.594+0000] {processor.py:186} INFO - Started process (PID=628) to work on /home/airflow/.local/lib/python3.12/site-packages/airflow/example_dags/example_python_operator.py
[2025-02-19T03:55:40.595+0000] {processor.py:914} INFO - Processing file /home/airflow/.local/lib/python3.12/site-packages/airflow/example_dags/example_python_operator.py for tasks to queue
[2025-02-19T03:55:40.600+0000] {logging_mixin.py:190} INFO - [2025-02-19T03:55:40.597+0000] {dagbag.py:588} INFO - Filling up the DagBag from /home/airflow/.local/lib/python3.12/site-packages/airflow/example_dags/example_python_operator.py
[2025-02-19T03:55:40.626+0000] {processor.py:925} INFO - DAG(s) 'example_python_operator' retrieved from /home/airflow/.local/lib/python3.12/site-packages/airflow/example_dags/example_python_operator.py
[2025-02-19T03:55:40.664+0000] {logging_mixin.py:190} INFO - [2025-02-19T03:55:40.664+0000] {dag.py:3239} INFO - Sync 1 DAGs
[2025-02-19T03:55:40.689+0000] {logging_mixin.py:190} INFO - [2025-02-19T03:55:40.688+0000] {dag.py:4180} INFO - Setting next_dagrun for example_python_operator to None, run_after=None
[2025-02-19T03:55:40.724+0000] {processor.py:208} INFO - Processing /home/airflow/.local/lib/python3.12/site-packages/airflow/example_dags/example_python_operator.py took 0.140 seconds
[2025-02-19T03:56:12.007+0000] {processor.py:186} INFO - Started process (PID=692) to work on /home/airflow/.local/lib/python3.12/site-packages/airflow/example_dags/example_python_operator.py
[2025-02-19T03:56:12.009+0000] {processor.py:914} INFO - Processing file /home/airflow/.local/lib/python3.12/site-packages/airflow/example_dags/example_python_operator.py for tasks to queue
[2025-02-19T03:56:12.011+0000] {logging_mixin.py:190} INFO - [2025-02-19T03:56:12.011+0000] {dagbag.py:588} INFO - Filling up the DagBag from /home/airflow/.local/lib/python3.12/site-packages/airflow/example_dags/example_python_operator.py
[2025-02-19T03:56:12.024+0000] {processor.py:925} INFO - DAG(s) 'example_python_operator' retrieved from /home/airflow/.local/lib/python3.12/site-packages/airflow/example_dags/example_python_operator.py
[2025-02-19T03:56:12.052+0000] {logging_mixin.py:190} INFO - [2025-02-19T03:56:12.052+0000] {dag.py:3239} INFO - Sync 1 DAGs
[2025-02-19T03:56:12.069+0000] {logging_mixin.py:190} INFO - [2025-02-19T03:56:12.069+0000] {dag.py:4180} INFO - Setting next_dagrun for example_python_operator to None, run_after=None
[2025-02-19T03:56:12.097+0000] {processor.py:208} INFO - Processing /home/airflow/.local/lib/python3.12/site-packages/airflow/example_dags/example_python_operator.py took 0.097 seconds
[2025-02-19T03:56:42.730+0000] {processor.py:186} INFO - Started process (PID=756) to work on /home/airflow/.local/lib/python3.12/site-packages/airflow/example_dags/example_python_operator.py
[2025-02-19T03:56:42.731+0000] {processor.py:914} INFO - Processing file /home/airflow/.local/lib/python3.12/site-packages/airflow/example_dags/example_python_operator.py for tasks to queue
[2025-02-19T03:56:42.732+0000] {logging_mixin.py:190} INFO - [2025-02-19T03:56:42.732+0000] {dagbag.py:588} INFO - Filling up the DagBag from /home/airflow/.local/lib/python3.12/site-packages/airflow/example_dags/example_python_operator.py
[2025-02-19T03:56:42.747+0000] {processor.py:925} INFO - DAG(s) 'example_python_operator' retrieved from /home/airflow/.local/lib/python3.12/site-packages/airflow/example_dags/example_python_operator.py
[2025-02-19T03:56:42.775+0000] {logging_mixin.py:190} INFO - [2025-02-19T03:56:42.774+0000] {dag.py:3239} INFO - Sync 1 DAGs
[2025-02-19T03:56:42.791+0000] {logging_mixin.py:190} INFO - [2025-02-19T03:56:42.791+0000] {dag.py:4180} INFO - Setting next_dagrun for example_python_operator to None, run_after=None
[2025-02-19T03:56:42.822+0000] {processor.py:208} INFO - Processing /home/airflow/.local/lib/python3.12/site-packages/airflow/example_dags/example_python_operator.py took 0.101 seconds
[2025-02-19T03:57:12.980+0000] {processor.py:186} INFO - Started process (PID=819) to work on /home/airflow/.local/lib/python3.12/site-packages/airflow/example_dags/example_python_operator.py
[2025-02-19T03:57:12.981+0000] {processor.py:914} INFO - Processing file /home/airflow/.local/lib/python3.12/site-packages/airflow/example_dags/example_python_operator.py for tasks to queue
[2025-02-19T03:57:12.983+0000] {logging_mixin.py:190} INFO - [2025-02-19T03:57:12.982+0000] {dagbag.py:588} INFO - Filling up the DagBag from /home/airflow/.local/lib/python3.12/site-packages/airflow/example_dags/example_python_operator.py
[2025-02-19T03:57:12.996+0000] {processor.py:925} INFO - DAG(s) 'example_python_operator' retrieved from /home/airflow/.local/lib/python3.12/site-packages/airflow/example_dags/example_python_operator.py
[2025-02-19T03:57:13.022+0000] {logging_mixin.py:190} INFO - [2025-02-19T03:57:13.021+0000] {dag.py:3239} INFO - Sync 1 DAGs
[2025-02-19T03:57:13.037+0000] {logging_mixin.py:190} INFO - [2025-02-19T03:57:13.036+0000] {dag.py:4180} INFO - Setting next_dagrun for example_python_operator to None, run_after=None
[2025-02-19T03:57:13.064+0000] {processor.py:208} INFO - Processing /home/airflow/.local/lib/python3.12/site-packages/airflow/example_dags/example_python_operator.py took 0.090 seconds
[2025-02-19T03:57:43.278+0000] {processor.py:186} INFO - Started process (PID=883) to work on /home/airflow/.local/lib/python3.12/site-packages/airflow/example_dags/example_python_operator.py
[2025-02-19T03:57:43.279+0000] {processor.py:914} INFO - Processing file /home/airflow/.local/lib/python3.12/site-packages/airflow/example_dags/example_python_operator.py for tasks to queue
[2025-02-19T03:57:43.280+0000] {logging_mixin.py:190} INFO - [2025-02-19T03:57:43.280+0000] {dagbag.py:588} INFO - Filling up the DagBag from /home/airflow/.local/lib/python3.12/site-packages/airflow/example_dags/example_python_operator.py
[2025-02-19T03:57:43.294+0000] {processor.py:925} INFO - DAG(s) 'example_python_operator' retrieved from /home/airflow/.local/lib/python3.12/site-packages/airflow/example_dags/example_python_operator.py
[2025-02-19T03:57:43.324+0000] {logging_mixin.py:190} INFO - [2025-02-19T03:57:43.324+0000] {dag.py:3239} INFO - Sync 1 DAGs
[2025-02-19T03:57:43.342+0000] {logging_mixin.py:190} INFO - [2025-02-19T03:57:43.341+0000] {dag.py:4180} INFO - Setting next_dagrun for example_python_operator to None, run_after=None
[2025-02-19T03:57:43.367+0000] {processor.py:208} INFO - Processing /home/airflow/.local/lib/python3.12/site-packages/airflow/example_dags/example_python_operator.py took 0.096 seconds
[2025-02-19T03:58:14.058+0000] {processor.py:186} INFO - Started process (PID=947) to work on /home/airflow/.local/lib/python3.12/site-packages/airflow/example_dags/example_python_operator.py
[2025-02-19T03:58:14.060+0000] {processor.py:914} INFO - Processing file /home/airflow/.local/lib/python3.12/site-packages/airflow/example_dags/example_python_operator.py for tasks to queue
[2025-02-19T03:58:14.062+0000] {logging_mixin.py:190} INFO - [2025-02-19T03:58:14.062+0000] {dagbag.py:588} INFO - Filling up the DagBag from /home/airflow/.local/lib/python3.12/site-packages/airflow/example_dags/example_python_operator.py
[2025-02-19T03:58:14.084+0000] {processor.py:925} INFO - DAG(s) 'example_python_operator' retrieved from /home/airflow/.local/lib/python3.12/site-packages/airflow/example_dags/example_python_operator.py
[2025-02-19T03:58:14.116+0000] {logging_mixin.py:190} INFO - [2025-02-19T03:58:14.115+0000] {dag.py:3239} INFO - Sync 1 DAGs
[2025-02-19T03:58:14.137+0000] {logging_mixin.py:190} INFO - [2025-02-19T03:58:14.136+0000] {dag.py:4180} INFO - Setting next_dagrun for example_python_operator to None, run_after=None
[2025-02-19T03:58:14.165+0000] {processor.py:208} INFO - Processing /home/airflow/.local/lib/python3.12/site-packages/airflow/example_dags/example_python_operator.py took 0.116 seconds
[2025-02-19T03:58:44.511+0000] {processor.py:186} INFO - Started process (PID=1011) to work on /home/airflow/.local/lib/python3.12/site-packages/airflow/example_dags/example_python_operator.py
[2025-02-19T03:58:44.513+0000] {processor.py:914} INFO - Processing file /home/airflow/.local/lib/python3.12/site-packages/airflow/example_dags/example_python_operator.py for tasks to queue
[2025-02-19T03:58:44.514+0000] {logging_mixin.py:190} INFO - [2025-02-19T03:58:44.514+0000] {dagbag.py:588} INFO - Filling up the DagBag from /home/airflow/.local/lib/python3.12/site-packages/airflow/example_dags/example_python_operator.py
[2025-02-19T03:58:44.530+0000] {processor.py:925} INFO - DAG(s) 'example_python_operator' retrieved from /home/airflow/.local/lib/python3.12/site-packages/airflow/example_dags/example_python_operator.py
[2025-02-19T03:58:44.567+0000] {logging_mixin.py:190} INFO - [2025-02-19T03:58:44.566+0000] {dag.py:3239} INFO - Sync 1 DAGs
[2025-02-19T03:58:44.586+0000] {logging_mixin.py:190} INFO - [2025-02-19T03:58:44.586+0000] {dag.py:4180} INFO - Setting next_dagrun for example_python_operator to None, run_after=None
[2025-02-19T03:58:44.614+0000] {processor.py:208} INFO - Processing /home/airflow/.local/lib/python3.12/site-packages/airflow/example_dags/example_python_operator.py took 0.110 seconds
[2025-02-19T03:59:15.166+0000] {processor.py:186} INFO - Started process (PID=1073) to work on /home/airflow/.local/lib/python3.12/site-packages/airflow/example_dags/example_python_operator.py
[2025-02-19T03:59:15.169+0000] {processor.py:914} INFO - Processing file /home/airflow/.local/lib/python3.12/site-packages/airflow/example_dags/example_python_operator.py for tasks to queue
[2025-02-19T03:59:15.171+0000] {logging_mixin.py:190} INFO - [2025-02-19T03:59:15.171+0000] {dagbag.py:588} INFO - Filling up the DagBag from /home/airflow/.local/lib/python3.12/site-packages/airflow/example_dags/example_python_operator.py
[2025-02-19T03:59:15.195+0000] {processor.py:925} INFO - DAG(s) 'example_python_operator' retrieved from /home/airflow/.local/lib/python3.12/site-packages/airflow/example_dags/example_python_operator.py
[2025-02-19T03:59:15.247+0000] {logging_mixin.py:190} INFO - [2025-02-19T03:59:15.247+0000] {dag.py:3239} INFO - Sync 1 DAGs
[2025-02-19T03:59:15.282+0000] {logging_mixin.py:190} INFO - [2025-02-19T03:59:15.281+0000] {dag.py:4180} INFO - Setting next_dagrun for example_python_operator to None, run_after=None
[2025-02-19T03:59:15.335+0000] {processor.py:208} INFO - Processing /home/airflow/.local/lib/python3.12/site-packages/airflow/example_dags/example_python_operator.py took 0.178 seconds
[2025-02-19T03:59:46.056+0000] {processor.py:186} INFO - Started process (PID=1137) to work on /home/airflow/.local/lib/python3.12/site-packages/airflow/example_dags/example_python_operator.py
[2025-02-19T03:59:46.057+0000] {processor.py:914} INFO - Processing file /home/airflow/.local/lib/python3.12/site-packages/airflow/example_dags/example_python_operator.py for tasks to queue
[2025-02-19T03:59:46.059+0000] {logging_mixin.py:190} INFO - [2025-02-19T03:59:46.058+0000] {dagbag.py:588} INFO - Filling up the DagBag from /home/airflow/.local/lib/python3.12/site-packages/airflow/example_dags/example_python_operator.py
[2025-02-19T03:59:46.072+0000] {processor.py:925} INFO - DAG(s) 'example_python_operator' retrieved from /home/airflow/.local/lib/python3.12/site-packages/airflow/example_dags/example_python_operator.py
[2025-02-19T03:59:46.097+0000] {logging_mixin.py:190} INFO - [2025-02-19T03:59:46.096+0000] {dag.py:3239} INFO - Sync 1 DAGs
[2025-02-19T03:59:46.119+0000] {logging_mixin.py:190} INFO - [2025-02-19T03:59:46.119+0000] {dag.py:4180} INFO - Setting next_dagrun for example_python_operator to None, run_after=None
[2025-02-19T03:59:46.156+0000] {processor.py:208} INFO - Processing /home/airflow/.local/lib/python3.12/site-packages/airflow/example_dags/example_python_operator.py took 0.106 seconds
[2025-02-19T04:00:16.824+0000] {processor.py:186} INFO - Started process (PID=1201) to work on /home/airflow/.local/lib/python3.12/site-packages/airflow/example_dags/example_python_operator.py
[2025-02-19T04:00:16.825+0000] {processor.py:914} INFO - Processing file /home/airflow/.local/lib/python3.12/site-packages/airflow/example_dags/example_python_operator.py for tasks to queue
[2025-02-19T04:00:16.826+0000] {logging_mixin.py:190} INFO - [2025-02-19T04:00:16.826+0000] {dagbag.py:588} INFO - Filling up the DagBag from /home/airflow/.local/lib/python3.12/site-packages/airflow/example_dags/example_python_operator.py
[2025-02-19T04:00:16.839+0000] {processor.py:925} INFO - DAG(s) 'example_python_operator' retrieved from /home/airflow/.local/lib/python3.12/site-packages/airflow/example_dags/example_python_operator.py
[2025-02-19T04:00:16.865+0000] {logging_mixin.py:190} INFO - [2025-02-19T04:00:16.865+0000] {dag.py:3239} INFO - Sync 1 DAGs
[2025-02-19T04:00:16.883+0000] {logging_mixin.py:190} INFO - [2025-02-19T04:00:16.883+0000] {dag.py:4180} INFO - Setting next_dagrun for example_python_operator to None, run_after=None
[2025-02-19T04:00:16.912+0000] {processor.py:208} INFO - Processing /home/airflow/.local/lib/python3.12/site-packages/airflow/example_dags/example_python_operator.py took 0.094 seconds
[2025-02-19T04:00:47.549+0000] {processor.py:186} INFO - Started process (PID=1265) to work on /home/airflow/.local/lib/python3.12/site-packages/airflow/example_dags/example_python_operator.py
[2025-02-19T04:00:47.550+0000] {processor.py:914} INFO - Processing file /home/airflow/.local/lib/python3.12/site-packages/airflow/example_dags/example_python_operator.py for tasks to queue
[2025-02-19T04:00:47.552+0000] {logging_mixin.py:190} INFO - [2025-02-19T04:00:47.551+0000] {dagbag.py:588} INFO - Filling up the DagBag from /home/airflow/.local/lib/python3.12/site-packages/airflow/example_dags/example_python_operator.py
[2025-02-19T04:00:47.563+0000] {processor.py:925} INFO - DAG(s) 'example_python_operator' retrieved from /home/airflow/.local/lib/python3.12/site-packages/airflow/example_dags/example_python_operator.py
[2025-02-19T04:00:47.588+0000] {logging_mixin.py:190} INFO - [2025-02-19T04:00:47.587+0000] {dag.py:3239} INFO - Sync 1 DAGs
[2025-02-19T04:00:47.603+0000] {logging_mixin.py:190} INFO - [2025-02-19T04:00:47.603+0000] {dag.py:4180} INFO - Setting next_dagrun for example_python_operator to None, run_after=None
[2025-02-19T04:00:47.625+0000] {processor.py:208} INFO - Processing /home/airflow/.local/lib/python3.12/site-packages/airflow/example_dags/example_python_operator.py took 0.082 seconds
[2025-02-19T04:01:17.741+0000] {processor.py:186} INFO - Started process (PID=1328) to work on /home/airflow/.local/lib/python3.12/site-packages/airflow/example_dags/example_python_operator.py
[2025-02-19T04:01:17.742+0000] {processor.py:914} INFO - Processing file /home/airflow/.local/lib/python3.12/site-packages/airflow/example_dags/example_python_operator.py for tasks to queue
[2025-02-19T04:01:17.743+0000] {logging_mixin.py:190} INFO - [2025-02-19T04:01:17.743+0000] {dagbag.py:588} INFO - Filling up the DagBag from /home/airflow/.local/lib/python3.12/site-packages/airflow/example_dags/example_python_operator.py
[2025-02-19T04:01:17.754+0000] {processor.py:925} INFO - DAG(s) 'example_python_operator' retrieved from /home/airflow/.local/lib/python3.12/site-packages/airflow/example_dags/example_python_operator.py
[2025-02-19T04:01:17.779+0000] {logging_mixin.py:190} INFO - [2025-02-19T04:01:17.778+0000] {dag.py:3239} INFO - Sync 1 DAGs
[2025-02-19T04:01:17.793+0000] {logging_mixin.py:190} INFO - [2025-02-19T04:01:17.793+0000] {dag.py:4180} INFO - Setting next_dagrun for example_python_operator to None, run_after=None
[2025-02-19T04:01:17.815+0000] {processor.py:208} INFO - Processing /home/airflow/.local/lib/python3.12/site-packages/airflow/example_dags/example_python_operator.py took 0.080 seconds
[2025-02-19T04:01:48.677+0000] {processor.py:186} INFO - Started process (PID=1392) to work on /home/airflow/.local/lib/python3.12/site-packages/airflow/example_dags/example_python_operator.py
[2025-02-19T04:01:48.688+0000] {processor.py:914} INFO - Processing file /home/airflow/.local/lib/python3.12/site-packages/airflow/example_dags/example_python_operator.py for tasks to queue
[2025-02-19T04:01:48.692+0000] {logging_mixin.py:190} INFO - [2025-02-19T04:01:48.691+0000] {dagbag.py:588} INFO - Filling up the DagBag from /home/airflow/.local/lib/python3.12/site-packages/airflow/example_dags/example_python_operator.py
[2025-02-19T04:01:48.764+0000] {processor.py:925} INFO - DAG(s) 'example_python_operator' retrieved from /home/airflow/.local/lib/python3.12/site-packages/airflow/example_dags/example_python_operator.py
[2025-02-19T04:01:48.920+0000] {logging_mixin.py:190} INFO - [2025-02-19T04:01:48.920+0000] {dag.py:3239} INFO - Sync 1 DAGs
[2025-02-19T04:01:48.996+0000] {logging_mixin.py:190} INFO - [2025-02-19T04:01:48.995+0000] {dag.py:4180} INFO - Setting next_dagrun for example_python_operator to None, run_after=None
[2025-02-19T04:01:49.093+0000] {processor.py:208} INFO - Processing /home/airflow/.local/lib/python3.12/site-packages/airflow/example_dags/example_python_operator.py took 0.449 seconds
