[2025-02-19T03:51:28.805+0000] {processor.py:186} INFO - Started process (PID=95) to work on /home/airflow/.local/lib/python3.12/site-packages/airflow/example_dags/example_sensor_decorator.py
[2025-02-19T03:51:28.806+0000] {processor.py:914} INFO - Processing file /home/airflow/.local/lib/python3.12/site-packages/airflow/example_dags/example_sensor_decorator.py for tasks to queue
[2025-02-19T03:51:28.807+0000] {logging_mixin.py:190} INFO - [2025-02-19T03:51:28.807+0000] {dagbag.py:588} INFO - Filling up the DagBag from /home/airflow/.local/lib/python3.12/site-packages/airflow/example_dags/example_sensor_decorator.py
[2025-02-19T03:51:28.825+0000] {processor.py:925} INFO - DAG(s) 'example_sensor_decorator' retrieved from /home/airflow/.local/lib/python3.12/site-packages/airflow/example_dags/example_sensor_decorator.py
[2025-02-19T03:51:29.056+0000] {logging_mixin.py:190} INFO - [2025-02-19T03:51:29.053+0000] {override.py:1911} INFO - Created Permission View: can read on DAG:example_sensor_decorator
[2025-02-19T03:51:29.095+0000] {logging_mixin.py:190} INFO - [2025-02-19T03:51:29.094+0000] {override.py:1911} INFO - Created Permission View: can delete on DAG:example_sensor_decorator
[2025-02-19T03:51:29.108+0000] {logging_mixin.py:190} INFO - [2025-02-19T03:51:29.108+0000] {override.py:1911} INFO - Created Permission View: can edit on DAG:example_sensor_decorator
[2025-02-19T03:51:29.124+0000] {logging_mixin.py:190} INFO - [2025-02-19T03:51:29.124+0000] {override.py:1911} INFO - Created Permission View: can read on DAG Run:example_sensor_decorator
[2025-02-19T03:51:29.137+0000] {logging_mixin.py:190} INFO - [2025-02-19T03:51:29.136+0000] {override.py:1911} INFO - Created Permission View: can delete on DAG Run:example_sensor_decorator
[2025-02-19T03:51:29.148+0000] {logging_mixin.py:190} INFO - [2025-02-19T03:51:29.147+0000] {override.py:1911} INFO - Created Permission View: can create on DAG Run:example_sensor_decorator
[2025-02-19T03:51:29.159+0000] {logging_mixin.py:190} INFO - [2025-02-19T03:51:29.158+0000] {override.py:1911} INFO - Created Permission View: menu access on DAG Run:example_sensor_decorator
[2025-02-19T03:51:29.160+0000] {logging_mixin.py:190} INFO - [2025-02-19T03:51:29.160+0000] {dag.py:3239} INFO - Sync 1 DAGs
[2025-02-19T03:51:29.181+0000] {logging_mixin.py:190} INFO - [2025-02-19T03:51:29.180+0000] {dag.py:3262} INFO - Creating ORM DAG for example_sensor_decorator
[2025-02-19T03:51:29.182+0000] {logging_mixin.py:190} INFO - [2025-02-19T03:51:29.182+0000] {dag.py:4180} INFO - Setting next_dagrun for example_sensor_decorator to None, run_after=None
[2025-02-19T03:51:29.206+0000] {processor.py:208} INFO - Processing /home/airflow/.local/lib/python3.12/site-packages/airflow/example_dags/example_sensor_decorator.py took 0.409 seconds
[2025-02-19T03:52:00.592+0000] {processor.py:186} INFO - Started process (PID=159) to work on /home/airflow/.local/lib/python3.12/site-packages/airflow/example_dags/example_sensor_decorator.py
[2025-02-19T03:52:00.594+0000] {processor.py:914} INFO - Processing file /home/airflow/.local/lib/python3.12/site-packages/airflow/example_dags/example_sensor_decorator.py for tasks to queue
[2025-02-19T03:52:00.596+0000] {logging_mixin.py:190} INFO - [2025-02-19T03:52:00.596+0000] {dagbag.py:588} INFO - Filling up the DagBag from /home/airflow/.local/lib/python3.12/site-packages/airflow/example_dags/example_sensor_decorator.py
[2025-02-19T03:52:00.612+0000] {processor.py:925} INFO - DAG(s) 'example_sensor_decorator' retrieved from /home/airflow/.local/lib/python3.12/site-packages/airflow/example_dags/example_sensor_decorator.py
[2025-02-19T03:52:00.647+0000] {logging_mixin.py:190} INFO - [2025-02-19T03:52:00.647+0000] {dag.py:3239} INFO - Sync 1 DAGs
[2025-02-19T03:52:00.672+0000] {logging_mixin.py:190} INFO - [2025-02-19T03:52:00.672+0000] {dag.py:4180} INFO - Setting next_dagrun for example_sensor_decorator to None, run_after=None
[2025-02-19T03:52:00.702+0000] {processor.py:208} INFO - Processing /home/airflow/.local/lib/python3.12/site-packages/airflow/example_dags/example_sensor_decorator.py took 0.121 seconds
[2025-02-19T03:52:31.016+0000] {processor.py:186} INFO - Started process (PID=223) to work on /home/airflow/.local/lib/python3.12/site-packages/airflow/example_dags/example_sensor_decorator.py
[2025-02-19T03:52:31.017+0000] {processor.py:914} INFO - Processing file /home/airflow/.local/lib/python3.12/site-packages/airflow/example_dags/example_sensor_decorator.py for tasks to queue
[2025-02-19T03:52:31.019+0000] {logging_mixin.py:190} INFO - [2025-02-19T03:52:31.018+0000] {dagbag.py:588} INFO - Filling up the DagBag from /home/airflow/.local/lib/python3.12/site-packages/airflow/example_dags/example_sensor_decorator.py
[2025-02-19T03:52:31.034+0000] {processor.py:925} INFO - DAG(s) 'example_sensor_decorator' retrieved from /home/airflow/.local/lib/python3.12/site-packages/airflow/example_dags/example_sensor_decorator.py
[2025-02-19T03:52:31.066+0000] {logging_mixin.py:190} INFO - [2025-02-19T03:52:31.065+0000] {dag.py:3239} INFO - Sync 1 DAGs
[2025-02-19T03:52:31.090+0000] {logging_mixin.py:190} INFO - [2025-02-19T03:52:31.089+0000] {dag.py:4180} INFO - Setting next_dagrun for example_sensor_decorator to None, run_after=None
[2025-02-19T03:52:31.120+0000] {processor.py:208} INFO - Processing /home/airflow/.local/lib/python3.12/site-packages/airflow/example_dags/example_sensor_decorator.py took 0.114 seconds
[2025-02-19T03:53:02.051+0000] {processor.py:186} INFO - Started process (PID=287) to work on /home/airflow/.local/lib/python3.12/site-packages/airflow/example_dags/example_sensor_decorator.py
[2025-02-19T03:53:02.052+0000] {processor.py:914} INFO - Processing file /home/airflow/.local/lib/python3.12/site-packages/airflow/example_dags/example_sensor_decorator.py for tasks to queue
[2025-02-19T03:53:02.054+0000] {logging_mixin.py:190} INFO - [2025-02-19T03:53:02.054+0000] {dagbag.py:588} INFO - Filling up the DagBag from /home/airflow/.local/lib/python3.12/site-packages/airflow/example_dags/example_sensor_decorator.py
[2025-02-19T03:53:02.067+0000] {processor.py:925} INFO - DAG(s) 'example_sensor_decorator' retrieved from /home/airflow/.local/lib/python3.12/site-packages/airflow/example_dags/example_sensor_decorator.py
[2025-02-19T03:53:02.100+0000] {logging_mixin.py:190} INFO - [2025-02-19T03:53:02.100+0000] {dag.py:3239} INFO - Sync 1 DAGs
[2025-02-19T03:53:02.132+0000] {logging_mixin.py:190} INFO - [2025-02-19T03:53:02.131+0000] {dag.py:4180} INFO - Setting next_dagrun for example_sensor_decorator to None, run_after=None
[2025-02-19T03:53:02.167+0000] {processor.py:208} INFO - Processing /home/airflow/.local/lib/python3.12/site-packages/airflow/example_dags/example_sensor_decorator.py took 0.126 seconds
[2025-02-19T03:53:32.265+0000] {processor.py:186} INFO - Started process (PID=354) to work on /home/airflow/.local/lib/python3.12/site-packages/airflow/example_dags/example_sensor_decorator.py
[2025-02-19T03:53:32.266+0000] {processor.py:914} INFO - Processing file /home/airflow/.local/lib/python3.12/site-packages/airflow/example_dags/example_sensor_decorator.py for tasks to queue
[2025-02-19T03:53:32.269+0000] {logging_mixin.py:190} INFO - [2025-02-19T03:53:32.268+0000] {dagbag.py:588} INFO - Filling up the DagBag from /home/airflow/.local/lib/python3.12/site-packages/airflow/example_dags/example_sensor_decorator.py
[2025-02-19T03:53:32.279+0000] {processor.py:925} INFO - DAG(s) 'example_sensor_decorator' retrieved from /home/airflow/.local/lib/python3.12/site-packages/airflow/example_dags/example_sensor_decorator.py
[2025-02-19T03:53:32.307+0000] {logging_mixin.py:190} INFO - [2025-02-19T03:53:32.307+0000] {dag.py:3239} INFO - Sync 1 DAGs
[2025-02-19T03:53:32.327+0000] {logging_mixin.py:190} INFO - [2025-02-19T03:53:32.327+0000] {dag.py:4180} INFO - Setting next_dagrun for example_sensor_decorator to None, run_after=None
[2025-02-19T03:53:32.363+0000] {processor.py:208} INFO - Processing /home/airflow/.local/lib/python3.12/site-packages/airflow/example_dags/example_sensor_decorator.py took 0.105 seconds
[2025-02-19T03:54:02.929+0000] {processor.py:186} INFO - Started process (PID=417) to work on /home/airflow/.local/lib/python3.12/site-packages/airflow/example_dags/example_sensor_decorator.py
[2025-02-19T03:54:02.930+0000] {processor.py:914} INFO - Processing file /home/airflow/.local/lib/python3.12/site-packages/airflow/example_dags/example_sensor_decorator.py for tasks to queue
[2025-02-19T03:54:02.931+0000] {logging_mixin.py:190} INFO - [2025-02-19T03:54:02.931+0000] {dagbag.py:588} INFO - Filling up the DagBag from /home/airflow/.local/lib/python3.12/site-packages/airflow/example_dags/example_sensor_decorator.py
[2025-02-19T03:54:02.939+0000] {processor.py:925} INFO - DAG(s) 'example_sensor_decorator' retrieved from /home/airflow/.local/lib/python3.12/site-packages/airflow/example_dags/example_sensor_decorator.py
[2025-02-19T03:54:02.965+0000] {logging_mixin.py:190} INFO - [2025-02-19T03:54:02.964+0000] {dag.py:3239} INFO - Sync 1 DAGs
[2025-02-19T03:54:02.984+0000] {logging_mixin.py:190} INFO - [2025-02-19T03:54:02.983+0000] {dag.py:4180} INFO - Setting next_dagrun for example_sensor_decorator to None, run_after=None
[2025-02-19T03:54:03.014+0000] {processor.py:208} INFO - Processing /home/airflow/.local/lib/python3.12/site-packages/airflow/example_dags/example_sensor_decorator.py took 0.091 seconds
[2025-02-19T03:54:34.071+0000] {processor.py:186} INFO - Started process (PID=481) to work on /home/airflow/.local/lib/python3.12/site-packages/airflow/example_dags/example_sensor_decorator.py
[2025-02-19T03:54:34.072+0000] {processor.py:914} INFO - Processing file /home/airflow/.local/lib/python3.12/site-packages/airflow/example_dags/example_sensor_decorator.py for tasks to queue
[2025-02-19T03:54:34.076+0000] {logging_mixin.py:190} INFO - [2025-02-19T03:54:34.076+0000] {dagbag.py:588} INFO - Filling up the DagBag from /home/airflow/.local/lib/python3.12/site-packages/airflow/example_dags/example_sensor_decorator.py
[2025-02-19T03:54:34.093+0000] {processor.py:925} INFO - DAG(s) 'example_sensor_decorator' retrieved from /home/airflow/.local/lib/python3.12/site-packages/airflow/example_dags/example_sensor_decorator.py
[2025-02-19T03:54:34.143+0000] {logging_mixin.py:190} INFO - [2025-02-19T03:54:34.142+0000] {dag.py:3239} INFO - Sync 1 DAGs
[2025-02-19T03:54:34.176+0000] {logging_mixin.py:190} INFO - [2025-02-19T03:54:34.176+0000] {dag.py:4180} INFO - Setting next_dagrun for example_sensor_decorator to None, run_after=None
[2025-02-19T03:54:34.202+0000] {processor.py:208} INFO - Processing /home/airflow/.local/lib/python3.12/site-packages/airflow/example_dags/example_sensor_decorator.py took 0.140 seconds
[2025-02-19T03:55:04.428+0000] {processor.py:186} INFO - Started process (PID=545) to work on /home/airflow/.local/lib/python3.12/site-packages/airflow/example_dags/example_sensor_decorator.py
[2025-02-19T03:55:04.430+0000] {processor.py:914} INFO - Processing file /home/airflow/.local/lib/python3.12/site-packages/airflow/example_dags/example_sensor_decorator.py for tasks to queue
[2025-02-19T03:55:04.433+0000] {logging_mixin.py:190} INFO - [2025-02-19T03:55:04.432+0000] {dagbag.py:588} INFO - Filling up the DagBag from /home/airflow/.local/lib/python3.12/site-packages/airflow/example_dags/example_sensor_decorator.py
[2025-02-19T03:55:04.451+0000] {processor.py:925} INFO - DAG(s) 'example_sensor_decorator' retrieved from /home/airflow/.local/lib/python3.12/site-packages/airflow/example_dags/example_sensor_decorator.py
[2025-02-19T03:55:04.508+0000] {logging_mixin.py:190} INFO - [2025-02-19T03:55:04.508+0000] {dag.py:3239} INFO - Sync 1 DAGs
[2025-02-19T03:55:04.536+0000] {logging_mixin.py:190} INFO - [2025-02-19T03:55:04.535+0000] {dag.py:4180} INFO - Setting next_dagrun for example_sensor_decorator to None, run_after=None
[2025-02-19T03:55:04.565+0000] {processor.py:208} INFO - Processing /home/airflow/.local/lib/python3.12/site-packages/airflow/example_dags/example_sensor_decorator.py took 0.151 seconds
[2025-02-19T03:55:34.706+0000] {processor.py:186} INFO - Started process (PID=612) to work on /home/airflow/.local/lib/python3.12/site-packages/airflow/example_dags/example_sensor_decorator.py
[2025-02-19T03:55:34.707+0000] {processor.py:914} INFO - Processing file /home/airflow/.local/lib/python3.12/site-packages/airflow/example_dags/example_sensor_decorator.py for tasks to queue
[2025-02-19T03:55:34.709+0000] {logging_mixin.py:190} INFO - [2025-02-19T03:55:34.708+0000] {dagbag.py:588} INFO - Filling up the DagBag from /home/airflow/.local/lib/python3.12/site-packages/airflow/example_dags/example_sensor_decorator.py
[2025-02-19T03:55:34.719+0000] {processor.py:925} INFO - DAG(s) 'example_sensor_decorator' retrieved from /home/airflow/.local/lib/python3.12/site-packages/airflow/example_dags/example_sensor_decorator.py
[2025-02-19T03:55:34.741+0000] {logging_mixin.py:190} INFO - [2025-02-19T03:55:34.741+0000] {dag.py:3239} INFO - Sync 1 DAGs
[2025-02-19T03:55:34.760+0000] {logging_mixin.py:190} INFO - [2025-02-19T03:55:34.760+0000] {dag.py:4180} INFO - Setting next_dagrun for example_sensor_decorator to None, run_after=None
[2025-02-19T03:55:34.785+0000] {processor.py:208} INFO - Processing /home/airflow/.local/lib/python3.12/site-packages/airflow/example_dags/example_sensor_decorator.py took 0.085 seconds
[2025-02-19T03:56:05.132+0000] {processor.py:186} INFO - Started process (PID=676) to work on /home/airflow/.local/lib/python3.12/site-packages/airflow/example_dags/example_sensor_decorator.py
[2025-02-19T03:56:05.133+0000] {processor.py:914} INFO - Processing file /home/airflow/.local/lib/python3.12/site-packages/airflow/example_dags/example_sensor_decorator.py for tasks to queue
[2025-02-19T03:56:05.134+0000] {logging_mixin.py:190} INFO - [2025-02-19T03:56:05.134+0000] {dagbag.py:588} INFO - Filling up the DagBag from /home/airflow/.local/lib/python3.12/site-packages/airflow/example_dags/example_sensor_decorator.py
[2025-02-19T03:56:05.143+0000] {processor.py:925} INFO - DAG(s) 'example_sensor_decorator' retrieved from /home/airflow/.local/lib/python3.12/site-packages/airflow/example_dags/example_sensor_decorator.py
[2025-02-19T03:56:05.171+0000] {logging_mixin.py:190} INFO - [2025-02-19T03:56:05.170+0000] {dag.py:3239} INFO - Sync 1 DAGs
[2025-02-19T03:56:05.194+0000] {logging_mixin.py:190} INFO - [2025-02-19T03:56:05.193+0000] {dag.py:4180} INFO - Setting next_dagrun for example_sensor_decorator to None, run_after=None
[2025-02-19T03:56:05.219+0000] {processor.py:208} INFO - Processing /home/airflow/.local/lib/python3.12/site-packages/airflow/example_dags/example_sensor_decorator.py took 0.095 seconds
[2025-02-19T03:56:35.528+0000] {processor.py:186} INFO - Started process (PID=740) to work on /home/airflow/.local/lib/python3.12/site-packages/airflow/example_dags/example_sensor_decorator.py
[2025-02-19T03:56:35.529+0000] {processor.py:914} INFO - Processing file /home/airflow/.local/lib/python3.12/site-packages/airflow/example_dags/example_sensor_decorator.py for tasks to queue
[2025-02-19T03:56:35.530+0000] {logging_mixin.py:190} INFO - [2025-02-19T03:56:35.530+0000] {dagbag.py:588} INFO - Filling up the DagBag from /home/airflow/.local/lib/python3.12/site-packages/airflow/example_dags/example_sensor_decorator.py
[2025-02-19T03:56:35.538+0000] {processor.py:925} INFO - DAG(s) 'example_sensor_decorator' retrieved from /home/airflow/.local/lib/python3.12/site-packages/airflow/example_dags/example_sensor_decorator.py
[2025-02-19T03:56:35.562+0000] {logging_mixin.py:190} INFO - [2025-02-19T03:56:35.561+0000] {dag.py:3239} INFO - Sync 1 DAGs
[2025-02-19T03:56:35.576+0000] {logging_mixin.py:190} INFO - [2025-02-19T03:56:35.576+0000] {dag.py:4180} INFO - Setting next_dagrun for example_sensor_decorator to None, run_after=None
[2025-02-19T03:56:35.599+0000] {processor.py:208} INFO - Processing /home/airflow/.local/lib/python3.12/site-packages/airflow/example_dags/example_sensor_decorator.py took 0.079 seconds
[2025-02-19T03:57:06.173+0000] {processor.py:186} INFO - Started process (PID=804) to work on /home/airflow/.local/lib/python3.12/site-packages/airflow/example_dags/example_sensor_decorator.py
[2025-02-19T03:57:06.174+0000] {processor.py:914} INFO - Processing file /home/airflow/.local/lib/python3.12/site-packages/airflow/example_dags/example_sensor_decorator.py for tasks to queue
[2025-02-19T03:57:06.176+0000] {logging_mixin.py:190} INFO - [2025-02-19T03:57:06.176+0000] {dagbag.py:588} INFO - Filling up the DagBag from /home/airflow/.local/lib/python3.12/site-packages/airflow/example_dags/example_sensor_decorator.py
[2025-02-19T03:57:06.187+0000] {processor.py:925} INFO - DAG(s) 'example_sensor_decorator' retrieved from /home/airflow/.local/lib/python3.12/site-packages/airflow/example_dags/example_sensor_decorator.py
[2025-02-19T03:57:06.218+0000] {logging_mixin.py:190} INFO - [2025-02-19T03:57:06.217+0000] {dag.py:3239} INFO - Sync 1 DAGs
[2025-02-19T03:57:06.239+0000] {logging_mixin.py:190} INFO - [2025-02-19T03:57:06.238+0000] {dag.py:4180} INFO - Setting next_dagrun for example_sensor_decorator to None, run_after=None
[2025-02-19T03:57:06.272+0000] {processor.py:208} INFO - Processing /home/airflow/.local/lib/python3.12/site-packages/airflow/example_dags/example_sensor_decorator.py took 0.108 seconds
[2025-02-19T03:57:36.946+0000] {processor.py:186} INFO - Started process (PID=868) to work on /home/airflow/.local/lib/python3.12/site-packages/airflow/example_dags/example_sensor_decorator.py
[2025-02-19T03:57:36.947+0000] {processor.py:914} INFO - Processing file /home/airflow/.local/lib/python3.12/site-packages/airflow/example_dags/example_sensor_decorator.py for tasks to queue
[2025-02-19T03:57:36.949+0000] {logging_mixin.py:190} INFO - [2025-02-19T03:57:36.949+0000] {dagbag.py:588} INFO - Filling up the DagBag from /home/airflow/.local/lib/python3.12/site-packages/airflow/example_dags/example_sensor_decorator.py
[2025-02-19T03:57:36.961+0000] {processor.py:925} INFO - DAG(s) 'example_sensor_decorator' retrieved from /home/airflow/.local/lib/python3.12/site-packages/airflow/example_dags/example_sensor_decorator.py
[2025-02-19T03:57:36.985+0000] {logging_mixin.py:190} INFO - [2025-02-19T03:57:36.985+0000] {dag.py:3239} INFO - Sync 1 DAGs
[2025-02-19T03:57:37.004+0000] {logging_mixin.py:190} INFO - [2025-02-19T03:57:37.004+0000] {dag.py:4180} INFO - Setting next_dagrun for example_sensor_decorator to None, run_after=None
[2025-02-19T03:57:37.029+0000] {processor.py:208} INFO - Processing /home/airflow/.local/lib/python3.12/site-packages/airflow/example_dags/example_sensor_decorator.py took 0.089 seconds
[2025-02-19T03:58:07.855+0000] {processor.py:186} INFO - Started process (PID=932) to work on /home/airflow/.local/lib/python3.12/site-packages/airflow/example_dags/example_sensor_decorator.py
[2025-02-19T03:58:07.856+0000] {processor.py:914} INFO - Processing file /home/airflow/.local/lib/python3.12/site-packages/airflow/example_dags/example_sensor_decorator.py for tasks to queue
[2025-02-19T03:58:07.857+0000] {logging_mixin.py:190} INFO - [2025-02-19T03:58:07.857+0000] {dagbag.py:588} INFO - Filling up the DagBag from /home/airflow/.local/lib/python3.12/site-packages/airflow/example_dags/example_sensor_decorator.py
[2025-02-19T03:58:07.866+0000] {processor.py:925} INFO - DAG(s) 'example_sensor_decorator' retrieved from /home/airflow/.local/lib/python3.12/site-packages/airflow/example_dags/example_sensor_decorator.py
[2025-02-19T03:58:07.889+0000] {logging_mixin.py:190} INFO - [2025-02-19T03:58:07.888+0000] {dag.py:3239} INFO - Sync 1 DAGs
[2025-02-19T03:58:07.904+0000] {logging_mixin.py:190} INFO - [2025-02-19T03:58:07.904+0000] {dag.py:4180} INFO - Setting next_dagrun for example_sensor_decorator to None, run_after=None
[2025-02-19T03:58:07.932+0000] {processor.py:208} INFO - Processing /home/airflow/.local/lib/python3.12/site-packages/airflow/example_dags/example_sensor_decorator.py took 0.082 seconds
[2025-02-19T03:58:38.788+0000] {processor.py:186} INFO - Started process (PID=996) to work on /home/airflow/.local/lib/python3.12/site-packages/airflow/example_dags/example_sensor_decorator.py
[2025-02-19T03:58:38.789+0000] {processor.py:914} INFO - Processing file /home/airflow/.local/lib/python3.12/site-packages/airflow/example_dags/example_sensor_decorator.py for tasks to queue
[2025-02-19T03:58:38.791+0000] {logging_mixin.py:190} INFO - [2025-02-19T03:58:38.791+0000] {dagbag.py:588} INFO - Filling up the DagBag from /home/airflow/.local/lib/python3.12/site-packages/airflow/example_dags/example_sensor_decorator.py
[2025-02-19T03:58:38.803+0000] {processor.py:925} INFO - DAG(s) 'example_sensor_decorator' retrieved from /home/airflow/.local/lib/python3.12/site-packages/airflow/example_dags/example_sensor_decorator.py
[2025-02-19T03:58:38.830+0000] {logging_mixin.py:190} INFO - [2025-02-19T03:58:38.830+0000] {dag.py:3239} INFO - Sync 1 DAGs
[2025-02-19T03:58:38.851+0000] {logging_mixin.py:190} INFO - [2025-02-19T03:58:38.851+0000] {dag.py:4180} INFO - Setting next_dagrun for example_sensor_decorator to None, run_after=None
[2025-02-19T03:58:38.877+0000] {processor.py:208} INFO - Processing /home/airflow/.local/lib/python3.12/site-packages/airflow/example_dags/example_sensor_decorator.py took 0.098 seconds
[2025-02-19T03:59:09.023+0000] {processor.py:186} INFO - Started process (PID=1059) to work on /home/airflow/.local/lib/python3.12/site-packages/airflow/example_dags/example_sensor_decorator.py
[2025-02-19T03:59:09.024+0000] {processor.py:914} INFO - Processing file /home/airflow/.local/lib/python3.12/site-packages/airflow/example_dags/example_sensor_decorator.py for tasks to queue
[2025-02-19T03:59:09.025+0000] {logging_mixin.py:190} INFO - [2025-02-19T03:59:09.025+0000] {dagbag.py:588} INFO - Filling up the DagBag from /home/airflow/.local/lib/python3.12/site-packages/airflow/example_dags/example_sensor_decorator.py
[2025-02-19T03:59:09.033+0000] {processor.py:925} INFO - DAG(s) 'example_sensor_decorator' retrieved from /home/airflow/.local/lib/python3.12/site-packages/airflow/example_dags/example_sensor_decorator.py
[2025-02-19T03:59:09.056+0000] {logging_mixin.py:190} INFO - [2025-02-19T03:59:09.056+0000] {dag.py:3239} INFO - Sync 1 DAGs
[2025-02-19T03:59:09.070+0000] {logging_mixin.py:190} INFO - [2025-02-19T03:59:09.070+0000] {dag.py:4180} INFO - Setting next_dagrun for example_sensor_decorator to None, run_after=None
[2025-02-19T03:59:09.103+0000] {processor.py:208} INFO - Processing /home/airflow/.local/lib/python3.12/site-packages/airflow/example_dags/example_sensor_decorator.py took 0.085 seconds
[2025-02-19T03:59:39.161+0000] {processor.py:186} INFO - Started process (PID=1123) to work on /home/airflow/.local/lib/python3.12/site-packages/airflow/example_dags/example_sensor_decorator.py
[2025-02-19T03:59:39.162+0000] {processor.py:914} INFO - Processing file /home/airflow/.local/lib/python3.12/site-packages/airflow/example_dags/example_sensor_decorator.py for tasks to queue
[2025-02-19T03:59:39.163+0000] {logging_mixin.py:190} INFO - [2025-02-19T03:59:39.163+0000] {dagbag.py:588} INFO - Filling up the DagBag from /home/airflow/.local/lib/python3.12/site-packages/airflow/example_dags/example_sensor_decorator.py
[2025-02-19T03:59:39.171+0000] {processor.py:925} INFO - DAG(s) 'example_sensor_decorator' retrieved from /home/airflow/.local/lib/python3.12/site-packages/airflow/example_dags/example_sensor_decorator.py
[2025-02-19T03:59:39.193+0000] {logging_mixin.py:190} INFO - [2025-02-19T03:59:39.192+0000] {dag.py:3239} INFO - Sync 1 DAGs
[2025-02-19T03:59:39.207+0000] {logging_mixin.py:190} INFO - [2025-02-19T03:59:39.206+0000] {dag.py:4180} INFO - Setting next_dagrun for example_sensor_decorator to None, run_after=None
[2025-02-19T03:59:39.236+0000] {processor.py:208} INFO - Processing /home/airflow/.local/lib/python3.12/site-packages/airflow/example_dags/example_sensor_decorator.py took 0.080 seconds
[2025-02-19T04:00:09.291+0000] {processor.py:186} INFO - Started process (PID=1187) to work on /home/airflow/.local/lib/python3.12/site-packages/airflow/example_dags/example_sensor_decorator.py
[2025-02-19T04:00:09.292+0000] {processor.py:914} INFO - Processing file /home/airflow/.local/lib/python3.12/site-packages/airflow/example_dags/example_sensor_decorator.py for tasks to queue
[2025-02-19T04:00:09.294+0000] {logging_mixin.py:190} INFO - [2025-02-19T04:00:09.293+0000] {dagbag.py:588} INFO - Filling up the DagBag from /home/airflow/.local/lib/python3.12/site-packages/airflow/example_dags/example_sensor_decorator.py
[2025-02-19T04:00:09.301+0000] {processor.py:925} INFO - DAG(s) 'example_sensor_decorator' retrieved from /home/airflow/.local/lib/python3.12/site-packages/airflow/example_dags/example_sensor_decorator.py
[2025-02-19T04:00:09.323+0000] {logging_mixin.py:190} INFO - [2025-02-19T04:00:09.323+0000] {dag.py:3239} INFO - Sync 1 DAGs
[2025-02-19T04:00:09.338+0000] {logging_mixin.py:190} INFO - [2025-02-19T04:00:09.338+0000] {dag.py:4180} INFO - Setting next_dagrun for example_sensor_decorator to None, run_after=None
[2025-02-19T04:00:09.366+0000] {processor.py:208} INFO - Processing /home/airflow/.local/lib/python3.12/site-packages/airflow/example_dags/example_sensor_decorator.py took 0.080 seconds
[2025-02-19T04:00:39.588+0000] {processor.py:186} INFO - Started process (PID=1251) to work on /home/airflow/.local/lib/python3.12/site-packages/airflow/example_dags/example_sensor_decorator.py
[2025-02-19T04:00:39.589+0000] {processor.py:914} INFO - Processing file /home/airflow/.local/lib/python3.12/site-packages/airflow/example_dags/example_sensor_decorator.py for tasks to queue
[2025-02-19T04:00:39.591+0000] {logging_mixin.py:190} INFO - [2025-02-19T04:00:39.590+0000] {dagbag.py:588} INFO - Filling up the DagBag from /home/airflow/.local/lib/python3.12/site-packages/airflow/example_dags/example_sensor_decorator.py
[2025-02-19T04:00:39.598+0000] {processor.py:925} INFO - DAG(s) 'example_sensor_decorator' retrieved from /home/airflow/.local/lib/python3.12/site-packages/airflow/example_dags/example_sensor_decorator.py
[2025-02-19T04:00:39.619+0000] {logging_mixin.py:190} INFO - [2025-02-19T04:00:39.619+0000] {dag.py:3239} INFO - Sync 1 DAGs
[2025-02-19T04:00:39.633+0000] {logging_mixin.py:190} INFO - [2025-02-19T04:00:39.633+0000] {dag.py:4180} INFO - Setting next_dagrun for example_sensor_decorator to None, run_after=None
[2025-02-19T04:00:39.655+0000] {processor.py:208} INFO - Processing /home/airflow/.local/lib/python3.12/site-packages/airflow/example_dags/example_sensor_decorator.py took 0.072 seconds
[2025-02-19T04:01:09.769+0000] {processor.py:186} INFO - Started process (PID=1315) to work on /home/airflow/.local/lib/python3.12/site-packages/airflow/example_dags/example_sensor_decorator.py
[2025-02-19T04:01:09.770+0000] {processor.py:914} INFO - Processing file /home/airflow/.local/lib/python3.12/site-packages/airflow/example_dags/example_sensor_decorator.py for tasks to queue
[2025-02-19T04:01:09.772+0000] {logging_mixin.py:190} INFO - [2025-02-19T04:01:09.771+0000] {dagbag.py:588} INFO - Filling up the DagBag from /home/airflow/.local/lib/python3.12/site-packages/airflow/example_dags/example_sensor_decorator.py
[2025-02-19T04:01:09.781+0000] {processor.py:925} INFO - DAG(s) 'example_sensor_decorator' retrieved from /home/airflow/.local/lib/python3.12/site-packages/airflow/example_dags/example_sensor_decorator.py
[2025-02-19T04:01:09.802+0000] {logging_mixin.py:190} INFO - [2025-02-19T04:01:09.802+0000] {dag.py:3239} INFO - Sync 1 DAGs
[2025-02-19T04:01:09.819+0000] {logging_mixin.py:190} INFO - [2025-02-19T04:01:09.818+0000] {dag.py:4180} INFO - Setting next_dagrun for example_sensor_decorator to None, run_after=None
[2025-02-19T04:01:09.852+0000] {processor.py:208} INFO - Processing /home/airflow/.local/lib/python3.12/site-packages/airflow/example_dags/example_sensor_decorator.py took 0.091 seconds
[2025-02-19T04:01:40.340+0000] {processor.py:186} INFO - Started process (PID=1379) to work on /home/airflow/.local/lib/python3.12/site-packages/airflow/example_dags/example_sensor_decorator.py
[2025-02-19T04:01:40.341+0000] {processor.py:914} INFO - Processing file /home/airflow/.local/lib/python3.12/site-packages/airflow/example_dags/example_sensor_decorator.py for tasks to queue
[2025-02-19T04:01:40.342+0000] {logging_mixin.py:190} INFO - [2025-02-19T04:01:40.342+0000] {dagbag.py:588} INFO - Filling up the DagBag from /home/airflow/.local/lib/python3.12/site-packages/airflow/example_dags/example_sensor_decorator.py
[2025-02-19T04:01:40.353+0000] {processor.py:925} INFO - DAG(s) 'example_sensor_decorator' retrieved from /home/airflow/.local/lib/python3.12/site-packages/airflow/example_dags/example_sensor_decorator.py
[2025-02-19T04:01:40.387+0000] {logging_mixin.py:190} INFO - [2025-02-19T04:01:40.386+0000] {dag.py:3239} INFO - Sync 1 DAGs
[2025-02-19T04:01:40.417+0000] {logging_mixin.py:190} INFO - [2025-02-19T04:01:40.416+0000] {dag.py:4180} INFO - Setting next_dagrun for example_sensor_decorator to None, run_after=None
[2025-02-19T04:01:40.458+0000] {processor.py:208} INFO - Processing /home/airflow/.local/lib/python3.12/site-packages/airflow/example_dags/example_sensor_decorator.py took 0.124 seconds
