[2025-02-19T03:51:30.985+0000] {processor.py:186} INFO - Started process (PID=103) to work on /home/airflow/.local/lib/python3.12/site-packages/airflow/example_dags/example_short_circuit_operator.py
[2025-02-19T03:51:30.987+0000] {processor.py:914} INFO - Processing file /home/airflow/.local/lib/python3.12/site-packages/airflow/example_dags/example_short_circuit_operator.py for tasks to queue
[2025-02-19T03:51:30.989+0000] {logging_mixin.py:190} INFO - [2025-02-19T03:51:30.989+0000] {dagbag.py:588} INFO - Filling up the DagBag from /home/airflow/.local/lib/python3.12/site-packages/airflow/example_dags/example_short_circuit_operator.py
[2025-02-19T03:51:31.006+0000] {processor.py:925} INFO - DAG(s) 'example_short_circuit_operator' retrieved from /home/airflow/.local/lib/python3.12/site-packages/airflow/example_dags/example_short_circuit_operator.py
[2025-02-19T03:51:31.185+0000] {logging_mixin.py:190} INFO - [2025-02-19T03:51:31.183+0000] {override.py:1911} INFO - Created Permission View: can read on DAG:example_short_circuit_operator
[2025-02-19T03:51:31.213+0000] {logging_mixin.py:190} INFO - [2025-02-19T03:51:31.213+0000] {override.py:1911} INFO - Created Permission View: can delete on DAG:example_short_circuit_operator
[2025-02-19T03:51:31.226+0000] {logging_mixin.py:190} INFO - [2025-02-19T03:51:31.225+0000] {override.py:1911} INFO - Created Permission View: can edit on DAG:example_short_circuit_operator
[2025-02-19T03:51:31.246+0000] {logging_mixin.py:190} INFO - [2025-02-19T03:51:31.245+0000] {override.py:1911} INFO - Created Permission View: can read on DAG Run:example_short_circuit_operator
[2025-02-19T03:51:31.268+0000] {logging_mixin.py:190} INFO - [2025-02-19T03:51:31.267+0000] {override.py:1911} INFO - Created Permission View: can delete on DAG Run:example_short_circuit_operator
[2025-02-19T03:51:31.286+0000] {logging_mixin.py:190} INFO - [2025-02-19T03:51:31.286+0000] {override.py:1911} INFO - Created Permission View: can create on DAG Run:example_short_circuit_operator
[2025-02-19T03:51:31.302+0000] {logging_mixin.py:190} INFO - [2025-02-19T03:51:31.302+0000] {override.py:1911} INFO - Created Permission View: menu access on DAG Run:example_short_circuit_operator
[2025-02-19T03:51:31.303+0000] {logging_mixin.py:190} INFO - [2025-02-19T03:51:31.303+0000] {dag.py:3239} INFO - Sync 1 DAGs
[2025-02-19T03:51:31.325+0000] {logging_mixin.py:190} INFO - [2025-02-19T03:51:31.324+0000] {dag.py:3262} INFO - Creating ORM DAG for example_short_circuit_operator
[2025-02-19T03:51:31.326+0000] {logging_mixin.py:190} INFO - [2025-02-19T03:51:31.326+0000] {dag.py:4180} INFO - Setting next_dagrun for example_short_circuit_operator to None, run_after=None
[2025-02-19T03:51:31.351+0000] {processor.py:208} INFO - Processing /home/airflow/.local/lib/python3.12/site-packages/airflow/example_dags/example_short_circuit_operator.py took 0.382 seconds
[2025-02-19T03:52:02.054+0000] {processor.py:186} INFO - Started process (PID=167) to work on /home/airflow/.local/lib/python3.12/site-packages/airflow/example_dags/example_short_circuit_operator.py
[2025-02-19T03:52:02.055+0000] {processor.py:914} INFO - Processing file /home/airflow/.local/lib/python3.12/site-packages/airflow/example_dags/example_short_circuit_operator.py for tasks to queue
[2025-02-19T03:52:02.057+0000] {logging_mixin.py:190} INFO - [2025-02-19T03:52:02.056+0000] {dagbag.py:588} INFO - Filling up the DagBag from /home/airflow/.local/lib/python3.12/site-packages/airflow/example_dags/example_short_circuit_operator.py
[2025-02-19T03:52:02.072+0000] {processor.py:925} INFO - DAG(s) 'example_short_circuit_operator' retrieved from /home/airflow/.local/lib/python3.12/site-packages/airflow/example_dags/example_short_circuit_operator.py
[2025-02-19T03:52:02.108+0000] {logging_mixin.py:190} INFO - [2025-02-19T03:52:02.108+0000] {dag.py:3239} INFO - Sync 1 DAGs
[2025-02-19T03:52:02.137+0000] {logging_mixin.py:190} INFO - [2025-02-19T03:52:02.136+0000] {dag.py:4180} INFO - Setting next_dagrun for example_short_circuit_operator to None, run_after=None
[2025-02-19T03:52:02.176+0000] {processor.py:208} INFO - Processing /home/airflow/.local/lib/python3.12/site-packages/airflow/example_dags/example_short_circuit_operator.py took 0.132 seconds
[2025-02-19T03:52:33.528+0000] {processor.py:186} INFO - Started process (PID=231) to work on /home/airflow/.local/lib/python3.12/site-packages/airflow/example_dags/example_short_circuit_operator.py
[2025-02-19T03:52:33.529+0000] {processor.py:914} INFO - Processing file /home/airflow/.local/lib/python3.12/site-packages/airflow/example_dags/example_short_circuit_operator.py for tasks to queue
[2025-02-19T03:52:33.532+0000] {logging_mixin.py:190} INFO - [2025-02-19T03:52:33.532+0000] {dagbag.py:588} INFO - Filling up the DagBag from /home/airflow/.local/lib/python3.12/site-packages/airflow/example_dags/example_short_circuit_operator.py
[2025-02-19T03:52:33.552+0000] {processor.py:925} INFO - DAG(s) 'example_short_circuit_operator' retrieved from /home/airflow/.local/lib/python3.12/site-packages/airflow/example_dags/example_short_circuit_operator.py
[2025-02-19T03:52:33.616+0000] {logging_mixin.py:190} INFO - [2025-02-19T03:52:33.615+0000] {dag.py:3239} INFO - Sync 1 DAGs
[2025-02-19T03:52:33.653+0000] {logging_mixin.py:190} INFO - [2025-02-19T03:52:33.652+0000] {dag.py:4180} INFO - Setting next_dagrun for example_short_circuit_operator to None, run_after=None
[2025-02-19T03:52:33.719+0000] {processor.py:208} INFO - Processing /home/airflow/.local/lib/python3.12/site-packages/airflow/example_dags/example_short_circuit_operator.py took 0.206 seconds
[2025-02-19T03:53:03.955+0000] {processor.py:186} INFO - Started process (PID=294) to work on /home/airflow/.local/lib/python3.12/site-packages/airflow/example_dags/example_short_circuit_operator.py
[2025-02-19T03:53:03.956+0000] {processor.py:914} INFO - Processing file /home/airflow/.local/lib/python3.12/site-packages/airflow/example_dags/example_short_circuit_operator.py for tasks to queue
[2025-02-19T03:53:03.958+0000] {logging_mixin.py:190} INFO - [2025-02-19T03:53:03.958+0000] {dagbag.py:588} INFO - Filling up the DagBag from /home/airflow/.local/lib/python3.12/site-packages/airflow/example_dags/example_short_circuit_operator.py
[2025-02-19T03:53:03.971+0000] {processor.py:925} INFO - DAG(s) 'example_short_circuit_operator' retrieved from /home/airflow/.local/lib/python3.12/site-packages/airflow/example_dags/example_short_circuit_operator.py
[2025-02-19T03:53:04.010+0000] {logging_mixin.py:190} INFO - [2025-02-19T03:53:04.009+0000] {dag.py:3239} INFO - Sync 1 DAGs
[2025-02-19T03:53:04.034+0000] {logging_mixin.py:190} INFO - [2025-02-19T03:53:04.033+0000] {dag.py:4180} INFO - Setting next_dagrun for example_short_circuit_operator to None, run_after=None
[2025-02-19T03:53:04.067+0000] {processor.py:208} INFO - Processing /home/airflow/.local/lib/python3.12/site-packages/airflow/example_dags/example_short_circuit_operator.py took 0.118 seconds
[2025-02-19T03:53:34.171+0000] {processor.py:186} INFO - Started process (PID=362) to work on /home/airflow/.local/lib/python3.12/site-packages/airflow/example_dags/example_short_circuit_operator.py
[2025-02-19T03:53:34.172+0000] {processor.py:914} INFO - Processing file /home/airflow/.local/lib/python3.12/site-packages/airflow/example_dags/example_short_circuit_operator.py for tasks to queue
[2025-02-19T03:53:34.175+0000] {logging_mixin.py:190} INFO - [2025-02-19T03:53:34.174+0000] {dagbag.py:588} INFO - Filling up the DagBag from /home/airflow/.local/lib/python3.12/site-packages/airflow/example_dags/example_short_circuit_operator.py
[2025-02-19T03:53:34.190+0000] {processor.py:925} INFO - DAG(s) 'example_short_circuit_operator' retrieved from /home/airflow/.local/lib/python3.12/site-packages/airflow/example_dags/example_short_circuit_operator.py
[2025-02-19T03:53:34.239+0000] {logging_mixin.py:190} INFO - [2025-02-19T03:53:34.239+0000] {dag.py:3239} INFO - Sync 1 DAGs
[2025-02-19T03:53:34.261+0000] {logging_mixin.py:190} INFO - [2025-02-19T03:53:34.261+0000] {dag.py:4180} INFO - Setting next_dagrun for example_short_circuit_operator to None, run_after=None
[2025-02-19T03:53:34.323+0000] {processor.py:208} INFO - Processing /home/airflow/.local/lib/python3.12/site-packages/airflow/example_dags/example_short_circuit_operator.py took 0.163 seconds
[2025-02-19T03:54:05.073+0000] {processor.py:186} INFO - Started process (PID=426) to work on /home/airflow/.local/lib/python3.12/site-packages/airflow/example_dags/example_short_circuit_operator.py
[2025-02-19T03:54:05.074+0000] {processor.py:914} INFO - Processing file /home/airflow/.local/lib/python3.12/site-packages/airflow/example_dags/example_short_circuit_operator.py for tasks to queue
[2025-02-19T03:54:05.075+0000] {logging_mixin.py:190} INFO - [2025-02-19T03:54:05.075+0000] {dagbag.py:588} INFO - Filling up the DagBag from /home/airflow/.local/lib/python3.12/site-packages/airflow/example_dags/example_short_circuit_operator.py
[2025-02-19T03:54:05.088+0000] {processor.py:925} INFO - DAG(s) 'example_short_circuit_operator' retrieved from /home/airflow/.local/lib/python3.12/site-packages/airflow/example_dags/example_short_circuit_operator.py
[2025-02-19T03:54:05.124+0000] {logging_mixin.py:190} INFO - [2025-02-19T03:54:05.123+0000] {dag.py:3239} INFO - Sync 1 DAGs
[2025-02-19T03:54:05.151+0000] {logging_mixin.py:190} INFO - [2025-02-19T03:54:05.151+0000] {dag.py:4180} INFO - Setting next_dagrun for example_short_circuit_operator to None, run_after=None
[2025-02-19T03:54:05.179+0000] {processor.py:208} INFO - Processing /home/airflow/.local/lib/python3.12/site-packages/airflow/example_dags/example_short_circuit_operator.py took 0.113 seconds
[2025-02-19T03:54:37.887+0000] {processor.py:186} INFO - Started process (PID=490) to work on /home/airflow/.local/lib/python3.12/site-packages/airflow/example_dags/example_short_circuit_operator.py
[2025-02-19T03:54:37.889+0000] {processor.py:914} INFO - Processing file /home/airflow/.local/lib/python3.12/site-packages/airflow/example_dags/example_short_circuit_operator.py for tasks to queue
[2025-02-19T03:54:37.891+0000] {logging_mixin.py:190} INFO - [2025-02-19T03:54:37.891+0000] {dagbag.py:588} INFO - Filling up the DagBag from /home/airflow/.local/lib/python3.12/site-packages/airflow/example_dags/example_short_circuit_operator.py
[2025-02-19T03:54:37.905+0000] {processor.py:925} INFO - DAG(s) 'example_short_circuit_operator' retrieved from /home/airflow/.local/lib/python3.12/site-packages/airflow/example_dags/example_short_circuit_operator.py
[2025-02-19T03:54:37.952+0000] {logging_mixin.py:190} INFO - [2025-02-19T03:54:37.951+0000] {dag.py:3239} INFO - Sync 1 DAGs
[2025-02-19T03:54:37.988+0000] {logging_mixin.py:190} INFO - [2025-02-19T03:54:37.988+0000] {dag.py:4180} INFO - Setting next_dagrun for example_short_circuit_operator to None, run_after=None
[2025-02-19T03:54:38.025+0000] {processor.py:208} INFO - Processing /home/airflow/.local/lib/python3.12/site-packages/airflow/example_dags/example_short_circuit_operator.py took 0.148 seconds
[2025-02-19T03:55:08.331+0000] {processor.py:186} INFO - Started process (PID=554) to work on /home/airflow/.local/lib/python3.12/site-packages/airflow/example_dags/example_short_circuit_operator.py
[2025-02-19T03:55:08.333+0000] {processor.py:914} INFO - Processing file /home/airflow/.local/lib/python3.12/site-packages/airflow/example_dags/example_short_circuit_operator.py for tasks to queue
[2025-02-19T03:55:08.336+0000] {logging_mixin.py:190} INFO - [2025-02-19T03:55:08.336+0000] {dagbag.py:588} INFO - Filling up the DagBag from /home/airflow/.local/lib/python3.12/site-packages/airflow/example_dags/example_short_circuit_operator.py
[2025-02-19T03:55:08.351+0000] {processor.py:925} INFO - DAG(s) 'example_short_circuit_operator' retrieved from /home/airflow/.local/lib/python3.12/site-packages/airflow/example_dags/example_short_circuit_operator.py
[2025-02-19T03:55:08.389+0000] {logging_mixin.py:190} INFO - [2025-02-19T03:55:08.389+0000] {dag.py:3239} INFO - Sync 1 DAGs
[2025-02-19T03:55:08.416+0000] {logging_mixin.py:190} INFO - [2025-02-19T03:55:08.416+0000] {dag.py:4180} INFO - Setting next_dagrun for example_short_circuit_operator to None, run_after=None
[2025-02-19T03:55:08.447+0000] {processor.py:208} INFO - Processing /home/airflow/.local/lib/python3.12/site-packages/airflow/example_dags/example_short_circuit_operator.py took 0.125 seconds
[2025-02-19T03:55:39.148+0000] {processor.py:186} INFO - Started process (PID=622) to work on /home/airflow/.local/lib/python3.12/site-packages/airflow/example_dags/example_short_circuit_operator.py
[2025-02-19T03:55:39.149+0000] {processor.py:914} INFO - Processing file /home/airflow/.local/lib/python3.12/site-packages/airflow/example_dags/example_short_circuit_operator.py for tasks to queue
[2025-02-19T03:55:39.152+0000] {logging_mixin.py:190} INFO - [2025-02-19T03:55:39.151+0000] {dagbag.py:588} INFO - Filling up the DagBag from /home/airflow/.local/lib/python3.12/site-packages/airflow/example_dags/example_short_circuit_operator.py
[2025-02-19T03:55:39.168+0000] {processor.py:925} INFO - DAG(s) 'example_short_circuit_operator' retrieved from /home/airflow/.local/lib/python3.12/site-packages/airflow/example_dags/example_short_circuit_operator.py
[2025-02-19T03:55:39.209+0000] {logging_mixin.py:190} INFO - [2025-02-19T03:55:39.208+0000] {dag.py:3239} INFO - Sync 1 DAGs
[2025-02-19T03:55:39.236+0000] {logging_mixin.py:190} INFO - [2025-02-19T03:55:39.236+0000] {dag.py:4180} INFO - Setting next_dagrun for example_short_circuit_operator to None, run_after=None
[2025-02-19T03:55:39.271+0000] {processor.py:208} INFO - Processing /home/airflow/.local/lib/python3.12/site-packages/airflow/example_dags/example_short_circuit_operator.py took 0.132 seconds
[2025-02-19T03:56:09.756+0000] {processor.py:186} INFO - Started process (PID=685) to work on /home/airflow/.local/lib/python3.12/site-packages/airflow/example_dags/example_short_circuit_operator.py
[2025-02-19T03:56:09.758+0000] {processor.py:914} INFO - Processing file /home/airflow/.local/lib/python3.12/site-packages/airflow/example_dags/example_short_circuit_operator.py for tasks to queue
[2025-02-19T03:56:09.759+0000] {logging_mixin.py:190} INFO - [2025-02-19T03:56:09.759+0000] {dagbag.py:588} INFO - Filling up the DagBag from /home/airflow/.local/lib/python3.12/site-packages/airflow/example_dags/example_short_circuit_operator.py
[2025-02-19T03:56:09.770+0000] {processor.py:925} INFO - DAG(s) 'example_short_circuit_operator' retrieved from /home/airflow/.local/lib/python3.12/site-packages/airflow/example_dags/example_short_circuit_operator.py
[2025-02-19T03:56:09.801+0000] {logging_mixin.py:190} INFO - [2025-02-19T03:56:09.801+0000] {dag.py:3239} INFO - Sync 1 DAGs
[2025-02-19T03:56:09.819+0000] {logging_mixin.py:190} INFO - [2025-02-19T03:56:09.819+0000] {dag.py:4180} INFO - Setting next_dagrun for example_short_circuit_operator to None, run_after=None
[2025-02-19T03:56:09.841+0000] {processor.py:208} INFO - Processing /home/airflow/.local/lib/python3.12/site-packages/airflow/example_dags/example_short_circuit_operator.py took 0.090 seconds
[2025-02-19T03:56:40.045+0000] {processor.py:186} INFO - Started process (PID=748) to work on /home/airflow/.local/lib/python3.12/site-packages/airflow/example_dags/example_short_circuit_operator.py
[2025-02-19T03:56:40.046+0000] {processor.py:914} INFO - Processing file /home/airflow/.local/lib/python3.12/site-packages/airflow/example_dags/example_short_circuit_operator.py for tasks to queue
[2025-02-19T03:56:40.048+0000] {logging_mixin.py:190} INFO - [2025-02-19T03:56:40.048+0000] {dagbag.py:588} INFO - Filling up the DagBag from /home/airflow/.local/lib/python3.12/site-packages/airflow/example_dags/example_short_circuit_operator.py
[2025-02-19T03:56:40.059+0000] {processor.py:925} INFO - DAG(s) 'example_short_circuit_operator' retrieved from /home/airflow/.local/lib/python3.12/site-packages/airflow/example_dags/example_short_circuit_operator.py
[2025-02-19T03:56:40.087+0000] {logging_mixin.py:190} INFO - [2025-02-19T03:56:40.086+0000] {dag.py:3239} INFO - Sync 1 DAGs
[2025-02-19T03:56:40.106+0000] {logging_mixin.py:190} INFO - [2025-02-19T03:56:40.105+0000] {dag.py:4180} INFO - Setting next_dagrun for example_short_circuit_operator to None, run_after=None
[2025-02-19T03:56:40.131+0000] {processor.py:208} INFO - Processing /home/airflow/.local/lib/python3.12/site-packages/airflow/example_dags/example_short_circuit_operator.py took 0.092 seconds
[2025-02-19T03:57:10.421+0000] {processor.py:186} INFO - Started process (PID=812) to work on /home/airflow/.local/lib/python3.12/site-packages/airflow/example_dags/example_short_circuit_operator.py
[2025-02-19T03:57:10.423+0000] {processor.py:914} INFO - Processing file /home/airflow/.local/lib/python3.12/site-packages/airflow/example_dags/example_short_circuit_operator.py for tasks to queue
[2025-02-19T03:57:10.427+0000] {logging_mixin.py:190} INFO - [2025-02-19T03:57:10.426+0000] {dagbag.py:588} INFO - Filling up the DagBag from /home/airflow/.local/lib/python3.12/site-packages/airflow/example_dags/example_short_circuit_operator.py
[2025-02-19T03:57:10.441+0000] {processor.py:925} INFO - DAG(s) 'example_short_circuit_operator' retrieved from /home/airflow/.local/lib/python3.12/site-packages/airflow/example_dags/example_short_circuit_operator.py
[2025-02-19T03:57:10.486+0000] {logging_mixin.py:190} INFO - [2025-02-19T03:57:10.486+0000] {dag.py:3239} INFO - Sync 1 DAGs
[2025-02-19T03:57:10.517+0000] {logging_mixin.py:190} INFO - [2025-02-19T03:57:10.516+0000] {dag.py:4180} INFO - Setting next_dagrun for example_short_circuit_operator to None, run_after=None
[2025-02-19T03:57:10.573+0000] {processor.py:208} INFO - Processing /home/airflow/.local/lib/python3.12/site-packages/airflow/example_dags/example_short_circuit_operator.py took 0.164 seconds
[2025-02-19T03:57:41.132+0000] {processor.py:186} INFO - Started process (PID=876) to work on /home/airflow/.local/lib/python3.12/site-packages/airflow/example_dags/example_short_circuit_operator.py
[2025-02-19T03:57:41.134+0000] {processor.py:914} INFO - Processing file /home/airflow/.local/lib/python3.12/site-packages/airflow/example_dags/example_short_circuit_operator.py for tasks to queue
[2025-02-19T03:57:41.135+0000] {logging_mixin.py:190} INFO - [2025-02-19T03:57:41.135+0000] {dagbag.py:588} INFO - Filling up the DagBag from /home/airflow/.local/lib/python3.12/site-packages/airflow/example_dags/example_short_circuit_operator.py
[2025-02-19T03:57:41.147+0000] {processor.py:925} INFO - DAG(s) 'example_short_circuit_operator' retrieved from /home/airflow/.local/lib/python3.12/site-packages/airflow/example_dags/example_short_circuit_operator.py
[2025-02-19T03:57:41.177+0000] {logging_mixin.py:190} INFO - [2025-02-19T03:57:41.177+0000] {dag.py:3239} INFO - Sync 1 DAGs
[2025-02-19T03:57:41.196+0000] {logging_mixin.py:190} INFO - [2025-02-19T03:57:41.196+0000] {dag.py:4180} INFO - Setting next_dagrun for example_short_circuit_operator to None, run_after=None
[2025-02-19T03:57:41.228+0000] {processor.py:208} INFO - Processing /home/airflow/.local/lib/python3.12/site-packages/airflow/example_dags/example_short_circuit_operator.py took 0.106 seconds
[2025-02-19T03:58:11.734+0000] {processor.py:186} INFO - Started process (PID=940) to work on /home/airflow/.local/lib/python3.12/site-packages/airflow/example_dags/example_short_circuit_operator.py
[2025-02-19T03:58:11.736+0000] {processor.py:914} INFO - Processing file /home/airflow/.local/lib/python3.12/site-packages/airflow/example_dags/example_short_circuit_operator.py for tasks to queue
[2025-02-19T03:58:11.738+0000] {logging_mixin.py:190} INFO - [2025-02-19T03:58:11.738+0000] {dagbag.py:588} INFO - Filling up the DagBag from /home/airflow/.local/lib/python3.12/site-packages/airflow/example_dags/example_short_circuit_operator.py
[2025-02-19T03:58:11.752+0000] {processor.py:925} INFO - DAG(s) 'example_short_circuit_operator' retrieved from /home/airflow/.local/lib/python3.12/site-packages/airflow/example_dags/example_short_circuit_operator.py
[2025-02-19T03:58:11.786+0000] {logging_mixin.py:190} INFO - [2025-02-19T03:58:11.786+0000] {dag.py:3239} INFO - Sync 1 DAGs
[2025-02-19T03:58:11.807+0000] {logging_mixin.py:190} INFO - [2025-02-19T03:58:11.807+0000] {dag.py:4180} INFO - Setting next_dagrun for example_short_circuit_operator to None, run_after=None
[2025-02-19T03:58:11.848+0000] {processor.py:208} INFO - Processing /home/airflow/.local/lib/python3.12/site-packages/airflow/example_dags/example_short_circuit_operator.py took 0.122 seconds
[2025-02-19T03:58:42.774+0000] {processor.py:186} INFO - Started process (PID=1004) to work on /home/airflow/.local/lib/python3.12/site-packages/airflow/example_dags/example_short_circuit_operator.py
[2025-02-19T03:58:42.775+0000] {processor.py:914} INFO - Processing file /home/airflow/.local/lib/python3.12/site-packages/airflow/example_dags/example_short_circuit_operator.py for tasks to queue
[2025-02-19T03:58:42.778+0000] {logging_mixin.py:190} INFO - [2025-02-19T03:58:42.777+0000] {dagbag.py:588} INFO - Filling up the DagBag from /home/airflow/.local/lib/python3.12/site-packages/airflow/example_dags/example_short_circuit_operator.py
[2025-02-19T03:58:42.791+0000] {processor.py:925} INFO - DAG(s) 'example_short_circuit_operator' retrieved from /home/airflow/.local/lib/python3.12/site-packages/airflow/example_dags/example_short_circuit_operator.py
[2025-02-19T03:58:42.833+0000] {logging_mixin.py:190} INFO - [2025-02-19T03:58:42.832+0000] {dag.py:3239} INFO - Sync 1 DAGs
[2025-02-19T03:58:42.854+0000] {logging_mixin.py:190} INFO - [2025-02-19T03:58:42.853+0000] {dag.py:4180} INFO - Setting next_dagrun for example_short_circuit_operator to None, run_after=None
[2025-02-19T03:58:42.885+0000] {processor.py:208} INFO - Processing /home/airflow/.local/lib/python3.12/site-packages/airflow/example_dags/example_short_circuit_operator.py took 0.119 seconds
[2025-02-19T03:59:13.669+0000] {processor.py:186} INFO - Started process (PID=1067) to work on /home/airflow/.local/lib/python3.12/site-packages/airflow/example_dags/example_short_circuit_operator.py
[2025-02-19T03:59:13.670+0000] {processor.py:914} INFO - Processing file /home/airflow/.local/lib/python3.12/site-packages/airflow/example_dags/example_short_circuit_operator.py for tasks to queue
[2025-02-19T03:59:13.672+0000] {logging_mixin.py:190} INFO - [2025-02-19T03:59:13.672+0000] {dagbag.py:588} INFO - Filling up the DagBag from /home/airflow/.local/lib/python3.12/site-packages/airflow/example_dags/example_short_circuit_operator.py
[2025-02-19T03:59:13.681+0000] {processor.py:925} INFO - DAG(s) 'example_short_circuit_operator' retrieved from /home/airflow/.local/lib/python3.12/site-packages/airflow/example_dags/example_short_circuit_operator.py
[2025-02-19T03:59:13.714+0000] {logging_mixin.py:190} INFO - [2025-02-19T03:59:13.714+0000] {dag.py:3239} INFO - Sync 1 DAGs
[2025-02-19T03:59:13.734+0000] {logging_mixin.py:190} INFO - [2025-02-19T03:59:13.734+0000] {dag.py:4180} INFO - Setting next_dagrun for example_short_circuit_operator to None, run_after=None
[2025-02-19T03:59:13.761+0000] {processor.py:208} INFO - Processing /home/airflow/.local/lib/python3.12/site-packages/airflow/example_dags/example_short_circuit_operator.py took 0.098 seconds
[2025-02-19T03:59:44.795+0000] {processor.py:186} INFO - Started process (PID=1131) to work on /home/airflow/.local/lib/python3.12/site-packages/airflow/example_dags/example_short_circuit_operator.py
[2025-02-19T03:59:44.796+0000] {processor.py:914} INFO - Processing file /home/airflow/.local/lib/python3.12/site-packages/airflow/example_dags/example_short_circuit_operator.py for tasks to queue
[2025-02-19T03:59:44.797+0000] {logging_mixin.py:190} INFO - [2025-02-19T03:59:44.797+0000] {dagbag.py:588} INFO - Filling up the DagBag from /home/airflow/.local/lib/python3.12/site-packages/airflow/example_dags/example_short_circuit_operator.py
[2025-02-19T03:59:44.806+0000] {processor.py:925} INFO - DAG(s) 'example_short_circuit_operator' retrieved from /home/airflow/.local/lib/python3.12/site-packages/airflow/example_dags/example_short_circuit_operator.py
[2025-02-19T03:59:44.833+0000] {logging_mixin.py:190} INFO - [2025-02-19T03:59:44.833+0000] {dag.py:3239} INFO - Sync 1 DAGs
[2025-02-19T03:59:44.858+0000] {logging_mixin.py:190} INFO - [2025-02-19T03:59:44.858+0000] {dag.py:4180} INFO - Setting next_dagrun for example_short_circuit_operator to None, run_after=None
[2025-02-19T03:59:44.900+0000] {processor.py:208} INFO - Processing /home/airflow/.local/lib/python3.12/site-packages/airflow/example_dags/example_short_circuit_operator.py took 0.112 seconds
[2025-02-19T04:00:15.697+0000] {processor.py:186} INFO - Started process (PID=1194) to work on /home/airflow/.local/lib/python3.12/site-packages/airflow/example_dags/example_short_circuit_operator.py
[2025-02-19T04:00:15.698+0000] {processor.py:914} INFO - Processing file /home/airflow/.local/lib/python3.12/site-packages/airflow/example_dags/example_short_circuit_operator.py for tasks to queue
[2025-02-19T04:00:15.700+0000] {logging_mixin.py:190} INFO - [2025-02-19T04:00:15.700+0000] {dagbag.py:588} INFO - Filling up the DagBag from /home/airflow/.local/lib/python3.12/site-packages/airflow/example_dags/example_short_circuit_operator.py
[2025-02-19T04:00:15.712+0000] {processor.py:925} INFO - DAG(s) 'example_short_circuit_operator' retrieved from /home/airflow/.local/lib/python3.12/site-packages/airflow/example_dags/example_short_circuit_operator.py
[2025-02-19T04:00:15.745+0000] {logging_mixin.py:190} INFO - [2025-02-19T04:00:15.745+0000] {dag.py:3239} INFO - Sync 1 DAGs
[2025-02-19T04:00:15.763+0000] {logging_mixin.py:190} INFO - [2025-02-19T04:00:15.763+0000] {dag.py:4180} INFO - Setting next_dagrun for example_short_circuit_operator to None, run_after=None
[2025-02-19T04:00:15.788+0000] {processor.py:208} INFO - Processing /home/airflow/.local/lib/python3.12/site-packages/airflow/example_dags/example_short_circuit_operator.py took 0.097 seconds
[2025-02-19T04:00:46.017+0000] {processor.py:186} INFO - Started process (PID=1258) to work on /home/airflow/.local/lib/python3.12/site-packages/airflow/example_dags/example_short_circuit_operator.py
[2025-02-19T04:00:46.019+0000] {processor.py:914} INFO - Processing file /home/airflow/.local/lib/python3.12/site-packages/airflow/example_dags/example_short_circuit_operator.py for tasks to queue
[2025-02-19T04:00:46.020+0000] {logging_mixin.py:190} INFO - [2025-02-19T04:00:46.020+0000] {dagbag.py:588} INFO - Filling up the DagBag from /home/airflow/.local/lib/python3.12/site-packages/airflow/example_dags/example_short_circuit_operator.py
[2025-02-19T04:00:46.030+0000] {processor.py:925} INFO - DAG(s) 'example_short_circuit_operator' retrieved from /home/airflow/.local/lib/python3.12/site-packages/airflow/example_dags/example_short_circuit_operator.py
[2025-02-19T04:00:46.057+0000] {logging_mixin.py:190} INFO - [2025-02-19T04:00:46.057+0000] {dag.py:3239} INFO - Sync 1 DAGs
[2025-02-19T04:00:46.076+0000] {logging_mixin.py:190} INFO - [2025-02-19T04:00:46.076+0000] {dag.py:4180} INFO - Setting next_dagrun for example_short_circuit_operator to None, run_after=None
[2025-02-19T04:00:46.099+0000] {processor.py:208} INFO - Processing /home/airflow/.local/lib/python3.12/site-packages/airflow/example_dags/example_short_circuit_operator.py took 0.090 seconds
[2025-02-19T04:01:16.232+0000] {processor.py:186} INFO - Started process (PID=1322) to work on /home/airflow/.local/lib/python3.12/site-packages/airflow/example_dags/example_short_circuit_operator.py
[2025-02-19T04:01:16.233+0000] {processor.py:914} INFO - Processing file /home/airflow/.local/lib/python3.12/site-packages/airflow/example_dags/example_short_circuit_operator.py for tasks to queue
[2025-02-19T04:01:16.234+0000] {logging_mixin.py:190} INFO - [2025-02-19T04:01:16.234+0000] {dagbag.py:588} INFO - Filling up the DagBag from /home/airflow/.local/lib/python3.12/site-packages/airflow/example_dags/example_short_circuit_operator.py
[2025-02-19T04:01:16.246+0000] {processor.py:925} INFO - DAG(s) 'example_short_circuit_operator' retrieved from /home/airflow/.local/lib/python3.12/site-packages/airflow/example_dags/example_short_circuit_operator.py
[2025-02-19T04:01:16.276+0000] {logging_mixin.py:190} INFO - [2025-02-19T04:01:16.275+0000] {dag.py:3239} INFO - Sync 1 DAGs
[2025-02-19T04:01:16.298+0000] {logging_mixin.py:190} INFO - [2025-02-19T04:01:16.298+0000] {dag.py:4180} INFO - Setting next_dagrun for example_short_circuit_operator to None, run_after=None
[2025-02-19T04:01:16.326+0000] {processor.py:208} INFO - Processing /home/airflow/.local/lib/python3.12/site-packages/airflow/example_dags/example_short_circuit_operator.py took 0.101 seconds
[2025-02-19T04:01:46.875+0000] {processor.py:186} INFO - Started process (PID=1386) to work on /home/airflow/.local/lib/python3.12/site-packages/airflow/example_dags/example_short_circuit_operator.py
[2025-02-19T04:01:46.878+0000] {processor.py:914} INFO - Processing file /home/airflow/.local/lib/python3.12/site-packages/airflow/example_dags/example_short_circuit_operator.py for tasks to queue
[2025-02-19T04:01:46.882+0000] {logging_mixin.py:190} INFO - [2025-02-19T04:01:46.881+0000] {dagbag.py:588} INFO - Filling up the DagBag from /home/airflow/.local/lib/python3.12/site-packages/airflow/example_dags/example_short_circuit_operator.py
[2025-02-19T04:01:46.930+0000] {processor.py:925} INFO - DAG(s) 'example_short_circuit_operator' retrieved from /home/airflow/.local/lib/python3.12/site-packages/airflow/example_dags/example_short_circuit_operator.py
[2025-02-19T04:01:47.030+0000] {logging_mixin.py:190} INFO - [2025-02-19T04:01:47.029+0000] {dag.py:3239} INFO - Sync 1 DAGs
[2025-02-19T04:01:47.174+0000] {logging_mixin.py:190} INFO - [2025-02-19T04:01:47.173+0000] {dag.py:4180} INFO - Setting next_dagrun for example_short_circuit_operator to None, run_after=None
[2025-02-19T04:01:47.277+0000] {processor.py:208} INFO - Processing /home/airflow/.local/lib/python3.12/site-packages/airflow/example_dags/example_short_circuit_operator.py took 0.420 seconds
