[2025-02-19T03:51:23.591+0000] {processor.py:186} INFO - Started process (PID=86) to work on /home/airflow/.local/lib/python3.12/site-packages/airflow/example_dags/example_dataset_alias_with_no_taskflow.py
[2025-02-19T03:51:23.592+0000] {processor.py:914} INFO - Processing file /home/airflow/.local/lib/python3.12/site-packages/airflow/example_dags/example_dataset_alias_with_no_taskflow.py for tasks to queue
[2025-02-19T03:51:23.594+0000] {logging_mixin.py:190} INFO - [2025-02-19T03:51:23.594+0000] {dagbag.py:588} INFO - Filling up the DagBag from /home/airflow/.local/lib/python3.12/site-packages/airflow/example_dags/example_dataset_alias_with_no_taskflow.py
[2025-02-19T03:51:26.220+0000] {processor.py:925} INFO - DAG(s) 'dataset_alias_example_alias_consumer_with_no_taskflow', 'dataset_s3_bucket_consumer_with_no_taskflow', 'dataset_alias_example_alias_producer_with_no_taskflow', 'dataset_s3_bucket_producer_with_no_taskflow' retrieved from /home/airflow/.local/lib/python3.12/site-packages/airflow/example_dags/example_dataset_alias_with_no_taskflow.py
[2025-02-19T03:51:26.364+0000] {logging_mixin.py:190} INFO - [2025-02-19T03:51:26.363+0000] {override.py:1911} INFO - Created Permission View: can read on DAG:dataset_alias_example_alias_consumer_with_no_taskflow
[2025-02-19T03:51:26.380+0000] {logging_mixin.py:190} INFO - [2025-02-19T03:51:26.379+0000] {override.py:1911} INFO - Created Permission View: can delete on DAG:dataset_alias_example_alias_consumer_with_no_taskflow
[2025-02-19T03:51:26.392+0000] {logging_mixin.py:190} INFO - [2025-02-19T03:51:26.391+0000] {override.py:1911} INFO - Created Permission View: can edit on DAG:dataset_alias_example_alias_consumer_with_no_taskflow
[2025-02-19T03:51:26.407+0000] {logging_mixin.py:190} INFO - [2025-02-19T03:51:26.407+0000] {override.py:1911} INFO - Created Permission View: can read on DAG Run:dataset_alias_example_alias_consumer_with_no_taskflow
[2025-02-19T03:51:26.419+0000] {logging_mixin.py:190} INFO - [2025-02-19T03:51:26.419+0000] {override.py:1911} INFO - Created Permission View: can delete on DAG Run:dataset_alias_example_alias_consumer_with_no_taskflow
[2025-02-19T03:51:26.429+0000] {logging_mixin.py:190} INFO - [2025-02-19T03:51:26.429+0000] {override.py:1911} INFO - Created Permission View: can create on DAG Run:dataset_alias_example_alias_consumer_with_no_taskflow
[2025-02-19T03:51:26.439+0000] {logging_mixin.py:190} INFO - [2025-02-19T03:51:26.439+0000] {override.py:1911} INFO - Created Permission View: menu access on DAG Run:dataset_alias_example_alias_consumer_with_no_taskflow
[2025-02-19T03:51:26.464+0000] {logging_mixin.py:190} INFO - [2025-02-19T03:51:26.463+0000] {override.py:1911} INFO - Created Permission View: can read on DAG:dataset_s3_bucket_consumer_with_no_taskflow
[2025-02-19T03:51:26.477+0000] {logging_mixin.py:190} INFO - [2025-02-19T03:51:26.476+0000] {override.py:1911} INFO - Created Permission View: can delete on DAG:dataset_s3_bucket_consumer_with_no_taskflow
[2025-02-19T03:51:26.491+0000] {logging_mixin.py:190} INFO - [2025-02-19T03:51:26.491+0000] {override.py:1911} INFO - Created Permission View: can edit on DAG:dataset_s3_bucket_consumer_with_no_taskflow
[2025-02-19T03:51:26.506+0000] {logging_mixin.py:190} INFO - [2025-02-19T03:51:26.506+0000] {override.py:1911} INFO - Created Permission View: can read on DAG Run:dataset_s3_bucket_consumer_with_no_taskflow
[2025-02-19T03:51:26.517+0000] {logging_mixin.py:190} INFO - [2025-02-19T03:51:26.516+0000] {override.py:1911} INFO - Created Permission View: can delete on DAG Run:dataset_s3_bucket_consumer_with_no_taskflow
[2025-02-19T03:51:26.527+0000] {logging_mixin.py:190} INFO - [2025-02-19T03:51:26.527+0000] {override.py:1911} INFO - Created Permission View: can create on DAG Run:dataset_s3_bucket_consumer_with_no_taskflow
[2025-02-19T03:51:26.538+0000] {logging_mixin.py:190} INFO - [2025-02-19T03:51:26.538+0000] {override.py:1911} INFO - Created Permission View: menu access on DAG Run:dataset_s3_bucket_consumer_with_no_taskflow
[2025-02-19T03:51:26.563+0000] {logging_mixin.py:190} INFO - [2025-02-19T03:51:26.563+0000] {override.py:1911} INFO - Created Permission View: can read on DAG:dataset_alias_example_alias_producer_with_no_taskflow
[2025-02-19T03:51:26.577+0000] {logging_mixin.py:190} INFO - [2025-02-19T03:51:26.577+0000] {override.py:1911} INFO - Created Permission View: can delete on DAG:dataset_alias_example_alias_producer_with_no_taskflow
[2025-02-19T03:51:26.591+0000] {logging_mixin.py:190} INFO - [2025-02-19T03:51:26.591+0000] {override.py:1911} INFO - Created Permission View: can edit on DAG:dataset_alias_example_alias_producer_with_no_taskflow
[2025-02-19T03:51:26.609+0000] {logging_mixin.py:190} INFO - [2025-02-19T03:51:26.608+0000] {override.py:1911} INFO - Created Permission View: can read on DAG Run:dataset_alias_example_alias_producer_with_no_taskflow
[2025-02-19T03:51:26.622+0000] {logging_mixin.py:190} INFO - [2025-02-19T03:51:26.621+0000] {override.py:1911} INFO - Created Permission View: can delete on DAG Run:dataset_alias_example_alias_producer_with_no_taskflow
[2025-02-19T03:51:26.633+0000] {logging_mixin.py:190} INFO - [2025-02-19T03:51:26.633+0000] {override.py:1911} INFO - Created Permission View: can create on DAG Run:dataset_alias_example_alias_producer_with_no_taskflow
[2025-02-19T03:51:26.645+0000] {logging_mixin.py:190} INFO - [2025-02-19T03:51:26.644+0000] {override.py:1911} INFO - Created Permission View: menu access on DAG Run:dataset_alias_example_alias_producer_with_no_taskflow
[2025-02-19T03:51:26.671+0000] {logging_mixin.py:190} INFO - [2025-02-19T03:51:26.670+0000] {override.py:1911} INFO - Created Permission View: can read on DAG:dataset_s3_bucket_producer_with_no_taskflow
[2025-02-19T03:51:26.684+0000] {logging_mixin.py:190} INFO - [2025-02-19T03:51:26.684+0000] {override.py:1911} INFO - Created Permission View: can delete on DAG:dataset_s3_bucket_producer_with_no_taskflow
[2025-02-19T03:51:26.696+0000] {logging_mixin.py:190} INFO - [2025-02-19T03:51:26.695+0000] {override.py:1911} INFO - Created Permission View: can edit on DAG:dataset_s3_bucket_producer_with_no_taskflow
[2025-02-19T03:51:26.711+0000] {logging_mixin.py:190} INFO - [2025-02-19T03:51:26.711+0000] {override.py:1911} INFO - Created Permission View: can read on DAG Run:dataset_s3_bucket_producer_with_no_taskflow
[2025-02-19T03:51:26.723+0000] {logging_mixin.py:190} INFO - [2025-02-19T03:51:26.723+0000] {override.py:1911} INFO - Created Permission View: can delete on DAG Run:dataset_s3_bucket_producer_with_no_taskflow
[2025-02-19T03:51:26.734+0000] {logging_mixin.py:190} INFO - [2025-02-19T03:51:26.734+0000] {override.py:1911} INFO - Created Permission View: can create on DAG Run:dataset_s3_bucket_producer_with_no_taskflow
[2025-02-19T03:51:26.745+0000] {logging_mixin.py:190} INFO - [2025-02-19T03:51:26.745+0000] {override.py:1911} INFO - Created Permission View: menu access on DAG Run:dataset_s3_bucket_producer_with_no_taskflow
[2025-02-19T03:51:26.747+0000] {logging_mixin.py:190} INFO - [2025-02-19T03:51:26.746+0000] {dag.py:3239} INFO - Sync 4 DAGs
[2025-02-19T03:51:26.763+0000] {logging_mixin.py:190} INFO - [2025-02-19T03:51:26.762+0000] {dag.py:3262} INFO - Creating ORM DAG for dataset_alias_example_alias_producer_with_no_taskflow
[2025-02-19T03:51:26.764+0000] {logging_mixin.py:190} INFO - [2025-02-19T03:51:26.764+0000] {dag.py:3262} INFO - Creating ORM DAG for dataset_alias_example_alias_consumer_with_no_taskflow
[2025-02-19T03:51:26.765+0000] {logging_mixin.py:190} INFO - [2025-02-19T03:51:26.765+0000] {dag.py:3262} INFO - Creating ORM DAG for dataset_s3_bucket_producer_with_no_taskflow
[2025-02-19T03:51:26.766+0000] {logging_mixin.py:190} INFO - [2025-02-19T03:51:26.766+0000] {dag.py:3262} INFO - Creating ORM DAG for dataset_s3_bucket_consumer_with_no_taskflow
[2025-02-19T03:51:26.795+0000] {logging_mixin.py:190} INFO - [2025-02-19T03:51:26.794+0000] {dag.py:4180} INFO - Setting next_dagrun for dataset_alias_example_alias_consumer_with_no_taskflow to None, run_after=None
[2025-02-19T03:51:26.797+0000] {logging_mixin.py:190} INFO - [2025-02-19T03:51:26.797+0000] {dag.py:4180} INFO - Setting next_dagrun for dataset_alias_example_alias_producer_with_no_taskflow to None, run_after=None
[2025-02-19T03:51:26.799+0000] {logging_mixin.py:190} INFO - [2025-02-19T03:51:26.799+0000] {dag.py:4180} INFO - Setting next_dagrun for dataset_s3_bucket_consumer_with_no_taskflow to None, run_after=None
[2025-02-19T03:51:26.801+0000] {logging_mixin.py:190} INFO - [2025-02-19T03:51:26.801+0000] {dag.py:4180} INFO - Setting next_dagrun for dataset_s3_bucket_producer_with_no_taskflow to None, run_after=None
[2025-02-19T03:51:26.853+0000] {processor.py:208} INFO - Processing /home/airflow/.local/lib/python3.12/site-packages/airflow/example_dags/example_dataset_alias_with_no_taskflow.py took 3.270 seconds
[2025-02-19T03:51:57.641+0000] {processor.py:186} INFO - Started process (PID=152) to work on /home/airflow/.local/lib/python3.12/site-packages/airflow/example_dags/example_dataset_alias_with_no_taskflow.py
[2025-02-19T03:51:57.642+0000] {processor.py:914} INFO - Processing file /home/airflow/.local/lib/python3.12/site-packages/airflow/example_dags/example_dataset_alias_with_no_taskflow.py for tasks to queue
[2025-02-19T03:51:57.646+0000] {logging_mixin.py:190} INFO - [2025-02-19T03:51:57.645+0000] {dagbag.py:588} INFO - Filling up the DagBag from /home/airflow/.local/lib/python3.12/site-packages/airflow/example_dags/example_dataset_alias_with_no_taskflow.py
[2025-02-19T03:51:58.728+0000] {processor.py:925} INFO - DAG(s) 'dataset_s3_bucket_producer_with_no_taskflow', 'dataset_alias_example_alias_producer_with_no_taskflow', 'dataset_alias_example_alias_consumer_with_no_taskflow', 'dataset_s3_bucket_consumer_with_no_taskflow' retrieved from /home/airflow/.local/lib/python3.12/site-packages/airflow/example_dags/example_dataset_alias_with_no_taskflow.py
[2025-02-19T03:51:58.777+0000] {logging_mixin.py:190} INFO - [2025-02-19T03:51:58.775+0000] {dag.py:3239} INFO - Sync 4 DAGs
[2025-02-19T03:51:58.815+0000] {logging_mixin.py:190} INFO - [2025-02-19T03:51:58.815+0000] {dag.py:4180} INFO - Setting next_dagrun for dataset_alias_example_alias_consumer_with_no_taskflow to None, run_after=None
[2025-02-19T03:51:58.820+0000] {logging_mixin.py:190} INFO - [2025-02-19T03:51:58.820+0000] {dag.py:4180} INFO - Setting next_dagrun for dataset_alias_example_alias_producer_with_no_taskflow to None, run_after=None
[2025-02-19T03:51:58.822+0000] {logging_mixin.py:190} INFO - [2025-02-19T03:51:58.822+0000] {dag.py:4180} INFO - Setting next_dagrun for dataset_s3_bucket_consumer_with_no_taskflow to None, run_after=None
[2025-02-19T03:51:58.825+0000] {logging_mixin.py:190} INFO - [2025-02-19T03:51:58.824+0000] {dag.py:4180} INFO - Setting next_dagrun for dataset_s3_bucket_producer_with_no_taskflow to None, run_after=None
[2025-02-19T03:51:58.859+0000] {processor.py:208} INFO - Processing /home/airflow/.local/lib/python3.12/site-packages/airflow/example_dags/example_dataset_alias_with_no_taskflow.py took 1.236 seconds
[2025-02-19T03:52:29.039+0000] {processor.py:186} INFO - Started process (PID=216) to work on /home/airflow/.local/lib/python3.12/site-packages/airflow/example_dags/example_dataset_alias_with_no_taskflow.py
[2025-02-19T03:52:29.040+0000] {processor.py:914} INFO - Processing file /home/airflow/.local/lib/python3.12/site-packages/airflow/example_dags/example_dataset_alias_with_no_taskflow.py for tasks to queue
[2025-02-19T03:52:29.042+0000] {logging_mixin.py:190} INFO - [2025-02-19T03:52:29.042+0000] {dagbag.py:588} INFO - Filling up the DagBag from /home/airflow/.local/lib/python3.12/site-packages/airflow/example_dags/example_dataset_alias_with_no_taskflow.py
[2025-02-19T03:52:29.941+0000] {processor.py:925} INFO - DAG(s) 'dataset_alias_example_alias_producer_with_no_taskflow', 'dataset_s3_bucket_consumer_with_no_taskflow', 'dataset_s3_bucket_producer_with_no_taskflow', 'dataset_alias_example_alias_consumer_with_no_taskflow' retrieved from /home/airflow/.local/lib/python3.12/site-packages/airflow/example_dags/example_dataset_alias_with_no_taskflow.py
[2025-02-19T03:52:29.969+0000] {logging_mixin.py:190} INFO - [2025-02-19T03:52:29.968+0000] {dag.py:3239} INFO - Sync 4 DAGs
[2025-02-19T03:52:30.002+0000] {logging_mixin.py:190} INFO - [2025-02-19T03:52:30.002+0000] {dag.py:4180} INFO - Setting next_dagrun for dataset_alias_example_alias_consumer_with_no_taskflow to None, run_after=None
[2025-02-19T03:52:30.008+0000] {logging_mixin.py:190} INFO - [2025-02-19T03:52:30.007+0000] {dag.py:4180} INFO - Setting next_dagrun for dataset_alias_example_alias_producer_with_no_taskflow to None, run_after=None
[2025-02-19T03:52:30.011+0000] {logging_mixin.py:190} INFO - [2025-02-19T03:52:30.010+0000] {dag.py:4180} INFO - Setting next_dagrun for dataset_s3_bucket_consumer_with_no_taskflow to None, run_after=None
[2025-02-19T03:52:30.013+0000] {logging_mixin.py:190} INFO - [2025-02-19T03:52:30.012+0000] {dag.py:4180} INFO - Setting next_dagrun for dataset_s3_bucket_producer_with_no_taskflow to None, run_after=None
[2025-02-19T03:52:30.045+0000] {processor.py:208} INFO - Processing /home/airflow/.local/lib/python3.12/site-packages/airflow/example_dags/example_dataset_alias_with_no_taskflow.py took 1.016 seconds
[2025-02-19T03:53:00.126+0000] {processor.py:186} INFO - Started process (PID=280) to work on /home/airflow/.local/lib/python3.12/site-packages/airflow/example_dags/example_dataset_alias_with_no_taskflow.py
[2025-02-19T03:53:00.127+0000] {processor.py:914} INFO - Processing file /home/airflow/.local/lib/python3.12/site-packages/airflow/example_dags/example_dataset_alias_with_no_taskflow.py for tasks to queue
[2025-02-19T03:53:00.128+0000] {logging_mixin.py:190} INFO - [2025-02-19T03:53:00.128+0000] {dagbag.py:588} INFO - Filling up the DagBag from /home/airflow/.local/lib/python3.12/site-packages/airflow/example_dags/example_dataset_alias_with_no_taskflow.py
[2025-02-19T03:53:00.853+0000] {processor.py:925} INFO - DAG(s) 'dataset_alias_example_alias_consumer_with_no_taskflow', 'dataset_s3_bucket_producer_with_no_taskflow', 'dataset_s3_bucket_consumer_with_no_taskflow', 'dataset_alias_example_alias_producer_with_no_taskflow' retrieved from /home/airflow/.local/lib/python3.12/site-packages/airflow/example_dags/example_dataset_alias_with_no_taskflow.py
[2025-02-19T03:53:00.880+0000] {logging_mixin.py:190} INFO - [2025-02-19T03:53:00.879+0000] {dag.py:3239} INFO - Sync 4 DAGs
[2025-02-19T03:53:00.906+0000] {logging_mixin.py:190} INFO - [2025-02-19T03:53:00.906+0000] {dag.py:4180} INFO - Setting next_dagrun for dataset_alias_example_alias_consumer_with_no_taskflow to None, run_after=None
[2025-02-19T03:53:00.910+0000] {logging_mixin.py:190} INFO - [2025-02-19T03:53:00.910+0000] {dag.py:4180} INFO - Setting next_dagrun for dataset_alias_example_alias_producer_with_no_taskflow to None, run_after=None
[2025-02-19T03:53:00.921+0000] {logging_mixin.py:190} INFO - [2025-02-19T03:53:00.920+0000] {dag.py:4180} INFO - Setting next_dagrun for dataset_s3_bucket_consumer_with_no_taskflow to None, run_after=None
[2025-02-19T03:53:00.926+0000] {logging_mixin.py:190} INFO - [2025-02-19T03:53:00.925+0000] {dag.py:4180} INFO - Setting next_dagrun for dataset_s3_bucket_producer_with_no_taskflow to None, run_after=None
[2025-02-19T03:53:00.970+0000] {processor.py:208} INFO - Processing /home/airflow/.local/lib/python3.12/site-packages/airflow/example_dags/example_dataset_alias_with_no_taskflow.py took 0.853 seconds
[2025-02-19T03:53:31.275+0000] {processor.py:186} INFO - Started process (PID=348) to work on /home/airflow/.local/lib/python3.12/site-packages/airflow/example_dags/example_dataset_alias_with_no_taskflow.py
[2025-02-19T03:53:31.276+0000] {processor.py:914} INFO - Processing file /home/airflow/.local/lib/python3.12/site-packages/airflow/example_dags/example_dataset_alias_with_no_taskflow.py for tasks to queue
[2025-02-19T03:53:31.277+0000] {logging_mixin.py:190} INFO - [2025-02-19T03:53:31.277+0000] {dagbag.py:588} INFO - Filling up the DagBag from /home/airflow/.local/lib/python3.12/site-packages/airflow/example_dags/example_dataset_alias_with_no_taskflow.py
[2025-02-19T03:53:32.090+0000] {processor.py:925} INFO - DAG(s) 'dataset_alias_example_alias_producer_with_no_taskflow', 'dataset_s3_bucket_consumer_with_no_taskflow', 'dataset_s3_bucket_producer_with_no_taskflow', 'dataset_alias_example_alias_consumer_with_no_taskflow' retrieved from /home/airflow/.local/lib/python3.12/site-packages/airflow/example_dags/example_dataset_alias_with_no_taskflow.py
[2025-02-19T03:53:32.133+0000] {logging_mixin.py:190} INFO - [2025-02-19T03:53:32.132+0000] {dag.py:3239} INFO - Sync 4 DAGs
[2025-02-19T03:53:32.165+0000] {logging_mixin.py:190} INFO - [2025-02-19T03:53:32.164+0000] {dag.py:4180} INFO - Setting next_dagrun for dataset_alias_example_alias_consumer_with_no_taskflow to None, run_after=None
[2025-02-19T03:53:32.169+0000] {logging_mixin.py:190} INFO - [2025-02-19T03:53:32.168+0000] {dag.py:4180} INFO - Setting next_dagrun for dataset_alias_example_alias_producer_with_no_taskflow to None, run_after=None
[2025-02-19T03:53:32.172+0000] {logging_mixin.py:190} INFO - [2025-02-19T03:53:32.172+0000] {dag.py:4180} INFO - Setting next_dagrun for dataset_s3_bucket_consumer_with_no_taskflow to None, run_after=None
[2025-02-19T03:53:32.174+0000] {logging_mixin.py:190} INFO - [2025-02-19T03:53:32.174+0000] {dag.py:4180} INFO - Setting next_dagrun for dataset_s3_bucket_producer_with_no_taskflow to None, run_after=None
[2025-02-19T03:53:32.208+0000] {processor.py:208} INFO - Processing /home/airflow/.local/lib/python3.12/site-packages/airflow/example_dags/example_dataset_alias_with_no_taskflow.py took 0.940 seconds
[2025-02-19T03:54:02.294+0000] {processor.py:186} INFO - Started process (PID=416) to work on /home/airflow/.local/lib/python3.12/site-packages/airflow/example_dags/example_dataset_alias_with_no_taskflow.py
[2025-02-19T03:54:02.295+0000] {processor.py:914} INFO - Processing file /home/airflow/.local/lib/python3.12/site-packages/airflow/example_dags/example_dataset_alias_with_no_taskflow.py for tasks to queue
[2025-02-19T03:54:02.296+0000] {logging_mixin.py:190} INFO - [2025-02-19T03:54:02.296+0000] {dagbag.py:588} INFO - Filling up the DagBag from /home/airflow/.local/lib/python3.12/site-packages/airflow/example_dags/example_dataset_alias_with_no_taskflow.py
[2025-02-19T03:54:02.815+0000] {processor.py:925} INFO - DAG(s) 'dataset_s3_bucket_producer_with_no_taskflow', 'dataset_s3_bucket_consumer_with_no_taskflow', 'dataset_alias_example_alias_consumer_with_no_taskflow', 'dataset_alias_example_alias_producer_with_no_taskflow' retrieved from /home/airflow/.local/lib/python3.12/site-packages/airflow/example_dags/example_dataset_alias_with_no_taskflow.py
[2025-02-19T03:54:02.836+0000] {logging_mixin.py:190} INFO - [2025-02-19T03:54:02.836+0000] {dag.py:3239} INFO - Sync 4 DAGs
[2025-02-19T03:54:02.856+0000] {logging_mixin.py:190} INFO - [2025-02-19T03:54:02.855+0000] {dag.py:4180} INFO - Setting next_dagrun for dataset_alias_example_alias_consumer_with_no_taskflow to None, run_after=None
[2025-02-19T03:54:02.859+0000] {logging_mixin.py:190} INFO - [2025-02-19T03:54:02.859+0000] {dag.py:4180} INFO - Setting next_dagrun for dataset_alias_example_alias_producer_with_no_taskflow to None, run_after=None
[2025-02-19T03:54:02.861+0000] {logging_mixin.py:190} INFO - [2025-02-19T03:54:02.860+0000] {dag.py:4180} INFO - Setting next_dagrun for dataset_s3_bucket_consumer_with_no_taskflow to None, run_after=None
[2025-02-19T03:54:02.862+0000] {logging_mixin.py:190} INFO - [2025-02-19T03:54:02.862+0000] {dag.py:4180} INFO - Setting next_dagrun for dataset_s3_bucket_producer_with_no_taskflow to None, run_after=None
[2025-02-19T03:54:02.884+0000] {processor.py:208} INFO - Processing /home/airflow/.local/lib/python3.12/site-packages/airflow/example_dags/example_dataset_alias_with_no_taskflow.py took 0.596 seconds
[2025-02-19T03:54:33.257+0000] {processor.py:186} INFO - Started process (PID=480) to work on /home/airflow/.local/lib/python3.12/site-packages/airflow/example_dags/example_dataset_alias_with_no_taskflow.py
[2025-02-19T03:54:33.258+0000] {processor.py:914} INFO - Processing file /home/airflow/.local/lib/python3.12/site-packages/airflow/example_dags/example_dataset_alias_with_no_taskflow.py for tasks to queue
[2025-02-19T03:54:33.260+0000] {logging_mixin.py:190} INFO - [2025-02-19T03:54:33.259+0000] {dagbag.py:588} INFO - Filling up the DagBag from /home/airflow/.local/lib/python3.12/site-packages/airflow/example_dags/example_dataset_alias_with_no_taskflow.py
[2025-02-19T03:54:33.921+0000] {processor.py:925} INFO - DAG(s) 'dataset_s3_bucket_producer_with_no_taskflow', 'dataset_s3_bucket_consumer_with_no_taskflow', 'dataset_alias_example_alias_consumer_with_no_taskflow', 'dataset_alias_example_alias_producer_with_no_taskflow' retrieved from /home/airflow/.local/lib/python3.12/site-packages/airflow/example_dags/example_dataset_alias_with_no_taskflow.py
[2025-02-19T03:54:33.944+0000] {logging_mixin.py:190} INFO - [2025-02-19T03:54:33.944+0000] {dag.py:3239} INFO - Sync 4 DAGs
[2025-02-19T03:54:33.970+0000] {logging_mixin.py:190} INFO - [2025-02-19T03:54:33.970+0000] {dag.py:4180} INFO - Setting next_dagrun for dataset_alias_example_alias_consumer_with_no_taskflow to None, run_after=None
[2025-02-19T03:54:33.973+0000] {logging_mixin.py:190} INFO - [2025-02-19T03:54:33.973+0000] {dag.py:4180} INFO - Setting next_dagrun for dataset_alias_example_alias_producer_with_no_taskflow to None, run_after=None
[2025-02-19T03:54:33.975+0000] {logging_mixin.py:190} INFO - [2025-02-19T03:54:33.975+0000] {dag.py:4180} INFO - Setting next_dagrun for dataset_s3_bucket_consumer_with_no_taskflow to None, run_after=None
[2025-02-19T03:54:33.977+0000] {logging_mixin.py:190} INFO - [2025-02-19T03:54:33.976+0000] {dag.py:4180} INFO - Setting next_dagrun for dataset_s3_bucket_producer_with_no_taskflow to None, run_after=None
[2025-02-19T03:54:34.008+0000] {processor.py:208} INFO - Processing /home/airflow/.local/lib/python3.12/site-packages/airflow/example_dags/example_dataset_alias_with_no_taskflow.py took 0.761 seconds
[2025-02-19T03:55:04.419+0000] {processor.py:186} INFO - Started process (PID=544) to work on /home/airflow/.local/lib/python3.12/site-packages/airflow/example_dags/example_dataset_alias_with_no_taskflow.py
[2025-02-19T03:55:04.425+0000] {processor.py:914} INFO - Processing file /home/airflow/.local/lib/python3.12/site-packages/airflow/example_dags/example_dataset_alias_with_no_taskflow.py for tasks to queue
[2025-02-19T03:55:04.428+0000] {logging_mixin.py:190} INFO - [2025-02-19T03:55:04.427+0000] {dagbag.py:588} INFO - Filling up the DagBag from /home/airflow/.local/lib/python3.12/site-packages/airflow/example_dags/example_dataset_alias_with_no_taskflow.py
[2025-02-19T03:55:05.448+0000] {processor.py:925} INFO - DAG(s) 'dataset_alias_example_alias_producer_with_no_taskflow', 'dataset_s3_bucket_consumer_with_no_taskflow', 'dataset_s3_bucket_producer_with_no_taskflow', 'dataset_alias_example_alias_consumer_with_no_taskflow' retrieved from /home/airflow/.local/lib/python3.12/site-packages/airflow/example_dags/example_dataset_alias_with_no_taskflow.py
[2025-02-19T03:55:05.477+0000] {logging_mixin.py:190} INFO - [2025-02-19T03:55:05.476+0000] {dag.py:3239} INFO - Sync 4 DAGs
[2025-02-19T03:55:05.507+0000] {logging_mixin.py:190} INFO - [2025-02-19T03:55:05.507+0000] {dag.py:4180} INFO - Setting next_dagrun for dataset_alias_example_alias_consumer_with_no_taskflow to None, run_after=None
[2025-02-19T03:55:05.512+0000] {logging_mixin.py:190} INFO - [2025-02-19T03:55:05.511+0000] {dag.py:4180} INFO - Setting next_dagrun for dataset_alias_example_alias_producer_with_no_taskflow to None, run_after=None
[2025-02-19T03:55:05.514+0000] {logging_mixin.py:190} INFO - [2025-02-19T03:55:05.514+0000] {dag.py:4180} INFO - Setting next_dagrun for dataset_s3_bucket_consumer_with_no_taskflow to None, run_after=None
[2025-02-19T03:55:05.517+0000] {logging_mixin.py:190} INFO - [2025-02-19T03:55:05.516+0000] {dag.py:4180} INFO - Setting next_dagrun for dataset_s3_bucket_producer_with_no_taskflow to None, run_after=None
[2025-02-19T03:55:05.549+0000] {processor.py:208} INFO - Processing /home/airflow/.local/lib/python3.12/site-packages/airflow/example_dags/example_dataset_alias_with_no_taskflow.py took 1.149 seconds
[2025-02-19T03:55:35.841+0000] {processor.py:186} INFO - Started process (PID=614) to work on /home/airflow/.local/lib/python3.12/site-packages/airflow/example_dags/example_dataset_alias_with_no_taskflow.py
[2025-02-19T03:55:35.843+0000] {processor.py:914} INFO - Processing file /home/airflow/.local/lib/python3.12/site-packages/airflow/example_dags/example_dataset_alias_with_no_taskflow.py for tasks to queue
[2025-02-19T03:55:35.845+0000] {logging_mixin.py:190} INFO - [2025-02-19T03:55:35.844+0000] {dagbag.py:588} INFO - Filling up the DagBag from /home/airflow/.local/lib/python3.12/site-packages/airflow/example_dags/example_dataset_alias_with_no_taskflow.py
[2025-02-19T03:55:36.733+0000] {processor.py:925} INFO - DAG(s) 'dataset_s3_bucket_consumer_with_no_taskflow', 'dataset_s3_bucket_producer_with_no_taskflow', 'dataset_alias_example_alias_producer_with_no_taskflow', 'dataset_alias_example_alias_consumer_with_no_taskflow' retrieved from /home/airflow/.local/lib/python3.12/site-packages/airflow/example_dags/example_dataset_alias_with_no_taskflow.py
[2025-02-19T03:55:36.775+0000] {logging_mixin.py:190} INFO - [2025-02-19T03:55:36.774+0000] {dag.py:3239} INFO - Sync 4 DAGs
[2025-02-19T03:55:36.809+0000] {logging_mixin.py:190} INFO - [2025-02-19T03:55:36.808+0000] {dag.py:4180} INFO - Setting next_dagrun for dataset_alias_example_alias_consumer_with_no_taskflow to None, run_after=None
[2025-02-19T03:55:36.813+0000] {logging_mixin.py:190} INFO - [2025-02-19T03:55:36.813+0000] {dag.py:4180} INFO - Setting next_dagrun for dataset_alias_example_alias_producer_with_no_taskflow to None, run_after=None
[2025-02-19T03:55:36.815+0000] {logging_mixin.py:190} INFO - [2025-02-19T03:55:36.815+0000] {dag.py:4180} INFO - Setting next_dagrun for dataset_s3_bucket_consumer_with_no_taskflow to None, run_after=None
[2025-02-19T03:55:36.817+0000] {logging_mixin.py:190} INFO - [2025-02-19T03:55:36.817+0000] {dag.py:4180} INFO - Setting next_dagrun for dataset_s3_bucket_producer_with_no_taskflow to None, run_after=None
[2025-02-19T03:55:36.848+0000] {processor.py:208} INFO - Processing /home/airflow/.local/lib/python3.12/site-packages/airflow/example_dags/example_dataset_alias_with_no_taskflow.py took 1.012 seconds
[2025-02-19T03:56:07.268+0000] {processor.py:186} INFO - Started process (PID=679) to work on /home/airflow/.local/lib/python3.12/site-packages/airflow/example_dags/example_dataset_alias_with_no_taskflow.py
[2025-02-19T03:56:07.269+0000] {processor.py:914} INFO - Processing file /home/airflow/.local/lib/python3.12/site-packages/airflow/example_dags/example_dataset_alias_with_no_taskflow.py for tasks to queue
[2025-02-19T03:56:07.270+0000] {logging_mixin.py:190} INFO - [2025-02-19T03:56:07.270+0000] {dagbag.py:588} INFO - Filling up the DagBag from /home/airflow/.local/lib/python3.12/site-packages/airflow/example_dags/example_dataset_alias_with_no_taskflow.py
[2025-02-19T03:56:07.748+0000] {processor.py:925} INFO - DAG(s) 'dataset_s3_bucket_consumer_with_no_taskflow', 'dataset_s3_bucket_producer_with_no_taskflow', 'dataset_alias_example_alias_consumer_with_no_taskflow', 'dataset_alias_example_alias_producer_with_no_taskflow' retrieved from /home/airflow/.local/lib/python3.12/site-packages/airflow/example_dags/example_dataset_alias_with_no_taskflow.py
[2025-02-19T03:56:07.770+0000] {logging_mixin.py:190} INFO - [2025-02-19T03:56:07.770+0000] {dag.py:3239} INFO - Sync 4 DAGs
[2025-02-19T03:56:07.793+0000] {logging_mixin.py:190} INFO - [2025-02-19T03:56:07.793+0000] {dag.py:4180} INFO - Setting next_dagrun for dataset_alias_example_alias_consumer_with_no_taskflow to None, run_after=None
[2025-02-19T03:56:07.796+0000] {logging_mixin.py:190} INFO - [2025-02-19T03:56:07.796+0000] {dag.py:4180} INFO - Setting next_dagrun for dataset_alias_example_alias_producer_with_no_taskflow to None, run_after=None
[2025-02-19T03:56:07.798+0000] {logging_mixin.py:190} INFO - [2025-02-19T03:56:07.798+0000] {dag.py:4180} INFO - Setting next_dagrun for dataset_s3_bucket_consumer_with_no_taskflow to None, run_after=None
[2025-02-19T03:56:07.800+0000] {logging_mixin.py:190} INFO - [2025-02-19T03:56:07.800+0000] {dag.py:4180} INFO - Setting next_dagrun for dataset_s3_bucket_producer_with_no_taskflow to None, run_after=None
[2025-02-19T03:56:07.830+0000] {processor.py:208} INFO - Processing /home/airflow/.local/lib/python3.12/site-packages/airflow/example_dags/example_dataset_alias_with_no_taskflow.py took 0.569 seconds
[2025-02-19T03:56:38.659+0000] {processor.py:186} INFO - Started process (PID=743) to work on /home/airflow/.local/lib/python3.12/site-packages/airflow/example_dags/example_dataset_alias_with_no_taskflow.py
[2025-02-19T03:56:38.660+0000] {processor.py:914} INFO - Processing file /home/airflow/.local/lib/python3.12/site-packages/airflow/example_dags/example_dataset_alias_with_no_taskflow.py for tasks to queue
[2025-02-19T03:56:38.661+0000] {logging_mixin.py:190} INFO - [2025-02-19T03:56:38.661+0000] {dagbag.py:588} INFO - Filling up the DagBag from /home/airflow/.local/lib/python3.12/site-packages/airflow/example_dags/example_dataset_alias_with_no_taskflow.py
[2025-02-19T03:56:39.222+0000] {processor.py:925} INFO - DAG(s) 'dataset_alias_example_alias_consumer_with_no_taskflow', 'dataset_s3_bucket_producer_with_no_taskflow', 'dataset_alias_example_alias_producer_with_no_taskflow', 'dataset_s3_bucket_consumer_with_no_taskflow' retrieved from /home/airflow/.local/lib/python3.12/site-packages/airflow/example_dags/example_dataset_alias_with_no_taskflow.py
[2025-02-19T03:56:39.255+0000] {logging_mixin.py:190} INFO - [2025-02-19T03:56:39.255+0000] {dag.py:3239} INFO - Sync 4 DAGs
[2025-02-19T03:56:39.276+0000] {logging_mixin.py:190} INFO - [2025-02-19T03:56:39.276+0000] {dag.py:4180} INFO - Setting next_dagrun for dataset_alias_example_alias_consumer_with_no_taskflow to None, run_after=None
[2025-02-19T03:56:39.279+0000] {logging_mixin.py:190} INFO - [2025-02-19T03:56:39.279+0000] {dag.py:4180} INFO - Setting next_dagrun for dataset_alias_example_alias_producer_with_no_taskflow to None, run_after=None
[2025-02-19T03:56:39.281+0000] {logging_mixin.py:190} INFO - [2025-02-19T03:56:39.281+0000] {dag.py:4180} INFO - Setting next_dagrun for dataset_s3_bucket_consumer_with_no_taskflow to None, run_after=None
[2025-02-19T03:56:39.283+0000] {logging_mixin.py:190} INFO - [2025-02-19T03:56:39.283+0000] {dag.py:4180} INFO - Setting next_dagrun for dataset_s3_bucket_producer_with_no_taskflow to None, run_after=None
[2025-02-19T03:56:39.332+0000] {processor.py:208} INFO - Processing /home/airflow/.local/lib/python3.12/site-packages/airflow/example_dags/example_dataset_alias_with_no_taskflow.py took 0.679 seconds
[2025-02-19T03:57:09.388+0000] {processor.py:186} INFO - Started process (PID=809) to work on /home/airflow/.local/lib/python3.12/site-packages/airflow/example_dags/example_dataset_alias_with_no_taskflow.py
[2025-02-19T03:57:09.389+0000] {processor.py:914} INFO - Processing file /home/airflow/.local/lib/python3.12/site-packages/airflow/example_dags/example_dataset_alias_with_no_taskflow.py for tasks to queue
[2025-02-19T03:57:09.391+0000] {logging_mixin.py:190} INFO - [2025-02-19T03:57:09.391+0000] {dagbag.py:588} INFO - Filling up the DagBag from /home/airflow/.local/lib/python3.12/site-packages/airflow/example_dags/example_dataset_alias_with_no_taskflow.py
[2025-02-19T03:57:10.030+0000] {processor.py:925} INFO - DAG(s) 'dataset_alias_example_alias_consumer_with_no_taskflow', 'dataset_alias_example_alias_producer_with_no_taskflow', 'dataset_s3_bucket_consumer_with_no_taskflow', 'dataset_s3_bucket_producer_with_no_taskflow' retrieved from /home/airflow/.local/lib/python3.12/site-packages/airflow/example_dags/example_dataset_alias_with_no_taskflow.py
[2025-02-19T03:57:10.070+0000] {logging_mixin.py:190} INFO - [2025-02-19T03:57:10.069+0000] {dag.py:3239} INFO - Sync 4 DAGs
[2025-02-19T03:57:10.109+0000] {logging_mixin.py:190} INFO - [2025-02-19T03:57:10.109+0000] {dag.py:4180} INFO - Setting next_dagrun for dataset_alias_example_alias_consumer_with_no_taskflow to None, run_after=None
[2025-02-19T03:57:10.115+0000] {logging_mixin.py:190} INFO - [2025-02-19T03:57:10.114+0000] {dag.py:4180} INFO - Setting next_dagrun for dataset_alias_example_alias_producer_with_no_taskflow to None, run_after=None
[2025-02-19T03:57:10.118+0000] {logging_mixin.py:190} INFO - [2025-02-19T03:57:10.117+0000] {dag.py:4180} INFO - Setting next_dagrun for dataset_s3_bucket_consumer_with_no_taskflow to None, run_after=None
[2025-02-19T03:57:10.120+0000] {logging_mixin.py:190} INFO - [2025-02-19T03:57:10.120+0000] {dag.py:4180} INFO - Setting next_dagrun for dataset_s3_bucket_producer_with_no_taskflow to None, run_after=None
[2025-02-19T03:57:10.155+0000] {processor.py:208} INFO - Processing /home/airflow/.local/lib/python3.12/site-packages/airflow/example_dags/example_dataset_alias_with_no_taskflow.py took 0.775 seconds
[2025-02-19T03:57:40.226+0000] {processor.py:186} INFO - Started process (PID=873) to work on /home/airflow/.local/lib/python3.12/site-packages/airflow/example_dags/example_dataset_alias_with_no_taskflow.py
[2025-02-19T03:57:40.227+0000] {processor.py:914} INFO - Processing file /home/airflow/.local/lib/python3.12/site-packages/airflow/example_dags/example_dataset_alias_with_no_taskflow.py for tasks to queue
[2025-02-19T03:57:40.229+0000] {logging_mixin.py:190} INFO - [2025-02-19T03:57:40.229+0000] {dagbag.py:588} INFO - Filling up the DagBag from /home/airflow/.local/lib/python3.12/site-packages/airflow/example_dags/example_dataset_alias_with_no_taskflow.py
[2025-02-19T03:57:40.825+0000] {processor.py:925} INFO - DAG(s) 'dataset_s3_bucket_producer_with_no_taskflow', 'dataset_alias_example_alias_producer_with_no_taskflow', 'dataset_alias_example_alias_consumer_with_no_taskflow', 'dataset_s3_bucket_consumer_with_no_taskflow' retrieved from /home/airflow/.local/lib/python3.12/site-packages/airflow/example_dags/example_dataset_alias_with_no_taskflow.py
[2025-02-19T03:57:40.850+0000] {logging_mixin.py:190} INFO - [2025-02-19T03:57:40.849+0000] {dag.py:3239} INFO - Sync 4 DAGs
[2025-02-19T03:57:40.872+0000] {logging_mixin.py:190} INFO - [2025-02-19T03:57:40.872+0000] {dag.py:4180} INFO - Setting next_dagrun for dataset_alias_example_alias_consumer_with_no_taskflow to None, run_after=None
[2025-02-19T03:57:40.875+0000] {logging_mixin.py:190} INFO - [2025-02-19T03:57:40.875+0000] {dag.py:4180} INFO - Setting next_dagrun for dataset_alias_example_alias_producer_with_no_taskflow to None, run_after=None
[2025-02-19T03:57:40.878+0000] {logging_mixin.py:190} INFO - [2025-02-19T03:57:40.877+0000] {dag.py:4180} INFO - Setting next_dagrun for dataset_s3_bucket_consumer_with_no_taskflow to None, run_after=None
[2025-02-19T03:57:40.879+0000] {logging_mixin.py:190} INFO - [2025-02-19T03:57:40.879+0000] {dag.py:4180} INFO - Setting next_dagrun for dataset_s3_bucket_producer_with_no_taskflow to None, run_after=None
[2025-02-19T03:57:40.913+0000] {processor.py:208} INFO - Processing /home/airflow/.local/lib/python3.12/site-packages/airflow/example_dags/example_dataset_alias_with_no_taskflow.py took 0.695 seconds
[2025-02-19T03:58:11.015+0000] {processor.py:186} INFO - Started process (PID=935) to work on /home/airflow/.local/lib/python3.12/site-packages/airflow/example_dags/example_dataset_alias_with_no_taskflow.py
[2025-02-19T03:58:11.017+0000] {processor.py:914} INFO - Processing file /home/airflow/.local/lib/python3.12/site-packages/airflow/example_dags/example_dataset_alias_with_no_taskflow.py for tasks to queue
[2025-02-19T03:58:11.019+0000] {logging_mixin.py:190} INFO - [2025-02-19T03:58:11.019+0000] {dagbag.py:588} INFO - Filling up the DagBag from /home/airflow/.local/lib/python3.12/site-packages/airflow/example_dags/example_dataset_alias_with_no_taskflow.py
[2025-02-19T03:58:11.731+0000] {processor.py:925} INFO - DAG(s) 'dataset_s3_bucket_producer_with_no_taskflow', 'dataset_alias_example_alias_producer_with_no_taskflow', 'dataset_alias_example_alias_consumer_with_no_taskflow', 'dataset_s3_bucket_consumer_with_no_taskflow' retrieved from /home/airflow/.local/lib/python3.12/site-packages/airflow/example_dags/example_dataset_alias_with_no_taskflow.py
[2025-02-19T03:58:11.766+0000] {logging_mixin.py:190} INFO - [2025-02-19T03:58:11.765+0000] {dag.py:3239} INFO - Sync 4 DAGs
[2025-02-19T03:58:11.801+0000] {logging_mixin.py:190} INFO - [2025-02-19T03:58:11.801+0000] {dag.py:4180} INFO - Setting next_dagrun for dataset_alias_example_alias_consumer_with_no_taskflow to None, run_after=None
[2025-02-19T03:58:11.804+0000] {logging_mixin.py:190} INFO - [2025-02-19T03:58:11.804+0000] {dag.py:4180} INFO - Setting next_dagrun for dataset_alias_example_alias_producer_with_no_taskflow to None, run_after=None
[2025-02-19T03:58:11.808+0000] {logging_mixin.py:190} INFO - [2025-02-19T03:58:11.807+0000] {dag.py:4180} INFO - Setting next_dagrun for dataset_s3_bucket_consumer_with_no_taskflow to None, run_after=None
[2025-02-19T03:58:11.810+0000] {logging_mixin.py:190} INFO - [2025-02-19T03:58:11.810+0000] {dag.py:4180} INFO - Setting next_dagrun for dataset_s3_bucket_producer_with_no_taskflow to None, run_after=None
[2025-02-19T03:58:11.850+0000] {processor.py:208} INFO - Processing /home/airflow/.local/lib/python3.12/site-packages/airflow/example_dags/example_dataset_alias_with_no_taskflow.py took 0.846 seconds
[2025-02-19T03:58:41.961+0000] {processor.py:186} INFO - Started process (PID=999) to work on /home/airflow/.local/lib/python3.12/site-packages/airflow/example_dags/example_dataset_alias_with_no_taskflow.py
[2025-02-19T03:58:41.963+0000] {processor.py:914} INFO - Processing file /home/airflow/.local/lib/python3.12/site-packages/airflow/example_dags/example_dataset_alias_with_no_taskflow.py for tasks to queue
[2025-02-19T03:58:41.964+0000] {logging_mixin.py:190} INFO - [2025-02-19T03:58:41.964+0000] {dagbag.py:588} INFO - Filling up the DagBag from /home/airflow/.local/lib/python3.12/site-packages/airflow/example_dags/example_dataset_alias_with_no_taskflow.py
[2025-02-19T03:58:42.817+0000] {processor.py:925} INFO - DAG(s) 'dataset_s3_bucket_consumer_with_no_taskflow', 'dataset_alias_example_alias_consumer_with_no_taskflow', 'dataset_alias_example_alias_producer_with_no_taskflow', 'dataset_s3_bucket_producer_with_no_taskflow' retrieved from /home/airflow/.local/lib/python3.12/site-packages/airflow/example_dags/example_dataset_alias_with_no_taskflow.py
[2025-02-19T03:58:42.849+0000] {logging_mixin.py:190} INFO - [2025-02-19T03:58:42.848+0000] {dag.py:3239} INFO - Sync 4 DAGs
[2025-02-19T03:58:42.881+0000] {logging_mixin.py:190} INFO - [2025-02-19T03:58:42.881+0000] {dag.py:4180} INFO - Setting next_dagrun for dataset_alias_example_alias_consumer_with_no_taskflow to None, run_after=None
[2025-02-19T03:58:42.887+0000] {logging_mixin.py:190} INFO - [2025-02-19T03:58:42.886+0000] {dag.py:4180} INFO - Setting next_dagrun for dataset_alias_example_alias_producer_with_no_taskflow to None, run_after=None
[2025-02-19T03:58:42.892+0000] {logging_mixin.py:190} INFO - [2025-02-19T03:58:42.892+0000] {dag.py:4180} INFO - Setting next_dagrun for dataset_s3_bucket_consumer_with_no_taskflow to None, run_after=None
[2025-02-19T03:58:42.898+0000] {logging_mixin.py:190} INFO - [2025-02-19T03:58:42.897+0000] {dag.py:4180} INFO - Setting next_dagrun for dataset_s3_bucket_producer_with_no_taskflow to None, run_after=None
[2025-02-19T03:58:42.941+0000] {processor.py:208} INFO - Processing /home/airflow/.local/lib/python3.12/site-packages/airflow/example_dags/example_dataset_alias_with_no_taskflow.py took 0.989 seconds
[2025-02-19T03:59:13.196+0000] {processor.py:186} INFO - Started process (PID=1063) to work on /home/airflow/.local/lib/python3.12/site-packages/airflow/example_dags/example_dataset_alias_with_no_taskflow.py
[2025-02-19T03:59:13.197+0000] {processor.py:914} INFO - Processing file /home/airflow/.local/lib/python3.12/site-packages/airflow/example_dags/example_dataset_alias_with_no_taskflow.py for tasks to queue
[2025-02-19T03:59:13.198+0000] {logging_mixin.py:190} INFO - [2025-02-19T03:59:13.198+0000] {dagbag.py:588} INFO - Filling up the DagBag from /home/airflow/.local/lib/python3.12/site-packages/airflow/example_dags/example_dataset_alias_with_no_taskflow.py
[2025-02-19T03:59:13.839+0000] {processor.py:925} INFO - DAG(s) 'dataset_s3_bucket_consumer_with_no_taskflow', 'dataset_alias_example_alias_consumer_with_no_taskflow', 'dataset_alias_example_alias_producer_with_no_taskflow', 'dataset_s3_bucket_producer_with_no_taskflow' retrieved from /home/airflow/.local/lib/python3.12/site-packages/airflow/example_dags/example_dataset_alias_with_no_taskflow.py
[2025-02-19T03:59:13.865+0000] {logging_mixin.py:190} INFO - [2025-02-19T03:59:13.865+0000] {dag.py:3239} INFO - Sync 4 DAGs
[2025-02-19T03:59:13.897+0000] {logging_mixin.py:190} INFO - [2025-02-19T03:59:13.897+0000] {dag.py:4180} INFO - Setting next_dagrun for dataset_alias_example_alias_consumer_with_no_taskflow to None, run_after=None
[2025-02-19T03:59:13.901+0000] {logging_mixin.py:190} INFO - [2025-02-19T03:59:13.901+0000] {dag.py:4180} INFO - Setting next_dagrun for dataset_alias_example_alias_producer_with_no_taskflow to None, run_after=None
[2025-02-19T03:59:13.904+0000] {logging_mixin.py:190} INFO - [2025-02-19T03:59:13.904+0000] {dag.py:4180} INFO - Setting next_dagrun for dataset_s3_bucket_consumer_with_no_taskflow to None, run_after=None
[2025-02-19T03:59:13.906+0000] {logging_mixin.py:190} INFO - [2025-02-19T03:59:13.906+0000] {dag.py:4180} INFO - Setting next_dagrun for dataset_s3_bucket_producer_with_no_taskflow to None, run_after=None
[2025-02-19T03:59:13.936+0000] {processor.py:208} INFO - Processing /home/airflow/.local/lib/python3.12/site-packages/airflow/example_dags/example_dataset_alias_with_no_taskflow.py took 0.745 seconds
[2025-02-19T03:59:44.792+0000] {processor.py:186} INFO - Started process (PID=1130) to work on /home/airflow/.local/lib/python3.12/site-packages/airflow/example_dags/example_dataset_alias_with_no_taskflow.py
[2025-02-19T03:59:44.794+0000] {processor.py:914} INFO - Processing file /home/airflow/.local/lib/python3.12/site-packages/airflow/example_dags/example_dataset_alias_with_no_taskflow.py for tasks to queue
[2025-02-19T03:59:44.795+0000] {logging_mixin.py:190} INFO - [2025-02-19T03:59:44.795+0000] {dagbag.py:588} INFO - Filling up the DagBag from /home/airflow/.local/lib/python3.12/site-packages/airflow/example_dags/example_dataset_alias_with_no_taskflow.py
[2025-02-19T03:59:45.906+0000] {processor.py:925} INFO - DAG(s) 'dataset_alias_example_alias_producer_with_no_taskflow', 'dataset_s3_bucket_consumer_with_no_taskflow', 'dataset_s3_bucket_producer_with_no_taskflow', 'dataset_alias_example_alias_consumer_with_no_taskflow' retrieved from /home/airflow/.local/lib/python3.12/site-packages/airflow/example_dags/example_dataset_alias_with_no_taskflow.py
[2025-02-19T03:59:45.938+0000] {logging_mixin.py:190} INFO - [2025-02-19T03:59:45.937+0000] {dag.py:3239} INFO - Sync 4 DAGs
[2025-02-19T03:59:45.972+0000] {logging_mixin.py:190} INFO - [2025-02-19T03:59:45.972+0000] {dag.py:4180} INFO - Setting next_dagrun for dataset_alias_example_alias_consumer_with_no_taskflow to None, run_after=None
[2025-02-19T03:59:45.980+0000] {logging_mixin.py:190} INFO - [2025-02-19T03:59:45.979+0000] {dag.py:4180} INFO - Setting next_dagrun for dataset_alias_example_alias_producer_with_no_taskflow to None, run_after=None
[2025-02-19T03:59:45.983+0000] {logging_mixin.py:190} INFO - [2025-02-19T03:59:45.983+0000] {dag.py:4180} INFO - Setting next_dagrun for dataset_s3_bucket_consumer_with_no_taskflow to None, run_after=None
[2025-02-19T03:59:45.985+0000] {logging_mixin.py:190} INFO - [2025-02-19T03:59:45.985+0000] {dag.py:4180} INFO - Setting next_dagrun for dataset_s3_bucket_producer_with_no_taskflow to None, run_after=None
[2025-02-19T03:59:46.020+0000] {processor.py:208} INFO - Processing /home/airflow/.local/lib/python3.12/site-packages/airflow/example_dags/example_dataset_alias_with_no_taskflow.py took 1.233 seconds
[2025-02-19T04:00:16.081+0000] {processor.py:186} INFO - Started process (PID=1199) to work on /home/airflow/.local/lib/python3.12/site-packages/airflow/example_dags/example_dataset_alias_with_no_taskflow.py
[2025-02-19T04:00:16.082+0000] {processor.py:914} INFO - Processing file /home/airflow/.local/lib/python3.12/site-packages/airflow/example_dags/example_dataset_alias_with_no_taskflow.py for tasks to queue
[2025-02-19T04:00:16.084+0000] {logging_mixin.py:190} INFO - [2025-02-19T04:00:16.083+0000] {dagbag.py:588} INFO - Filling up the DagBag from /home/airflow/.local/lib/python3.12/site-packages/airflow/example_dags/example_dataset_alias_with_no_taskflow.py
[2025-02-19T04:00:16.691+0000] {processor.py:925} INFO - DAG(s) 'dataset_alias_example_alias_producer_with_no_taskflow', 'dataset_s3_bucket_producer_with_no_taskflow', 'dataset_s3_bucket_consumer_with_no_taskflow', 'dataset_alias_example_alias_consumer_with_no_taskflow' retrieved from /home/airflow/.local/lib/python3.12/site-packages/airflow/example_dags/example_dataset_alias_with_no_taskflow.py
[2025-02-19T04:00:16.715+0000] {logging_mixin.py:190} INFO - [2025-02-19T04:00:16.714+0000] {dag.py:3239} INFO - Sync 4 DAGs
[2025-02-19T04:00:16.737+0000] {logging_mixin.py:190} INFO - [2025-02-19T04:00:16.736+0000] {dag.py:4180} INFO - Setting next_dagrun for dataset_alias_example_alias_consumer_with_no_taskflow to None, run_after=None
[2025-02-19T04:00:16.740+0000] {logging_mixin.py:190} INFO - [2025-02-19T04:00:16.739+0000] {dag.py:4180} INFO - Setting next_dagrun for dataset_alias_example_alias_producer_with_no_taskflow to None, run_after=None
[2025-02-19T04:00:16.742+0000] {logging_mixin.py:190} INFO - [2025-02-19T04:00:16.742+0000] {dag.py:4180} INFO - Setting next_dagrun for dataset_s3_bucket_consumer_with_no_taskflow to None, run_after=None
[2025-02-19T04:00:16.744+0000] {logging_mixin.py:190} INFO - [2025-02-19T04:00:16.744+0000] {dag.py:4180} INFO - Setting next_dagrun for dataset_s3_bucket_producer_with_no_taskflow to None, run_after=None
[2025-02-19T04:00:16.779+0000] {processor.py:208} INFO - Processing /home/airflow/.local/lib/python3.12/site-packages/airflow/example_dags/example_dataset_alias_with_no_taskflow.py took 0.704 seconds
[2025-02-19T04:00:47.411+0000] {processor.py:186} INFO - Started process (PID=1263) to work on /home/airflow/.local/lib/python3.12/site-packages/airflow/example_dags/example_dataset_alias_with_no_taskflow.py
[2025-02-19T04:00:47.412+0000] {processor.py:914} INFO - Processing file /home/airflow/.local/lib/python3.12/site-packages/airflow/example_dags/example_dataset_alias_with_no_taskflow.py for tasks to queue
[2025-02-19T04:00:47.414+0000] {logging_mixin.py:190} INFO - [2025-02-19T04:00:47.413+0000] {dagbag.py:588} INFO - Filling up the DagBag from /home/airflow/.local/lib/python3.12/site-packages/airflow/example_dags/example_dataset_alias_with_no_taskflow.py
[2025-02-19T04:00:48.018+0000] {processor.py:925} INFO - DAG(s) 'dataset_alias_example_alias_consumer_with_no_taskflow', 'dataset_s3_bucket_consumer_with_no_taskflow', 'dataset_alias_example_alias_producer_with_no_taskflow', 'dataset_s3_bucket_producer_with_no_taskflow' retrieved from /home/airflow/.local/lib/python3.12/site-packages/airflow/example_dags/example_dataset_alias_with_no_taskflow.py
[2025-02-19T04:00:48.044+0000] {logging_mixin.py:190} INFO - [2025-02-19T04:00:48.043+0000] {dag.py:3239} INFO - Sync 4 DAGs
[2025-02-19T04:00:48.067+0000] {logging_mixin.py:190} INFO - [2025-02-19T04:00:48.067+0000] {dag.py:4180} INFO - Setting next_dagrun for dataset_alias_example_alias_consumer_with_no_taskflow to None, run_after=None
[2025-02-19T04:00:48.070+0000] {logging_mixin.py:190} INFO - [2025-02-19T04:00:48.070+0000] {dag.py:4180} INFO - Setting next_dagrun for dataset_alias_example_alias_producer_with_no_taskflow to None, run_after=None
[2025-02-19T04:00:48.072+0000] {logging_mixin.py:190} INFO - [2025-02-19T04:00:48.072+0000] {dag.py:4180} INFO - Setting next_dagrun for dataset_s3_bucket_consumer_with_no_taskflow to None, run_after=None
[2025-02-19T04:00:48.074+0000] {logging_mixin.py:190} INFO - [2025-02-19T04:00:48.074+0000] {dag.py:4180} INFO - Setting next_dagrun for dataset_s3_bucket_producer_with_no_taskflow to None, run_after=None
[2025-02-19T04:00:48.101+0000] {processor.py:208} INFO - Processing /home/airflow/.local/lib/python3.12/site-packages/airflow/example_dags/example_dataset_alias_with_no_taskflow.py took 0.695 seconds
[2025-02-19T04:01:18.998+0000] {processor.py:186} INFO - Started process (PID=1331) to work on /home/airflow/.local/lib/python3.12/site-packages/airflow/example_dags/example_dataset_alias_with_no_taskflow.py
[2025-02-19T04:01:19.000+0000] {processor.py:914} INFO - Processing file /home/airflow/.local/lib/python3.12/site-packages/airflow/example_dags/example_dataset_alias_with_no_taskflow.py for tasks to queue
[2025-02-19T04:01:19.004+0000] {logging_mixin.py:190} INFO - [2025-02-19T04:01:19.003+0000] {dagbag.py:588} INFO - Filling up the DagBag from /home/airflow/.local/lib/python3.12/site-packages/airflow/example_dags/example_dataset_alias_with_no_taskflow.py
[2025-02-19T04:01:19.613+0000] {processor.py:925} INFO - DAG(s) 'dataset_alias_example_alias_consumer_with_no_taskflow', 'dataset_s3_bucket_producer_with_no_taskflow', 'dataset_alias_example_alias_producer_with_no_taskflow', 'dataset_s3_bucket_consumer_with_no_taskflow' retrieved from /home/airflow/.local/lib/python3.12/site-packages/airflow/example_dags/example_dataset_alias_with_no_taskflow.py
[2025-02-19T04:01:19.638+0000] {logging_mixin.py:190} INFO - [2025-02-19T04:01:19.637+0000] {dag.py:3239} INFO - Sync 4 DAGs
[2025-02-19T04:01:19.663+0000] {logging_mixin.py:190} INFO - [2025-02-19T04:01:19.663+0000] {dag.py:4180} INFO - Setting next_dagrun for dataset_alias_example_alias_consumer_with_no_taskflow to None, run_after=None
[2025-02-19T04:01:19.666+0000] {logging_mixin.py:190} INFO - [2025-02-19T04:01:19.666+0000] {dag.py:4180} INFO - Setting next_dagrun for dataset_alias_example_alias_producer_with_no_taskflow to None, run_after=None
[2025-02-19T04:01:19.668+0000] {logging_mixin.py:190} INFO - [2025-02-19T04:01:19.668+0000] {dag.py:4180} INFO - Setting next_dagrun for dataset_s3_bucket_consumer_with_no_taskflow to None, run_after=None
[2025-02-19T04:01:19.670+0000] {logging_mixin.py:190} INFO - [2025-02-19T04:01:19.670+0000] {dag.py:4180} INFO - Setting next_dagrun for dataset_s3_bucket_producer_with_no_taskflow to None, run_after=None
[2025-02-19T04:01:19.693+0000] {processor.py:208} INFO - Processing /home/airflow/.local/lib/python3.12/site-packages/airflow/example_dags/example_dataset_alias_with_no_taskflow.py took 0.702 seconds
[2025-02-19T04:01:51.190+0000] {processor.py:186} INFO - Started process (PID=1406) to work on /home/airflow/.local/lib/python3.12/site-packages/airflow/example_dags/example_dataset_alias_with_no_taskflow.py
[2025-02-19T04:01:51.203+0000] {processor.py:914} INFO - Processing file /home/airflow/.local/lib/python3.12/site-packages/airflow/example_dags/example_dataset_alias_with_no_taskflow.py for tasks to queue
[2025-02-19T04:01:51.209+0000] {logging_mixin.py:190} INFO - [2025-02-19T04:01:51.208+0000] {dagbag.py:588} INFO - Filling up the DagBag from /home/airflow/.local/lib/python3.12/site-packages/airflow/example_dags/example_dataset_alias_with_no_taskflow.py
[2025-02-19T04:01:53.138+0000] {processor.py:925} INFO - DAG(s) 'dataset_s3_bucket_producer_with_no_taskflow', 'dataset_s3_bucket_consumer_with_no_taskflow', 'dataset_alias_example_alias_consumer_with_no_taskflow', 'dataset_alias_example_alias_producer_with_no_taskflow' retrieved from /home/airflow/.local/lib/python3.12/site-packages/airflow/example_dags/example_dataset_alias_with_no_taskflow.py
[2025-02-19T04:01:53.175+0000] {logging_mixin.py:190} INFO - [2025-02-19T04:01:53.175+0000] {dag.py:3239} INFO - Sync 4 DAGs
[2025-02-19T04:01:53.210+0000] {logging_mixin.py:190} INFO - [2025-02-19T04:01:53.209+0000] {dag.py:4180} INFO - Setting next_dagrun for dataset_alias_example_alias_consumer_with_no_taskflow to None, run_after=None
[2025-02-19T04:01:53.214+0000] {logging_mixin.py:190} INFO - [2025-02-19T04:01:53.214+0000] {dag.py:4180} INFO - Setting next_dagrun for dataset_alias_example_alias_producer_with_no_taskflow to None, run_after=None
[2025-02-19T04:01:53.217+0000] {logging_mixin.py:190} INFO - [2025-02-19T04:01:53.217+0000] {dag.py:4180} INFO - Setting next_dagrun for dataset_s3_bucket_consumer_with_no_taskflow to None, run_after=None
[2025-02-19T04:01:53.219+0000] {logging_mixin.py:190} INFO - [2025-02-19T04:01:53.219+0000] {dag.py:4180} INFO - Setting next_dagrun for dataset_s3_bucket_producer_with_no_taskflow to None, run_after=None
[2025-02-19T04:01:53.260+0000] {processor.py:208} INFO - Processing /home/airflow/.local/lib/python3.12/site-packages/airflow/example_dags/example_dataset_alias_with_no_taskflow.py took 2.152 seconds
