[2025-02-19T03:51:32.261+0000] {processor.py:186} INFO - Started process (PID=109) to work on /home/airflow/.local/lib/python3.12/site-packages/airflow/example_dags/example_dataset_alias.py
[2025-02-19T03:51:32.262+0000] {processor.py:914} INFO - Processing file /home/airflow/.local/lib/python3.12/site-packages/airflow/example_dags/example_dataset_alias.py for tasks to queue
[2025-02-19T03:51:32.264+0000] {logging_mixin.py:190} INFO - [2025-02-19T03:51:32.263+0000] {dagbag.py:588} INFO - Filling up the DagBag from /home/airflow/.local/lib/python3.12/site-packages/airflow/example_dags/example_dataset_alias.py
[2025-02-19T03:51:32.965+0000] {processor.py:925} INFO - DAG(s) 'dataset_s3_bucket_consumer', 'dataset_s3_bucket_producer', 'dataset_alias_example_alias_producer', 'dataset_alias_example_alias_consumer' retrieved from /home/airflow/.local/lib/python3.12/site-packages/airflow/example_dags/example_dataset_alias.py
[2025-02-19T03:51:33.095+0000] {logging_mixin.py:190} INFO - [2025-02-19T03:51:33.094+0000] {override.py:1911} INFO - Created Permission View: can read on DAG:dataset_s3_bucket_consumer
[2025-02-19T03:51:33.110+0000] {logging_mixin.py:190} INFO - [2025-02-19T03:51:33.109+0000] {override.py:1911} INFO - Created Permission View: can delete on DAG:dataset_s3_bucket_consumer
[2025-02-19T03:51:33.120+0000] {logging_mixin.py:190} INFO - [2025-02-19T03:51:33.120+0000] {override.py:1911} INFO - Created Permission View: can edit on DAG:dataset_s3_bucket_consumer
[2025-02-19T03:51:33.135+0000] {logging_mixin.py:190} INFO - [2025-02-19T03:51:33.135+0000] {override.py:1911} INFO - Created Permission View: can read on DAG Run:dataset_s3_bucket_consumer
[2025-02-19T03:51:33.147+0000] {logging_mixin.py:190} INFO - [2025-02-19T03:51:33.146+0000] {override.py:1911} INFO - Created Permission View: can delete on DAG Run:dataset_s3_bucket_consumer
[2025-02-19T03:51:33.158+0000] {logging_mixin.py:190} INFO - [2025-02-19T03:51:33.157+0000] {override.py:1911} INFO - Created Permission View: can create on DAG Run:dataset_s3_bucket_consumer
[2025-02-19T03:51:33.167+0000] {logging_mixin.py:190} INFO - [2025-02-19T03:51:33.167+0000] {override.py:1911} INFO - Created Permission View: menu access on DAG Run:dataset_s3_bucket_consumer
[2025-02-19T03:51:33.190+0000] {logging_mixin.py:190} INFO - [2025-02-19T03:51:33.190+0000] {override.py:1911} INFO - Created Permission View: can read on DAG:dataset_s3_bucket_producer
[2025-02-19T03:51:33.202+0000] {logging_mixin.py:190} INFO - [2025-02-19T03:51:33.201+0000] {override.py:1911} INFO - Created Permission View: can delete on DAG:dataset_s3_bucket_producer
[2025-02-19T03:51:33.217+0000] {logging_mixin.py:190} INFO - [2025-02-19T03:51:33.217+0000] {override.py:1911} INFO - Created Permission View: can edit on DAG:dataset_s3_bucket_producer
[2025-02-19T03:51:33.229+0000] {logging_mixin.py:190} INFO - [2025-02-19T03:51:33.229+0000] {override.py:1911} INFO - Created Permission View: can read on DAG Run:dataset_s3_bucket_producer
[2025-02-19T03:51:33.238+0000] {logging_mixin.py:190} INFO - [2025-02-19T03:51:33.238+0000] {override.py:1911} INFO - Created Permission View: can delete on DAG Run:dataset_s3_bucket_producer
[2025-02-19T03:51:33.250+0000] {logging_mixin.py:190} INFO - [2025-02-19T03:51:33.250+0000] {override.py:1911} INFO - Created Permission View: can create on DAG Run:dataset_s3_bucket_producer
[2025-02-19T03:51:33.259+0000] {logging_mixin.py:190} INFO - [2025-02-19T03:51:33.259+0000] {override.py:1911} INFO - Created Permission View: menu access on DAG Run:dataset_s3_bucket_producer
[2025-02-19T03:51:33.278+0000] {logging_mixin.py:190} INFO - [2025-02-19T03:51:33.278+0000] {override.py:1911} INFO - Created Permission View: can read on DAG:dataset_alias_example_alias_producer
[2025-02-19T03:51:33.288+0000] {logging_mixin.py:190} INFO - [2025-02-19T03:51:33.288+0000] {override.py:1911} INFO - Created Permission View: can delete on DAG:dataset_alias_example_alias_producer
[2025-02-19T03:51:33.301+0000] {logging_mixin.py:190} INFO - [2025-02-19T03:51:33.300+0000] {override.py:1911} INFO - Created Permission View: can edit on DAG:dataset_alias_example_alias_producer
[2025-02-19T03:51:33.320+0000] {logging_mixin.py:190} INFO - [2025-02-19T03:51:33.320+0000] {override.py:1911} INFO - Created Permission View: can read on DAG Run:dataset_alias_example_alias_producer
[2025-02-19T03:51:33.333+0000] {logging_mixin.py:190} INFO - [2025-02-19T03:51:33.332+0000] {override.py:1911} INFO - Created Permission View: can delete on DAG Run:dataset_alias_example_alias_producer
[2025-02-19T03:51:33.458+0000] {logging_mixin.py:190} INFO - [2025-02-19T03:51:33.457+0000] {override.py:1911} INFO - Created Permission View: can create on DAG Run:dataset_alias_example_alias_producer
[2025-02-19T03:51:33.566+0000] {logging_mixin.py:190} INFO - [2025-02-19T03:51:33.566+0000] {override.py:1911} INFO - Created Permission View: menu access on DAG Run:dataset_alias_example_alias_producer
[2025-02-19T03:51:33.601+0000] {logging_mixin.py:190} INFO - [2025-02-19T03:51:33.600+0000] {override.py:1911} INFO - Created Permission View: can read on DAG:dataset_alias_example_alias_consumer
[2025-02-19T03:51:33.611+0000] {logging_mixin.py:190} INFO - [2025-02-19T03:51:33.611+0000] {override.py:1911} INFO - Created Permission View: can delete on DAG:dataset_alias_example_alias_consumer
[2025-02-19T03:51:33.621+0000] {logging_mixin.py:190} INFO - [2025-02-19T03:51:33.621+0000] {override.py:1911} INFO - Created Permission View: can edit on DAG:dataset_alias_example_alias_consumer
[2025-02-19T03:51:33.635+0000] {logging_mixin.py:190} INFO - [2025-02-19T03:51:33.635+0000] {override.py:1911} INFO - Created Permission View: can read on DAG Run:dataset_alias_example_alias_consumer
[2025-02-19T03:51:33.647+0000] {logging_mixin.py:190} INFO - [2025-02-19T03:51:33.647+0000] {override.py:1911} INFO - Created Permission View: can delete on DAG Run:dataset_alias_example_alias_consumer
[2025-02-19T03:51:33.658+0000] {logging_mixin.py:190} INFO - [2025-02-19T03:51:33.658+0000] {override.py:1911} INFO - Created Permission View: can create on DAG Run:dataset_alias_example_alias_consumer
[2025-02-19T03:51:33.668+0000] {logging_mixin.py:190} INFO - [2025-02-19T03:51:33.668+0000] {override.py:1911} INFO - Created Permission View: menu access on DAG Run:dataset_alias_example_alias_consumer
[2025-02-19T03:51:33.669+0000] {logging_mixin.py:190} INFO - [2025-02-19T03:51:33.668+0000] {dag.py:3239} INFO - Sync 4 DAGs
[2025-02-19T03:51:33.685+0000] {logging_mixin.py:190} INFO - [2025-02-19T03:51:33.685+0000] {dag.py:3262} INFO - Creating ORM DAG for dataset_s3_bucket_producer
[2025-02-19T03:51:33.687+0000] {logging_mixin.py:190} INFO - [2025-02-19T03:51:33.687+0000] {dag.py:3262} INFO - Creating ORM DAG for dataset_s3_bucket_consumer
[2025-02-19T03:51:33.688+0000] {logging_mixin.py:190} INFO - [2025-02-19T03:51:33.688+0000] {dag.py:3262} INFO - Creating ORM DAG for dataset_alias_example_alias_producer
[2025-02-19T03:51:33.690+0000] {logging_mixin.py:190} INFO - [2025-02-19T03:51:33.690+0000] {dag.py:3262} INFO - Creating ORM DAG for dataset_alias_example_alias_consumer
[2025-02-19T03:51:33.702+0000] {logging_mixin.py:190} INFO - [2025-02-19T03:51:33.701+0000] {dag.py:4180} INFO - Setting next_dagrun for dataset_alias_example_alias_consumer to None, run_after=None
[2025-02-19T03:51:33.703+0000] {logging_mixin.py:190} INFO - [2025-02-19T03:51:33.703+0000] {dag.py:4180} INFO - Setting next_dagrun for dataset_alias_example_alias_producer to None, run_after=None
[2025-02-19T03:51:33.707+0000] {logging_mixin.py:190} INFO - [2025-02-19T03:51:33.705+0000] {dag.py:4180} INFO - Setting next_dagrun for dataset_s3_bucket_consumer to None, run_after=None
[2025-02-19T03:51:33.708+0000] {logging_mixin.py:190} INFO - [2025-02-19T03:51:33.708+0000] {dag.py:4180} INFO - Setting next_dagrun for dataset_s3_bucket_producer to None, run_after=None
[2025-02-19T03:51:33.757+0000] {processor.py:208} INFO - Processing /home/airflow/.local/lib/python3.12/site-packages/airflow/example_dags/example_dataset_alias.py took 1.504 seconds
[2025-02-19T03:52:04.145+0000] {processor.py:186} INFO - Started process (PID=175) to work on /home/airflow/.local/lib/python3.12/site-packages/airflow/example_dags/example_dataset_alias.py
[2025-02-19T03:52:04.146+0000] {processor.py:914} INFO - Processing file /home/airflow/.local/lib/python3.12/site-packages/airflow/example_dags/example_dataset_alias.py for tasks to queue
[2025-02-19T03:52:04.147+0000] {logging_mixin.py:190} INFO - [2025-02-19T03:52:04.147+0000] {dagbag.py:588} INFO - Filling up the DagBag from /home/airflow/.local/lib/python3.12/site-packages/airflow/example_dags/example_dataset_alias.py
[2025-02-19T03:52:04.979+0000] {processor.py:925} INFO - DAG(s) 'dataset_alias_example_alias_producer', 'dataset_s3_bucket_producer', 'dataset_s3_bucket_consumer', 'dataset_alias_example_alias_consumer' retrieved from /home/airflow/.local/lib/python3.12/site-packages/airflow/example_dags/example_dataset_alias.py
[2025-02-19T03:52:05.041+0000] {logging_mixin.py:190} INFO - [2025-02-19T03:52:05.040+0000] {dag.py:3239} INFO - Sync 4 DAGs
[2025-02-19T03:52:05.087+0000] {logging_mixin.py:190} INFO - [2025-02-19T03:52:05.087+0000] {dag.py:4180} INFO - Setting next_dagrun for dataset_alias_example_alias_consumer to None, run_after=None
[2025-02-19T03:52:05.093+0000] {logging_mixin.py:190} INFO - [2025-02-19T03:52:05.093+0000] {dag.py:4180} INFO - Setting next_dagrun for dataset_alias_example_alias_producer to None, run_after=None
[2025-02-19T03:52:05.097+0000] {logging_mixin.py:190} INFO - [2025-02-19T03:52:05.097+0000] {dag.py:4180} INFO - Setting next_dagrun for dataset_s3_bucket_consumer to None, run_after=None
[2025-02-19T03:52:05.101+0000] {logging_mixin.py:190} INFO - [2025-02-19T03:52:05.101+0000] {dag.py:4180} INFO - Setting next_dagrun for dataset_s3_bucket_producer to None, run_after=None
[2025-02-19T03:52:05.166+0000] {processor.py:208} INFO - Processing /home/airflow/.local/lib/python3.12/site-packages/airflow/example_dags/example_dataset_alias.py took 1.028 seconds
[2025-02-19T03:52:35.329+0000] {processor.py:186} INFO - Started process (PID=244) to work on /home/airflow/.local/lib/python3.12/site-packages/airflow/example_dags/example_dataset_alias.py
[2025-02-19T03:52:35.330+0000] {processor.py:914} INFO - Processing file /home/airflow/.local/lib/python3.12/site-packages/airflow/example_dags/example_dataset_alias.py for tasks to queue
[2025-02-19T03:52:35.332+0000] {logging_mixin.py:190} INFO - [2025-02-19T03:52:35.331+0000] {dagbag.py:588} INFO - Filling up the DagBag from /home/airflow/.local/lib/python3.12/site-packages/airflow/example_dags/example_dataset_alias.py
[2025-02-19T03:52:36.018+0000] {processor.py:925} INFO - DAG(s) 'dataset_s3_bucket_producer', 'dataset_s3_bucket_consumer', 'dataset_alias_example_alias_producer', 'dataset_alias_example_alias_consumer' retrieved from /home/airflow/.local/lib/python3.12/site-packages/airflow/example_dags/example_dataset_alias.py
[2025-02-19T03:52:36.046+0000] {logging_mixin.py:190} INFO - [2025-02-19T03:52:36.044+0000] {dag.py:3239} INFO - Sync 4 DAGs
[2025-02-19T03:52:36.078+0000] {logging_mixin.py:190} INFO - [2025-02-19T03:52:36.078+0000] {dag.py:4180} INFO - Setting next_dagrun for dataset_alias_example_alias_consumer to None, run_after=None
[2025-02-19T03:52:36.082+0000] {logging_mixin.py:190} INFO - [2025-02-19T03:52:36.081+0000] {dag.py:4180} INFO - Setting next_dagrun for dataset_alias_example_alias_producer to None, run_after=None
[2025-02-19T03:52:36.084+0000] {logging_mixin.py:190} INFO - [2025-02-19T03:52:36.083+0000] {dag.py:4180} INFO - Setting next_dagrun for dataset_s3_bucket_consumer to None, run_after=None
[2025-02-19T03:52:36.086+0000] {logging_mixin.py:190} INFO - [2025-02-19T03:52:36.086+0000] {dag.py:4180} INFO - Setting next_dagrun for dataset_s3_bucket_producer to None, run_after=None
[2025-02-19T03:52:36.119+0000] {processor.py:208} INFO - Processing /home/airflow/.local/lib/python3.12/site-packages/airflow/example_dags/example_dataset_alias.py took 0.802 seconds
[2025-02-19T03:53:06.526+0000] {processor.py:186} INFO - Started process (PID=309) to work on /home/airflow/.local/lib/python3.12/site-packages/airflow/example_dags/example_dataset_alias.py
[2025-02-19T03:53:06.527+0000] {processor.py:914} INFO - Processing file /home/airflow/.local/lib/python3.12/site-packages/airflow/example_dags/example_dataset_alias.py for tasks to queue
[2025-02-19T03:53:06.529+0000] {logging_mixin.py:190} INFO - [2025-02-19T03:53:06.529+0000] {dagbag.py:588} INFO - Filling up the DagBag from /home/airflow/.local/lib/python3.12/site-packages/airflow/example_dags/example_dataset_alias.py
[2025-02-19T03:53:07.586+0000] {processor.py:925} INFO - DAG(s) 'dataset_s3_bucket_producer', 'dataset_alias_example_alias_consumer', 'dataset_s3_bucket_consumer', 'dataset_alias_example_alias_producer' retrieved from /home/airflow/.local/lib/python3.12/site-packages/airflow/example_dags/example_dataset_alias.py
[2025-02-19T03:53:07.662+0000] {logging_mixin.py:190} INFO - [2025-02-19T03:53:07.661+0000] {dag.py:3239} INFO - Sync 4 DAGs
[2025-02-19T03:53:07.729+0000] {logging_mixin.py:190} INFO - [2025-02-19T03:53:07.728+0000] {dag.py:4180} INFO - Setting next_dagrun for dataset_alias_example_alias_consumer to None, run_after=None
[2025-02-19T03:53:07.742+0000] {logging_mixin.py:190} INFO - [2025-02-19T03:53:07.742+0000] {dag.py:4180} INFO - Setting next_dagrun for dataset_alias_example_alias_producer to None, run_after=None
[2025-02-19T03:53:07.746+0000] {logging_mixin.py:190} INFO - [2025-02-19T03:53:07.745+0000] {dag.py:4180} INFO - Setting next_dagrun for dataset_s3_bucket_consumer to None, run_after=None
[2025-02-19T03:53:07.749+0000] {logging_mixin.py:190} INFO - [2025-02-19T03:53:07.748+0000] {dag.py:4180} INFO - Setting next_dagrun for dataset_s3_bucket_producer to None, run_after=None
[2025-02-19T03:53:07.800+0000] {processor.py:208} INFO - Processing /home/airflow/.local/lib/python3.12/site-packages/airflow/example_dags/example_dataset_alias.py took 1.285 seconds
[2025-02-19T03:53:37.858+0000] {processor.py:186} INFO - Started process (PID=378) to work on /home/airflow/.local/lib/python3.12/site-packages/airflow/example_dags/example_dataset_alias.py
[2025-02-19T03:53:37.860+0000] {processor.py:914} INFO - Processing file /home/airflow/.local/lib/python3.12/site-packages/airflow/example_dags/example_dataset_alias.py for tasks to queue
[2025-02-19T03:53:37.863+0000] {logging_mixin.py:190} INFO - [2025-02-19T03:53:37.862+0000] {dagbag.py:588} INFO - Filling up the DagBag from /home/airflow/.local/lib/python3.12/site-packages/airflow/example_dags/example_dataset_alias.py
[2025-02-19T03:53:38.867+0000] {processor.py:925} INFO - DAG(s) 'dataset_alias_example_alias_producer', 'dataset_s3_bucket_producer', 'dataset_alias_example_alias_consumer', 'dataset_s3_bucket_consumer' retrieved from /home/airflow/.local/lib/python3.12/site-packages/airflow/example_dags/example_dataset_alias.py
[2025-02-19T03:53:38.914+0000] {logging_mixin.py:190} INFO - [2025-02-19T03:53:38.913+0000] {dag.py:3239} INFO - Sync 4 DAGs
[2025-02-19T03:53:38.971+0000] {logging_mixin.py:190} INFO - [2025-02-19T03:53:38.970+0000] {dag.py:4180} INFO - Setting next_dagrun for dataset_alias_example_alias_consumer to None, run_after=None
[2025-02-19T03:53:38.976+0000] {logging_mixin.py:190} INFO - [2025-02-19T03:53:38.976+0000] {dag.py:4180} INFO - Setting next_dagrun for dataset_alias_example_alias_producer to None, run_after=None
[2025-02-19T03:53:38.983+0000] {logging_mixin.py:190} INFO - [2025-02-19T03:53:38.980+0000] {dag.py:4180} INFO - Setting next_dagrun for dataset_s3_bucket_consumer to None, run_after=None
[2025-02-19T03:53:38.987+0000] {logging_mixin.py:190} INFO - [2025-02-19T03:53:38.987+0000] {dag.py:4180} INFO - Setting next_dagrun for dataset_s3_bucket_producer to None, run_after=None
[2025-02-19T03:53:39.028+0000] {processor.py:208} INFO - Processing /home/airflow/.local/lib/python3.12/site-packages/airflow/example_dags/example_dataset_alias.py took 1.180 seconds
[2025-02-19T03:54:10.081+0000] {processor.py:186} INFO - Started process (PID=446) to work on /home/airflow/.local/lib/python3.12/site-packages/airflow/example_dags/example_dataset_alias.py
[2025-02-19T03:54:10.082+0000] {processor.py:914} INFO - Processing file /home/airflow/.local/lib/python3.12/site-packages/airflow/example_dags/example_dataset_alias.py for tasks to queue
[2025-02-19T03:54:10.085+0000] {logging_mixin.py:190} INFO - [2025-02-19T03:54:10.085+0000] {dagbag.py:588} INFO - Filling up the DagBag from /home/airflow/.local/lib/python3.12/site-packages/airflow/example_dags/example_dataset_alias.py
[2025-02-19T03:54:11.182+0000] {processor.py:925} INFO - DAG(s) 'dataset_s3_bucket_producer', 'dataset_alias_example_alias_consumer', 'dataset_s3_bucket_consumer', 'dataset_alias_example_alias_producer' retrieved from /home/airflow/.local/lib/python3.12/site-packages/airflow/example_dags/example_dataset_alias.py
[2025-02-19T03:54:11.251+0000] {logging_mixin.py:190} INFO - [2025-02-19T03:54:11.250+0000] {dag.py:3239} INFO - Sync 4 DAGs
[2025-02-19T03:54:11.321+0000] {logging_mixin.py:190} INFO - [2025-02-19T03:54:11.321+0000] {dag.py:4180} INFO - Setting next_dagrun for dataset_alias_example_alias_consumer to None, run_after=None
[2025-02-19T03:54:11.327+0000] {logging_mixin.py:190} INFO - [2025-02-19T03:54:11.326+0000] {dag.py:4180} INFO - Setting next_dagrun for dataset_alias_example_alias_producer to None, run_after=None
[2025-02-19T03:54:11.335+0000] {logging_mixin.py:190} INFO - [2025-02-19T03:54:11.334+0000] {dag.py:4180} INFO - Setting next_dagrun for dataset_s3_bucket_consumer to None, run_after=None
[2025-02-19T03:54:11.338+0000] {logging_mixin.py:190} INFO - [2025-02-19T03:54:11.338+0000] {dag.py:4180} INFO - Setting next_dagrun for dataset_s3_bucket_producer to None, run_after=None
[2025-02-19T03:54:11.390+0000] {processor.py:208} INFO - Processing /home/airflow/.local/lib/python3.12/site-packages/airflow/example_dags/example_dataset_alias.py took 1.319 seconds
[2025-02-19T03:54:41.504+0000] {processor.py:186} INFO - Started process (PID=515) to work on /home/airflow/.local/lib/python3.12/site-packages/airflow/example_dags/example_dataset_alias.py
[2025-02-19T03:54:41.506+0000] {processor.py:914} INFO - Processing file /home/airflow/.local/lib/python3.12/site-packages/airflow/example_dags/example_dataset_alias.py for tasks to queue
[2025-02-19T03:54:41.508+0000] {logging_mixin.py:190} INFO - [2025-02-19T03:54:41.508+0000] {dagbag.py:588} INFO - Filling up the DagBag from /home/airflow/.local/lib/python3.12/site-packages/airflow/example_dags/example_dataset_alias.py
[2025-02-19T03:54:42.494+0000] {processor.py:925} INFO - DAG(s) 'dataset_s3_bucket_producer', 'dataset_alias_example_alias_consumer', 'dataset_s3_bucket_consumer', 'dataset_alias_example_alias_producer' retrieved from /home/airflow/.local/lib/python3.12/site-packages/airflow/example_dags/example_dataset_alias.py
[2025-02-19T03:54:42.525+0000] {logging_mixin.py:190} INFO - [2025-02-19T03:54:42.524+0000] {dag.py:3239} INFO - Sync 4 DAGs
[2025-02-19T03:54:42.554+0000] {logging_mixin.py:190} INFO - [2025-02-19T03:54:42.553+0000] {dag.py:4180} INFO - Setting next_dagrun for dataset_alias_example_alias_consumer to None, run_after=None
[2025-02-19T03:54:42.557+0000] {logging_mixin.py:190} INFO - [2025-02-19T03:54:42.557+0000] {dag.py:4180} INFO - Setting next_dagrun for dataset_alias_example_alias_producer to None, run_after=None
[2025-02-19T03:54:42.560+0000] {logging_mixin.py:190} INFO - [2025-02-19T03:54:42.560+0000] {dag.py:4180} INFO - Setting next_dagrun for dataset_s3_bucket_consumer to None, run_after=None
[2025-02-19T03:54:42.562+0000] {logging_mixin.py:190} INFO - [2025-02-19T03:54:42.562+0000] {dag.py:4180} INFO - Setting next_dagrun for dataset_s3_bucket_producer to None, run_after=None
[2025-02-19T03:54:42.598+0000] {processor.py:208} INFO - Processing /home/airflow/.local/lib/python3.12/site-packages/airflow/example_dags/example_dataset_alias.py took 1.106 seconds
[2025-02-19T03:55:12.866+0000] {processor.py:186} INFO - Started process (PID=584) to work on /home/airflow/.local/lib/python3.12/site-packages/airflow/example_dags/example_dataset_alias.py
[2025-02-19T03:55:12.867+0000] {processor.py:914} INFO - Processing file /home/airflow/.local/lib/python3.12/site-packages/airflow/example_dags/example_dataset_alias.py for tasks to queue
[2025-02-19T03:55:12.869+0000] {logging_mixin.py:190} INFO - [2025-02-19T03:55:12.868+0000] {dagbag.py:588} INFO - Filling up the DagBag from /home/airflow/.local/lib/python3.12/site-packages/airflow/example_dags/example_dataset_alias.py
[2025-02-19T03:55:13.439+0000] {processor.py:925} INFO - DAG(s) 'dataset_alias_example_alias_consumer', 'dataset_alias_example_alias_producer', 'dataset_s3_bucket_producer', 'dataset_s3_bucket_consumer' retrieved from /home/airflow/.local/lib/python3.12/site-packages/airflow/example_dags/example_dataset_alias.py
[2025-02-19T03:55:13.461+0000] {logging_mixin.py:190} INFO - [2025-02-19T03:55:13.461+0000] {dag.py:3239} INFO - Sync 4 DAGs
[2025-02-19T03:55:13.482+0000] {logging_mixin.py:190} INFO - [2025-02-19T03:55:13.481+0000] {dag.py:4180} INFO - Setting next_dagrun for dataset_alias_example_alias_consumer to None, run_after=None
[2025-02-19T03:55:13.485+0000] {logging_mixin.py:190} INFO - [2025-02-19T03:55:13.485+0000] {dag.py:4180} INFO - Setting next_dagrun for dataset_alias_example_alias_producer to None, run_after=None
[2025-02-19T03:55:13.488+0000] {logging_mixin.py:190} INFO - [2025-02-19T03:55:13.488+0000] {dag.py:4180} INFO - Setting next_dagrun for dataset_s3_bucket_consumer to None, run_after=None
[2025-02-19T03:55:13.489+0000] {logging_mixin.py:190} INFO - [2025-02-19T03:55:13.489+0000] {dag.py:4180} INFO - Setting next_dagrun for dataset_s3_bucket_producer to None, run_after=None
[2025-02-19T03:55:13.518+0000] {processor.py:208} INFO - Processing /home/airflow/.local/lib/python3.12/site-packages/airflow/example_dags/example_dataset_alias.py took 0.660 seconds
[2025-02-19T03:55:43.901+0000] {processor.py:186} INFO - Started process (PID=652) to work on /home/airflow/.local/lib/python3.12/site-packages/airflow/example_dags/example_dataset_alias.py
[2025-02-19T03:55:43.903+0000] {processor.py:914} INFO - Processing file /home/airflow/.local/lib/python3.12/site-packages/airflow/example_dags/example_dataset_alias.py for tasks to queue
[2025-02-19T03:55:43.905+0000] {logging_mixin.py:190} INFO - [2025-02-19T03:55:43.904+0000] {dagbag.py:588} INFO - Filling up the DagBag from /home/airflow/.local/lib/python3.12/site-packages/airflow/example_dags/example_dataset_alias.py
[2025-02-19T03:55:44.719+0000] {processor.py:925} INFO - DAG(s) 'dataset_s3_bucket_producer', 'dataset_alias_example_alias_consumer', 'dataset_s3_bucket_consumer', 'dataset_alias_example_alias_producer' retrieved from /home/airflow/.local/lib/python3.12/site-packages/airflow/example_dags/example_dataset_alias.py
[2025-02-19T03:55:44.751+0000] {logging_mixin.py:190} INFO - [2025-02-19T03:55:44.749+0000] {dag.py:3239} INFO - Sync 4 DAGs
[2025-02-19T03:55:44.794+0000] {logging_mixin.py:190} INFO - [2025-02-19T03:55:44.794+0000] {dag.py:4180} INFO - Setting next_dagrun for dataset_alias_example_alias_consumer to None, run_after=None
[2025-02-19T03:55:44.800+0000] {logging_mixin.py:190} INFO - [2025-02-19T03:55:44.799+0000] {dag.py:4180} INFO - Setting next_dagrun for dataset_alias_example_alias_producer to None, run_after=None
[2025-02-19T03:55:44.804+0000] {logging_mixin.py:190} INFO - [2025-02-19T03:55:44.804+0000] {dag.py:4180} INFO - Setting next_dagrun for dataset_s3_bucket_consumer to None, run_after=None
[2025-02-19T03:55:44.808+0000] {logging_mixin.py:190} INFO - [2025-02-19T03:55:44.807+0000] {dag.py:4180} INFO - Setting next_dagrun for dataset_s3_bucket_producer to None, run_after=None
[2025-02-19T03:55:44.843+0000] {processor.py:208} INFO - Processing /home/airflow/.local/lib/python3.12/site-packages/airflow/example_dags/example_dataset_alias.py took 0.951 seconds
[2025-02-19T03:56:15.271+0000] {processor.py:186} INFO - Started process (PID=716) to work on /home/airflow/.local/lib/python3.12/site-packages/airflow/example_dags/example_dataset_alias.py
[2025-02-19T03:56:15.278+0000] {processor.py:914} INFO - Processing file /home/airflow/.local/lib/python3.12/site-packages/airflow/example_dags/example_dataset_alias.py for tasks to queue
[2025-02-19T03:56:15.281+0000] {logging_mixin.py:190} INFO - [2025-02-19T03:56:15.281+0000] {dagbag.py:588} INFO - Filling up the DagBag from /home/airflow/.local/lib/python3.12/site-packages/airflow/example_dags/example_dataset_alias.py
[2025-02-19T03:56:16.120+0000] {processor.py:925} INFO - DAG(s) 'dataset_alias_example_alias_producer', 'dataset_s3_bucket_consumer', 'dataset_s3_bucket_producer', 'dataset_alias_example_alias_consumer' retrieved from /home/airflow/.local/lib/python3.12/site-packages/airflow/example_dags/example_dataset_alias.py
[2025-02-19T03:56:16.144+0000] {logging_mixin.py:190} INFO - [2025-02-19T03:56:16.144+0000] {dag.py:3239} INFO - Sync 4 DAGs
[2025-02-19T03:56:16.168+0000] {logging_mixin.py:190} INFO - [2025-02-19T03:56:16.168+0000] {dag.py:4180} INFO - Setting next_dagrun for dataset_alias_example_alias_consumer to None, run_after=None
[2025-02-19T03:56:16.173+0000] {logging_mixin.py:190} INFO - [2025-02-19T03:56:16.173+0000] {dag.py:4180} INFO - Setting next_dagrun for dataset_alias_example_alias_producer to None, run_after=None
[2025-02-19T03:56:16.175+0000] {logging_mixin.py:190} INFO - [2025-02-19T03:56:16.175+0000] {dag.py:4180} INFO - Setting next_dagrun for dataset_s3_bucket_consumer to None, run_after=None
[2025-02-19T03:56:16.177+0000] {logging_mixin.py:190} INFO - [2025-02-19T03:56:16.177+0000] {dag.py:4180} INFO - Setting next_dagrun for dataset_s3_bucket_producer to None, run_after=None
[2025-02-19T03:56:16.202+0000] {processor.py:208} INFO - Processing /home/airflow/.local/lib/python3.12/site-packages/airflow/example_dags/example_dataset_alias.py took 0.956 seconds
[2025-02-19T03:56:47.124+0000] {processor.py:186} INFO - Started process (PID=780) to work on /home/airflow/.local/lib/python3.12/site-packages/airflow/example_dags/example_dataset_alias.py
[2025-02-19T03:56:47.125+0000] {processor.py:914} INFO - Processing file /home/airflow/.local/lib/python3.12/site-packages/airflow/example_dags/example_dataset_alias.py for tasks to queue
[2025-02-19T03:56:47.127+0000] {logging_mixin.py:190} INFO - [2025-02-19T03:56:47.127+0000] {dagbag.py:588} INFO - Filling up the DagBag from /home/airflow/.local/lib/python3.12/site-packages/airflow/example_dags/example_dataset_alias.py
[2025-02-19T03:56:47.797+0000] {processor.py:925} INFO - DAG(s) 'dataset_alias_example_alias_producer', 'dataset_alias_example_alias_consumer', 'dataset_s3_bucket_producer', 'dataset_s3_bucket_consumer' retrieved from /home/airflow/.local/lib/python3.12/site-packages/airflow/example_dags/example_dataset_alias.py
[2025-02-19T03:56:47.822+0000] {logging_mixin.py:190} INFO - [2025-02-19T03:56:47.822+0000] {dag.py:3239} INFO - Sync 4 DAGs
[2025-02-19T03:56:47.848+0000] {logging_mixin.py:190} INFO - [2025-02-19T03:56:47.848+0000] {dag.py:4180} INFO - Setting next_dagrun for dataset_alias_example_alias_consumer to None, run_after=None
[2025-02-19T03:56:47.852+0000] {logging_mixin.py:190} INFO - [2025-02-19T03:56:47.852+0000] {dag.py:4180} INFO - Setting next_dagrun for dataset_alias_example_alias_producer to None, run_after=None
[2025-02-19T03:56:47.855+0000] {logging_mixin.py:190} INFO - [2025-02-19T03:56:47.855+0000] {dag.py:4180} INFO - Setting next_dagrun for dataset_s3_bucket_consumer to None, run_after=None
[2025-02-19T03:56:47.858+0000] {logging_mixin.py:190} INFO - [2025-02-19T03:56:47.858+0000] {dag.py:4180} INFO - Setting next_dagrun for dataset_s3_bucket_producer to None, run_after=None
[2025-02-19T03:56:47.886+0000] {processor.py:208} INFO - Processing /home/airflow/.local/lib/python3.12/site-packages/airflow/example_dags/example_dataset_alias.py took 0.773 seconds
[2025-02-19T03:57:18.025+0000] {processor.py:186} INFO - Started process (PID=844) to work on /home/airflow/.local/lib/python3.12/site-packages/airflow/example_dags/example_dataset_alias.py
[2025-02-19T03:57:18.026+0000] {processor.py:914} INFO - Processing file /home/airflow/.local/lib/python3.12/site-packages/airflow/example_dags/example_dataset_alias.py for tasks to queue
[2025-02-19T03:57:18.028+0000] {logging_mixin.py:190} INFO - [2025-02-19T03:57:18.028+0000] {dagbag.py:588} INFO - Filling up the DagBag from /home/airflow/.local/lib/python3.12/site-packages/airflow/example_dags/example_dataset_alias.py
[2025-02-19T03:57:18.738+0000] {processor.py:925} INFO - DAG(s) 'dataset_s3_bucket_producer', 'dataset_alias_example_alias_consumer', 'dataset_s3_bucket_consumer', 'dataset_alias_example_alias_producer' retrieved from /home/airflow/.local/lib/python3.12/site-packages/airflow/example_dags/example_dataset_alias.py
[2025-02-19T03:57:18.770+0000] {logging_mixin.py:190} INFO - [2025-02-19T03:57:18.769+0000] {dag.py:3239} INFO - Sync 4 DAGs
[2025-02-19T03:57:18.800+0000] {logging_mixin.py:190} INFO - [2025-02-19T03:57:18.800+0000] {dag.py:4180} INFO - Setting next_dagrun for dataset_alias_example_alias_consumer to None, run_after=None
[2025-02-19T03:57:18.805+0000] {logging_mixin.py:190} INFO - [2025-02-19T03:57:18.805+0000] {dag.py:4180} INFO - Setting next_dagrun for dataset_alias_example_alias_producer to None, run_after=None
[2025-02-19T03:57:18.808+0000] {logging_mixin.py:190} INFO - [2025-02-19T03:57:18.808+0000] {dag.py:4180} INFO - Setting next_dagrun for dataset_s3_bucket_consumer to None, run_after=None
[2025-02-19T03:57:18.810+0000] {logging_mixin.py:190} INFO - [2025-02-19T03:57:18.809+0000] {dag.py:4180} INFO - Setting next_dagrun for dataset_s3_bucket_producer to None, run_after=None
[2025-02-19T03:57:18.838+0000] {processor.py:208} INFO - Processing /home/airflow/.local/lib/python3.12/site-packages/airflow/example_dags/example_dataset_alias.py took 0.819 seconds
[2025-02-19T03:57:49.559+0000] {processor.py:186} INFO - Started process (PID=908) to work on /home/airflow/.local/lib/python3.12/site-packages/airflow/example_dags/example_dataset_alias.py
[2025-02-19T03:57:49.560+0000] {processor.py:914} INFO - Processing file /home/airflow/.local/lib/python3.12/site-packages/airflow/example_dags/example_dataset_alias.py for tasks to queue
[2025-02-19T03:57:49.562+0000] {logging_mixin.py:190} INFO - [2025-02-19T03:57:49.562+0000] {dagbag.py:588} INFO - Filling up the DagBag from /home/airflow/.local/lib/python3.12/site-packages/airflow/example_dags/example_dataset_alias.py
[2025-02-19T03:57:50.347+0000] {processor.py:925} INFO - DAG(s) 'dataset_alias_example_alias_consumer', 'dataset_s3_bucket_producer', 'dataset_s3_bucket_consumer', 'dataset_alias_example_alias_producer' retrieved from /home/airflow/.local/lib/python3.12/site-packages/airflow/example_dags/example_dataset_alias.py
[2025-02-19T03:57:50.384+0000] {logging_mixin.py:190} INFO - [2025-02-19T03:57:50.383+0000] {dag.py:3239} INFO - Sync 4 DAGs
[2025-02-19T03:57:50.417+0000] {logging_mixin.py:190} INFO - [2025-02-19T03:57:50.417+0000] {dag.py:4180} INFO - Setting next_dagrun for dataset_alias_example_alias_consumer to None, run_after=None
[2025-02-19T03:57:50.422+0000] {logging_mixin.py:190} INFO - [2025-02-19T03:57:50.421+0000] {dag.py:4180} INFO - Setting next_dagrun for dataset_alias_example_alias_producer to None, run_after=None
[2025-02-19T03:57:50.425+0000] {logging_mixin.py:190} INFO - [2025-02-19T03:57:50.425+0000] {dag.py:4180} INFO - Setting next_dagrun for dataset_s3_bucket_consumer to None, run_after=None
[2025-02-19T03:57:50.428+0000] {logging_mixin.py:190} INFO - [2025-02-19T03:57:50.428+0000] {dag.py:4180} INFO - Setting next_dagrun for dataset_s3_bucket_producer to None, run_after=None
[2025-02-19T03:57:50.473+0000] {processor.py:208} INFO - Processing /home/airflow/.local/lib/python3.12/site-packages/airflow/example_dags/example_dataset_alias.py took 0.922 seconds
[2025-02-19T03:58:20.597+0000] {processor.py:186} INFO - Started process (PID=978) to work on /home/airflow/.local/lib/python3.12/site-packages/airflow/example_dags/example_dataset_alias.py
[2025-02-19T03:58:20.598+0000] {processor.py:914} INFO - Processing file /home/airflow/.local/lib/python3.12/site-packages/airflow/example_dags/example_dataset_alias.py for tasks to queue
[2025-02-19T03:58:20.600+0000] {logging_mixin.py:190} INFO - [2025-02-19T03:58:20.599+0000] {dagbag.py:588} INFO - Filling up the DagBag from /home/airflow/.local/lib/python3.12/site-packages/airflow/example_dags/example_dataset_alias.py
[2025-02-19T03:58:21.351+0000] {processor.py:925} INFO - DAG(s) 'dataset_alias_example_alias_consumer', 'dataset_s3_bucket_consumer', 'dataset_s3_bucket_producer', 'dataset_alias_example_alias_producer' retrieved from /home/airflow/.local/lib/python3.12/site-packages/airflow/example_dags/example_dataset_alias.py
[2025-02-19T03:58:21.378+0000] {logging_mixin.py:190} INFO - [2025-02-19T03:58:21.377+0000] {dag.py:3239} INFO - Sync 4 DAGs
[2025-02-19T03:58:21.409+0000] {logging_mixin.py:190} INFO - [2025-02-19T03:58:21.408+0000] {dag.py:4180} INFO - Setting next_dagrun for dataset_alias_example_alias_consumer to None, run_after=None
[2025-02-19T03:58:21.414+0000] {logging_mixin.py:190} INFO - [2025-02-19T03:58:21.413+0000] {dag.py:4180} INFO - Setting next_dagrun for dataset_alias_example_alias_producer to None, run_after=None
[2025-02-19T03:58:21.417+0000] {logging_mixin.py:190} INFO - [2025-02-19T03:58:21.417+0000] {dag.py:4180} INFO - Setting next_dagrun for dataset_s3_bucket_consumer to None, run_after=None
[2025-02-19T03:58:21.419+0000] {logging_mixin.py:190} INFO - [2025-02-19T03:58:21.419+0000] {dag.py:4180} INFO - Setting next_dagrun for dataset_s3_bucket_producer to None, run_after=None
[2025-02-19T03:58:21.454+0000] {processor.py:208} INFO - Processing /home/airflow/.local/lib/python3.12/site-packages/airflow/example_dags/example_dataset_alias.py took 0.863 seconds
[2025-02-19T03:58:51.637+0000] {processor.py:186} INFO - Started process (PID=1041) to work on /home/airflow/.local/lib/python3.12/site-packages/airflow/example_dags/example_dataset_alias.py
[2025-02-19T03:58:51.639+0000] {processor.py:914} INFO - Processing file /home/airflow/.local/lib/python3.12/site-packages/airflow/example_dags/example_dataset_alias.py for tasks to queue
[2025-02-19T03:58:51.641+0000] {logging_mixin.py:190} INFO - [2025-02-19T03:58:51.641+0000] {dagbag.py:588} INFO - Filling up the DagBag from /home/airflow/.local/lib/python3.12/site-packages/airflow/example_dags/example_dataset_alias.py
[2025-02-19T03:58:52.321+0000] {processor.py:925} INFO - DAG(s) 'dataset_s3_bucket_consumer', 'dataset_alias_example_alias_producer', 'dataset_s3_bucket_producer', 'dataset_alias_example_alias_consumer' retrieved from /home/airflow/.local/lib/python3.12/site-packages/airflow/example_dags/example_dataset_alias.py
[2025-02-19T03:58:52.353+0000] {logging_mixin.py:190} INFO - [2025-02-19T03:58:52.352+0000] {dag.py:3239} INFO - Sync 4 DAGs
[2025-02-19T03:58:52.381+0000] {logging_mixin.py:190} INFO - [2025-02-19T03:58:52.381+0000] {dag.py:4180} INFO - Setting next_dagrun for dataset_alias_example_alias_consumer to None, run_after=None
[2025-02-19T03:58:52.386+0000] {logging_mixin.py:190} INFO - [2025-02-19T03:58:52.385+0000] {dag.py:4180} INFO - Setting next_dagrun for dataset_alias_example_alias_producer to None, run_after=None
[2025-02-19T03:58:52.391+0000] {logging_mixin.py:190} INFO - [2025-02-19T03:58:52.391+0000] {dag.py:4180} INFO - Setting next_dagrun for dataset_s3_bucket_consumer to None, run_after=None
[2025-02-19T03:58:52.394+0000] {logging_mixin.py:190} INFO - [2025-02-19T03:58:52.394+0000] {dag.py:4180} INFO - Setting next_dagrun for dataset_s3_bucket_producer to None, run_after=None
[2025-02-19T03:58:52.432+0000] {processor.py:208} INFO - Processing /home/airflow/.local/lib/python3.12/site-packages/airflow/example_dags/example_dataset_alias.py took 0.804 seconds
[2025-02-19T03:59:22.824+0000] {processor.py:186} INFO - Started process (PID=1105) to work on /home/airflow/.local/lib/python3.12/site-packages/airflow/example_dags/example_dataset_alias.py
[2025-02-19T03:59:22.825+0000] {processor.py:914} INFO - Processing file /home/airflow/.local/lib/python3.12/site-packages/airflow/example_dags/example_dataset_alias.py for tasks to queue
[2025-02-19T03:59:22.826+0000] {logging_mixin.py:190} INFO - [2025-02-19T03:59:22.826+0000] {dagbag.py:588} INFO - Filling up the DagBag from /home/airflow/.local/lib/python3.12/site-packages/airflow/example_dags/example_dataset_alias.py
[2025-02-19T03:59:23.601+0000] {processor.py:925} INFO - DAG(s) 'dataset_alias_example_alias_consumer', 'dataset_s3_bucket_consumer', 'dataset_alias_example_alias_producer', 'dataset_s3_bucket_producer' retrieved from /home/airflow/.local/lib/python3.12/site-packages/airflow/example_dags/example_dataset_alias.py
[2025-02-19T03:59:23.638+0000] {logging_mixin.py:190} INFO - [2025-02-19T03:59:23.637+0000] {dag.py:3239} INFO - Sync 4 DAGs
[2025-02-19T03:59:23.688+0000] {logging_mixin.py:190} INFO - [2025-02-19T03:59:23.687+0000] {dag.py:4180} INFO - Setting next_dagrun for dataset_alias_example_alias_consumer to None, run_after=None
[2025-02-19T03:59:23.695+0000] {logging_mixin.py:190} INFO - [2025-02-19T03:59:23.695+0000] {dag.py:4180} INFO - Setting next_dagrun for dataset_alias_example_alias_producer to None, run_after=None
[2025-02-19T03:59:23.699+0000] {logging_mixin.py:190} INFO - [2025-02-19T03:59:23.698+0000] {dag.py:4180} INFO - Setting next_dagrun for dataset_s3_bucket_consumer to None, run_after=None
[2025-02-19T03:59:23.703+0000] {logging_mixin.py:190} INFO - [2025-02-19T03:59:23.703+0000] {dag.py:4180} INFO - Setting next_dagrun for dataset_s3_bucket_producer to None, run_after=None
[2025-02-19T03:59:23.758+0000] {processor.py:208} INFO - Processing /home/airflow/.local/lib/python3.12/site-packages/airflow/example_dags/example_dataset_alias.py took 0.941 seconds
[2025-02-19T03:59:53.825+0000] {processor.py:186} INFO - Started process (PID=1169) to work on /home/airflow/.local/lib/python3.12/site-packages/airflow/example_dags/example_dataset_alias.py
[2025-02-19T03:59:53.826+0000] {processor.py:914} INFO - Processing file /home/airflow/.local/lib/python3.12/site-packages/airflow/example_dags/example_dataset_alias.py for tasks to queue
[2025-02-19T03:59:53.828+0000] {logging_mixin.py:190} INFO - [2025-02-19T03:59:53.827+0000] {dagbag.py:588} INFO - Filling up the DagBag from /home/airflow/.local/lib/python3.12/site-packages/airflow/example_dags/example_dataset_alias.py
[2025-02-19T03:59:54.860+0000] {processor.py:925} INFO - DAG(s) 'dataset_s3_bucket_producer', 'dataset_alias_example_alias_consumer', 'dataset_s3_bucket_consumer', 'dataset_alias_example_alias_producer' retrieved from /home/airflow/.local/lib/python3.12/site-packages/airflow/example_dags/example_dataset_alias.py
[2025-02-19T03:59:54.910+0000] {logging_mixin.py:190} INFO - [2025-02-19T03:59:54.909+0000] {dag.py:3239} INFO - Sync 4 DAGs
[2025-02-19T03:59:54.949+0000] {logging_mixin.py:190} INFO - [2025-02-19T03:59:54.949+0000] {dag.py:4180} INFO - Setting next_dagrun for dataset_alias_example_alias_consumer to None, run_after=None
[2025-02-19T03:59:54.957+0000] {logging_mixin.py:190} INFO - [2025-02-19T03:59:54.957+0000] {dag.py:4180} INFO - Setting next_dagrun for dataset_alias_example_alias_producer to None, run_after=None
[2025-02-19T03:59:54.961+0000] {logging_mixin.py:190} INFO - [2025-02-19T03:59:54.960+0000] {dag.py:4180} INFO - Setting next_dagrun for dataset_s3_bucket_consumer to None, run_after=None
[2025-02-19T03:59:54.964+0000] {logging_mixin.py:190} INFO - [2025-02-19T03:59:54.963+0000] {dag.py:4180} INFO - Setting next_dagrun for dataset_s3_bucket_producer to None, run_after=None
[2025-02-19T03:59:55.019+0000] {processor.py:208} INFO - Processing /home/airflow/.local/lib/python3.12/site-packages/airflow/example_dags/example_dataset_alias.py took 1.203 seconds
[2025-02-19T04:00:25.368+0000] {processor.py:186} INFO - Started process (PID=1233) to work on /home/airflow/.local/lib/python3.12/site-packages/airflow/example_dags/example_dataset_alias.py
[2025-02-19T04:00:25.369+0000] {processor.py:914} INFO - Processing file /home/airflow/.local/lib/python3.12/site-packages/airflow/example_dags/example_dataset_alias.py for tasks to queue
[2025-02-19T04:00:25.372+0000] {logging_mixin.py:190} INFO - [2025-02-19T04:00:25.371+0000] {dagbag.py:588} INFO - Filling up the DagBag from /home/airflow/.local/lib/python3.12/site-packages/airflow/example_dags/example_dataset_alias.py
[2025-02-19T04:00:26.015+0000] {processor.py:925} INFO - DAG(s) 'dataset_s3_bucket_consumer', 'dataset_s3_bucket_producer', 'dataset_alias_example_alias_consumer', 'dataset_alias_example_alias_producer' retrieved from /home/airflow/.local/lib/python3.12/site-packages/airflow/example_dags/example_dataset_alias.py
[2025-02-19T04:00:26.040+0000] {logging_mixin.py:190} INFO - [2025-02-19T04:00:26.039+0000] {dag.py:3239} INFO - Sync 4 DAGs
[2025-02-19T04:00:26.065+0000] {logging_mixin.py:190} INFO - [2025-02-19T04:00:26.064+0000] {dag.py:4180} INFO - Setting next_dagrun for dataset_alias_example_alias_consumer to None, run_after=None
[2025-02-19T04:00:26.068+0000] {logging_mixin.py:190} INFO - [2025-02-19T04:00:26.068+0000] {dag.py:4180} INFO - Setting next_dagrun for dataset_alias_example_alias_producer to None, run_after=None
[2025-02-19T04:00:26.070+0000] {logging_mixin.py:190} INFO - [2025-02-19T04:00:26.070+0000] {dag.py:4180} INFO - Setting next_dagrun for dataset_s3_bucket_consumer to None, run_after=None
[2025-02-19T04:00:26.072+0000] {logging_mixin.py:190} INFO - [2025-02-19T04:00:26.072+0000] {dag.py:4180} INFO - Setting next_dagrun for dataset_s3_bucket_producer to None, run_after=None
[2025-02-19T04:00:26.102+0000] {processor.py:208} INFO - Processing /home/airflow/.local/lib/python3.12/site-packages/airflow/example_dags/example_dataset_alias.py took 0.742 seconds
[2025-02-19T04:00:56.336+0000] {processor.py:186} INFO - Started process (PID=1297) to work on /home/airflow/.local/lib/python3.12/site-packages/airflow/example_dags/example_dataset_alias.py
[2025-02-19T04:00:56.337+0000] {processor.py:914} INFO - Processing file /home/airflow/.local/lib/python3.12/site-packages/airflow/example_dags/example_dataset_alias.py for tasks to queue
[2025-02-19T04:00:56.338+0000] {logging_mixin.py:190} INFO - [2025-02-19T04:00:56.338+0000] {dagbag.py:588} INFO - Filling up the DagBag from /home/airflow/.local/lib/python3.12/site-packages/airflow/example_dags/example_dataset_alias.py
[2025-02-19T04:00:56.878+0000] {processor.py:925} INFO - DAG(s) 'dataset_alias_example_alias_producer', 'dataset_s3_bucket_producer', 'dataset_s3_bucket_consumer', 'dataset_alias_example_alias_consumer' retrieved from /home/airflow/.local/lib/python3.12/site-packages/airflow/example_dags/example_dataset_alias.py
[2025-02-19T04:00:56.918+0000] {logging_mixin.py:190} INFO - [2025-02-19T04:00:56.917+0000] {dag.py:3239} INFO - Sync 4 DAGs
[2025-02-19T04:00:56.949+0000] {logging_mixin.py:190} INFO - [2025-02-19T04:00:56.949+0000] {dag.py:4180} INFO - Setting next_dagrun for dataset_alias_example_alias_consumer to None, run_after=None
[2025-02-19T04:00:56.953+0000] {logging_mixin.py:190} INFO - [2025-02-19T04:00:56.953+0000] {dag.py:4180} INFO - Setting next_dagrun for dataset_alias_example_alias_producer to None, run_after=None
[2025-02-19T04:00:56.956+0000] {logging_mixin.py:190} INFO - [2025-02-19T04:00:56.956+0000] {dag.py:4180} INFO - Setting next_dagrun for dataset_s3_bucket_consumer to None, run_after=None
[2025-02-19T04:00:56.958+0000] {logging_mixin.py:190} INFO - [2025-02-19T04:00:56.958+0000] {dag.py:4180} INFO - Setting next_dagrun for dataset_s3_bucket_producer to None, run_after=None
[2025-02-19T04:00:56.991+0000] {processor.py:208} INFO - Processing /home/airflow/.local/lib/python3.12/site-packages/airflow/example_dags/example_dataset_alias.py took 0.661 seconds
[2025-02-19T04:01:27.193+0000] {processor.py:186} INFO - Started process (PID=1361) to work on /home/airflow/.local/lib/python3.12/site-packages/airflow/example_dags/example_dataset_alias.py
[2025-02-19T04:01:27.194+0000] {processor.py:914} INFO - Processing file /home/airflow/.local/lib/python3.12/site-packages/airflow/example_dags/example_dataset_alias.py for tasks to queue
[2025-02-19T04:01:27.196+0000] {logging_mixin.py:190} INFO - [2025-02-19T04:01:27.195+0000] {dagbag.py:588} INFO - Filling up the DagBag from /home/airflow/.local/lib/python3.12/site-packages/airflow/example_dags/example_dataset_alias.py
[2025-02-19T04:01:27.732+0000] {processor.py:925} INFO - DAG(s) 'dataset_alias_example_alias_producer', 'dataset_s3_bucket_consumer', 'dataset_s3_bucket_producer', 'dataset_alias_example_alias_consumer' retrieved from /home/airflow/.local/lib/python3.12/site-packages/airflow/example_dags/example_dataset_alias.py
[2025-02-19T04:01:27.755+0000] {logging_mixin.py:190} INFO - [2025-02-19T04:01:27.754+0000] {dag.py:3239} INFO - Sync 4 DAGs
[2025-02-19T04:01:27.774+0000] {logging_mixin.py:190} INFO - [2025-02-19T04:01:27.774+0000] {dag.py:4180} INFO - Setting next_dagrun for dataset_alias_example_alias_consumer to None, run_after=None
[2025-02-19T04:01:27.778+0000] {logging_mixin.py:190} INFO - [2025-02-19T04:01:27.778+0000] {dag.py:4180} INFO - Setting next_dagrun for dataset_alias_example_alias_producer to None, run_after=None
[2025-02-19T04:01:27.780+0000] {logging_mixin.py:190} INFO - [2025-02-19T04:01:27.780+0000] {dag.py:4180} INFO - Setting next_dagrun for dataset_s3_bucket_consumer to None, run_after=None
[2025-02-19T04:01:27.782+0000] {logging_mixin.py:190} INFO - [2025-02-19T04:01:27.781+0000] {dag.py:4180} INFO - Setting next_dagrun for dataset_s3_bucket_producer to None, run_after=None
[2025-02-19T04:01:27.811+0000] {processor.py:208} INFO - Processing /home/airflow/.local/lib/python3.12/site-packages/airflow/example_dags/example_dataset_alias.py took 0.626 seconds
