[2025-02-19T03:51:24.431+0000] {processor.py:186} INFO - Started process (PID=89) to work on /home/airflow/.local/lib/python3.12/site-packages/airflow/example_dags/example_datasets.py
[2025-02-19T03:51:24.432+0000] {processor.py:914} INFO - Processing file /home/airflow/.local/lib/python3.12/site-packages/airflow/example_dags/example_datasets.py for tasks to queue
[2025-02-19T03:51:24.434+0000] {logging_mixin.py:190} INFO - [2025-02-19T03:51:24.433+0000] {dagbag.py:588} INFO - Filling up the DagBag from /home/airflow/.local/lib/python3.12/site-packages/airflow/example_dags/example_datasets.py
[2025-02-19T03:51:26.209+0000] {processor.py:925} INFO - DAG(s) 'dataset_consumes_1_and_2', 'consume_1_or_2_with_dataset_expressions', 'dataset_produces_1', 'dataset_consumes_1_never_scheduled', 'consume_1_and_2_with_dataset_expressions', 'dataset_produces_2', 'conditional_dataset_and_time_based_timetable', 'dataset_consumes_unknown_never_scheduled', 'consume_1_or_both_2_and_3_with_dataset_expressions', 'dataset_consumes_1' retrieved from /home/airflow/.local/lib/python3.12/site-packages/airflow/example_dags/example_datasets.py
[2025-02-19T03:51:26.360+0000] {logging_mixin.py:190} INFO - [2025-02-19T03:51:26.359+0000] {override.py:1911} INFO - Created Permission View: can read on DAG:dataset_consumes_1_and_2
[2025-02-19T03:51:26.376+0000] {logging_mixin.py:190} INFO - [2025-02-19T03:51:26.375+0000] {override.py:1911} INFO - Created Permission View: can delete on DAG:dataset_consumes_1_and_2
[2025-02-19T03:51:26.389+0000] {logging_mixin.py:190} INFO - [2025-02-19T03:51:26.388+0000] {override.py:1911} INFO - Created Permission View: can edit on DAG:dataset_consumes_1_and_2
[2025-02-19T03:51:26.405+0000] {logging_mixin.py:190} INFO - [2025-02-19T03:51:26.404+0000] {override.py:1911} INFO - Created Permission View: can read on DAG Run:dataset_consumes_1_and_2
[2025-02-19T03:51:26.416+0000] {logging_mixin.py:190} INFO - [2025-02-19T03:51:26.416+0000] {override.py:1911} INFO - Created Permission View: can delete on DAG Run:dataset_consumes_1_and_2
[2025-02-19T03:51:26.426+0000] {logging_mixin.py:190} INFO - [2025-02-19T03:51:26.426+0000] {override.py:1911} INFO - Created Permission View: can create on DAG Run:dataset_consumes_1_and_2
[2025-02-19T03:51:26.436+0000] {logging_mixin.py:190} INFO - [2025-02-19T03:51:26.436+0000] {override.py:1911} INFO - Created Permission View: menu access on DAG Run:dataset_consumes_1_and_2
[2025-02-19T03:51:26.460+0000] {logging_mixin.py:190} INFO - [2025-02-19T03:51:26.460+0000] {override.py:1911} INFO - Created Permission View: can read on DAG:consume_1_or_2_with_dataset_expressions
[2025-02-19T03:51:26.473+0000] {logging_mixin.py:190} INFO - [2025-02-19T03:51:26.472+0000] {override.py:1911} INFO - Created Permission View: can delete on DAG:consume_1_or_2_with_dataset_expressions
[2025-02-19T03:51:26.488+0000] {logging_mixin.py:190} INFO - [2025-02-19T03:51:26.488+0000] {override.py:1911} INFO - Created Permission View: can edit on DAG:consume_1_or_2_with_dataset_expressions
[2025-02-19T03:51:26.503+0000] {logging_mixin.py:190} INFO - [2025-02-19T03:51:26.503+0000] {override.py:1911} INFO - Created Permission View: can read on DAG Run:consume_1_or_2_with_dataset_expressions
[2025-02-19T03:51:26.513+0000] {logging_mixin.py:190} INFO - [2025-02-19T03:51:26.513+0000] {override.py:1911} INFO - Created Permission View: can delete on DAG Run:consume_1_or_2_with_dataset_expressions
[2025-02-19T03:51:26.524+0000] {logging_mixin.py:190} INFO - [2025-02-19T03:51:26.523+0000] {override.py:1911} INFO - Created Permission View: can create on DAG Run:consume_1_or_2_with_dataset_expressions
[2025-02-19T03:51:26.535+0000] {logging_mixin.py:190} INFO - [2025-02-19T03:51:26.534+0000] {override.py:1911} INFO - Created Permission View: menu access on DAG Run:consume_1_or_2_with_dataset_expressions
[2025-02-19T03:51:26.560+0000] {logging_mixin.py:190} INFO - [2025-02-19T03:51:26.560+0000] {override.py:1911} INFO - Created Permission View: can read on DAG:dataset_produces_1
[2025-02-19T03:51:26.574+0000] {logging_mixin.py:190} INFO - [2025-02-19T03:51:26.574+0000] {override.py:1911} INFO - Created Permission View: can delete on DAG:dataset_produces_1
[2025-02-19T03:51:26.588+0000] {logging_mixin.py:190} INFO - [2025-02-19T03:51:26.588+0000] {override.py:1911} INFO - Created Permission View: can edit on DAG:dataset_produces_1
[2025-02-19T03:51:26.612+0000] {logging_mixin.py:190} INFO - [2025-02-19T03:51:26.612+0000] {override.py:1911} INFO - Created Permission View: can read on DAG Run:dataset_produces_1
[2025-02-19T03:51:26.625+0000] {logging_mixin.py:190} INFO - [2025-02-19T03:51:26.624+0000] {override.py:1911} INFO - Created Permission View: can delete on DAG Run:dataset_produces_1
[2025-02-19T03:51:26.638+0000] {logging_mixin.py:190} INFO - [2025-02-19T03:51:26.638+0000] {override.py:1911} INFO - Created Permission View: can create on DAG Run:dataset_produces_1
[2025-02-19T03:51:26.650+0000] {logging_mixin.py:190} INFO - [2025-02-19T03:51:26.649+0000] {override.py:1911} INFO - Created Permission View: menu access on DAG Run:dataset_produces_1
[2025-02-19T03:51:26.675+0000] {logging_mixin.py:190} INFO - [2025-02-19T03:51:26.675+0000] {override.py:1911} INFO - Created Permission View: can read on DAG:dataset_consumes_1_never_scheduled
[2025-02-19T03:51:26.688+0000] {logging_mixin.py:190} INFO - [2025-02-19T03:51:26.687+0000] {override.py:1911} INFO - Created Permission View: can delete on DAG:dataset_consumes_1_never_scheduled
[2025-02-19T03:51:26.699+0000] {logging_mixin.py:190} INFO - [2025-02-19T03:51:26.698+0000] {override.py:1911} INFO - Created Permission View: can edit on DAG:dataset_consumes_1_never_scheduled
[2025-02-19T03:51:26.715+0000] {logging_mixin.py:190} INFO - [2025-02-19T03:51:26.715+0000] {override.py:1911} INFO - Created Permission View: can read on DAG Run:dataset_consumes_1_never_scheduled
[2025-02-19T03:51:26.726+0000] {logging_mixin.py:190} INFO - [2025-02-19T03:51:26.725+0000] {override.py:1911} INFO - Created Permission View: can delete on DAG Run:dataset_consumes_1_never_scheduled
[2025-02-19T03:51:26.737+0000] {logging_mixin.py:190} INFO - [2025-02-19T03:51:26.737+0000] {override.py:1911} INFO - Created Permission View: can create on DAG Run:dataset_consumes_1_never_scheduled
[2025-02-19T03:51:26.749+0000] {logging_mixin.py:190} INFO - [2025-02-19T03:51:26.748+0000] {override.py:1911} INFO - Created Permission View: menu access on DAG Run:dataset_consumes_1_never_scheduled
[2025-02-19T03:51:26.771+0000] {logging_mixin.py:190} INFO - [2025-02-19T03:51:26.770+0000] {override.py:1911} INFO - Created Permission View: can read on DAG:consume_1_and_2_with_dataset_expressions
[2025-02-19T03:51:26.800+0000] {logging_mixin.py:190} INFO - [2025-02-19T03:51:26.800+0000] {override.py:1911} INFO - Created Permission View: can delete on DAG:consume_1_and_2_with_dataset_expressions
[2025-02-19T03:51:26.820+0000] {logging_mixin.py:190} INFO - [2025-02-19T03:51:26.819+0000] {override.py:1911} INFO - Created Permission View: can edit on DAG:consume_1_and_2_with_dataset_expressions
[2025-02-19T03:51:26.834+0000] {logging_mixin.py:190} INFO - [2025-02-19T03:51:26.834+0000] {override.py:1911} INFO - Created Permission View: can read on DAG Run:consume_1_and_2_with_dataset_expressions
[2025-02-19T03:51:26.846+0000] {logging_mixin.py:190} INFO - [2025-02-19T03:51:26.846+0000] {override.py:1911} INFO - Created Permission View: can delete on DAG Run:consume_1_and_2_with_dataset_expressions
[2025-02-19T03:51:26.859+0000] {logging_mixin.py:190} INFO - [2025-02-19T03:51:26.858+0000] {override.py:1911} INFO - Created Permission View: can create on DAG Run:consume_1_and_2_with_dataset_expressions
[2025-02-19T03:51:26.872+0000] {logging_mixin.py:190} INFO - [2025-02-19T03:51:26.871+0000] {override.py:1911} INFO - Created Permission View: menu access on DAG Run:consume_1_and_2_with_dataset_expressions
[2025-02-19T03:51:26.898+0000] {logging_mixin.py:190} INFO - [2025-02-19T03:51:26.897+0000] {override.py:1911} INFO - Created Permission View: can read on DAG:dataset_produces_2
[2025-02-19T03:51:26.910+0000] {logging_mixin.py:190} INFO - [2025-02-19T03:51:26.910+0000] {override.py:1911} INFO - Created Permission View: can delete on DAG:dataset_produces_2
[2025-02-19T03:51:26.923+0000] {logging_mixin.py:190} INFO - [2025-02-19T03:51:26.922+0000] {override.py:1911} INFO - Created Permission View: can edit on DAG:dataset_produces_2
[2025-02-19T03:51:26.939+0000] {logging_mixin.py:190} INFO - [2025-02-19T03:51:26.939+0000] {override.py:1911} INFO - Created Permission View: can read on DAG Run:dataset_produces_2
[2025-02-19T03:51:26.950+0000] {logging_mixin.py:190} INFO - [2025-02-19T03:51:26.949+0000] {override.py:1911} INFO - Created Permission View: can delete on DAG Run:dataset_produces_2
[2025-02-19T03:51:26.960+0000] {logging_mixin.py:190} INFO - [2025-02-19T03:51:26.959+0000] {override.py:1911} INFO - Created Permission View: can create on DAG Run:dataset_produces_2
[2025-02-19T03:51:26.973+0000] {logging_mixin.py:190} INFO - [2025-02-19T03:51:26.972+0000] {override.py:1911} INFO - Created Permission View: menu access on DAG Run:dataset_produces_2
[2025-02-19T03:51:27.000+0000] {logging_mixin.py:190} INFO - [2025-02-19T03:51:27.000+0000] {override.py:1911} INFO - Created Permission View: can read on DAG:conditional_dataset_and_time_based_timetable
[2025-02-19T03:51:27.013+0000] {logging_mixin.py:190} INFO - [2025-02-19T03:51:27.012+0000] {override.py:1911} INFO - Created Permission View: can delete on DAG:conditional_dataset_and_time_based_timetable
[2025-02-19T03:51:27.025+0000] {logging_mixin.py:190} INFO - [2025-02-19T03:51:27.024+0000] {override.py:1911} INFO - Created Permission View: can edit on DAG:conditional_dataset_and_time_based_timetable
[2025-02-19T03:51:27.040+0000] {logging_mixin.py:190} INFO - [2025-02-19T03:51:27.039+0000] {override.py:1911} INFO - Created Permission View: can read on DAG Run:conditional_dataset_and_time_based_timetable
[2025-02-19T03:51:27.050+0000] {logging_mixin.py:190} INFO - [2025-02-19T03:51:27.050+0000] {override.py:1911} INFO - Created Permission View: can delete on DAG Run:conditional_dataset_and_time_based_timetable
[2025-02-19T03:51:27.061+0000] {logging_mixin.py:190} INFO - [2025-02-19T03:51:27.060+0000] {override.py:1911} INFO - Created Permission View: can create on DAG Run:conditional_dataset_and_time_based_timetable
[2025-02-19T03:51:27.072+0000] {logging_mixin.py:190} INFO - [2025-02-19T03:51:27.071+0000] {override.py:1911} INFO - Created Permission View: menu access on DAG Run:conditional_dataset_and_time_based_timetable
[2025-02-19T03:51:27.101+0000] {logging_mixin.py:190} INFO - [2025-02-19T03:51:27.101+0000] {override.py:1911} INFO - Created Permission View: can read on DAG:dataset_consumes_unknown_never_scheduled
[2025-02-19T03:51:27.111+0000] {logging_mixin.py:190} INFO - [2025-02-19T03:51:27.111+0000] {override.py:1911} INFO - Created Permission View: can delete on DAG:dataset_consumes_unknown_never_scheduled
[2025-02-19T03:51:27.129+0000] {logging_mixin.py:190} INFO - [2025-02-19T03:51:27.127+0000] {override.py:1911} INFO - Created Permission View: can edit on DAG:dataset_consumes_unknown_never_scheduled
[2025-02-19T03:51:27.183+0000] {logging_mixin.py:190} INFO - [2025-02-19T03:51:27.182+0000] {override.py:1911} INFO - Created Permission View: can read on DAG Run:dataset_consumes_unknown_never_scheduled
[2025-02-19T03:51:27.194+0000] {logging_mixin.py:190} INFO - [2025-02-19T03:51:27.194+0000] {override.py:1911} INFO - Created Permission View: can delete on DAG Run:dataset_consumes_unknown_never_scheduled
[2025-02-19T03:51:27.207+0000] {logging_mixin.py:190} INFO - [2025-02-19T03:51:27.206+0000] {override.py:1911} INFO - Created Permission View: can create on DAG Run:dataset_consumes_unknown_never_scheduled
[2025-02-19T03:51:27.219+0000] {logging_mixin.py:190} INFO - [2025-02-19T03:51:27.219+0000] {override.py:1911} INFO - Created Permission View: menu access on DAG Run:dataset_consumes_unknown_never_scheduled
[2025-02-19T03:51:27.246+0000] {logging_mixin.py:190} INFO - [2025-02-19T03:51:27.246+0000] {override.py:1911} INFO - Created Permission View: can read on DAG:consume_1_or_both_2_and_3_with_dataset_expressions
[2025-02-19T03:51:27.258+0000] {logging_mixin.py:190} INFO - [2025-02-19T03:51:27.258+0000] {override.py:1911} INFO - Created Permission View: can delete on DAG:consume_1_or_both_2_and_3_with_dataset_expressions
[2025-02-19T03:51:27.269+0000] {logging_mixin.py:190} INFO - [2025-02-19T03:51:27.269+0000] {override.py:1911} INFO - Created Permission View: can edit on DAG:consume_1_or_both_2_and_3_with_dataset_expressions
[2025-02-19T03:51:27.285+0000] {logging_mixin.py:190} INFO - [2025-02-19T03:51:27.284+0000] {override.py:1911} INFO - Created Permission View: can read on DAG Run:consume_1_or_both_2_and_3_with_dataset_expressions
[2025-02-19T03:51:27.300+0000] {logging_mixin.py:190} INFO - [2025-02-19T03:51:27.299+0000] {override.py:1911} INFO - Created Permission View: can delete on DAG Run:consume_1_or_both_2_and_3_with_dataset_expressions
[2025-02-19T03:51:27.312+0000] {logging_mixin.py:190} INFO - [2025-02-19T03:51:27.311+0000] {override.py:1911} INFO - Created Permission View: can create on DAG Run:consume_1_or_both_2_and_3_with_dataset_expressions
[2025-02-19T03:51:27.324+0000] {logging_mixin.py:190} INFO - [2025-02-19T03:51:27.323+0000] {override.py:1911} INFO - Created Permission View: menu access on DAG Run:consume_1_or_both_2_and_3_with_dataset_expressions
[2025-02-19T03:51:27.346+0000] {logging_mixin.py:190} INFO - [2025-02-19T03:51:27.346+0000] {override.py:1911} INFO - Created Permission View: can read on DAG:dataset_consumes_1
[2025-02-19T03:51:27.357+0000] {logging_mixin.py:190} INFO - [2025-02-19T03:51:27.356+0000] {override.py:1911} INFO - Created Permission View: can delete on DAG:dataset_consumes_1
[2025-02-19T03:51:27.397+0000] {logging_mixin.py:190} INFO - [2025-02-19T03:51:27.397+0000] {override.py:1911} INFO - Created Permission View: can edit on DAG:dataset_consumes_1
[2025-02-19T03:51:27.412+0000] {logging_mixin.py:190} INFO - [2025-02-19T03:51:27.411+0000] {override.py:1911} INFO - Created Permission View: can read on DAG Run:dataset_consumes_1
[2025-02-19T03:51:27.424+0000] {logging_mixin.py:190} INFO - [2025-02-19T03:51:27.423+0000] {override.py:1911} INFO - Created Permission View: can delete on DAG Run:dataset_consumes_1
[2025-02-19T03:51:27.439+0000] {logging_mixin.py:190} INFO - [2025-02-19T03:51:27.438+0000] {override.py:1911} INFO - Created Permission View: can create on DAG Run:dataset_consumes_1
[2025-02-19T03:51:27.452+0000] {logging_mixin.py:190} INFO - [2025-02-19T03:51:27.452+0000] {override.py:1911} INFO - Created Permission View: menu access on DAG Run:dataset_consumes_1
[2025-02-19T03:51:27.454+0000] {logging_mixin.py:190} INFO - [2025-02-19T03:51:27.453+0000] {dag.py:3239} INFO - Sync 10 DAGs
[2025-02-19T03:51:27.488+0000] {logging_mixin.py:190} INFO - [2025-02-19T03:51:27.487+0000] {dag.py:3262} INFO - Creating ORM DAG for consume_1_or_both_2_and_3_with_dataset_expressions
[2025-02-19T03:51:27.490+0000] {logging_mixin.py:190} INFO - [2025-02-19T03:51:27.490+0000] {dag.py:3262} INFO - Creating ORM DAG for dataset_consumes_1_and_2
[2025-02-19T03:51:27.492+0000] {logging_mixin.py:190} INFO - [2025-02-19T03:51:27.491+0000] {dag.py:3262} INFO - Creating ORM DAG for consume_1_and_2_with_dataset_expressions
[2025-02-19T03:51:27.494+0000] {logging_mixin.py:190} INFO - [2025-02-19T03:51:27.493+0000] {dag.py:3262} INFO - Creating ORM DAG for consume_1_or_2_with_dataset_expressions
[2025-02-19T03:51:27.496+0000] {logging_mixin.py:190} INFO - [2025-02-19T03:51:27.496+0000] {dag.py:3262} INFO - Creating ORM DAG for dataset_produces_1
[2025-02-19T03:51:27.498+0000] {logging_mixin.py:190} INFO - [2025-02-19T03:51:27.498+0000] {dag.py:3262} INFO - Creating ORM DAG for conditional_dataset_and_time_based_timetable
[2025-02-19T03:51:27.501+0000] {logging_mixin.py:190} INFO - [2025-02-19T03:51:27.500+0000] {dag.py:3262} INFO - Creating ORM DAG for dataset_consumes_unknown_never_scheduled
[2025-02-19T03:51:27.502+0000] {logging_mixin.py:190} INFO - [2025-02-19T03:51:27.502+0000] {dag.py:3262} INFO - Creating ORM DAG for dataset_consumes_1_never_scheduled
[2025-02-19T03:51:27.504+0000] {logging_mixin.py:190} INFO - [2025-02-19T03:51:27.503+0000] {dag.py:3262} INFO - Creating ORM DAG for dataset_produces_2
[2025-02-19T03:51:27.505+0000] {logging_mixin.py:190} INFO - [2025-02-19T03:51:27.505+0000] {dag.py:3262} INFO - Creating ORM DAG for dataset_consumes_1
[2025-02-19T03:51:27.526+0000] {logging_mixin.py:190} INFO - [2025-02-19T03:51:27.526+0000] {dag.py:4180} INFO - Setting next_dagrun for conditional_dataset_and_time_based_timetable to 2025-02-19 01:00:00+00:00, run_after=2025-02-19 01:00:00+00:00
[2025-02-19T03:51:27.527+0000] {logging_mixin.py:190} INFO - [2025-02-19T03:51:27.527+0000] {dag.py:4180} INFO - Setting next_dagrun for consume_1_and_2_with_dataset_expressions to None, run_after=None
[2025-02-19T03:51:27.528+0000] {logging_mixin.py:190} INFO - [2025-02-19T03:51:27.528+0000] {dag.py:4180} INFO - Setting next_dagrun for consume_1_or_2_with_dataset_expressions to None, run_after=None
[2025-02-19T03:51:27.529+0000] {logging_mixin.py:190} INFO - [2025-02-19T03:51:27.529+0000] {dag.py:4180} INFO - Setting next_dagrun for consume_1_or_both_2_and_3_with_dataset_expressions to None, run_after=None
[2025-02-19T03:51:27.530+0000] {logging_mixin.py:190} INFO - [2025-02-19T03:51:27.530+0000] {dag.py:4180} INFO - Setting next_dagrun for dataset_consumes_1 to None, run_after=None
[2025-02-19T03:51:27.531+0000] {logging_mixin.py:190} INFO - [2025-02-19T03:51:27.531+0000] {dag.py:4180} INFO - Setting next_dagrun for dataset_consumes_1_and_2 to None, run_after=None
[2025-02-19T03:51:27.533+0000] {logging_mixin.py:190} INFO - [2025-02-19T03:51:27.532+0000] {dag.py:4180} INFO - Setting next_dagrun for dataset_consumes_1_never_scheduled to None, run_after=None
[2025-02-19T03:51:27.534+0000] {logging_mixin.py:190} INFO - [2025-02-19T03:51:27.534+0000] {dag.py:4180} INFO - Setting next_dagrun for dataset_consumes_unknown_never_scheduled to None, run_after=None
[2025-02-19T03:51:27.538+0000] {logging_mixin.py:190} INFO - [2025-02-19T03:51:27.537+0000] {dag.py:4180} INFO - Setting next_dagrun for dataset_produces_1 to 2025-02-18 00:00:00+00:00, run_after=2025-02-19 00:00:00+00:00
[2025-02-19T03:51:27.539+0000] {logging_mixin.py:190} INFO - [2025-02-19T03:51:27.539+0000] {dag.py:4180} INFO - Setting next_dagrun for dataset_produces_2 to None, run_after=None
[2025-02-19T03:51:27.625+0000] {processor.py:208} INFO - Processing /home/airflow/.local/lib/python3.12/site-packages/airflow/example_dags/example_datasets.py took 3.201 seconds
[2025-02-19T03:51:57.775+0000] {processor.py:186} INFO - Started process (PID=153) to work on /home/airflow/.local/lib/python3.12/site-packages/airflow/example_dags/example_datasets.py
[2025-02-19T03:51:57.776+0000] {processor.py:914} INFO - Processing file /home/airflow/.local/lib/python3.12/site-packages/airflow/example_dags/example_datasets.py for tasks to queue
[2025-02-19T03:51:57.778+0000] {logging_mixin.py:190} INFO - [2025-02-19T03:51:57.778+0000] {dagbag.py:588} INFO - Filling up the DagBag from /home/airflow/.local/lib/python3.12/site-packages/airflow/example_dags/example_datasets.py
[2025-02-19T03:51:58.880+0000] {processor.py:925} INFO - DAG(s) 'consume_1_or_both_2_and_3_with_dataset_expressions', 'consume_1_or_2_with_dataset_expressions', 'consume_1_and_2_with_dataset_expressions', 'dataset_consumes_unknown_never_scheduled', 'dataset_produces_2', 'dataset_produces_1', 'dataset_consumes_1_and_2', 'dataset_consumes_1_never_scheduled', 'conditional_dataset_and_time_based_timetable', 'dataset_consumes_1' retrieved from /home/airflow/.local/lib/python3.12/site-packages/airflow/example_dags/example_datasets.py
[2025-02-19T03:51:58.957+0000] {logging_mixin.py:190} INFO - [2025-02-19T03:51:58.957+0000] {dag.py:3239} INFO - Sync 10 DAGs
[2025-02-19T03:51:59.013+0000] {logging_mixin.py:190} INFO - [2025-02-19T03:51:59.009+0000] {dag.py:4180} INFO - Setting next_dagrun for conditional_dataset_and_time_based_timetable to 2025-02-19 01:00:00+00:00, run_after=2025-02-19 01:00:00+00:00
[2025-02-19T03:51:59.034+0000] {logging_mixin.py:190} INFO - [2025-02-19T03:51:59.034+0000] {dag.py:4180} INFO - Setting next_dagrun for consume_1_and_2_with_dataset_expressions to None, run_after=None
[2025-02-19T03:51:59.040+0000] {logging_mixin.py:190} INFO - [2025-02-19T03:51:59.039+0000] {dag.py:4180} INFO - Setting next_dagrun for consume_1_or_2_with_dataset_expressions to None, run_after=None
[2025-02-19T03:51:59.047+0000] {logging_mixin.py:190} INFO - [2025-02-19T03:51:59.047+0000] {dag.py:4180} INFO - Setting next_dagrun for consume_1_or_both_2_and_3_with_dataset_expressions to None, run_after=None
[2025-02-19T03:51:59.051+0000] {logging_mixin.py:190} INFO - [2025-02-19T03:51:59.050+0000] {dag.py:4180} INFO - Setting next_dagrun for dataset_consumes_1 to None, run_after=None
[2025-02-19T03:51:59.054+0000] {logging_mixin.py:190} INFO - [2025-02-19T03:51:59.053+0000] {dag.py:4180} INFO - Setting next_dagrun for dataset_consumes_1_and_2 to None, run_after=None
[2025-02-19T03:51:59.058+0000] {logging_mixin.py:190} INFO - [2025-02-19T03:51:59.058+0000] {dag.py:4180} INFO - Setting next_dagrun for dataset_consumes_1_never_scheduled to None, run_after=None
[2025-02-19T03:51:59.062+0000] {logging_mixin.py:190} INFO - [2025-02-19T03:51:59.062+0000] {dag.py:4180} INFO - Setting next_dagrun for dataset_consumes_unknown_never_scheduled to None, run_after=None
[2025-02-19T03:51:59.069+0000] {logging_mixin.py:190} INFO - [2025-02-19T03:51:59.069+0000] {dag.py:4180} INFO - Setting next_dagrun for dataset_produces_1 to 2025-02-18 00:00:00+00:00, run_after=2025-02-19 00:00:00+00:00
[2025-02-19T03:51:59.072+0000] {logging_mixin.py:190} INFO - [2025-02-19T03:51:59.071+0000] {dag.py:4180} INFO - Setting next_dagrun for dataset_produces_2 to None, run_after=None
[2025-02-19T03:51:59.129+0000] {processor.py:208} INFO - Processing /home/airflow/.local/lib/python3.12/site-packages/airflow/example_dags/example_datasets.py took 1.365 seconds
[2025-02-19T03:52:29.855+0000] {processor.py:186} INFO - Started process (PID=217) to work on /home/airflow/.local/lib/python3.12/site-packages/airflow/example_dags/example_datasets.py
[2025-02-19T03:52:29.856+0000] {processor.py:914} INFO - Processing file /home/airflow/.local/lib/python3.12/site-packages/airflow/example_dags/example_datasets.py for tasks to queue
[2025-02-19T03:52:29.858+0000] {logging_mixin.py:190} INFO - [2025-02-19T03:52:29.857+0000] {dagbag.py:588} INFO - Filling up the DagBag from /home/airflow/.local/lib/python3.12/site-packages/airflow/example_dags/example_datasets.py
[2025-02-19T03:52:30.607+0000] {processor.py:925} INFO - DAG(s) 'dataset_consumes_1_and_2', 'consume_1_and_2_with_dataset_expressions', 'dataset_consumes_unknown_never_scheduled', 'dataset_consumes_1', 'dataset_produces_2', 'consume_1_or_both_2_and_3_with_dataset_expressions', 'conditional_dataset_and_time_based_timetable', 'dataset_consumes_1_never_scheduled', 'consume_1_or_2_with_dataset_expressions', 'dataset_produces_1' retrieved from /home/airflow/.local/lib/python3.12/site-packages/airflow/example_dags/example_datasets.py
[2025-02-19T03:52:30.672+0000] {logging_mixin.py:190} INFO - [2025-02-19T03:52:30.671+0000] {dag.py:3239} INFO - Sync 10 DAGs
[2025-02-19T03:52:30.712+0000] {logging_mixin.py:190} INFO - [2025-02-19T03:52:30.711+0000] {dag.py:4180} INFO - Setting next_dagrun for conditional_dataset_and_time_based_timetable to 2025-02-19 01:00:00+00:00, run_after=2025-02-19 01:00:00+00:00
[2025-02-19T03:52:30.718+0000] {logging_mixin.py:190} INFO - [2025-02-19T03:52:30.717+0000] {dag.py:4180} INFO - Setting next_dagrun for consume_1_and_2_with_dataset_expressions to None, run_after=None
[2025-02-19T03:52:30.720+0000] {logging_mixin.py:190} INFO - [2025-02-19T03:52:30.720+0000] {dag.py:4180} INFO - Setting next_dagrun for consume_1_or_2_with_dataset_expressions to None, run_after=None
[2025-02-19T03:52:30.723+0000] {logging_mixin.py:190} INFO - [2025-02-19T03:52:30.723+0000] {dag.py:4180} INFO - Setting next_dagrun for consume_1_or_both_2_and_3_with_dataset_expressions to None, run_after=None
[2025-02-19T03:52:30.726+0000] {logging_mixin.py:190} INFO - [2025-02-19T03:52:30.726+0000] {dag.py:4180} INFO - Setting next_dagrun for dataset_consumes_1 to None, run_after=None
[2025-02-19T03:52:30.728+0000] {logging_mixin.py:190} INFO - [2025-02-19T03:52:30.728+0000] {dag.py:4180} INFO - Setting next_dagrun for dataset_consumes_1_and_2 to None, run_after=None
[2025-02-19T03:52:30.732+0000] {logging_mixin.py:190} INFO - [2025-02-19T03:52:30.731+0000] {dag.py:4180} INFO - Setting next_dagrun for dataset_consumes_1_never_scheduled to None, run_after=None
[2025-02-19T03:52:30.734+0000] {logging_mixin.py:190} INFO - [2025-02-19T03:52:30.734+0000] {dag.py:4180} INFO - Setting next_dagrun for dataset_consumes_unknown_never_scheduled to None, run_after=None
[2025-02-19T03:52:30.738+0000] {logging_mixin.py:190} INFO - [2025-02-19T03:52:30.738+0000] {dag.py:4180} INFO - Setting next_dagrun for dataset_produces_1 to 2025-02-18 00:00:00+00:00, run_after=2025-02-19 00:00:00+00:00
[2025-02-19T03:52:30.742+0000] {logging_mixin.py:190} INFO - [2025-02-19T03:52:30.741+0000] {dag.py:4180} INFO - Setting next_dagrun for dataset_produces_2 to None, run_after=None
[2025-02-19T03:52:30.802+0000] {processor.py:208} INFO - Processing /home/airflow/.local/lib/python3.12/site-packages/airflow/example_dags/example_datasets.py took 0.958 seconds
[2025-02-19T03:53:01.054+0000] {processor.py:186} INFO - Started process (PID=281) to work on /home/airflow/.local/lib/python3.12/site-packages/airflow/example_dags/example_datasets.py
[2025-02-19T03:53:01.055+0000] {processor.py:914} INFO - Processing file /home/airflow/.local/lib/python3.12/site-packages/airflow/example_dags/example_datasets.py for tasks to queue
[2025-02-19T03:53:01.058+0000] {logging_mixin.py:190} INFO - [2025-02-19T03:53:01.058+0000] {dagbag.py:588} INFO - Filling up the DagBag from /home/airflow/.local/lib/python3.12/site-packages/airflow/example_dags/example_datasets.py
[2025-02-19T03:53:01.796+0000] {processor.py:925} INFO - DAG(s) 'consume_1_and_2_with_dataset_expressions', 'dataset_produces_2', 'consume_1_or_2_with_dataset_expressions', 'dataset_consumes_unknown_never_scheduled', 'dataset_consumes_1', 'conditional_dataset_and_time_based_timetable', 'dataset_consumes_1_and_2', 'dataset_consumes_1_never_scheduled', 'dataset_produces_1', 'consume_1_or_both_2_and_3_with_dataset_expressions' retrieved from /home/airflow/.local/lib/python3.12/site-packages/airflow/example_dags/example_datasets.py
[2025-02-19T03:53:01.857+0000] {logging_mixin.py:190} INFO - [2025-02-19T03:53:01.857+0000] {dag.py:3239} INFO - Sync 10 DAGs
[2025-02-19T03:53:01.897+0000] {logging_mixin.py:190} INFO - [2025-02-19T03:53:01.897+0000] {dag.py:4180} INFO - Setting next_dagrun for conditional_dataset_and_time_based_timetable to 2025-02-19 01:00:00+00:00, run_after=2025-02-19 01:00:00+00:00
[2025-02-19T03:53:01.903+0000] {logging_mixin.py:190} INFO - [2025-02-19T03:53:01.903+0000] {dag.py:4180} INFO - Setting next_dagrun for consume_1_and_2_with_dataset_expressions to None, run_after=None
[2025-02-19T03:53:01.905+0000] {logging_mixin.py:190} INFO - [2025-02-19T03:53:01.905+0000] {dag.py:4180} INFO - Setting next_dagrun for consume_1_or_2_with_dataset_expressions to None, run_after=None
[2025-02-19T03:53:01.908+0000] {logging_mixin.py:190} INFO - [2025-02-19T03:53:01.907+0000] {dag.py:4180} INFO - Setting next_dagrun for consume_1_or_both_2_and_3_with_dataset_expressions to None, run_after=None
[2025-02-19T03:53:01.910+0000] {logging_mixin.py:190} INFO - [2025-02-19T03:53:01.910+0000] {dag.py:4180} INFO - Setting next_dagrun for dataset_consumes_1 to None, run_after=None
[2025-02-19T03:53:01.914+0000] {logging_mixin.py:190} INFO - [2025-02-19T03:53:01.913+0000] {dag.py:4180} INFO - Setting next_dagrun for dataset_consumes_1_and_2 to None, run_after=None
[2025-02-19T03:53:01.916+0000] {logging_mixin.py:190} INFO - [2025-02-19T03:53:01.916+0000] {dag.py:4180} INFO - Setting next_dagrun for dataset_consumes_1_never_scheduled to None, run_after=None
[2025-02-19T03:53:01.919+0000] {logging_mixin.py:190} INFO - [2025-02-19T03:53:01.918+0000] {dag.py:4180} INFO - Setting next_dagrun for dataset_consumes_unknown_never_scheduled to None, run_after=None
[2025-02-19T03:53:01.922+0000] {logging_mixin.py:190} INFO - [2025-02-19T03:53:01.922+0000] {dag.py:4180} INFO - Setting next_dagrun for dataset_produces_1 to 2025-02-18 00:00:00+00:00, run_after=2025-02-19 00:00:00+00:00
[2025-02-19T03:53:01.925+0000] {logging_mixin.py:190} INFO - [2025-02-19T03:53:01.924+0000] {dag.py:4180} INFO - Setting next_dagrun for dataset_produces_2 to None, run_after=None
[2025-02-19T03:53:01.990+0000] {processor.py:208} INFO - Processing /home/airflow/.local/lib/python3.12/site-packages/airflow/example_dags/example_datasets.py took 0.948 seconds
[2025-02-19T03:53:32.265+0000] {processor.py:186} INFO - Started process (PID=353) to work on /home/airflow/.local/lib/python3.12/site-packages/airflow/example_dags/example_datasets.py
[2025-02-19T03:53:32.266+0000] {processor.py:914} INFO - Processing file /home/airflow/.local/lib/python3.12/site-packages/airflow/example_dags/example_datasets.py for tasks to queue
[2025-02-19T03:53:32.269+0000] {logging_mixin.py:190} INFO - [2025-02-19T03:53:32.268+0000] {dagbag.py:588} INFO - Filling up the DagBag from /home/airflow/.local/lib/python3.12/site-packages/airflow/example_dags/example_datasets.py
[2025-02-19T03:53:33.140+0000] {processor.py:925} INFO - DAG(s) 'dataset_consumes_1_and_2', 'dataset_produces_2', 'dataset_consumes_1_never_scheduled', 'consume_1_or_both_2_and_3_with_dataset_expressions', 'dataset_consumes_unknown_never_scheduled', 'dataset_consumes_1', 'conditional_dataset_and_time_based_timetable', 'consume_1_and_2_with_dataset_expressions', 'dataset_produces_1', 'consume_1_or_2_with_dataset_expressions' retrieved from /home/airflow/.local/lib/python3.12/site-packages/airflow/example_dags/example_datasets.py
[2025-02-19T03:53:33.212+0000] {logging_mixin.py:190} INFO - [2025-02-19T03:53:33.212+0000] {dag.py:3239} INFO - Sync 10 DAGs
[2025-02-19T03:53:33.259+0000] {logging_mixin.py:190} INFO - [2025-02-19T03:53:33.258+0000] {dag.py:4180} INFO - Setting next_dagrun for conditional_dataset_and_time_based_timetable to 2025-02-19 01:00:00+00:00, run_after=2025-02-19 01:00:00+00:00
[2025-02-19T03:53:33.269+0000] {logging_mixin.py:190} INFO - [2025-02-19T03:53:33.268+0000] {dag.py:4180} INFO - Setting next_dagrun for consume_1_and_2_with_dataset_expressions to None, run_after=None
[2025-02-19T03:53:33.272+0000] {logging_mixin.py:190} INFO - [2025-02-19T03:53:33.272+0000] {dag.py:4180} INFO - Setting next_dagrun for consume_1_or_2_with_dataset_expressions to None, run_after=None
[2025-02-19T03:53:33.276+0000] {logging_mixin.py:190} INFO - [2025-02-19T03:53:33.276+0000] {dag.py:4180} INFO - Setting next_dagrun for consume_1_or_both_2_and_3_with_dataset_expressions to None, run_after=None
[2025-02-19T03:53:33.281+0000] {logging_mixin.py:190} INFO - [2025-02-19T03:53:33.280+0000] {dag.py:4180} INFO - Setting next_dagrun for dataset_consumes_1 to None, run_after=None
[2025-02-19T03:53:33.284+0000] {logging_mixin.py:190} INFO - [2025-02-19T03:53:33.284+0000] {dag.py:4180} INFO - Setting next_dagrun for dataset_consumes_1_and_2 to None, run_after=None
[2025-02-19T03:53:33.288+0000] {logging_mixin.py:190} INFO - [2025-02-19T03:53:33.288+0000] {dag.py:4180} INFO - Setting next_dagrun for dataset_consumes_1_never_scheduled to None, run_after=None
[2025-02-19T03:53:33.291+0000] {logging_mixin.py:190} INFO - [2025-02-19T03:53:33.291+0000] {dag.py:4180} INFO - Setting next_dagrun for dataset_consumes_unknown_never_scheduled to None, run_after=None
[2025-02-19T03:53:33.297+0000] {logging_mixin.py:190} INFO - [2025-02-19T03:53:33.296+0000] {dag.py:4180} INFO - Setting next_dagrun for dataset_produces_1 to 2025-02-18 00:00:00+00:00, run_after=2025-02-19 00:00:00+00:00
[2025-02-19T03:53:33.300+0000] {logging_mixin.py:190} INFO - [2025-02-19T03:53:33.299+0000] {dag.py:4180} INFO - Setting next_dagrun for dataset_produces_2 to None, run_after=None
[2025-02-19T03:53:33.363+0000] {processor.py:208} INFO - Processing /home/airflow/.local/lib/python3.12/site-packages/airflow/example_dags/example_datasets.py took 1.105 seconds
[2025-02-19T03:54:04.065+0000] {processor.py:186} INFO - Started process (PID=420) to work on /home/airflow/.local/lib/python3.12/site-packages/airflow/example_dags/example_datasets.py
[2025-02-19T03:54:04.066+0000] {processor.py:914} INFO - Processing file /home/airflow/.local/lib/python3.12/site-packages/airflow/example_dags/example_datasets.py for tasks to queue
[2025-02-19T03:54:04.067+0000] {logging_mixin.py:190} INFO - [2025-02-19T03:54:04.067+0000] {dagbag.py:588} INFO - Filling up the DagBag from /home/airflow/.local/lib/python3.12/site-packages/airflow/example_dags/example_datasets.py
[2025-02-19T03:54:04.615+0000] {processor.py:925} INFO - DAG(s) 'dataset_consumes_1', 'dataset_consumes_1_never_scheduled', 'dataset_consumes_unknown_never_scheduled', 'consume_1_and_2_with_dataset_expressions', 'dataset_consumes_1_and_2', 'consume_1_or_both_2_and_3_with_dataset_expressions', 'conditional_dataset_and_time_based_timetable', 'dataset_produces_2', 'dataset_produces_1', 'consume_1_or_2_with_dataset_expressions' retrieved from /home/airflow/.local/lib/python3.12/site-packages/airflow/example_dags/example_datasets.py
[2025-02-19T03:54:04.665+0000] {logging_mixin.py:190} INFO - [2025-02-19T03:54:04.665+0000] {dag.py:3239} INFO - Sync 10 DAGs
[2025-02-19T03:54:04.692+0000] {logging_mixin.py:190} INFO - [2025-02-19T03:54:04.692+0000] {dag.py:4180} INFO - Setting next_dagrun for conditional_dataset_and_time_based_timetable to 2025-02-19 01:00:00+00:00, run_after=2025-02-19 01:00:00+00:00
[2025-02-19T03:54:04.697+0000] {logging_mixin.py:190} INFO - [2025-02-19T03:54:04.696+0000] {dag.py:4180} INFO - Setting next_dagrun for consume_1_and_2_with_dataset_expressions to None, run_after=None
[2025-02-19T03:54:04.698+0000] {logging_mixin.py:190} INFO - [2025-02-19T03:54:04.698+0000] {dag.py:4180} INFO - Setting next_dagrun for consume_1_or_2_with_dataset_expressions to None, run_after=None
[2025-02-19T03:54:04.700+0000] {logging_mixin.py:190} INFO - [2025-02-19T03:54:04.699+0000] {dag.py:4180} INFO - Setting next_dagrun for consume_1_or_both_2_and_3_with_dataset_expressions to None, run_after=None
[2025-02-19T03:54:04.702+0000] {logging_mixin.py:190} INFO - [2025-02-19T03:54:04.701+0000] {dag.py:4180} INFO - Setting next_dagrun for dataset_consumes_1 to None, run_after=None
[2025-02-19T03:54:04.705+0000] {logging_mixin.py:190} INFO - [2025-02-19T03:54:04.704+0000] {dag.py:4180} INFO - Setting next_dagrun for dataset_consumes_1_and_2 to None, run_after=None
[2025-02-19T03:54:04.707+0000] {logging_mixin.py:190} INFO - [2025-02-19T03:54:04.707+0000] {dag.py:4180} INFO - Setting next_dagrun for dataset_consumes_1_never_scheduled to None, run_after=None
[2025-02-19T03:54:04.710+0000] {logging_mixin.py:190} INFO - [2025-02-19T03:54:04.709+0000] {dag.py:4180} INFO - Setting next_dagrun for dataset_consumes_unknown_never_scheduled to None, run_after=None
[2025-02-19T03:54:04.712+0000] {logging_mixin.py:190} INFO - [2025-02-19T03:54:04.712+0000] {dag.py:4180} INFO - Setting next_dagrun for dataset_produces_1 to 2025-02-18 00:00:00+00:00, run_after=2025-02-19 00:00:00+00:00
[2025-02-19T03:54:04.714+0000] {logging_mixin.py:190} INFO - [2025-02-19T03:54:04.714+0000] {dag.py:4180} INFO - Setting next_dagrun for dataset_produces_2 to None, run_after=None
[2025-02-19T03:54:04.759+0000] {processor.py:208} INFO - Processing /home/airflow/.local/lib/python3.12/site-packages/airflow/example_dags/example_datasets.py took 0.699 seconds
[2025-02-19T03:54:35.292+0000] {processor.py:186} INFO - Started process (PID=484) to work on /home/airflow/.local/lib/python3.12/site-packages/airflow/example_dags/example_datasets.py
[2025-02-19T03:54:35.293+0000] {processor.py:914} INFO - Processing file /home/airflow/.local/lib/python3.12/site-packages/airflow/example_dags/example_datasets.py for tasks to queue
[2025-02-19T03:54:35.296+0000] {logging_mixin.py:190} INFO - [2025-02-19T03:54:35.295+0000] {dagbag.py:588} INFO - Filling up the DagBag from /home/airflow/.local/lib/python3.12/site-packages/airflow/example_dags/example_datasets.py
[2025-02-19T03:54:36.922+0000] {processor.py:925} INFO - DAG(s) 'consume_1_or_both_2_and_3_with_dataset_expressions', 'dataset_consumes_1_and_2', 'dataset_produces_1', 'dataset_consumes_unknown_never_scheduled', 'dataset_produces_2', 'consume_1_or_2_with_dataset_expressions', 'consume_1_and_2_with_dataset_expressions', 'dataset_consumes_1_never_scheduled', 'conditional_dataset_and_time_based_timetable', 'dataset_consumes_1' retrieved from /home/airflow/.local/lib/python3.12/site-packages/airflow/example_dags/example_datasets.py
[2025-02-19T03:54:37.113+0000] {logging_mixin.py:190} INFO - [2025-02-19T03:54:37.113+0000] {dag.py:3239} INFO - Sync 10 DAGs
[2025-02-19T03:54:37.212+0000] {logging_mixin.py:190} INFO - [2025-02-19T03:54:37.211+0000] {dag.py:4180} INFO - Setting next_dagrun for conditional_dataset_and_time_based_timetable to 2025-02-19 01:00:00+00:00, run_after=2025-02-19 01:00:00+00:00
[2025-02-19T03:54:37.235+0000] {logging_mixin.py:190} INFO - [2025-02-19T03:54:37.234+0000] {dag.py:4180} INFO - Setting next_dagrun for consume_1_and_2_with_dataset_expressions to None, run_after=None
[2025-02-19T03:54:37.250+0000] {logging_mixin.py:190} INFO - [2025-02-19T03:54:37.249+0000] {dag.py:4180} INFO - Setting next_dagrun for consume_1_or_2_with_dataset_expressions to None, run_after=None
[2025-02-19T03:54:37.257+0000] {logging_mixin.py:190} INFO - [2025-02-19T03:54:37.254+0000] {dag.py:4180} INFO - Setting next_dagrun for consume_1_or_both_2_and_3_with_dataset_expressions to None, run_after=None
[2025-02-19T03:54:37.263+0000] {logging_mixin.py:190} INFO - [2025-02-19T03:54:37.263+0000] {dag.py:4180} INFO - Setting next_dagrun for dataset_consumes_1 to None, run_after=None
[2025-02-19T03:54:37.267+0000] {logging_mixin.py:190} INFO - [2025-02-19T03:54:37.267+0000] {dag.py:4180} INFO - Setting next_dagrun for dataset_consumes_1_and_2 to None, run_after=None
[2025-02-19T03:54:37.271+0000] {logging_mixin.py:190} INFO - [2025-02-19T03:54:37.271+0000] {dag.py:4180} INFO - Setting next_dagrun for dataset_consumes_1_never_scheduled to None, run_after=None
[2025-02-19T03:54:37.282+0000] {logging_mixin.py:190} INFO - [2025-02-19T03:54:37.281+0000] {dag.py:4180} INFO - Setting next_dagrun for dataset_consumes_unknown_never_scheduled to None, run_after=None
[2025-02-19T03:54:37.320+0000] {logging_mixin.py:190} INFO - [2025-02-19T03:54:37.320+0000] {dag.py:4180} INFO - Setting next_dagrun for dataset_produces_1 to 2025-02-18 00:00:00+00:00, run_after=2025-02-19 00:00:00+00:00
[2025-02-19T03:54:37.330+0000] {logging_mixin.py:190} INFO - [2025-02-19T03:54:37.329+0000] {dag.py:4180} INFO - Setting next_dagrun for dataset_produces_2 to None, run_after=None
[2025-02-19T03:54:37.476+0000] {processor.py:208} INFO - Processing /home/airflow/.local/lib/python3.12/site-packages/airflow/example_dags/example_datasets.py took 2.201 seconds
[2025-02-19T03:55:07.608+0000] {processor.py:186} INFO - Started process (PID=549) to work on /home/airflow/.local/lib/python3.12/site-packages/airflow/example_dags/example_datasets.py
[2025-02-19T03:55:07.609+0000] {processor.py:914} INFO - Processing file /home/airflow/.local/lib/python3.12/site-packages/airflow/example_dags/example_datasets.py for tasks to queue
[2025-02-19T03:55:07.611+0000] {logging_mixin.py:190} INFO - [2025-02-19T03:55:07.610+0000] {dagbag.py:588} INFO - Filling up the DagBag from /home/airflow/.local/lib/python3.12/site-packages/airflow/example_dags/example_datasets.py
[2025-02-19T03:55:08.372+0000] {processor.py:925} INFO - DAG(s) 'conditional_dataset_and_time_based_timetable', 'consume_1_and_2_with_dataset_expressions', 'consume_1_or_2_with_dataset_expressions', 'dataset_consumes_1', 'dataset_consumes_1_never_scheduled', 'consume_1_or_both_2_and_3_with_dataset_expressions', 'dataset_consumes_1_and_2', 'dataset_consumes_unknown_never_scheduled', 'dataset_produces_1', 'dataset_produces_2' retrieved from /home/airflow/.local/lib/python3.12/site-packages/airflow/example_dags/example_datasets.py
[2025-02-19T03:55:08.449+0000] {logging_mixin.py:190} INFO - [2025-02-19T03:55:08.449+0000] {dag.py:3239} INFO - Sync 10 DAGs
[2025-02-19T03:55:08.491+0000] {logging_mixin.py:190} INFO - [2025-02-19T03:55:08.490+0000] {dag.py:4180} INFO - Setting next_dagrun for conditional_dataset_and_time_based_timetable to 2025-02-19 01:00:00+00:00, run_after=2025-02-19 01:00:00+00:00
[2025-02-19T03:55:08.496+0000] {logging_mixin.py:190} INFO - [2025-02-19T03:55:08.496+0000] {dag.py:4180} INFO - Setting next_dagrun for consume_1_and_2_with_dataset_expressions to None, run_after=None
[2025-02-19T03:55:08.499+0000] {logging_mixin.py:190} INFO - [2025-02-19T03:55:08.499+0000] {dag.py:4180} INFO - Setting next_dagrun for consume_1_or_2_with_dataset_expressions to None, run_after=None
[2025-02-19T03:55:08.502+0000] {logging_mixin.py:190} INFO - [2025-02-19T03:55:08.502+0000] {dag.py:4180} INFO - Setting next_dagrun for consume_1_or_both_2_and_3_with_dataset_expressions to None, run_after=None
[2025-02-19T03:55:08.504+0000] {logging_mixin.py:190} INFO - [2025-02-19T03:55:08.504+0000] {dag.py:4180} INFO - Setting next_dagrun for dataset_consumes_1 to None, run_after=None
[2025-02-19T03:55:08.507+0000] {logging_mixin.py:190} INFO - [2025-02-19T03:55:08.507+0000] {dag.py:4180} INFO - Setting next_dagrun for dataset_consumes_1_and_2 to None, run_after=None
[2025-02-19T03:55:08.510+0000] {logging_mixin.py:190} INFO - [2025-02-19T03:55:08.510+0000] {dag.py:4180} INFO - Setting next_dagrun for dataset_consumes_1_never_scheduled to None, run_after=None
[2025-02-19T03:55:08.515+0000] {logging_mixin.py:190} INFO - [2025-02-19T03:55:08.514+0000] {dag.py:4180} INFO - Setting next_dagrun for dataset_consumes_unknown_never_scheduled to None, run_after=None
[2025-02-19T03:55:08.520+0000] {logging_mixin.py:190} INFO - [2025-02-19T03:55:08.519+0000] {dag.py:4180} INFO - Setting next_dagrun for dataset_produces_1 to 2025-02-18 00:00:00+00:00, run_after=2025-02-19 00:00:00+00:00
[2025-02-19T03:55:08.523+0000] {logging_mixin.py:190} INFO - [2025-02-19T03:55:08.523+0000] {dag.py:4180} INFO - Setting next_dagrun for dataset_produces_2 to None, run_after=None
[2025-02-19T03:55:08.578+0000] {processor.py:208} INFO - Processing /home/airflow/.local/lib/python3.12/site-packages/airflow/example_dags/example_datasets.py took 0.977 seconds
[2025-02-19T03:55:38.881+0000] {processor.py:186} INFO - Started process (PID=621) to work on /home/airflow/.local/lib/python3.12/site-packages/airflow/example_dags/example_datasets.py
[2025-02-19T03:55:38.883+0000] {processor.py:914} INFO - Processing file /home/airflow/.local/lib/python3.12/site-packages/airflow/example_dags/example_datasets.py for tasks to queue
[2025-02-19T03:55:38.885+0000] {logging_mixin.py:190} INFO - [2025-02-19T03:55:38.884+0000] {dagbag.py:588} INFO - Filling up the DagBag from /home/airflow/.local/lib/python3.12/site-packages/airflow/example_dags/example_datasets.py
[2025-02-19T03:55:39.957+0000] {processor.py:925} INFO - DAG(s) 'dataset_produces_1', 'conditional_dataset_and_time_based_timetable', 'dataset_consumes_1_never_scheduled', 'consume_1_or_2_with_dataset_expressions', 'consume_1_and_2_with_dataset_expressions', 'dataset_consumes_unknown_never_scheduled', 'dataset_consumes_1_and_2', 'dataset_produces_2', 'consume_1_or_both_2_and_3_with_dataset_expressions', 'dataset_consumes_1' retrieved from /home/airflow/.local/lib/python3.12/site-packages/airflow/example_dags/example_datasets.py
[2025-02-19T03:55:40.121+0000] {logging_mixin.py:190} INFO - [2025-02-19T03:55:40.120+0000] {dag.py:3239} INFO - Sync 10 DAGs
[2025-02-19T03:55:40.227+0000] {logging_mixin.py:190} INFO - [2025-02-19T03:55:40.227+0000] {dag.py:4180} INFO - Setting next_dagrun for conditional_dataset_and_time_based_timetable to 2025-02-19 01:00:00+00:00, run_after=2025-02-19 01:00:00+00:00
[2025-02-19T03:55:40.271+0000] {logging_mixin.py:190} INFO - [2025-02-19T03:55:40.270+0000] {dag.py:4180} INFO - Setting next_dagrun for consume_1_and_2_with_dataset_expressions to None, run_after=None
[2025-02-19T03:55:40.275+0000] {logging_mixin.py:190} INFO - [2025-02-19T03:55:40.274+0000] {dag.py:4180} INFO - Setting next_dagrun for consume_1_or_2_with_dataset_expressions to None, run_after=None
[2025-02-19T03:55:40.279+0000] {logging_mixin.py:190} INFO - [2025-02-19T03:55:40.279+0000] {dag.py:4180} INFO - Setting next_dagrun for consume_1_or_both_2_and_3_with_dataset_expressions to None, run_after=None
[2025-02-19T03:55:40.298+0000] {logging_mixin.py:190} INFO - [2025-02-19T03:55:40.297+0000] {dag.py:4180} INFO - Setting next_dagrun for dataset_consumes_1 to None, run_after=None
[2025-02-19T03:55:40.305+0000] {logging_mixin.py:190} INFO - [2025-02-19T03:55:40.304+0000] {dag.py:4180} INFO - Setting next_dagrun for dataset_consumes_1_and_2 to None, run_after=None
[2025-02-19T03:55:40.311+0000] {logging_mixin.py:190} INFO - [2025-02-19T03:55:40.310+0000] {dag.py:4180} INFO - Setting next_dagrun for dataset_consumes_1_never_scheduled to None, run_after=None
[2025-02-19T03:55:40.324+0000] {logging_mixin.py:190} INFO - [2025-02-19T03:55:40.323+0000] {dag.py:4180} INFO - Setting next_dagrun for dataset_consumes_unknown_never_scheduled to None, run_after=None
[2025-02-19T03:55:40.354+0000] {logging_mixin.py:190} INFO - [2025-02-19T03:55:40.342+0000] {dag.py:4180} INFO - Setting next_dagrun for dataset_produces_1 to 2025-02-18 00:00:00+00:00, run_after=2025-02-19 00:00:00+00:00
[2025-02-19T03:55:40.359+0000] {logging_mixin.py:190} INFO - [2025-02-19T03:55:40.358+0000] {dag.py:4180} INFO - Setting next_dagrun for dataset_produces_2 to None, run_after=None
[2025-02-19T03:55:40.521+0000] {processor.py:208} INFO - Processing /home/airflow/.local/lib/python3.12/site-packages/airflow/example_dags/example_datasets.py took 1.649 seconds
[2025-02-19T03:56:11.241+0000] {processor.py:186} INFO - Started process (PID=690) to work on /home/airflow/.local/lib/python3.12/site-packages/airflow/example_dags/example_datasets.py
[2025-02-19T03:56:11.242+0000] {processor.py:914} INFO - Processing file /home/airflow/.local/lib/python3.12/site-packages/airflow/example_dags/example_datasets.py for tasks to queue
[2025-02-19T03:56:11.244+0000] {logging_mixin.py:190} INFO - [2025-02-19T03:56:11.244+0000] {dagbag.py:588} INFO - Filling up the DagBag from /home/airflow/.local/lib/python3.12/site-packages/airflow/example_dags/example_datasets.py
[2025-02-19T03:56:11.790+0000] {processor.py:925} INFO - DAG(s) 'consume_1_and_2_with_dataset_expressions', 'dataset_consumes_1', 'dataset_consumes_1_never_scheduled', 'dataset_produces_1', 'dataset_produces_2', 'conditional_dataset_and_time_based_timetable', 'dataset_consumes_unknown_never_scheduled', 'dataset_consumes_1_and_2', 'consume_1_or_both_2_and_3_with_dataset_expressions', 'consume_1_or_2_with_dataset_expressions' retrieved from /home/airflow/.local/lib/python3.12/site-packages/airflow/example_dags/example_datasets.py
[2025-02-19T03:56:11.846+0000] {logging_mixin.py:190} INFO - [2025-02-19T03:56:11.846+0000] {dag.py:3239} INFO - Sync 10 DAGs
[2025-02-19T03:56:11.872+0000] {logging_mixin.py:190} INFO - [2025-02-19T03:56:11.872+0000] {dag.py:4180} INFO - Setting next_dagrun for conditional_dataset_and_time_based_timetable to 2025-02-19 01:00:00+00:00, run_after=2025-02-19 01:00:00+00:00
[2025-02-19T03:56:11.878+0000] {logging_mixin.py:190} INFO - [2025-02-19T03:56:11.877+0000] {dag.py:4180} INFO - Setting next_dagrun for consume_1_and_2_with_dataset_expressions to None, run_after=None
[2025-02-19T03:56:11.880+0000] {logging_mixin.py:190} INFO - [2025-02-19T03:56:11.880+0000] {dag.py:4180} INFO - Setting next_dagrun for consume_1_or_2_with_dataset_expressions to None, run_after=None
[2025-02-19T03:56:11.882+0000] {logging_mixin.py:190} INFO - [2025-02-19T03:56:11.882+0000] {dag.py:4180} INFO - Setting next_dagrun for consume_1_or_both_2_and_3_with_dataset_expressions to None, run_after=None
[2025-02-19T03:56:11.884+0000] {logging_mixin.py:190} INFO - [2025-02-19T03:56:11.884+0000] {dag.py:4180} INFO - Setting next_dagrun for dataset_consumes_1 to None, run_after=None
[2025-02-19T03:56:11.886+0000] {logging_mixin.py:190} INFO - [2025-02-19T03:56:11.886+0000] {dag.py:4180} INFO - Setting next_dagrun for dataset_consumes_1_and_2 to None, run_after=None
[2025-02-19T03:56:11.888+0000] {logging_mixin.py:190} INFO - [2025-02-19T03:56:11.888+0000] {dag.py:4180} INFO - Setting next_dagrun for dataset_consumes_1_never_scheduled to None, run_after=None
[2025-02-19T03:56:11.890+0000] {logging_mixin.py:190} INFO - [2025-02-19T03:56:11.890+0000] {dag.py:4180} INFO - Setting next_dagrun for dataset_consumes_unknown_never_scheduled to None, run_after=None
[2025-02-19T03:56:11.894+0000] {logging_mixin.py:190} INFO - [2025-02-19T03:56:11.894+0000] {dag.py:4180} INFO - Setting next_dagrun for dataset_produces_1 to 2025-02-18 00:00:00+00:00, run_after=2025-02-19 00:00:00+00:00
[2025-02-19T03:56:11.896+0000] {logging_mixin.py:190} INFO - [2025-02-19T03:56:11.896+0000] {dag.py:4180} INFO - Setting next_dagrun for dataset_produces_2 to None, run_after=None
[2025-02-19T03:56:11.960+0000] {processor.py:208} INFO - Processing /home/airflow/.local/lib/python3.12/site-packages/airflow/example_dags/example_datasets.py took 0.725 seconds
[2025-02-19T03:56:42.727+0000] {processor.py:186} INFO - Started process (PID=755) to work on /home/airflow/.local/lib/python3.12/site-packages/airflow/example_dags/example_datasets.py
[2025-02-19T03:56:42.728+0000] {processor.py:914} INFO - Processing file /home/airflow/.local/lib/python3.12/site-packages/airflow/example_dags/example_datasets.py for tasks to queue
[2025-02-19T03:56:42.729+0000] {logging_mixin.py:190} INFO - [2025-02-19T03:56:42.729+0000] {dagbag.py:588} INFO - Filling up the DagBag from /home/airflow/.local/lib/python3.12/site-packages/airflow/example_dags/example_datasets.py
[2025-02-19T03:56:43.386+0000] {processor.py:925} INFO - DAG(s) 'dataset_consumes_unknown_never_scheduled', 'conditional_dataset_and_time_based_timetable', 'dataset_consumes_1_never_scheduled', 'dataset_consumes_1', 'dataset_produces_2', 'dataset_consumes_1_and_2', 'consume_1_or_2_with_dataset_expressions', 'consume_1_or_both_2_and_3_with_dataset_expressions', 'consume_1_and_2_with_dataset_expressions', 'dataset_produces_1' retrieved from /home/airflow/.local/lib/python3.12/site-packages/airflow/example_dags/example_datasets.py
[2025-02-19T03:56:43.439+0000] {logging_mixin.py:190} INFO - [2025-02-19T03:56:43.439+0000] {dag.py:3239} INFO - Sync 10 DAGs
[2025-02-19T03:56:43.470+0000] {logging_mixin.py:190} INFO - [2025-02-19T03:56:43.470+0000] {dag.py:4180} INFO - Setting next_dagrun for conditional_dataset_and_time_based_timetable to 2025-02-19 01:00:00+00:00, run_after=2025-02-19 01:00:00+00:00
[2025-02-19T03:56:43.475+0000] {logging_mixin.py:190} INFO - [2025-02-19T03:56:43.474+0000] {dag.py:4180} INFO - Setting next_dagrun for consume_1_and_2_with_dataset_expressions to None, run_after=None
[2025-02-19T03:56:43.476+0000] {logging_mixin.py:190} INFO - [2025-02-19T03:56:43.476+0000] {dag.py:4180} INFO - Setting next_dagrun for consume_1_or_2_with_dataset_expressions to None, run_after=None
[2025-02-19T03:56:43.478+0000] {logging_mixin.py:190} INFO - [2025-02-19T03:56:43.477+0000] {dag.py:4180} INFO - Setting next_dagrun for consume_1_or_both_2_and_3_with_dataset_expressions to None, run_after=None
[2025-02-19T03:56:43.479+0000] {logging_mixin.py:190} INFO - [2025-02-19T03:56:43.479+0000] {dag.py:4180} INFO - Setting next_dagrun for dataset_consumes_1 to None, run_after=None
[2025-02-19T03:56:43.480+0000] {logging_mixin.py:190} INFO - [2025-02-19T03:56:43.480+0000] {dag.py:4180} INFO - Setting next_dagrun for dataset_consumes_1_and_2 to None, run_after=None
[2025-02-19T03:56:43.482+0000] {logging_mixin.py:190} INFO - [2025-02-19T03:56:43.482+0000] {dag.py:4180} INFO - Setting next_dagrun for dataset_consumes_1_never_scheduled to None, run_after=None
[2025-02-19T03:56:43.484+0000] {logging_mixin.py:190} INFO - [2025-02-19T03:56:43.483+0000] {dag.py:4180} INFO - Setting next_dagrun for dataset_consumes_unknown_never_scheduled to None, run_after=None
[2025-02-19T03:56:43.487+0000] {logging_mixin.py:190} INFO - [2025-02-19T03:56:43.487+0000] {dag.py:4180} INFO - Setting next_dagrun for dataset_produces_1 to 2025-02-18 00:00:00+00:00, run_after=2025-02-19 00:00:00+00:00
[2025-02-19T03:56:43.489+0000] {logging_mixin.py:190} INFO - [2025-02-19T03:56:43.488+0000] {dag.py:4180} INFO - Setting next_dagrun for dataset_produces_2 to None, run_after=None
[2025-02-19T03:56:43.530+0000] {processor.py:208} INFO - Processing /home/airflow/.local/lib/python3.12/site-packages/airflow/example_dags/example_datasets.py took 0.814 seconds
[2025-02-19T03:57:14.147+0000] {processor.py:186} INFO - Started process (PID=822) to work on /home/airflow/.local/lib/python3.12/site-packages/airflow/example_dags/example_datasets.py
[2025-02-19T03:57:14.148+0000] {processor.py:914} INFO - Processing file /home/airflow/.local/lib/python3.12/site-packages/airflow/example_dags/example_datasets.py for tasks to queue
[2025-02-19T03:57:14.150+0000] {logging_mixin.py:190} INFO - [2025-02-19T03:57:14.150+0000] {dagbag.py:588} INFO - Filling up the DagBag from /home/airflow/.local/lib/python3.12/site-packages/airflow/example_dags/example_datasets.py
[2025-02-19T03:57:14.938+0000] {processor.py:925} INFO - DAG(s) 'dataset_consumes_1_never_scheduled', 'dataset_consumes_1_and_2', 'conditional_dataset_and_time_based_timetable', 'consume_1_or_both_2_and_3_with_dataset_expressions', 'dataset_produces_1', 'dataset_produces_2', 'consume_1_and_2_with_dataset_expressions', 'consume_1_or_2_with_dataset_expressions', 'dataset_consumes_1', 'dataset_consumes_unknown_never_scheduled' retrieved from /home/airflow/.local/lib/python3.12/site-packages/airflow/example_dags/example_datasets.py
[2025-02-19T03:57:15.027+0000] {logging_mixin.py:190} INFO - [2025-02-19T03:57:15.026+0000] {dag.py:3239} INFO - Sync 10 DAGs
[2025-02-19T03:57:15.093+0000] {logging_mixin.py:190} INFO - [2025-02-19T03:57:15.093+0000] {dag.py:4180} INFO - Setting next_dagrun for conditional_dataset_and_time_based_timetable to 2025-02-19 01:00:00+00:00, run_after=2025-02-19 01:00:00+00:00
[2025-02-19T03:57:15.125+0000] {logging_mixin.py:190} INFO - [2025-02-19T03:57:15.124+0000] {dag.py:4180} INFO - Setting next_dagrun for consume_1_and_2_with_dataset_expressions to None, run_after=None
[2025-02-19T03:57:15.138+0000] {logging_mixin.py:190} INFO - [2025-02-19T03:57:15.129+0000] {dag.py:4180} INFO - Setting next_dagrun for consume_1_or_2_with_dataset_expressions to None, run_after=None
[2025-02-19T03:57:15.142+0000] {logging_mixin.py:190} INFO - [2025-02-19T03:57:15.141+0000] {dag.py:4180} INFO - Setting next_dagrun for consume_1_or_both_2_and_3_with_dataset_expressions to None, run_after=None
[2025-02-19T03:57:15.154+0000] {logging_mixin.py:190} INFO - [2025-02-19T03:57:15.154+0000] {dag.py:4180} INFO - Setting next_dagrun for dataset_consumes_1 to None, run_after=None
[2025-02-19T03:57:15.158+0000] {logging_mixin.py:190} INFO - [2025-02-19T03:57:15.158+0000] {dag.py:4180} INFO - Setting next_dagrun for dataset_consumes_1_and_2 to None, run_after=None
[2025-02-19T03:57:15.171+0000] {logging_mixin.py:190} INFO - [2025-02-19T03:57:15.171+0000] {dag.py:4180} INFO - Setting next_dagrun for dataset_consumes_1_never_scheduled to None, run_after=None
[2025-02-19T03:57:15.175+0000] {logging_mixin.py:190} INFO - [2025-02-19T03:57:15.174+0000] {dag.py:4180} INFO - Setting next_dagrun for dataset_consumes_unknown_never_scheduled to None, run_after=None
[2025-02-19T03:57:15.188+0000] {logging_mixin.py:190} INFO - [2025-02-19T03:57:15.188+0000] {dag.py:4180} INFO - Setting next_dagrun for dataset_produces_1 to 2025-02-18 00:00:00+00:00, run_after=2025-02-19 00:00:00+00:00
[2025-02-19T03:57:15.192+0000] {logging_mixin.py:190} INFO - [2025-02-19T03:57:15.191+0000] {dag.py:4180} INFO - Setting next_dagrun for dataset_produces_2 to None, run_after=None
[2025-02-19T03:57:15.364+0000] {processor.py:208} INFO - Processing /home/airflow/.local/lib/python3.12/site-packages/airflow/example_dags/example_datasets.py took 1.226 seconds
[2025-02-19T03:57:45.988+0000] {processor.py:186} INFO - Started process (PID=891) to work on /home/airflow/.local/lib/python3.12/site-packages/airflow/example_dags/example_datasets.py
[2025-02-19T03:57:45.989+0000] {processor.py:914} INFO - Processing file /home/airflow/.local/lib/python3.12/site-packages/airflow/example_dags/example_datasets.py for tasks to queue
[2025-02-19T03:57:45.991+0000] {logging_mixin.py:190} INFO - [2025-02-19T03:57:45.990+0000] {dagbag.py:588} INFO - Filling up the DagBag from /home/airflow/.local/lib/python3.12/site-packages/airflow/example_dags/example_datasets.py
[2025-02-19T03:57:46.629+0000] {processor.py:925} INFO - DAG(s) 'consume_1_or_2_with_dataset_expressions', 'dataset_consumes_1_and_2', 'dataset_consumes_1', 'consume_1_and_2_with_dataset_expressions', 'conditional_dataset_and_time_based_timetable', 'consume_1_or_both_2_and_3_with_dataset_expressions', 'dataset_consumes_unknown_never_scheduled', 'dataset_consumes_1_never_scheduled', 'dataset_produces_2', 'dataset_produces_1' retrieved from /home/airflow/.local/lib/python3.12/site-packages/airflow/example_dags/example_datasets.py
[2025-02-19T03:57:46.694+0000] {logging_mixin.py:190} INFO - [2025-02-19T03:57:46.693+0000] {dag.py:3239} INFO - Sync 10 DAGs
[2025-02-19T03:57:46.733+0000] {logging_mixin.py:190} INFO - [2025-02-19T03:57:46.733+0000] {dag.py:4180} INFO - Setting next_dagrun for conditional_dataset_and_time_based_timetable to 2025-02-19 01:00:00+00:00, run_after=2025-02-19 01:00:00+00:00
[2025-02-19T03:57:46.743+0000] {logging_mixin.py:190} INFO - [2025-02-19T03:57:46.742+0000] {dag.py:4180} INFO - Setting next_dagrun for consume_1_and_2_with_dataset_expressions to None, run_after=None
[2025-02-19T03:57:46.747+0000] {logging_mixin.py:190} INFO - [2025-02-19T03:57:46.746+0000] {dag.py:4180} INFO - Setting next_dagrun for consume_1_or_2_with_dataset_expressions to None, run_after=None
[2025-02-19T03:57:46.749+0000] {logging_mixin.py:190} INFO - [2025-02-19T03:57:46.749+0000] {dag.py:4180} INFO - Setting next_dagrun for consume_1_or_both_2_and_3_with_dataset_expressions to None, run_after=None
[2025-02-19T03:57:46.751+0000] {logging_mixin.py:190} INFO - [2025-02-19T03:57:46.751+0000] {dag.py:4180} INFO - Setting next_dagrun for dataset_consumes_1 to None, run_after=None
[2025-02-19T03:57:46.753+0000] {logging_mixin.py:190} INFO - [2025-02-19T03:57:46.753+0000] {dag.py:4180} INFO - Setting next_dagrun for dataset_consumes_1_and_2 to None, run_after=None
[2025-02-19T03:57:46.755+0000] {logging_mixin.py:190} INFO - [2025-02-19T03:57:46.755+0000] {dag.py:4180} INFO - Setting next_dagrun for dataset_consumes_1_never_scheduled to None, run_after=None
[2025-02-19T03:57:46.758+0000] {logging_mixin.py:190} INFO - [2025-02-19T03:57:46.757+0000] {dag.py:4180} INFO - Setting next_dagrun for dataset_consumes_unknown_never_scheduled to None, run_after=None
[2025-02-19T03:57:46.762+0000] {logging_mixin.py:190} INFO - [2025-02-19T03:57:46.761+0000] {dag.py:4180} INFO - Setting next_dagrun for dataset_produces_1 to 2025-02-18 00:00:00+00:00, run_after=2025-02-19 00:00:00+00:00
[2025-02-19T03:57:46.765+0000] {logging_mixin.py:190} INFO - [2025-02-19T03:57:46.764+0000] {dag.py:4180} INFO - Setting next_dagrun for dataset_produces_2 to None, run_after=None
[2025-02-19T03:57:46.821+0000] {processor.py:208} INFO - Processing /home/airflow/.local/lib/python3.12/site-packages/airflow/example_dags/example_datasets.py took 0.839 seconds
[2025-02-19T03:58:17.180+0000] {processor.py:186} INFO - Started process (PID=960) to work on /home/airflow/.local/lib/python3.12/site-packages/airflow/example_dags/example_datasets.py
[2025-02-19T03:58:17.181+0000] {processor.py:914} INFO - Processing file /home/airflow/.local/lib/python3.12/site-packages/airflow/example_dags/example_datasets.py for tasks to queue
[2025-02-19T03:58:17.189+0000] {logging_mixin.py:190} INFO - [2025-02-19T03:58:17.188+0000] {dagbag.py:588} INFO - Filling up the DagBag from /home/airflow/.local/lib/python3.12/site-packages/airflow/example_dags/example_datasets.py
[2025-02-19T03:58:18.142+0000] {processor.py:925} INFO - DAG(s) 'conditional_dataset_and_time_based_timetable', 'consume_1_or_2_with_dataset_expressions', 'dataset_consumes_1', 'consume_1_and_2_with_dataset_expressions', 'dataset_produces_1', 'consume_1_or_both_2_and_3_with_dataset_expressions', 'dataset_consumes_unknown_never_scheduled', 'dataset_consumes_1_and_2', 'dataset_produces_2', 'dataset_consumes_1_never_scheduled' retrieved from /home/airflow/.local/lib/python3.12/site-packages/airflow/example_dags/example_datasets.py
[2025-02-19T03:58:18.224+0000] {logging_mixin.py:190} INFO - [2025-02-19T03:58:18.224+0000] {dag.py:3239} INFO - Sync 10 DAGs
[2025-02-19T03:58:18.279+0000] {logging_mixin.py:190} INFO - [2025-02-19T03:58:18.278+0000] {dag.py:4180} INFO - Setting next_dagrun for conditional_dataset_and_time_based_timetable to 2025-02-19 01:00:00+00:00, run_after=2025-02-19 01:00:00+00:00
[2025-02-19T03:58:18.286+0000] {logging_mixin.py:190} INFO - [2025-02-19T03:58:18.286+0000] {dag.py:4180} INFO - Setting next_dagrun for consume_1_and_2_with_dataset_expressions to None, run_after=None
[2025-02-19T03:58:18.289+0000] {logging_mixin.py:190} INFO - [2025-02-19T03:58:18.289+0000] {dag.py:4180} INFO - Setting next_dagrun for consume_1_or_2_with_dataset_expressions to None, run_after=None
[2025-02-19T03:58:18.292+0000] {logging_mixin.py:190} INFO - [2025-02-19T03:58:18.292+0000] {dag.py:4180} INFO - Setting next_dagrun for consume_1_or_both_2_and_3_with_dataset_expressions to None, run_after=None
[2025-02-19T03:58:18.294+0000] {logging_mixin.py:190} INFO - [2025-02-19T03:58:18.294+0000] {dag.py:4180} INFO - Setting next_dagrun for dataset_consumes_1 to None, run_after=None
[2025-02-19T03:58:18.297+0000] {logging_mixin.py:190} INFO - [2025-02-19T03:58:18.296+0000] {dag.py:4180} INFO - Setting next_dagrun for dataset_consumes_1_and_2 to None, run_after=None
[2025-02-19T03:58:18.299+0000] {logging_mixin.py:190} INFO - [2025-02-19T03:58:18.298+0000] {dag.py:4180} INFO - Setting next_dagrun for dataset_consumes_1_never_scheduled to None, run_after=None
[2025-02-19T03:58:18.301+0000] {logging_mixin.py:190} INFO - [2025-02-19T03:58:18.301+0000] {dag.py:4180} INFO - Setting next_dagrun for dataset_consumes_unknown_never_scheduled to None, run_after=None
[2025-02-19T03:58:18.305+0000] {logging_mixin.py:190} INFO - [2025-02-19T03:58:18.305+0000] {dag.py:4180} INFO - Setting next_dagrun for dataset_produces_1 to 2025-02-18 00:00:00+00:00, run_after=2025-02-19 00:00:00+00:00
[2025-02-19T03:58:18.308+0000] {logging_mixin.py:190} INFO - [2025-02-19T03:58:18.308+0000] {dag.py:4180} INFO - Setting next_dagrun for dataset_produces_2 to None, run_after=None
[2025-02-19T03:58:18.369+0000] {processor.py:208} INFO - Processing /home/airflow/.local/lib/python3.12/site-packages/airflow/example_dags/example_datasets.py took 1.202 seconds
[2025-02-19T03:58:48.974+0000] {processor.py:186} INFO - Started process (PID=1027) to work on /home/airflow/.local/lib/python3.12/site-packages/airflow/example_dags/example_datasets.py
[2025-02-19T03:58:48.975+0000] {processor.py:914} INFO - Processing file /home/airflow/.local/lib/python3.12/site-packages/airflow/example_dags/example_datasets.py for tasks to queue
[2025-02-19T03:58:48.977+0000] {logging_mixin.py:190} INFO - [2025-02-19T03:58:48.977+0000] {dagbag.py:588} INFO - Filling up the DagBag from /home/airflow/.local/lib/python3.12/site-packages/airflow/example_dags/example_datasets.py
[2025-02-19T03:58:49.924+0000] {processor.py:925} INFO - DAG(s) 'dataset_consumes_1', 'conditional_dataset_and_time_based_timetable', 'dataset_produces_1', 'dataset_consumes_unknown_never_scheduled', 'consume_1_or_both_2_and_3_with_dataset_expressions', 'dataset_consumes_1_and_2', 'consume_1_and_2_with_dataset_expressions', 'dataset_consumes_1_never_scheduled', 'consume_1_or_2_with_dataset_expressions', 'dataset_produces_2' retrieved from /home/airflow/.local/lib/python3.12/site-packages/airflow/example_dags/example_datasets.py
[2025-02-19T03:58:49.992+0000] {logging_mixin.py:190} INFO - [2025-02-19T03:58:49.992+0000] {dag.py:3239} INFO - Sync 10 DAGs
[2025-02-19T03:58:50.031+0000] {logging_mixin.py:190} INFO - [2025-02-19T03:58:50.030+0000] {dag.py:4180} INFO - Setting next_dagrun for conditional_dataset_and_time_based_timetable to 2025-02-19 01:00:00+00:00, run_after=2025-02-19 01:00:00+00:00
[2025-02-19T03:58:50.037+0000] {logging_mixin.py:190} INFO - [2025-02-19T03:58:50.037+0000] {dag.py:4180} INFO - Setting next_dagrun for consume_1_and_2_with_dataset_expressions to None, run_after=None
[2025-02-19T03:58:50.040+0000] {logging_mixin.py:190} INFO - [2025-02-19T03:58:50.040+0000] {dag.py:4180} INFO - Setting next_dagrun for consume_1_or_2_with_dataset_expressions to None, run_after=None
[2025-02-19T03:58:50.043+0000] {logging_mixin.py:190} INFO - [2025-02-19T03:58:50.042+0000] {dag.py:4180} INFO - Setting next_dagrun for consume_1_or_both_2_and_3_with_dataset_expressions to None, run_after=None
[2025-02-19T03:58:50.047+0000] {logging_mixin.py:190} INFO - [2025-02-19T03:58:50.046+0000] {dag.py:4180} INFO - Setting next_dagrun for dataset_consumes_1 to None, run_after=None
[2025-02-19T03:58:50.050+0000] {logging_mixin.py:190} INFO - [2025-02-19T03:58:50.049+0000] {dag.py:4180} INFO - Setting next_dagrun for dataset_consumes_1_and_2 to None, run_after=None
[2025-02-19T03:58:50.052+0000] {logging_mixin.py:190} INFO - [2025-02-19T03:58:50.052+0000] {dag.py:4180} INFO - Setting next_dagrun for dataset_consumes_1_never_scheduled to None, run_after=None
[2025-02-19T03:58:50.054+0000] {logging_mixin.py:190} INFO - [2025-02-19T03:58:50.054+0000] {dag.py:4180} INFO - Setting next_dagrun for dataset_consumes_unknown_never_scheduled to None, run_after=None
[2025-02-19T03:58:50.058+0000] {logging_mixin.py:190} INFO - [2025-02-19T03:58:50.058+0000] {dag.py:4180} INFO - Setting next_dagrun for dataset_produces_1 to 2025-02-18 00:00:00+00:00, run_after=2025-02-19 00:00:00+00:00
[2025-02-19T03:58:50.061+0000] {logging_mixin.py:190} INFO - [2025-02-19T03:58:50.060+0000] {dag.py:4180} INFO - Setting next_dagrun for dataset_produces_2 to None, run_after=None
[2025-02-19T03:58:50.130+0000] {processor.py:208} INFO - Processing /home/airflow/.local/lib/python3.12/site-packages/airflow/example_dags/example_datasets.py took 1.163 seconds
[2025-02-19T03:59:20.224+0000] {processor.py:186} INFO - Started process (PID=1103) to work on /home/airflow/.local/lib/python3.12/site-packages/airflow/example_dags/example_datasets.py
[2025-02-19T03:59:20.225+0000] {processor.py:914} INFO - Processing file /home/airflow/.local/lib/python3.12/site-packages/airflow/example_dags/example_datasets.py for tasks to queue
[2025-02-19T03:59:20.226+0000] {logging_mixin.py:190} INFO - [2025-02-19T03:59:20.226+0000] {dagbag.py:588} INFO - Filling up the DagBag from /home/airflow/.local/lib/python3.12/site-packages/airflow/example_dags/example_datasets.py
[2025-02-19T03:59:20.940+0000] {processor.py:925} INFO - DAG(s) 'dataset_produces_1', 'dataset_produces_2', 'dataset_consumes_1_never_scheduled', 'dataset_consumes_1', 'conditional_dataset_and_time_based_timetable', 'dataset_consumes_unknown_never_scheduled', 'consume_1_and_2_with_dataset_expressions', 'dataset_consumes_1_and_2', 'consume_1_or_2_with_dataset_expressions', 'consume_1_or_both_2_and_3_with_dataset_expressions' retrieved from /home/airflow/.local/lib/python3.12/site-packages/airflow/example_dags/example_datasets.py
[2025-02-19T03:59:20.997+0000] {logging_mixin.py:190} INFO - [2025-02-19T03:59:20.996+0000] {dag.py:3239} INFO - Sync 10 DAGs
[2025-02-19T03:59:21.025+0000] {logging_mixin.py:190} INFO - [2025-02-19T03:59:21.024+0000] {dag.py:4180} INFO - Setting next_dagrun for conditional_dataset_and_time_based_timetable to 2025-02-19 01:00:00+00:00, run_after=2025-02-19 01:00:00+00:00
[2025-02-19T03:59:21.029+0000] {logging_mixin.py:190} INFO - [2025-02-19T03:59:21.029+0000] {dag.py:4180} INFO - Setting next_dagrun for consume_1_and_2_with_dataset_expressions to None, run_after=None
[2025-02-19T03:59:21.032+0000] {logging_mixin.py:190} INFO - [2025-02-19T03:59:21.031+0000] {dag.py:4180} INFO - Setting next_dagrun for consume_1_or_2_with_dataset_expressions to None, run_after=None
[2025-02-19T03:59:21.034+0000] {logging_mixin.py:190} INFO - [2025-02-19T03:59:21.033+0000] {dag.py:4180} INFO - Setting next_dagrun for consume_1_or_both_2_and_3_with_dataset_expressions to None, run_after=None
[2025-02-19T03:59:21.035+0000] {logging_mixin.py:190} INFO - [2025-02-19T03:59:21.035+0000] {dag.py:4180} INFO - Setting next_dagrun for dataset_consumes_1 to None, run_after=None
[2025-02-19T03:59:21.037+0000] {logging_mixin.py:190} INFO - [2025-02-19T03:59:21.037+0000] {dag.py:4180} INFO - Setting next_dagrun for dataset_consumes_1_and_2 to None, run_after=None
[2025-02-19T03:59:21.039+0000] {logging_mixin.py:190} INFO - [2025-02-19T03:59:21.039+0000] {dag.py:4180} INFO - Setting next_dagrun for dataset_consumes_1_never_scheduled to None, run_after=None
[2025-02-19T03:59:21.041+0000] {logging_mixin.py:190} INFO - [2025-02-19T03:59:21.040+0000] {dag.py:4180} INFO - Setting next_dagrun for dataset_consumes_unknown_never_scheduled to None, run_after=None
[2025-02-19T03:59:21.044+0000] {logging_mixin.py:190} INFO - [2025-02-19T03:59:21.043+0000] {dag.py:4180} INFO - Setting next_dagrun for dataset_produces_1 to 2025-02-18 00:00:00+00:00, run_after=2025-02-19 00:00:00+00:00
[2025-02-19T03:59:21.046+0000] {logging_mixin.py:190} INFO - [2025-02-19T03:59:21.046+0000] {dag.py:4180} INFO - Setting next_dagrun for dataset_produces_2 to None, run_after=None
[2025-02-19T03:59:21.103+0000] {processor.py:208} INFO - Processing /home/airflow/.local/lib/python3.12/site-packages/airflow/example_dags/example_datasets.py took 0.886 seconds
[2025-02-19T03:59:51.724+0000] {processor.py:186} INFO - Started process (PID=1167) to work on /home/airflow/.local/lib/python3.12/site-packages/airflow/example_dags/example_datasets.py
[2025-02-19T03:59:51.725+0000] {processor.py:914} INFO - Processing file /home/airflow/.local/lib/python3.12/site-packages/airflow/example_dags/example_datasets.py for tasks to queue
[2025-02-19T03:59:51.727+0000] {logging_mixin.py:190} INFO - [2025-02-19T03:59:51.727+0000] {dagbag.py:588} INFO - Filling up the DagBag from /home/airflow/.local/lib/python3.12/site-packages/airflow/example_dags/example_datasets.py
[2025-02-19T03:59:52.672+0000] {processor.py:925} INFO - DAG(s) 'dataset_consumes_1_never_scheduled', 'dataset_consumes_1', 'dataset_consumes_unknown_never_scheduled', 'conditional_dataset_and_time_based_timetable', 'consume_1_and_2_with_dataset_expressions', 'dataset_produces_2', 'dataset_produces_1', 'dataset_consumes_1_and_2', 'consume_1_or_both_2_and_3_with_dataset_expressions', 'consume_1_or_2_with_dataset_expressions' retrieved from /home/airflow/.local/lib/python3.12/site-packages/airflow/example_dags/example_datasets.py
[2025-02-19T03:59:52.741+0000] {logging_mixin.py:190} INFO - [2025-02-19T03:59:52.741+0000] {dag.py:3239} INFO - Sync 10 DAGs
[2025-02-19T03:59:52.779+0000] {logging_mixin.py:190} INFO - [2025-02-19T03:59:52.778+0000] {dag.py:4180} INFO - Setting next_dagrun for conditional_dataset_and_time_based_timetable to 2025-02-19 01:00:00+00:00, run_after=2025-02-19 01:00:00+00:00
[2025-02-19T03:59:52.784+0000] {logging_mixin.py:190} INFO - [2025-02-19T03:59:52.784+0000] {dag.py:4180} INFO - Setting next_dagrun for consume_1_and_2_with_dataset_expressions to None, run_after=None
[2025-02-19T03:59:52.788+0000] {logging_mixin.py:190} INFO - [2025-02-19T03:59:52.787+0000] {dag.py:4180} INFO - Setting next_dagrun for consume_1_or_2_with_dataset_expressions to None, run_after=None
[2025-02-19T03:59:52.790+0000] {logging_mixin.py:190} INFO - [2025-02-19T03:59:52.790+0000] {dag.py:4180} INFO - Setting next_dagrun for consume_1_or_both_2_and_3_with_dataset_expressions to None, run_after=None
[2025-02-19T03:59:52.794+0000] {logging_mixin.py:190} INFO - [2025-02-19T03:59:52.793+0000] {dag.py:4180} INFO - Setting next_dagrun for dataset_consumes_1 to None, run_after=None
[2025-02-19T03:59:52.796+0000] {logging_mixin.py:190} INFO - [2025-02-19T03:59:52.795+0000] {dag.py:4180} INFO - Setting next_dagrun for dataset_consumes_1_and_2 to None, run_after=None
[2025-02-19T03:59:52.798+0000] {logging_mixin.py:190} INFO - [2025-02-19T03:59:52.797+0000] {dag.py:4180} INFO - Setting next_dagrun for dataset_consumes_1_never_scheduled to None, run_after=None
[2025-02-19T03:59:52.800+0000] {logging_mixin.py:190} INFO - [2025-02-19T03:59:52.800+0000] {dag.py:4180} INFO - Setting next_dagrun for dataset_consumes_unknown_never_scheduled to None, run_after=None
[2025-02-19T03:59:52.805+0000] {logging_mixin.py:190} INFO - [2025-02-19T03:59:52.805+0000] {dag.py:4180} INFO - Setting next_dagrun for dataset_produces_1 to 2025-02-18 00:00:00+00:00, run_after=2025-02-19 00:00:00+00:00
[2025-02-19T03:59:52.808+0000] {logging_mixin.py:190} INFO - [2025-02-19T03:59:52.807+0000] {dag.py:4180} INFO - Setting next_dagrun for dataset_produces_2 to None, run_after=None
[2025-02-19T03:59:52.924+0000] {processor.py:208} INFO - Processing /home/airflow/.local/lib/python3.12/site-packages/airflow/example_dags/example_datasets.py took 1.214 seconds
[2025-02-19T04:00:23.528+0000] {processor.py:186} INFO - Started process (PID=1231) to work on /home/airflow/.local/lib/python3.12/site-packages/airflow/example_dags/example_datasets.py
[2025-02-19T04:00:23.529+0000] {processor.py:914} INFO - Processing file /home/airflow/.local/lib/python3.12/site-packages/airflow/example_dags/example_datasets.py for tasks to queue
[2025-02-19T04:00:23.531+0000] {logging_mixin.py:190} INFO - [2025-02-19T04:00:23.531+0000] {dagbag.py:588} INFO - Filling up the DagBag from /home/airflow/.local/lib/python3.12/site-packages/airflow/example_dags/example_datasets.py
[2025-02-19T04:00:24.093+0000] {processor.py:925} INFO - DAG(s) 'consume_1_or_2_with_dataset_expressions', 'dataset_produces_1', 'dataset_consumes_1_never_scheduled', 'dataset_consumes_1_and_2', 'consume_1_and_2_with_dataset_expressions', 'consume_1_or_both_2_and_3_with_dataset_expressions', 'conditional_dataset_and_time_based_timetable', 'dataset_produces_2', 'dataset_consumes_1', 'dataset_consumes_unknown_never_scheduled' retrieved from /home/airflow/.local/lib/python3.12/site-packages/airflow/example_dags/example_datasets.py
[2025-02-19T04:00:24.165+0000] {logging_mixin.py:190} INFO - [2025-02-19T04:00:24.164+0000] {dag.py:3239} INFO - Sync 10 DAGs
[2025-02-19T04:00:24.198+0000] {logging_mixin.py:190} INFO - [2025-02-19T04:00:24.198+0000] {dag.py:4180} INFO - Setting next_dagrun for conditional_dataset_and_time_based_timetable to 2025-02-19 01:00:00+00:00, run_after=2025-02-19 01:00:00+00:00
[2025-02-19T04:00:24.203+0000] {logging_mixin.py:190} INFO - [2025-02-19T04:00:24.203+0000] {dag.py:4180} INFO - Setting next_dagrun for consume_1_and_2_with_dataset_expressions to None, run_after=None
[2025-02-19T04:00:24.205+0000] {logging_mixin.py:190} INFO - [2025-02-19T04:00:24.205+0000] {dag.py:4180} INFO - Setting next_dagrun for consume_1_or_2_with_dataset_expressions to None, run_after=None
[2025-02-19T04:00:24.207+0000] {logging_mixin.py:190} INFO - [2025-02-19T04:00:24.207+0000] {dag.py:4180} INFO - Setting next_dagrun for consume_1_or_both_2_and_3_with_dataset_expressions to None, run_after=None
[2025-02-19T04:00:24.210+0000] {logging_mixin.py:190} INFO - [2025-02-19T04:00:24.209+0000] {dag.py:4180} INFO - Setting next_dagrun for dataset_consumes_1 to None, run_after=None
[2025-02-19T04:00:24.212+0000] {logging_mixin.py:190} INFO - [2025-02-19T04:00:24.212+0000] {dag.py:4180} INFO - Setting next_dagrun for dataset_consumes_1_and_2 to None, run_after=None
[2025-02-19T04:00:24.214+0000] {logging_mixin.py:190} INFO - [2025-02-19T04:00:24.214+0000] {dag.py:4180} INFO - Setting next_dagrun for dataset_consumes_1_never_scheduled to None, run_after=None
[2025-02-19T04:00:24.217+0000] {logging_mixin.py:190} INFO - [2025-02-19T04:00:24.217+0000] {dag.py:4180} INFO - Setting next_dagrun for dataset_consumes_unknown_never_scheduled to None, run_after=None
[2025-02-19T04:00:24.221+0000] {logging_mixin.py:190} INFO - [2025-02-19T04:00:24.221+0000] {dag.py:4180} INFO - Setting next_dagrun for dataset_produces_1 to 2025-02-18 00:00:00+00:00, run_after=2025-02-19 00:00:00+00:00
[2025-02-19T04:00:24.224+0000] {logging_mixin.py:190} INFO - [2025-02-19T04:00:24.224+0000] {dag.py:4180} INFO - Setting next_dagrun for dataset_produces_2 to None, run_after=None
[2025-02-19T04:00:24.297+0000] {processor.py:208} INFO - Processing /home/airflow/.local/lib/python3.12/site-packages/airflow/example_dags/example_datasets.py took 0.777 seconds
[2025-02-19T04:00:55.042+0000] {processor.py:186} INFO - Started process (PID=1295) to work on /home/airflow/.local/lib/python3.12/site-packages/airflow/example_dags/example_datasets.py
[2025-02-19T04:00:55.043+0000] {processor.py:914} INFO - Processing file /home/airflow/.local/lib/python3.12/site-packages/airflow/example_dags/example_datasets.py for tasks to queue
[2025-02-19T04:00:55.044+0000] {logging_mixin.py:190} INFO - [2025-02-19T04:00:55.044+0000] {dagbag.py:588} INFO - Filling up the DagBag from /home/airflow/.local/lib/python3.12/site-packages/airflow/example_dags/example_datasets.py
[2025-02-19T04:00:55.533+0000] {processor.py:925} INFO - DAG(s) 'consume_1_or_both_2_and_3_with_dataset_expressions', 'dataset_consumes_unknown_never_scheduled', 'consume_1_and_2_with_dataset_expressions', 'dataset_produces_2', 'dataset_consumes_1', 'dataset_produces_1', 'dataset_consumes_1_and_2', 'consume_1_or_2_with_dataset_expressions', 'conditional_dataset_and_time_based_timetable', 'dataset_consumes_1_never_scheduled' retrieved from /home/airflow/.local/lib/python3.12/site-packages/airflow/example_dags/example_datasets.py
[2025-02-19T04:00:55.581+0000] {logging_mixin.py:190} INFO - [2025-02-19T04:00:55.581+0000] {dag.py:3239} INFO - Sync 10 DAGs
[2025-02-19T04:00:55.604+0000] {logging_mixin.py:190} INFO - [2025-02-19T04:00:55.603+0000] {dag.py:4180} INFO - Setting next_dagrun for conditional_dataset_and_time_based_timetable to 2025-02-19 01:00:00+00:00, run_after=2025-02-19 01:00:00+00:00
[2025-02-19T04:00:55.608+0000] {logging_mixin.py:190} INFO - [2025-02-19T04:00:55.608+0000] {dag.py:4180} INFO - Setting next_dagrun for consume_1_and_2_with_dataset_expressions to None, run_after=None
[2025-02-19T04:00:55.610+0000] {logging_mixin.py:190} INFO - [2025-02-19T04:00:55.610+0000] {dag.py:4180} INFO - Setting next_dagrun for consume_1_or_2_with_dataset_expressions to None, run_after=None
[2025-02-19T04:00:55.613+0000] {logging_mixin.py:190} INFO - [2025-02-19T04:00:55.612+0000] {dag.py:4180} INFO - Setting next_dagrun for consume_1_or_both_2_and_3_with_dataset_expressions to None, run_after=None
[2025-02-19T04:00:55.615+0000] {logging_mixin.py:190} INFO - [2025-02-19T04:00:55.614+0000] {dag.py:4180} INFO - Setting next_dagrun for dataset_consumes_1 to None, run_after=None
[2025-02-19T04:00:55.616+0000] {logging_mixin.py:190} INFO - [2025-02-19T04:00:55.616+0000] {dag.py:4180} INFO - Setting next_dagrun for dataset_consumes_1_and_2 to None, run_after=None
[2025-02-19T04:00:55.618+0000] {logging_mixin.py:190} INFO - [2025-02-19T04:00:55.618+0000] {dag.py:4180} INFO - Setting next_dagrun for dataset_consumes_1_never_scheduled to None, run_after=None
[2025-02-19T04:00:55.619+0000] {logging_mixin.py:190} INFO - [2025-02-19T04:00:55.619+0000] {dag.py:4180} INFO - Setting next_dagrun for dataset_consumes_unknown_never_scheduled to None, run_after=None
[2025-02-19T04:00:55.621+0000] {logging_mixin.py:190} INFO - [2025-02-19T04:00:55.621+0000] {dag.py:4180} INFO - Setting next_dagrun for dataset_produces_1 to 2025-02-18 00:00:00+00:00, run_after=2025-02-19 00:00:00+00:00
[2025-02-19T04:00:55.623+0000] {logging_mixin.py:190} INFO - [2025-02-19T04:00:55.623+0000] {dag.py:4180} INFO - Setting next_dagrun for dataset_produces_2 to None, run_after=None
[2025-02-19T04:00:55.667+0000] {processor.py:208} INFO - Processing /home/airflow/.local/lib/python3.12/site-packages/airflow/example_dags/example_datasets.py took 0.631 seconds
[2025-02-19T04:01:26.457+0000] {processor.py:186} INFO - Started process (PID=1359) to work on /home/airflow/.local/lib/python3.12/site-packages/airflow/example_dags/example_datasets.py
[2025-02-19T04:01:26.458+0000] {processor.py:914} INFO - Processing file /home/airflow/.local/lib/python3.12/site-packages/airflow/example_dags/example_datasets.py for tasks to queue
[2025-02-19T04:01:26.459+0000] {logging_mixin.py:190} INFO - [2025-02-19T04:01:26.459+0000] {dagbag.py:588} INFO - Filling up the DagBag from /home/airflow/.local/lib/python3.12/site-packages/airflow/example_dags/example_datasets.py
[2025-02-19T04:01:27.039+0000] {processor.py:925} INFO - DAG(s) 'consume_1_or_2_with_dataset_expressions', 'dataset_consumes_1_and_2', 'dataset_produces_2', 'dataset_produces_1', 'dataset_consumes_1_never_scheduled', 'consume_1_and_2_with_dataset_expressions', 'conditional_dataset_and_time_based_timetable', 'dataset_consumes_unknown_never_scheduled', 'dataset_consumes_1', 'consume_1_or_both_2_and_3_with_dataset_expressions' retrieved from /home/airflow/.local/lib/python3.12/site-packages/airflow/example_dags/example_datasets.py
[2025-02-19T04:01:27.098+0000] {logging_mixin.py:190} INFO - [2025-02-19T04:01:27.098+0000] {dag.py:3239} INFO - Sync 10 DAGs
[2025-02-19T04:01:27.134+0000] {logging_mixin.py:190} INFO - [2025-02-19T04:01:27.133+0000] {dag.py:4180} INFO - Setting next_dagrun for conditional_dataset_and_time_based_timetable to 2025-02-19 01:00:00+00:00, run_after=2025-02-19 01:00:00+00:00
[2025-02-19T04:01:27.140+0000] {logging_mixin.py:190} INFO - [2025-02-19T04:01:27.139+0000] {dag.py:4180} INFO - Setting next_dagrun for consume_1_and_2_with_dataset_expressions to None, run_after=None
[2025-02-19T04:01:27.143+0000] {logging_mixin.py:190} INFO - [2025-02-19T04:01:27.142+0000] {dag.py:4180} INFO - Setting next_dagrun for consume_1_or_2_with_dataset_expressions to None, run_after=None
[2025-02-19T04:01:27.146+0000] {logging_mixin.py:190} INFO - [2025-02-19T04:01:27.145+0000] {dag.py:4180} INFO - Setting next_dagrun for consume_1_or_both_2_and_3_with_dataset_expressions to None, run_after=None
[2025-02-19T04:01:27.148+0000] {logging_mixin.py:190} INFO - [2025-02-19T04:01:27.148+0000] {dag.py:4180} INFO - Setting next_dagrun for dataset_consumes_1 to None, run_after=None
[2025-02-19T04:01:27.151+0000] {logging_mixin.py:190} INFO - [2025-02-19T04:01:27.151+0000] {dag.py:4180} INFO - Setting next_dagrun for dataset_consumes_1_and_2 to None, run_after=None
[2025-02-19T04:01:27.154+0000] {logging_mixin.py:190} INFO - [2025-02-19T04:01:27.154+0000] {dag.py:4180} INFO - Setting next_dagrun for dataset_consumes_1_never_scheduled to None, run_after=None
[2025-02-19T04:01:27.157+0000] {logging_mixin.py:190} INFO - [2025-02-19T04:01:27.156+0000] {dag.py:4180} INFO - Setting next_dagrun for dataset_consumes_unknown_never_scheduled to None, run_after=None
[2025-02-19T04:01:27.160+0000] {logging_mixin.py:190} INFO - [2025-02-19T04:01:27.160+0000] {dag.py:4180} INFO - Setting next_dagrun for dataset_produces_1 to 2025-02-18 00:00:00+00:00, run_after=2025-02-19 00:00:00+00:00
[2025-02-19T04:01:27.163+0000] {logging_mixin.py:190} INFO - [2025-02-19T04:01:27.163+0000] {dag.py:4180} INFO - Setting next_dagrun for dataset_produces_2 to None, run_after=None
[2025-02-19T04:01:27.216+0000] {processor.py:208} INFO - Processing /home/airflow/.local/lib/python3.12/site-packages/airflow/example_dags/example_datasets.py took 0.765 seconds
[2025-02-19T04:01:57.692+0000] {processor.py:186} INFO - Started process (PID=1423) to work on /home/airflow/.local/lib/python3.12/site-packages/airflow/example_dags/example_datasets.py
[2025-02-19T04:01:57.693+0000] {processor.py:914} INFO - Processing file /home/airflow/.local/lib/python3.12/site-packages/airflow/example_dags/example_datasets.py for tasks to queue
[2025-02-19T04:01:57.694+0000] {logging_mixin.py:190} INFO - [2025-02-19T04:01:57.694+0000] {dagbag.py:588} INFO - Filling up the DagBag from /home/airflow/.local/lib/python3.12/site-packages/airflow/example_dags/example_datasets.py
