[2025-02-19T03:51:34.651+0000] {processor.py:186} INFO - Started process (PID=118) to work on /home/airflow/.local/lib/python3.12/site-packages/airflow/example_dags/example_params_trigger_ui.py
[2025-02-19T03:51:34.653+0000] {processor.py:914} INFO - Processing file /home/airflow/.local/lib/python3.12/site-packages/airflow/example_dags/example_params_trigger_ui.py for tasks to queue
[2025-02-19T03:51:34.655+0000] {logging_mixin.py:190} INFO - [2025-02-19T03:51:34.654+0000] {dagbag.py:588} INFO - Filling up the DagBag from /home/airflow/.local/lib/python3.12/site-packages/airflow/example_dags/example_params_trigger_ui.py
[2025-02-19T03:51:34.677+0000] {processor.py:925} INFO - DAG(s) 'example_params_trigger_ui' retrieved from /home/airflow/.local/lib/python3.12/site-packages/airflow/example_dags/example_params_trigger_ui.py
[2025-02-19T03:51:34.933+0000] {logging_mixin.py:190} INFO - [2025-02-19T03:51:34.932+0000] {override.py:1911} INFO - Created Permission View: can read on DAG:example_params_trigger_ui
[2025-02-19T03:51:34.954+0000] {logging_mixin.py:190} INFO - [2025-02-19T03:51:34.953+0000] {override.py:1911} INFO - Created Permission View: can delete on DAG:example_params_trigger_ui
[2025-02-19T03:51:34.973+0000] {logging_mixin.py:190} INFO - [2025-02-19T03:51:34.972+0000] {override.py:1911} INFO - Created Permission View: can edit on DAG:example_params_trigger_ui
[2025-02-19T03:51:34.997+0000] {logging_mixin.py:190} INFO - [2025-02-19T03:51:34.996+0000] {override.py:1911} INFO - Created Permission View: can read on DAG Run:example_params_trigger_ui
[2025-02-19T03:51:35.017+0000] {logging_mixin.py:190} INFO - [2025-02-19T03:51:35.016+0000] {override.py:1911} INFO - Created Permission View: can delete on DAG Run:example_params_trigger_ui
[2025-02-19T03:51:35.034+0000] {logging_mixin.py:190} INFO - [2025-02-19T03:51:35.034+0000] {override.py:1911} INFO - Created Permission View: can create on DAG Run:example_params_trigger_ui
[2025-02-19T03:51:35.051+0000] {logging_mixin.py:190} INFO - [2025-02-19T03:51:35.050+0000] {override.py:1911} INFO - Created Permission View: menu access on DAG Run:example_params_trigger_ui
[2025-02-19T03:51:35.052+0000] {logging_mixin.py:190} INFO - [2025-02-19T03:51:35.051+0000] {dag.py:3239} INFO - Sync 1 DAGs
[2025-02-19T03:51:35.089+0000] {logging_mixin.py:190} INFO - [2025-02-19T03:51:35.082+0000] {dag.py:3262} INFO - Creating ORM DAG for example_params_trigger_ui
[2025-02-19T03:51:35.162+0000] {logging_mixin.py:190} INFO - [2025-02-19T03:51:35.162+0000] {dag.py:4180} INFO - Setting next_dagrun for example_params_trigger_ui to None, run_after=None
[2025-02-19T03:51:35.216+0000] {processor.py:208} INFO - Processing /home/airflow/.local/lib/python3.12/site-packages/airflow/example_dags/example_params_trigger_ui.py took 0.572 seconds
[2025-02-19T03:52:06.239+0000] {processor.py:186} INFO - Started process (PID=182) to work on /home/airflow/.local/lib/python3.12/site-packages/airflow/example_dags/example_params_trigger_ui.py
[2025-02-19T03:52:06.240+0000] {processor.py:914} INFO - Processing file /home/airflow/.local/lib/python3.12/site-packages/airflow/example_dags/example_params_trigger_ui.py for tasks to queue
[2025-02-19T03:52:06.241+0000] {logging_mixin.py:190} INFO - [2025-02-19T03:52:06.241+0000] {dagbag.py:588} INFO - Filling up the DagBag from /home/airflow/.local/lib/python3.12/site-packages/airflow/example_dags/example_params_trigger_ui.py
[2025-02-19T03:52:06.258+0000] {processor.py:925} INFO - DAG(s) 'example_params_trigger_ui' retrieved from /home/airflow/.local/lib/python3.12/site-packages/airflow/example_dags/example_params_trigger_ui.py
[2025-02-19T03:52:06.323+0000] {logging_mixin.py:190} INFO - [2025-02-19T03:52:06.323+0000] {dag.py:3239} INFO - Sync 1 DAGs
[2025-02-19T03:52:06.342+0000] {logging_mixin.py:190} INFO - [2025-02-19T03:52:06.342+0000] {dag.py:4180} INFO - Setting next_dagrun for example_params_trigger_ui to None, run_after=None
[2025-02-19T03:52:06.373+0000] {processor.py:208} INFO - Processing /home/airflow/.local/lib/python3.12/site-packages/airflow/example_dags/example_params_trigger_ui.py took 0.141 seconds
[2025-02-19T03:52:36.528+0000] {processor.py:186} INFO - Started process (PID=246) to work on /home/airflow/.local/lib/python3.12/site-packages/airflow/example_dags/example_params_trigger_ui.py
[2025-02-19T03:52:36.529+0000] {processor.py:914} INFO - Processing file /home/airflow/.local/lib/python3.12/site-packages/airflow/example_dags/example_params_trigger_ui.py for tasks to queue
[2025-02-19T03:52:36.530+0000] {logging_mixin.py:190} INFO - [2025-02-19T03:52:36.530+0000] {dagbag.py:588} INFO - Filling up the DagBag from /home/airflow/.local/lib/python3.12/site-packages/airflow/example_dags/example_params_trigger_ui.py
[2025-02-19T03:52:36.543+0000] {processor.py:925} INFO - DAG(s) 'example_params_trigger_ui' retrieved from /home/airflow/.local/lib/python3.12/site-packages/airflow/example_dags/example_params_trigger_ui.py
[2025-02-19T03:52:36.588+0000] {logging_mixin.py:190} INFO - [2025-02-19T03:52:36.588+0000] {dag.py:3239} INFO - Sync 1 DAGs
[2025-02-19T03:52:36.602+0000] {logging_mixin.py:190} INFO - [2025-02-19T03:52:36.602+0000] {dag.py:4180} INFO - Setting next_dagrun for example_params_trigger_ui to None, run_after=None
[2025-02-19T03:52:36.626+0000] {processor.py:208} INFO - Processing /home/airflow/.local/lib/python3.12/site-packages/airflow/example_dags/example_params_trigger_ui.py took 0.105 seconds
[2025-02-19T03:53:07.398+0000] {processor.py:186} INFO - Started process (PID=314) to work on /home/airflow/.local/lib/python3.12/site-packages/airflow/example_dags/example_params_trigger_ui.py
[2025-02-19T03:53:07.399+0000] {processor.py:914} INFO - Processing file /home/airflow/.local/lib/python3.12/site-packages/airflow/example_dags/example_params_trigger_ui.py for tasks to queue
[2025-02-19T03:53:07.402+0000] {logging_mixin.py:190} INFO - [2025-02-19T03:53:07.401+0000] {dagbag.py:588} INFO - Filling up the DagBag from /home/airflow/.local/lib/python3.12/site-packages/airflow/example_dags/example_params_trigger_ui.py
[2025-02-19T03:53:07.429+0000] {processor.py:925} INFO - DAG(s) 'example_params_trigger_ui' retrieved from /home/airflow/.local/lib/python3.12/site-packages/airflow/example_dags/example_params_trigger_ui.py
[2025-02-19T03:53:07.533+0000] {logging_mixin.py:190} INFO - [2025-02-19T03:53:07.532+0000] {dag.py:3239} INFO - Sync 1 DAGs
[2025-02-19T03:53:07.563+0000] {logging_mixin.py:190} INFO - [2025-02-19T03:53:07.563+0000] {dag.py:4180} INFO - Setting next_dagrun for example_params_trigger_ui to None, run_after=None
[2025-02-19T03:53:07.601+0000] {processor.py:208} INFO - Processing /home/airflow/.local/lib/python3.12/site-packages/airflow/example_dags/example_params_trigger_ui.py took 0.222 seconds
[2025-02-19T03:53:37.785+0000] {processor.py:186} INFO - Started process (PID=377) to work on /home/airflow/.local/lib/python3.12/site-packages/airflow/example_dags/example_params_trigger_ui.py
[2025-02-19T03:53:37.786+0000] {processor.py:914} INFO - Processing file /home/airflow/.local/lib/python3.12/site-packages/airflow/example_dags/example_params_trigger_ui.py for tasks to queue
[2025-02-19T03:53:37.788+0000] {logging_mixin.py:190} INFO - [2025-02-19T03:53:37.788+0000] {dagbag.py:588} INFO - Filling up the DagBag from /home/airflow/.local/lib/python3.12/site-packages/airflow/example_dags/example_params_trigger_ui.py
[2025-02-19T03:53:37.808+0000] {processor.py:925} INFO - DAG(s) 'example_params_trigger_ui' retrieved from /home/airflow/.local/lib/python3.12/site-packages/airflow/example_dags/example_params_trigger_ui.py
[2025-02-19T03:53:37.895+0000] {logging_mixin.py:190} INFO - [2025-02-19T03:53:37.894+0000] {dag.py:3239} INFO - Sync 1 DAGs
[2025-02-19T03:53:37.922+0000] {logging_mixin.py:190} INFO - [2025-02-19T03:53:37.921+0000] {dag.py:4180} INFO - Setting next_dagrun for example_params_trigger_ui to None, run_after=None
[2025-02-19T03:53:37.965+0000] {processor.py:208} INFO - Processing /home/airflow/.local/lib/python3.12/site-packages/airflow/example_dags/example_params_trigger_ui.py took 0.188 seconds
[2025-02-19T03:54:09.246+0000] {processor.py:186} INFO - Started process (PID=441) to work on /home/airflow/.local/lib/python3.12/site-packages/airflow/example_dags/example_params_trigger_ui.py
[2025-02-19T03:54:09.248+0000] {processor.py:914} INFO - Processing file /home/airflow/.local/lib/python3.12/site-packages/airflow/example_dags/example_params_trigger_ui.py for tasks to queue
[2025-02-19T03:54:09.251+0000] {logging_mixin.py:190} INFO - [2025-02-19T03:54:09.251+0000] {dagbag.py:588} INFO - Filling up the DagBag from /home/airflow/.local/lib/python3.12/site-packages/airflow/example_dags/example_params_trigger_ui.py
[2025-02-19T03:54:09.290+0000] {processor.py:925} INFO - DAG(s) 'example_params_trigger_ui' retrieved from /home/airflow/.local/lib/python3.12/site-packages/airflow/example_dags/example_params_trigger_ui.py
[2025-02-19T03:54:09.397+0000] {logging_mixin.py:190} INFO - [2025-02-19T03:54:09.396+0000] {dag.py:3239} INFO - Sync 1 DAGs
[2025-02-19T03:54:09.452+0000] {logging_mixin.py:190} INFO - [2025-02-19T03:54:09.451+0000] {dag.py:4180} INFO - Setting next_dagrun for example_params_trigger_ui to None, run_after=None
[2025-02-19T03:54:09.506+0000] {processor.py:208} INFO - Processing /home/airflow/.local/lib/python3.12/site-packages/airflow/example_dags/example_params_trigger_ui.py took 0.279 seconds
[2025-02-19T03:54:39.930+0000] {processor.py:186} INFO - Started process (PID=505) to work on /home/airflow/.local/lib/python3.12/site-packages/airflow/example_dags/example_params_trigger_ui.py
[2025-02-19T03:54:39.932+0000] {processor.py:914} INFO - Processing file /home/airflow/.local/lib/python3.12/site-packages/airflow/example_dags/example_params_trigger_ui.py for tasks to queue
[2025-02-19T03:54:39.935+0000] {logging_mixin.py:190} INFO - [2025-02-19T03:54:39.934+0000] {dagbag.py:588} INFO - Filling up the DagBag from /home/airflow/.local/lib/python3.12/site-packages/airflow/example_dags/example_params_trigger_ui.py
[2025-02-19T03:54:39.963+0000] {processor.py:925} INFO - DAG(s) 'example_params_trigger_ui' retrieved from /home/airflow/.local/lib/python3.12/site-packages/airflow/example_dags/example_params_trigger_ui.py
[2025-02-19T03:54:40.044+0000] {logging_mixin.py:190} INFO - [2025-02-19T03:54:40.044+0000] {dag.py:3239} INFO - Sync 1 DAGs
[2025-02-19T03:54:40.066+0000] {logging_mixin.py:190} INFO - [2025-02-19T03:54:40.066+0000] {dag.py:4180} INFO - Setting next_dagrun for example_params_trigger_ui to None, run_after=None
[2025-02-19T03:54:40.095+0000] {processor.py:208} INFO - Processing /home/airflow/.local/lib/python3.12/site-packages/airflow/example_dags/example_params_trigger_ui.py took 0.174 seconds
[2025-02-19T03:55:10.185+0000] {processor.py:186} INFO - Started process (PID=568) to work on /home/airflow/.local/lib/python3.12/site-packages/airflow/example_dags/example_params_trigger_ui.py
[2025-02-19T03:55:10.186+0000] {processor.py:914} INFO - Processing file /home/airflow/.local/lib/python3.12/site-packages/airflow/example_dags/example_params_trigger_ui.py for tasks to queue
[2025-02-19T03:55:10.188+0000] {logging_mixin.py:190} INFO - [2025-02-19T03:55:10.188+0000] {dagbag.py:588} INFO - Filling up the DagBag from /home/airflow/.local/lib/python3.12/site-packages/airflow/example_dags/example_params_trigger_ui.py
[2025-02-19T03:55:10.203+0000] {processor.py:925} INFO - DAG(s) 'example_params_trigger_ui' retrieved from /home/airflow/.local/lib/python3.12/site-packages/airflow/example_dags/example_params_trigger_ui.py
[2025-02-19T03:55:10.253+0000] {logging_mixin.py:190} INFO - [2025-02-19T03:55:10.253+0000] {dag.py:3239} INFO - Sync 1 DAGs
[2025-02-19T03:55:10.272+0000] {logging_mixin.py:190} INFO - [2025-02-19T03:55:10.271+0000] {dag.py:4180} INFO - Setting next_dagrun for example_params_trigger_ui to None, run_after=None
[2025-02-19T03:55:10.306+0000] {processor.py:208} INFO - Processing /home/airflow/.local/lib/python3.12/site-packages/airflow/example_dags/example_params_trigger_ui.py took 0.128 seconds
[2025-02-19T03:55:41.267+0000] {processor.py:186} INFO - Started process (PID=636) to work on /home/airflow/.local/lib/python3.12/site-packages/airflow/example_dags/example_params_trigger_ui.py
[2025-02-19T03:55:41.268+0000] {processor.py:914} INFO - Processing file /home/airflow/.local/lib/python3.12/site-packages/airflow/example_dags/example_params_trigger_ui.py for tasks to queue
[2025-02-19T03:55:41.271+0000] {logging_mixin.py:190} INFO - [2025-02-19T03:55:41.271+0000] {dagbag.py:588} INFO - Filling up the DagBag from /home/airflow/.local/lib/python3.12/site-packages/airflow/example_dags/example_params_trigger_ui.py
[2025-02-19T03:55:41.289+0000] {processor.py:925} INFO - DAG(s) 'example_params_trigger_ui' retrieved from /home/airflow/.local/lib/python3.12/site-packages/airflow/example_dags/example_params_trigger_ui.py
[2025-02-19T03:55:41.359+0000] {logging_mixin.py:190} INFO - [2025-02-19T03:55:41.359+0000] {dag.py:3239} INFO - Sync 1 DAGs
[2025-02-19T03:55:41.384+0000] {logging_mixin.py:190} INFO - [2025-02-19T03:55:41.384+0000] {dag.py:4180} INFO - Setting next_dagrun for example_params_trigger_ui to None, run_after=None
[2025-02-19T03:55:41.415+0000] {processor.py:208} INFO - Processing /home/airflow/.local/lib/python3.12/site-packages/airflow/example_dags/example_params_trigger_ui.py took 0.156 seconds
[2025-02-19T03:56:12.495+0000] {processor.py:186} INFO - Started process (PID=700) to work on /home/airflow/.local/lib/python3.12/site-packages/airflow/example_dags/example_params_trigger_ui.py
[2025-02-19T03:56:12.496+0000] {processor.py:914} INFO - Processing file /home/airflow/.local/lib/python3.12/site-packages/airflow/example_dags/example_params_trigger_ui.py for tasks to queue
[2025-02-19T03:56:12.498+0000] {logging_mixin.py:190} INFO - [2025-02-19T03:56:12.497+0000] {dagbag.py:588} INFO - Filling up the DagBag from /home/airflow/.local/lib/python3.12/site-packages/airflow/example_dags/example_params_trigger_ui.py
[2025-02-19T03:56:12.512+0000] {processor.py:925} INFO - DAG(s) 'example_params_trigger_ui' retrieved from /home/airflow/.local/lib/python3.12/site-packages/airflow/example_dags/example_params_trigger_ui.py
[2025-02-19T03:56:12.554+0000] {logging_mixin.py:190} INFO - [2025-02-19T03:56:12.554+0000] {dag.py:3239} INFO - Sync 1 DAGs
[2025-02-19T03:56:12.568+0000] {logging_mixin.py:190} INFO - [2025-02-19T03:56:12.568+0000] {dag.py:4180} INFO - Setting next_dagrun for example_params_trigger_ui to None, run_after=None
[2025-02-19T03:56:12.589+0000] {processor.py:208} INFO - Processing /home/airflow/.local/lib/python3.12/site-packages/airflow/example_dags/example_params_trigger_ui.py took 0.100 seconds
[2025-02-19T03:56:43.647+0000] {processor.py:186} INFO - Started process (PID=764) to work on /home/airflow/.local/lib/python3.12/site-packages/airflow/example_dags/example_params_trigger_ui.py
[2025-02-19T03:56:43.648+0000] {processor.py:914} INFO - Processing file /home/airflow/.local/lib/python3.12/site-packages/airflow/example_dags/example_params_trigger_ui.py for tasks to queue
[2025-02-19T03:56:43.650+0000] {logging_mixin.py:190} INFO - [2025-02-19T03:56:43.649+0000] {dagbag.py:588} INFO - Filling up the DagBag from /home/airflow/.local/lib/python3.12/site-packages/airflow/example_dags/example_params_trigger_ui.py
[2025-02-19T03:56:43.662+0000] {processor.py:925} INFO - DAG(s) 'example_params_trigger_ui' retrieved from /home/airflow/.local/lib/python3.12/site-packages/airflow/example_dags/example_params_trigger_ui.py
[2025-02-19T03:56:43.716+0000] {logging_mixin.py:190} INFO - [2025-02-19T03:56:43.715+0000] {dag.py:3239} INFO - Sync 1 DAGs
[2025-02-19T03:56:43.737+0000] {logging_mixin.py:190} INFO - [2025-02-19T03:56:43.737+0000] {dag.py:4180} INFO - Setting next_dagrun for example_params_trigger_ui to None, run_after=None
[2025-02-19T03:56:43.762+0000] {processor.py:208} INFO - Processing /home/airflow/.local/lib/python3.12/site-packages/airflow/example_dags/example_params_trigger_ui.py took 0.120 seconds
[2025-02-19T03:57:14.981+0000] {processor.py:186} INFO - Started process (PID=828) to work on /home/airflow/.local/lib/python3.12/site-packages/airflow/example_dags/example_params_trigger_ui.py
[2025-02-19T03:57:14.984+0000] {processor.py:914} INFO - Processing file /home/airflow/.local/lib/python3.12/site-packages/airflow/example_dags/example_params_trigger_ui.py for tasks to queue
[2025-02-19T03:57:14.987+0000] {logging_mixin.py:190} INFO - [2025-02-19T03:57:14.986+0000] {dagbag.py:588} INFO - Filling up the DagBag from /home/airflow/.local/lib/python3.12/site-packages/airflow/example_dags/example_params_trigger_ui.py
[2025-02-19T03:57:15.011+0000] {processor.py:925} INFO - DAG(s) 'example_params_trigger_ui' retrieved from /home/airflow/.local/lib/python3.12/site-packages/airflow/example_dags/example_params_trigger_ui.py
[2025-02-19T03:57:15.182+0000] {logging_mixin.py:190} INFO - [2025-02-19T03:57:15.181+0000] {dag.py:3239} INFO - Sync 1 DAGs
[2025-02-19T03:57:15.249+0000] {logging_mixin.py:190} INFO - [2025-02-19T03:57:15.249+0000] {dag.py:4180} INFO - Setting next_dagrun for example_params_trigger_ui to None, run_after=None
[2025-02-19T03:57:15.337+0000] {processor.py:208} INFO - Processing /home/airflow/.local/lib/python3.12/site-packages/airflow/example_dags/example_params_trigger_ui.py took 0.365 seconds
[2025-02-19T03:57:45.992+0000] {processor.py:186} INFO - Started process (PID=892) to work on /home/airflow/.local/lib/python3.12/site-packages/airflow/example_dags/example_params_trigger_ui.py
[2025-02-19T03:57:45.993+0000] {processor.py:914} INFO - Processing file /home/airflow/.local/lib/python3.12/site-packages/airflow/example_dags/example_params_trigger_ui.py for tasks to queue
[2025-02-19T03:57:45.995+0000] {logging_mixin.py:190} INFO - [2025-02-19T03:57:45.995+0000] {dagbag.py:588} INFO - Filling up the DagBag from /home/airflow/.local/lib/python3.12/site-packages/airflow/example_dags/example_params_trigger_ui.py
[2025-02-19T03:57:46.012+0000] {processor.py:925} INFO - DAG(s) 'example_params_trigger_ui' retrieved from /home/airflow/.local/lib/python3.12/site-packages/airflow/example_dags/example_params_trigger_ui.py
[2025-02-19T03:57:46.062+0000] {logging_mixin.py:190} INFO - [2025-02-19T03:57:46.061+0000] {dag.py:3239} INFO - Sync 1 DAGs
[2025-02-19T03:57:46.078+0000] {logging_mixin.py:190} INFO - [2025-02-19T03:57:46.078+0000] {dag.py:4180} INFO - Setting next_dagrun for example_params_trigger_ui to None, run_after=None
[2025-02-19T03:57:46.106+0000] {processor.py:208} INFO - Processing /home/airflow/.local/lib/python3.12/site-packages/airflow/example_dags/example_params_trigger_ui.py took 0.121 seconds
[2025-02-19T03:58:16.547+0000] {processor.py:186} INFO - Started process (PID=955) to work on /home/airflow/.local/lib/python3.12/site-packages/airflow/example_dags/example_params_trigger_ui.py
[2025-02-19T03:58:16.548+0000] {processor.py:914} INFO - Processing file /home/airflow/.local/lib/python3.12/site-packages/airflow/example_dags/example_params_trigger_ui.py for tasks to queue
[2025-02-19T03:58:16.550+0000] {logging_mixin.py:190} INFO - [2025-02-19T03:58:16.550+0000] {dagbag.py:588} INFO - Filling up the DagBag from /home/airflow/.local/lib/python3.12/site-packages/airflow/example_dags/example_params_trigger_ui.py
[2025-02-19T03:58:16.564+0000] {processor.py:925} INFO - DAG(s) 'example_params_trigger_ui' retrieved from /home/airflow/.local/lib/python3.12/site-packages/airflow/example_dags/example_params_trigger_ui.py
[2025-02-19T03:58:16.617+0000] {logging_mixin.py:190} INFO - [2025-02-19T03:58:16.616+0000] {dag.py:3239} INFO - Sync 1 DAGs
[2025-02-19T03:58:16.637+0000] {logging_mixin.py:190} INFO - [2025-02-19T03:58:16.636+0000] {dag.py:4180} INFO - Setting next_dagrun for example_params_trigger_ui to None, run_after=None
[2025-02-19T03:58:16.663+0000] {processor.py:208} INFO - Processing /home/airflow/.local/lib/python3.12/site-packages/airflow/example_dags/example_params_trigger_ui.py took 0.123 seconds
[2025-02-19T03:58:47.319+0000] {processor.py:186} INFO - Started process (PID=1019) to work on /home/airflow/.local/lib/python3.12/site-packages/airflow/example_dags/example_params_trigger_ui.py
[2025-02-19T03:58:47.320+0000] {processor.py:914} INFO - Processing file /home/airflow/.local/lib/python3.12/site-packages/airflow/example_dags/example_params_trigger_ui.py for tasks to queue
[2025-02-19T03:58:47.322+0000] {logging_mixin.py:190} INFO - [2025-02-19T03:58:47.321+0000] {dagbag.py:588} INFO - Filling up the DagBag from /home/airflow/.local/lib/python3.12/site-packages/airflow/example_dags/example_params_trigger_ui.py
[2025-02-19T03:58:47.336+0000] {processor.py:925} INFO - DAG(s) 'example_params_trigger_ui' retrieved from /home/airflow/.local/lib/python3.12/site-packages/airflow/example_dags/example_params_trigger_ui.py
[2025-02-19T03:58:47.405+0000] {logging_mixin.py:190} INFO - [2025-02-19T03:58:47.404+0000] {dag.py:3239} INFO - Sync 1 DAGs
[2025-02-19T03:58:47.426+0000] {logging_mixin.py:190} INFO - [2025-02-19T03:58:47.426+0000] {dag.py:4180} INFO - Setting next_dagrun for example_params_trigger_ui to None, run_after=None
[2025-02-19T03:58:47.457+0000] {processor.py:208} INFO - Processing /home/airflow/.local/lib/python3.12/site-packages/airflow/example_dags/example_params_trigger_ui.py took 0.144 seconds
[2025-02-19T03:59:18.181+0000] {processor.py:186} INFO - Started process (PID=1082) to work on /home/airflow/.local/lib/python3.12/site-packages/airflow/example_dags/example_params_trigger_ui.py
[2025-02-19T03:59:18.182+0000] {processor.py:914} INFO - Processing file /home/airflow/.local/lib/python3.12/site-packages/airflow/example_dags/example_params_trigger_ui.py for tasks to queue
[2025-02-19T03:59:18.184+0000] {logging_mixin.py:190} INFO - [2025-02-19T03:59:18.183+0000] {dagbag.py:588} INFO - Filling up the DagBag from /home/airflow/.local/lib/python3.12/site-packages/airflow/example_dags/example_params_trigger_ui.py
[2025-02-19T03:59:18.200+0000] {processor.py:925} INFO - DAG(s) 'example_params_trigger_ui' retrieved from /home/airflow/.local/lib/python3.12/site-packages/airflow/example_dags/example_params_trigger_ui.py
[2025-02-19T03:59:18.249+0000] {logging_mixin.py:190} INFO - [2025-02-19T03:59:18.248+0000] {dag.py:3239} INFO - Sync 1 DAGs
[2025-02-19T03:59:18.265+0000] {logging_mixin.py:190} INFO - [2025-02-19T03:59:18.264+0000] {dag.py:4180} INFO - Setting next_dagrun for example_params_trigger_ui to None, run_after=None
[2025-02-19T03:59:18.294+0000] {processor.py:208} INFO - Processing /home/airflow/.local/lib/python3.12/site-packages/airflow/example_dags/example_params_trigger_ui.py took 0.119 seconds
[2025-02-19T03:59:49.029+0000] {processor.py:186} INFO - Started process (PID=1146) to work on /home/airflow/.local/lib/python3.12/site-packages/airflow/example_dags/example_params_trigger_ui.py
[2025-02-19T03:59:49.030+0000] {processor.py:914} INFO - Processing file /home/airflow/.local/lib/python3.12/site-packages/airflow/example_dags/example_params_trigger_ui.py for tasks to queue
[2025-02-19T03:59:49.033+0000] {logging_mixin.py:190} INFO - [2025-02-19T03:59:49.032+0000] {dagbag.py:588} INFO - Filling up the DagBag from /home/airflow/.local/lib/python3.12/site-packages/airflow/example_dags/example_params_trigger_ui.py
[2025-02-19T03:59:49.061+0000] {processor.py:925} INFO - DAG(s) 'example_params_trigger_ui' retrieved from /home/airflow/.local/lib/python3.12/site-packages/airflow/example_dags/example_params_trigger_ui.py
[2025-02-19T03:59:49.154+0000] {logging_mixin.py:190} INFO - [2025-02-19T03:59:49.154+0000] {dag.py:3239} INFO - Sync 1 DAGs
[2025-02-19T03:59:49.183+0000] {logging_mixin.py:190} INFO - [2025-02-19T03:59:49.183+0000] {dag.py:4180} INFO - Setting next_dagrun for example_params_trigger_ui to None, run_after=None
[2025-02-19T03:59:49.222+0000] {processor.py:208} INFO - Processing /home/airflow/.local/lib/python3.12/site-packages/airflow/example_dags/example_params_trigger_ui.py took 0.205 seconds
[2025-02-19T04:00:19.370+0000] {processor.py:186} INFO - Started process (PID=1210) to work on /home/airflow/.local/lib/python3.12/site-packages/airflow/example_dags/example_params_trigger_ui.py
[2025-02-19T04:00:19.371+0000] {processor.py:914} INFO - Processing file /home/airflow/.local/lib/python3.12/site-packages/airflow/example_dags/example_params_trigger_ui.py for tasks to queue
[2025-02-19T04:00:19.372+0000] {logging_mixin.py:190} INFO - [2025-02-19T04:00:19.372+0000] {dagbag.py:588} INFO - Filling up the DagBag from /home/airflow/.local/lib/python3.12/site-packages/airflow/example_dags/example_params_trigger_ui.py
[2025-02-19T04:00:19.385+0000] {processor.py:925} INFO - DAG(s) 'example_params_trigger_ui' retrieved from /home/airflow/.local/lib/python3.12/site-packages/airflow/example_dags/example_params_trigger_ui.py
[2025-02-19T04:00:19.432+0000] {logging_mixin.py:190} INFO - [2025-02-19T04:00:19.431+0000] {dag.py:3239} INFO - Sync 1 DAGs
[2025-02-19T04:00:19.449+0000] {logging_mixin.py:190} INFO - [2025-02-19T04:00:19.449+0000] {dag.py:4180} INFO - Setting next_dagrun for example_params_trigger_ui to None, run_after=None
[2025-02-19T04:00:19.477+0000] {processor.py:208} INFO - Processing /home/airflow/.local/lib/python3.12/site-packages/airflow/example_dags/example_params_trigger_ui.py took 0.113 seconds
[2025-02-19T04:00:49.605+0000] {processor.py:186} INFO - Started process (PID=1274) to work on /home/airflow/.local/lib/python3.12/site-packages/airflow/example_dags/example_params_trigger_ui.py
[2025-02-19T04:00:49.606+0000] {processor.py:914} INFO - Processing file /home/airflow/.local/lib/python3.12/site-packages/airflow/example_dags/example_params_trigger_ui.py for tasks to queue
[2025-02-19T04:00:49.607+0000] {logging_mixin.py:190} INFO - [2025-02-19T04:00:49.607+0000] {dagbag.py:588} INFO - Filling up the DagBag from /home/airflow/.local/lib/python3.12/site-packages/airflow/example_dags/example_params_trigger_ui.py
[2025-02-19T04:00:49.619+0000] {processor.py:925} INFO - DAG(s) 'example_params_trigger_ui' retrieved from /home/airflow/.local/lib/python3.12/site-packages/airflow/example_dags/example_params_trigger_ui.py
[2025-02-19T04:00:49.674+0000] {logging_mixin.py:190} INFO - [2025-02-19T04:00:49.673+0000] {dag.py:3239} INFO - Sync 1 DAGs
[2025-02-19T04:00:49.689+0000] {logging_mixin.py:190} INFO - [2025-02-19T04:00:49.689+0000] {dag.py:4180} INFO - Setting next_dagrun for example_params_trigger_ui to None, run_after=None
[2025-02-19T04:00:49.716+0000] {processor.py:208} INFO - Processing /home/airflow/.local/lib/python3.12/site-packages/airflow/example_dags/example_params_trigger_ui.py took 0.118 seconds
[2025-02-19T04:01:20.679+0000] {processor.py:186} INFO - Started process (PID=1344) to work on /home/airflow/.local/lib/python3.12/site-packages/airflow/example_dags/example_params_trigger_ui.py
[2025-02-19T04:01:20.681+0000] {processor.py:914} INFO - Processing file /home/airflow/.local/lib/python3.12/site-packages/airflow/example_dags/example_params_trigger_ui.py for tasks to queue
[2025-02-19T04:01:20.684+0000] {logging_mixin.py:190} INFO - [2025-02-19T04:01:20.683+0000] {dagbag.py:588} INFO - Filling up the DagBag from /home/airflow/.local/lib/python3.12/site-packages/airflow/example_dags/example_params_trigger_ui.py
[2025-02-19T04:01:20.699+0000] {processor.py:925} INFO - DAG(s) 'example_params_trigger_ui' retrieved from /home/airflow/.local/lib/python3.12/site-packages/airflow/example_dags/example_params_trigger_ui.py
[2025-02-19T04:01:20.754+0000] {logging_mixin.py:190} INFO - [2025-02-19T04:01:20.754+0000] {dag.py:3239} INFO - Sync 1 DAGs
[2025-02-19T04:01:20.770+0000] {logging_mixin.py:190} INFO - [2025-02-19T04:01:20.770+0000] {dag.py:4180} INFO - Setting next_dagrun for example_params_trigger_ui to None, run_after=None
[2025-02-19T04:01:20.792+0000] {processor.py:208} INFO - Processing /home/airflow/.local/lib/python3.12/site-packages/airflow/example_dags/example_params_trigger_ui.py took 0.122 seconds
[2025-02-19T04:01:51.609+0000] {processor.py:186} INFO - Started process (PID=1407) to work on /home/airflow/.local/lib/python3.12/site-packages/airflow/example_dags/example_params_trigger_ui.py
[2025-02-19T04:01:51.617+0000] {processor.py:914} INFO - Processing file /home/airflow/.local/lib/python3.12/site-packages/airflow/example_dags/example_params_trigger_ui.py for tasks to queue
[2025-02-19T04:01:51.629+0000] {logging_mixin.py:190} INFO - [2025-02-19T04:01:51.628+0000] {dagbag.py:588} INFO - Filling up the DagBag from /home/airflow/.local/lib/python3.12/site-packages/airflow/example_dags/example_params_trigger_ui.py
[2025-02-19T04:01:51.687+0000] {processor.py:925} INFO - DAG(s) 'example_params_trigger_ui' retrieved from /home/airflow/.local/lib/python3.12/site-packages/airflow/example_dags/example_params_trigger_ui.py
[2025-02-19T04:01:51.932+0000] {logging_mixin.py:190} INFO - [2025-02-19T04:01:51.931+0000] {dag.py:3239} INFO - Sync 1 DAGs
[2025-02-19T04:01:52.028+0000] {logging_mixin.py:190} INFO - [2025-02-19T04:01:52.027+0000] {dag.py:4180} INFO - Setting next_dagrun for example_params_trigger_ui to None, run_after=None
[2025-02-19T04:01:52.153+0000] {processor.py:208} INFO - Processing /home/airflow/.local/lib/python3.12/site-packages/airflow/example_dags/example_params_trigger_ui.py took 0.583 seconds
