[2025-02-19T03:51:26.910+0000] {processor.py:186} INFO - Started process (PID=90) to work on /home/airflow/.local/lib/python3.12/site-packages/airflow/example_dags/example_inlet_event_extra.py
[2025-02-19T03:51:26.911+0000] {processor.py:914} INFO - Processing file /home/airflow/.local/lib/python3.12/site-packages/airflow/example_dags/example_inlet_event_extra.py for tasks to queue
[2025-02-19T03:51:26.914+0000] {logging_mixin.py:190} INFO - [2025-02-19T03:51:26.913+0000] {dagbag.py:588} INFO - Filling up the DagBag from /home/airflow/.local/lib/python3.12/site-packages/airflow/example_dags/example_inlet_event_extra.py
[2025-02-19T03:51:27.816+0000] {processor.py:925} INFO - DAG(s) 'read_dataset_event_from_classic', 'read_dataset_event' retrieved from /home/airflow/.local/lib/python3.12/site-packages/airflow/example_dags/example_inlet_event_extra.py
[2025-02-19T03:51:28.041+0000] {logging_mixin.py:190} INFO - [2025-02-19T03:51:28.040+0000] {override.py:1911} INFO - Created Permission View: can read on DAG:read_dataset_event_from_classic
[2025-02-19T03:51:28.059+0000] {logging_mixin.py:190} INFO - [2025-02-19T03:51:28.058+0000] {override.py:1911} INFO - Created Permission View: can delete on DAG:read_dataset_event_from_classic
[2025-02-19T03:51:28.072+0000] {logging_mixin.py:190} INFO - [2025-02-19T03:51:28.072+0000] {override.py:1911} INFO - Created Permission View: can edit on DAG:read_dataset_event_from_classic
[2025-02-19T03:51:28.089+0000] {logging_mixin.py:190} INFO - [2025-02-19T03:51:28.089+0000] {override.py:1911} INFO - Created Permission View: can read on DAG Run:read_dataset_event_from_classic
[2025-02-19T03:51:28.105+0000] {logging_mixin.py:190} INFO - [2025-02-19T03:51:28.104+0000] {override.py:1911} INFO - Created Permission View: can delete on DAG Run:read_dataset_event_from_classic
[2025-02-19T03:51:28.125+0000] {logging_mixin.py:190} INFO - [2025-02-19T03:51:28.125+0000] {override.py:1911} INFO - Created Permission View: can create on DAG Run:read_dataset_event_from_classic
[2025-02-19T03:51:28.159+0000] {logging_mixin.py:190} INFO - [2025-02-19T03:51:28.158+0000] {override.py:1911} INFO - Created Permission View: menu access on DAG Run:read_dataset_event_from_classic
[2025-02-19T03:51:28.191+0000] {logging_mixin.py:190} INFO - [2025-02-19T03:51:28.190+0000] {override.py:1911} INFO - Created Permission View: can read on DAG:read_dataset_event
[2025-02-19T03:51:28.207+0000] {logging_mixin.py:190} INFO - [2025-02-19T03:51:28.207+0000] {override.py:1911} INFO - Created Permission View: can delete on DAG:read_dataset_event
[2025-02-19T03:51:28.220+0000] {logging_mixin.py:190} INFO - [2025-02-19T03:51:28.220+0000] {override.py:1911} INFO - Created Permission View: can edit on DAG:read_dataset_event
[2025-02-19T03:51:28.234+0000] {logging_mixin.py:190} INFO - [2025-02-19T03:51:28.234+0000] {override.py:1911} INFO - Created Permission View: can read on DAG Run:read_dataset_event
[2025-02-19T03:51:28.247+0000] {logging_mixin.py:190} INFO - [2025-02-19T03:51:28.247+0000] {override.py:1911} INFO - Created Permission View: can delete on DAG Run:read_dataset_event
[2025-02-19T03:51:28.258+0000] {logging_mixin.py:190} INFO - [2025-02-19T03:51:28.257+0000] {override.py:1911} INFO - Created Permission View: can create on DAG Run:read_dataset_event
[2025-02-19T03:51:28.269+0000] {logging_mixin.py:190} INFO - [2025-02-19T03:51:28.268+0000] {override.py:1911} INFO - Created Permission View: menu access on DAG Run:read_dataset_event
[2025-02-19T03:51:28.271+0000] {logging_mixin.py:190} INFO - [2025-02-19T03:51:28.271+0000] {dag.py:3239} INFO - Sync 2 DAGs
[2025-02-19T03:51:28.291+0000] {logging_mixin.py:190} INFO - [2025-02-19T03:51:28.291+0000] {dag.py:3262} INFO - Creating ORM DAG for read_dataset_event
[2025-02-19T03:51:28.293+0000] {logging_mixin.py:190} INFO - [2025-02-19T03:51:28.292+0000] {dag.py:3262} INFO - Creating ORM DAG for read_dataset_event_from_classic
[2025-02-19T03:51:28.309+0000] {logging_mixin.py:190} INFO - [2025-02-19T03:51:28.309+0000] {dag.py:4180} INFO - Setting next_dagrun for read_dataset_event to 2025-02-18 00:00:00+00:00, run_after=2025-02-19 00:00:00+00:00
[2025-02-19T03:51:28.313+0000] {logging_mixin.py:190} INFO - [2025-02-19T03:51:28.313+0000] {dag.py:4180} INFO - Setting next_dagrun for read_dataset_event_from_classic to 2025-02-18 00:00:00+00:00, run_after=2025-02-19 00:00:00+00:00
[2025-02-19T03:51:28.344+0000] {processor.py:208} INFO - Processing /home/airflow/.local/lib/python3.12/site-packages/airflow/example_dags/example_inlet_event_extra.py took 1.442 seconds
[2025-02-19T03:51:58.908+0000] {processor.py:186} INFO - Started process (PID=154) to work on /home/airflow/.local/lib/python3.12/site-packages/airflow/example_dags/example_inlet_event_extra.py
[2025-02-19T03:51:58.909+0000] {processor.py:914} INFO - Processing file /home/airflow/.local/lib/python3.12/site-packages/airflow/example_dags/example_inlet_event_extra.py for tasks to queue
[2025-02-19T03:51:58.911+0000] {logging_mixin.py:190} INFO - [2025-02-19T03:51:58.910+0000] {dagbag.py:588} INFO - Filling up the DagBag from /home/airflow/.local/lib/python3.12/site-packages/airflow/example_dags/example_inlet_event_extra.py
[2025-02-19T03:52:00.257+0000] {processor.py:925} INFO - DAG(s) 'read_dataset_event_from_classic', 'read_dataset_event' retrieved from /home/airflow/.local/lib/python3.12/site-packages/airflow/example_dags/example_inlet_event_extra.py
[2025-02-19T03:52:00.309+0000] {logging_mixin.py:190} INFO - [2025-02-19T03:52:00.308+0000] {dag.py:3239} INFO - Sync 2 DAGs
[2025-02-19T03:52:00.370+0000] {logging_mixin.py:190} INFO - [2025-02-19T03:52:00.370+0000] {dag.py:4180} INFO - Setting next_dagrun for read_dataset_event to 2025-02-18 00:00:00+00:00, run_after=2025-02-19 00:00:00+00:00
[2025-02-19T03:52:00.401+0000] {logging_mixin.py:190} INFO - [2025-02-19T03:52:00.400+0000] {dag.py:4180} INFO - Setting next_dagrun for read_dataset_event_from_classic to 2025-02-18 00:00:00+00:00, run_after=2025-02-19 00:00:00+00:00
[2025-02-19T03:52:00.462+0000] {processor.py:208} INFO - Processing /home/airflow/.local/lib/python3.12/site-packages/airflow/example_dags/example_inlet_event_extra.py took 1.564 seconds
[2025-02-19T03:52:30.570+0000] {processor.py:186} INFO - Started process (PID=221) to work on /home/airflow/.local/lib/python3.12/site-packages/airflow/example_dags/example_inlet_event_extra.py
[2025-02-19T03:52:30.572+0000] {processor.py:914} INFO - Processing file /home/airflow/.local/lib/python3.12/site-packages/airflow/example_dags/example_inlet_event_extra.py for tasks to queue
[2025-02-19T03:52:30.573+0000] {logging_mixin.py:190} INFO - [2025-02-19T03:52:30.573+0000] {dagbag.py:588} INFO - Filling up the DagBag from /home/airflow/.local/lib/python3.12/site-packages/airflow/example_dags/example_inlet_event_extra.py
[2025-02-19T03:52:31.405+0000] {processor.py:925} INFO - DAG(s) 'read_dataset_event', 'read_dataset_event_from_classic' retrieved from /home/airflow/.local/lib/python3.12/site-packages/airflow/example_dags/example_inlet_event_extra.py
[2025-02-19T03:52:31.439+0000] {logging_mixin.py:190} INFO - [2025-02-19T03:52:31.438+0000] {dag.py:3239} INFO - Sync 2 DAGs
[2025-02-19T03:52:31.473+0000] {logging_mixin.py:190} INFO - [2025-02-19T03:52:31.473+0000] {dag.py:4180} INFO - Setting next_dagrun for read_dataset_event to 2025-02-18 00:00:00+00:00, run_after=2025-02-19 00:00:00+00:00
[2025-02-19T03:52:31.480+0000] {logging_mixin.py:190} INFO - [2025-02-19T03:52:31.479+0000] {dag.py:4180} INFO - Setting next_dagrun for read_dataset_event_from_classic to 2025-02-18 00:00:00+00:00, run_after=2025-02-19 00:00:00+00:00
[2025-02-19T03:52:31.502+0000] {processor.py:208} INFO - Processing /home/airflow/.local/lib/python3.12/site-packages/airflow/example_dags/example_inlet_event_extra.py took 0.939 seconds
[2025-02-19T03:53:01.667+0000] {processor.py:186} INFO - Started process (PID=286) to work on /home/airflow/.local/lib/python3.12/site-packages/airflow/example_dags/example_inlet_event_extra.py
[2025-02-19T03:53:01.668+0000] {processor.py:914} INFO - Processing file /home/airflow/.local/lib/python3.12/site-packages/airflow/example_dags/example_inlet_event_extra.py for tasks to queue
[2025-02-19T03:53:01.669+0000] {logging_mixin.py:190} INFO - [2025-02-19T03:53:01.669+0000] {dagbag.py:588} INFO - Filling up the DagBag from /home/airflow/.local/lib/python3.12/site-packages/airflow/example_dags/example_inlet_event_extra.py
[2025-02-19T03:53:02.467+0000] {processor.py:925} INFO - DAG(s) 'read_dataset_event_from_classic', 'read_dataset_event' retrieved from /home/airflow/.local/lib/python3.12/site-packages/airflow/example_dags/example_inlet_event_extra.py
[2025-02-19T03:53:02.497+0000] {logging_mixin.py:190} INFO - [2025-02-19T03:53:02.497+0000] {dag.py:3239} INFO - Sync 2 DAGs
[2025-02-19T03:53:02.555+0000] {logging_mixin.py:190} INFO - [2025-02-19T03:53:02.554+0000] {dag.py:4180} INFO - Setting next_dagrun for read_dataset_event to 2025-02-18 00:00:00+00:00, run_after=2025-02-19 00:00:00+00:00
[2025-02-19T03:53:02.573+0000] {logging_mixin.py:190} INFO - [2025-02-19T03:53:02.573+0000] {dag.py:4180} INFO - Setting next_dagrun for read_dataset_event_from_classic to 2025-02-18 00:00:00+00:00, run_after=2025-02-19 00:00:00+00:00
[2025-02-19T03:53:02.620+0000] {processor.py:208} INFO - Processing /home/airflow/.local/lib/python3.12/site-packages/airflow/example_dags/example_inlet_event_extra.py took 0.961 seconds
[2025-02-19T03:53:32.727+0000] {processor.py:186} INFO - Started process (PID=357) to work on /home/airflow/.local/lib/python3.12/site-packages/airflow/example_dags/example_inlet_event_extra.py
[2025-02-19T03:53:32.740+0000] {processor.py:914} INFO - Processing file /home/airflow/.local/lib/python3.12/site-packages/airflow/example_dags/example_inlet_event_extra.py for tasks to queue
[2025-02-19T03:53:32.748+0000] {logging_mixin.py:190} INFO - [2025-02-19T03:53:32.747+0000] {dagbag.py:588} INFO - Filling up the DagBag from /home/airflow/.local/lib/python3.12/site-packages/airflow/example_dags/example_inlet_event_extra.py
[2025-02-19T03:53:33.676+0000] {processor.py:925} INFO - DAG(s) 'read_dataset_event_from_classic', 'read_dataset_event' retrieved from /home/airflow/.local/lib/python3.12/site-packages/airflow/example_dags/example_inlet_event_extra.py
[2025-02-19T03:53:33.706+0000] {logging_mixin.py:190} INFO - [2025-02-19T03:53:33.706+0000] {dag.py:3239} INFO - Sync 2 DAGs
[2025-02-19T03:53:33.740+0000] {logging_mixin.py:190} INFO - [2025-02-19T03:53:33.740+0000] {dag.py:4180} INFO - Setting next_dagrun for read_dataset_event to 2025-02-18 00:00:00+00:00, run_after=2025-02-19 00:00:00+00:00
[2025-02-19T03:53:33.747+0000] {logging_mixin.py:190} INFO - [2025-02-19T03:53:33.747+0000] {dag.py:4180} INFO - Setting next_dagrun for read_dataset_event_from_classic to 2025-02-18 00:00:00+00:00, run_after=2025-02-19 00:00:00+00:00
[2025-02-19T03:53:33.774+0000] {processor.py:208} INFO - Processing /home/airflow/.local/lib/python3.12/site-packages/airflow/example_dags/example_inlet_event_extra.py took 1.068 seconds
[2025-02-19T03:54:04.066+0000] {processor.py:186} INFO - Started process (PID=421) to work on /home/airflow/.local/lib/python3.12/site-packages/airflow/example_dags/example_inlet_event_extra.py
[2025-02-19T03:54:04.067+0000] {processor.py:914} INFO - Processing file /home/airflow/.local/lib/python3.12/site-packages/airflow/example_dags/example_inlet_event_extra.py for tasks to queue
[2025-02-19T03:54:04.068+0000] {logging_mixin.py:190} INFO - [2025-02-19T03:54:04.068+0000] {dagbag.py:588} INFO - Filling up the DagBag from /home/airflow/.local/lib/python3.12/site-packages/airflow/example_dags/example_inlet_event_extra.py
[2025-02-19T03:54:04.602+0000] {processor.py:925} INFO - DAG(s) 'read_dataset_event_from_classic', 'read_dataset_event' retrieved from /home/airflow/.local/lib/python3.12/site-packages/airflow/example_dags/example_inlet_event_extra.py
[2025-02-19T03:54:04.626+0000] {logging_mixin.py:190} INFO - [2025-02-19T03:54:04.626+0000] {dag.py:3239} INFO - Sync 2 DAGs
[2025-02-19T03:54:04.650+0000] {logging_mixin.py:190} INFO - [2025-02-19T03:54:04.650+0000] {dag.py:4180} INFO - Setting next_dagrun for read_dataset_event to 2025-02-18 00:00:00+00:00, run_after=2025-02-19 00:00:00+00:00
[2025-02-19T03:54:04.656+0000] {logging_mixin.py:190} INFO - [2025-02-19T03:54:04.655+0000] {dag.py:4180} INFO - Setting next_dagrun for read_dataset_event_from_classic to 2025-02-18 00:00:00+00:00, run_after=2025-02-19 00:00:00+00:00
[2025-02-19T03:54:04.681+0000] {processor.py:208} INFO - Processing /home/airflow/.local/lib/python3.12/site-packages/airflow/example_dags/example_inlet_event_extra.py took 0.620 seconds
[2025-02-19T03:54:35.294+0000] {processor.py:186} INFO - Started process (PID=485) to work on /home/airflow/.local/lib/python3.12/site-packages/airflow/example_dags/example_inlet_event_extra.py
[2025-02-19T03:54:35.295+0000] {processor.py:914} INFO - Processing file /home/airflow/.local/lib/python3.12/site-packages/airflow/example_dags/example_inlet_event_extra.py for tasks to queue
[2025-02-19T03:54:35.298+0000] {logging_mixin.py:190} INFO - [2025-02-19T03:54:35.297+0000] {dagbag.py:588} INFO - Filling up the DagBag from /home/airflow/.local/lib/python3.12/site-packages/airflow/example_dags/example_inlet_event_extra.py
[2025-02-19T03:54:36.779+0000] {processor.py:925} INFO - DAG(s) 'read_dataset_event', 'read_dataset_event_from_classic' retrieved from /home/airflow/.local/lib/python3.12/site-packages/airflow/example_dags/example_inlet_event_extra.py
[2025-02-19T03:54:36.815+0000] {logging_mixin.py:190} INFO - [2025-02-19T03:54:36.815+0000] {dag.py:3239} INFO - Sync 2 DAGs
[2025-02-19T03:54:36.867+0000] {logging_mixin.py:190} INFO - [2025-02-19T03:54:36.867+0000] {dag.py:4180} INFO - Setting next_dagrun for read_dataset_event to 2025-02-18 00:00:00+00:00, run_after=2025-02-19 00:00:00+00:00
[2025-02-19T03:54:36.877+0000] {logging_mixin.py:190} INFO - [2025-02-19T03:54:36.876+0000] {dag.py:4180} INFO - Setting next_dagrun for read_dataset_event_from_classic to 2025-02-18 00:00:00+00:00, run_after=2025-02-19 00:00:00+00:00
[2025-02-19T03:54:36.911+0000] {processor.py:208} INFO - Processing /home/airflow/.local/lib/python3.12/site-packages/airflow/example_dags/example_inlet_event_extra.py took 1.635 seconds
[2025-02-19T03:55:06.999+0000] {processor.py:186} INFO - Started process (PID=548) to work on /home/airflow/.local/lib/python3.12/site-packages/airflow/example_dags/example_inlet_event_extra.py
[2025-02-19T03:55:07.000+0000] {processor.py:914} INFO - Processing file /home/airflow/.local/lib/python3.12/site-packages/airflow/example_dags/example_inlet_event_extra.py for tasks to queue
[2025-02-19T03:55:07.002+0000] {logging_mixin.py:190} INFO - [2025-02-19T03:55:07.001+0000] {dagbag.py:588} INFO - Filling up the DagBag from /home/airflow/.local/lib/python3.12/site-packages/airflow/example_dags/example_inlet_event_extra.py
[2025-02-19T03:55:07.551+0000] {processor.py:925} INFO - DAG(s) 'read_dataset_event', 'read_dataset_event_from_classic' retrieved from /home/airflow/.local/lib/python3.12/site-packages/airflow/example_dags/example_inlet_event_extra.py
[2025-02-19T03:55:07.572+0000] {logging_mixin.py:190} INFO - [2025-02-19T03:55:07.572+0000] {dag.py:3239} INFO - Sync 2 DAGs
[2025-02-19T03:55:07.598+0000] {logging_mixin.py:190} INFO - [2025-02-19T03:55:07.597+0000] {dag.py:4180} INFO - Setting next_dagrun for read_dataset_event to 2025-02-18 00:00:00+00:00, run_after=2025-02-19 00:00:00+00:00
[2025-02-19T03:55:07.603+0000] {logging_mixin.py:190} INFO - [2025-02-19T03:55:07.603+0000] {dag.py:4180} INFO - Setting next_dagrun for read_dataset_event_from_classic to 2025-02-18 00:00:00+00:00, run_after=2025-02-19 00:00:00+00:00
[2025-02-19T03:55:07.629+0000] {processor.py:208} INFO - Processing /home/airflow/.local/lib/python3.12/site-packages/airflow/example_dags/example_inlet_event_extra.py took 0.638 seconds
[2025-02-19T03:55:37.925+0000] {processor.py:186} INFO - Started process (PID=616) to work on /home/airflow/.local/lib/python3.12/site-packages/airflow/example_dags/example_inlet_event_extra.py
[2025-02-19T03:55:37.926+0000] {processor.py:914} INFO - Processing file /home/airflow/.local/lib/python3.12/site-packages/airflow/example_dags/example_inlet_event_extra.py for tasks to queue
[2025-02-19T03:55:37.929+0000] {logging_mixin.py:190} INFO - [2025-02-19T03:55:37.928+0000] {dagbag.py:588} INFO - Filling up the DagBag from /home/airflow/.local/lib/python3.12/site-packages/airflow/example_dags/example_inlet_event_extra.py
[2025-02-19T03:55:38.874+0000] {processor.py:925} INFO - DAG(s) 'read_dataset_event', 'read_dataset_event_from_classic' retrieved from /home/airflow/.local/lib/python3.12/site-packages/airflow/example_dags/example_inlet_event_extra.py
[2025-02-19T03:55:38.913+0000] {logging_mixin.py:190} INFO - [2025-02-19T03:55:38.912+0000] {dag.py:3239} INFO - Sync 2 DAGs
[2025-02-19T03:55:38.977+0000] {logging_mixin.py:190} INFO - [2025-02-19T03:55:38.977+0000] {dag.py:4180} INFO - Setting next_dagrun for read_dataset_event to 2025-02-18 00:00:00+00:00, run_after=2025-02-19 00:00:00+00:00
[2025-02-19T03:55:38.996+0000] {logging_mixin.py:190} INFO - [2025-02-19T03:55:38.995+0000] {dag.py:4180} INFO - Setting next_dagrun for read_dataset_event_from_classic to 2025-02-18 00:00:00+00:00, run_after=2025-02-19 00:00:00+00:00
[2025-02-19T03:55:39.055+0000] {processor.py:208} INFO - Processing /home/airflow/.local/lib/python3.12/site-packages/airflow/example_dags/example_inlet_event_extra.py took 1.142 seconds
[2025-02-19T03:56:09.444+0000] {processor.py:186} INFO - Started process (PID=682) to work on /home/airflow/.local/lib/python3.12/site-packages/airflow/example_dags/example_inlet_event_extra.py
[2025-02-19T03:56:09.445+0000] {processor.py:914} INFO - Processing file /home/airflow/.local/lib/python3.12/site-packages/airflow/example_dags/example_inlet_event_extra.py for tasks to queue
[2025-02-19T03:56:09.447+0000] {logging_mixin.py:190} INFO - [2025-02-19T03:56:09.447+0000] {dagbag.py:588} INFO - Filling up the DagBag from /home/airflow/.local/lib/python3.12/site-packages/airflow/example_dags/example_inlet_event_extra.py
[2025-02-19T03:56:09.984+0000] {processor.py:925} INFO - DAG(s) 'read_dataset_event_from_classic', 'read_dataset_event' retrieved from /home/airflow/.local/lib/python3.12/site-packages/airflow/example_dags/example_inlet_event_extra.py
[2025-02-19T03:56:10.008+0000] {logging_mixin.py:190} INFO - [2025-02-19T03:56:10.007+0000] {dag.py:3239} INFO - Sync 2 DAGs
[2025-02-19T03:56:10.032+0000] {logging_mixin.py:190} INFO - [2025-02-19T03:56:10.032+0000] {dag.py:4180} INFO - Setting next_dagrun for read_dataset_event to 2025-02-18 00:00:00+00:00, run_after=2025-02-19 00:00:00+00:00
[2025-02-19T03:56:10.037+0000] {logging_mixin.py:190} INFO - [2025-02-19T03:56:10.036+0000] {dag.py:4180} INFO - Setting next_dagrun for read_dataset_event_from_classic to 2025-02-18 00:00:00+00:00, run_after=2025-02-19 00:00:00+00:00
[2025-02-19T03:56:10.054+0000] {processor.py:208} INFO - Processing /home/airflow/.local/lib/python3.12/site-packages/airflow/example_dags/example_inlet_event_extra.py took 0.615 seconds
[2025-02-19T03:56:40.137+0000] {processor.py:186} INFO - Started process (PID=749) to work on /home/airflow/.local/lib/python3.12/site-packages/airflow/example_dags/example_inlet_event_extra.py
[2025-02-19T03:56:40.138+0000] {processor.py:914} INFO - Processing file /home/airflow/.local/lib/python3.12/site-packages/airflow/example_dags/example_inlet_event_extra.py for tasks to queue
[2025-02-19T03:56:40.140+0000] {logging_mixin.py:190} INFO - [2025-02-19T03:56:40.140+0000] {dagbag.py:588} INFO - Filling up the DagBag from /home/airflow/.local/lib/python3.12/site-packages/airflow/example_dags/example_inlet_event_extra.py
[2025-02-19T03:56:40.754+0000] {processor.py:925} INFO - DAG(s) 'read_dataset_event_from_classic', 'read_dataset_event' retrieved from /home/airflow/.local/lib/python3.12/site-packages/airflow/example_dags/example_inlet_event_extra.py
[2025-02-19T03:56:40.774+0000] {logging_mixin.py:190} INFO - [2025-02-19T03:56:40.773+0000] {dag.py:3239} INFO - Sync 2 DAGs
[2025-02-19T03:56:40.794+0000] {logging_mixin.py:190} INFO - [2025-02-19T03:56:40.794+0000] {dag.py:4180} INFO - Setting next_dagrun for read_dataset_event to 2025-02-18 00:00:00+00:00, run_after=2025-02-19 00:00:00+00:00
[2025-02-19T03:56:40.800+0000] {logging_mixin.py:190} INFO - [2025-02-19T03:56:40.800+0000] {dag.py:4180} INFO - Setting next_dagrun for read_dataset_event_from_classic to 2025-02-18 00:00:00+00:00, run_after=2025-02-19 00:00:00+00:00
[2025-02-19T03:56:40.830+0000] {processor.py:208} INFO - Processing /home/airflow/.local/lib/python3.12/site-packages/airflow/example_dags/example_inlet_event_extra.py took 0.702 seconds
[2025-02-19T03:57:10.999+0000] {processor.py:186} INFO - Started process (PID=816) to work on /home/airflow/.local/lib/python3.12/site-packages/airflow/example_dags/example_inlet_event_extra.py
[2025-02-19T03:57:11.005+0000] {processor.py:914} INFO - Processing file /home/airflow/.local/lib/python3.12/site-packages/airflow/example_dags/example_inlet_event_extra.py for tasks to queue
[2025-02-19T03:57:11.009+0000] {logging_mixin.py:190} INFO - [2025-02-19T03:57:11.008+0000] {dagbag.py:588} INFO - Filling up the DagBag from /home/airflow/.local/lib/python3.12/site-packages/airflow/example_dags/example_inlet_event_extra.py
[2025-02-19T03:57:11.835+0000] {processor.py:925} INFO - DAG(s) 'read_dataset_event', 'read_dataset_event_from_classic' retrieved from /home/airflow/.local/lib/python3.12/site-packages/airflow/example_dags/example_inlet_event_extra.py
[2025-02-19T03:57:11.862+0000] {logging_mixin.py:190} INFO - [2025-02-19T03:57:11.861+0000] {dag.py:3239} INFO - Sync 2 DAGs
[2025-02-19T03:57:11.888+0000] {logging_mixin.py:190} INFO - [2025-02-19T03:57:11.888+0000] {dag.py:4180} INFO - Setting next_dagrun for read_dataset_event to 2025-02-18 00:00:00+00:00, run_after=2025-02-19 00:00:00+00:00
[2025-02-19T03:57:11.895+0000] {logging_mixin.py:190} INFO - [2025-02-19T03:57:11.895+0000] {dag.py:4180} INFO - Setting next_dagrun for read_dataset_event_from_classic to 2025-02-18 00:00:00+00:00, run_after=2025-02-19 00:00:00+00:00
[2025-02-19T03:57:11.917+0000] {processor.py:208} INFO - Processing /home/airflow/.local/lib/python3.12/site-packages/airflow/example_dags/example_inlet_event_extra.py took 0.928 seconds
[2025-02-19T03:57:42.556+0000] {processor.py:186} INFO - Started process (PID=881) to work on /home/airflow/.local/lib/python3.12/site-packages/airflow/example_dags/example_inlet_event_extra.py
[2025-02-19T03:57:42.557+0000] {processor.py:914} INFO - Processing file /home/airflow/.local/lib/python3.12/site-packages/airflow/example_dags/example_inlet_event_extra.py for tasks to queue
[2025-02-19T03:57:42.558+0000] {logging_mixin.py:190} INFO - [2025-02-19T03:57:42.558+0000] {dagbag.py:588} INFO - Filling up the DagBag from /home/airflow/.local/lib/python3.12/site-packages/airflow/example_dags/example_inlet_event_extra.py
[2025-02-19T03:57:43.158+0000] {processor.py:925} INFO - DAG(s) 'read_dataset_event', 'read_dataset_event_from_classic' retrieved from /home/airflow/.local/lib/python3.12/site-packages/airflow/example_dags/example_inlet_event_extra.py
[2025-02-19T03:57:43.182+0000] {logging_mixin.py:190} INFO - [2025-02-19T03:57:43.182+0000] {dag.py:3239} INFO - Sync 2 DAGs
[2025-02-19T03:57:43.206+0000] {logging_mixin.py:190} INFO - [2025-02-19T03:57:43.205+0000] {dag.py:4180} INFO - Setting next_dagrun for read_dataset_event to 2025-02-18 00:00:00+00:00, run_after=2025-02-19 00:00:00+00:00
[2025-02-19T03:57:43.211+0000] {logging_mixin.py:190} INFO - [2025-02-19T03:57:43.211+0000] {dag.py:4180} INFO - Setting next_dagrun for read_dataset_event_from_classic to 2025-02-18 00:00:00+00:00, run_after=2025-02-19 00:00:00+00:00
[2025-02-19T03:57:43.233+0000] {processor.py:208} INFO - Processing /home/airflow/.local/lib/python3.12/site-packages/airflow/example_dags/example_inlet_event_extra.py took 0.682 seconds
[2025-02-19T03:58:13.377+0000] {processor.py:186} INFO - Started process (PID=946) to work on /home/airflow/.local/lib/python3.12/site-packages/airflow/example_dags/example_inlet_event_extra.py
[2025-02-19T03:58:13.378+0000] {processor.py:914} INFO - Processing file /home/airflow/.local/lib/python3.12/site-packages/airflow/example_dags/example_inlet_event_extra.py for tasks to queue
[2025-02-19T03:58:13.379+0000] {logging_mixin.py:190} INFO - [2025-02-19T03:58:13.379+0000] {dagbag.py:588} INFO - Filling up the DagBag from /home/airflow/.local/lib/python3.12/site-packages/airflow/example_dags/example_inlet_event_extra.py
[2025-02-19T03:58:13.899+0000] {processor.py:925} INFO - DAG(s) 'read_dataset_event_from_classic', 'read_dataset_event' retrieved from /home/airflow/.local/lib/python3.12/site-packages/airflow/example_dags/example_inlet_event_extra.py
[2025-02-19T03:58:13.933+0000] {logging_mixin.py:190} INFO - [2025-02-19T03:58:13.933+0000] {dag.py:3239} INFO - Sync 2 DAGs
[2025-02-19T03:58:13.965+0000] {logging_mixin.py:190} INFO - [2025-02-19T03:58:13.965+0000] {dag.py:4180} INFO - Setting next_dagrun for read_dataset_event to 2025-02-18 00:00:00+00:00, run_after=2025-02-19 00:00:00+00:00
[2025-02-19T03:58:13.972+0000] {logging_mixin.py:190} INFO - [2025-02-19T03:58:13.971+0000] {dag.py:4180} INFO - Setting next_dagrun for read_dataset_event_from_classic to 2025-02-18 00:00:00+00:00, run_after=2025-02-19 00:00:00+00:00
[2025-02-19T03:58:13.999+0000] {processor.py:208} INFO - Processing /home/airflow/.local/lib/python3.12/site-packages/airflow/example_dags/example_inlet_event_extra.py took 0.628 seconds
[2025-02-19T03:58:44.329+0000] {processor.py:186} INFO - Started process (PID=1009) to work on /home/airflow/.local/lib/python3.12/site-packages/airflow/example_dags/example_inlet_event_extra.py
[2025-02-19T03:58:44.330+0000] {processor.py:914} INFO - Processing file /home/airflow/.local/lib/python3.12/site-packages/airflow/example_dags/example_inlet_event_extra.py for tasks to queue
[2025-02-19T03:58:44.332+0000] {logging_mixin.py:190} INFO - [2025-02-19T03:58:44.332+0000] {dagbag.py:588} INFO - Filling up the DagBag from /home/airflow/.local/lib/python3.12/site-packages/airflow/example_dags/example_inlet_event_extra.py
[2025-02-19T03:58:45.051+0000] {processor.py:925} INFO - DAG(s) 'read_dataset_event_from_classic', 'read_dataset_event' retrieved from /home/airflow/.local/lib/python3.12/site-packages/airflow/example_dags/example_inlet_event_extra.py
[2025-02-19T03:58:45.078+0000] {logging_mixin.py:190} INFO - [2025-02-19T03:58:45.077+0000] {dag.py:3239} INFO - Sync 2 DAGs
[2025-02-19T03:58:45.107+0000] {logging_mixin.py:190} INFO - [2025-02-19T03:58:45.106+0000] {dag.py:4180} INFO - Setting next_dagrun for read_dataset_event to 2025-02-18 00:00:00+00:00, run_after=2025-02-19 00:00:00+00:00
[2025-02-19T03:58:45.113+0000] {logging_mixin.py:190} INFO - [2025-02-19T03:58:45.113+0000] {dag.py:4180} INFO - Setting next_dagrun for read_dataset_event_from_classic to 2025-02-18 00:00:00+00:00, run_after=2025-02-19 00:00:00+00:00
[2025-02-19T03:58:45.139+0000] {processor.py:208} INFO - Processing /home/airflow/.local/lib/python3.12/site-packages/airflow/example_dags/example_inlet_event_extra.py took 0.818 seconds
[2025-02-19T03:59:15.640+0000] {processor.py:186} INFO - Started process (PID=1076) to work on /home/airflow/.local/lib/python3.12/site-packages/airflow/example_dags/example_inlet_event_extra.py
[2025-02-19T03:59:15.641+0000] {processor.py:914} INFO - Processing file /home/airflow/.local/lib/python3.12/site-packages/airflow/example_dags/example_inlet_event_extra.py for tasks to queue
[2025-02-19T03:59:15.645+0000] {logging_mixin.py:190} INFO - [2025-02-19T03:59:15.643+0000] {dagbag.py:588} INFO - Filling up the DagBag from /home/airflow/.local/lib/python3.12/site-packages/airflow/example_dags/example_inlet_event_extra.py
[2025-02-19T03:59:16.510+0000] {processor.py:925} INFO - DAG(s) 'read_dataset_event', 'read_dataset_event_from_classic' retrieved from /home/airflow/.local/lib/python3.12/site-packages/airflow/example_dags/example_inlet_event_extra.py
[2025-02-19T03:59:16.542+0000] {logging_mixin.py:190} INFO - [2025-02-19T03:59:16.542+0000] {dag.py:3239} INFO - Sync 2 DAGs
[2025-02-19T03:59:16.580+0000] {logging_mixin.py:190} INFO - [2025-02-19T03:59:16.579+0000] {dag.py:4180} INFO - Setting next_dagrun for read_dataset_event to 2025-02-18 00:00:00+00:00, run_after=2025-02-19 00:00:00+00:00
[2025-02-19T03:59:16.588+0000] {logging_mixin.py:190} INFO - [2025-02-19T03:59:16.588+0000] {dag.py:4180} INFO - Setting next_dagrun for read_dataset_event_from_classic to 2025-02-18 00:00:00+00:00, run_after=2025-02-19 00:00:00+00:00
[2025-02-19T03:59:16.620+0000] {processor.py:208} INFO - Processing /home/airflow/.local/lib/python3.12/site-packages/airflow/example_dags/example_inlet_event_extra.py took 0.992 seconds
[2025-02-19T03:59:47.267+0000] {processor.py:186} INFO - Started process (PID=1140) to work on /home/airflow/.local/lib/python3.12/site-packages/airflow/example_dags/example_inlet_event_extra.py
[2025-02-19T03:59:47.268+0000] {processor.py:914} INFO - Processing file /home/airflow/.local/lib/python3.12/site-packages/airflow/example_dags/example_inlet_event_extra.py for tasks to queue
[2025-02-19T03:59:47.269+0000] {logging_mixin.py:190} INFO - [2025-02-19T03:59:47.269+0000] {dagbag.py:588} INFO - Filling up the DagBag from /home/airflow/.local/lib/python3.12/site-packages/airflow/example_dags/example_inlet_event_extra.py
[2025-02-19T03:59:47.947+0000] {processor.py:925} INFO - DAG(s) 'read_dataset_event', 'read_dataset_event_from_classic' retrieved from /home/airflow/.local/lib/python3.12/site-packages/airflow/example_dags/example_inlet_event_extra.py
[2025-02-19T03:59:47.992+0000] {logging_mixin.py:190} INFO - [2025-02-19T03:59:47.992+0000] {dag.py:3239} INFO - Sync 2 DAGs
[2025-02-19T03:59:48.044+0000] {logging_mixin.py:190} INFO - [2025-02-19T03:59:48.044+0000] {dag.py:4180} INFO - Setting next_dagrun for read_dataset_event to 2025-02-18 00:00:00+00:00, run_after=2025-02-19 00:00:00+00:00
[2025-02-19T03:59:48.053+0000] {logging_mixin.py:190} INFO - [2025-02-19T03:59:48.052+0000] {dag.py:4180} INFO - Setting next_dagrun for read_dataset_event_from_classic to 2025-02-18 00:00:00+00:00, run_after=2025-02-19 00:00:00+00:00
[2025-02-19T03:59:48.087+0000] {processor.py:208} INFO - Processing /home/airflow/.local/lib/python3.12/site-packages/airflow/example_dags/example_inlet_event_extra.py took 0.827 seconds
[2025-02-19T04:00:18.245+0000] {processor.py:186} INFO - Started process (PID=1209) to work on /home/airflow/.local/lib/python3.12/site-packages/airflow/example_dags/example_inlet_event_extra.py
[2025-02-19T04:00:18.246+0000] {processor.py:914} INFO - Processing file /home/airflow/.local/lib/python3.12/site-packages/airflow/example_dags/example_inlet_event_extra.py for tasks to queue
[2025-02-19T04:00:18.248+0000] {logging_mixin.py:190} INFO - [2025-02-19T04:00:18.247+0000] {dagbag.py:588} INFO - Filling up the DagBag from /home/airflow/.local/lib/python3.12/site-packages/airflow/example_dags/example_inlet_event_extra.py
[2025-02-19T04:00:18.859+0000] {processor.py:925} INFO - DAG(s) 'read_dataset_event', 'read_dataset_event_from_classic' retrieved from /home/airflow/.local/lib/python3.12/site-packages/airflow/example_dags/example_inlet_event_extra.py
[2025-02-19T04:00:18.886+0000] {logging_mixin.py:190} INFO - [2025-02-19T04:00:18.886+0000] {dag.py:3239} INFO - Sync 2 DAGs
[2025-02-19T04:00:18.916+0000] {logging_mixin.py:190} INFO - [2025-02-19T04:00:18.916+0000] {dag.py:4180} INFO - Setting next_dagrun for read_dataset_event to 2025-02-18 00:00:00+00:00, run_after=2025-02-19 00:00:00+00:00
[2025-02-19T04:00:18.924+0000] {logging_mixin.py:190} INFO - [2025-02-19T04:00:18.924+0000] {dag.py:4180} INFO - Setting next_dagrun for read_dataset_event_from_classic to 2025-02-18 00:00:00+00:00, run_after=2025-02-19 00:00:00+00:00
[2025-02-19T04:00:18.948+0000] {processor.py:208} INFO - Processing /home/airflow/.local/lib/python3.12/site-packages/airflow/example_dags/example_inlet_event_extra.py took 0.710 seconds
[2025-02-19T04:00:49.603+0000] {processor.py:186} INFO - Started process (PID=1273) to work on /home/airflow/.local/lib/python3.12/site-packages/airflow/example_dags/example_inlet_event_extra.py
[2025-02-19T04:00:49.604+0000] {processor.py:914} INFO - Processing file /home/airflow/.local/lib/python3.12/site-packages/airflow/example_dags/example_inlet_event_extra.py for tasks to queue
[2025-02-19T04:00:49.606+0000] {logging_mixin.py:190} INFO - [2025-02-19T04:00:49.605+0000] {dagbag.py:588} INFO - Filling up the DagBag from /home/airflow/.local/lib/python3.12/site-packages/airflow/example_dags/example_inlet_event_extra.py
[2025-02-19T04:00:50.249+0000] {processor.py:925} INFO - DAG(s) 'read_dataset_event_from_classic', 'read_dataset_event' retrieved from /home/airflow/.local/lib/python3.12/site-packages/airflow/example_dags/example_inlet_event_extra.py
[2025-02-19T04:00:50.268+0000] {logging_mixin.py:190} INFO - [2025-02-19T04:00:50.268+0000] {dag.py:3239} INFO - Sync 2 DAGs
[2025-02-19T04:00:50.292+0000] {logging_mixin.py:190} INFO - [2025-02-19T04:00:50.292+0000] {dag.py:4180} INFO - Setting next_dagrun for read_dataset_event to 2025-02-18 00:00:00+00:00, run_after=2025-02-19 00:00:00+00:00
[2025-02-19T04:00:50.299+0000] {logging_mixin.py:190} INFO - [2025-02-19T04:00:50.299+0000] {dag.py:4180} INFO - Setting next_dagrun for read_dataset_event_from_classic to 2025-02-18 00:00:00+00:00, run_after=2025-02-19 00:00:00+00:00
[2025-02-19T04:00:50.325+0000] {processor.py:208} INFO - Processing /home/airflow/.local/lib/python3.12/site-packages/airflow/example_dags/example_inlet_event_extra.py took 0.728 seconds
[2025-02-19T04:01:20.673+0000] {processor.py:186} INFO - Started process (PID=1343) to work on /home/airflow/.local/lib/python3.12/site-packages/airflow/example_dags/example_inlet_event_extra.py
[2025-02-19T04:01:20.674+0000] {processor.py:914} INFO - Processing file /home/airflow/.local/lib/python3.12/site-packages/airflow/example_dags/example_inlet_event_extra.py for tasks to queue
[2025-02-19T04:01:20.675+0000] {logging_mixin.py:190} INFO - [2025-02-19T04:01:20.675+0000] {dagbag.py:588} INFO - Filling up the DagBag from /home/airflow/.local/lib/python3.12/site-packages/airflow/example_dags/example_inlet_event_extra.py
[2025-02-19T04:01:21.389+0000] {processor.py:925} INFO - DAG(s) 'read_dataset_event_from_classic', 'read_dataset_event' retrieved from /home/airflow/.local/lib/python3.12/site-packages/airflow/example_dags/example_inlet_event_extra.py
[2025-02-19T04:01:21.419+0000] {logging_mixin.py:190} INFO - [2025-02-19T04:01:21.419+0000] {dag.py:3239} INFO - Sync 2 DAGs
[2025-02-19T04:01:21.466+0000] {logging_mixin.py:190} INFO - [2025-02-19T04:01:21.465+0000] {dag.py:4180} INFO - Setting next_dagrun for read_dataset_event to 2025-02-18 00:00:00+00:00, run_after=2025-02-19 00:00:00+00:00
[2025-02-19T04:01:21.474+0000] {logging_mixin.py:190} INFO - [2025-02-19T04:01:21.473+0000] {dag.py:4180} INFO - Setting next_dagrun for read_dataset_event_from_classic to 2025-02-18 00:00:00+00:00, run_after=2025-02-19 00:00:00+00:00
[2025-02-19T04:01:21.504+0000] {processor.py:208} INFO - Processing /home/airflow/.local/lib/python3.12/site-packages/airflow/example_dags/example_inlet_event_extra.py took 0.839 seconds
[2025-02-19T04:01:52.657+0000] {processor.py:186} INFO - Started process (PID=1409) to work on /home/airflow/.local/lib/python3.12/site-packages/airflow/example_dags/example_inlet_event_extra.py
[2025-02-19T04:01:52.659+0000] {processor.py:914} INFO - Processing file /home/airflow/.local/lib/python3.12/site-packages/airflow/example_dags/example_inlet_event_extra.py for tasks to queue
[2025-02-19T04:01:52.662+0000] {logging_mixin.py:190} INFO - [2025-02-19T04:01:52.661+0000] {dagbag.py:588} INFO - Filling up the DagBag from /home/airflow/.local/lib/python3.12/site-packages/airflow/example_dags/example_inlet_event_extra.py
[2025-02-19T04:01:53.812+0000] {processor.py:925} INFO - DAG(s) 'read_dataset_event', 'read_dataset_event_from_classic' retrieved from /home/airflow/.local/lib/python3.12/site-packages/airflow/example_dags/example_inlet_event_extra.py
[2025-02-19T04:01:53.853+0000] {logging_mixin.py:190} INFO - [2025-02-19T04:01:53.853+0000] {dag.py:3239} INFO - Sync 2 DAGs
[2025-02-19T04:01:53.908+0000] {logging_mixin.py:190} INFO - [2025-02-19T04:01:53.907+0000] {dag.py:4180} INFO - Setting next_dagrun for read_dataset_event to 2025-02-18 00:00:00+00:00, run_after=2025-02-19 00:00:00+00:00
[2025-02-19T04:01:53.918+0000] {logging_mixin.py:190} INFO - [2025-02-19T04:01:53.918+0000] {dag.py:4180} INFO - Setting next_dagrun for read_dataset_event_from_classic to 2025-02-18 00:00:00+00:00, run_after=2025-02-19 00:00:00+00:00
[2025-02-19T04:01:53.954+0000] {processor.py:208} INFO - Processing /home/airflow/.local/lib/python3.12/site-packages/airflow/example_dags/example_inlet_event_extra.py took 1.311 seconds
