[2025-02-19T03:51:32.687+0000] {processor.py:186} INFO - Started process (PID=111) to work on /home/airflow/.local/lib/python3.12/site-packages/airflow/example_dags/example_sensors.py
[2025-02-19T03:51:32.688+0000] {processor.py:914} INFO - Processing file /home/airflow/.local/lib/python3.12/site-packages/airflow/example_dags/example_sensors.py for tasks to queue
[2025-02-19T03:51:32.690+0000] {logging_mixin.py:190} INFO - [2025-02-19T03:51:32.689+0000] {dagbag.py:588} INFO - Filling up the DagBag from /home/airflow/.local/lib/python3.12/site-packages/airflow/example_dags/example_sensors.py
[2025-02-19T03:51:32.709+0000] {processor.py:925} INFO - DAG(s) 'example_sensors' retrieved from /home/airflow/.local/lib/python3.12/site-packages/airflow/example_dags/example_sensors.py
[2025-02-19T03:51:32.854+0000] {logging_mixin.py:190} INFO - [2025-02-19T03:51:32.853+0000] {override.py:1911} INFO - Created Permission View: can read on DAG:example_sensors
[2025-02-19T03:51:32.868+0000] {logging_mixin.py:190} INFO - [2025-02-19T03:51:32.867+0000] {override.py:1911} INFO - Created Permission View: can delete on DAG:example_sensors
[2025-02-19T03:51:32.881+0000] {logging_mixin.py:190} INFO - [2025-02-19T03:51:32.881+0000] {override.py:1911} INFO - Created Permission View: can edit on DAG:example_sensors
[2025-02-19T03:51:32.895+0000] {logging_mixin.py:190} INFO - [2025-02-19T03:51:32.894+0000] {override.py:1911} INFO - Created Permission View: can read on DAG Run:example_sensors
[2025-02-19T03:51:32.904+0000] {logging_mixin.py:190} INFO - [2025-02-19T03:51:32.904+0000] {override.py:1911} INFO - Created Permission View: can delete on DAG Run:example_sensors
[2025-02-19T03:51:32.915+0000] {logging_mixin.py:190} INFO - [2025-02-19T03:51:32.915+0000] {override.py:1911} INFO - Created Permission View: can create on DAG Run:example_sensors
[2025-02-19T03:51:32.926+0000] {logging_mixin.py:190} INFO - [2025-02-19T03:51:32.926+0000] {override.py:1911} INFO - Created Permission View: menu access on DAG Run:example_sensors
[2025-02-19T03:51:32.927+0000] {logging_mixin.py:190} INFO - [2025-02-19T03:51:32.927+0000] {dag.py:3239} INFO - Sync 1 DAGs
[2025-02-19T03:51:32.945+0000] {logging_mixin.py:190} INFO - [2025-02-19T03:51:32.945+0000] {dag.py:3262} INFO - Creating ORM DAG for example_sensors
[2025-02-19T03:51:32.946+0000] {logging_mixin.py:190} INFO - [2025-02-19T03:51:32.946+0000] {dag.py:4180} INFO - Setting next_dagrun for example_sensors to None, run_after=None
[2025-02-19T03:51:32.967+0000] {processor.py:208} INFO - Processing /home/airflow/.local/lib/python3.12/site-packages/airflow/example_dags/example_sensors.py took 0.287 seconds
[2025-02-19T03:52:03.140+0000] {processor.py:186} INFO - Started process (PID=174) to work on /home/airflow/.local/lib/python3.12/site-packages/airflow/example_dags/example_sensors.py
[2025-02-19T03:52:03.141+0000] {processor.py:914} INFO - Processing file /home/airflow/.local/lib/python3.12/site-packages/airflow/example_dags/example_sensors.py for tasks to queue
[2025-02-19T03:52:03.143+0000] {logging_mixin.py:190} INFO - [2025-02-19T03:52:03.143+0000] {dagbag.py:588} INFO - Filling up the DagBag from /home/airflow/.local/lib/python3.12/site-packages/airflow/example_dags/example_sensors.py
[2025-02-19T03:52:03.159+0000] {processor.py:925} INFO - DAG(s) 'example_sensors' retrieved from /home/airflow/.local/lib/python3.12/site-packages/airflow/example_dags/example_sensors.py
[2025-02-19T03:52:03.196+0000] {logging_mixin.py:190} INFO - [2025-02-19T03:52:03.196+0000] {dag.py:3239} INFO - Sync 1 DAGs
[2025-02-19T03:52:03.220+0000] {logging_mixin.py:190} INFO - [2025-02-19T03:52:03.220+0000] {dag.py:4180} INFO - Setting next_dagrun for example_sensors to None, run_after=None
[2025-02-19T03:52:03.252+0000] {processor.py:208} INFO - Processing /home/airflow/.local/lib/python3.12/site-packages/airflow/example_dags/example_sensors.py took 0.122 seconds
[2025-02-19T03:52:34.448+0000] {processor.py:186} INFO - Started process (PID=238) to work on /home/airflow/.local/lib/python3.12/site-packages/airflow/example_dags/example_sensors.py
[2025-02-19T03:52:34.449+0000] {processor.py:914} INFO - Processing file /home/airflow/.local/lib/python3.12/site-packages/airflow/example_dags/example_sensors.py for tasks to queue
[2025-02-19T03:52:34.452+0000] {logging_mixin.py:190} INFO - [2025-02-19T03:52:34.451+0000] {dagbag.py:588} INFO - Filling up the DagBag from /home/airflow/.local/lib/python3.12/site-packages/airflow/example_dags/example_sensors.py
[2025-02-19T03:52:34.473+0000] {processor.py:925} INFO - DAG(s) 'example_sensors' retrieved from /home/airflow/.local/lib/python3.12/site-packages/airflow/example_dags/example_sensors.py
[2025-02-19T03:52:34.518+0000] {logging_mixin.py:190} INFO - [2025-02-19T03:52:34.518+0000] {dag.py:3239} INFO - Sync 1 DAGs
[2025-02-19T03:52:34.544+0000] {logging_mixin.py:190} INFO - [2025-02-19T03:52:34.543+0000] {dag.py:4180} INFO - Setting next_dagrun for example_sensors to None, run_after=None
[2025-02-19T03:52:34.576+0000] {processor.py:208} INFO - Processing /home/airflow/.local/lib/python3.12/site-packages/airflow/example_dags/example_sensors.py took 0.139 seconds
[2025-02-19T03:53:05.820+0000] {processor.py:186} INFO - Started process (PID=302) to work on /home/airflow/.local/lib/python3.12/site-packages/airflow/example_dags/example_sensors.py
[2025-02-19T03:53:05.821+0000] {processor.py:914} INFO - Processing file /home/airflow/.local/lib/python3.12/site-packages/airflow/example_dags/example_sensors.py for tasks to queue
[2025-02-19T03:53:05.823+0000] {logging_mixin.py:190} INFO - [2025-02-19T03:53:05.823+0000] {dagbag.py:588} INFO - Filling up the DagBag from /home/airflow/.local/lib/python3.12/site-packages/airflow/example_dags/example_sensors.py
[2025-02-19T03:53:05.847+0000] {processor.py:925} INFO - DAG(s) 'example_sensors' retrieved from /home/airflow/.local/lib/python3.12/site-packages/airflow/example_dags/example_sensors.py
[2025-02-19T03:53:05.887+0000] {logging_mixin.py:190} INFO - [2025-02-19T03:53:05.886+0000] {dag.py:3239} INFO - Sync 1 DAGs
[2025-02-19T03:53:05.907+0000] {logging_mixin.py:190} INFO - [2025-02-19T03:53:05.906+0000] {dag.py:4180} INFO - Setting next_dagrun for example_sensors to None, run_after=None
[2025-02-19T03:53:05.939+0000] {processor.py:208} INFO - Processing /home/airflow/.local/lib/python3.12/site-packages/airflow/example_dags/example_sensors.py took 0.130 seconds
[2025-02-19T03:53:36.832+0000] {processor.py:186} INFO - Started process (PID=370) to work on /home/airflow/.local/lib/python3.12/site-packages/airflow/example_dags/example_sensors.py
[2025-02-19T03:53:36.833+0000] {processor.py:914} INFO - Processing file /home/airflow/.local/lib/python3.12/site-packages/airflow/example_dags/example_sensors.py for tasks to queue
[2025-02-19T03:53:36.834+0000] {logging_mixin.py:190} INFO - [2025-02-19T03:53:36.834+0000] {dagbag.py:588} INFO - Filling up the DagBag from /home/airflow/.local/lib/python3.12/site-packages/airflow/example_dags/example_sensors.py
[2025-02-19T03:53:36.848+0000] {processor.py:925} INFO - DAG(s) 'example_sensors' retrieved from /home/airflow/.local/lib/python3.12/site-packages/airflow/example_dags/example_sensors.py
[2025-02-19T03:53:36.878+0000] {logging_mixin.py:190} INFO - [2025-02-19T03:53:36.877+0000] {dag.py:3239} INFO - Sync 1 DAGs
[2025-02-19T03:53:36.893+0000] {logging_mixin.py:190} INFO - [2025-02-19T03:53:36.893+0000] {dag.py:4180} INFO - Setting next_dagrun for example_sensors to None, run_after=None
[2025-02-19T03:53:36.923+0000] {processor.py:208} INFO - Processing /home/airflow/.local/lib/python3.12/site-packages/airflow/example_dags/example_sensors.py took 0.098 seconds
[2025-02-19T03:54:07.814+0000] {processor.py:186} INFO - Started process (PID=434) to work on /home/airflow/.local/lib/python3.12/site-packages/airflow/example_dags/example_sensors.py
[2025-02-19T03:54:07.815+0000] {processor.py:914} INFO - Processing file /home/airflow/.local/lib/python3.12/site-packages/airflow/example_dags/example_sensors.py for tasks to queue
[2025-02-19T03:54:07.818+0000] {logging_mixin.py:190} INFO - [2025-02-19T03:54:07.816+0000] {dagbag.py:588} INFO - Filling up the DagBag from /home/airflow/.local/lib/python3.12/site-packages/airflow/example_dags/example_sensors.py
[2025-02-19T03:54:07.837+0000] {processor.py:925} INFO - DAG(s) 'example_sensors' retrieved from /home/airflow/.local/lib/python3.12/site-packages/airflow/example_dags/example_sensors.py
[2025-02-19T03:54:07.884+0000] {logging_mixin.py:190} INFO - [2025-02-19T03:54:07.883+0000] {dag.py:3239} INFO - Sync 1 DAGs
[2025-02-19T03:54:07.910+0000] {logging_mixin.py:190} INFO - [2025-02-19T03:54:07.909+0000] {dag.py:4180} INFO - Setting next_dagrun for example_sensors to None, run_after=None
[2025-02-19T03:54:07.952+0000] {processor.py:208} INFO - Processing /home/airflow/.local/lib/python3.12/site-packages/airflow/example_dags/example_sensors.py took 0.147 seconds
[2025-02-19T03:54:38.741+0000] {processor.py:186} INFO - Started process (PID=497) to work on /home/airflow/.local/lib/python3.12/site-packages/airflow/example_dags/example_sensors.py
[2025-02-19T03:54:38.744+0000] {processor.py:914} INFO - Processing file /home/airflow/.local/lib/python3.12/site-packages/airflow/example_dags/example_sensors.py for tasks to queue
[2025-02-19T03:54:38.749+0000] {logging_mixin.py:190} INFO - [2025-02-19T03:54:38.749+0000] {dagbag.py:588} INFO - Filling up the DagBag from /home/airflow/.local/lib/python3.12/site-packages/airflow/example_dags/example_sensors.py
[2025-02-19T03:54:38.793+0000] {processor.py:925} INFO - DAG(s) 'example_sensors' retrieved from /home/airflow/.local/lib/python3.12/site-packages/airflow/example_dags/example_sensors.py
[2025-02-19T03:54:38.898+0000] {logging_mixin.py:190} INFO - [2025-02-19T03:54:38.898+0000] {dag.py:3239} INFO - Sync 1 DAGs
[2025-02-19T03:54:38.930+0000] {logging_mixin.py:190} INFO - [2025-02-19T03:54:38.930+0000] {dag.py:4180} INFO - Setting next_dagrun for example_sensors to None, run_after=None
[2025-02-19T03:54:38.970+0000] {processor.py:208} INFO - Processing /home/airflow/.local/lib/python3.12/site-packages/airflow/example_dags/example_sensors.py took 0.245 seconds
[2025-02-19T03:55:09.330+0000] {processor.py:186} INFO - Started process (PID=561) to work on /home/airflow/.local/lib/python3.12/site-packages/airflow/example_dags/example_sensors.py
[2025-02-19T03:55:09.331+0000] {processor.py:914} INFO - Processing file /home/airflow/.local/lib/python3.12/site-packages/airflow/example_dags/example_sensors.py for tasks to queue
[2025-02-19T03:55:09.333+0000] {logging_mixin.py:190} INFO - [2025-02-19T03:55:09.333+0000] {dagbag.py:588} INFO - Filling up the DagBag from /home/airflow/.local/lib/python3.12/site-packages/airflow/example_dags/example_sensors.py
[2025-02-19T03:55:09.352+0000] {processor.py:925} INFO - DAG(s) 'example_sensors' retrieved from /home/airflow/.local/lib/python3.12/site-packages/airflow/example_dags/example_sensors.py
[2025-02-19T03:55:09.388+0000] {logging_mixin.py:190} INFO - [2025-02-19T03:55:09.388+0000] {dag.py:3239} INFO - Sync 1 DAGs
[2025-02-19T03:55:09.409+0000] {logging_mixin.py:190} INFO - [2025-02-19T03:55:09.409+0000] {dag.py:4180} INFO - Setting next_dagrun for example_sensors to None, run_after=None
[2025-02-19T03:55:09.437+0000] {processor.py:208} INFO - Processing /home/airflow/.local/lib/python3.12/site-packages/airflow/example_dags/example_sensors.py took 0.115 seconds
[2025-02-19T03:55:40.648+0000] {processor.py:186} INFO - Started process (PID=629) to work on /home/airflow/.local/lib/python3.12/site-packages/airflow/example_dags/example_sensors.py
[2025-02-19T03:55:40.649+0000] {processor.py:914} INFO - Processing file /home/airflow/.local/lib/python3.12/site-packages/airflow/example_dags/example_sensors.py for tasks to queue
[2025-02-19T03:55:40.651+0000] {logging_mixin.py:190} INFO - [2025-02-19T03:55:40.651+0000] {dagbag.py:588} INFO - Filling up the DagBag from /home/airflow/.local/lib/python3.12/site-packages/airflow/example_dags/example_sensors.py
[2025-02-19T03:55:40.670+0000] {processor.py:925} INFO - DAG(s) 'example_sensors' retrieved from /home/airflow/.local/lib/python3.12/site-packages/airflow/example_dags/example_sensors.py
[2025-02-19T03:55:40.719+0000] {logging_mixin.py:190} INFO - [2025-02-19T03:55:40.718+0000] {dag.py:3239} INFO - Sync 1 DAGs
[2025-02-19T03:55:40.744+0000] {logging_mixin.py:190} INFO - [2025-02-19T03:55:40.744+0000] {dag.py:4180} INFO - Setting next_dagrun for example_sensors to None, run_after=None
[2025-02-19T03:55:40.776+0000] {processor.py:208} INFO - Processing /home/airflow/.local/lib/python3.12/site-packages/airflow/example_dags/example_sensors.py took 0.138 seconds
[2025-02-19T03:56:12.010+0000] {processor.py:186} INFO - Started process (PID=693) to work on /home/airflow/.local/lib/python3.12/site-packages/airflow/example_dags/example_sensors.py
[2025-02-19T03:56:12.011+0000] {processor.py:914} INFO - Processing file /home/airflow/.local/lib/python3.12/site-packages/airflow/example_dags/example_sensors.py for tasks to queue
[2025-02-19T03:56:12.012+0000] {logging_mixin.py:190} INFO - [2025-02-19T03:56:12.012+0000] {dagbag.py:588} INFO - Filling up the DagBag from /home/airflow/.local/lib/python3.12/site-packages/airflow/example_dags/example_sensors.py
[2025-02-19T03:56:12.024+0000] {processor.py:925} INFO - DAG(s) 'example_sensors' retrieved from /home/airflow/.local/lib/python3.12/site-packages/airflow/example_dags/example_sensors.py
[2025-02-19T03:56:12.058+0000] {logging_mixin.py:190} INFO - [2025-02-19T03:56:12.058+0000] {dag.py:3239} INFO - Sync 1 DAGs
[2025-02-19T03:56:12.073+0000] {logging_mixin.py:190} INFO - [2025-02-19T03:56:12.073+0000] {dag.py:4180} INFO - Setting next_dagrun for example_sensors to None, run_after=None
[2025-02-19T03:56:12.099+0000] {processor.py:208} INFO - Processing /home/airflow/.local/lib/python3.12/site-packages/airflow/example_dags/example_sensors.py took 0.097 seconds
[2025-02-19T03:56:42.856+0000] {processor.py:186} INFO - Started process (PID=757) to work on /home/airflow/.local/lib/python3.12/site-packages/airflow/example_dags/example_sensors.py
[2025-02-19T03:56:42.857+0000] {processor.py:914} INFO - Processing file /home/airflow/.local/lib/python3.12/site-packages/airflow/example_dags/example_sensors.py for tasks to queue
[2025-02-19T03:56:42.858+0000] {logging_mixin.py:190} INFO - [2025-02-19T03:56:42.858+0000] {dagbag.py:588} INFO - Filling up the DagBag from /home/airflow/.local/lib/python3.12/site-packages/airflow/example_dags/example_sensors.py
[2025-02-19T03:56:42.871+0000] {processor.py:925} INFO - DAG(s) 'example_sensors' retrieved from /home/airflow/.local/lib/python3.12/site-packages/airflow/example_dags/example_sensors.py
[2025-02-19T03:56:42.905+0000] {logging_mixin.py:190} INFO - [2025-02-19T03:56:42.904+0000] {dag.py:3239} INFO - Sync 1 DAGs
[2025-02-19T03:56:42.922+0000] {logging_mixin.py:190} INFO - [2025-02-19T03:56:42.921+0000] {dag.py:4180} INFO - Setting next_dagrun for example_sensors to None, run_after=None
[2025-02-19T03:56:42.944+0000] {processor.py:208} INFO - Processing /home/airflow/.local/lib/python3.12/site-packages/airflow/example_dags/example_sensors.py took 0.094 seconds
[2025-02-19T03:57:13.108+0000] {processor.py:186} INFO - Started process (PID=820) to work on /home/airflow/.local/lib/python3.12/site-packages/airflow/example_dags/example_sensors.py
[2025-02-19T03:57:13.108+0000] {processor.py:914} INFO - Processing file /home/airflow/.local/lib/python3.12/site-packages/airflow/example_dags/example_sensors.py for tasks to queue
[2025-02-19T03:57:13.112+0000] {logging_mixin.py:190} INFO - [2025-02-19T03:57:13.111+0000] {dagbag.py:588} INFO - Filling up the DagBag from /home/airflow/.local/lib/python3.12/site-packages/airflow/example_dags/example_sensors.py
[2025-02-19T03:57:13.132+0000] {processor.py:925} INFO - DAG(s) 'example_sensors' retrieved from /home/airflow/.local/lib/python3.12/site-packages/airflow/example_dags/example_sensors.py
[2025-02-19T03:57:13.166+0000] {logging_mixin.py:190} INFO - [2025-02-19T03:57:13.165+0000] {dag.py:3239} INFO - Sync 1 DAGs
[2025-02-19T03:57:13.182+0000] {logging_mixin.py:190} INFO - [2025-02-19T03:57:13.181+0000] {dag.py:4180} INFO - Setting next_dagrun for example_sensors to None, run_after=None
[2025-02-19T03:57:13.205+0000] {processor.py:208} INFO - Processing /home/airflow/.local/lib/python3.12/site-packages/airflow/example_dags/example_sensors.py took 0.105 seconds
[2025-02-19T03:57:43.279+0000] {processor.py:186} INFO - Started process (PID=884) to work on /home/airflow/.local/lib/python3.12/site-packages/airflow/example_dags/example_sensors.py
[2025-02-19T03:57:43.280+0000] {processor.py:914} INFO - Processing file /home/airflow/.local/lib/python3.12/site-packages/airflow/example_dags/example_sensors.py for tasks to queue
[2025-02-19T03:57:43.281+0000] {logging_mixin.py:190} INFO - [2025-02-19T03:57:43.281+0000] {dagbag.py:588} INFO - Filling up the DagBag from /home/airflow/.local/lib/python3.12/site-packages/airflow/example_dags/example_sensors.py
[2025-02-19T03:57:43.294+0000] {processor.py:925} INFO - DAG(s) 'example_sensors' retrieved from /home/airflow/.local/lib/python3.12/site-packages/airflow/example_dags/example_sensors.py
[2025-02-19T03:57:43.328+0000] {logging_mixin.py:190} INFO - [2025-02-19T03:57:43.328+0000] {dag.py:3239} INFO - Sync 1 DAGs
[2025-02-19T03:57:43.344+0000] {logging_mixin.py:190} INFO - [2025-02-19T03:57:43.344+0000] {dag.py:4180} INFO - Setting next_dagrun for example_sensors to None, run_after=None
[2025-02-19T03:57:43.372+0000] {processor.py:208} INFO - Processing /home/airflow/.local/lib/python3.12/site-packages/airflow/example_dags/example_sensors.py took 0.099 seconds
[2025-02-19T03:58:14.063+0000] {processor.py:186} INFO - Started process (PID=948) to work on /home/airflow/.local/lib/python3.12/site-packages/airflow/example_dags/example_sensors.py
[2025-02-19T03:58:14.064+0000] {processor.py:914} INFO - Processing file /home/airflow/.local/lib/python3.12/site-packages/airflow/example_dags/example_sensors.py for tasks to queue
[2025-02-19T03:58:14.066+0000] {logging_mixin.py:190} INFO - [2025-02-19T03:58:14.065+0000] {dagbag.py:588} INFO - Filling up the DagBag from /home/airflow/.local/lib/python3.12/site-packages/airflow/example_dags/example_sensors.py
[2025-02-19T03:58:14.087+0000] {processor.py:925} INFO - DAG(s) 'example_sensors' retrieved from /home/airflow/.local/lib/python3.12/site-packages/airflow/example_dags/example_sensors.py
[2025-02-19T03:58:14.123+0000] {logging_mixin.py:190} INFO - [2025-02-19T03:58:14.123+0000] {dag.py:3239} INFO - Sync 1 DAGs
[2025-02-19T03:58:14.141+0000] {logging_mixin.py:190} INFO - [2025-02-19T03:58:14.140+0000] {dag.py:4180} INFO - Setting next_dagrun for example_sensors to None, run_after=None
[2025-02-19T03:58:14.168+0000] {processor.py:208} INFO - Processing /home/airflow/.local/lib/python3.12/site-packages/airflow/example_dags/example_sensors.py took 0.114 seconds
[2025-02-19T03:58:44.653+0000] {processor.py:186} INFO - Started process (PID=1012) to work on /home/airflow/.local/lib/python3.12/site-packages/airflow/example_dags/example_sensors.py
[2025-02-19T03:58:44.654+0000] {processor.py:914} INFO - Processing file /home/airflow/.local/lib/python3.12/site-packages/airflow/example_dags/example_sensors.py for tasks to queue
[2025-02-19T03:58:44.656+0000] {logging_mixin.py:190} INFO - [2025-02-19T03:58:44.655+0000] {dagbag.py:588} INFO - Filling up the DagBag from /home/airflow/.local/lib/python3.12/site-packages/airflow/example_dags/example_sensors.py
[2025-02-19T03:58:44.675+0000] {processor.py:925} INFO - DAG(s) 'example_sensors' retrieved from /home/airflow/.local/lib/python3.12/site-packages/airflow/example_dags/example_sensors.py
[2025-02-19T03:58:44.727+0000] {logging_mixin.py:190} INFO - [2025-02-19T03:58:44.727+0000] {dag.py:3239} INFO - Sync 1 DAGs
[2025-02-19T03:58:44.752+0000] {logging_mixin.py:190} INFO - [2025-02-19T03:58:44.752+0000] {dag.py:4180} INFO - Setting next_dagrun for example_sensors to None, run_after=None
[2025-02-19T03:58:44.785+0000] {processor.py:208} INFO - Processing /home/airflow/.local/lib/python3.12/site-packages/airflow/example_dags/example_sensors.py took 0.140 seconds
[2025-02-19T03:59:15.422+0000] {processor.py:186} INFO - Started process (PID=1074) to work on /home/airflow/.local/lib/python3.12/site-packages/airflow/example_dags/example_sensors.py
[2025-02-19T03:59:15.424+0000] {processor.py:914} INFO - Processing file /home/airflow/.local/lib/python3.12/site-packages/airflow/example_dags/example_sensors.py for tasks to queue
[2025-02-19T03:59:15.426+0000] {logging_mixin.py:190} INFO - [2025-02-19T03:59:15.426+0000] {dagbag.py:588} INFO - Filling up the DagBag from /home/airflow/.local/lib/python3.12/site-packages/airflow/example_dags/example_sensors.py
[2025-02-19T03:59:15.455+0000] {processor.py:925} INFO - DAG(s) 'example_sensors' retrieved from /home/airflow/.local/lib/python3.12/site-packages/airflow/example_dags/example_sensors.py
[2025-02-19T03:59:15.510+0000] {logging_mixin.py:190} INFO - [2025-02-19T03:59:15.509+0000] {dag.py:3239} INFO - Sync 1 DAGs
[2025-02-19T03:59:15.537+0000] {logging_mixin.py:190} INFO - [2025-02-19T03:59:15.537+0000] {dag.py:4180} INFO - Setting next_dagrun for example_sensors to None, run_after=None
[2025-02-19T03:59:15.581+0000] {processor.py:208} INFO - Processing /home/airflow/.local/lib/python3.12/site-packages/airflow/example_dags/example_sensors.py took 0.172 seconds
[2025-02-19T03:59:46.082+0000] {processor.py:186} INFO - Started process (PID=1138) to work on /home/airflow/.local/lib/python3.12/site-packages/airflow/example_dags/example_sensors.py
[2025-02-19T03:59:46.082+0000] {processor.py:914} INFO - Processing file /home/airflow/.local/lib/python3.12/site-packages/airflow/example_dags/example_sensors.py for tasks to queue
[2025-02-19T03:59:46.084+0000] {logging_mixin.py:190} INFO - [2025-02-19T03:59:46.083+0000] {dagbag.py:588} INFO - Filling up the DagBag from /home/airflow/.local/lib/python3.12/site-packages/airflow/example_dags/example_sensors.py
[2025-02-19T03:59:46.096+0000] {processor.py:925} INFO - DAG(s) 'example_sensors' retrieved from /home/airflow/.local/lib/python3.12/site-packages/airflow/example_dags/example_sensors.py
[2025-02-19T03:59:46.143+0000] {logging_mixin.py:190} INFO - [2025-02-19T03:59:46.142+0000] {dag.py:3239} INFO - Sync 1 DAGs
[2025-02-19T03:59:46.172+0000] {logging_mixin.py:190} INFO - [2025-02-19T03:59:46.172+0000] {dag.py:4180} INFO - Setting next_dagrun for example_sensors to None, run_after=None
[2025-02-19T03:59:46.207+0000] {processor.py:208} INFO - Processing /home/airflow/.local/lib/python3.12/site-packages/airflow/example_dags/example_sensors.py took 0.131 seconds
[2025-02-19T04:00:16.947+0000] {processor.py:186} INFO - Started process (PID=1202) to work on /home/airflow/.local/lib/python3.12/site-packages/airflow/example_dags/example_sensors.py
[2025-02-19T04:00:16.948+0000] {processor.py:914} INFO - Processing file /home/airflow/.local/lib/python3.12/site-packages/airflow/example_dags/example_sensors.py for tasks to queue
[2025-02-19T04:00:16.949+0000] {logging_mixin.py:190} INFO - [2025-02-19T04:00:16.949+0000] {dagbag.py:588} INFO - Filling up the DagBag from /home/airflow/.local/lib/python3.12/site-packages/airflow/example_dags/example_sensors.py
[2025-02-19T04:00:16.961+0000] {processor.py:925} INFO - DAG(s) 'example_sensors' retrieved from /home/airflow/.local/lib/python3.12/site-packages/airflow/example_dags/example_sensors.py
[2025-02-19T04:00:16.988+0000] {logging_mixin.py:190} INFO - [2025-02-19T04:00:16.988+0000] {dag.py:3239} INFO - Sync 1 DAGs
[2025-02-19T04:00:17.001+0000] {logging_mixin.py:190} INFO - [2025-02-19T04:00:17.001+0000] {dag.py:4180} INFO - Setting next_dagrun for example_sensors to None, run_after=None
[2025-02-19T04:00:17.027+0000] {processor.py:208} INFO - Processing /home/airflow/.local/lib/python3.12/site-packages/airflow/example_dags/example_sensors.py took 0.086 seconds
[2025-02-19T04:00:47.665+0000] {processor.py:186} INFO - Started process (PID=1266) to work on /home/airflow/.local/lib/python3.12/site-packages/airflow/example_dags/example_sensors.py
[2025-02-19T04:00:47.667+0000] {processor.py:914} INFO - Processing file /home/airflow/.local/lib/python3.12/site-packages/airflow/example_dags/example_sensors.py for tasks to queue
[2025-02-19T04:00:47.668+0000] {logging_mixin.py:190} INFO - [2025-02-19T04:00:47.668+0000] {dagbag.py:588} INFO - Filling up the DagBag from /home/airflow/.local/lib/python3.12/site-packages/airflow/example_dags/example_sensors.py
[2025-02-19T04:00:47.681+0000] {processor.py:925} INFO - DAG(s) 'example_sensors' retrieved from /home/airflow/.local/lib/python3.12/site-packages/airflow/example_dags/example_sensors.py
[2025-02-19T04:00:47.719+0000] {logging_mixin.py:190} INFO - [2025-02-19T04:00:47.718+0000] {dag.py:3239} INFO - Sync 1 DAGs
[2025-02-19T04:00:47.735+0000] {logging_mixin.py:190} INFO - [2025-02-19T04:00:47.735+0000] {dag.py:4180} INFO - Setting next_dagrun for example_sensors to None, run_after=None
[2025-02-19T04:00:47.759+0000] {processor.py:208} INFO - Processing /home/airflow/.local/lib/python3.12/site-packages/airflow/example_dags/example_sensors.py took 0.100 seconds
[2025-02-19T04:01:17.856+0000] {processor.py:186} INFO - Started process (PID=1329) to work on /home/airflow/.local/lib/python3.12/site-packages/airflow/example_dags/example_sensors.py
[2025-02-19T04:01:17.857+0000] {processor.py:914} INFO - Processing file /home/airflow/.local/lib/python3.12/site-packages/airflow/example_dags/example_sensors.py for tasks to queue
[2025-02-19T04:01:17.859+0000] {logging_mixin.py:190} INFO - [2025-02-19T04:01:17.858+0000] {dagbag.py:588} INFO - Filling up the DagBag from /home/airflow/.local/lib/python3.12/site-packages/airflow/example_dags/example_sensors.py
[2025-02-19T04:01:17.871+0000] {processor.py:925} INFO - DAG(s) 'example_sensors' retrieved from /home/airflow/.local/lib/python3.12/site-packages/airflow/example_dags/example_sensors.py
[2025-02-19T04:01:17.898+0000] {logging_mixin.py:190} INFO - [2025-02-19T04:01:17.898+0000] {dag.py:3239} INFO - Sync 1 DAGs
[2025-02-19T04:01:17.911+0000] {logging_mixin.py:190} INFO - [2025-02-19T04:01:17.910+0000] {dag.py:4180} INFO - Setting next_dagrun for example_sensors to None, run_after=None
[2025-02-19T04:01:17.936+0000] {processor.py:208} INFO - Processing /home/airflow/.local/lib/python3.12/site-packages/airflow/example_dags/example_sensors.py took 0.087 seconds
[2025-02-19T04:01:49.031+0000] {processor.py:186} INFO - Started process (PID=1393) to work on /home/airflow/.local/lib/python3.12/site-packages/airflow/example_dags/example_sensors.py
[2025-02-19T04:01:49.050+0000] {processor.py:914} INFO - Processing file /home/airflow/.local/lib/python3.12/site-packages/airflow/example_dags/example_sensors.py for tasks to queue
[2025-02-19T04:01:49.075+0000] {logging_mixin.py:190} INFO - [2025-02-19T04:01:49.074+0000] {dagbag.py:588} INFO - Filling up the DagBag from /home/airflow/.local/lib/python3.12/site-packages/airflow/example_dags/example_sensors.py
[2025-02-19T04:01:49.194+0000] {processor.py:925} INFO - DAG(s) 'example_sensors' retrieved from /home/airflow/.local/lib/python3.12/site-packages/airflow/example_dags/example_sensors.py
[2025-02-19T04:01:49.401+0000] {logging_mixin.py:190} INFO - [2025-02-19T04:01:49.401+0000] {dag.py:3239} INFO - Sync 1 DAGs
[2025-02-19T04:01:49.483+0000] {logging_mixin.py:190} INFO - [2025-02-19T04:01:49.483+0000] {dag.py:4180} INFO - Setting next_dagrun for example_sensors to None, run_after=None
[2025-02-19T04:01:49.598+0000] {processor.py:208} INFO - Processing /home/airflow/.local/lib/python3.12/site-packages/airflow/example_dags/example_sensors.py took 0.616 seconds
