[2025-02-19T03:51:22.354+0000] {processor.py:186} INFO - Started process (PID=80) to work on /home/airflow/.local/lib/python3.12/site-packages/airflow/example_dags/example_xcomargs.py
[2025-02-19T03:51:22.355+0000] {processor.py:914} INFO - Processing file /home/airflow/.local/lib/python3.12/site-packages/airflow/example_dags/example_xcomargs.py for tasks to queue
[2025-02-19T03:51:22.358+0000] {logging_mixin.py:190} INFO - [2025-02-19T03:51:22.357+0000] {dagbag.py:588} INFO - Filling up the DagBag from /home/airflow/.local/lib/python3.12/site-packages/airflow/example_dags/example_xcomargs.py
[2025-02-19T03:51:22.379+0000] {processor.py:925} INFO - DAG(s) 'example_xcom_args', 'example_xcom_args_with_operators' retrieved from /home/airflow/.local/lib/python3.12/site-packages/airflow/example_dags/example_xcomargs.py
[2025-02-19T03:51:22.569+0000] {logging_mixin.py:190} INFO - [2025-02-19T03:51:22.567+0000] {override.py:1911} INFO - Created Permission View: can read on DAG:example_xcom_args
[2025-02-19T03:51:22.584+0000] {logging_mixin.py:190} INFO - [2025-02-19T03:51:22.584+0000] {override.py:1911} INFO - Created Permission View: can delete on DAG:example_xcom_args
[2025-02-19T03:51:22.594+0000] {logging_mixin.py:190} INFO - [2025-02-19T03:51:22.594+0000] {override.py:1911} INFO - Created Permission View: can edit on DAG:example_xcom_args
[2025-02-19T03:51:22.609+0000] {logging_mixin.py:190} INFO - [2025-02-19T03:51:22.608+0000] {override.py:1911} INFO - Created Permission View: can read on DAG Run:example_xcom_args
[2025-02-19T03:51:22.618+0000] {logging_mixin.py:190} INFO - [2025-02-19T03:51:22.618+0000] {override.py:1911} INFO - Created Permission View: can delete on DAG Run:example_xcom_args
[2025-02-19T03:51:22.629+0000] {logging_mixin.py:190} INFO - [2025-02-19T03:51:22.628+0000] {override.py:1911} INFO - Created Permission View: can create on DAG Run:example_xcom_args
[2025-02-19T03:51:22.640+0000] {logging_mixin.py:190} INFO - [2025-02-19T03:51:22.639+0000] {override.py:1911} INFO - Created Permission View: menu access on DAG Run:example_xcom_args
[2025-02-19T03:51:22.663+0000] {logging_mixin.py:190} INFO - [2025-02-19T03:51:22.662+0000] {override.py:1911} INFO - Created Permission View: can read on DAG:example_xcom_args_with_operators
[2025-02-19T03:51:22.675+0000] {logging_mixin.py:190} INFO - [2025-02-19T03:51:22.675+0000] {override.py:1911} INFO - Created Permission View: can delete on DAG:example_xcom_args_with_operators
[2025-02-19T03:51:22.687+0000] {logging_mixin.py:190} INFO - [2025-02-19T03:51:22.687+0000] {override.py:1911} INFO - Created Permission View: can edit on DAG:example_xcom_args_with_operators
[2025-02-19T03:51:22.702+0000] {logging_mixin.py:190} INFO - [2025-02-19T03:51:22.702+0000] {override.py:1911} INFO - Created Permission View: can read on DAG Run:example_xcom_args_with_operators
[2025-02-19T03:51:22.719+0000] {logging_mixin.py:190} INFO - [2025-02-19T03:51:22.718+0000] {override.py:1911} INFO - Created Permission View: can delete on DAG Run:example_xcom_args_with_operators
[2025-02-19T03:51:22.731+0000] {logging_mixin.py:190} INFO - [2025-02-19T03:51:22.730+0000] {override.py:1911} INFO - Created Permission View: can create on DAG Run:example_xcom_args_with_operators
[2025-02-19T03:51:22.742+0000] {logging_mixin.py:190} INFO - [2025-02-19T03:51:22.742+0000] {override.py:1911} INFO - Created Permission View: menu access on DAG Run:example_xcom_args_with_operators
[2025-02-19T03:51:22.743+0000] {logging_mixin.py:190} INFO - [2025-02-19T03:51:22.743+0000] {dag.py:3239} INFO - Sync 2 DAGs
[2025-02-19T03:51:22.760+0000] {logging_mixin.py:190} INFO - [2025-02-19T03:51:22.760+0000] {dag.py:3262} INFO - Creating ORM DAG for example_xcom_args_with_operators
[2025-02-19T03:51:22.762+0000] {logging_mixin.py:190} INFO - [2025-02-19T03:51:22.761+0000] {dag.py:3262} INFO - Creating ORM DAG for example_xcom_args
[2025-02-19T03:51:22.763+0000] {logging_mixin.py:190} INFO - [2025-02-19T03:51:22.762+0000] {dag.py:4180} INFO - Setting next_dagrun for example_xcom_args to None, run_after=None
[2025-02-19T03:51:22.764+0000] {logging_mixin.py:190} INFO - [2025-02-19T03:51:22.763+0000] {dag.py:4180} INFO - Setting next_dagrun for example_xcom_args_with_operators to None, run_after=None
[2025-02-19T03:51:22.790+0000] {processor.py:208} INFO - Processing /home/airflow/.local/lib/python3.12/site-packages/airflow/example_dags/example_xcomargs.py took 0.446 seconds
[2025-02-19T03:51:52.851+0000] {processor.py:186} INFO - Started process (PID=144) to work on /home/airflow/.local/lib/python3.12/site-packages/airflow/example_dags/example_xcomargs.py
[2025-02-19T03:51:52.852+0000] {processor.py:914} INFO - Processing file /home/airflow/.local/lib/python3.12/site-packages/airflow/example_dags/example_xcomargs.py for tasks to queue
[2025-02-19T03:51:52.855+0000] {logging_mixin.py:190} INFO - [2025-02-19T03:51:52.854+0000] {dagbag.py:588} INFO - Filling up the DagBag from /home/airflow/.local/lib/python3.12/site-packages/airflow/example_dags/example_xcomargs.py
[2025-02-19T03:51:52.871+0000] {processor.py:925} INFO - DAG(s) 'example_xcom_args', 'example_xcom_args_with_operators' retrieved from /home/airflow/.local/lib/python3.12/site-packages/airflow/example_dags/example_xcomargs.py
[2025-02-19T03:51:52.905+0000] {logging_mixin.py:190} INFO - [2025-02-19T03:51:52.904+0000] {dag.py:3239} INFO - Sync 2 DAGs
[2025-02-19T03:51:52.928+0000] {logging_mixin.py:190} INFO - [2025-02-19T03:51:52.928+0000] {dag.py:4180} INFO - Setting next_dagrun for example_xcom_args to None, run_after=None
[2025-02-19T03:51:52.935+0000] {logging_mixin.py:190} INFO - [2025-02-19T03:51:52.935+0000] {dag.py:4180} INFO - Setting next_dagrun for example_xcom_args_with_operators to None, run_after=None
[2025-02-19T03:51:52.968+0000] {processor.py:208} INFO - Processing /home/airflow/.local/lib/python3.12/site-packages/airflow/example_dags/example_xcomargs.py took 0.126 seconds
[2025-02-19T03:52:23.212+0000] {processor.py:186} INFO - Started process (PID=208) to work on /home/airflow/.local/lib/python3.12/site-packages/airflow/example_dags/example_xcomargs.py
[2025-02-19T03:52:23.213+0000] {processor.py:914} INFO - Processing file /home/airflow/.local/lib/python3.12/site-packages/airflow/example_dags/example_xcomargs.py for tasks to queue
[2025-02-19T03:52:23.215+0000] {logging_mixin.py:190} INFO - [2025-02-19T03:52:23.215+0000] {dagbag.py:588} INFO - Filling up the DagBag from /home/airflow/.local/lib/python3.12/site-packages/airflow/example_dags/example_xcomargs.py
[2025-02-19T03:52:23.232+0000] {processor.py:925} INFO - DAG(s) 'example_xcom_args', 'example_xcom_args_with_operators' retrieved from /home/airflow/.local/lib/python3.12/site-packages/airflow/example_dags/example_xcomargs.py
[2025-02-19T03:52:23.271+0000] {logging_mixin.py:190} INFO - [2025-02-19T03:52:23.270+0000] {dag.py:3239} INFO - Sync 2 DAGs
[2025-02-19T03:52:23.294+0000] {logging_mixin.py:190} INFO - [2025-02-19T03:52:23.294+0000] {dag.py:4180} INFO - Setting next_dagrun for example_xcom_args to None, run_after=None
[2025-02-19T03:52:23.300+0000] {logging_mixin.py:190} INFO - [2025-02-19T03:52:23.299+0000] {dag.py:4180} INFO - Setting next_dagrun for example_xcom_args_with_operators to None, run_after=None
[2025-02-19T03:52:23.322+0000] {processor.py:208} INFO - Processing /home/airflow/.local/lib/python3.12/site-packages/airflow/example_dags/example_xcomargs.py took 0.118 seconds
[2025-02-19T03:52:53.954+0000] {processor.py:186} INFO - Started process (PID=272) to work on /home/airflow/.local/lib/python3.12/site-packages/airflow/example_dags/example_xcomargs.py
[2025-02-19T03:52:53.954+0000] {processor.py:914} INFO - Processing file /home/airflow/.local/lib/python3.12/site-packages/airflow/example_dags/example_xcomargs.py for tasks to queue
[2025-02-19T03:52:53.956+0000] {logging_mixin.py:190} INFO - [2025-02-19T03:52:53.956+0000] {dagbag.py:588} INFO - Filling up the DagBag from /home/airflow/.local/lib/python3.12/site-packages/airflow/example_dags/example_xcomargs.py
[2025-02-19T03:52:53.970+0000] {processor.py:925} INFO - DAG(s) 'example_xcom_args', 'example_xcom_args_with_operators' retrieved from /home/airflow/.local/lib/python3.12/site-packages/airflow/example_dags/example_xcomargs.py
[2025-02-19T03:52:54.004+0000] {logging_mixin.py:190} INFO - [2025-02-19T03:52:54.004+0000] {dag.py:3239} INFO - Sync 2 DAGs
[2025-02-19T03:52:54.022+0000] {logging_mixin.py:190} INFO - [2025-02-19T03:52:54.022+0000] {dag.py:4180} INFO - Setting next_dagrun for example_xcom_args to None, run_after=None
[2025-02-19T03:52:54.028+0000] {logging_mixin.py:190} INFO - [2025-02-19T03:52:54.027+0000] {dag.py:4180} INFO - Setting next_dagrun for example_xcom_args_with_operators to None, run_after=None
[2025-02-19T03:52:54.054+0000] {processor.py:208} INFO - Processing /home/airflow/.local/lib/python3.12/site-packages/airflow/example_dags/example_xcomargs.py took 0.108 seconds
[2025-02-19T03:53:24.418+0000] {processor.py:186} INFO - Started process (PID=340) to work on /home/airflow/.local/lib/python3.12/site-packages/airflow/example_dags/example_xcomargs.py
[2025-02-19T03:53:24.419+0000] {processor.py:914} INFO - Processing file /home/airflow/.local/lib/python3.12/site-packages/airflow/example_dags/example_xcomargs.py for tasks to queue
[2025-02-19T03:53:24.420+0000] {logging_mixin.py:190} INFO - [2025-02-19T03:53:24.420+0000] {dagbag.py:588} INFO - Filling up the DagBag from /home/airflow/.local/lib/python3.12/site-packages/airflow/example_dags/example_xcomargs.py
[2025-02-19T03:53:24.445+0000] {processor.py:925} INFO - DAG(s) 'example_xcom_args', 'example_xcom_args_with_operators' retrieved from /home/airflow/.local/lib/python3.12/site-packages/airflow/example_dags/example_xcomargs.py
[2025-02-19T03:53:24.487+0000] {logging_mixin.py:190} INFO - [2025-02-19T03:53:24.487+0000] {dag.py:3239} INFO - Sync 2 DAGs
[2025-02-19T03:53:24.506+0000] {logging_mixin.py:190} INFO - [2025-02-19T03:53:24.506+0000] {dag.py:4180} INFO - Setting next_dagrun for example_xcom_args to None, run_after=None
[2025-02-19T03:53:24.511+0000] {logging_mixin.py:190} INFO - [2025-02-19T03:53:24.511+0000] {dag.py:4180} INFO - Setting next_dagrun for example_xcom_args_with_operators to None, run_after=None
[2025-02-19T03:53:24.528+0000] {processor.py:208} INFO - Processing /home/airflow/.local/lib/python3.12/site-packages/airflow/example_dags/example_xcomargs.py took 0.120 seconds
[2025-02-19T03:53:55.447+0000] {processor.py:186} INFO - Started process (PID=404) to work on /home/airflow/.local/lib/python3.12/site-packages/airflow/example_dags/example_xcomargs.py
[2025-02-19T03:53:55.447+0000] {processor.py:914} INFO - Processing file /home/airflow/.local/lib/python3.12/site-packages/airflow/example_dags/example_xcomargs.py for tasks to queue
[2025-02-19T03:53:55.449+0000] {logging_mixin.py:190} INFO - [2025-02-19T03:53:55.448+0000] {dagbag.py:588} INFO - Filling up the DagBag from /home/airflow/.local/lib/python3.12/site-packages/airflow/example_dags/example_xcomargs.py
[2025-02-19T03:53:55.459+0000] {processor.py:925} INFO - DAG(s) 'example_xcom_args_with_operators', 'example_xcom_args' retrieved from /home/airflow/.local/lib/python3.12/site-packages/airflow/example_dags/example_xcomargs.py
[2025-02-19T03:53:55.487+0000] {logging_mixin.py:190} INFO - [2025-02-19T03:53:55.486+0000] {dag.py:3239} INFO - Sync 2 DAGs
[2025-02-19T03:53:55.505+0000] {logging_mixin.py:190} INFO - [2025-02-19T03:53:55.505+0000] {dag.py:4180} INFO - Setting next_dagrun for example_xcom_args to None, run_after=None
[2025-02-19T03:53:55.510+0000] {logging_mixin.py:190} INFO - [2025-02-19T03:53:55.509+0000] {dag.py:4180} INFO - Setting next_dagrun for example_xcom_args_with_operators to None, run_after=None
[2025-02-19T03:53:55.529+0000] {processor.py:208} INFO - Processing /home/airflow/.local/lib/python3.12/site-packages/airflow/example_dags/example_xcomargs.py took 0.089 seconds
[2025-02-19T03:54:26.285+0000] {processor.py:186} INFO - Started process (PID=468) to work on /home/airflow/.local/lib/python3.12/site-packages/airflow/example_dags/example_xcomargs.py
[2025-02-19T03:54:26.286+0000] {processor.py:914} INFO - Processing file /home/airflow/.local/lib/python3.12/site-packages/airflow/example_dags/example_xcomargs.py for tasks to queue
[2025-02-19T03:54:26.287+0000] {logging_mixin.py:190} INFO - [2025-02-19T03:54:26.287+0000] {dagbag.py:588} INFO - Filling up the DagBag from /home/airflow/.local/lib/python3.12/site-packages/airflow/example_dags/example_xcomargs.py
[2025-02-19T03:54:26.297+0000] {processor.py:925} INFO - DAG(s) 'example_xcom_args', 'example_xcom_args_with_operators' retrieved from /home/airflow/.local/lib/python3.12/site-packages/airflow/example_dags/example_xcomargs.py
[2025-02-19T03:54:26.322+0000] {logging_mixin.py:190} INFO - [2025-02-19T03:54:26.321+0000] {dag.py:3239} INFO - Sync 2 DAGs
[2025-02-19T03:54:26.339+0000] {logging_mixin.py:190} INFO - [2025-02-19T03:54:26.338+0000] {dag.py:4180} INFO - Setting next_dagrun for example_xcom_args to None, run_after=None
[2025-02-19T03:54:26.343+0000] {logging_mixin.py:190} INFO - [2025-02-19T03:54:26.342+0000] {dag.py:4180} INFO - Setting next_dagrun for example_xcom_args_with_operators to None, run_after=None
[2025-02-19T03:54:26.361+0000] {processor.py:208} INFO - Processing /home/airflow/.local/lib/python3.12/site-packages/airflow/example_dags/example_xcomargs.py took 0.081 seconds
[2025-02-19T03:54:56.578+0000] {processor.py:186} INFO - Started process (PID=532) to work on /home/airflow/.local/lib/python3.12/site-packages/airflow/example_dags/example_xcomargs.py
[2025-02-19T03:54:56.579+0000] {processor.py:914} INFO - Processing file /home/airflow/.local/lib/python3.12/site-packages/airflow/example_dags/example_xcomargs.py for tasks to queue
[2025-02-19T03:54:56.580+0000] {logging_mixin.py:190} INFO - [2025-02-19T03:54:56.580+0000] {dagbag.py:588} INFO - Filling up the DagBag from /home/airflow/.local/lib/python3.12/site-packages/airflow/example_dags/example_xcomargs.py
[2025-02-19T03:54:56.594+0000] {processor.py:925} INFO - DAG(s) 'example_xcom_args_with_operators', 'example_xcom_args' retrieved from /home/airflow/.local/lib/python3.12/site-packages/airflow/example_dags/example_xcomargs.py
[2025-02-19T03:54:56.625+0000] {logging_mixin.py:190} INFO - [2025-02-19T03:54:56.625+0000] {dag.py:3239} INFO - Sync 2 DAGs
[2025-02-19T03:54:56.645+0000] {logging_mixin.py:190} INFO - [2025-02-19T03:54:56.644+0000] {dag.py:4180} INFO - Setting next_dagrun for example_xcom_args to None, run_after=None
[2025-02-19T03:54:56.650+0000] {logging_mixin.py:190} INFO - [2025-02-19T03:54:56.649+0000] {dag.py:4180} INFO - Setting next_dagrun for example_xcom_args_with_operators to None, run_after=None
[2025-02-19T03:54:56.672+0000] {processor.py:208} INFO - Processing /home/airflow/.local/lib/python3.12/site-packages/airflow/example_dags/example_xcomargs.py took 0.101 seconds
[2025-02-19T03:55:27.072+0000] {processor.py:186} INFO - Started process (PID=596) to work on /home/airflow/.local/lib/python3.12/site-packages/airflow/example_dags/example_xcomargs.py
[2025-02-19T03:55:27.072+0000] {processor.py:914} INFO - Processing file /home/airflow/.local/lib/python3.12/site-packages/airflow/example_dags/example_xcomargs.py for tasks to queue
[2025-02-19T03:55:27.074+0000] {logging_mixin.py:190} INFO - [2025-02-19T03:55:27.074+0000] {dagbag.py:588} INFO - Filling up the DagBag from /home/airflow/.local/lib/python3.12/site-packages/airflow/example_dags/example_xcomargs.py
[2025-02-19T03:55:27.083+0000] {processor.py:925} INFO - DAG(s) 'example_xcom_args_with_operators', 'example_xcom_args' retrieved from /home/airflow/.local/lib/python3.12/site-packages/airflow/example_dags/example_xcomargs.py
[2025-02-19T03:55:27.106+0000] {logging_mixin.py:190} INFO - [2025-02-19T03:55:27.106+0000] {dag.py:3239} INFO - Sync 2 DAGs
[2025-02-19T03:55:27.124+0000] {logging_mixin.py:190} INFO - [2025-02-19T03:55:27.124+0000] {dag.py:4180} INFO - Setting next_dagrun for example_xcom_args to None, run_after=None
[2025-02-19T03:55:27.128+0000] {logging_mixin.py:190} INFO - [2025-02-19T03:55:27.128+0000] {dag.py:4180} INFO - Setting next_dagrun for example_xcom_args_with_operators to None, run_after=None
[2025-02-19T03:55:27.145+0000] {processor.py:208} INFO - Processing /home/airflow/.local/lib/python3.12/site-packages/airflow/example_dags/example_xcomargs.py took 0.079 seconds
[2025-02-19T03:55:57.305+0000] {processor.py:186} INFO - Started process (PID=664) to work on /home/airflow/.local/lib/python3.12/site-packages/airflow/example_dags/example_xcomargs.py
[2025-02-19T03:55:57.306+0000] {processor.py:914} INFO - Processing file /home/airflow/.local/lib/python3.12/site-packages/airflow/example_dags/example_xcomargs.py for tasks to queue
[2025-02-19T03:55:57.307+0000] {logging_mixin.py:190} INFO - [2025-02-19T03:55:57.307+0000] {dagbag.py:588} INFO - Filling up the DagBag from /home/airflow/.local/lib/python3.12/site-packages/airflow/example_dags/example_xcomargs.py
[2025-02-19T03:55:57.322+0000] {processor.py:925} INFO - DAG(s) 'example_xcom_args', 'example_xcom_args_with_operators' retrieved from /home/airflow/.local/lib/python3.12/site-packages/airflow/example_dags/example_xcomargs.py
[2025-02-19T03:55:57.346+0000] {logging_mixin.py:190} INFO - [2025-02-19T03:55:57.346+0000] {dag.py:3239} INFO - Sync 2 DAGs
[2025-02-19T03:55:57.361+0000] {logging_mixin.py:190} INFO - [2025-02-19T03:55:57.361+0000] {dag.py:4180} INFO - Setting next_dagrun for example_xcom_args to None, run_after=None
[2025-02-19T03:55:57.366+0000] {logging_mixin.py:190} INFO - [2025-02-19T03:55:57.365+0000] {dag.py:4180} INFO - Setting next_dagrun for example_xcom_args_with_operators to None, run_after=None
[2025-02-19T03:55:57.388+0000] {processor.py:208} INFO - Processing /home/airflow/.local/lib/python3.12/site-packages/airflow/example_dags/example_xcomargs.py took 0.088 seconds
[2025-02-19T03:56:27.709+0000] {processor.py:186} INFO - Started process (PID=728) to work on /home/airflow/.local/lib/python3.12/site-packages/airflow/example_dags/example_xcomargs.py
[2025-02-19T03:56:27.710+0000] {processor.py:914} INFO - Processing file /home/airflow/.local/lib/python3.12/site-packages/airflow/example_dags/example_xcomargs.py for tasks to queue
[2025-02-19T03:56:27.712+0000] {logging_mixin.py:190} INFO - [2025-02-19T03:56:27.711+0000] {dagbag.py:588} INFO - Filling up the DagBag from /home/airflow/.local/lib/python3.12/site-packages/airflow/example_dags/example_xcomargs.py
[2025-02-19T03:56:27.723+0000] {processor.py:925} INFO - DAG(s) 'example_xcom_args_with_operators', 'example_xcom_args' retrieved from /home/airflow/.local/lib/python3.12/site-packages/airflow/example_dags/example_xcomargs.py
[2025-02-19T03:56:27.752+0000] {logging_mixin.py:190} INFO - [2025-02-19T03:56:27.751+0000] {dag.py:3239} INFO - Sync 2 DAGs
[2025-02-19T03:56:27.768+0000] {logging_mixin.py:190} INFO - [2025-02-19T03:56:27.768+0000] {dag.py:4180} INFO - Setting next_dagrun for example_xcom_args to None, run_after=None
[2025-02-19T03:56:27.772+0000] {logging_mixin.py:190} INFO - [2025-02-19T03:56:27.772+0000] {dag.py:4180} INFO - Setting next_dagrun for example_xcom_args_with_operators to None, run_after=None
[2025-02-19T03:56:27.793+0000] {processor.py:208} INFO - Processing /home/airflow/.local/lib/python3.12/site-packages/airflow/example_dags/example_xcomargs.py took 0.090 seconds
[2025-02-19T03:56:58.629+0000] {processor.py:186} INFO - Started process (PID=792) to work on /home/airflow/.local/lib/python3.12/site-packages/airflow/example_dags/example_xcomargs.py
[2025-02-19T03:56:58.630+0000] {processor.py:914} INFO - Processing file /home/airflow/.local/lib/python3.12/site-packages/airflow/example_dags/example_xcomargs.py for tasks to queue
[2025-02-19T03:56:58.632+0000] {logging_mixin.py:190} INFO - [2025-02-19T03:56:58.631+0000] {dagbag.py:588} INFO - Filling up the DagBag from /home/airflow/.local/lib/python3.12/site-packages/airflow/example_dags/example_xcomargs.py
[2025-02-19T03:56:58.645+0000] {processor.py:925} INFO - DAG(s) 'example_xcom_args_with_operators', 'example_xcom_args' retrieved from /home/airflow/.local/lib/python3.12/site-packages/airflow/example_dags/example_xcomargs.py
[2025-02-19T03:56:58.679+0000] {logging_mixin.py:190} INFO - [2025-02-19T03:56:58.679+0000] {dag.py:3239} INFO - Sync 2 DAGs
[2025-02-19T03:56:58.702+0000] {logging_mixin.py:190} INFO - [2025-02-19T03:56:58.701+0000] {dag.py:4180} INFO - Setting next_dagrun for example_xcom_args to None, run_after=None
[2025-02-19T03:56:58.709+0000] {logging_mixin.py:190} INFO - [2025-02-19T03:56:58.708+0000] {dag.py:4180} INFO - Setting next_dagrun for example_xcom_args_with_operators to None, run_after=None
[2025-02-19T03:56:58.748+0000] {processor.py:208} INFO - Processing /home/airflow/.local/lib/python3.12/site-packages/airflow/example_dags/example_xcomargs.py took 0.127 seconds
[2025-02-19T03:57:29.239+0000] {processor.py:186} INFO - Started process (PID=856) to work on /home/airflow/.local/lib/python3.12/site-packages/airflow/example_dags/example_xcomargs.py
[2025-02-19T03:57:29.240+0000] {processor.py:914} INFO - Processing file /home/airflow/.local/lib/python3.12/site-packages/airflow/example_dags/example_xcomargs.py for tasks to queue
[2025-02-19T03:57:29.241+0000] {logging_mixin.py:190} INFO - [2025-02-19T03:57:29.241+0000] {dagbag.py:588} INFO - Filling up the DagBag from /home/airflow/.local/lib/python3.12/site-packages/airflow/example_dags/example_xcomargs.py
[2025-02-19T03:57:29.254+0000] {processor.py:925} INFO - DAG(s) 'example_xcom_args', 'example_xcom_args_with_operators' retrieved from /home/airflow/.local/lib/python3.12/site-packages/airflow/example_dags/example_xcomargs.py
[2025-02-19T03:57:29.283+0000] {logging_mixin.py:190} INFO - [2025-02-19T03:57:29.283+0000] {dag.py:3239} INFO - Sync 2 DAGs
[2025-02-19T03:57:29.301+0000] {logging_mixin.py:190} INFO - [2025-02-19T03:57:29.301+0000] {dag.py:4180} INFO - Setting next_dagrun for example_xcom_args to None, run_after=None
[2025-02-19T03:57:29.305+0000] {logging_mixin.py:190} INFO - [2025-02-19T03:57:29.304+0000] {dag.py:4180} INFO - Setting next_dagrun for example_xcom_args_with_operators to None, run_after=None
[2025-02-19T03:57:29.324+0000] {processor.py:208} INFO - Processing /home/airflow/.local/lib/python3.12/site-packages/airflow/example_dags/example_xcomargs.py took 0.091 seconds
[2025-02-19T03:57:59.958+0000] {processor.py:186} INFO - Started process (PID=920) to work on /home/airflow/.local/lib/python3.12/site-packages/airflow/example_dags/example_xcomargs.py
[2025-02-19T03:57:59.959+0000] {processor.py:914} INFO - Processing file /home/airflow/.local/lib/python3.12/site-packages/airflow/example_dags/example_xcomargs.py for tasks to queue
[2025-02-19T03:57:59.960+0000] {logging_mixin.py:190} INFO - [2025-02-19T03:57:59.960+0000] {dagbag.py:588} INFO - Filling up the DagBag from /home/airflow/.local/lib/python3.12/site-packages/airflow/example_dags/example_xcomargs.py
[2025-02-19T03:57:59.971+0000] {processor.py:925} INFO - DAG(s) 'example_xcom_args_with_operators', 'example_xcom_args' retrieved from /home/airflow/.local/lib/python3.12/site-packages/airflow/example_dags/example_xcomargs.py
[2025-02-19T03:57:59.998+0000] {logging_mixin.py:190} INFO - [2025-02-19T03:57:59.998+0000] {dag.py:3239} INFO - Sync 2 DAGs
[2025-02-19T03:58:00.018+0000] {logging_mixin.py:190} INFO - [2025-02-19T03:58:00.017+0000] {dag.py:4180} INFO - Setting next_dagrun for example_xcom_args to None, run_after=None
[2025-02-19T03:58:00.023+0000] {logging_mixin.py:190} INFO - [2025-02-19T03:58:00.023+0000] {dag.py:4180} INFO - Setting next_dagrun for example_xcom_args_with_operators to None, run_after=None
[2025-02-19T03:58:00.044+0000] {processor.py:208} INFO - Processing /home/airflow/.local/lib/python3.12/site-packages/airflow/example_dags/example_xcomargs.py took 0.092 seconds
[2025-02-19T03:58:30.839+0000] {processor.py:186} INFO - Started process (PID=984) to work on /home/airflow/.local/lib/python3.12/site-packages/airflow/example_dags/example_xcomargs.py
[2025-02-19T03:58:30.840+0000] {processor.py:914} INFO - Processing file /home/airflow/.local/lib/python3.12/site-packages/airflow/example_dags/example_xcomargs.py for tasks to queue
[2025-02-19T03:58:30.842+0000] {logging_mixin.py:190} INFO - [2025-02-19T03:58:30.841+0000] {dagbag.py:588} INFO - Filling up the DagBag from /home/airflow/.local/lib/python3.12/site-packages/airflow/example_dags/example_xcomargs.py
[2025-02-19T03:58:30.864+0000] {processor.py:925} INFO - DAG(s) 'example_xcom_args', 'example_xcom_args_with_operators' retrieved from /home/airflow/.local/lib/python3.12/site-packages/airflow/example_dags/example_xcomargs.py
[2025-02-19T03:58:30.908+0000] {logging_mixin.py:190} INFO - [2025-02-19T03:58:30.908+0000] {dag.py:3239} INFO - Sync 2 DAGs
[2025-02-19T03:58:30.923+0000] {logging_mixin.py:190} INFO - [2025-02-19T03:58:30.922+0000] {dag.py:4180} INFO - Setting next_dagrun for example_xcom_args to None, run_after=None
[2025-02-19T03:58:30.928+0000] {logging_mixin.py:190} INFO - [2025-02-19T03:58:30.927+0000] {dag.py:4180} INFO - Setting next_dagrun for example_xcom_args_with_operators to None, run_after=None
[2025-02-19T03:58:30.945+0000] {processor.py:208} INFO - Processing /home/airflow/.local/lib/python3.12/site-packages/airflow/example_dags/example_xcomargs.py took 0.114 seconds
[2025-02-19T03:59:01.051+0000] {processor.py:186} INFO - Started process (PID=1047) to work on /home/airflow/.local/lib/python3.12/site-packages/airflow/example_dags/example_xcomargs.py
[2025-02-19T03:59:01.052+0000] {processor.py:914} INFO - Processing file /home/airflow/.local/lib/python3.12/site-packages/airflow/example_dags/example_xcomargs.py for tasks to queue
[2025-02-19T03:59:01.054+0000] {logging_mixin.py:190} INFO - [2025-02-19T03:59:01.053+0000] {dagbag.py:588} INFO - Filling up the DagBag from /home/airflow/.local/lib/python3.12/site-packages/airflow/example_dags/example_xcomargs.py
[2025-02-19T03:59:01.069+0000] {processor.py:925} INFO - DAG(s) 'example_xcom_args_with_operators', 'example_xcom_args' retrieved from /home/airflow/.local/lib/python3.12/site-packages/airflow/example_dags/example_xcomargs.py
[2025-02-19T03:59:01.099+0000] {logging_mixin.py:190} INFO - [2025-02-19T03:59:01.099+0000] {dag.py:3239} INFO - Sync 2 DAGs
[2025-02-19T03:59:01.118+0000] {logging_mixin.py:190} INFO - [2025-02-19T03:59:01.117+0000] {dag.py:4180} INFO - Setting next_dagrun for example_xcom_args to None, run_after=None
[2025-02-19T03:59:01.122+0000] {logging_mixin.py:190} INFO - [2025-02-19T03:59:01.122+0000] {dag.py:4180} INFO - Setting next_dagrun for example_xcom_args_with_operators to None, run_after=None
[2025-02-19T03:59:01.142+0000] {processor.py:208} INFO - Processing /home/airflow/.local/lib/python3.12/site-packages/airflow/example_dags/example_xcomargs.py took 0.098 seconds
[2025-02-19T03:59:31.319+0000] {processor.py:186} INFO - Started process (PID=1111) to work on /home/airflow/.local/lib/python3.12/site-packages/airflow/example_dags/example_xcomargs.py
[2025-02-19T03:59:31.320+0000] {processor.py:914} INFO - Processing file /home/airflow/.local/lib/python3.12/site-packages/airflow/example_dags/example_xcomargs.py for tasks to queue
[2025-02-19T03:59:31.321+0000] {logging_mixin.py:190} INFO - [2025-02-19T03:59:31.321+0000] {dagbag.py:588} INFO - Filling up the DagBag from /home/airflow/.local/lib/python3.12/site-packages/airflow/example_dags/example_xcomargs.py
[2025-02-19T03:59:31.334+0000] {processor.py:925} INFO - DAG(s) 'example_xcom_args_with_operators', 'example_xcom_args' retrieved from /home/airflow/.local/lib/python3.12/site-packages/airflow/example_dags/example_xcomargs.py
[2025-02-19T03:59:31.362+0000] {logging_mixin.py:190} INFO - [2025-02-19T03:59:31.361+0000] {dag.py:3239} INFO - Sync 2 DAGs
[2025-02-19T03:59:31.385+0000] {logging_mixin.py:190} INFO - [2025-02-19T03:59:31.384+0000] {dag.py:4180} INFO - Setting next_dagrun for example_xcom_args to None, run_after=None
[2025-02-19T03:59:31.391+0000] {logging_mixin.py:190} INFO - [2025-02-19T03:59:31.391+0000] {dag.py:4180} INFO - Setting next_dagrun for example_xcom_args_with_operators to None, run_after=None
[2025-02-19T03:59:31.409+0000] {processor.py:208} INFO - Processing /home/airflow/.local/lib/python3.12/site-packages/airflow/example_dags/example_xcomargs.py took 0.096 seconds
[2025-02-19T04:00:02.428+0000] {processor.py:186} INFO - Started process (PID=1175) to work on /home/airflow/.local/lib/python3.12/site-packages/airflow/example_dags/example_xcomargs.py
[2025-02-19T04:00:02.429+0000] {processor.py:914} INFO - Processing file /home/airflow/.local/lib/python3.12/site-packages/airflow/example_dags/example_xcomargs.py for tasks to queue
[2025-02-19T04:00:02.431+0000] {logging_mixin.py:190} INFO - [2025-02-19T04:00:02.430+0000] {dagbag.py:588} INFO - Filling up the DagBag from /home/airflow/.local/lib/python3.12/site-packages/airflow/example_dags/example_xcomargs.py
[2025-02-19T04:00:02.442+0000] {processor.py:925} INFO - DAG(s) 'example_xcom_args', 'example_xcom_args_with_operators' retrieved from /home/airflow/.local/lib/python3.12/site-packages/airflow/example_dags/example_xcomargs.py
[2025-02-19T04:00:02.472+0000] {logging_mixin.py:190} INFO - [2025-02-19T04:00:02.471+0000] {dag.py:3239} INFO - Sync 2 DAGs
[2025-02-19T04:00:02.493+0000] {logging_mixin.py:190} INFO - [2025-02-19T04:00:02.493+0000] {dag.py:4180} INFO - Setting next_dagrun for example_xcom_args to None, run_after=None
[2025-02-19T04:00:02.502+0000] {logging_mixin.py:190} INFO - [2025-02-19T04:00:02.500+0000] {dag.py:4180} INFO - Setting next_dagrun for example_xcom_args_with_operators to None, run_after=None
[2025-02-19T04:00:02.524+0000] {processor.py:208} INFO - Processing /home/airflow/.local/lib/python3.12/site-packages/airflow/example_dags/example_xcomargs.py took 0.102 seconds
[2025-02-19T04:00:32.748+0000] {processor.py:186} INFO - Started process (PID=1239) to work on /home/airflow/.local/lib/python3.12/site-packages/airflow/example_dags/example_xcomargs.py
[2025-02-19T04:00:32.749+0000] {processor.py:914} INFO - Processing file /home/airflow/.local/lib/python3.12/site-packages/airflow/example_dags/example_xcomargs.py for tasks to queue
[2025-02-19T04:00:32.750+0000] {logging_mixin.py:190} INFO - [2025-02-19T04:00:32.750+0000] {dagbag.py:588} INFO - Filling up the DagBag from /home/airflow/.local/lib/python3.12/site-packages/airflow/example_dags/example_xcomargs.py
[2025-02-19T04:00:32.761+0000] {processor.py:925} INFO - DAG(s) 'example_xcom_args', 'example_xcom_args_with_operators' retrieved from /home/airflow/.local/lib/python3.12/site-packages/airflow/example_dags/example_xcomargs.py
[2025-02-19T04:00:32.790+0000] {logging_mixin.py:190} INFO - [2025-02-19T04:00:32.789+0000] {dag.py:3239} INFO - Sync 2 DAGs
[2025-02-19T04:00:32.809+0000] {logging_mixin.py:190} INFO - [2025-02-19T04:00:32.808+0000] {dag.py:4180} INFO - Setting next_dagrun for example_xcom_args to None, run_after=None
[2025-02-19T04:00:32.814+0000] {logging_mixin.py:190} INFO - [2025-02-19T04:00:32.814+0000] {dag.py:4180} INFO - Setting next_dagrun for example_xcom_args_with_operators to None, run_after=None
[2025-02-19T04:00:32.837+0000] {processor.py:208} INFO - Processing /home/airflow/.local/lib/python3.12/site-packages/airflow/example_dags/example_xcomargs.py took 0.096 seconds
[2025-02-19T04:01:02.924+0000] {processor.py:186} INFO - Started process (PID=1303) to work on /home/airflow/.local/lib/python3.12/site-packages/airflow/example_dags/example_xcomargs.py
[2025-02-19T04:01:02.925+0000] {processor.py:914} INFO - Processing file /home/airflow/.local/lib/python3.12/site-packages/airflow/example_dags/example_xcomargs.py for tasks to queue
[2025-02-19T04:01:02.926+0000] {logging_mixin.py:190} INFO - [2025-02-19T04:01:02.925+0000] {dagbag.py:588} INFO - Filling up the DagBag from /home/airflow/.local/lib/python3.12/site-packages/airflow/example_dags/example_xcomargs.py
[2025-02-19T04:01:02.937+0000] {processor.py:925} INFO - DAG(s) 'example_xcom_args_with_operators', 'example_xcom_args' retrieved from /home/airflow/.local/lib/python3.12/site-packages/airflow/example_dags/example_xcomargs.py
[2025-02-19T04:01:02.964+0000] {logging_mixin.py:190} INFO - [2025-02-19T04:01:02.964+0000] {dag.py:3239} INFO - Sync 2 DAGs
[2025-02-19T04:01:02.979+0000] {logging_mixin.py:190} INFO - [2025-02-19T04:01:02.978+0000] {dag.py:4180} INFO - Setting next_dagrun for example_xcom_args to None, run_after=None
[2025-02-19T04:01:02.983+0000] {logging_mixin.py:190} INFO - [2025-02-19T04:01:02.983+0000] {dag.py:4180} INFO - Setting next_dagrun for example_xcom_args_with_operators to None, run_after=None
[2025-02-19T04:01:03.009+0000] {processor.py:208} INFO - Processing /home/airflow/.local/lib/python3.12/site-packages/airflow/example_dags/example_xcomargs.py took 0.090 seconds
[2025-02-19T04:01:33.214+0000] {processor.py:186} INFO - Started process (PID=1366) to work on /home/airflow/.local/lib/python3.12/site-packages/airflow/example_dags/example_xcomargs.py
[2025-02-19T04:01:33.215+0000] {processor.py:914} INFO - Processing file /home/airflow/.local/lib/python3.12/site-packages/airflow/example_dags/example_xcomargs.py for tasks to queue
[2025-02-19T04:01:33.217+0000] {logging_mixin.py:190} INFO - [2025-02-19T04:01:33.216+0000] {dagbag.py:588} INFO - Filling up the DagBag from /home/airflow/.local/lib/python3.12/site-packages/airflow/example_dags/example_xcomargs.py
[2025-02-19T04:01:33.234+0000] {processor.py:925} INFO - DAG(s) 'example_xcom_args_with_operators', 'example_xcom_args' retrieved from /home/airflow/.local/lib/python3.12/site-packages/airflow/example_dags/example_xcomargs.py
[2025-02-19T04:01:33.279+0000] {logging_mixin.py:190} INFO - [2025-02-19T04:01:33.278+0000] {dag.py:3239} INFO - Sync 2 DAGs
[2025-02-19T04:01:33.303+0000] {logging_mixin.py:190} INFO - [2025-02-19T04:01:33.302+0000] {dag.py:4180} INFO - Setting next_dagrun for example_xcom_args to None, run_after=None
[2025-02-19T04:01:33.309+0000] {logging_mixin.py:190} INFO - [2025-02-19T04:01:33.308+0000] {dag.py:4180} INFO - Setting next_dagrun for example_xcom_args_with_operators to None, run_after=None
[2025-02-19T04:01:33.334+0000] {processor.py:208} INFO - Processing /home/airflow/.local/lib/python3.12/site-packages/airflow/example_dags/example_xcomargs.py took 0.129 seconds
