[2025-02-19T03:51:34.712+0000] {processor.py:186} INFO - Started process (PID=119) to work on /home/airflow/.local/lib/python3.12/site-packages/airflow/example_dags/example_local_kubernetes_executor.py
[2025-02-19T03:51:34.713+0000] {processor.py:914} INFO - Processing file /home/airflow/.local/lib/python3.12/site-packages/airflow/example_dags/example_local_kubernetes_executor.py for tasks to queue
[2025-02-19T03:51:34.715+0000] {logging_mixin.py:190} INFO - [2025-02-19T03:51:34.714+0000] {dagbag.py:588} INFO - Filling up the DagBag from /home/airflow/.local/lib/python3.12/site-packages/airflow/example_dags/example_local_kubernetes_executor.py
[2025-02-19T03:51:34.729+0000] {processor.py:925} INFO - DAG(s) 'example_local_kubernetes_executor' retrieved from /home/airflow/.local/lib/python3.12/site-packages/airflow/example_dags/example_local_kubernetes_executor.py
[2025-02-19T03:51:34.972+0000] {logging_mixin.py:190} INFO - [2025-02-19T03:51:34.969+0000] {override.py:1911} INFO - Created Permission View: can read on DAG:example_local_kubernetes_executor
[2025-02-19T03:51:35.005+0000] {logging_mixin.py:190} INFO - [2025-02-19T03:51:35.004+0000] {override.py:1911} INFO - Created Permission View: can delete on DAG:example_local_kubernetes_executor
[2025-02-19T03:51:35.024+0000] {logging_mixin.py:190} INFO - [2025-02-19T03:51:35.023+0000] {override.py:1911} INFO - Created Permission View: can edit on DAG:example_local_kubernetes_executor
[2025-02-19T03:51:35.045+0000] {logging_mixin.py:190} INFO - [2025-02-19T03:51:35.044+0000] {override.py:1911} INFO - Created Permission View: can read on DAG Run:example_local_kubernetes_executor
[2025-02-19T03:51:35.060+0000] {logging_mixin.py:190} INFO - [2025-02-19T03:51:35.060+0000] {override.py:1911} INFO - Created Permission View: can delete on DAG Run:example_local_kubernetes_executor
[2025-02-19T03:51:35.080+0000] {logging_mixin.py:190} INFO - [2025-02-19T03:51:35.079+0000] {override.py:1911} INFO - Created Permission View: can create on DAG Run:example_local_kubernetes_executor
[2025-02-19T03:51:35.166+0000] {logging_mixin.py:190} INFO - [2025-02-19T03:51:35.165+0000] {override.py:1911} INFO - Created Permission View: menu access on DAG Run:example_local_kubernetes_executor
[2025-02-19T03:51:35.173+0000] {logging_mixin.py:190} INFO - [2025-02-19T03:51:35.172+0000] {dag.py:3239} INFO - Sync 1 DAGs
[2025-02-19T03:51:35.214+0000] {logging_mixin.py:190} INFO - [2025-02-19T03:51:35.213+0000] {dag.py:3262} INFO - Creating ORM DAG for example_local_kubernetes_executor
[2025-02-19T03:51:35.217+0000] {logging_mixin.py:190} INFO - [2025-02-19T03:51:35.217+0000] {dag.py:4180} INFO - Setting next_dagrun for example_local_kubernetes_executor to None, run_after=None
[2025-02-19T03:51:35.275+0000] {processor.py:208} INFO - Processing /home/airflow/.local/lib/python3.12/site-packages/airflow/example_dags/example_local_kubernetes_executor.py took 0.571 seconds
[2025-02-19T03:52:06.239+0000] {processor.py:186} INFO - Started process (PID=183) to work on /home/airflow/.local/lib/python3.12/site-packages/airflow/example_dags/example_local_kubernetes_executor.py
[2025-02-19T03:52:06.240+0000] {processor.py:914} INFO - Processing file /home/airflow/.local/lib/python3.12/site-packages/airflow/example_dags/example_local_kubernetes_executor.py for tasks to queue
[2025-02-19T03:52:06.241+0000] {logging_mixin.py:190} INFO - [2025-02-19T03:52:06.241+0000] {dagbag.py:588} INFO - Filling up the DagBag from /home/airflow/.local/lib/python3.12/site-packages/airflow/example_dags/example_local_kubernetes_executor.py
[2025-02-19T03:52:06.256+0000] {processor.py:925} INFO - DAG(s) 'example_local_kubernetes_executor' retrieved from /home/airflow/.local/lib/python3.12/site-packages/airflow/example_dags/example_local_kubernetes_executor.py
[2025-02-19T03:52:06.300+0000] {logging_mixin.py:190} INFO - [2025-02-19T03:52:06.300+0000] {dag.py:3239} INFO - Sync 1 DAGs
[2025-02-19T03:52:06.324+0000] {logging_mixin.py:190} INFO - [2025-02-19T03:52:06.324+0000] {dag.py:4180} INFO - Setting next_dagrun for example_local_kubernetes_executor to None, run_after=None
[2025-02-19T03:52:06.359+0000] {processor.py:208} INFO - Processing /home/airflow/.local/lib/python3.12/site-packages/airflow/example_dags/example_local_kubernetes_executor.py took 0.127 seconds
[2025-02-19T03:52:36.528+0000] {processor.py:186} INFO - Started process (PID=247) to work on /home/airflow/.local/lib/python3.12/site-packages/airflow/example_dags/example_local_kubernetes_executor.py
[2025-02-19T03:52:36.529+0000] {processor.py:914} INFO - Processing file /home/airflow/.local/lib/python3.12/site-packages/airflow/example_dags/example_local_kubernetes_executor.py for tasks to queue
[2025-02-19T03:52:36.530+0000] {logging_mixin.py:190} INFO - [2025-02-19T03:52:36.530+0000] {dagbag.py:588} INFO - Filling up the DagBag from /home/airflow/.local/lib/python3.12/site-packages/airflow/example_dags/example_local_kubernetes_executor.py
[2025-02-19T03:52:36.542+0000] {processor.py:925} INFO - DAG(s) 'example_local_kubernetes_executor' retrieved from /home/airflow/.local/lib/python3.12/site-packages/airflow/example_dags/example_local_kubernetes_executor.py
[2025-02-19T03:52:36.575+0000] {logging_mixin.py:190} INFO - [2025-02-19T03:52:36.575+0000] {dag.py:3239} INFO - Sync 1 DAGs
[2025-02-19T03:52:36.590+0000] {logging_mixin.py:190} INFO - [2025-02-19T03:52:36.590+0000] {dag.py:4180} INFO - Setting next_dagrun for example_local_kubernetes_executor to None, run_after=None
[2025-02-19T03:52:36.618+0000] {processor.py:208} INFO - Processing /home/airflow/.local/lib/python3.12/site-packages/airflow/example_dags/example_local_kubernetes_executor.py took 0.096 seconds
[2025-02-19T03:53:07.681+0000] {processor.py:186} INFO - Started process (PID=315) to work on /home/airflow/.local/lib/python3.12/site-packages/airflow/example_dags/example_local_kubernetes_executor.py
[2025-02-19T03:53:07.682+0000] {processor.py:914} INFO - Processing file /home/airflow/.local/lib/python3.12/site-packages/airflow/example_dags/example_local_kubernetes_executor.py for tasks to queue
[2025-02-19T03:53:07.684+0000] {logging_mixin.py:190} INFO - [2025-02-19T03:53:07.684+0000] {dagbag.py:588} INFO - Filling up the DagBag from /home/airflow/.local/lib/python3.12/site-packages/airflow/example_dags/example_local_kubernetes_executor.py
[2025-02-19T03:53:07.709+0000] {processor.py:925} INFO - DAG(s) 'example_local_kubernetes_executor' retrieved from /home/airflow/.local/lib/python3.12/site-packages/airflow/example_dags/example_local_kubernetes_executor.py
[2025-02-19T03:53:07.788+0000] {logging_mixin.py:190} INFO - [2025-02-19T03:53:07.787+0000] {dag.py:3239} INFO - Sync 1 DAGs
[2025-02-19T03:53:07.818+0000] {logging_mixin.py:190} INFO - [2025-02-19T03:53:07.817+0000] {dag.py:4180} INFO - Setting next_dagrun for example_local_kubernetes_executor to None, run_after=None
[2025-02-19T03:53:07.857+0000] {processor.py:208} INFO - Processing /home/airflow/.local/lib/python3.12/site-packages/airflow/example_dags/example_local_kubernetes_executor.py took 0.192 seconds
[2025-02-19T03:53:38.022+0000] {processor.py:186} INFO - Started process (PID=379) to work on /home/airflow/.local/lib/python3.12/site-packages/airflow/example_dags/example_local_kubernetes_executor.py
[2025-02-19T03:53:38.024+0000] {processor.py:914} INFO - Processing file /home/airflow/.local/lib/python3.12/site-packages/airflow/example_dags/example_local_kubernetes_executor.py for tasks to queue
[2025-02-19T03:53:38.025+0000] {logging_mixin.py:190} INFO - [2025-02-19T03:53:38.025+0000] {dagbag.py:588} INFO - Filling up the DagBag from /home/airflow/.local/lib/python3.12/site-packages/airflow/example_dags/example_local_kubernetes_executor.py
[2025-02-19T03:53:38.042+0000] {processor.py:925} INFO - DAG(s) 'example_local_kubernetes_executor' retrieved from /home/airflow/.local/lib/python3.12/site-packages/airflow/example_dags/example_local_kubernetes_executor.py
[2025-02-19T03:53:38.092+0000] {logging_mixin.py:190} INFO - [2025-02-19T03:53:38.091+0000] {dag.py:3239} INFO - Sync 1 DAGs
[2025-02-19T03:53:38.118+0000] {logging_mixin.py:190} INFO - [2025-02-19T03:53:38.117+0000] {dag.py:4180} INFO - Setting next_dagrun for example_local_kubernetes_executor to None, run_after=None
[2025-02-19T03:53:38.158+0000] {processor.py:208} INFO - Processing /home/airflow/.local/lib/python3.12/site-packages/airflow/example_dags/example_local_kubernetes_executor.py took 0.144 seconds
[2025-02-19T03:54:09.509+0000] {processor.py:186} INFO - Started process (PID=442) to work on /home/airflow/.local/lib/python3.12/site-packages/airflow/example_dags/example_local_kubernetes_executor.py
[2025-02-19T03:54:09.511+0000] {processor.py:914} INFO - Processing file /home/airflow/.local/lib/python3.12/site-packages/airflow/example_dags/example_local_kubernetes_executor.py for tasks to queue
[2025-02-19T03:54:09.513+0000] {logging_mixin.py:190} INFO - [2025-02-19T03:54:09.513+0000] {dagbag.py:588} INFO - Filling up the DagBag from /home/airflow/.local/lib/python3.12/site-packages/airflow/example_dags/example_local_kubernetes_executor.py
[2025-02-19T03:54:09.537+0000] {processor.py:925} INFO - DAG(s) 'example_local_kubernetes_executor' retrieved from /home/airflow/.local/lib/python3.12/site-packages/airflow/example_dags/example_local_kubernetes_executor.py
[2025-02-19T03:54:09.636+0000] {logging_mixin.py:190} INFO - [2025-02-19T03:54:09.635+0000] {dag.py:3239} INFO - Sync 1 DAGs
[2025-02-19T03:54:09.691+0000] {logging_mixin.py:190} INFO - [2025-02-19T03:54:09.691+0000] {dag.py:4180} INFO - Setting next_dagrun for example_local_kubernetes_executor to None, run_after=None
[2025-02-19T03:54:09.771+0000] {processor.py:208} INFO - Processing /home/airflow/.local/lib/python3.12/site-packages/airflow/example_dags/example_local_kubernetes_executor.py took 0.276 seconds
[2025-02-19T03:54:40.146+0000] {processor.py:186} INFO - Started process (PID=506) to work on /home/airflow/.local/lib/python3.12/site-packages/airflow/example_dags/example_local_kubernetes_executor.py
[2025-02-19T03:54:40.147+0000] {processor.py:914} INFO - Processing file /home/airflow/.local/lib/python3.12/site-packages/airflow/example_dags/example_local_kubernetes_executor.py for tasks to queue
[2025-02-19T03:54:40.149+0000] {logging_mixin.py:190} INFO - [2025-02-19T03:54:40.148+0000] {dagbag.py:588} INFO - Filling up the DagBag from /home/airflow/.local/lib/python3.12/site-packages/airflow/example_dags/example_local_kubernetes_executor.py
[2025-02-19T03:54:40.163+0000] {processor.py:925} INFO - DAG(s) 'example_local_kubernetes_executor' retrieved from /home/airflow/.local/lib/python3.12/site-packages/airflow/example_dags/example_local_kubernetes_executor.py
[2025-02-19T03:54:40.220+0000] {logging_mixin.py:190} INFO - [2025-02-19T03:54:40.220+0000] {dag.py:3239} INFO - Sync 1 DAGs
[2025-02-19T03:54:40.305+0000] {logging_mixin.py:190} INFO - [2025-02-19T03:54:40.294+0000] {dag.py:4180} INFO - Setting next_dagrun for example_local_kubernetes_executor to None, run_after=None
[2025-02-19T03:54:40.393+0000] {processor.py:208} INFO - Processing /home/airflow/.local/lib/python3.12/site-packages/airflow/example_dags/example_local_kubernetes_executor.py took 0.256 seconds
[2025-02-19T03:55:11.202+0000] {processor.py:186} INFO - Started process (PID=570) to work on /home/airflow/.local/lib/python3.12/site-packages/airflow/example_dags/example_local_kubernetes_executor.py
[2025-02-19T03:55:11.202+0000] {processor.py:914} INFO - Processing file /home/airflow/.local/lib/python3.12/site-packages/airflow/example_dags/example_local_kubernetes_executor.py for tasks to queue
[2025-02-19T03:55:11.204+0000] {logging_mixin.py:190} INFO - [2025-02-19T03:55:11.203+0000] {dagbag.py:588} INFO - Filling up the DagBag from /home/airflow/.local/lib/python3.12/site-packages/airflow/example_dags/example_local_kubernetes_executor.py
[2025-02-19T03:55:11.216+0000] {processor.py:925} INFO - DAG(s) 'example_local_kubernetes_executor' retrieved from /home/airflow/.local/lib/python3.12/site-packages/airflow/example_dags/example_local_kubernetes_executor.py
[2025-02-19T03:55:11.260+0000] {logging_mixin.py:190} INFO - [2025-02-19T03:55:11.259+0000] {dag.py:3239} INFO - Sync 1 DAGs
[2025-02-19T03:55:11.280+0000] {logging_mixin.py:190} INFO - [2025-02-19T03:55:11.280+0000] {dag.py:4180} INFO - Setting next_dagrun for example_local_kubernetes_executor to None, run_after=None
[2025-02-19T03:55:11.320+0000] {processor.py:208} INFO - Processing /home/airflow/.local/lib/python3.12/site-packages/airflow/example_dags/example_local_kubernetes_executor.py took 0.125 seconds
[2025-02-19T03:55:41.384+0000] {processor.py:186} INFO - Started process (PID=637) to work on /home/airflow/.local/lib/python3.12/site-packages/airflow/example_dags/example_local_kubernetes_executor.py
[2025-02-19T03:55:41.385+0000] {processor.py:914} INFO - Processing file /home/airflow/.local/lib/python3.12/site-packages/airflow/example_dags/example_local_kubernetes_executor.py for tasks to queue
[2025-02-19T03:55:41.388+0000] {logging_mixin.py:190} INFO - [2025-02-19T03:55:41.387+0000] {dagbag.py:588} INFO - Filling up the DagBag from /home/airflow/.local/lib/python3.12/site-packages/airflow/example_dags/example_local_kubernetes_executor.py
[2025-02-19T03:55:41.402+0000] {processor.py:925} INFO - DAG(s) 'example_local_kubernetes_executor' retrieved from /home/airflow/.local/lib/python3.12/site-packages/airflow/example_dags/example_local_kubernetes_executor.py
[2025-02-19T03:55:41.448+0000] {logging_mixin.py:190} INFO - [2025-02-19T03:55:41.448+0000] {dag.py:3239} INFO - Sync 1 DAGs
[2025-02-19T03:55:41.470+0000] {logging_mixin.py:190} INFO - [2025-02-19T03:55:41.470+0000] {dag.py:4180} INFO - Setting next_dagrun for example_local_kubernetes_executor to None, run_after=None
[2025-02-19T03:55:41.496+0000] {processor.py:208} INFO - Processing /home/airflow/.local/lib/python3.12/site-packages/airflow/example_dags/example_local_kubernetes_executor.py took 0.121 seconds
[2025-02-19T03:56:12.589+0000] {processor.py:186} INFO - Started process (PID=701) to work on /home/airflow/.local/lib/python3.12/site-packages/airflow/example_dags/example_local_kubernetes_executor.py
[2025-02-19T03:56:12.590+0000] {processor.py:914} INFO - Processing file /home/airflow/.local/lib/python3.12/site-packages/airflow/example_dags/example_local_kubernetes_executor.py for tasks to queue
[2025-02-19T03:56:12.592+0000] {logging_mixin.py:190} INFO - [2025-02-19T03:56:12.592+0000] {dagbag.py:588} INFO - Filling up the DagBag from /home/airflow/.local/lib/python3.12/site-packages/airflow/example_dags/example_local_kubernetes_executor.py
[2025-02-19T03:56:12.604+0000] {processor.py:925} INFO - DAG(s) 'example_local_kubernetes_executor' retrieved from /home/airflow/.local/lib/python3.12/site-packages/airflow/example_dags/example_local_kubernetes_executor.py
[2025-02-19T03:56:12.637+0000] {logging_mixin.py:190} INFO - [2025-02-19T03:56:12.637+0000] {dag.py:3239} INFO - Sync 1 DAGs
[2025-02-19T03:56:12.652+0000] {logging_mixin.py:190} INFO - [2025-02-19T03:56:12.651+0000] {dag.py:4180} INFO - Setting next_dagrun for example_local_kubernetes_executor to None, run_after=None
[2025-02-19T03:56:12.673+0000] {processor.py:208} INFO - Processing /home/airflow/.local/lib/python3.12/site-packages/airflow/example_dags/example_local_kubernetes_executor.py took 0.089 seconds
[2025-02-19T03:56:43.688+0000] {processor.py:186} INFO - Started process (PID=765) to work on /home/airflow/.local/lib/python3.12/site-packages/airflow/example_dags/example_local_kubernetes_executor.py
[2025-02-19T03:56:43.689+0000] {processor.py:914} INFO - Processing file /home/airflow/.local/lib/python3.12/site-packages/airflow/example_dags/example_local_kubernetes_executor.py for tasks to queue
[2025-02-19T03:56:43.690+0000] {logging_mixin.py:190} INFO - [2025-02-19T03:56:43.690+0000] {dagbag.py:588} INFO - Filling up the DagBag from /home/airflow/.local/lib/python3.12/site-packages/airflow/example_dags/example_local_kubernetes_executor.py
[2025-02-19T03:56:43.701+0000] {processor.py:925} INFO - DAG(s) 'example_local_kubernetes_executor' retrieved from /home/airflow/.local/lib/python3.12/site-packages/airflow/example_dags/example_local_kubernetes_executor.py
[2025-02-19T03:56:43.748+0000] {logging_mixin.py:190} INFO - [2025-02-19T03:56:43.748+0000] {dag.py:3239} INFO - Sync 1 DAGs
[2025-02-19T03:56:43.766+0000] {logging_mixin.py:190} INFO - [2025-02-19T03:56:43.766+0000] {dag.py:4180} INFO - Setting next_dagrun for example_local_kubernetes_executor to None, run_after=None
[2025-02-19T03:56:43.791+0000] {processor.py:208} INFO - Processing /home/airflow/.local/lib/python3.12/site-packages/airflow/example_dags/example_local_kubernetes_executor.py took 0.110 seconds
[2025-02-19T03:57:15.423+0000] {processor.py:186} INFO - Started process (PID=829) to work on /home/airflow/.local/lib/python3.12/site-packages/airflow/example_dags/example_local_kubernetes_executor.py
[2025-02-19T03:57:15.424+0000] {processor.py:914} INFO - Processing file /home/airflow/.local/lib/python3.12/site-packages/airflow/example_dags/example_local_kubernetes_executor.py for tasks to queue
[2025-02-19T03:57:15.427+0000] {logging_mixin.py:190} INFO - [2025-02-19T03:57:15.426+0000] {dagbag.py:588} INFO - Filling up the DagBag from /home/airflow/.local/lib/python3.12/site-packages/airflow/example_dags/example_local_kubernetes_executor.py
[2025-02-19T03:57:15.463+0000] {processor.py:925} INFO - DAG(s) 'example_local_kubernetes_executor' retrieved from /home/airflow/.local/lib/python3.12/site-packages/airflow/example_dags/example_local_kubernetes_executor.py
[2025-02-19T03:57:15.557+0000] {logging_mixin.py:190} INFO - [2025-02-19T03:57:15.557+0000] {dag.py:3239} INFO - Sync 1 DAGs
[2025-02-19T03:57:15.611+0000] {logging_mixin.py:190} INFO - [2025-02-19T03:57:15.611+0000] {dag.py:4180} INFO - Setting next_dagrun for example_local_kubernetes_executor to None, run_after=None
[2025-02-19T03:57:15.666+0000] {processor.py:208} INFO - Processing /home/airflow/.local/lib/python3.12/site-packages/airflow/example_dags/example_local_kubernetes_executor.py took 0.274 seconds
[2025-02-19T03:57:46.145+0000] {processor.py:186} INFO - Started process (PID=893) to work on /home/airflow/.local/lib/python3.12/site-packages/airflow/example_dags/example_local_kubernetes_executor.py
[2025-02-19T03:57:46.146+0000] {processor.py:914} INFO - Processing file /home/airflow/.local/lib/python3.12/site-packages/airflow/example_dags/example_local_kubernetes_executor.py for tasks to queue
[2025-02-19T03:57:46.147+0000] {logging_mixin.py:190} INFO - [2025-02-19T03:57:46.147+0000] {dagbag.py:588} INFO - Filling up the DagBag from /home/airflow/.local/lib/python3.12/site-packages/airflow/example_dags/example_local_kubernetes_executor.py
[2025-02-19T03:57:46.158+0000] {processor.py:925} INFO - DAG(s) 'example_local_kubernetes_executor' retrieved from /home/airflow/.local/lib/python3.12/site-packages/airflow/example_dags/example_local_kubernetes_executor.py
[2025-02-19T03:57:46.192+0000] {logging_mixin.py:190} INFO - [2025-02-19T03:57:46.192+0000] {dag.py:3239} INFO - Sync 1 DAGs
[2025-02-19T03:57:46.211+0000] {logging_mixin.py:190} INFO - [2025-02-19T03:57:46.211+0000] {dag.py:4180} INFO - Setting next_dagrun for example_local_kubernetes_executor to None, run_after=None
[2025-02-19T03:57:46.239+0000] {processor.py:208} INFO - Processing /home/airflow/.local/lib/python3.12/site-packages/airflow/example_dags/example_local_kubernetes_executor.py took 0.102 seconds
[2025-02-19T03:58:16.548+0000] {processor.py:186} INFO - Started process (PID=956) to work on /home/airflow/.local/lib/python3.12/site-packages/airflow/example_dags/example_local_kubernetes_executor.py
[2025-02-19T03:58:16.548+0000] {processor.py:914} INFO - Processing file /home/airflow/.local/lib/python3.12/site-packages/airflow/example_dags/example_local_kubernetes_executor.py for tasks to queue
[2025-02-19T03:58:16.550+0000] {logging_mixin.py:190} INFO - [2025-02-19T03:58:16.550+0000] {dagbag.py:588} INFO - Filling up the DagBag from /home/airflow/.local/lib/python3.12/site-packages/airflow/example_dags/example_local_kubernetes_executor.py
[2025-02-19T03:58:16.562+0000] {processor.py:925} INFO - DAG(s) 'example_local_kubernetes_executor' retrieved from /home/airflow/.local/lib/python3.12/site-packages/airflow/example_dags/example_local_kubernetes_executor.py
[2025-02-19T03:58:16.603+0000] {logging_mixin.py:190} INFO - [2025-02-19T03:58:16.603+0000] {dag.py:3239} INFO - Sync 1 DAGs
[2025-02-19T03:58:16.625+0000] {logging_mixin.py:190} INFO - [2025-02-19T03:58:16.624+0000] {dag.py:4180} INFO - Setting next_dagrun for example_local_kubernetes_executor to None, run_after=None
[2025-02-19T03:58:16.656+0000] {processor.py:208} INFO - Processing /home/airflow/.local/lib/python3.12/site-packages/airflow/example_dags/example_local_kubernetes_executor.py took 0.115 seconds
[2025-02-19T03:58:47.320+0000] {processor.py:186} INFO - Started process (PID=1020) to work on /home/airflow/.local/lib/python3.12/site-packages/airflow/example_dags/example_local_kubernetes_executor.py
[2025-02-19T03:58:47.321+0000] {processor.py:914} INFO - Processing file /home/airflow/.local/lib/python3.12/site-packages/airflow/example_dags/example_local_kubernetes_executor.py for tasks to queue
[2025-02-19T03:58:47.322+0000] {logging_mixin.py:190} INFO - [2025-02-19T03:58:47.322+0000] {dagbag.py:588} INFO - Filling up the DagBag from /home/airflow/.local/lib/python3.12/site-packages/airflow/example_dags/example_local_kubernetes_executor.py
[2025-02-19T03:58:47.333+0000] {processor.py:925} INFO - DAG(s) 'example_local_kubernetes_executor' retrieved from /home/airflow/.local/lib/python3.12/site-packages/airflow/example_dags/example_local_kubernetes_executor.py
[2025-02-19T03:58:47.374+0000] {logging_mixin.py:190} INFO - [2025-02-19T03:58:47.374+0000] {dag.py:3239} INFO - Sync 1 DAGs
[2025-02-19T03:58:47.407+0000] {logging_mixin.py:190} INFO - [2025-02-19T03:58:47.406+0000] {dag.py:4180} INFO - Setting next_dagrun for example_local_kubernetes_executor to None, run_after=None
[2025-02-19T03:58:47.441+0000] {processor.py:208} INFO - Processing /home/airflow/.local/lib/python3.12/site-packages/airflow/example_dags/example_local_kubernetes_executor.py took 0.128 seconds
[2025-02-19T03:59:18.181+0000] {processor.py:186} INFO - Started process (PID=1083) to work on /home/airflow/.local/lib/python3.12/site-packages/airflow/example_dags/example_local_kubernetes_executor.py
[2025-02-19T03:59:18.182+0000] {processor.py:914} INFO - Processing file /home/airflow/.local/lib/python3.12/site-packages/airflow/example_dags/example_local_kubernetes_executor.py for tasks to queue
[2025-02-19T03:59:18.184+0000] {logging_mixin.py:190} INFO - [2025-02-19T03:59:18.184+0000] {dagbag.py:588} INFO - Filling up the DagBag from /home/airflow/.local/lib/python3.12/site-packages/airflow/example_dags/example_local_kubernetes_executor.py
[2025-02-19T03:59:18.196+0000] {processor.py:925} INFO - DAG(s) 'example_local_kubernetes_executor' retrieved from /home/airflow/.local/lib/python3.12/site-packages/airflow/example_dags/example_local_kubernetes_executor.py
[2025-02-19T03:59:18.244+0000] {logging_mixin.py:190} INFO - [2025-02-19T03:59:18.244+0000] {dag.py:3239} INFO - Sync 1 DAGs
[2025-02-19T03:59:18.262+0000] {logging_mixin.py:190} INFO - [2025-02-19T03:59:18.262+0000] {dag.py:4180} INFO - Setting next_dagrun for example_local_kubernetes_executor to None, run_after=None
[2025-02-19T03:59:18.292+0000] {processor.py:208} INFO - Processing /home/airflow/.local/lib/python3.12/site-packages/airflow/example_dags/example_local_kubernetes_executor.py took 0.117 seconds
[2025-02-19T03:59:49.029+0000] {processor.py:186} INFO - Started process (PID=1147) to work on /home/airflow/.local/lib/python3.12/site-packages/airflow/example_dags/example_local_kubernetes_executor.py
[2025-02-19T03:59:49.030+0000] {processor.py:914} INFO - Processing file /home/airflow/.local/lib/python3.12/site-packages/airflow/example_dags/example_local_kubernetes_executor.py for tasks to queue
[2025-02-19T03:59:49.033+0000] {logging_mixin.py:190} INFO - [2025-02-19T03:59:49.032+0000] {dagbag.py:588} INFO - Filling up the DagBag from /home/airflow/.local/lib/python3.12/site-packages/airflow/example_dags/example_local_kubernetes_executor.py
[2025-02-19T03:59:49.053+0000] {processor.py:925} INFO - DAG(s) 'example_local_kubernetes_executor' retrieved from /home/airflow/.local/lib/python3.12/site-packages/airflow/example_dags/example_local_kubernetes_executor.py
[2025-02-19T03:59:49.118+0000] {logging_mixin.py:190} INFO - [2025-02-19T03:59:49.118+0000] {dag.py:3239} INFO - Sync 1 DAGs
[2025-02-19T03:59:49.146+0000] {logging_mixin.py:190} INFO - [2025-02-19T03:59:49.146+0000] {dag.py:4180} INFO - Setting next_dagrun for example_local_kubernetes_executor to None, run_after=None
[2025-02-19T03:59:49.181+0000] {processor.py:208} INFO - Processing /home/airflow/.local/lib/python3.12/site-packages/airflow/example_dags/example_local_kubernetes_executor.py took 0.164 seconds
[2025-02-19T04:00:19.370+0000] {processor.py:186} INFO - Started process (PID=1211) to work on /home/airflow/.local/lib/python3.12/site-packages/airflow/example_dags/example_local_kubernetes_executor.py
[2025-02-19T04:00:19.371+0000] {processor.py:914} INFO - Processing file /home/airflow/.local/lib/python3.12/site-packages/airflow/example_dags/example_local_kubernetes_executor.py for tasks to queue
[2025-02-19T04:00:19.372+0000] {logging_mixin.py:190} INFO - [2025-02-19T04:00:19.372+0000] {dagbag.py:588} INFO - Filling up the DagBag from /home/airflow/.local/lib/python3.12/site-packages/airflow/example_dags/example_local_kubernetes_executor.py
[2025-02-19T04:00:19.382+0000] {processor.py:925} INFO - DAG(s) 'example_local_kubernetes_executor' retrieved from /home/airflow/.local/lib/python3.12/site-packages/airflow/example_dags/example_local_kubernetes_executor.py
[2025-02-19T04:00:19.417+0000] {logging_mixin.py:190} INFO - [2025-02-19T04:00:19.417+0000] {dag.py:3239} INFO - Sync 1 DAGs
[2025-02-19T04:00:19.433+0000] {logging_mixin.py:190} INFO - [2025-02-19T04:00:19.433+0000] {dag.py:4180} INFO - Setting next_dagrun for example_local_kubernetes_executor to None, run_after=None
[2025-02-19T04:00:19.466+0000] {processor.py:208} INFO - Processing /home/airflow/.local/lib/python3.12/site-packages/airflow/example_dags/example_local_kubernetes_executor.py took 0.101 seconds
[2025-02-19T04:00:49.757+0000] {processor.py:186} INFO - Started process (PID=1275) to work on /home/airflow/.local/lib/python3.12/site-packages/airflow/example_dags/example_local_kubernetes_executor.py
[2025-02-19T04:00:49.758+0000] {processor.py:914} INFO - Processing file /home/airflow/.local/lib/python3.12/site-packages/airflow/example_dags/example_local_kubernetes_executor.py for tasks to queue
[2025-02-19T04:00:49.759+0000] {logging_mixin.py:190} INFO - [2025-02-19T04:00:49.759+0000] {dagbag.py:588} INFO - Filling up the DagBag from /home/airflow/.local/lib/python3.12/site-packages/airflow/example_dags/example_local_kubernetes_executor.py
[2025-02-19T04:00:49.771+0000] {processor.py:925} INFO - DAG(s) 'example_local_kubernetes_executor' retrieved from /home/airflow/.local/lib/python3.12/site-packages/airflow/example_dags/example_local_kubernetes_executor.py
[2025-02-19T04:00:49.810+0000] {logging_mixin.py:190} INFO - [2025-02-19T04:00:49.810+0000] {dag.py:3239} INFO - Sync 1 DAGs
[2025-02-19T04:00:49.830+0000] {logging_mixin.py:190} INFO - [2025-02-19T04:00:49.830+0000] {dag.py:4180} INFO - Setting next_dagrun for example_local_kubernetes_executor to None, run_after=None
[2025-02-19T04:00:49.857+0000] {processor.py:208} INFO - Processing /home/airflow/.local/lib/python3.12/site-packages/airflow/example_dags/example_local_kubernetes_executor.py took 0.109 seconds
[2025-02-19T04:01:20.821+0000] {processor.py:186} INFO - Started process (PID=1345) to work on /home/airflow/.local/lib/python3.12/site-packages/airflow/example_dags/example_local_kubernetes_executor.py
[2025-02-19T04:01:20.822+0000] {processor.py:914} INFO - Processing file /home/airflow/.local/lib/python3.12/site-packages/airflow/example_dags/example_local_kubernetes_executor.py for tasks to queue
[2025-02-19T04:01:20.824+0000] {logging_mixin.py:190} INFO - [2025-02-19T04:01:20.823+0000] {dagbag.py:588} INFO - Filling up the DagBag from /home/airflow/.local/lib/python3.12/site-packages/airflow/example_dags/example_local_kubernetes_executor.py
[2025-02-19T04:01:20.835+0000] {processor.py:925} INFO - DAG(s) 'example_local_kubernetes_executor' retrieved from /home/airflow/.local/lib/python3.12/site-packages/airflow/example_dags/example_local_kubernetes_executor.py
[2025-02-19T04:01:20.867+0000] {logging_mixin.py:190} INFO - [2025-02-19T04:01:20.867+0000] {dag.py:3239} INFO - Sync 1 DAGs
[2025-02-19T04:01:20.884+0000] {logging_mixin.py:190} INFO - [2025-02-19T04:01:20.884+0000] {dag.py:4180} INFO - Setting next_dagrun for example_local_kubernetes_executor to None, run_after=None
[2025-02-19T04:01:20.911+0000] {processor.py:208} INFO - Processing /home/airflow/.local/lib/python3.12/site-packages/airflow/example_dags/example_local_kubernetes_executor.py took 0.095 seconds
[2025-02-19T04:01:52.279+0000] {processor.py:186} INFO - Started process (PID=1408) to work on /home/airflow/.local/lib/python3.12/site-packages/airflow/example_dags/example_local_kubernetes_executor.py
[2025-02-19T04:01:52.281+0000] {processor.py:914} INFO - Processing file /home/airflow/.local/lib/python3.12/site-packages/airflow/example_dags/example_local_kubernetes_executor.py for tasks to queue
[2025-02-19T04:01:52.285+0000] {logging_mixin.py:190} INFO - [2025-02-19T04:01:52.284+0000] {dagbag.py:588} INFO - Filling up the DagBag from /home/airflow/.local/lib/python3.12/site-packages/airflow/example_dags/example_local_kubernetes_executor.py
[2025-02-19T04:01:52.321+0000] {processor.py:925} INFO - DAG(s) 'example_local_kubernetes_executor' retrieved from /home/airflow/.local/lib/python3.12/site-packages/airflow/example_dags/example_local_kubernetes_executor.py
[2025-02-19T04:01:52.423+0000] {logging_mixin.py:190} INFO - [2025-02-19T04:01:52.422+0000] {dag.py:3239} INFO - Sync 1 DAGs
[2025-02-19T04:01:52.474+0000] {logging_mixin.py:190} INFO - [2025-02-19T04:01:52.473+0000] {dag.py:4180} INFO - Setting next_dagrun for example_local_kubernetes_executor to None, run_after=None
[2025-02-19T04:01:52.564+0000] {processor.py:208} INFO - Processing /home/airflow/.local/lib/python3.12/site-packages/airflow/example_dags/example_local_kubernetes_executor.py took 0.307 seconds
