[2025-02-19T03:51:31.764+0000] {processor.py:186} INFO - Started process (PID=107) to work on /home/airflow/.local/lib/python3.12/site-packages/airflow/example_dags/example_branch_datetime_operator.py
[2025-02-19T03:51:31.765+0000] {processor.py:914} INFO - Processing file /home/airflow/.local/lib/python3.12/site-packages/airflow/example_dags/example_branch_datetime_operator.py for tasks to queue
[2025-02-19T03:51:31.767+0000] {logging_mixin.py:190} INFO - [2025-02-19T03:51:31.767+0000] {dagbag.py:588} INFO - Filling up the DagBag from /home/airflow/.local/lib/python3.12/site-packages/airflow/example_dags/example_branch_datetime_operator.py
[2025-02-19T03:51:31.789+0000] {processor.py:925} INFO - DAG(s) 'example_branch_datetime_operator', 'example_branch_datetime_operator_3', 'example_branch_datetime_operator_2' retrieved from /home/airflow/.local/lib/python3.12/site-packages/airflow/example_dags/example_branch_datetime_operator.py
[2025-02-19T03:51:31.943+0000] {logging_mixin.py:190} INFO - [2025-02-19T03:51:31.941+0000] {override.py:1911} INFO - Created Permission View: can read on DAG:example_branch_datetime_operator
[2025-02-19T03:51:31.958+0000] {logging_mixin.py:190} INFO - [2025-02-19T03:51:31.958+0000] {override.py:1911} INFO - Created Permission View: can delete on DAG:example_branch_datetime_operator
[2025-02-19T03:51:31.969+0000] {logging_mixin.py:190} INFO - [2025-02-19T03:51:31.969+0000] {override.py:1911} INFO - Created Permission View: can edit on DAG:example_branch_datetime_operator
[2025-02-19T03:51:31.987+0000] {logging_mixin.py:190} INFO - [2025-02-19T03:51:31.986+0000] {override.py:1911} INFO - Created Permission View: can read on DAG Run:example_branch_datetime_operator
[2025-02-19T03:51:32.001+0000] {logging_mixin.py:190} INFO - [2025-02-19T03:51:32.001+0000] {override.py:1911} INFO - Created Permission View: can delete on DAG Run:example_branch_datetime_operator
[2025-02-19T03:51:32.014+0000] {logging_mixin.py:190} INFO - [2025-02-19T03:51:32.014+0000] {override.py:1911} INFO - Created Permission View: can create on DAG Run:example_branch_datetime_operator
[2025-02-19T03:51:32.024+0000] {logging_mixin.py:190} INFO - [2025-02-19T03:51:32.024+0000] {override.py:1911} INFO - Created Permission View: menu access on DAG Run:example_branch_datetime_operator
[2025-02-19T03:51:32.045+0000] {logging_mixin.py:190} INFO - [2025-02-19T03:51:32.044+0000] {override.py:1911} INFO - Created Permission View: can read on DAG:example_branch_datetime_operator_3
[2025-02-19T03:51:32.058+0000] {logging_mixin.py:190} INFO - [2025-02-19T03:51:32.058+0000] {override.py:1911} INFO - Created Permission View: can delete on DAG:example_branch_datetime_operator_3
[2025-02-19T03:51:32.073+0000] {logging_mixin.py:190} INFO - [2025-02-19T03:51:32.073+0000] {override.py:1911} INFO - Created Permission View: can edit on DAG:example_branch_datetime_operator_3
[2025-02-19T03:51:32.086+0000] {logging_mixin.py:190} INFO - [2025-02-19T03:51:32.086+0000] {override.py:1911} INFO - Created Permission View: can read on DAG Run:example_branch_datetime_operator_3
[2025-02-19T03:51:32.105+0000] {logging_mixin.py:190} INFO - [2025-02-19T03:51:32.104+0000] {override.py:1911} INFO - Created Permission View: can delete on DAG Run:example_branch_datetime_operator_3
[2025-02-19T03:51:32.118+0000] {logging_mixin.py:190} INFO - [2025-02-19T03:51:32.118+0000] {override.py:1911} INFO - Created Permission View: can create on DAG Run:example_branch_datetime_operator_3
[2025-02-19T03:51:32.131+0000] {logging_mixin.py:190} INFO - [2025-02-19T03:51:32.130+0000] {override.py:1911} INFO - Created Permission View: menu access on DAG Run:example_branch_datetime_operator_3
[2025-02-19T03:51:32.154+0000] {logging_mixin.py:190} INFO - [2025-02-19T03:51:32.153+0000] {override.py:1911} INFO - Created Permission View: can read on DAG:example_branch_datetime_operator_2
[2025-02-19T03:51:32.164+0000] {logging_mixin.py:190} INFO - [2025-02-19T03:51:32.164+0000] {override.py:1911} INFO - Created Permission View: can delete on DAG:example_branch_datetime_operator_2
[2025-02-19T03:51:32.175+0000] {logging_mixin.py:190} INFO - [2025-02-19T03:51:32.175+0000] {override.py:1911} INFO - Created Permission View: can edit on DAG:example_branch_datetime_operator_2
[2025-02-19T03:51:32.188+0000] {logging_mixin.py:190} INFO - [2025-02-19T03:51:32.187+0000] {override.py:1911} INFO - Created Permission View: can read on DAG Run:example_branch_datetime_operator_2
[2025-02-19T03:51:32.199+0000] {logging_mixin.py:190} INFO - [2025-02-19T03:51:32.199+0000] {override.py:1911} INFO - Created Permission View: can delete on DAG Run:example_branch_datetime_operator_2
[2025-02-19T03:51:32.210+0000] {logging_mixin.py:190} INFO - [2025-02-19T03:51:32.209+0000] {override.py:1911} INFO - Created Permission View: can create on DAG Run:example_branch_datetime_operator_2
[2025-02-19T03:51:32.221+0000] {logging_mixin.py:190} INFO - [2025-02-19T03:51:32.220+0000] {override.py:1911} INFO - Created Permission View: menu access on DAG Run:example_branch_datetime_operator_2
[2025-02-19T03:51:32.222+0000] {logging_mixin.py:190} INFO - [2025-02-19T03:51:32.221+0000] {dag.py:3239} INFO - Sync 3 DAGs
[2025-02-19T03:51:32.249+0000] {logging_mixin.py:190} INFO - [2025-02-19T03:51:32.249+0000] {dag.py:3262} INFO - Creating ORM DAG for example_branch_datetime_operator
[2025-02-19T03:51:32.250+0000] {logging_mixin.py:190} INFO - [2025-02-19T03:51:32.250+0000] {dag.py:3262} INFO - Creating ORM DAG for example_branch_datetime_operator_3
[2025-02-19T03:51:32.251+0000] {logging_mixin.py:190} INFO - [2025-02-19T03:51:32.251+0000] {dag.py:3262} INFO - Creating ORM DAG for example_branch_datetime_operator_2
[2025-02-19T03:51:32.266+0000] {logging_mixin.py:190} INFO - [2025-02-19T03:51:32.265+0000] {dag.py:4180} INFO - Setting next_dagrun for example_branch_datetime_operator to 2025-02-18 00:00:00+00:00, run_after=2025-02-19 00:00:00+00:00
[2025-02-19T03:51:32.268+0000] {logging_mixin.py:190} INFO - [2025-02-19T03:51:32.268+0000] {dag.py:4180} INFO - Setting next_dagrun for example_branch_datetime_operator_2 to 2025-02-18 00:00:00+00:00, run_after=2025-02-19 00:00:00+00:00
[2025-02-19T03:51:32.271+0000] {logging_mixin.py:190} INFO - [2025-02-19T03:51:32.270+0000] {dag.py:4180} INFO - Setting next_dagrun for example_branch_datetime_operator_3 to 2025-02-18 00:00:00+00:00, run_after=2025-02-19 00:00:00+00:00
[2025-02-19T03:51:32.304+0000] {processor.py:208} INFO - Processing /home/airflow/.local/lib/python3.12/site-packages/airflow/example_dags/example_branch_datetime_operator.py took 0.550 seconds
[2025-02-19T03:52:02.552+0000] {processor.py:186} INFO - Started process (PID=171) to work on /home/airflow/.local/lib/python3.12/site-packages/airflow/example_dags/example_branch_datetime_operator.py
[2025-02-19T03:52:02.553+0000] {processor.py:914} INFO - Processing file /home/airflow/.local/lib/python3.12/site-packages/airflow/example_dags/example_branch_datetime_operator.py for tasks to queue
[2025-02-19T03:52:02.555+0000] {logging_mixin.py:190} INFO - [2025-02-19T03:52:02.555+0000] {dagbag.py:588} INFO - Filling up the DagBag from /home/airflow/.local/lib/python3.12/site-packages/airflow/example_dags/example_branch_datetime_operator.py
[2025-02-19T03:52:02.571+0000] {processor.py:925} INFO - DAG(s) 'example_branch_datetime_operator_2', 'example_branch_datetime_operator', 'example_branch_datetime_operator_3' retrieved from /home/airflow/.local/lib/python3.12/site-packages/airflow/example_dags/example_branch_datetime_operator.py
[2025-02-19T03:52:02.611+0000] {logging_mixin.py:190} INFO - [2025-02-19T03:52:02.611+0000] {dag.py:3239} INFO - Sync 3 DAGs
[2025-02-19T03:52:02.643+0000] {logging_mixin.py:190} INFO - [2025-02-19T03:52:02.643+0000] {dag.py:4180} INFO - Setting next_dagrun for example_branch_datetime_operator to 2025-02-18 00:00:00+00:00, run_after=2025-02-19 00:00:00+00:00
[2025-02-19T03:52:02.650+0000] {logging_mixin.py:190} INFO - [2025-02-19T03:52:02.650+0000] {dag.py:4180} INFO - Setting next_dagrun for example_branch_datetime_operator_2 to 2025-02-18 00:00:00+00:00, run_after=2025-02-19 00:00:00+00:00
[2025-02-19T03:52:02.655+0000] {logging_mixin.py:190} INFO - [2025-02-19T03:52:02.655+0000] {dag.py:4180} INFO - Setting next_dagrun for example_branch_datetime_operator_3 to 2025-02-18 00:00:00+00:00, run_after=2025-02-19 00:00:00+00:00
[2025-02-19T03:52:02.691+0000] {processor.py:208} INFO - Processing /home/airflow/.local/lib/python3.12/site-packages/airflow/example_dags/example_branch_datetime_operator.py took 0.146 seconds
[2025-02-19T03:52:34.110+0000] {processor.py:186} INFO - Started process (PID=235) to work on /home/airflow/.local/lib/python3.12/site-packages/airflow/example_dags/example_branch_datetime_operator.py
[2025-02-19T03:52:34.111+0000] {processor.py:914} INFO - Processing file /home/airflow/.local/lib/python3.12/site-packages/airflow/example_dags/example_branch_datetime_operator.py for tasks to queue
[2025-02-19T03:52:34.114+0000] {logging_mixin.py:190} INFO - [2025-02-19T03:52:34.113+0000] {dagbag.py:588} INFO - Filling up the DagBag from /home/airflow/.local/lib/python3.12/site-packages/airflow/example_dags/example_branch_datetime_operator.py
[2025-02-19T03:52:34.142+0000] {processor.py:925} INFO - DAG(s) 'example_branch_datetime_operator_2', 'example_branch_datetime_operator', 'example_branch_datetime_operator_3' retrieved from /home/airflow/.local/lib/python3.12/site-packages/airflow/example_dags/example_branch_datetime_operator.py
[2025-02-19T03:52:34.188+0000] {logging_mixin.py:190} INFO - [2025-02-19T03:52:34.188+0000] {dag.py:3239} INFO - Sync 3 DAGs
[2025-02-19T03:52:34.247+0000] {logging_mixin.py:190} INFO - [2025-02-19T03:52:34.247+0000] {dag.py:4180} INFO - Setting next_dagrun for example_branch_datetime_operator to 2025-02-18 00:00:00+00:00, run_after=2025-02-19 00:00:00+00:00
[2025-02-19T03:52:34.263+0000] {logging_mixin.py:190} INFO - [2025-02-19T03:52:34.263+0000] {dag.py:4180} INFO - Setting next_dagrun for example_branch_datetime_operator_2 to 2025-02-18 00:00:00+00:00, run_after=2025-02-19 00:00:00+00:00
[2025-02-19T03:52:34.268+0000] {logging_mixin.py:190} INFO - [2025-02-19T03:52:34.268+0000] {dag.py:4180} INFO - Setting next_dagrun for example_branch_datetime_operator_3 to 2025-02-18 00:00:00+00:00, run_after=2025-02-19 00:00:00+00:00
[2025-02-19T03:52:34.319+0000] {processor.py:208} INFO - Processing /home/airflow/.local/lib/python3.12/site-packages/airflow/example_dags/example_branch_datetime_operator.py took 0.220 seconds
[2025-02-19T03:53:04.822+0000] {processor.py:186} INFO - Started process (PID=299) to work on /home/airflow/.local/lib/python3.12/site-packages/airflow/example_dags/example_branch_datetime_operator.py
[2025-02-19T03:53:04.839+0000] {processor.py:914} INFO - Processing file /home/airflow/.local/lib/python3.12/site-packages/airflow/example_dags/example_branch_datetime_operator.py for tasks to queue
[2025-02-19T03:53:04.842+0000] {logging_mixin.py:190} INFO - [2025-02-19T03:53:04.841+0000] {dagbag.py:588} INFO - Filling up the DagBag from /home/airflow/.local/lib/python3.12/site-packages/airflow/example_dags/example_branch_datetime_operator.py
[2025-02-19T03:53:04.883+0000] {processor.py:925} INFO - DAG(s) 'example_branch_datetime_operator_3', 'example_branch_datetime_operator_2', 'example_branch_datetime_operator' retrieved from /home/airflow/.local/lib/python3.12/site-packages/airflow/example_dags/example_branch_datetime_operator.py
[2025-02-19T03:53:05.001+0000] {logging_mixin.py:190} INFO - [2025-02-19T03:53:05.000+0000] {dag.py:3239} INFO - Sync 3 DAGs
[2025-02-19T03:53:05.113+0000] {logging_mixin.py:190} INFO - [2025-02-19T03:53:05.113+0000] {dag.py:4180} INFO - Setting next_dagrun for example_branch_datetime_operator to 2025-02-18 00:00:00+00:00, run_after=2025-02-19 00:00:00+00:00
[2025-02-19T03:53:05.131+0000] {logging_mixin.py:190} INFO - [2025-02-19T03:53:05.130+0000] {dag.py:4180} INFO - Setting next_dagrun for example_branch_datetime_operator_2 to 2025-02-18 00:00:00+00:00, run_after=2025-02-19 00:00:00+00:00
[2025-02-19T03:53:05.139+0000] {logging_mixin.py:190} INFO - [2025-02-19T03:53:05.138+0000] {dag.py:4180} INFO - Setting next_dagrun for example_branch_datetime_operator_3 to 2025-02-18 00:00:00+00:00, run_after=2025-02-19 00:00:00+00:00
[2025-02-19T03:53:05.199+0000] {processor.py:208} INFO - Processing /home/airflow/.local/lib/python3.12/site-packages/airflow/example_dags/example_branch_datetime_operator.py took 0.399 seconds
[2025-02-19T03:53:35.515+0000] {processor.py:186} INFO - Started process (PID=366) to work on /home/airflow/.local/lib/python3.12/site-packages/airflow/example_dags/example_branch_datetime_operator.py
[2025-02-19T03:53:35.516+0000] {processor.py:914} INFO - Processing file /home/airflow/.local/lib/python3.12/site-packages/airflow/example_dags/example_branch_datetime_operator.py for tasks to queue
[2025-02-19T03:53:35.518+0000] {logging_mixin.py:190} INFO - [2025-02-19T03:53:35.518+0000] {dagbag.py:588} INFO - Filling up the DagBag from /home/airflow/.local/lib/python3.12/site-packages/airflow/example_dags/example_branch_datetime_operator.py
[2025-02-19T03:53:35.532+0000] {processor.py:925} INFO - DAG(s) 'example_branch_datetime_operator_3', 'example_branch_datetime_operator_2', 'example_branch_datetime_operator' retrieved from /home/airflow/.local/lib/python3.12/site-packages/airflow/example_dags/example_branch_datetime_operator.py
[2025-02-19T03:53:35.573+0000] {logging_mixin.py:190} INFO - [2025-02-19T03:53:35.572+0000] {dag.py:3239} INFO - Sync 3 DAGs
[2025-02-19T03:53:35.604+0000] {logging_mixin.py:190} INFO - [2025-02-19T03:53:35.604+0000] {dag.py:4180} INFO - Setting next_dagrun for example_branch_datetime_operator to 2025-02-18 00:00:00+00:00, run_after=2025-02-19 00:00:00+00:00
[2025-02-19T03:53:35.610+0000] {logging_mixin.py:190} INFO - [2025-02-19T03:53:35.610+0000] {dag.py:4180} INFO - Setting next_dagrun for example_branch_datetime_operator_2 to 2025-02-18 00:00:00+00:00, run_after=2025-02-19 00:00:00+00:00
[2025-02-19T03:53:35.614+0000] {logging_mixin.py:190} INFO - [2025-02-19T03:53:35.614+0000] {dag.py:4180} INFO - Setting next_dagrun for example_branch_datetime_operator_3 to 2025-02-18 00:00:00+00:00, run_after=2025-02-19 00:00:00+00:00
[2025-02-19T03:53:35.641+0000] {processor.py:208} INFO - Processing /home/airflow/.local/lib/python3.12/site-packages/airflow/example_dags/example_branch_datetime_operator.py took 0.132 seconds
[2025-02-19T03:54:06.485+0000] {processor.py:186} INFO - Started process (PID=430) to work on /home/airflow/.local/lib/python3.12/site-packages/airflow/example_dags/example_branch_datetime_operator.py
[2025-02-19T03:54:06.486+0000] {processor.py:914} INFO - Processing file /home/airflow/.local/lib/python3.12/site-packages/airflow/example_dags/example_branch_datetime_operator.py for tasks to queue
[2025-02-19T03:54:06.490+0000] {logging_mixin.py:190} INFO - [2025-02-19T03:54:06.489+0000] {dagbag.py:588} INFO - Filling up the DagBag from /home/airflow/.local/lib/python3.12/site-packages/airflow/example_dags/example_branch_datetime_operator.py
[2025-02-19T03:54:06.514+0000] {processor.py:925} INFO - DAG(s) 'example_branch_datetime_operator_3', 'example_branch_datetime_operator_2', 'example_branch_datetime_operator' retrieved from /home/airflow/.local/lib/python3.12/site-packages/airflow/example_dags/example_branch_datetime_operator.py
[2025-02-19T03:54:06.552+0000] {logging_mixin.py:190} INFO - [2025-02-19T03:54:06.552+0000] {dag.py:3239} INFO - Sync 3 DAGs
[2025-02-19T03:54:06.591+0000] {logging_mixin.py:190} INFO - [2025-02-19T03:54:06.591+0000] {dag.py:4180} INFO - Setting next_dagrun for example_branch_datetime_operator to 2025-02-18 00:00:00+00:00, run_after=2025-02-19 00:00:00+00:00
[2025-02-19T03:54:06.597+0000] {logging_mixin.py:190} INFO - [2025-02-19T03:54:06.597+0000] {dag.py:4180} INFO - Setting next_dagrun for example_branch_datetime_operator_2 to 2025-02-18 00:00:00+00:00, run_after=2025-02-19 00:00:00+00:00
[2025-02-19T03:54:06.601+0000] {logging_mixin.py:190} INFO - [2025-02-19T03:54:06.601+0000] {dag.py:4180} INFO - Setting next_dagrun for example_branch_datetime_operator_3 to 2025-02-18 00:00:00+00:00, run_after=2025-02-19 00:00:00+00:00
[2025-02-19T03:54:06.631+0000] {processor.py:208} INFO - Processing /home/airflow/.local/lib/python3.12/site-packages/airflow/example_dags/example_branch_datetime_operator.py took 0.157 seconds
[2025-02-19T03:54:38.261+0000] {processor.py:186} INFO - Started process (PID=494) to work on /home/airflow/.local/lib/python3.12/site-packages/airflow/example_dags/example_branch_datetime_operator.py
[2025-02-19T03:54:38.263+0000] {processor.py:914} INFO - Processing file /home/airflow/.local/lib/python3.12/site-packages/airflow/example_dags/example_branch_datetime_operator.py for tasks to queue
[2025-02-19T03:54:38.265+0000] {logging_mixin.py:190} INFO - [2025-02-19T03:54:38.265+0000] {dagbag.py:588} INFO - Filling up the DagBag from /home/airflow/.local/lib/python3.12/site-packages/airflow/example_dags/example_branch_datetime_operator.py
[2025-02-19T03:54:38.309+0000] {processor.py:925} INFO - DAG(s) 'example_branch_datetime_operator_3', 'example_branch_datetime_operator_2', 'example_branch_datetime_operator' retrieved from /home/airflow/.local/lib/python3.12/site-packages/airflow/example_dags/example_branch_datetime_operator.py
[2025-02-19T03:54:38.395+0000] {logging_mixin.py:190} INFO - [2025-02-19T03:54:38.395+0000] {dag.py:3239} INFO - Sync 3 DAGs
[2025-02-19T03:54:38.500+0000] {logging_mixin.py:190} INFO - [2025-02-19T03:54:38.499+0000] {dag.py:4180} INFO - Setting next_dagrun for example_branch_datetime_operator to 2025-02-18 00:00:00+00:00, run_after=2025-02-19 00:00:00+00:00
[2025-02-19T03:54:38.515+0000] {logging_mixin.py:190} INFO - [2025-02-19T03:54:38.514+0000] {dag.py:4180} INFO - Setting next_dagrun for example_branch_datetime_operator_2 to 2025-02-18 00:00:00+00:00, run_after=2025-02-19 00:00:00+00:00
[2025-02-19T03:54:38.521+0000] {logging_mixin.py:190} INFO - [2025-02-19T03:54:38.520+0000] {dag.py:4180} INFO - Setting next_dagrun for example_branch_datetime_operator_3 to 2025-02-18 00:00:00+00:00, run_after=2025-02-19 00:00:00+00:00
[2025-02-19T03:54:38.571+0000] {processor.py:208} INFO - Processing /home/airflow/.local/lib/python3.12/site-packages/airflow/example_dags/example_branch_datetime_operator.py took 0.326 seconds
[2025-02-19T03:55:08.975+0000] {processor.py:186} INFO - Started process (PID=558) to work on /home/airflow/.local/lib/python3.12/site-packages/airflow/example_dags/example_branch_datetime_operator.py
[2025-02-19T03:55:08.977+0000] {processor.py:914} INFO - Processing file /home/airflow/.local/lib/python3.12/site-packages/airflow/example_dags/example_branch_datetime_operator.py for tasks to queue
[2025-02-19T03:55:08.978+0000] {logging_mixin.py:190} INFO - [2025-02-19T03:55:08.978+0000] {dagbag.py:588} INFO - Filling up the DagBag from /home/airflow/.local/lib/python3.12/site-packages/airflow/example_dags/example_branch_datetime_operator.py
[2025-02-19T03:55:08.995+0000] {processor.py:925} INFO - DAG(s) 'example_branch_datetime_operator_2', 'example_branch_datetime_operator', 'example_branch_datetime_operator_3' retrieved from /home/airflow/.local/lib/python3.12/site-packages/airflow/example_dags/example_branch_datetime_operator.py
[2025-02-19T03:55:09.041+0000] {logging_mixin.py:190} INFO - [2025-02-19T03:55:09.041+0000] {dag.py:3239} INFO - Sync 3 DAGs
[2025-02-19T03:55:09.077+0000] {logging_mixin.py:190} INFO - [2025-02-19T03:55:09.077+0000] {dag.py:4180} INFO - Setting next_dagrun for example_branch_datetime_operator to 2025-02-18 00:00:00+00:00, run_after=2025-02-19 00:00:00+00:00
[2025-02-19T03:55:09.085+0000] {logging_mixin.py:190} INFO - [2025-02-19T03:55:09.085+0000] {dag.py:4180} INFO - Setting next_dagrun for example_branch_datetime_operator_2 to 2025-02-18 00:00:00+00:00, run_after=2025-02-19 00:00:00+00:00
[2025-02-19T03:55:09.089+0000] {logging_mixin.py:190} INFO - [2025-02-19T03:55:09.088+0000] {dag.py:4180} INFO - Setting next_dagrun for example_branch_datetime_operator_3 to 2025-02-18 00:00:00+00:00, run_after=2025-02-19 00:00:00+00:00
[2025-02-19T03:55:09.122+0000] {processor.py:208} INFO - Processing /home/airflow/.local/lib/python3.12/site-packages/airflow/example_dags/example_branch_datetime_operator.py took 0.154 seconds
[2025-02-19T03:55:39.846+0000] {processor.py:186} INFO - Started process (PID=626) to work on /home/airflow/.local/lib/python3.12/site-packages/airflow/example_dags/example_branch_datetime_operator.py
[2025-02-19T03:55:39.847+0000] {processor.py:914} INFO - Processing file /home/airflow/.local/lib/python3.12/site-packages/airflow/example_dags/example_branch_datetime_operator.py for tasks to queue
[2025-02-19T03:55:39.849+0000] {logging_mixin.py:190} INFO - [2025-02-19T03:55:39.848+0000] {dagbag.py:588} INFO - Filling up the DagBag from /home/airflow/.local/lib/python3.12/site-packages/airflow/example_dags/example_branch_datetime_operator.py
[2025-02-19T03:55:39.873+0000] {processor.py:925} INFO - DAG(s) 'example_branch_datetime_operator_2', 'example_branch_datetime_operator', 'example_branch_datetime_operator_3' retrieved from /home/airflow/.local/lib/python3.12/site-packages/airflow/example_dags/example_branch_datetime_operator.py
[2025-02-19T03:55:39.982+0000] {logging_mixin.py:190} INFO - [2025-02-19T03:55:39.981+0000] {dag.py:3239} INFO - Sync 3 DAGs
[2025-02-19T03:55:40.060+0000] {logging_mixin.py:190} INFO - [2025-02-19T03:55:40.060+0000] {dag.py:4180} INFO - Setting next_dagrun for example_branch_datetime_operator to 2025-02-18 00:00:00+00:00, run_after=2025-02-19 00:00:00+00:00
[2025-02-19T03:55:40.073+0000] {logging_mixin.py:190} INFO - [2025-02-19T03:55:40.073+0000] {dag.py:4180} INFO - Setting next_dagrun for example_branch_datetime_operator_2 to 2025-02-18 00:00:00+00:00, run_after=2025-02-19 00:00:00+00:00
[2025-02-19T03:55:40.079+0000] {logging_mixin.py:190} INFO - [2025-02-19T03:55:40.078+0000] {dag.py:4180} INFO - Setting next_dagrun for example_branch_datetime_operator_3 to 2025-02-18 00:00:00+00:00, run_after=2025-02-19 00:00:00+00:00
[2025-02-19T03:55:40.138+0000] {processor.py:208} INFO - Processing /home/airflow/.local/lib/python3.12/site-packages/airflow/example_dags/example_branch_datetime_operator.py took 0.301 seconds
[2025-02-19T03:56:10.228+0000] {processor.py:186} INFO - Started process (PID=689) to work on /home/airflow/.local/lib/python3.12/site-packages/airflow/example_dags/example_branch_datetime_operator.py
[2025-02-19T03:56:10.229+0000] {processor.py:914} INFO - Processing file /home/airflow/.local/lib/python3.12/site-packages/airflow/example_dags/example_branch_datetime_operator.py for tasks to queue
[2025-02-19T03:56:10.230+0000] {logging_mixin.py:190} INFO - [2025-02-19T03:56:10.230+0000] {dagbag.py:588} INFO - Filling up the DagBag from /home/airflow/.local/lib/python3.12/site-packages/airflow/example_dags/example_branch_datetime_operator.py
[2025-02-19T03:56:10.242+0000] {processor.py:925} INFO - DAG(s) 'example_branch_datetime_operator_2', 'example_branch_datetime_operator', 'example_branch_datetime_operator_3' retrieved from /home/airflow/.local/lib/python3.12/site-packages/airflow/example_dags/example_branch_datetime_operator.py
[2025-02-19T03:56:10.281+0000] {logging_mixin.py:190} INFO - [2025-02-19T03:56:10.280+0000] {dag.py:3239} INFO - Sync 3 DAGs
[2025-02-19T03:56:10.306+0000] {logging_mixin.py:190} INFO - [2025-02-19T03:56:10.306+0000] {dag.py:4180} INFO - Setting next_dagrun for example_branch_datetime_operator to 2025-02-18 00:00:00+00:00, run_after=2025-02-19 00:00:00+00:00
[2025-02-19T03:56:10.311+0000] {logging_mixin.py:190} INFO - [2025-02-19T03:56:10.311+0000] {dag.py:4180} INFO - Setting next_dagrun for example_branch_datetime_operator_2 to 2025-02-18 00:00:00+00:00, run_after=2025-02-19 00:00:00+00:00
[2025-02-19T03:56:10.313+0000] {logging_mixin.py:190} INFO - [2025-02-19T03:56:10.313+0000] {dag.py:4180} INFO - Setting next_dagrun for example_branch_datetime_operator_3 to 2025-02-18 00:00:00+00:00, run_after=2025-02-19 00:00:00+00:00
[2025-02-19T03:56:10.334+0000] {processor.py:208} INFO - Processing /home/airflow/.local/lib/python3.12/site-packages/airflow/example_dags/example_branch_datetime_operator.py took 0.114 seconds
[2025-02-19T03:56:40.540+0000] {processor.py:186} INFO - Started process (PID=753) to work on /home/airflow/.local/lib/python3.12/site-packages/airflow/example_dags/example_branch_datetime_operator.py
[2025-02-19T03:56:40.541+0000] {processor.py:914} INFO - Processing file /home/airflow/.local/lib/python3.12/site-packages/airflow/example_dags/example_branch_datetime_operator.py for tasks to queue
[2025-02-19T03:56:40.542+0000] {logging_mixin.py:190} INFO - [2025-02-19T03:56:40.542+0000] {dagbag.py:588} INFO - Filling up the DagBag from /home/airflow/.local/lib/python3.12/site-packages/airflow/example_dags/example_branch_datetime_operator.py
[2025-02-19T03:56:40.559+0000] {processor.py:925} INFO - DAG(s) 'example_branch_datetime_operator_3', 'example_branch_datetime_operator_2', 'example_branch_datetime_operator' retrieved from /home/airflow/.local/lib/python3.12/site-packages/airflow/example_dags/example_branch_datetime_operator.py
[2025-02-19T03:56:40.594+0000] {logging_mixin.py:190} INFO - [2025-02-19T03:56:40.594+0000] {dag.py:3239} INFO - Sync 3 DAGs
[2025-02-19T03:56:40.623+0000] {logging_mixin.py:190} INFO - [2025-02-19T03:56:40.623+0000] {dag.py:4180} INFO - Setting next_dagrun for example_branch_datetime_operator to 2025-02-18 00:00:00+00:00, run_after=2025-02-19 00:00:00+00:00
[2025-02-19T03:56:40.631+0000] {logging_mixin.py:190} INFO - [2025-02-19T03:56:40.631+0000] {dag.py:4180} INFO - Setting next_dagrun for example_branch_datetime_operator_2 to 2025-02-18 00:00:00+00:00, run_after=2025-02-19 00:00:00+00:00
[2025-02-19T03:56:40.634+0000] {logging_mixin.py:190} INFO - [2025-02-19T03:56:40.634+0000] {dag.py:4180} INFO - Setting next_dagrun for example_branch_datetime_operator_3 to 2025-02-18 00:00:00+00:00, run_after=2025-02-19 00:00:00+00:00
[2025-02-19T03:56:40.655+0000] {processor.py:208} INFO - Processing /home/airflow/.local/lib/python3.12/site-packages/airflow/example_dags/example_branch_datetime_operator.py took 0.122 seconds
[2025-02-19T03:57:11.068+0000] {processor.py:186} INFO - Started process (PID=817) to work on /home/airflow/.local/lib/python3.12/site-packages/airflow/example_dags/example_branch_datetime_operator.py
[2025-02-19T03:57:11.069+0000] {processor.py:914} INFO - Processing file /home/airflow/.local/lib/python3.12/site-packages/airflow/example_dags/example_branch_datetime_operator.py for tasks to queue
[2025-02-19T03:57:11.071+0000] {logging_mixin.py:190} INFO - [2025-02-19T03:57:11.071+0000] {dagbag.py:588} INFO - Filling up the DagBag from /home/airflow/.local/lib/python3.12/site-packages/airflow/example_dags/example_branch_datetime_operator.py
[2025-02-19T03:57:11.115+0000] {processor.py:925} INFO - DAG(s) 'example_branch_datetime_operator', 'example_branch_datetime_operator_3', 'example_branch_datetime_operator_2' retrieved from /home/airflow/.local/lib/python3.12/site-packages/airflow/example_dags/example_branch_datetime_operator.py
[2025-02-19T03:57:11.174+0000] {logging_mixin.py:190} INFO - [2025-02-19T03:57:11.174+0000] {dag.py:3239} INFO - Sync 3 DAGs
[2025-02-19T03:57:11.224+0000] {logging_mixin.py:190} INFO - [2025-02-19T03:57:11.223+0000] {dag.py:4180} INFO - Setting next_dagrun for example_branch_datetime_operator to 2025-02-18 00:00:00+00:00, run_after=2025-02-19 00:00:00+00:00
[2025-02-19T03:57:11.237+0000] {logging_mixin.py:190} INFO - [2025-02-19T03:57:11.236+0000] {dag.py:4180} INFO - Setting next_dagrun for example_branch_datetime_operator_2 to 2025-02-18 00:00:00+00:00, run_after=2025-02-19 00:00:00+00:00
[2025-02-19T03:57:11.245+0000] {logging_mixin.py:190} INFO - [2025-02-19T03:57:11.244+0000] {dag.py:4180} INFO - Setting next_dagrun for example_branch_datetime_operator_3 to 2025-02-18 00:00:00+00:00, run_after=2025-02-19 00:00:00+00:00
[2025-02-19T03:57:11.279+0000] {processor.py:208} INFO - Processing /home/airflow/.local/lib/python3.12/site-packages/airflow/example_dags/example_branch_datetime_operator.py took 0.229 seconds
[2025-02-19T03:57:41.430+0000] {processor.py:186} INFO - Started process (PID=880) to work on /home/airflow/.local/lib/python3.12/site-packages/airflow/example_dags/example_branch_datetime_operator.py
[2025-02-19T03:57:41.431+0000] {processor.py:914} INFO - Processing file /home/airflow/.local/lib/python3.12/site-packages/airflow/example_dags/example_branch_datetime_operator.py for tasks to queue
[2025-02-19T03:57:41.434+0000] {logging_mixin.py:190} INFO - [2025-02-19T03:57:41.434+0000] {dagbag.py:588} INFO - Filling up the DagBag from /home/airflow/.local/lib/python3.12/site-packages/airflow/example_dags/example_branch_datetime_operator.py
[2025-02-19T03:57:41.451+0000] {processor.py:925} INFO - DAG(s) 'example_branch_datetime_operator', 'example_branch_datetime_operator_2', 'example_branch_datetime_operator_3' retrieved from /home/airflow/.local/lib/python3.12/site-packages/airflow/example_dags/example_branch_datetime_operator.py
[2025-02-19T03:57:41.484+0000] {logging_mixin.py:190} INFO - [2025-02-19T03:57:41.484+0000] {dag.py:3239} INFO - Sync 3 DAGs
[2025-02-19T03:57:41.517+0000] {logging_mixin.py:190} INFO - [2025-02-19T03:57:41.516+0000] {dag.py:4180} INFO - Setting next_dagrun for example_branch_datetime_operator to 2025-02-18 00:00:00+00:00, run_after=2025-02-19 00:00:00+00:00
[2025-02-19T03:57:41.524+0000] {logging_mixin.py:190} INFO - [2025-02-19T03:57:41.523+0000] {dag.py:4180} INFO - Setting next_dagrun for example_branch_datetime_operator_2 to 2025-02-18 00:00:00+00:00, run_after=2025-02-19 00:00:00+00:00
[2025-02-19T03:57:41.527+0000] {logging_mixin.py:190} INFO - [2025-02-19T03:57:41.526+0000] {dag.py:4180} INFO - Setting next_dagrun for example_branch_datetime_operator_3 to 2025-02-18 00:00:00+00:00, run_after=2025-02-19 00:00:00+00:00
[2025-02-19T03:57:41.555+0000] {processor.py:208} INFO - Processing /home/airflow/.local/lib/python3.12/site-packages/airflow/example_dags/example_branch_datetime_operator.py took 0.132 seconds
[2025-02-19T03:58:12.191+0000] {processor.py:186} INFO - Started process (PID=944) to work on /home/airflow/.local/lib/python3.12/site-packages/airflow/example_dags/example_branch_datetime_operator.py
[2025-02-19T03:58:12.192+0000] {processor.py:914} INFO - Processing file /home/airflow/.local/lib/python3.12/site-packages/airflow/example_dags/example_branch_datetime_operator.py for tasks to queue
[2025-02-19T03:58:12.193+0000] {logging_mixin.py:190} INFO - [2025-02-19T03:58:12.193+0000] {dagbag.py:588} INFO - Filling up the DagBag from /home/airflow/.local/lib/python3.12/site-packages/airflow/example_dags/example_branch_datetime_operator.py
[2025-02-19T03:58:12.210+0000] {processor.py:925} INFO - DAG(s) 'example_branch_datetime_operator', 'example_branch_datetime_operator_3', 'example_branch_datetime_operator_2' retrieved from /home/airflow/.local/lib/python3.12/site-packages/airflow/example_dags/example_branch_datetime_operator.py
[2025-02-19T03:58:12.256+0000] {logging_mixin.py:190} INFO - [2025-02-19T03:58:12.255+0000] {dag.py:3239} INFO - Sync 3 DAGs
[2025-02-19T03:58:12.294+0000] {logging_mixin.py:190} INFO - [2025-02-19T03:58:12.294+0000] {dag.py:4180} INFO - Setting next_dagrun for example_branch_datetime_operator to 2025-02-18 00:00:00+00:00, run_after=2025-02-19 00:00:00+00:00
[2025-02-19T03:58:12.300+0000] {logging_mixin.py:190} INFO - [2025-02-19T03:58:12.300+0000] {dag.py:4180} INFO - Setting next_dagrun for example_branch_datetime_operator_2 to 2025-02-18 00:00:00+00:00, run_after=2025-02-19 00:00:00+00:00
[2025-02-19T03:58:12.304+0000] {logging_mixin.py:190} INFO - [2025-02-19T03:58:12.303+0000] {dag.py:4180} INFO - Setting next_dagrun for example_branch_datetime_operator_3 to 2025-02-18 00:00:00+00:00, run_after=2025-02-19 00:00:00+00:00
[2025-02-19T03:58:12.327+0000] {processor.py:208} INFO - Processing /home/airflow/.local/lib/python3.12/site-packages/airflow/example_dags/example_branch_datetime_operator.py took 0.145 seconds
[2025-02-19T03:58:43.181+0000] {processor.py:186} INFO - Started process (PID=1008) to work on /home/airflow/.local/lib/python3.12/site-packages/airflow/example_dags/example_branch_datetime_operator.py
[2025-02-19T03:58:43.183+0000] {processor.py:914} INFO - Processing file /home/airflow/.local/lib/python3.12/site-packages/airflow/example_dags/example_branch_datetime_operator.py for tasks to queue
[2025-02-19T03:58:43.187+0000] {logging_mixin.py:190} INFO - [2025-02-19T03:58:43.186+0000] {dagbag.py:588} INFO - Filling up the DagBag from /home/airflow/.local/lib/python3.12/site-packages/airflow/example_dags/example_branch_datetime_operator.py
[2025-02-19T03:58:43.210+0000] {processor.py:925} INFO - DAG(s) 'example_branch_datetime_operator', 'example_branch_datetime_operator_3', 'example_branch_datetime_operator_2' retrieved from /home/airflow/.local/lib/python3.12/site-packages/airflow/example_dags/example_branch_datetime_operator.py
[2025-02-19T03:58:43.263+0000] {logging_mixin.py:190} INFO - [2025-02-19T03:58:43.263+0000] {dag.py:3239} INFO - Sync 3 DAGs
[2025-02-19T03:58:43.302+0000] {logging_mixin.py:190} INFO - [2025-02-19T03:58:43.302+0000] {dag.py:4180} INFO - Setting next_dagrun for example_branch_datetime_operator to 2025-02-18 00:00:00+00:00, run_after=2025-02-19 00:00:00+00:00
[2025-02-19T03:58:43.310+0000] {logging_mixin.py:190} INFO - [2025-02-19T03:58:43.310+0000] {dag.py:4180} INFO - Setting next_dagrun for example_branch_datetime_operator_2 to 2025-02-18 00:00:00+00:00, run_after=2025-02-19 00:00:00+00:00
[2025-02-19T03:58:43.314+0000] {logging_mixin.py:190} INFO - [2025-02-19T03:58:43.314+0000] {dag.py:4180} INFO - Setting next_dagrun for example_branch_datetime_operator_3 to 2025-02-18 00:00:00+00:00, run_after=2025-02-19 00:00:00+00:00
[2025-02-19T03:58:43.342+0000] {processor.py:208} INFO - Processing /home/airflow/.local/lib/python3.12/site-packages/airflow/example_dags/example_branch_datetime_operator.py took 0.171 seconds
[2025-02-19T03:59:14.048+0000] {processor.py:186} INFO - Started process (PID=1071) to work on /home/airflow/.local/lib/python3.12/site-packages/airflow/example_dags/example_branch_datetime_operator.py
[2025-02-19T03:59:14.049+0000] {processor.py:914} INFO - Processing file /home/airflow/.local/lib/python3.12/site-packages/airflow/example_dags/example_branch_datetime_operator.py for tasks to queue
[2025-02-19T03:59:14.051+0000] {logging_mixin.py:190} INFO - [2025-02-19T03:59:14.050+0000] {dagbag.py:588} INFO - Filling up the DagBag from /home/airflow/.local/lib/python3.12/site-packages/airflow/example_dags/example_branch_datetime_operator.py
[2025-02-19T03:59:14.065+0000] {processor.py:925} INFO - DAG(s) 'example_branch_datetime_operator_3', 'example_branch_datetime_operator_2', 'example_branch_datetime_operator' retrieved from /home/airflow/.local/lib/python3.12/site-packages/airflow/example_dags/example_branch_datetime_operator.py
[2025-02-19T03:59:14.099+0000] {logging_mixin.py:190} INFO - [2025-02-19T03:59:14.099+0000] {dag.py:3239} INFO - Sync 3 DAGs
[2025-02-19T03:59:14.135+0000] {logging_mixin.py:190} INFO - [2025-02-19T03:59:14.134+0000] {dag.py:4180} INFO - Setting next_dagrun for example_branch_datetime_operator to 2025-02-18 00:00:00+00:00, run_after=2025-02-19 00:00:00+00:00
[2025-02-19T03:59:14.142+0000] {logging_mixin.py:190} INFO - [2025-02-19T03:59:14.142+0000] {dag.py:4180} INFO - Setting next_dagrun for example_branch_datetime_operator_2 to 2025-02-18 00:00:00+00:00, run_after=2025-02-19 00:00:00+00:00
[2025-02-19T03:59:14.146+0000] {logging_mixin.py:190} INFO - [2025-02-19T03:59:14.145+0000] {dag.py:4180} INFO - Setting next_dagrun for example_branch_datetime_operator_3 to 2025-02-18 00:00:00+00:00, run_after=2025-02-19 00:00:00+00:00
[2025-02-19T03:59:14.167+0000] {processor.py:208} INFO - Processing /home/airflow/.local/lib/python3.12/site-packages/airflow/example_dags/example_branch_datetime_operator.py took 0.127 seconds
[2025-02-19T03:59:45.715+0000] {processor.py:186} INFO - Started process (PID=1135) to work on /home/airflow/.local/lib/python3.12/site-packages/airflow/example_dags/example_branch_datetime_operator.py
[2025-02-19T03:59:45.718+0000] {processor.py:914} INFO - Processing file /home/airflow/.local/lib/python3.12/site-packages/airflow/example_dags/example_branch_datetime_operator.py for tasks to queue
[2025-02-19T03:59:45.720+0000] {logging_mixin.py:190} INFO - [2025-02-19T03:59:45.720+0000] {dagbag.py:588} INFO - Filling up the DagBag from /home/airflow/.local/lib/python3.12/site-packages/airflow/example_dags/example_branch_datetime_operator.py
[2025-02-19T03:59:45.743+0000] {processor.py:925} INFO - DAG(s) 'example_branch_datetime_operator_2', 'example_branch_datetime_operator', 'example_branch_datetime_operator_3' retrieved from /home/airflow/.local/lib/python3.12/site-packages/airflow/example_dags/example_branch_datetime_operator.py
[2025-02-19T03:59:45.792+0000] {logging_mixin.py:190} INFO - [2025-02-19T03:59:45.791+0000] {dag.py:3239} INFO - Sync 3 DAGs
[2025-02-19T03:59:45.837+0000] {logging_mixin.py:190} INFO - [2025-02-19T03:59:45.837+0000] {dag.py:4180} INFO - Setting next_dagrun for example_branch_datetime_operator to 2025-02-18 00:00:00+00:00, run_after=2025-02-19 00:00:00+00:00
[2025-02-19T03:59:45.849+0000] {logging_mixin.py:190} INFO - [2025-02-19T03:59:45.849+0000] {dag.py:4180} INFO - Setting next_dagrun for example_branch_datetime_operator_2 to 2025-02-18 00:00:00+00:00, run_after=2025-02-19 00:00:00+00:00
[2025-02-19T03:59:45.852+0000] {logging_mixin.py:190} INFO - [2025-02-19T03:59:45.852+0000] {dag.py:4180} INFO - Setting next_dagrun for example_branch_datetime_operator_3 to 2025-02-18 00:00:00+00:00, run_after=2025-02-19 00:00:00+00:00
[2025-02-19T03:59:45.879+0000] {processor.py:208} INFO - Processing /home/airflow/.local/lib/python3.12/site-packages/airflow/example_dags/example_branch_datetime_operator.py took 0.181 seconds
[2025-02-19T04:00:15.935+0000] {processor.py:186} INFO - Started process (PID=1198) to work on /home/airflow/.local/lib/python3.12/site-packages/airflow/example_dags/example_branch_datetime_operator.py
[2025-02-19T04:00:15.937+0000] {processor.py:914} INFO - Processing file /home/airflow/.local/lib/python3.12/site-packages/airflow/example_dags/example_branch_datetime_operator.py for tasks to queue
[2025-02-19T04:00:15.938+0000] {logging_mixin.py:190} INFO - [2025-02-19T04:00:15.938+0000] {dagbag.py:588} INFO - Filling up the DagBag from /home/airflow/.local/lib/python3.12/site-packages/airflow/example_dags/example_branch_datetime_operator.py
[2025-02-19T04:00:15.954+0000] {processor.py:925} INFO - DAG(s) 'example_branch_datetime_operator_3', 'example_branch_datetime_operator_2', 'example_branch_datetime_operator' retrieved from /home/airflow/.local/lib/python3.12/site-packages/airflow/example_dags/example_branch_datetime_operator.py
[2025-02-19T04:00:15.985+0000] {logging_mixin.py:190} INFO - [2025-02-19T04:00:15.984+0000] {dag.py:3239} INFO - Sync 3 DAGs
[2025-02-19T04:00:16.014+0000] {logging_mixin.py:190} INFO - [2025-02-19T04:00:16.013+0000] {dag.py:4180} INFO - Setting next_dagrun for example_branch_datetime_operator to 2025-02-18 00:00:00+00:00, run_after=2025-02-19 00:00:00+00:00
[2025-02-19T04:00:16.019+0000] {logging_mixin.py:190} INFO - [2025-02-19T04:00:16.018+0000] {dag.py:4180} INFO - Setting next_dagrun for example_branch_datetime_operator_2 to 2025-02-18 00:00:00+00:00, run_after=2025-02-19 00:00:00+00:00
[2025-02-19T04:00:16.022+0000] {logging_mixin.py:190} INFO - [2025-02-19T04:00:16.022+0000] {dag.py:4180} INFO - Setting next_dagrun for example_branch_datetime_operator_3 to 2025-02-18 00:00:00+00:00, run_after=2025-02-19 00:00:00+00:00
[2025-02-19T04:00:16.042+0000] {processor.py:208} INFO - Processing /home/airflow/.local/lib/python3.12/site-packages/airflow/example_dags/example_branch_datetime_operator.py took 0.115 seconds
[2025-02-19T04:00:46.400+0000] {processor.py:186} INFO - Started process (PID=1262) to work on /home/airflow/.local/lib/python3.12/site-packages/airflow/example_dags/example_branch_datetime_operator.py
[2025-02-19T04:00:46.401+0000] {processor.py:914} INFO - Processing file /home/airflow/.local/lib/python3.12/site-packages/airflow/example_dags/example_branch_datetime_operator.py for tasks to queue
[2025-02-19T04:00:46.403+0000] {logging_mixin.py:190} INFO - [2025-02-19T04:00:46.403+0000] {dagbag.py:588} INFO - Filling up the DagBag from /home/airflow/.local/lib/python3.12/site-packages/airflow/example_dags/example_branch_datetime_operator.py
[2025-02-19T04:00:46.419+0000] {processor.py:925} INFO - DAG(s) 'example_branch_datetime_operator_3', 'example_branch_datetime_operator', 'example_branch_datetime_operator_2' retrieved from /home/airflow/.local/lib/python3.12/site-packages/airflow/example_dags/example_branch_datetime_operator.py
[2025-02-19T04:00:46.452+0000] {logging_mixin.py:190} INFO - [2025-02-19T04:00:46.452+0000] {dag.py:3239} INFO - Sync 3 DAGs
[2025-02-19T04:00:46.479+0000] {logging_mixin.py:190} INFO - [2025-02-19T04:00:46.479+0000] {dag.py:4180} INFO - Setting next_dagrun for example_branch_datetime_operator to 2025-02-18 00:00:00+00:00, run_after=2025-02-19 00:00:00+00:00
[2025-02-19T04:00:46.484+0000] {logging_mixin.py:190} INFO - [2025-02-19T04:00:46.483+0000] {dag.py:4180} INFO - Setting next_dagrun for example_branch_datetime_operator_2 to 2025-02-18 00:00:00+00:00, run_after=2025-02-19 00:00:00+00:00
[2025-02-19T04:00:46.487+0000] {logging_mixin.py:190} INFO - [2025-02-19T04:00:46.486+0000] {dag.py:4180} INFO - Setting next_dagrun for example_branch_datetime_operator_3 to 2025-02-18 00:00:00+00:00, run_after=2025-02-19 00:00:00+00:00
[2025-02-19T04:00:46.508+0000] {processor.py:208} INFO - Processing /home/airflow/.local/lib/python3.12/site-packages/airflow/example_dags/example_branch_datetime_operator.py took 0.114 seconds
[2025-02-19T04:01:16.598+0000] {processor.py:186} INFO - Started process (PID=1326) to work on /home/airflow/.local/lib/python3.12/site-packages/airflow/example_dags/example_branch_datetime_operator.py
[2025-02-19T04:01:16.599+0000] {processor.py:914} INFO - Processing file /home/airflow/.local/lib/python3.12/site-packages/airflow/example_dags/example_branch_datetime_operator.py for tasks to queue
[2025-02-19T04:01:16.600+0000] {logging_mixin.py:190} INFO - [2025-02-19T04:01:16.600+0000] {dagbag.py:588} INFO - Filling up the DagBag from /home/airflow/.local/lib/python3.12/site-packages/airflow/example_dags/example_branch_datetime_operator.py
[2025-02-19T04:01:16.611+0000] {processor.py:925} INFO - DAG(s) 'example_branch_datetime_operator_3', 'example_branch_datetime_operator', 'example_branch_datetime_operator_2' retrieved from /home/airflow/.local/lib/python3.12/site-packages/airflow/example_dags/example_branch_datetime_operator.py
[2025-02-19T04:01:16.638+0000] {logging_mixin.py:190} INFO - [2025-02-19T04:01:16.638+0000] {dag.py:3239} INFO - Sync 3 DAGs
[2025-02-19T04:01:16.664+0000] {logging_mixin.py:190} INFO - [2025-02-19T04:01:16.664+0000] {dag.py:4180} INFO - Setting next_dagrun for example_branch_datetime_operator to 2025-02-18 00:00:00+00:00, run_after=2025-02-19 00:00:00+00:00
[2025-02-19T04:01:16.669+0000] {logging_mixin.py:190} INFO - [2025-02-19T04:01:16.669+0000] {dag.py:4180} INFO - Setting next_dagrun for example_branch_datetime_operator_2 to 2025-02-18 00:00:00+00:00, run_after=2025-02-19 00:00:00+00:00
[2025-02-19T04:01:16.672+0000] {logging_mixin.py:190} INFO - [2025-02-19T04:01:16.672+0000] {dag.py:4180} INFO - Setting next_dagrun for example_branch_datetime_operator_3 to 2025-02-18 00:00:00+00:00, run_after=2025-02-19 00:00:00+00:00
[2025-02-19T04:01:16.691+0000] {processor.py:208} INFO - Processing /home/airflow/.local/lib/python3.12/site-packages/airflow/example_dags/example_branch_datetime_operator.py took 0.099 seconds
[2025-02-19T04:01:47.819+0000] {processor.py:186} INFO - Started process (PID=1390) to work on /home/airflow/.local/lib/python3.12/site-packages/airflow/example_dags/example_branch_datetime_operator.py
[2025-02-19T04:01:47.829+0000] {processor.py:914} INFO - Processing file /home/airflow/.local/lib/python3.12/site-packages/airflow/example_dags/example_branch_datetime_operator.py for tasks to queue
[2025-02-19T04:01:47.832+0000] {logging_mixin.py:190} INFO - [2025-02-19T04:01:47.831+0000] {dagbag.py:588} INFO - Filling up the DagBag from /home/airflow/.local/lib/python3.12/site-packages/airflow/example_dags/example_branch_datetime_operator.py
[2025-02-19T04:01:47.880+0000] {processor.py:925} INFO - DAG(s) 'example_branch_datetime_operator_3', 'example_branch_datetime_operator_2', 'example_branch_datetime_operator' retrieved from /home/airflow/.local/lib/python3.12/site-packages/airflow/example_dags/example_branch_datetime_operator.py
[2025-02-19T04:01:48.040+0000] {logging_mixin.py:190} INFO - [2025-02-19T04:01:48.040+0000] {dag.py:3239} INFO - Sync 3 DAGs
[2025-02-19T04:01:48.186+0000] {logging_mixin.py:190} INFO - [2025-02-19T04:01:48.185+0000] {dag.py:4180} INFO - Setting next_dagrun for example_branch_datetime_operator to 2025-02-18 00:00:00+00:00, run_after=2025-02-19 00:00:00+00:00
[2025-02-19T04:01:48.249+0000] {logging_mixin.py:190} INFO - [2025-02-19T04:01:48.249+0000] {dag.py:4180} INFO - Setting next_dagrun for example_branch_datetime_operator_2 to 2025-02-18 00:00:00+00:00, run_after=2025-02-19 00:00:00+00:00
[2025-02-19T04:01:48.279+0000] {logging_mixin.py:190} INFO - [2025-02-19T04:01:48.270+0000] {dag.py:4180} INFO - Setting next_dagrun for example_branch_datetime_operator_3 to 2025-02-18 00:00:00+00:00, run_after=2025-02-19 00:00:00+00:00
[2025-02-19T04:01:48.387+0000] {processor.py:208} INFO - Processing /home/airflow/.local/lib/python3.12/site-packages/airflow/example_dags/example_branch_datetime_operator.py took 0.593 seconds
