[2025-02-19T03:51:30.638+0000] {processor.py:186} INFO - Started process (PID=102) to work on /home/airflow/.local/lib/python3.12/site-packages/airflow/example_dags/example_latest_only_with_trigger.py
[2025-02-19T03:51:30.639+0000] {processor.py:914} INFO - Processing file /home/airflow/.local/lib/python3.12/site-packages/airflow/example_dags/example_latest_only_with_trigger.py for tasks to queue
[2025-02-19T03:51:30.642+0000] {logging_mixin.py:190} INFO - [2025-02-19T03:51:30.641+0000] {dagbag.py:588} INFO - Filling up the DagBag from /home/airflow/.local/lib/python3.12/site-packages/airflow/example_dags/example_latest_only_with_trigger.py
[2025-02-19T03:51:30.657+0000] {processor.py:925} INFO - DAG(s) 'latest_only_with_trigger' retrieved from /home/airflow/.local/lib/python3.12/site-packages/airflow/example_dags/example_latest_only_with_trigger.py
[2025-02-19T03:51:30.842+0000] {logging_mixin.py:190} INFO - [2025-02-19T03:51:30.841+0000] {override.py:1911} INFO - Created Permission View: can read on DAG:latest_only_with_trigger
[2025-02-19T03:51:30.859+0000] {logging_mixin.py:190} INFO - [2025-02-19T03:51:30.859+0000] {override.py:1911} INFO - Created Permission View: can delete on DAG:latest_only_with_trigger
[2025-02-19T03:51:30.872+0000] {logging_mixin.py:190} INFO - [2025-02-19T03:51:30.871+0000] {override.py:1911} INFO - Created Permission View: can edit on DAG:latest_only_with_trigger
[2025-02-19T03:51:30.888+0000] {logging_mixin.py:190} INFO - [2025-02-19T03:51:30.888+0000] {override.py:1911} INFO - Created Permission View: can read on DAG Run:latest_only_with_trigger
[2025-02-19T03:51:30.902+0000] {logging_mixin.py:190} INFO - [2025-02-19T03:51:30.902+0000] {override.py:1911} INFO - Created Permission View: can delete on DAG Run:latest_only_with_trigger
[2025-02-19T03:51:30.913+0000] {logging_mixin.py:190} INFO - [2025-02-19T03:51:30.913+0000] {override.py:1911} INFO - Created Permission View: can create on DAG Run:latest_only_with_trigger
[2025-02-19T03:51:30.924+0000] {logging_mixin.py:190} INFO - [2025-02-19T03:51:30.923+0000] {override.py:1911} INFO - Created Permission View: menu access on DAG Run:latest_only_with_trigger
[2025-02-19T03:51:30.926+0000] {logging_mixin.py:190} INFO - [2025-02-19T03:51:30.925+0000] {dag.py:3239} INFO - Sync 1 DAGs
[2025-02-19T03:51:30.949+0000] {logging_mixin.py:190} INFO - [2025-02-19T03:51:30.949+0000] {dag.py:3262} INFO - Creating ORM DAG for latest_only_with_trigger
[2025-02-19T03:51:30.966+0000] {logging_mixin.py:190} INFO - [2025-02-19T03:51:30.965+0000] {dag.py:4180} INFO - Setting next_dagrun for latest_only_with_trigger to 2025-02-18 20:00:00+00:00, run_after=2025-02-19 00:00:00+00:00
[2025-02-19T03:51:30.998+0000] {processor.py:208} INFO - Processing /home/airflow/.local/lib/python3.12/site-packages/airflow/example_dags/example_latest_only_with_trigger.py took 0.368 seconds
[2025-02-19T03:52:01.865+0000] {processor.py:186} INFO - Started process (PID=166) to work on /home/airflow/.local/lib/python3.12/site-packages/airflow/example_dags/example_latest_only_with_trigger.py
[2025-02-19T03:52:01.866+0000] {processor.py:914} INFO - Processing file /home/airflow/.local/lib/python3.12/site-packages/airflow/example_dags/example_latest_only_with_trigger.py for tasks to queue
[2025-02-19T03:52:01.868+0000] {logging_mixin.py:190} INFO - [2025-02-19T03:52:01.867+0000] {dagbag.py:588} INFO - Filling up the DagBag from /home/airflow/.local/lib/python3.12/site-packages/airflow/example_dags/example_latest_only_with_trigger.py
[2025-02-19T03:52:01.883+0000] {processor.py:925} INFO - DAG(s) 'latest_only_with_trigger' retrieved from /home/airflow/.local/lib/python3.12/site-packages/airflow/example_dags/example_latest_only_with_trigger.py
[2025-02-19T03:52:01.916+0000] {logging_mixin.py:190} INFO - [2025-02-19T03:52:01.916+0000] {dag.py:3239} INFO - Sync 1 DAGs
[2025-02-19T03:52:01.952+0000] {logging_mixin.py:190} INFO - [2025-02-19T03:52:01.952+0000] {dag.py:4180} INFO - Setting next_dagrun for latest_only_with_trigger to 2025-02-18 20:00:00+00:00, run_after=2025-02-19 00:00:00+00:00
[2025-02-19T03:52:01.992+0000] {processor.py:208} INFO - Processing /home/airflow/.local/lib/python3.12/site-packages/airflow/example_dags/example_latest_only_with_trigger.py took 0.136 seconds
[2025-02-19T03:52:33.031+0000] {processor.py:186} INFO - Started process (PID=230) to work on /home/airflow/.local/lib/python3.12/site-packages/airflow/example_dags/example_latest_only_with_trigger.py
[2025-02-19T03:52:33.033+0000] {processor.py:914} INFO - Processing file /home/airflow/.local/lib/python3.12/site-packages/airflow/example_dags/example_latest_only_with_trigger.py for tasks to queue
[2025-02-19T03:52:33.035+0000] {logging_mixin.py:190} INFO - [2025-02-19T03:52:33.035+0000] {dagbag.py:588} INFO - Filling up the DagBag from /home/airflow/.local/lib/python3.12/site-packages/airflow/example_dags/example_latest_only_with_trigger.py
[2025-02-19T03:52:33.049+0000] {processor.py:925} INFO - DAG(s) 'latest_only_with_trigger' retrieved from /home/airflow/.local/lib/python3.12/site-packages/airflow/example_dags/example_latest_only_with_trigger.py
[2025-02-19T03:52:33.089+0000] {logging_mixin.py:190} INFO - [2025-02-19T03:52:33.089+0000] {dag.py:3239} INFO - Sync 1 DAGs
[2025-02-19T03:52:33.148+0000] {logging_mixin.py:190} INFO - [2025-02-19T03:52:33.147+0000] {dag.py:4180} INFO - Setting next_dagrun for latest_only_with_trigger to 2025-02-18 20:00:00+00:00, run_after=2025-02-19 00:00:00+00:00
[2025-02-19T03:52:33.206+0000] {processor.py:208} INFO - Processing /home/airflow/.local/lib/python3.12/site-packages/airflow/example_dags/example_latest_only_with_trigger.py took 0.184 seconds
[2025-02-19T03:53:03.816+0000] {processor.py:186} INFO - Started process (PID=293) to work on /home/airflow/.local/lib/python3.12/site-packages/airflow/example_dags/example_latest_only_with_trigger.py
[2025-02-19T03:53:03.817+0000] {processor.py:914} INFO - Processing file /home/airflow/.local/lib/python3.12/site-packages/airflow/example_dags/example_latest_only_with_trigger.py for tasks to queue
[2025-02-19T03:53:03.819+0000] {logging_mixin.py:190} INFO - [2025-02-19T03:53:03.818+0000] {dagbag.py:588} INFO - Filling up the DagBag from /home/airflow/.local/lib/python3.12/site-packages/airflow/example_dags/example_latest_only_with_trigger.py
[2025-02-19T03:53:03.831+0000] {processor.py:925} INFO - DAG(s) 'latest_only_with_trigger' retrieved from /home/airflow/.local/lib/python3.12/site-packages/airflow/example_dags/example_latest_only_with_trigger.py
[2025-02-19T03:53:03.858+0000] {logging_mixin.py:190} INFO - [2025-02-19T03:53:03.857+0000] {dag.py:3239} INFO - Sync 1 DAGs
[2025-02-19T03:53:03.889+0000] {logging_mixin.py:190} INFO - [2025-02-19T03:53:03.888+0000] {dag.py:4180} INFO - Setting next_dagrun for latest_only_with_trigger to 2025-02-18 20:00:00+00:00, run_after=2025-02-19 00:00:00+00:00
[2025-02-19T03:53:03.917+0000] {processor.py:208} INFO - Processing /home/airflow/.local/lib/python3.12/site-packages/airflow/example_dags/example_latest_only_with_trigger.py took 0.109 seconds
[2025-02-19T03:53:33.978+0000] {processor.py:186} INFO - Started process (PID=361) to work on /home/airflow/.local/lib/python3.12/site-packages/airflow/example_dags/example_latest_only_with_trigger.py
[2025-02-19T03:53:33.979+0000] {processor.py:914} INFO - Processing file /home/airflow/.local/lib/python3.12/site-packages/airflow/example_dags/example_latest_only_with_trigger.py for tasks to queue
[2025-02-19T03:53:33.981+0000] {logging_mixin.py:190} INFO - [2025-02-19T03:53:33.981+0000] {dagbag.py:588} INFO - Filling up the DagBag from /home/airflow/.local/lib/python3.12/site-packages/airflow/example_dags/example_latest_only_with_trigger.py
[2025-02-19T03:53:33.997+0000] {processor.py:925} INFO - DAG(s) 'latest_only_with_trigger' retrieved from /home/airflow/.local/lib/python3.12/site-packages/airflow/example_dags/example_latest_only_with_trigger.py
[2025-02-19T03:53:34.031+0000] {logging_mixin.py:190} INFO - [2025-02-19T03:53:34.030+0000] {dag.py:3239} INFO - Sync 1 DAGs
[2025-02-19T03:53:34.069+0000] {logging_mixin.py:190} INFO - [2025-02-19T03:53:34.069+0000] {dag.py:4180} INFO - Setting next_dagrun for latest_only_with_trigger to 2025-02-18 20:00:00+00:00, run_after=2025-02-19 00:00:00+00:00
[2025-02-19T03:53:34.109+0000] {processor.py:208} INFO - Processing /home/airflow/.local/lib/python3.12/site-packages/airflow/example_dags/example_latest_only_with_trigger.py took 0.139 seconds
[2025-02-19T03:54:04.932+0000] {processor.py:186} INFO - Started process (PID=425) to work on /home/airflow/.local/lib/python3.12/site-packages/airflow/example_dags/example_latest_only_with_trigger.py
[2025-02-19T03:54:04.933+0000] {processor.py:914} INFO - Processing file /home/airflow/.local/lib/python3.12/site-packages/airflow/example_dags/example_latest_only_with_trigger.py for tasks to queue
[2025-02-19T03:54:04.934+0000] {logging_mixin.py:190} INFO - [2025-02-19T03:54:04.934+0000] {dagbag.py:588} INFO - Filling up the DagBag from /home/airflow/.local/lib/python3.12/site-packages/airflow/example_dags/example_latest_only_with_trigger.py
[2025-02-19T03:54:04.949+0000] {processor.py:925} INFO - DAG(s) 'latest_only_with_trigger' retrieved from /home/airflow/.local/lib/python3.12/site-packages/airflow/example_dags/example_latest_only_with_trigger.py
[2025-02-19T03:54:04.981+0000] {logging_mixin.py:190} INFO - [2025-02-19T03:54:04.980+0000] {dag.py:3239} INFO - Sync 1 DAGs
[2025-02-19T03:54:05.015+0000] {logging_mixin.py:190} INFO - [2025-02-19T03:54:05.015+0000] {dag.py:4180} INFO - Setting next_dagrun for latest_only_with_trigger to 2025-02-18 20:00:00+00:00, run_after=2025-02-19 00:00:00+00:00
[2025-02-19T03:54:05.037+0000] {processor.py:208} INFO - Processing /home/airflow/.local/lib/python3.12/site-packages/airflow/example_dags/example_latest_only_with_trigger.py took 0.112 seconds
[2025-02-19T03:54:37.756+0000] {processor.py:186} INFO - Started process (PID=489) to work on /home/airflow/.local/lib/python3.12/site-packages/airflow/example_dags/example_latest_only_with_trigger.py
[2025-02-19T03:54:37.757+0000] {processor.py:914} INFO - Processing file /home/airflow/.local/lib/python3.12/site-packages/airflow/example_dags/example_latest_only_with_trigger.py for tasks to queue
[2025-02-19T03:54:37.760+0000] {logging_mixin.py:190} INFO - [2025-02-19T03:54:37.759+0000] {dagbag.py:588} INFO - Filling up the DagBag from /home/airflow/.local/lib/python3.12/site-packages/airflow/example_dags/example_latest_only_with_trigger.py
[2025-02-19T03:54:37.771+0000] {processor.py:925} INFO - DAG(s) 'latest_only_with_trigger' retrieved from /home/airflow/.local/lib/python3.12/site-packages/airflow/example_dags/example_latest_only_with_trigger.py
[2025-02-19T03:54:37.803+0000] {logging_mixin.py:190} INFO - [2025-02-19T03:54:37.803+0000] {dag.py:3239} INFO - Sync 1 DAGs
[2025-02-19T03:54:37.842+0000] {logging_mixin.py:190} INFO - [2025-02-19T03:54:37.842+0000] {dag.py:4180} INFO - Setting next_dagrun for latest_only_with_trigger to 2025-02-18 20:00:00+00:00, run_after=2025-02-19 00:00:00+00:00
[2025-02-19T03:54:37.877+0000] {processor.py:208} INFO - Processing /home/airflow/.local/lib/python3.12/site-packages/airflow/example_dags/example_latest_only_with_trigger.py took 0.129 seconds
[2025-02-19T03:55:08.158+0000] {processor.py:186} INFO - Started process (PID=553) to work on /home/airflow/.local/lib/python3.12/site-packages/airflow/example_dags/example_latest_only_with_trigger.py
[2025-02-19T03:55:08.160+0000] {processor.py:914} INFO - Processing file /home/airflow/.local/lib/python3.12/site-packages/airflow/example_dags/example_latest_only_with_trigger.py for tasks to queue
[2025-02-19T03:55:08.161+0000] {logging_mixin.py:190} INFO - [2025-02-19T03:55:08.161+0000] {dagbag.py:588} INFO - Filling up the DagBag from /home/airflow/.local/lib/python3.12/site-packages/airflow/example_dags/example_latest_only_with_trigger.py
[2025-02-19T03:55:08.172+0000] {processor.py:925} INFO - DAG(s) 'latest_only_with_trigger' retrieved from /home/airflow/.local/lib/python3.12/site-packages/airflow/example_dags/example_latest_only_with_trigger.py
[2025-02-19T03:55:08.202+0000] {logging_mixin.py:190} INFO - [2025-02-19T03:55:08.202+0000] {dag.py:3239} INFO - Sync 1 DAGs
[2025-02-19T03:55:08.245+0000] {logging_mixin.py:190} INFO - [2025-02-19T03:55:08.244+0000] {dag.py:4180} INFO - Setting next_dagrun for latest_only_with_trigger to 2025-02-18 20:00:00+00:00, run_after=2025-02-19 00:00:00+00:00
[2025-02-19T03:55:08.282+0000] {processor.py:208} INFO - Processing /home/airflow/.local/lib/python3.12/site-packages/airflow/example_dags/example_latest_only_with_trigger.py took 0.131 seconds
[2025-02-19T03:55:38.698+0000] {processor.py:186} INFO - Started process (PID=620) to work on /home/airflow/.local/lib/python3.12/site-packages/airflow/example_dags/example_latest_only_with_trigger.py
[2025-02-19T03:55:38.699+0000] {processor.py:914} INFO - Processing file /home/airflow/.local/lib/python3.12/site-packages/airflow/example_dags/example_latest_only_with_trigger.py for tasks to queue
[2025-02-19T03:55:38.702+0000] {logging_mixin.py:190} INFO - [2025-02-19T03:55:38.701+0000] {dagbag.py:588} INFO - Filling up the DagBag from /home/airflow/.local/lib/python3.12/site-packages/airflow/example_dags/example_latest_only_with_trigger.py
[2025-02-19T03:55:38.718+0000] {processor.py:925} INFO - DAG(s) 'latest_only_with_trigger' retrieved from /home/airflow/.local/lib/python3.12/site-packages/airflow/example_dags/example_latest_only_with_trigger.py
[2025-02-19T03:55:38.754+0000] {logging_mixin.py:190} INFO - [2025-02-19T03:55:38.753+0000] {dag.py:3239} INFO - Sync 1 DAGs
[2025-02-19T03:55:38.804+0000] {logging_mixin.py:190} INFO - [2025-02-19T03:55:38.804+0000] {dag.py:4180} INFO - Setting next_dagrun for latest_only_with_trigger to 2025-02-18 20:00:00+00:00, run_after=2025-02-19 00:00:00+00:00
[2025-02-19T03:55:38.833+0000] {processor.py:208} INFO - Processing /home/airflow/.local/lib/python3.12/site-packages/airflow/example_dags/example_latest_only_with_trigger.py took 0.142 seconds
[2025-02-19T03:56:09.637+0000] {processor.py:186} INFO - Started process (PID=684) to work on /home/airflow/.local/lib/python3.12/site-packages/airflow/example_dags/example_latest_only_with_trigger.py
[2025-02-19T03:56:09.639+0000] {processor.py:914} INFO - Processing file /home/airflow/.local/lib/python3.12/site-packages/airflow/example_dags/example_latest_only_with_trigger.py for tasks to queue
[2025-02-19T03:56:09.640+0000] {logging_mixin.py:190} INFO - [2025-02-19T03:56:09.640+0000] {dagbag.py:588} INFO - Filling up the DagBag from /home/airflow/.local/lib/python3.12/site-packages/airflow/example_dags/example_latest_only_with_trigger.py
[2025-02-19T03:56:09.649+0000] {processor.py:925} INFO - DAG(s) 'latest_only_with_trigger' retrieved from /home/airflow/.local/lib/python3.12/site-packages/airflow/example_dags/example_latest_only_with_trigger.py
[2025-02-19T03:56:09.672+0000] {logging_mixin.py:190} INFO - [2025-02-19T03:56:09.672+0000] {dag.py:3239} INFO - Sync 1 DAGs
[2025-02-19T03:56:09.698+0000] {logging_mixin.py:190} INFO - [2025-02-19T03:56:09.697+0000] {dag.py:4180} INFO - Setting next_dagrun for latest_only_with_trigger to 2025-02-18 20:00:00+00:00, run_after=2025-02-19 00:00:00+00:00
[2025-02-19T03:56:09.725+0000] {processor.py:208} INFO - Processing /home/airflow/.local/lib/python3.12/site-packages/airflow/example_dags/example_latest_only_with_trigger.py took 0.093 seconds
[2025-02-19T03:56:39.930+0000] {processor.py:186} INFO - Started process (PID=747) to work on /home/airflow/.local/lib/python3.12/site-packages/airflow/example_dags/example_latest_only_with_trigger.py
[2025-02-19T03:56:39.931+0000] {processor.py:914} INFO - Processing file /home/airflow/.local/lib/python3.12/site-packages/airflow/example_dags/example_latest_only_with_trigger.py for tasks to queue
[2025-02-19T03:56:39.933+0000] {logging_mixin.py:190} INFO - [2025-02-19T03:56:39.932+0000] {dagbag.py:588} INFO - Filling up the DagBag from /home/airflow/.local/lib/python3.12/site-packages/airflow/example_dags/example_latest_only_with_trigger.py
[2025-02-19T03:56:39.940+0000] {processor.py:925} INFO - DAG(s) 'latest_only_with_trigger' retrieved from /home/airflow/.local/lib/python3.12/site-packages/airflow/example_dags/example_latest_only_with_trigger.py
[2025-02-19T03:56:39.965+0000] {logging_mixin.py:190} INFO - [2025-02-19T03:56:39.964+0000] {dag.py:3239} INFO - Sync 1 DAGs
[2025-02-19T03:56:39.987+0000] {logging_mixin.py:190} INFO - [2025-02-19T03:56:39.986+0000] {dag.py:4180} INFO - Setting next_dagrun for latest_only_with_trigger to 2025-02-18 20:00:00+00:00, run_after=2025-02-19 00:00:00+00:00
[2025-02-19T03:56:40.014+0000] {processor.py:208} INFO - Processing /home/airflow/.local/lib/python3.12/site-packages/airflow/example_dags/example_latest_only_with_trigger.py took 0.089 seconds
[2025-02-19T03:57:10.226+0000] {processor.py:186} INFO - Started process (PID=811) to work on /home/airflow/.local/lib/python3.12/site-packages/airflow/example_dags/example_latest_only_with_trigger.py
[2025-02-19T03:57:10.227+0000] {processor.py:914} INFO - Processing file /home/airflow/.local/lib/python3.12/site-packages/airflow/example_dags/example_latest_only_with_trigger.py for tasks to queue
[2025-02-19T03:57:10.229+0000] {logging_mixin.py:190} INFO - [2025-02-19T03:57:10.228+0000] {dagbag.py:588} INFO - Filling up the DagBag from /home/airflow/.local/lib/python3.12/site-packages/airflow/example_dags/example_latest_only_with_trigger.py
[2025-02-19T03:57:10.245+0000] {processor.py:925} INFO - DAG(s) 'latest_only_with_trigger' retrieved from /home/airflow/.local/lib/python3.12/site-packages/airflow/example_dags/example_latest_only_with_trigger.py
[2025-02-19T03:57:10.283+0000] {logging_mixin.py:190} INFO - [2025-02-19T03:57:10.283+0000] {dag.py:3239} INFO - Sync 1 DAGs
[2025-02-19T03:57:10.327+0000] {logging_mixin.py:190} INFO - [2025-02-19T03:57:10.326+0000] {dag.py:4180} INFO - Setting next_dagrun for latest_only_with_trigger to 2025-02-18 20:00:00+00:00, run_after=2025-02-19 00:00:00+00:00
[2025-02-19T03:57:10.363+0000] {processor.py:208} INFO - Processing /home/airflow/.local/lib/python3.12/site-packages/airflow/example_dags/example_latest_only_with_trigger.py took 0.147 seconds
[2025-02-19T03:57:40.975+0000] {processor.py:186} INFO - Started process (PID=875) to work on /home/airflow/.local/lib/python3.12/site-packages/airflow/example_dags/example_latest_only_with_trigger.py
[2025-02-19T03:57:40.977+0000] {processor.py:914} INFO - Processing file /home/airflow/.local/lib/python3.12/site-packages/airflow/example_dags/example_latest_only_with_trigger.py for tasks to queue
[2025-02-19T03:57:40.978+0000] {logging_mixin.py:190} INFO - [2025-02-19T03:57:40.978+0000] {dagbag.py:588} INFO - Filling up the DagBag from /home/airflow/.local/lib/python3.12/site-packages/airflow/example_dags/example_latest_only_with_trigger.py
[2025-02-19T03:57:40.990+0000] {processor.py:925} INFO - DAG(s) 'latest_only_with_trigger' retrieved from /home/airflow/.local/lib/python3.12/site-packages/airflow/example_dags/example_latest_only_with_trigger.py
[2025-02-19T03:57:41.033+0000] {logging_mixin.py:190} INFO - [2025-02-19T03:57:41.032+0000] {dag.py:3239} INFO - Sync 1 DAGs
[2025-02-19T03:57:41.064+0000] {logging_mixin.py:190} INFO - [2025-02-19T03:57:41.064+0000] {dag.py:4180} INFO - Setting next_dagrun for latest_only_with_trigger to 2025-02-18 20:00:00+00:00, run_after=2025-02-19 00:00:00+00:00
[2025-02-19T03:57:41.089+0000] {processor.py:208} INFO - Processing /home/airflow/.local/lib/python3.12/site-packages/airflow/example_dags/example_latest_only_with_trigger.py took 0.127 seconds
[2025-02-19T03:58:11.575+0000] {processor.py:186} INFO - Started process (PID=939) to work on /home/airflow/.local/lib/python3.12/site-packages/airflow/example_dags/example_latest_only_with_trigger.py
[2025-02-19T03:58:11.576+0000] {processor.py:914} INFO - Processing file /home/airflow/.local/lib/python3.12/site-packages/airflow/example_dags/example_latest_only_with_trigger.py for tasks to queue
[2025-02-19T03:58:11.578+0000] {logging_mixin.py:190} INFO - [2025-02-19T03:58:11.577+0000] {dagbag.py:588} INFO - Filling up the DagBag from /home/airflow/.local/lib/python3.12/site-packages/airflow/example_dags/example_latest_only_with_trigger.py
[2025-02-19T03:58:11.591+0000] {processor.py:925} INFO - DAG(s) 'latest_only_with_trigger' retrieved from /home/airflow/.local/lib/python3.12/site-packages/airflow/example_dags/example_latest_only_with_trigger.py
[2025-02-19T03:58:11.619+0000] {logging_mixin.py:190} INFO - [2025-02-19T03:58:11.619+0000] {dag.py:3239} INFO - Sync 1 DAGs
[2025-02-19T03:58:11.653+0000] {logging_mixin.py:190} INFO - [2025-02-19T03:58:11.652+0000] {dag.py:4180} INFO - Setting next_dagrun for latest_only_with_trigger to 2025-02-18 20:00:00+00:00, run_after=2025-02-19 00:00:00+00:00
[2025-02-19T03:58:11.682+0000] {processor.py:208} INFO - Processing /home/airflow/.local/lib/python3.12/site-packages/airflow/example_dags/example_latest_only_with_trigger.py took 0.117 seconds
[2025-02-19T03:58:42.607+0000] {processor.py:186} INFO - Started process (PID=1003) to work on /home/airflow/.local/lib/python3.12/site-packages/airflow/example_dags/example_latest_only_with_trigger.py
[2025-02-19T03:58:42.608+0000] {processor.py:914} INFO - Processing file /home/airflow/.local/lib/python3.12/site-packages/airflow/example_dags/example_latest_only_with_trigger.py for tasks to queue
[2025-02-19T03:58:42.610+0000] {logging_mixin.py:190} INFO - [2025-02-19T03:58:42.610+0000] {dagbag.py:588} INFO - Filling up the DagBag from /home/airflow/.local/lib/python3.12/site-packages/airflow/example_dags/example_latest_only_with_trigger.py
[2025-02-19T03:58:42.623+0000] {processor.py:925} INFO - DAG(s) 'latest_only_with_trigger' retrieved from /home/airflow/.local/lib/python3.12/site-packages/airflow/example_dags/example_latest_only_with_trigger.py
[2025-02-19T03:58:42.655+0000] {logging_mixin.py:190} INFO - [2025-02-19T03:58:42.654+0000] {dag.py:3239} INFO - Sync 1 DAGs
[2025-02-19T03:58:42.692+0000] {logging_mixin.py:190} INFO - [2025-02-19T03:58:42.692+0000] {dag.py:4180} INFO - Setting next_dagrun for latest_only_with_trigger to 2025-02-18 20:00:00+00:00, run_after=2025-02-19 00:00:00+00:00
[2025-02-19T03:58:42.732+0000] {processor.py:208} INFO - Processing /home/airflow/.local/lib/python3.12/site-packages/airflow/example_dags/example_latest_only_with_trigger.py took 0.134 seconds
[2025-02-19T03:59:13.539+0000] {processor.py:186} INFO - Started process (PID=1066) to work on /home/airflow/.local/lib/python3.12/site-packages/airflow/example_dags/example_latest_only_with_trigger.py
[2025-02-19T03:59:13.540+0000] {processor.py:914} INFO - Processing file /home/airflow/.local/lib/python3.12/site-packages/airflow/example_dags/example_latest_only_with_trigger.py for tasks to queue
[2025-02-19T03:59:13.542+0000] {logging_mixin.py:190} INFO - [2025-02-19T03:59:13.542+0000] {dagbag.py:588} INFO - Filling up the DagBag from /home/airflow/.local/lib/python3.12/site-packages/airflow/example_dags/example_latest_only_with_trigger.py
[2025-02-19T03:59:13.554+0000] {processor.py:925} INFO - DAG(s) 'latest_only_with_trigger' retrieved from /home/airflow/.local/lib/python3.12/site-packages/airflow/example_dags/example_latest_only_with_trigger.py
[2025-02-19T03:59:13.580+0000] {logging_mixin.py:190} INFO - [2025-02-19T03:59:13.580+0000] {dag.py:3239} INFO - Sync 1 DAGs
[2025-02-19T03:59:13.606+0000] {logging_mixin.py:190} INFO - [2025-02-19T03:59:13.606+0000] {dag.py:4180} INFO - Setting next_dagrun for latest_only_with_trigger to 2025-02-18 20:00:00+00:00, run_after=2025-02-19 00:00:00+00:00
[2025-02-19T03:59:13.632+0000] {processor.py:208} INFO - Processing /home/airflow/.local/lib/python3.12/site-packages/airflow/example_dags/example_latest_only_with_trigger.py took 0.102 seconds
[2025-02-19T03:59:43.669+0000] {processor.py:186} INFO - Started process (PID=1129) to work on /home/airflow/.local/lib/python3.12/site-packages/airflow/example_dags/example_latest_only_with_trigger.py
[2025-02-19T03:59:43.670+0000] {processor.py:914} INFO - Processing file /home/airflow/.local/lib/python3.12/site-packages/airflow/example_dags/example_latest_only_with_trigger.py for tasks to queue
[2025-02-19T03:59:43.671+0000] {logging_mixin.py:190} INFO - [2025-02-19T03:59:43.670+0000] {dagbag.py:588} INFO - Filling up the DagBag from /home/airflow/.local/lib/python3.12/site-packages/airflow/example_dags/example_latest_only_with_trigger.py
[2025-02-19T03:59:43.680+0000] {processor.py:925} INFO - DAG(s) 'latest_only_with_trigger' retrieved from /home/airflow/.local/lib/python3.12/site-packages/airflow/example_dags/example_latest_only_with_trigger.py
[2025-02-19T03:59:43.702+0000] {logging_mixin.py:190} INFO - [2025-02-19T03:59:43.702+0000] {dag.py:3239} INFO - Sync 1 DAGs
[2025-02-19T03:59:43.732+0000] {logging_mixin.py:190} INFO - [2025-02-19T03:59:43.732+0000] {dag.py:4180} INFO - Setting next_dagrun for latest_only_with_trigger to 2025-02-18 20:00:00+00:00, run_after=2025-02-19 00:00:00+00:00
[2025-02-19T03:59:43.755+0000] {processor.py:208} INFO - Processing /home/airflow/.local/lib/python3.12/site-packages/airflow/example_dags/example_latest_only_with_trigger.py took 0.091 seconds
[2025-02-19T04:00:14.592+0000] {processor.py:186} INFO - Started process (PID=1193) to work on /home/airflow/.local/lib/python3.12/site-packages/airflow/example_dags/example_latest_only_with_trigger.py
[2025-02-19T04:00:14.593+0000] {processor.py:914} INFO - Processing file /home/airflow/.local/lib/python3.12/site-packages/airflow/example_dags/example_latest_only_with_trigger.py for tasks to queue
[2025-02-19T04:00:14.594+0000] {logging_mixin.py:190} INFO - [2025-02-19T04:00:14.594+0000] {dagbag.py:588} INFO - Filling up the DagBag from /home/airflow/.local/lib/python3.12/site-packages/airflow/example_dags/example_latest_only_with_trigger.py
[2025-02-19T04:00:14.603+0000] {processor.py:925} INFO - DAG(s) 'latest_only_with_trigger' retrieved from /home/airflow/.local/lib/python3.12/site-packages/airflow/example_dags/example_latest_only_with_trigger.py
[2025-02-19T04:00:14.629+0000] {logging_mixin.py:190} INFO - [2025-02-19T04:00:14.628+0000] {dag.py:3239} INFO - Sync 1 DAGs
[2025-02-19T04:00:14.657+0000] {logging_mixin.py:190} INFO - [2025-02-19T04:00:14.656+0000] {dag.py:4180} INFO - Setting next_dagrun for latest_only_with_trigger to 2025-02-19 00:00:00+00:00, run_after=2025-02-19 04:00:00+00:00
[2025-02-19T04:00:14.678+0000] {processor.py:208} INFO - Processing /home/airflow/.local/lib/python3.12/site-packages/airflow/example_dags/example_latest_only_with_trigger.py took 0.092 seconds
[2025-02-19T04:00:44.887+0000] {processor.py:186} INFO - Started process (PID=1257) to work on /home/airflow/.local/lib/python3.12/site-packages/airflow/example_dags/example_latest_only_with_trigger.py
[2025-02-19T04:00:44.890+0000] {processor.py:914} INFO - Processing file /home/airflow/.local/lib/python3.12/site-packages/airflow/example_dags/example_latest_only_with_trigger.py for tasks to queue
[2025-02-19T04:00:44.893+0000] {logging_mixin.py:190} INFO - [2025-02-19T04:00:44.892+0000] {dagbag.py:588} INFO - Filling up the DagBag from /home/airflow/.local/lib/python3.12/site-packages/airflow/example_dags/example_latest_only_with_trigger.py
[2025-02-19T04:00:44.910+0000] {processor.py:925} INFO - DAG(s) 'latest_only_with_trigger' retrieved from /home/airflow/.local/lib/python3.12/site-packages/airflow/example_dags/example_latest_only_with_trigger.py
[2025-02-19T04:00:44.938+0000] {logging_mixin.py:190} INFO - [2025-02-19T04:00:44.937+0000] {dag.py:3239} INFO - Sync 1 DAGs
[2025-02-19T04:00:44.963+0000] {logging_mixin.py:190} INFO - [2025-02-19T04:00:44.963+0000] {dag.py:4180} INFO - Setting next_dagrun for latest_only_with_trigger to 2025-02-19 00:00:00+00:00, run_after=2025-02-19 04:00:00+00:00
[2025-02-19T04:00:44.983+0000] {processor.py:208} INFO - Processing /home/airflow/.local/lib/python3.12/site-packages/airflow/example_dags/example_latest_only_with_trigger.py took 0.110 seconds
[2025-02-19T04:01:15.092+0000] {processor.py:186} INFO - Started process (PID=1321) to work on /home/airflow/.local/lib/python3.12/site-packages/airflow/example_dags/example_latest_only_with_trigger.py
[2025-02-19T04:01:15.093+0000] {processor.py:914} INFO - Processing file /home/airflow/.local/lib/python3.12/site-packages/airflow/example_dags/example_latest_only_with_trigger.py for tasks to queue
[2025-02-19T04:01:15.095+0000] {logging_mixin.py:190} INFO - [2025-02-19T04:01:15.095+0000] {dagbag.py:588} INFO - Filling up the DagBag from /home/airflow/.local/lib/python3.12/site-packages/airflow/example_dags/example_latest_only_with_trigger.py
[2025-02-19T04:01:15.103+0000] {processor.py:925} INFO - DAG(s) 'latest_only_with_trigger' retrieved from /home/airflow/.local/lib/python3.12/site-packages/airflow/example_dags/example_latest_only_with_trigger.py
[2025-02-19T04:01:15.126+0000] {logging_mixin.py:190} INFO - [2025-02-19T04:01:15.126+0000] {dag.py:3239} INFO - Sync 1 DAGs
[2025-02-19T04:01:15.150+0000] {logging_mixin.py:190} INFO - [2025-02-19T04:01:15.150+0000] {dag.py:4180} INFO - Setting next_dagrun for latest_only_with_trigger to 2025-02-19 00:00:00+00:00, run_after=2025-02-19 04:00:00+00:00
[2025-02-19T04:01:15.176+0000] {processor.py:208} INFO - Processing /home/airflow/.local/lib/python3.12/site-packages/airflow/example_dags/example_latest_only_with_trigger.py took 0.090 seconds
[2025-02-19T04:01:45.769+0000] {processor.py:186} INFO - Started process (PID=1385) to work on /home/airflow/.local/lib/python3.12/site-packages/airflow/example_dags/example_latest_only_with_trigger.py
[2025-02-19T04:01:45.769+0000] {processor.py:914} INFO - Processing file /home/airflow/.local/lib/python3.12/site-packages/airflow/example_dags/example_latest_only_with_trigger.py for tasks to queue
[2025-02-19T04:01:45.771+0000] {logging_mixin.py:190} INFO - [2025-02-19T04:01:45.771+0000] {dagbag.py:588} INFO - Filling up the DagBag from /home/airflow/.local/lib/python3.12/site-packages/airflow/example_dags/example_latest_only_with_trigger.py
[2025-02-19T04:01:45.780+0000] {processor.py:925} INFO - DAG(s) 'latest_only_with_trigger' retrieved from /home/airflow/.local/lib/python3.12/site-packages/airflow/example_dags/example_latest_only_with_trigger.py
[2025-02-19T04:01:45.804+0000] {logging_mixin.py:190} INFO - [2025-02-19T04:01:45.804+0000] {dag.py:3239} INFO - Sync 1 DAGs
[2025-02-19T04:01:45.839+0000] {logging_mixin.py:190} INFO - [2025-02-19T04:01:45.838+0000] {dag.py:4180} INFO - Setting next_dagrun for latest_only_with_trigger to 2025-02-19 00:00:00+00:00, run_after=2025-02-19 04:00:00+00:00
[2025-02-19T04:01:45.868+0000] {processor.py:208} INFO - Processing /home/airflow/.local/lib/python3.12/site-packages/airflow/example_dags/example_latest_only_with_trigger.py took 0.105 seconds
