[2025-02-19T03:51:36.501+0000] {processor.py:186} INFO - Started process (PID=127) to work on /home/airflow/.local/lib/python3.12/site-packages/airflow/example_dags/example_complex.py
[2025-02-19T03:51:36.502+0000] {processor.py:914} INFO - Processing file /home/airflow/.local/lib/python3.12/site-packages/airflow/example_dags/example_complex.py for tasks to queue
[2025-02-19T03:51:36.506+0000] {logging_mixin.py:190} INFO - [2025-02-19T03:51:36.505+0000] {dagbag.py:588} INFO - Filling up the DagBag from /home/airflow/.local/lib/python3.12/site-packages/airflow/example_dags/example_complex.py
[2025-02-19T03:51:36.527+0000] {processor.py:925} INFO - DAG(s) 'example_complex' retrieved from /home/airflow/.local/lib/python3.12/site-packages/airflow/example_dags/example_complex.py
[2025-02-19T03:51:36.717+0000] {logging_mixin.py:190} INFO - [2025-02-19T03:51:36.715+0000] {override.py:1911} INFO - Created Permission View: can read on DAG:example_complex
[2025-02-19T03:51:36.758+0000] {logging_mixin.py:190} INFO - [2025-02-19T03:51:36.758+0000] {override.py:1911} INFO - Created Permission View: can delete on DAG:example_complex
[2025-02-19T03:51:36.807+0000] {logging_mixin.py:190} INFO - [2025-02-19T03:51:36.806+0000] {override.py:1911} INFO - Created Permission View: can edit on DAG:example_complex
[2025-02-19T03:51:36.829+0000] {logging_mixin.py:190} INFO - [2025-02-19T03:51:36.829+0000] {override.py:1911} INFO - Created Permission View: can read on DAG Run:example_complex
[2025-02-19T03:51:36.845+0000] {logging_mixin.py:190} INFO - [2025-02-19T03:51:36.844+0000] {override.py:1911} INFO - Created Permission View: can delete on DAG Run:example_complex
[2025-02-19T03:51:36.860+0000] {logging_mixin.py:190} INFO - [2025-02-19T03:51:36.860+0000] {override.py:1911} INFO - Created Permission View: can create on DAG Run:example_complex
[2025-02-19T03:51:36.881+0000] {logging_mixin.py:190} INFO - [2025-02-19T03:51:36.880+0000] {override.py:1911} INFO - Created Permission View: menu access on DAG Run:example_complex
[2025-02-19T03:51:36.882+0000] {logging_mixin.py:190} INFO - [2025-02-19T03:51:36.882+0000] {dag.py:3239} INFO - Sync 1 DAGs
[2025-02-19T03:51:36.915+0000] {logging_mixin.py:190} INFO - [2025-02-19T03:51:36.915+0000] {dag.py:3262} INFO - Creating ORM DAG for example_complex
[2025-02-19T03:51:36.917+0000] {logging_mixin.py:190} INFO - [2025-02-19T03:51:36.917+0000] {dag.py:4180} INFO - Setting next_dagrun for example_complex to None, run_after=None
[2025-02-19T03:51:36.957+0000] {processor.py:208} INFO - Processing /home/airflow/.local/lib/python3.12/site-packages/airflow/example_dags/example_complex.py took 0.465 seconds
[2025-02-19T03:52:07.066+0000] {processor.py:186} INFO - Started process (PID=191) to work on /home/airflow/.local/lib/python3.12/site-packages/airflow/example_dags/example_complex.py
[2025-02-19T03:52:07.067+0000] {processor.py:914} INFO - Processing file /home/airflow/.local/lib/python3.12/site-packages/airflow/example_dags/example_complex.py for tasks to queue
[2025-02-19T03:52:07.068+0000] {logging_mixin.py:190} INFO - [2025-02-19T03:52:07.068+0000] {dagbag.py:588} INFO - Filling up the DagBag from /home/airflow/.local/lib/python3.12/site-packages/airflow/example_dags/example_complex.py
[2025-02-19T03:52:07.086+0000] {processor.py:925} INFO - DAG(s) 'example_complex' retrieved from /home/airflow/.local/lib/python3.12/site-packages/airflow/example_dags/example_complex.py
[2025-02-19T03:52:07.133+0000] {logging_mixin.py:190} INFO - [2025-02-19T03:52:07.132+0000] {dag.py:3239} INFO - Sync 1 DAGs
[2025-02-19T03:52:07.156+0000] {logging_mixin.py:190} INFO - [2025-02-19T03:52:07.155+0000] {dag.py:4180} INFO - Setting next_dagrun for example_complex to None, run_after=None
[2025-02-19T03:52:07.191+0000] {processor.py:208} INFO - Processing /home/airflow/.local/lib/python3.12/site-packages/airflow/example_dags/example_complex.py took 0.134 seconds
[2025-02-19T03:52:38.119+0000] {processor.py:186} INFO - Started process (PID=255) to work on /home/airflow/.local/lib/python3.12/site-packages/airflow/example_dags/example_complex.py
[2025-02-19T03:52:38.120+0000] {processor.py:914} INFO - Processing file /home/airflow/.local/lib/python3.12/site-packages/airflow/example_dags/example_complex.py for tasks to queue
[2025-02-19T03:52:38.122+0000] {logging_mixin.py:190} INFO - [2025-02-19T03:52:38.122+0000] {dagbag.py:588} INFO - Filling up the DagBag from /home/airflow/.local/lib/python3.12/site-packages/airflow/example_dags/example_complex.py
[2025-02-19T03:52:38.140+0000] {processor.py:925} INFO - DAG(s) 'example_complex' retrieved from /home/airflow/.local/lib/python3.12/site-packages/airflow/example_dags/example_complex.py
[2025-02-19T03:52:38.180+0000] {logging_mixin.py:190} INFO - [2025-02-19T03:52:38.179+0000] {dag.py:3239} INFO - Sync 1 DAGs
[2025-02-19T03:52:38.198+0000] {logging_mixin.py:190} INFO - [2025-02-19T03:52:38.197+0000] {dag.py:4180} INFO - Setting next_dagrun for example_complex to None, run_after=None
[2025-02-19T03:52:38.221+0000] {processor.py:208} INFO - Processing /home/airflow/.local/lib/python3.12/site-packages/airflow/example_dags/example_complex.py took 0.109 seconds
[2025-02-19T03:53:08.545+0000] {processor.py:186} INFO - Started process (PID=323) to work on /home/airflow/.local/lib/python3.12/site-packages/airflow/example_dags/example_complex.py
[2025-02-19T03:53:08.546+0000] {processor.py:914} INFO - Processing file /home/airflow/.local/lib/python3.12/site-packages/airflow/example_dags/example_complex.py for tasks to queue
[2025-02-19T03:53:08.548+0000] {logging_mixin.py:190} INFO - [2025-02-19T03:53:08.548+0000] {dagbag.py:588} INFO - Filling up the DagBag from /home/airflow/.local/lib/python3.12/site-packages/airflow/example_dags/example_complex.py
[2025-02-19T03:53:08.566+0000] {processor.py:925} INFO - DAG(s) 'example_complex' retrieved from /home/airflow/.local/lib/python3.12/site-packages/airflow/example_dags/example_complex.py
[2025-02-19T03:53:08.614+0000] {logging_mixin.py:190} INFO - [2025-02-19T03:53:08.613+0000] {dag.py:3239} INFO - Sync 1 DAGs
[2025-02-19T03:53:08.637+0000] {logging_mixin.py:190} INFO - [2025-02-19T03:53:08.637+0000] {dag.py:4180} INFO - Setting next_dagrun for example_complex to None, run_after=None
[2025-02-19T03:53:08.673+0000] {processor.py:208} INFO - Processing /home/airflow/.local/lib/python3.12/site-packages/airflow/example_dags/example_complex.py took 0.138 seconds
[2025-02-19T03:53:39.428+0000] {processor.py:186} INFO - Started process (PID=387) to work on /home/airflow/.local/lib/python3.12/site-packages/airflow/example_dags/example_complex.py
[2025-02-19T03:53:39.429+0000] {processor.py:914} INFO - Processing file /home/airflow/.local/lib/python3.12/site-packages/airflow/example_dags/example_complex.py for tasks to queue
[2025-02-19T03:53:39.431+0000] {logging_mixin.py:190} INFO - [2025-02-19T03:53:39.430+0000] {dagbag.py:588} INFO - Filling up the DagBag from /home/airflow/.local/lib/python3.12/site-packages/airflow/example_dags/example_complex.py
[2025-02-19T03:53:39.447+0000] {processor.py:925} INFO - DAG(s) 'example_complex' retrieved from /home/airflow/.local/lib/python3.12/site-packages/airflow/example_dags/example_complex.py
[2025-02-19T03:53:39.518+0000] {logging_mixin.py:190} INFO - [2025-02-19T03:53:39.517+0000] {dag.py:3239} INFO - Sync 1 DAGs
[2025-02-19T03:53:39.545+0000] {logging_mixin.py:190} INFO - [2025-02-19T03:53:39.545+0000] {dag.py:4180} INFO - Setting next_dagrun for example_complex to None, run_after=None
[2025-02-19T03:53:39.579+0000] {processor.py:208} INFO - Processing /home/airflow/.local/lib/python3.12/site-packages/airflow/example_dags/example_complex.py took 0.160 seconds
[2025-02-19T03:54:11.030+0000] {processor.py:186} INFO - Started process (PID=451) to work on /home/airflow/.local/lib/python3.12/site-packages/airflow/example_dags/example_complex.py
[2025-02-19T03:54:11.032+0000] {processor.py:914} INFO - Processing file /home/airflow/.local/lib/python3.12/site-packages/airflow/example_dags/example_complex.py for tasks to queue
[2025-02-19T03:54:11.035+0000] {logging_mixin.py:190} INFO - [2025-02-19T03:54:11.034+0000] {dagbag.py:588} INFO - Filling up the DagBag from /home/airflow/.local/lib/python3.12/site-packages/airflow/example_dags/example_complex.py
[2025-02-19T03:54:11.056+0000] {processor.py:925} INFO - DAG(s) 'example_complex' retrieved from /home/airflow/.local/lib/python3.12/site-packages/airflow/example_dags/example_complex.py
[2025-02-19T03:54:11.123+0000] {logging_mixin.py:190} INFO - [2025-02-19T03:54:11.123+0000] {dag.py:3239} INFO - Sync 1 DAGs
[2025-02-19T03:54:11.168+0000] {logging_mixin.py:190} INFO - [2025-02-19T03:54:11.168+0000] {dag.py:4180} INFO - Setting next_dagrun for example_complex to None, run_after=None
[2025-02-19T03:54:11.208+0000] {processor.py:208} INFO - Processing /home/airflow/.local/lib/python3.12/site-packages/airflow/example_dags/example_complex.py took 0.186 seconds
[2025-02-19T03:54:41.315+0000] {processor.py:186} INFO - Started process (PID=514) to work on /home/airflow/.local/lib/python3.12/site-packages/airflow/example_dags/example_complex.py
[2025-02-19T03:54:41.316+0000] {processor.py:914} INFO - Processing file /home/airflow/.local/lib/python3.12/site-packages/airflow/example_dags/example_complex.py for tasks to queue
[2025-02-19T03:54:41.318+0000] {logging_mixin.py:190} INFO - [2025-02-19T03:54:41.318+0000] {dagbag.py:588} INFO - Filling up the DagBag from /home/airflow/.local/lib/python3.12/site-packages/airflow/example_dags/example_complex.py
[2025-02-19T03:54:41.338+0000] {processor.py:925} INFO - DAG(s) 'example_complex' retrieved from /home/airflow/.local/lib/python3.12/site-packages/airflow/example_dags/example_complex.py
[2025-02-19T03:54:41.386+0000] {logging_mixin.py:190} INFO - [2025-02-19T03:54:41.385+0000] {dag.py:3239} INFO - Sync 1 DAGs
[2025-02-19T03:54:41.408+0000] {logging_mixin.py:190} INFO - [2025-02-19T03:54:41.408+0000] {dag.py:4180} INFO - Setting next_dagrun for example_complex to None, run_after=None
[2025-02-19T03:54:41.442+0000] {processor.py:208} INFO - Processing /home/airflow/.local/lib/python3.12/site-packages/airflow/example_dags/example_complex.py took 0.137 seconds
[2025-02-19T03:55:12.589+0000] {processor.py:186} INFO - Started process (PID=578) to work on /home/airflow/.local/lib/python3.12/site-packages/airflow/example_dags/example_complex.py
[2025-02-19T03:55:12.590+0000] {processor.py:914} INFO - Processing file /home/airflow/.local/lib/python3.12/site-packages/airflow/example_dags/example_complex.py for tasks to queue
[2025-02-19T03:55:12.592+0000] {logging_mixin.py:190} INFO - [2025-02-19T03:55:12.591+0000] {dagbag.py:588} INFO - Filling up the DagBag from /home/airflow/.local/lib/python3.12/site-packages/airflow/example_dags/example_complex.py
[2025-02-19T03:55:12.607+0000] {processor.py:925} INFO - DAG(s) 'example_complex' retrieved from /home/airflow/.local/lib/python3.12/site-packages/airflow/example_dags/example_complex.py
[2025-02-19T03:55:12.650+0000] {logging_mixin.py:190} INFO - [2025-02-19T03:55:12.650+0000] {dag.py:3239} INFO - Sync 1 DAGs
[2025-02-19T03:55:12.672+0000] {logging_mixin.py:190} INFO - [2025-02-19T03:55:12.672+0000] {dag.py:4180} INFO - Setting next_dagrun for example_complex to None, run_after=None
[2025-02-19T03:55:12.703+0000] {processor.py:208} INFO - Processing /home/airflow/.local/lib/python3.12/site-packages/airflow/example_dags/example_complex.py took 0.122 seconds
[2025-02-19T03:55:43.395+0000] {processor.py:186} INFO - Started process (PID=646) to work on /home/airflow/.local/lib/python3.12/site-packages/airflow/example_dags/example_complex.py
[2025-02-19T03:55:43.396+0000] {processor.py:914} INFO - Processing file /home/airflow/.local/lib/python3.12/site-packages/airflow/example_dags/example_complex.py for tasks to queue
[2025-02-19T03:55:43.398+0000] {logging_mixin.py:190} INFO - [2025-02-19T03:55:43.398+0000] {dagbag.py:588} INFO - Filling up the DagBag from /home/airflow/.local/lib/python3.12/site-packages/airflow/example_dags/example_complex.py
[2025-02-19T03:55:43.419+0000] {processor.py:925} INFO - DAG(s) 'example_complex' retrieved from /home/airflow/.local/lib/python3.12/site-packages/airflow/example_dags/example_complex.py
[2025-02-19T03:55:43.507+0000] {logging_mixin.py:190} INFO - [2025-02-19T03:55:43.506+0000] {dag.py:3239} INFO - Sync 1 DAGs
[2025-02-19T03:55:43.545+0000] {logging_mixin.py:190} INFO - [2025-02-19T03:55:43.545+0000] {dag.py:4180} INFO - Setting next_dagrun for example_complex to None, run_after=None
[2025-02-19T03:55:43.594+0000] {processor.py:208} INFO - Processing /home/airflow/.local/lib/python3.12/site-packages/airflow/example_dags/example_complex.py took 0.206 seconds
[2025-02-19T03:56:14.518+0000] {processor.py:186} INFO - Started process (PID=710) to work on /home/airflow/.local/lib/python3.12/site-packages/airflow/example_dags/example_complex.py
[2025-02-19T03:56:14.519+0000] {processor.py:914} INFO - Processing file /home/airflow/.local/lib/python3.12/site-packages/airflow/example_dags/example_complex.py for tasks to queue
[2025-02-19T03:56:14.522+0000] {logging_mixin.py:190} INFO - [2025-02-19T03:56:14.521+0000] {dagbag.py:588} INFO - Filling up the DagBag from /home/airflow/.local/lib/python3.12/site-packages/airflow/example_dags/example_complex.py
[2025-02-19T03:56:14.547+0000] {processor.py:925} INFO - DAG(s) 'example_complex' retrieved from /home/airflow/.local/lib/python3.12/site-packages/airflow/example_dags/example_complex.py
[2025-02-19T03:56:14.605+0000] {logging_mixin.py:190} INFO - [2025-02-19T03:56:14.605+0000] {dag.py:3239} INFO - Sync 1 DAGs
[2025-02-19T03:56:14.637+0000] {logging_mixin.py:190} INFO - [2025-02-19T03:56:14.637+0000] {dag.py:4180} INFO - Setting next_dagrun for example_complex to None, run_after=None
[2025-02-19T03:56:14.682+0000] {processor.py:208} INFO - Processing /home/airflow/.local/lib/python3.12/site-packages/airflow/example_dags/example_complex.py took 0.177 seconds
[2025-02-19T03:56:45.527+0000] {processor.py:186} INFO - Started process (PID=774) to work on /home/airflow/.local/lib/python3.12/site-packages/airflow/example_dags/example_complex.py
[2025-02-19T03:56:45.528+0000] {processor.py:914} INFO - Processing file /home/airflow/.local/lib/python3.12/site-packages/airflow/example_dags/example_complex.py for tasks to queue
[2025-02-19T03:56:45.530+0000] {logging_mixin.py:190} INFO - [2025-02-19T03:56:45.530+0000] {dagbag.py:588} INFO - Filling up the DagBag from /home/airflow/.local/lib/python3.12/site-packages/airflow/example_dags/example_complex.py
[2025-02-19T03:56:45.550+0000] {processor.py:925} INFO - DAG(s) 'example_complex' retrieved from /home/airflow/.local/lib/python3.12/site-packages/airflow/example_dags/example_complex.py
[2025-02-19T03:56:45.593+0000] {logging_mixin.py:190} INFO - [2025-02-19T03:56:45.593+0000] {dag.py:3239} INFO - Sync 1 DAGs
[2025-02-19T03:56:45.618+0000] {logging_mixin.py:190} INFO - [2025-02-19T03:56:45.618+0000] {dag.py:4180} INFO - Setting next_dagrun for example_complex to None, run_after=None
[2025-02-19T03:56:45.646+0000] {processor.py:208} INFO - Processing /home/airflow/.local/lib/python3.12/site-packages/airflow/example_dags/example_complex.py took 0.126 seconds
[2025-02-19T03:57:16.393+0000] {processor.py:186} INFO - Started process (PID=837) to work on /home/airflow/.local/lib/python3.12/site-packages/airflow/example_dags/example_complex.py
[2025-02-19T03:57:16.395+0000] {processor.py:914} INFO - Processing file /home/airflow/.local/lib/python3.12/site-packages/airflow/example_dags/example_complex.py for tasks to queue
[2025-02-19T03:57:16.397+0000] {logging_mixin.py:190} INFO - [2025-02-19T03:57:16.396+0000] {dagbag.py:588} INFO - Filling up the DagBag from /home/airflow/.local/lib/python3.12/site-packages/airflow/example_dags/example_complex.py
[2025-02-19T03:57:16.423+0000] {processor.py:925} INFO - DAG(s) 'example_complex' retrieved from /home/airflow/.local/lib/python3.12/site-packages/airflow/example_dags/example_complex.py
[2025-02-19T03:57:16.487+0000] {logging_mixin.py:190} INFO - [2025-02-19T03:57:16.487+0000] {dag.py:3239} INFO - Sync 1 DAGs
[2025-02-19T03:57:16.521+0000] {logging_mixin.py:190} INFO - [2025-02-19T03:57:16.521+0000] {dag.py:4180} INFO - Setting next_dagrun for example_complex to None, run_after=None
[2025-02-19T03:57:16.555+0000] {processor.py:208} INFO - Processing /home/airflow/.local/lib/python3.12/site-packages/airflow/example_dags/example_complex.py took 0.172 seconds
[2025-02-19T03:57:47.240+0000] {processor.py:186} INFO - Started process (PID=902) to work on /home/airflow/.local/lib/python3.12/site-packages/airflow/example_dags/example_complex.py
[2025-02-19T03:57:47.241+0000] {processor.py:914} INFO - Processing file /home/airflow/.local/lib/python3.12/site-packages/airflow/example_dags/example_complex.py for tasks to queue
[2025-02-19T03:57:47.243+0000] {logging_mixin.py:190} INFO - [2025-02-19T03:57:47.242+0000] {dagbag.py:588} INFO - Filling up the DagBag from /home/airflow/.local/lib/python3.12/site-packages/airflow/example_dags/example_complex.py
[2025-02-19T03:57:47.261+0000] {processor.py:925} INFO - DAG(s) 'example_complex' retrieved from /home/airflow/.local/lib/python3.12/site-packages/airflow/example_dags/example_complex.py
[2025-02-19T03:57:47.317+0000] {logging_mixin.py:190} INFO - [2025-02-19T03:57:47.316+0000] {dag.py:3239} INFO - Sync 1 DAGs
[2025-02-19T03:57:47.339+0000] {logging_mixin.py:190} INFO - [2025-02-19T03:57:47.338+0000] {dag.py:4180} INFO - Setting next_dagrun for example_complex to None, run_after=None
[2025-02-19T03:57:47.368+0000] {processor.py:208} INFO - Processing /home/airflow/.local/lib/python3.12/site-packages/airflow/example_dags/example_complex.py took 0.136 seconds
[2025-02-19T03:58:17.993+0000] {processor.py:186} INFO - Started process (PID=965) to work on /home/airflow/.local/lib/python3.12/site-packages/airflow/example_dags/example_complex.py
[2025-02-19T03:58:17.994+0000] {processor.py:914} INFO - Processing file /home/airflow/.local/lib/python3.12/site-packages/airflow/example_dags/example_complex.py for tasks to queue
[2025-02-19T03:58:17.996+0000] {logging_mixin.py:190} INFO - [2025-02-19T03:58:17.995+0000] {dagbag.py:588} INFO - Filling up the DagBag from /home/airflow/.local/lib/python3.12/site-packages/airflow/example_dags/example_complex.py
[2025-02-19T03:58:18.015+0000] {processor.py:925} INFO - DAG(s) 'example_complex' retrieved from /home/airflow/.local/lib/python3.12/site-packages/airflow/example_dags/example_complex.py
[2025-02-19T03:58:18.073+0000] {logging_mixin.py:190} INFO - [2025-02-19T03:58:18.072+0000] {dag.py:3239} INFO - Sync 1 DAGs
[2025-02-19T03:58:18.099+0000] {logging_mixin.py:190} INFO - [2025-02-19T03:58:18.098+0000] {dag.py:4180} INFO - Setting next_dagrun for example_complex to None, run_after=None
[2025-02-19T03:58:18.137+0000] {processor.py:208} INFO - Processing /home/airflow/.local/lib/python3.12/site-packages/airflow/example_dags/example_complex.py took 0.158 seconds
[2025-02-19T03:58:49.127+0000] {processor.py:186} INFO - Started process (PID=1029) to work on /home/airflow/.local/lib/python3.12/site-packages/airflow/example_dags/example_complex.py
[2025-02-19T03:58:49.128+0000] {processor.py:914} INFO - Processing file /home/airflow/.local/lib/python3.12/site-packages/airflow/example_dags/example_complex.py for tasks to queue
[2025-02-19T03:58:49.129+0000] {logging_mixin.py:190} INFO - [2025-02-19T03:58:49.129+0000] {dagbag.py:588} INFO - Filling up the DagBag from /home/airflow/.local/lib/python3.12/site-packages/airflow/example_dags/example_complex.py
[2025-02-19T03:58:49.144+0000] {processor.py:925} INFO - DAG(s) 'example_complex' retrieved from /home/airflow/.local/lib/python3.12/site-packages/airflow/example_dags/example_complex.py
[2025-02-19T03:58:49.190+0000] {logging_mixin.py:190} INFO - [2025-02-19T03:58:49.190+0000] {dag.py:3239} INFO - Sync 1 DAGs
[2025-02-19T03:58:49.215+0000] {logging_mixin.py:190} INFO - [2025-02-19T03:58:49.214+0000] {dag.py:4180} INFO - Setting next_dagrun for example_complex to None, run_after=None
[2025-02-19T03:58:49.249+0000] {processor.py:208} INFO - Processing /home/airflow/.local/lib/python3.12/site-packages/airflow/example_dags/example_complex.py took 0.130 seconds
[2025-02-19T03:59:19.809+0000] {processor.py:186} INFO - Started process (PID=1091) to work on /home/airflow/.local/lib/python3.12/site-packages/airflow/example_dags/example_complex.py
[2025-02-19T03:59:19.810+0000] {processor.py:914} INFO - Processing file /home/airflow/.local/lib/python3.12/site-packages/airflow/example_dags/example_complex.py for tasks to queue
[2025-02-19T03:59:19.812+0000] {logging_mixin.py:190} INFO - [2025-02-19T03:59:19.812+0000] {dagbag.py:588} INFO - Filling up the DagBag from /home/airflow/.local/lib/python3.12/site-packages/airflow/example_dags/example_complex.py
[2025-02-19T03:59:19.828+0000] {processor.py:925} INFO - DAG(s) 'example_complex' retrieved from /home/airflow/.local/lib/python3.12/site-packages/airflow/example_dags/example_complex.py
[2025-02-19T03:59:19.880+0000] {logging_mixin.py:190} INFO - [2025-02-19T03:59:19.879+0000] {dag.py:3239} INFO - Sync 1 DAGs
[2025-02-19T03:59:19.903+0000] {logging_mixin.py:190} INFO - [2025-02-19T03:59:19.903+0000] {dag.py:4180} INFO - Setting next_dagrun for example_complex to None, run_after=None
[2025-02-19T03:59:19.926+0000] {processor.py:208} INFO - Processing /home/airflow/.local/lib/python3.12/site-packages/airflow/example_dags/example_complex.py took 0.125 seconds
[2025-02-19T03:59:50.042+0000] {processor.py:186} INFO - Started process (PID=1161) to work on /home/airflow/.local/lib/python3.12/site-packages/airflow/example_dags/example_complex.py
[2025-02-19T03:59:50.043+0000] {processor.py:914} INFO - Processing file /home/airflow/.local/lib/python3.12/site-packages/airflow/example_dags/example_complex.py for tasks to queue
[2025-02-19T03:59:50.046+0000] {logging_mixin.py:190} INFO - [2025-02-19T03:59:50.045+0000] {dagbag.py:588} INFO - Filling up the DagBag from /home/airflow/.local/lib/python3.12/site-packages/airflow/example_dags/example_complex.py
[2025-02-19T03:59:50.076+0000] {processor.py:925} INFO - DAG(s) 'example_complex' retrieved from /home/airflow/.local/lib/python3.12/site-packages/airflow/example_dags/example_complex.py
[2025-02-19T03:59:50.157+0000] {logging_mixin.py:190} INFO - [2025-02-19T03:59:50.156+0000] {dag.py:3239} INFO - Sync 1 DAGs
[2025-02-19T03:59:50.196+0000] {logging_mixin.py:190} INFO - [2025-02-19T03:59:50.195+0000] {dag.py:4180} INFO - Setting next_dagrun for example_complex to None, run_after=None
[2025-02-19T03:59:50.269+0000] {processor.py:208} INFO - Processing /home/airflow/.local/lib/python3.12/site-packages/airflow/example_dags/example_complex.py took 0.243 seconds
[2025-02-19T04:00:21.136+0000] {processor.py:186} INFO - Started process (PID=1225) to work on /home/airflow/.local/lib/python3.12/site-packages/airflow/example_dags/example_complex.py
[2025-02-19T04:00:21.136+0000] {processor.py:914} INFO - Processing file /home/airflow/.local/lib/python3.12/site-packages/airflow/example_dags/example_complex.py for tasks to queue
[2025-02-19T04:00:21.138+0000] {logging_mixin.py:190} INFO - [2025-02-19T04:00:21.137+0000] {dagbag.py:588} INFO - Filling up the DagBag from /home/airflow/.local/lib/python3.12/site-packages/airflow/example_dags/example_complex.py
[2025-02-19T04:00:21.149+0000] {processor.py:925} INFO - DAG(s) 'example_complex' retrieved from /home/airflow/.local/lib/python3.12/site-packages/airflow/example_dags/example_complex.py
[2025-02-19T04:00:21.186+0000] {logging_mixin.py:190} INFO - [2025-02-19T04:00:21.186+0000] {dag.py:3239} INFO - Sync 1 DAGs
[2025-02-19T04:00:21.204+0000] {logging_mixin.py:190} INFO - [2025-02-19T04:00:21.204+0000] {dag.py:4180} INFO - Setting next_dagrun for example_complex to None, run_after=None
[2025-02-19T04:00:21.229+0000] {processor.py:208} INFO - Processing /home/airflow/.local/lib/python3.12/site-packages/airflow/example_dags/example_complex.py took 0.099 seconds
[2025-02-19T04:00:51.549+0000] {processor.py:186} INFO - Started process (PID=1289) to work on /home/airflow/.local/lib/python3.12/site-packages/airflow/example_dags/example_complex.py
[2025-02-19T04:00:51.550+0000] {processor.py:914} INFO - Processing file /home/airflow/.local/lib/python3.12/site-packages/airflow/example_dags/example_complex.py for tasks to queue
[2025-02-19T04:00:51.551+0000] {logging_mixin.py:190} INFO - [2025-02-19T04:00:51.551+0000] {dagbag.py:588} INFO - Filling up the DagBag from /home/airflow/.local/lib/python3.12/site-packages/airflow/example_dags/example_complex.py
[2025-02-19T04:00:51.565+0000] {processor.py:925} INFO - DAG(s) 'example_complex' retrieved from /home/airflow/.local/lib/python3.12/site-packages/airflow/example_dags/example_complex.py
[2025-02-19T04:00:51.618+0000] {logging_mixin.py:190} INFO - [2025-02-19T04:00:51.618+0000] {dag.py:3239} INFO - Sync 1 DAGs
[2025-02-19T04:00:51.641+0000] {logging_mixin.py:190} INFO - [2025-02-19T04:00:51.641+0000] {dag.py:4180} INFO - Setting next_dagrun for example_complex to None, run_after=None
[2025-02-19T04:00:51.680+0000] {processor.py:208} INFO - Processing /home/airflow/.local/lib/python3.12/site-packages/airflow/example_dags/example_complex.py took 0.140 seconds
[2025-02-19T04:01:21.952+0000] {processor.py:186} INFO - Started process (PID=1353) to work on /home/airflow/.local/lib/python3.12/site-packages/airflow/example_dags/example_complex.py
[2025-02-19T04:01:21.953+0000] {processor.py:914} INFO - Processing file /home/airflow/.local/lib/python3.12/site-packages/airflow/example_dags/example_complex.py for tasks to queue
[2025-02-19T04:01:21.955+0000] {logging_mixin.py:190} INFO - [2025-02-19T04:01:21.955+0000] {dagbag.py:588} INFO - Filling up the DagBag from /home/airflow/.local/lib/python3.12/site-packages/airflow/example_dags/example_complex.py
[2025-02-19T04:01:21.971+0000] {processor.py:925} INFO - DAG(s) 'example_complex' retrieved from /home/airflow/.local/lib/python3.12/site-packages/airflow/example_dags/example_complex.py
[2025-02-19T04:01:22.022+0000] {logging_mixin.py:190} INFO - [2025-02-19T04:01:22.021+0000] {dag.py:3239} INFO - Sync 1 DAGs
[2025-02-19T04:01:22.044+0000] {logging_mixin.py:190} INFO - [2025-02-19T04:01:22.044+0000] {dag.py:4180} INFO - Setting next_dagrun for example_complex to None, run_after=None
[2025-02-19T04:01:22.070+0000] {processor.py:208} INFO - Processing /home/airflow/.local/lib/python3.12/site-packages/airflow/example_dags/example_complex.py took 0.132 seconds
[2025-02-19T04:01:55.004+0000] {processor.py:186} INFO - Started process (PID=1417) to work on /home/airflow/.local/lib/python3.12/site-packages/airflow/example_dags/example_complex.py
[2025-02-19T04:01:55.012+0000] {processor.py:914} INFO - Processing file /home/airflow/.local/lib/python3.12/site-packages/airflow/example_dags/example_complex.py for tasks to queue
[2025-02-19T04:01:55.016+0000] {logging_mixin.py:190} INFO - [2025-02-19T04:01:55.015+0000] {dagbag.py:588} INFO - Filling up the DagBag from /home/airflow/.local/lib/python3.12/site-packages/airflow/example_dags/example_complex.py
[2025-02-19T04:01:55.049+0000] {processor.py:925} INFO - DAG(s) 'example_complex' retrieved from /home/airflow/.local/lib/python3.12/site-packages/airflow/example_dags/example_complex.py
[2025-02-19T04:01:55.140+0000] {logging_mixin.py:190} INFO - [2025-02-19T04:01:55.139+0000] {dag.py:3239} INFO - Sync 1 DAGs
[2025-02-19T04:01:55.183+0000] {logging_mixin.py:190} INFO - [2025-02-19T04:01:55.182+0000] {dag.py:4180} INFO - Setting next_dagrun for example_complex to None, run_after=None
[2025-02-19T04:01:55.354+0000] {processor.py:208} INFO - Processing /home/airflow/.local/lib/python3.12/site-packages/airflow/example_dags/example_complex.py took 0.355 seconds
