[2025-02-19T03:51:33.322+0000] {processor.py:186} INFO - Started process (PID=113) to work on /home/airflow/.local/lib/python3.12/site-packages/airflow/example_dags/example_bash_operator.py
[2025-02-19T03:51:33.323+0000] {processor.py:914} INFO - Processing file /home/airflow/.local/lib/python3.12/site-packages/airflow/example_dags/example_bash_operator.py for tasks to queue
[2025-02-19T03:51:33.326+0000] {logging_mixin.py:190} INFO - [2025-02-19T03:51:33.325+0000] {dagbag.py:588} INFO - Filling up the DagBag from /home/airflow/.local/lib/python3.12/site-packages/airflow/example_dags/example_bash_operator.py
[2025-02-19T03:51:33.347+0000] {processor.py:925} INFO - DAG(s) 'example_bash_operator' retrieved from /home/airflow/.local/lib/python3.12/site-packages/airflow/example_dags/example_bash_operator.py
[2025-02-19T03:51:33.592+0000] {logging_mixin.py:190} INFO - [2025-02-19T03:51:33.590+0000] {override.py:1911} INFO - Created Permission View: can read on DAG:example_bash_operator
[2025-02-19T03:51:33.607+0000] {logging_mixin.py:190} INFO - [2025-02-19T03:51:33.607+0000] {override.py:1911} INFO - Created Permission View: can delete on DAG:example_bash_operator
[2025-02-19T03:51:33.618+0000] {logging_mixin.py:190} INFO - [2025-02-19T03:51:33.618+0000] {override.py:1911} INFO - Created Permission View: can edit on DAG:example_bash_operator
[2025-02-19T03:51:33.633+0000] {logging_mixin.py:190} INFO - [2025-02-19T03:51:33.632+0000] {override.py:1911} INFO - Created Permission View: can read on DAG Run:example_bash_operator
[2025-02-19T03:51:33.644+0000] {logging_mixin.py:190} INFO - [2025-02-19T03:51:33.644+0000] {override.py:1911} INFO - Created Permission View: can delete on DAG Run:example_bash_operator
[2025-02-19T03:51:33.654+0000] {logging_mixin.py:190} INFO - [2025-02-19T03:51:33.653+0000] {override.py:1911} INFO - Created Permission View: can create on DAG Run:example_bash_operator
[2025-02-19T03:51:33.664+0000] {logging_mixin.py:190} INFO - [2025-02-19T03:51:33.663+0000] {override.py:1911} INFO - Created Permission View: menu access on DAG Run:example_bash_operator
[2025-02-19T03:51:33.664+0000] {logging_mixin.py:190} INFO - [2025-02-19T03:51:33.664+0000] {dag.py:3239} INFO - Sync 1 DAGs
[2025-02-19T03:51:33.678+0000] {logging_mixin.py:190} INFO - [2025-02-19T03:51:33.678+0000] {dag.py:3262} INFO - Creating ORM DAG for example_bash_operator
[2025-02-19T03:51:33.694+0000] {logging_mixin.py:190} INFO - [2025-02-19T03:51:33.694+0000] {dag.py:4180} INFO - Setting next_dagrun for example_bash_operator to 2025-02-18 00:00:00+00:00, run_after=2025-02-19 00:00:00+00:00
[2025-02-19T03:51:33.723+0000] {processor.py:208} INFO - Processing /home/airflow/.local/lib/python3.12/site-packages/airflow/example_dags/example_bash_operator.py took 0.407 seconds
[2025-02-19T03:52:04.285+0000] {processor.py:186} INFO - Started process (PID=177) to work on /home/airflow/.local/lib/python3.12/site-packages/airflow/example_dags/example_bash_operator.py
[2025-02-19T03:52:04.286+0000] {processor.py:914} INFO - Processing file /home/airflow/.local/lib/python3.12/site-packages/airflow/example_dags/example_bash_operator.py for tasks to queue
[2025-02-19T03:52:04.288+0000] {logging_mixin.py:190} INFO - [2025-02-19T03:52:04.288+0000] {dagbag.py:588} INFO - Filling up the DagBag from /home/airflow/.local/lib/python3.12/site-packages/airflow/example_dags/example_bash_operator.py
[2025-02-19T03:52:04.308+0000] {processor.py:925} INFO - DAG(s) 'example_bash_operator' retrieved from /home/airflow/.local/lib/python3.12/site-packages/airflow/example_dags/example_bash_operator.py
[2025-02-19T03:52:04.350+0000] {logging_mixin.py:190} INFO - [2025-02-19T03:52:04.349+0000] {dag.py:3239} INFO - Sync 1 DAGs
[2025-02-19T03:52:04.386+0000] {logging_mixin.py:190} INFO - [2025-02-19T03:52:04.385+0000] {dag.py:4180} INFO - Setting next_dagrun for example_bash_operator to 2025-02-18 00:00:00+00:00, run_after=2025-02-19 00:00:00+00:00
[2025-02-19T03:52:04.422+0000] {processor.py:208} INFO - Processing /home/airflow/.local/lib/python3.12/site-packages/airflow/example_dags/example_bash_operator.py took 0.144 seconds
[2025-02-19T03:52:34.618+0000] {processor.py:186} INFO - Started process (PID=240) to work on /home/airflow/.local/lib/python3.12/site-packages/airflow/example_dags/example_bash_operator.py
[2025-02-19T03:52:34.620+0000] {processor.py:914} INFO - Processing file /home/airflow/.local/lib/python3.12/site-packages/airflow/example_dags/example_bash_operator.py for tasks to queue
[2025-02-19T03:52:34.622+0000] {logging_mixin.py:190} INFO - [2025-02-19T03:52:34.622+0000] {dagbag.py:588} INFO - Filling up the DagBag from /home/airflow/.local/lib/python3.12/site-packages/airflow/example_dags/example_bash_operator.py
[2025-02-19T03:52:34.647+0000] {processor.py:925} INFO - DAG(s) 'example_bash_operator' retrieved from /home/airflow/.local/lib/python3.12/site-packages/airflow/example_dags/example_bash_operator.py
[2025-02-19T03:52:34.725+0000] {logging_mixin.py:190} INFO - [2025-02-19T03:52:34.724+0000] {dag.py:3239} INFO - Sync 1 DAGs
[2025-02-19T03:52:34.767+0000] {logging_mixin.py:190} INFO - [2025-02-19T03:52:34.767+0000] {dag.py:4180} INFO - Setting next_dagrun for example_bash_operator to 2025-02-18 00:00:00+00:00, run_after=2025-02-19 00:00:00+00:00
[2025-02-19T03:52:34.823+0000] {processor.py:208} INFO - Processing /home/airflow/.local/lib/python3.12/site-packages/airflow/example_dags/example_bash_operator.py took 0.212 seconds
[2025-02-19T03:53:05.986+0000] {processor.py:186} INFO - Started process (PID=304) to work on /home/airflow/.local/lib/python3.12/site-packages/airflow/example_dags/example_bash_operator.py
[2025-02-19T03:53:05.987+0000] {processor.py:914} INFO - Processing file /home/airflow/.local/lib/python3.12/site-packages/airflow/example_dags/example_bash_operator.py for tasks to queue
[2025-02-19T03:53:05.989+0000] {logging_mixin.py:190} INFO - [2025-02-19T03:53:05.989+0000] {dagbag.py:588} INFO - Filling up the DagBag from /home/airflow/.local/lib/python3.12/site-packages/airflow/example_dags/example_bash_operator.py
[2025-02-19T03:53:06.007+0000] {processor.py:925} INFO - DAG(s) 'example_bash_operator' retrieved from /home/airflow/.local/lib/python3.12/site-packages/airflow/example_dags/example_bash_operator.py
[2025-02-19T03:53:06.042+0000] {logging_mixin.py:190} INFO - [2025-02-19T03:53:06.042+0000] {dag.py:3239} INFO - Sync 1 DAGs
[2025-02-19T03:53:06.079+0000] {logging_mixin.py:190} INFO - [2025-02-19T03:53:06.078+0000] {dag.py:4180} INFO - Setting next_dagrun for example_bash_operator to 2025-02-18 00:00:00+00:00, run_after=2025-02-19 00:00:00+00:00
[2025-02-19T03:53:06.111+0000] {processor.py:208} INFO - Processing /home/airflow/.local/lib/python3.12/site-packages/airflow/example_dags/example_bash_operator.py took 0.134 seconds
[2025-02-19T03:53:37.067+0000] {processor.py:186} INFO - Started process (PID=372) to work on /home/airflow/.local/lib/python3.12/site-packages/airflow/example_dags/example_bash_operator.py
[2025-02-19T03:53:37.068+0000] {processor.py:914} INFO - Processing file /home/airflow/.local/lib/python3.12/site-packages/airflow/example_dags/example_bash_operator.py for tasks to queue
[2025-02-19T03:53:37.070+0000] {logging_mixin.py:190} INFO - [2025-02-19T03:53:37.069+0000] {dagbag.py:588} INFO - Filling up the DagBag from /home/airflow/.local/lib/python3.12/site-packages/airflow/example_dags/example_bash_operator.py
[2025-02-19T03:53:37.085+0000] {processor.py:925} INFO - DAG(s) 'example_bash_operator' retrieved from /home/airflow/.local/lib/python3.12/site-packages/airflow/example_dags/example_bash_operator.py
[2025-02-19T03:53:37.139+0000] {logging_mixin.py:190} INFO - [2025-02-19T03:53:37.138+0000] {dag.py:3239} INFO - Sync 1 DAGs
[2025-02-19T03:53:37.170+0000] {logging_mixin.py:190} INFO - [2025-02-19T03:53:37.170+0000] {dag.py:4180} INFO - Setting next_dagrun for example_bash_operator to 2025-02-18 00:00:00+00:00, run_after=2025-02-19 00:00:00+00:00
[2025-02-19T03:53:37.193+0000] {processor.py:208} INFO - Processing /home/airflow/.local/lib/python3.12/site-packages/airflow/example_dags/example_bash_operator.py took 0.132 seconds
[2025-02-19T03:54:08.168+0000] {processor.py:186} INFO - Started process (PID=436) to work on /home/airflow/.local/lib/python3.12/site-packages/airflow/example_dags/example_bash_operator.py
[2025-02-19T03:54:08.170+0000] {processor.py:914} INFO - Processing file /home/airflow/.local/lib/python3.12/site-packages/airflow/example_dags/example_bash_operator.py for tasks to queue
[2025-02-19T03:54:08.173+0000] {logging_mixin.py:190} INFO - [2025-02-19T03:54:08.172+0000] {dagbag.py:588} INFO - Filling up the DagBag from /home/airflow/.local/lib/python3.12/site-packages/airflow/example_dags/example_bash_operator.py
[2025-02-19T03:54:08.193+0000] {processor.py:925} INFO - DAG(s) 'example_bash_operator' retrieved from /home/airflow/.local/lib/python3.12/site-packages/airflow/example_dags/example_bash_operator.py
[2025-02-19T03:54:08.249+0000] {logging_mixin.py:190} INFO - [2025-02-19T03:54:08.248+0000] {dag.py:3239} INFO - Sync 1 DAGs
[2025-02-19T03:54:08.315+0000] {logging_mixin.py:190} INFO - [2025-02-19T03:54:08.315+0000] {dag.py:4180} INFO - Setting next_dagrun for example_bash_operator to 2025-02-18 00:00:00+00:00, run_after=2025-02-19 00:00:00+00:00
[2025-02-19T03:54:08.358+0000] {processor.py:208} INFO - Processing /home/airflow/.local/lib/python3.12/site-packages/airflow/example_dags/example_bash_operator.py took 0.201 seconds
[2025-02-19T03:54:39.031+0000] {processor.py:186} INFO - Started process (PID=499) to work on /home/airflow/.local/lib/python3.12/site-packages/airflow/example_dags/example_bash_operator.py
[2025-02-19T03:54:39.032+0000] {processor.py:914} INFO - Processing file /home/airflow/.local/lib/python3.12/site-packages/airflow/example_dags/example_bash_operator.py for tasks to queue
[2025-02-19T03:54:39.034+0000] {logging_mixin.py:190} INFO - [2025-02-19T03:54:39.034+0000] {dagbag.py:588} INFO - Filling up the DagBag from /home/airflow/.local/lib/python3.12/site-packages/airflow/example_dags/example_bash_operator.py
[2025-02-19T03:54:39.058+0000] {processor.py:925} INFO - DAG(s) 'example_bash_operator' retrieved from /home/airflow/.local/lib/python3.12/site-packages/airflow/example_dags/example_bash_operator.py
[2025-02-19T03:54:39.104+0000] {logging_mixin.py:190} INFO - [2025-02-19T03:54:39.104+0000] {dag.py:3239} INFO - Sync 1 DAGs
[2025-02-19T03:54:39.140+0000] {logging_mixin.py:190} INFO - [2025-02-19T03:54:39.140+0000] {dag.py:4180} INFO - Setting next_dagrun for example_bash_operator to 2025-02-18 00:00:00+00:00, run_after=2025-02-19 00:00:00+00:00
[2025-02-19T03:54:39.166+0000] {processor.py:208} INFO - Processing /home/airflow/.local/lib/python3.12/site-packages/airflow/example_dags/example_bash_operator.py took 0.146 seconds
[2025-02-19T03:55:09.492+0000] {processor.py:186} INFO - Started process (PID=563) to work on /home/airflow/.local/lib/python3.12/site-packages/airflow/example_dags/example_bash_operator.py
[2025-02-19T03:55:09.493+0000] {processor.py:914} INFO - Processing file /home/airflow/.local/lib/python3.12/site-packages/airflow/example_dags/example_bash_operator.py for tasks to queue
[2025-02-19T03:55:09.494+0000] {logging_mixin.py:190} INFO - [2025-02-19T03:55:09.494+0000] {dagbag.py:588} INFO - Filling up the DagBag from /home/airflow/.local/lib/python3.12/site-packages/airflow/example_dags/example_bash_operator.py
[2025-02-19T03:55:09.517+0000] {processor.py:925} INFO - DAG(s) 'example_bash_operator' retrieved from /home/airflow/.local/lib/python3.12/site-packages/airflow/example_dags/example_bash_operator.py
[2025-02-19T03:55:09.577+0000] {logging_mixin.py:190} INFO - [2025-02-19T03:55:09.577+0000] {dag.py:3239} INFO - Sync 1 DAGs
[2025-02-19T03:55:09.621+0000] {logging_mixin.py:190} INFO - [2025-02-19T03:55:09.621+0000] {dag.py:4180} INFO - Setting next_dagrun for example_bash_operator to 2025-02-18 00:00:00+00:00, run_after=2025-02-19 00:00:00+00:00
[2025-02-19T03:55:09.656+0000] {processor.py:208} INFO - Processing /home/airflow/.local/lib/python3.12/site-packages/airflow/example_dags/example_bash_operator.py took 0.177 seconds
[2025-02-19T03:55:40.828+0000] {processor.py:186} INFO - Started process (PID=631) to work on /home/airflow/.local/lib/python3.12/site-packages/airflow/example_dags/example_bash_operator.py
[2025-02-19T03:55:40.829+0000] {processor.py:914} INFO - Processing file /home/airflow/.local/lib/python3.12/site-packages/airflow/example_dags/example_bash_operator.py for tasks to queue
[2025-02-19T03:55:40.831+0000] {logging_mixin.py:190} INFO - [2025-02-19T03:55:40.831+0000] {dagbag.py:588} INFO - Filling up the DagBag from /home/airflow/.local/lib/python3.12/site-packages/airflow/example_dags/example_bash_operator.py
[2025-02-19T03:55:40.852+0000] {processor.py:925} INFO - DAG(s) 'example_bash_operator' retrieved from /home/airflow/.local/lib/python3.12/site-packages/airflow/example_dags/example_bash_operator.py
[2025-02-19T03:55:40.924+0000] {logging_mixin.py:190} INFO - [2025-02-19T03:55:40.924+0000] {dag.py:3239} INFO - Sync 1 DAGs
[2025-02-19T03:55:40.975+0000] {logging_mixin.py:190} INFO - [2025-02-19T03:55:40.975+0000] {dag.py:4180} INFO - Setting next_dagrun for example_bash_operator to 2025-02-18 00:00:00+00:00, run_after=2025-02-19 00:00:00+00:00
[2025-02-19T03:55:41.010+0000] {processor.py:208} INFO - Processing /home/airflow/.local/lib/python3.12/site-packages/airflow/example_dags/example_bash_operator.py took 0.193 seconds
[2025-02-19T03:56:12.253+0000] {processor.py:186} INFO - Started process (PID=695) to work on /home/airflow/.local/lib/python3.12/site-packages/airflow/example_dags/example_bash_operator.py
[2025-02-19T03:56:12.254+0000] {processor.py:914} INFO - Processing file /home/airflow/.local/lib/python3.12/site-packages/airflow/example_dags/example_bash_operator.py for tasks to queue
[2025-02-19T03:56:12.255+0000] {logging_mixin.py:190} INFO - [2025-02-19T03:56:12.255+0000] {dagbag.py:588} INFO - Filling up the DagBag from /home/airflow/.local/lib/python3.12/site-packages/airflow/example_dags/example_bash_operator.py
[2025-02-19T03:56:12.269+0000] {processor.py:925} INFO - DAG(s) 'example_bash_operator' retrieved from /home/airflow/.local/lib/python3.12/site-packages/airflow/example_dags/example_bash_operator.py
[2025-02-19T03:56:12.297+0000] {logging_mixin.py:190} INFO - [2025-02-19T03:56:12.297+0000] {dag.py:3239} INFO - Sync 1 DAGs
[2025-02-19T03:56:12.322+0000] {logging_mixin.py:190} INFO - [2025-02-19T03:56:12.322+0000] {dag.py:4180} INFO - Setting next_dagrun for example_bash_operator to 2025-02-18 00:00:00+00:00, run_after=2025-02-19 00:00:00+00:00
[2025-02-19T03:56:12.342+0000] {processor.py:208} INFO - Processing /home/airflow/.local/lib/python3.12/site-packages/airflow/example_dags/example_bash_operator.py took 0.095 seconds
[2025-02-19T03:56:43.089+0000] {processor.py:186} INFO - Started process (PID=759) to work on /home/airflow/.local/lib/python3.12/site-packages/airflow/example_dags/example_bash_operator.py
[2025-02-19T03:56:43.090+0000] {processor.py:914} INFO - Processing file /home/airflow/.local/lib/python3.12/site-packages/airflow/example_dags/example_bash_operator.py for tasks to queue
[2025-02-19T03:56:43.093+0000] {logging_mixin.py:190} INFO - [2025-02-19T03:56:43.092+0000] {dagbag.py:588} INFO - Filling up the DagBag from /home/airflow/.local/lib/python3.12/site-packages/airflow/example_dags/example_bash_operator.py
[2025-02-19T03:56:43.120+0000] {processor.py:925} INFO - DAG(s) 'example_bash_operator' retrieved from /home/airflow/.local/lib/python3.12/site-packages/airflow/example_dags/example_bash_operator.py
[2025-02-19T03:56:43.169+0000] {logging_mixin.py:190} INFO - [2025-02-19T03:56:43.168+0000] {dag.py:3239} INFO - Sync 1 DAGs
[2025-02-19T03:56:43.211+0000] {logging_mixin.py:190} INFO - [2025-02-19T03:56:43.211+0000] {dag.py:4180} INFO - Setting next_dagrun for example_bash_operator to 2025-02-18 00:00:00+00:00, run_after=2025-02-19 00:00:00+00:00
[2025-02-19T03:56:43.247+0000] {processor.py:208} INFO - Processing /home/airflow/.local/lib/python3.12/site-packages/airflow/example_dags/example_bash_operator.py took 0.165 seconds
[2025-02-19T03:57:14.154+0000] {processor.py:186} INFO - Started process (PID=823) to work on /home/airflow/.local/lib/python3.12/site-packages/airflow/example_dags/example_bash_operator.py
[2025-02-19T03:57:14.156+0000] {processor.py:914} INFO - Processing file /home/airflow/.local/lib/python3.12/site-packages/airflow/example_dags/example_bash_operator.py for tasks to queue
[2025-02-19T03:57:14.158+0000] {logging_mixin.py:190} INFO - [2025-02-19T03:57:14.157+0000] {dagbag.py:588} INFO - Filling up the DagBag from /home/airflow/.local/lib/python3.12/site-packages/airflow/example_dags/example_bash_operator.py
[2025-02-19T03:57:14.176+0000] {processor.py:925} INFO - DAG(s) 'example_bash_operator' retrieved from /home/airflow/.local/lib/python3.12/site-packages/airflow/example_dags/example_bash_operator.py
[2025-02-19T03:57:14.214+0000] {logging_mixin.py:190} INFO - [2025-02-19T03:57:14.214+0000] {dag.py:3239} INFO - Sync 1 DAGs
[2025-02-19T03:57:14.247+0000] {logging_mixin.py:190} INFO - [2025-02-19T03:57:14.247+0000] {dag.py:4180} INFO - Setting next_dagrun for example_bash_operator to 2025-02-18 00:00:00+00:00, run_after=2025-02-19 00:00:00+00:00
[2025-02-19T03:57:14.271+0000] {processor.py:208} INFO - Processing /home/airflow/.local/lib/python3.12/site-packages/airflow/example_dags/example_bash_operator.py took 0.124 seconds
[2025-02-19T03:57:44.425+0000] {processor.py:186} INFO - Started process (PID=886) to work on /home/airflow/.local/lib/python3.12/site-packages/airflow/example_dags/example_bash_operator.py
[2025-02-19T03:57:44.425+0000] {processor.py:914} INFO - Processing file /home/airflow/.local/lib/python3.12/site-packages/airflow/example_dags/example_bash_operator.py for tasks to queue
[2025-02-19T03:57:44.427+0000] {logging_mixin.py:190} INFO - [2025-02-19T03:57:44.426+0000] {dagbag.py:588} INFO - Filling up the DagBag from /home/airflow/.local/lib/python3.12/site-packages/airflow/example_dags/example_bash_operator.py
[2025-02-19T03:57:44.439+0000] {processor.py:925} INFO - DAG(s) 'example_bash_operator' retrieved from /home/airflow/.local/lib/python3.12/site-packages/airflow/example_dags/example_bash_operator.py
[2025-02-19T03:57:44.468+0000] {logging_mixin.py:190} INFO - [2025-02-19T03:57:44.468+0000] {dag.py:3239} INFO - Sync 1 DAGs
[2025-02-19T03:57:44.493+0000] {logging_mixin.py:190} INFO - [2025-02-19T03:57:44.493+0000] {dag.py:4180} INFO - Setting next_dagrun for example_bash_operator to 2025-02-18 00:00:00+00:00, run_after=2025-02-19 00:00:00+00:00
[2025-02-19T03:57:44.518+0000] {processor.py:208} INFO - Processing /home/airflow/.local/lib/python3.12/site-packages/airflow/example_dags/example_bash_operator.py took 0.098 seconds
[2025-02-19T03:58:15.220+0000] {processor.py:186} INFO - Started process (PID=950) to work on /home/airflow/.local/lib/python3.12/site-packages/airflow/example_dags/example_bash_operator.py
[2025-02-19T03:58:15.221+0000] {processor.py:914} INFO - Processing file /home/airflow/.local/lib/python3.12/site-packages/airflow/example_dags/example_bash_operator.py for tasks to queue
[2025-02-19T03:58:15.223+0000] {logging_mixin.py:190} INFO - [2025-02-19T03:58:15.222+0000] {dagbag.py:588} INFO - Filling up the DagBag from /home/airflow/.local/lib/python3.12/site-packages/airflow/example_dags/example_bash_operator.py
[2025-02-19T03:58:15.240+0000] {processor.py:925} INFO - DAG(s) 'example_bash_operator' retrieved from /home/airflow/.local/lib/python3.12/site-packages/airflow/example_dags/example_bash_operator.py
[2025-02-19T03:58:15.282+0000] {logging_mixin.py:190} INFO - [2025-02-19T03:58:15.282+0000] {dag.py:3239} INFO - Sync 1 DAGs
[2025-02-19T03:58:15.329+0000] {logging_mixin.py:190} INFO - [2025-02-19T03:58:15.329+0000] {dag.py:4180} INFO - Setting next_dagrun for example_bash_operator to 2025-02-18 00:00:00+00:00, run_after=2025-02-19 00:00:00+00:00
[2025-02-19T03:58:15.355+0000] {processor.py:208} INFO - Processing /home/airflow/.local/lib/python3.12/site-packages/airflow/example_dags/example_bash_operator.py took 0.141 seconds
[2025-02-19T03:58:45.971+0000] {processor.py:186} INFO - Started process (PID=1014) to work on /home/airflow/.local/lib/python3.12/site-packages/airflow/example_dags/example_bash_operator.py
[2025-02-19T03:58:45.972+0000] {processor.py:914} INFO - Processing file /home/airflow/.local/lib/python3.12/site-packages/airflow/example_dags/example_bash_operator.py for tasks to queue
[2025-02-19T03:58:45.974+0000] {logging_mixin.py:190} INFO - [2025-02-19T03:58:45.973+0000] {dagbag.py:588} INFO - Filling up the DagBag from /home/airflow/.local/lib/python3.12/site-packages/airflow/example_dags/example_bash_operator.py
[2025-02-19T03:58:45.992+0000] {processor.py:925} INFO - DAG(s) 'example_bash_operator' retrieved from /home/airflow/.local/lib/python3.12/site-packages/airflow/example_dags/example_bash_operator.py
[2025-02-19T03:58:46.026+0000] {logging_mixin.py:190} INFO - [2025-02-19T03:58:46.026+0000] {dag.py:3239} INFO - Sync 1 DAGs
[2025-02-19T03:58:46.055+0000] {logging_mixin.py:190} INFO - [2025-02-19T03:58:46.055+0000] {dag.py:4180} INFO - Setting next_dagrun for example_bash_operator to 2025-02-18 00:00:00+00:00, run_after=2025-02-19 00:00:00+00:00
[2025-02-19T03:58:46.119+0000] {processor.py:208} INFO - Processing /home/airflow/.local/lib/python3.12/site-packages/airflow/example_dags/example_bash_operator.py took 0.155 seconds
[2025-02-19T03:59:16.653+0000] {processor.py:186} INFO - Started process (PID=1077) to work on /home/airflow/.local/lib/python3.12/site-packages/airflow/example_dags/example_bash_operator.py
[2025-02-19T03:59:16.655+0000] {processor.py:914} INFO - Processing file /home/airflow/.local/lib/python3.12/site-packages/airflow/example_dags/example_bash_operator.py for tasks to queue
[2025-02-19T03:59:16.657+0000] {logging_mixin.py:190} INFO - [2025-02-19T03:59:16.657+0000] {dagbag.py:588} INFO - Filling up the DagBag from /home/airflow/.local/lib/python3.12/site-packages/airflow/example_dags/example_bash_operator.py
[2025-02-19T03:59:16.683+0000] {processor.py:925} INFO - DAG(s) 'example_bash_operator' retrieved from /home/airflow/.local/lib/python3.12/site-packages/airflow/example_dags/example_bash_operator.py
[2025-02-19T03:59:16.734+0000] {logging_mixin.py:190} INFO - [2025-02-19T03:59:16.734+0000] {dag.py:3239} INFO - Sync 1 DAGs
[2025-02-19T03:59:16.776+0000] {logging_mixin.py:190} INFO - [2025-02-19T03:59:16.776+0000] {dag.py:4180} INFO - Setting next_dagrun for example_bash_operator to 2025-02-18 00:00:00+00:00, run_after=2025-02-19 00:00:00+00:00
[2025-02-19T03:59:16.811+0000] {processor.py:208} INFO - Processing /home/airflow/.local/lib/python3.12/site-packages/airflow/example_dags/example_bash_operator.py took 0.166 seconds
[2025-02-19T03:59:47.269+0000] {processor.py:186} INFO - Started process (PID=1141) to work on /home/airflow/.local/lib/python3.12/site-packages/airflow/example_dags/example_bash_operator.py
[2025-02-19T03:59:47.270+0000] {processor.py:914} INFO - Processing file /home/airflow/.local/lib/python3.12/site-packages/airflow/example_dags/example_bash_operator.py for tasks to queue
[2025-02-19T03:59:47.271+0000] {logging_mixin.py:190} INFO - [2025-02-19T03:59:47.271+0000] {dagbag.py:588} INFO - Filling up the DagBag from /home/airflow/.local/lib/python3.12/site-packages/airflow/example_dags/example_bash_operator.py
[2025-02-19T03:59:47.289+0000] {processor.py:925} INFO - DAG(s) 'example_bash_operator' retrieved from /home/airflow/.local/lib/python3.12/site-packages/airflow/example_dags/example_bash_operator.py
[2025-02-19T03:59:47.330+0000] {logging_mixin.py:190} INFO - [2025-02-19T03:59:47.330+0000] {dag.py:3239} INFO - Sync 1 DAGs
[2025-02-19T03:59:47.362+0000] {logging_mixin.py:190} INFO - [2025-02-19T03:59:47.362+0000] {dag.py:4180} INFO - Setting next_dagrun for example_bash_operator to 2025-02-18 00:00:00+00:00, run_after=2025-02-19 00:00:00+00:00
[2025-02-19T03:59:47.391+0000] {processor.py:208} INFO - Processing /home/airflow/.local/lib/python3.12/site-packages/airflow/example_dags/example_bash_operator.py took 0.128 seconds
[2025-02-19T04:00:17.975+0000] {processor.py:186} INFO - Started process (PID=1204) to work on /home/airflow/.local/lib/python3.12/site-packages/airflow/example_dags/example_bash_operator.py
[2025-02-19T04:00:17.977+0000] {processor.py:914} INFO - Processing file /home/airflow/.local/lib/python3.12/site-packages/airflow/example_dags/example_bash_operator.py for tasks to queue
[2025-02-19T04:00:17.978+0000] {logging_mixin.py:190} INFO - [2025-02-19T04:00:17.978+0000] {dagbag.py:588} INFO - Filling up the DagBag from /home/airflow/.local/lib/python3.12/site-packages/airflow/example_dags/example_bash_operator.py
[2025-02-19T04:00:17.993+0000] {processor.py:925} INFO - DAG(s) 'example_bash_operator' retrieved from /home/airflow/.local/lib/python3.12/site-packages/airflow/example_dags/example_bash_operator.py
[2025-02-19T04:00:18.024+0000] {logging_mixin.py:190} INFO - [2025-02-19T04:00:18.023+0000] {dag.py:3239} INFO - Sync 1 DAGs
[2025-02-19T04:00:18.049+0000] {logging_mixin.py:190} INFO - [2025-02-19T04:00:18.048+0000] {dag.py:4180} INFO - Setting next_dagrun for example_bash_operator to 2025-02-18 00:00:00+00:00, run_after=2025-02-19 00:00:00+00:00
[2025-02-19T04:00:18.072+0000] {processor.py:208} INFO - Processing /home/airflow/.local/lib/python3.12/site-packages/airflow/example_dags/example_bash_operator.py took 0.102 seconds
[2025-02-19T04:00:48.150+0000] {processor.py:186} INFO - Started process (PID=1268) to work on /home/airflow/.local/lib/python3.12/site-packages/airflow/example_dags/example_bash_operator.py
[2025-02-19T04:00:48.155+0000] {processor.py:914} INFO - Processing file /home/airflow/.local/lib/python3.12/site-packages/airflow/example_dags/example_bash_operator.py for tasks to queue
[2025-02-19T04:00:48.156+0000] {logging_mixin.py:190} INFO - [2025-02-19T04:00:48.156+0000] {dagbag.py:588} INFO - Filling up the DagBag from /home/airflow/.local/lib/python3.12/site-packages/airflow/example_dags/example_bash_operator.py
[2025-02-19T04:00:48.174+0000] {processor.py:925} INFO - DAG(s) 'example_bash_operator' retrieved from /home/airflow/.local/lib/python3.12/site-packages/airflow/example_dags/example_bash_operator.py
[2025-02-19T04:00:48.212+0000] {logging_mixin.py:190} INFO - [2025-02-19T04:00:48.211+0000] {dag.py:3239} INFO - Sync 1 DAGs
[2025-02-19T04:00:48.239+0000] {logging_mixin.py:190} INFO - [2025-02-19T04:00:48.239+0000] {dag.py:4180} INFO - Setting next_dagrun for example_bash_operator to 2025-02-18 00:00:00+00:00, run_after=2025-02-19 00:00:00+00:00
[2025-02-19T04:00:48.263+0000] {processor.py:208} INFO - Processing /home/airflow/.local/lib/python3.12/site-packages/airflow/example_dags/example_bash_operator.py took 0.120 seconds
[2025-02-19T04:01:19.004+0000] {processor.py:186} INFO - Started process (PID=1332) to work on /home/airflow/.local/lib/python3.12/site-packages/airflow/example_dags/example_bash_operator.py
[2025-02-19T04:01:19.005+0000] {processor.py:914} INFO - Processing file /home/airflow/.local/lib/python3.12/site-packages/airflow/example_dags/example_bash_operator.py for tasks to queue
[2025-02-19T04:01:19.006+0000] {logging_mixin.py:190} INFO - [2025-02-19T04:01:19.006+0000] {dagbag.py:588} INFO - Filling up the DagBag from /home/airflow/.local/lib/python3.12/site-packages/airflow/example_dags/example_bash_operator.py
[2025-02-19T04:01:19.022+0000] {processor.py:925} INFO - DAG(s) 'example_bash_operator' retrieved from /home/airflow/.local/lib/python3.12/site-packages/airflow/example_dags/example_bash_operator.py
[2025-02-19T04:01:19.053+0000] {logging_mixin.py:190} INFO - [2025-02-19T04:01:19.053+0000] {dag.py:3239} INFO - Sync 1 DAGs
[2025-02-19T04:01:19.081+0000] {logging_mixin.py:190} INFO - [2025-02-19T04:01:19.081+0000] {dag.py:4180} INFO - Setting next_dagrun for example_bash_operator to 2025-02-18 00:00:00+00:00, run_after=2025-02-19 00:00:00+00:00
[2025-02-19T04:01:19.103+0000] {processor.py:208} INFO - Processing /home/airflow/.local/lib/python3.12/site-packages/airflow/example_dags/example_bash_operator.py took 0.111 seconds
[2025-02-19T04:01:49.732+0000] {processor.py:186} INFO - Started process (PID=1395) to work on /home/airflow/.local/lib/python3.12/site-packages/airflow/example_dags/example_bash_operator.py
[2025-02-19T04:01:49.741+0000] {processor.py:914} INFO - Processing file /home/airflow/.local/lib/python3.12/site-packages/airflow/example_dags/example_bash_operator.py for tasks to queue
[2025-02-19T04:01:49.745+0000] {logging_mixin.py:190} INFO - [2025-02-19T04:01:49.745+0000] {dagbag.py:588} INFO - Filling up the DagBag from /home/airflow/.local/lib/python3.12/site-packages/airflow/example_dags/example_bash_operator.py
[2025-02-19T04:01:49.828+0000] {processor.py:925} INFO - DAG(s) 'example_bash_operator' retrieved from /home/airflow/.local/lib/python3.12/site-packages/airflow/example_dags/example_bash_operator.py
[2025-02-19T04:01:49.934+0000] {logging_mixin.py:190} INFO - [2025-02-19T04:01:49.933+0000] {dag.py:3239} INFO - Sync 1 DAGs
[2025-02-19T04:01:50.028+0000] {logging_mixin.py:190} INFO - [2025-02-19T04:01:50.028+0000] {dag.py:4180} INFO - Setting next_dagrun for example_bash_operator to 2025-02-18 00:00:00+00:00, run_after=2025-02-19 00:00:00+00:00
[2025-02-19T04:01:50.140+0000] {processor.py:208} INFO - Processing /home/airflow/.local/lib/python3.12/site-packages/airflow/example_dags/example_bash_operator.py took 0.429 seconds
