[2025-02-19T03:51:35.327+0000] {processor.py:186} INFO - Started process (PID=120) to work on /home/airflow/.local/lib/python3.12/site-packages/airflow/example_dags/example_branch_python_dop_operator_3.py
[2025-02-19T03:51:35.336+0000] {processor.py:914} INFO - Processing file /home/airflow/.local/lib/python3.12/site-packages/airflow/example_dags/example_branch_python_dop_operator_3.py for tasks to queue
[2025-02-19T03:51:35.341+0000] {logging_mixin.py:190} INFO - [2025-02-19T03:51:35.340+0000] {dagbag.py:588} INFO - Filling up the DagBag from /home/airflow/.local/lib/python3.12/site-packages/airflow/example_dags/example_branch_python_dop_operator_3.py
[2025-02-19T03:51:35.361+0000] {processor.py:925} INFO - DAG(s) 'example_branch_dop_operator_v3' retrieved from /home/airflow/.local/lib/python3.12/site-packages/airflow/example_dags/example_branch_python_dop_operator_3.py
[2025-02-19T03:51:35.527+0000] {logging_mixin.py:190} INFO - [2025-02-19T03:51:35.526+0000] {override.py:1911} INFO - Created Permission View: can read on DAG:example_branch_dop_operator_v3
[2025-02-19T03:51:35.542+0000] {logging_mixin.py:190} INFO - [2025-02-19T03:51:35.542+0000] {override.py:1911} INFO - Created Permission View: can delete on DAG:example_branch_dop_operator_v3
[2025-02-19T03:51:35.554+0000] {logging_mixin.py:190} INFO - [2025-02-19T03:51:35.553+0000] {override.py:1911} INFO - Created Permission View: can edit on DAG:example_branch_dop_operator_v3
[2025-02-19T03:51:35.571+0000] {logging_mixin.py:190} INFO - [2025-02-19T03:51:35.570+0000] {override.py:1911} INFO - Created Permission View: can read on DAG Run:example_branch_dop_operator_v3
[2025-02-19T03:51:35.585+0000] {logging_mixin.py:190} INFO - [2025-02-19T03:51:35.585+0000] {override.py:1911} INFO - Created Permission View: can delete on DAG Run:example_branch_dop_operator_v3
[2025-02-19T03:51:35.597+0000] {logging_mixin.py:190} INFO - [2025-02-19T03:51:35.597+0000] {override.py:1911} INFO - Created Permission View: can create on DAG Run:example_branch_dop_operator_v3
[2025-02-19T03:51:35.607+0000] {logging_mixin.py:190} INFO - [2025-02-19T03:51:35.606+0000] {override.py:1911} INFO - Created Permission View: menu access on DAG Run:example_branch_dop_operator_v3
[2025-02-19T03:51:35.607+0000] {logging_mixin.py:190} INFO - [2025-02-19T03:51:35.607+0000] {dag.py:3239} INFO - Sync 1 DAGs
[2025-02-19T03:51:35.624+0000] {logging_mixin.py:190} INFO - [2025-02-19T03:51:35.623+0000] {dag.py:3262} INFO - Creating ORM DAG for example_branch_dop_operator_v3
[2025-02-19T03:51:35.642+0000] {logging_mixin.py:190} INFO - [2025-02-19T03:51:35.641+0000] {dag.py:4180} INFO - Setting next_dagrun for example_branch_dop_operator_v3 to 2025-02-19 03:50:00+00:00, run_after=2025-02-19 03:51:00+00:00
[2025-02-19T03:51:35.665+0000] {processor.py:208} INFO - Processing /home/airflow/.local/lib/python3.12/site-packages/airflow/example_dags/example_branch_python_dop_operator_3.py took 0.350 seconds
[2025-02-19T03:52:06.404+0000] {processor.py:186} INFO - Started process (PID=184) to work on /home/airflow/.local/lib/python3.12/site-packages/airflow/example_dags/example_branch_python_dop_operator_3.py
[2025-02-19T03:52:06.405+0000] {processor.py:914} INFO - Processing file /home/airflow/.local/lib/python3.12/site-packages/airflow/example_dags/example_branch_python_dop_operator_3.py for tasks to queue
[2025-02-19T03:52:06.407+0000] {logging_mixin.py:190} INFO - [2025-02-19T03:52:06.406+0000] {dagbag.py:588} INFO - Filling up the DagBag from /home/airflow/.local/lib/python3.12/site-packages/airflow/example_dags/example_branch_python_dop_operator_3.py
[2025-02-19T03:52:06.423+0000] {processor.py:925} INFO - DAG(s) 'example_branch_dop_operator_v3' retrieved from /home/airflow/.local/lib/python3.12/site-packages/airflow/example_dags/example_branch_python_dop_operator_3.py
[2025-02-19T03:52:06.449+0000] {logging_mixin.py:190} INFO - [2025-02-19T03:52:06.449+0000] {dag.py:3239} INFO - Sync 1 DAGs
[2025-02-19T03:52:06.485+0000] {logging_mixin.py:190} INFO - [2025-02-19T03:52:06.485+0000] {dag.py:4180} INFO - Setting next_dagrun for example_branch_dop_operator_v3 to 2025-02-19 03:51:00+00:00, run_after=2025-02-19 03:52:00+00:00
[2025-02-19T03:52:06.518+0000] {processor.py:208} INFO - Processing /home/airflow/.local/lib/python3.12/site-packages/airflow/example_dags/example_branch_python_dop_operator_3.py took 0.120 seconds
[2025-02-19T03:52:36.661+0000] {processor.py:186} INFO - Started process (PID=248) to work on /home/airflow/.local/lib/python3.12/site-packages/airflow/example_dags/example_branch_python_dop_operator_3.py
[2025-02-19T03:52:36.662+0000] {processor.py:914} INFO - Processing file /home/airflow/.local/lib/python3.12/site-packages/airflow/example_dags/example_branch_python_dop_operator_3.py for tasks to queue
[2025-02-19T03:52:36.663+0000] {logging_mixin.py:190} INFO - [2025-02-19T03:52:36.663+0000] {dagbag.py:588} INFO - Filling up the DagBag from /home/airflow/.local/lib/python3.12/site-packages/airflow/example_dags/example_branch_python_dop_operator_3.py
[2025-02-19T03:52:36.673+0000] {processor.py:925} INFO - DAG(s) 'example_branch_dop_operator_v3' retrieved from /home/airflow/.local/lib/python3.12/site-packages/airflow/example_dags/example_branch_python_dop_operator_3.py
[2025-02-19T03:52:36.697+0000] {logging_mixin.py:190} INFO - [2025-02-19T03:52:36.696+0000] {dag.py:3239} INFO - Sync 1 DAGs
[2025-02-19T03:52:36.723+0000] {logging_mixin.py:190} INFO - [2025-02-19T03:52:36.723+0000] {dag.py:4180} INFO - Setting next_dagrun for example_branch_dop_operator_v3 to 2025-02-19 03:51:00+00:00, run_after=2025-02-19 03:52:00+00:00
[2025-02-19T03:52:36.748+0000] {processor.py:208} INFO - Processing /home/airflow/.local/lib/python3.12/site-packages/airflow/example_dags/example_branch_python_dop_operator_3.py took 0.093 seconds
[2025-02-19T03:53:07.867+0000] {processor.py:186} INFO - Started process (PID=316) to work on /home/airflow/.local/lib/python3.12/site-packages/airflow/example_dags/example_branch_python_dop_operator_3.py
[2025-02-19T03:53:07.869+0000] {processor.py:914} INFO - Processing file /home/airflow/.local/lib/python3.12/site-packages/airflow/example_dags/example_branch_python_dop_operator_3.py for tasks to queue
[2025-02-19T03:53:07.878+0000] {logging_mixin.py:190} INFO - [2025-02-19T03:53:07.877+0000] {dagbag.py:588} INFO - Filling up the DagBag from /home/airflow/.local/lib/python3.12/site-packages/airflow/example_dags/example_branch_python_dop_operator_3.py
[2025-02-19T03:53:07.900+0000] {processor.py:925} INFO - DAG(s) 'example_branch_dop_operator_v3' retrieved from /home/airflow/.local/lib/python3.12/site-packages/airflow/example_dags/example_branch_python_dop_operator_3.py
[2025-02-19T03:53:07.934+0000] {logging_mixin.py:190} INFO - [2025-02-19T03:53:07.933+0000] {dag.py:3239} INFO - Sync 1 DAGs
[2025-02-19T03:53:07.980+0000] {logging_mixin.py:190} INFO - [2025-02-19T03:53:07.979+0000] {dag.py:4180} INFO - Setting next_dagrun for example_branch_dop_operator_v3 to 2025-02-19 03:52:00+00:00, run_after=2025-02-19 03:53:00+00:00
[2025-02-19T03:53:08.018+0000] {processor.py:208} INFO - Processing /home/airflow/.local/lib/python3.12/site-packages/airflow/example_dags/example_branch_python_dop_operator_3.py took 0.164 seconds
[2025-02-19T03:53:38.219+0000] {processor.py:186} INFO - Started process (PID=380) to work on /home/airflow/.local/lib/python3.12/site-packages/airflow/example_dags/example_branch_python_dop_operator_3.py
[2025-02-19T03:53:38.222+0000] {processor.py:914} INFO - Processing file /home/airflow/.local/lib/python3.12/site-packages/airflow/example_dags/example_branch_python_dop_operator_3.py for tasks to queue
[2025-02-19T03:53:38.224+0000] {logging_mixin.py:190} INFO - [2025-02-19T03:53:38.224+0000] {dagbag.py:588} INFO - Filling up the DagBag from /home/airflow/.local/lib/python3.12/site-packages/airflow/example_dags/example_branch_python_dop_operator_3.py
[2025-02-19T03:53:38.242+0000] {processor.py:925} INFO - DAG(s) 'example_branch_dop_operator_v3' retrieved from /home/airflow/.local/lib/python3.12/site-packages/airflow/example_dags/example_branch_python_dop_operator_3.py
[2025-02-19T03:53:38.281+0000] {logging_mixin.py:190} INFO - [2025-02-19T03:53:38.281+0000] {dag.py:3239} INFO - Sync 1 DAGs
[2025-02-19T03:53:38.323+0000] {logging_mixin.py:190} INFO - [2025-02-19T03:53:38.323+0000] {dag.py:4180} INFO - Setting next_dagrun for example_branch_dop_operator_v3 to 2025-02-19 03:52:00+00:00, run_after=2025-02-19 03:53:00+00:00
[2025-02-19T03:53:38.356+0000] {processor.py:208} INFO - Processing /home/airflow/.local/lib/python3.12/site-packages/airflow/example_dags/example_branch_python_dop_operator_3.py took 0.151 seconds
[2025-02-19T03:54:09.586+0000] {processor.py:186} INFO - Started process (PID=443) to work on /home/airflow/.local/lib/python3.12/site-packages/airflow/example_dags/example_branch_python_dop_operator_3.py
[2025-02-19T03:54:09.588+0000] {processor.py:914} INFO - Processing file /home/airflow/.local/lib/python3.12/site-packages/airflow/example_dags/example_branch_python_dop_operator_3.py for tasks to queue
[2025-02-19T03:54:09.592+0000] {logging_mixin.py:190} INFO - [2025-02-19T03:54:09.591+0000] {dagbag.py:588} INFO - Filling up the DagBag from /home/airflow/.local/lib/python3.12/site-packages/airflow/example_dags/example_branch_python_dop_operator_3.py
[2025-02-19T03:54:09.625+0000] {processor.py:925} INFO - DAG(s) 'example_branch_dop_operator_v3' retrieved from /home/airflow/.local/lib/python3.12/site-packages/airflow/example_dags/example_branch_python_dop_operator_3.py
[2025-02-19T03:54:09.708+0000] {logging_mixin.py:190} INFO - [2025-02-19T03:54:09.707+0000] {dag.py:3239} INFO - Sync 1 DAGs
[2025-02-19T03:54:09.817+0000] {logging_mixin.py:190} INFO - [2025-02-19T03:54:09.816+0000] {dag.py:4180} INFO - Setting next_dagrun for example_branch_dop_operator_v3 to 2025-02-19 03:53:00+00:00, run_after=2025-02-19 03:54:00+00:00
[2025-02-19T03:54:09.875+0000] {processor.py:208} INFO - Processing /home/airflow/.local/lib/python3.12/site-packages/airflow/example_dags/example_branch_python_dop_operator_3.py took 0.315 seconds
[2025-02-19T03:54:40.499+0000] {processor.py:186} INFO - Started process (PID=507) to work on /home/airflow/.local/lib/python3.12/site-packages/airflow/example_dags/example_branch_python_dop_operator_3.py
[2025-02-19T03:54:40.501+0000] {processor.py:914} INFO - Processing file /home/airflow/.local/lib/python3.12/site-packages/airflow/example_dags/example_branch_python_dop_operator_3.py for tasks to queue
[2025-02-19T03:54:40.505+0000] {logging_mixin.py:190} INFO - [2025-02-19T03:54:40.503+0000] {dagbag.py:588} INFO - Filling up the DagBag from /home/airflow/.local/lib/python3.12/site-packages/airflow/example_dags/example_branch_python_dop_operator_3.py
[2025-02-19T03:54:40.528+0000] {processor.py:925} INFO - DAG(s) 'example_branch_dop_operator_v3' retrieved from /home/airflow/.local/lib/python3.12/site-packages/airflow/example_dags/example_branch_python_dop_operator_3.py
[2025-02-19T03:54:40.568+0000] {logging_mixin.py:190} INFO - [2025-02-19T03:54:40.568+0000] {dag.py:3239} INFO - Sync 1 DAGs
[2025-02-19T03:54:40.608+0000] {logging_mixin.py:190} INFO - [2025-02-19T03:54:40.608+0000] {dag.py:4180} INFO - Setting next_dagrun for example_branch_dop_operator_v3 to 2025-02-19 03:53:00+00:00, run_after=2025-02-19 03:54:00+00:00
[2025-02-19T03:54:40.640+0000] {processor.py:208} INFO - Processing /home/airflow/.local/lib/python3.12/site-packages/airflow/example_dags/example_branch_python_dop_operator_3.py took 0.154 seconds
[2025-02-19T03:55:11.980+0000] {processor.py:186} INFO - Started process (PID=571) to work on /home/airflow/.local/lib/python3.12/site-packages/airflow/example_dags/example_branch_python_dop_operator_3.py
[2025-02-19T03:55:11.982+0000] {processor.py:914} INFO - Processing file /home/airflow/.local/lib/python3.12/site-packages/airflow/example_dags/example_branch_python_dop_operator_3.py for tasks to queue
[2025-02-19T03:55:11.983+0000] {logging_mixin.py:190} INFO - [2025-02-19T03:55:11.983+0000] {dagbag.py:588} INFO - Filling up the DagBag from /home/airflow/.local/lib/python3.12/site-packages/airflow/example_dags/example_branch_python_dop_operator_3.py
[2025-02-19T03:55:12.002+0000] {processor.py:925} INFO - DAG(s) 'example_branch_dop_operator_v3' retrieved from /home/airflow/.local/lib/python3.12/site-packages/airflow/example_dags/example_branch_python_dop_operator_3.py
[2025-02-19T03:55:12.033+0000] {logging_mixin.py:190} INFO - [2025-02-19T03:55:12.033+0000] {dag.py:3239} INFO - Sync 1 DAGs
[2025-02-19T03:55:12.068+0000] {logging_mixin.py:190} INFO - [2025-02-19T03:55:12.068+0000] {dag.py:4180} INFO - Setting next_dagrun for example_branch_dop_operator_v3 to 2025-02-19 03:54:00+00:00, run_after=2025-02-19 03:55:00+00:00
[2025-02-19T03:55:12.097+0000] {processor.py:208} INFO - Processing /home/airflow/.local/lib/python3.12/site-packages/airflow/example_dags/example_branch_python_dop_operator_3.py took 0.123 seconds
[2025-02-19T03:55:42.473+0000] {processor.py:186} INFO - Started process (PID=639) to work on /home/airflow/.local/lib/python3.12/site-packages/airflow/example_dags/example_branch_python_dop_operator_3.py
[2025-02-19T03:55:42.474+0000] {processor.py:914} INFO - Processing file /home/airflow/.local/lib/python3.12/site-packages/airflow/example_dags/example_branch_python_dop_operator_3.py for tasks to queue
[2025-02-19T03:55:42.476+0000] {logging_mixin.py:190} INFO - [2025-02-19T03:55:42.475+0000] {dagbag.py:588} INFO - Filling up the DagBag from /home/airflow/.local/lib/python3.12/site-packages/airflow/example_dags/example_branch_python_dop_operator_3.py
[2025-02-19T03:55:42.487+0000] {processor.py:925} INFO - DAG(s) 'example_branch_dop_operator_v3' retrieved from /home/airflow/.local/lib/python3.12/site-packages/airflow/example_dags/example_branch_python_dop_operator_3.py
[2025-02-19T03:55:42.514+0000] {logging_mixin.py:190} INFO - [2025-02-19T03:55:42.514+0000] {dag.py:3239} INFO - Sync 1 DAGs
[2025-02-19T03:55:42.556+0000] {logging_mixin.py:190} INFO - [2025-02-19T03:55:42.555+0000] {dag.py:4180} INFO - Setting next_dagrun for example_branch_dop_operator_v3 to 2025-02-19 03:54:00+00:00, run_after=2025-02-19 03:55:00+00:00
[2025-02-19T03:55:42.591+0000] {processor.py:208} INFO - Processing /home/airflow/.local/lib/python3.12/site-packages/airflow/example_dags/example_branch_python_dop_operator_3.py took 0.127 seconds
[2025-02-19T03:56:12.715+0000] {processor.py:186} INFO - Started process (PID=702) to work on /home/airflow/.local/lib/python3.12/site-packages/airflow/example_dags/example_branch_python_dop_operator_3.py
[2025-02-19T03:56:12.716+0000] {processor.py:914} INFO - Processing file /home/airflow/.local/lib/python3.12/site-packages/airflow/example_dags/example_branch_python_dop_operator_3.py for tasks to queue
[2025-02-19T03:56:12.717+0000] {logging_mixin.py:190} INFO - [2025-02-19T03:56:12.717+0000] {dagbag.py:588} INFO - Filling up the DagBag from /home/airflow/.local/lib/python3.12/site-packages/airflow/example_dags/example_branch_python_dop_operator_3.py
[2025-02-19T03:56:12.731+0000] {processor.py:925} INFO - DAG(s) 'example_branch_dop_operator_v3' retrieved from /home/airflow/.local/lib/python3.12/site-packages/airflow/example_dags/example_branch_python_dop_operator_3.py
[2025-02-19T03:56:12.754+0000] {logging_mixin.py:190} INFO - [2025-02-19T03:56:12.754+0000] {dag.py:3239} INFO - Sync 1 DAGs
[2025-02-19T03:56:12.779+0000] {logging_mixin.py:190} INFO - [2025-02-19T03:56:12.779+0000] {dag.py:4180} INFO - Setting next_dagrun for example_branch_dop_operator_v3 to 2025-02-19 03:55:00+00:00, run_after=2025-02-19 03:56:00+00:00
[2025-02-19T03:56:12.802+0000] {processor.py:208} INFO - Processing /home/airflow/.local/lib/python3.12/site-packages/airflow/example_dags/example_branch_python_dop_operator_3.py took 0.094 seconds
[2025-02-19T03:56:43.800+0000] {processor.py:186} INFO - Started process (PID=766) to work on /home/airflow/.local/lib/python3.12/site-packages/airflow/example_dags/example_branch_python_dop_operator_3.py
[2025-02-19T03:56:43.801+0000] {processor.py:914} INFO - Processing file /home/airflow/.local/lib/python3.12/site-packages/airflow/example_dags/example_branch_python_dop_operator_3.py for tasks to queue
[2025-02-19T03:56:43.803+0000] {logging_mixin.py:190} INFO - [2025-02-19T03:56:43.802+0000] {dagbag.py:588} INFO - Filling up the DagBag from /home/airflow/.local/lib/python3.12/site-packages/airflow/example_dags/example_branch_python_dop_operator_3.py
[2025-02-19T03:56:43.813+0000] {processor.py:925} INFO - DAG(s) 'example_branch_dop_operator_v3' retrieved from /home/airflow/.local/lib/python3.12/site-packages/airflow/example_dags/example_branch_python_dop_operator_3.py
[2025-02-19T03:56:43.837+0000] {logging_mixin.py:190} INFO - [2025-02-19T03:56:43.837+0000] {dag.py:3239} INFO - Sync 1 DAGs
[2025-02-19T03:56:43.873+0000] {logging_mixin.py:190} INFO - [2025-02-19T03:56:43.872+0000] {dag.py:4180} INFO - Setting next_dagrun for example_branch_dop_operator_v3 to 2025-02-19 03:55:00+00:00, run_after=2025-02-19 03:56:00+00:00
[2025-02-19T03:56:43.899+0000] {processor.py:208} INFO - Processing /home/airflow/.local/lib/python3.12/site-packages/airflow/example_dags/example_branch_python_dop_operator_3.py took 0.107 seconds
[2025-02-19T03:57:15.473+0000] {processor.py:186} INFO - Started process (PID=830) to work on /home/airflow/.local/lib/python3.12/site-packages/airflow/example_dags/example_branch_python_dop_operator_3.py
[2025-02-19T03:57:15.475+0000] {processor.py:914} INFO - Processing file /home/airflow/.local/lib/python3.12/site-packages/airflow/example_dags/example_branch_python_dop_operator_3.py for tasks to queue
[2025-02-19T03:57:15.478+0000] {logging_mixin.py:190} INFO - [2025-02-19T03:57:15.477+0000] {dagbag.py:588} INFO - Filling up the DagBag from /home/airflow/.local/lib/python3.12/site-packages/airflow/example_dags/example_branch_python_dop_operator_3.py
[2025-02-19T03:57:15.513+0000] {processor.py:925} INFO - DAG(s) 'example_branch_dop_operator_v3' retrieved from /home/airflow/.local/lib/python3.12/site-packages/airflow/example_dags/example_branch_python_dop_operator_3.py
[2025-02-19T03:57:15.576+0000] {logging_mixin.py:190} INFO - [2025-02-19T03:57:15.576+0000] {dag.py:3239} INFO - Sync 1 DAGs
[2025-02-19T03:57:15.660+0000] {logging_mixin.py:190} INFO - [2025-02-19T03:57:15.660+0000] {dag.py:4180} INFO - Setting next_dagrun for example_branch_dop_operator_v3 to 2025-02-19 03:56:00+00:00, run_after=2025-02-19 03:57:00+00:00
[2025-02-19T03:57:15.727+0000] {processor.py:208} INFO - Processing /home/airflow/.local/lib/python3.12/site-packages/airflow/example_dags/example_branch_python_dop_operator_3.py took 0.269 seconds
[2025-02-19T03:57:46.278+0000] {processor.py:186} INFO - Started process (PID=894) to work on /home/airflow/.local/lib/python3.12/site-packages/airflow/example_dags/example_branch_python_dop_operator_3.py
[2025-02-19T03:57:46.282+0000] {processor.py:914} INFO - Processing file /home/airflow/.local/lib/python3.12/site-packages/airflow/example_dags/example_branch_python_dop_operator_3.py for tasks to queue
[2025-02-19T03:57:46.284+0000] {logging_mixin.py:190} INFO - [2025-02-19T03:57:46.284+0000] {dagbag.py:588} INFO - Filling up the DagBag from /home/airflow/.local/lib/python3.12/site-packages/airflow/example_dags/example_branch_python_dop_operator_3.py
[2025-02-19T03:57:46.302+0000] {processor.py:925} INFO - DAG(s) 'example_branch_dop_operator_v3' retrieved from /home/airflow/.local/lib/python3.12/site-packages/airflow/example_dags/example_branch_python_dop_operator_3.py
[2025-02-19T03:57:46.332+0000] {logging_mixin.py:190} INFO - [2025-02-19T03:57:46.332+0000] {dag.py:3239} INFO - Sync 1 DAGs
[2025-02-19T03:57:46.366+0000] {logging_mixin.py:190} INFO - [2025-02-19T03:57:46.365+0000] {dag.py:4180} INFO - Setting next_dagrun for example_branch_dop_operator_v3 to 2025-02-19 03:56:00+00:00, run_after=2025-02-19 03:57:00+00:00
[2025-02-19T03:57:46.399+0000] {processor.py:208} INFO - Processing /home/airflow/.local/lib/python3.12/site-packages/airflow/example_dags/example_branch_python_dop_operator_3.py took 0.129 seconds
[2025-02-19T03:58:16.700+0000] {processor.py:186} INFO - Started process (PID=957) to work on /home/airflow/.local/lib/python3.12/site-packages/airflow/example_dags/example_branch_python_dop_operator_3.py
[2025-02-19T03:58:16.701+0000] {processor.py:914} INFO - Processing file /home/airflow/.local/lib/python3.12/site-packages/airflow/example_dags/example_branch_python_dop_operator_3.py for tasks to queue
[2025-02-19T03:58:16.702+0000] {logging_mixin.py:190} INFO - [2025-02-19T03:58:16.702+0000] {dagbag.py:588} INFO - Filling up the DagBag from /home/airflow/.local/lib/python3.12/site-packages/airflow/example_dags/example_branch_python_dop_operator_3.py
[2025-02-19T03:58:16.716+0000] {processor.py:925} INFO - DAG(s) 'example_branch_dop_operator_v3' retrieved from /home/airflow/.local/lib/python3.12/site-packages/airflow/example_dags/example_branch_python_dop_operator_3.py
[2025-02-19T03:58:16.747+0000] {logging_mixin.py:190} INFO - [2025-02-19T03:58:16.747+0000] {dag.py:3239} INFO - Sync 1 DAGs
[2025-02-19T03:58:16.788+0000] {logging_mixin.py:190} INFO - [2025-02-19T03:58:16.788+0000] {dag.py:4180} INFO - Setting next_dagrun for example_branch_dop_operator_v3 to 2025-02-19 03:57:00+00:00, run_after=2025-02-19 03:58:00+00:00
[2025-02-19T03:58:16.812+0000] {processor.py:208} INFO - Processing /home/airflow/.local/lib/python3.12/site-packages/airflow/example_dags/example_branch_python_dop_operator_3.py took 0.118 seconds
[2025-02-19T03:58:47.483+0000] {processor.py:186} INFO - Started process (PID=1021) to work on /home/airflow/.local/lib/python3.12/site-packages/airflow/example_dags/example_branch_python_dop_operator_3.py
[2025-02-19T03:58:47.484+0000] {processor.py:914} INFO - Processing file /home/airflow/.local/lib/python3.12/site-packages/airflow/example_dags/example_branch_python_dop_operator_3.py for tasks to queue
[2025-02-19T03:58:47.486+0000] {logging_mixin.py:190} INFO - [2025-02-19T03:58:47.486+0000] {dagbag.py:588} INFO - Filling up the DagBag from /home/airflow/.local/lib/python3.12/site-packages/airflow/example_dags/example_branch_python_dop_operator_3.py
[2025-02-19T03:58:47.504+0000] {processor.py:925} INFO - DAG(s) 'example_branch_dop_operator_v3' retrieved from /home/airflow/.local/lib/python3.12/site-packages/airflow/example_dags/example_branch_python_dop_operator_3.py
[2025-02-19T03:58:47.531+0000] {logging_mixin.py:190} INFO - [2025-02-19T03:58:47.531+0000] {dag.py:3239} INFO - Sync 1 DAGs
[2025-02-19T03:58:47.565+0000] {logging_mixin.py:190} INFO - [2025-02-19T03:58:47.565+0000] {dag.py:4180} INFO - Setting next_dagrun for example_branch_dop_operator_v3 to 2025-02-19 03:57:00+00:00, run_after=2025-02-19 03:58:00+00:00
[2025-02-19T03:58:47.596+0000] {processor.py:208} INFO - Processing /home/airflow/.local/lib/python3.12/site-packages/airflow/example_dags/example_branch_python_dop_operator_3.py took 0.124 seconds
[2025-02-19T03:59:18.340+0000] {processor.py:186} INFO - Started process (PID=1084) to work on /home/airflow/.local/lib/python3.12/site-packages/airflow/example_dags/example_branch_python_dop_operator_3.py
[2025-02-19T03:59:18.341+0000] {processor.py:914} INFO - Processing file /home/airflow/.local/lib/python3.12/site-packages/airflow/example_dags/example_branch_python_dop_operator_3.py for tasks to queue
[2025-02-19T03:59:18.343+0000] {logging_mixin.py:190} INFO - [2025-02-19T03:59:18.342+0000] {dagbag.py:588} INFO - Filling up the DagBag from /home/airflow/.local/lib/python3.12/site-packages/airflow/example_dags/example_branch_python_dop_operator_3.py
[2025-02-19T03:59:18.355+0000] {processor.py:925} INFO - DAG(s) 'example_branch_dop_operator_v3' retrieved from /home/airflow/.local/lib/python3.12/site-packages/airflow/example_dags/example_branch_python_dop_operator_3.py
[2025-02-19T03:59:18.381+0000] {logging_mixin.py:190} INFO - [2025-02-19T03:59:18.380+0000] {dag.py:3239} INFO - Sync 1 DAGs
[2025-02-19T03:59:18.412+0000] {logging_mixin.py:190} INFO - [2025-02-19T03:59:18.412+0000] {dag.py:4180} INFO - Setting next_dagrun for example_branch_dop_operator_v3 to 2025-02-19 03:58:00+00:00, run_after=2025-02-19 03:59:00+00:00
[2025-02-19T03:59:18.439+0000] {processor.py:208} INFO - Processing /home/airflow/.local/lib/python3.12/site-packages/airflow/example_dags/example_branch_python_dop_operator_3.py took 0.105 seconds
[2025-02-19T03:59:49.237+0000] {processor.py:186} INFO - Started process (PID=1148) to work on /home/airflow/.local/lib/python3.12/site-packages/airflow/example_dags/example_branch_python_dop_operator_3.py
[2025-02-19T03:59:49.239+0000] {processor.py:914} INFO - Processing file /home/airflow/.local/lib/python3.12/site-packages/airflow/example_dags/example_branch_python_dop_operator_3.py for tasks to queue
[2025-02-19T03:59:49.243+0000] {logging_mixin.py:190} INFO - [2025-02-19T03:59:49.242+0000] {dagbag.py:588} INFO - Filling up the DagBag from /home/airflow/.local/lib/python3.12/site-packages/airflow/example_dags/example_branch_python_dop_operator_3.py
[2025-02-19T03:59:49.263+0000] {processor.py:925} INFO - DAG(s) 'example_branch_dop_operator_v3' retrieved from /home/airflow/.local/lib/python3.12/site-packages/airflow/example_dags/example_branch_python_dop_operator_3.py
[2025-02-19T03:59:49.305+0000] {logging_mixin.py:190} INFO - [2025-02-19T03:59:49.304+0000] {dag.py:3239} INFO - Sync 1 DAGs
[2025-02-19T03:59:49.350+0000] {logging_mixin.py:190} INFO - [2025-02-19T03:59:49.350+0000] {dag.py:4180} INFO - Setting next_dagrun for example_branch_dop_operator_v3 to 2025-02-19 03:58:00+00:00, run_after=2025-02-19 03:59:00+00:00
[2025-02-19T03:59:49.385+0000] {processor.py:208} INFO - Processing /home/airflow/.local/lib/python3.12/site-packages/airflow/example_dags/example_branch_python_dop_operator_3.py took 0.163 seconds
[2025-02-19T04:00:19.515+0000] {processor.py:186} INFO - Started process (PID=1212) to work on /home/airflow/.local/lib/python3.12/site-packages/airflow/example_dags/example_branch_python_dop_operator_3.py
[2025-02-19T04:00:19.516+0000] {processor.py:914} INFO - Processing file /home/airflow/.local/lib/python3.12/site-packages/airflow/example_dags/example_branch_python_dop_operator_3.py for tasks to queue
[2025-02-19T04:00:19.518+0000] {logging_mixin.py:190} INFO - [2025-02-19T04:00:19.517+0000] {dagbag.py:588} INFO - Filling up the DagBag from /home/airflow/.local/lib/python3.12/site-packages/airflow/example_dags/example_branch_python_dop_operator_3.py
[2025-02-19T04:00:19.529+0000] {processor.py:925} INFO - DAG(s) 'example_branch_dop_operator_v3' retrieved from /home/airflow/.local/lib/python3.12/site-packages/airflow/example_dags/example_branch_python_dop_operator_3.py
[2025-02-19T04:00:19.554+0000] {logging_mixin.py:190} INFO - [2025-02-19T04:00:19.554+0000] {dag.py:3239} INFO - Sync 1 DAGs
[2025-02-19T04:00:19.583+0000] {logging_mixin.py:190} INFO - [2025-02-19T04:00:19.583+0000] {dag.py:4180} INFO - Setting next_dagrun for example_branch_dop_operator_v3 to 2025-02-19 03:59:00+00:00, run_after=2025-02-19 04:00:00+00:00
[2025-02-19T04:00:19.606+0000] {processor.py:208} INFO - Processing /home/airflow/.local/lib/python3.12/site-packages/airflow/example_dags/example_branch_python_dop_operator_3.py took 0.097 seconds
[2025-02-19T04:00:49.902+0000] {processor.py:186} INFO - Started process (PID=1276) to work on /home/airflow/.local/lib/python3.12/site-packages/airflow/example_dags/example_branch_python_dop_operator_3.py
[2025-02-19T04:00:49.904+0000] {processor.py:914} INFO - Processing file /home/airflow/.local/lib/python3.12/site-packages/airflow/example_dags/example_branch_python_dop_operator_3.py for tasks to queue
[2025-02-19T04:00:49.906+0000] {logging_mixin.py:190} INFO - [2025-02-19T04:00:49.906+0000] {dagbag.py:588} INFO - Filling up the DagBag from /home/airflow/.local/lib/python3.12/site-packages/airflow/example_dags/example_branch_python_dop_operator_3.py
[2025-02-19T04:00:49.926+0000] {processor.py:925} INFO - DAG(s) 'example_branch_dop_operator_v3' retrieved from /home/airflow/.local/lib/python3.12/site-packages/airflow/example_dags/example_branch_python_dop_operator_3.py
[2025-02-19T04:00:49.971+0000] {logging_mixin.py:190} INFO - [2025-02-19T04:00:49.970+0000] {dag.py:3239} INFO - Sync 1 DAGs
[2025-02-19T04:00:50.006+0000] {logging_mixin.py:190} INFO - [2025-02-19T04:00:50.006+0000] {dag.py:4180} INFO - Setting next_dagrun for example_branch_dop_operator_v3 to 2025-02-19 03:59:00+00:00, run_after=2025-02-19 04:00:00+00:00
[2025-02-19T04:00:50.050+0000] {processor.py:208} INFO - Processing /home/airflow/.local/lib/python3.12/site-packages/airflow/example_dags/example_branch_python_dop_operator_3.py took 0.155 seconds
[2025-02-19T04:01:20.962+0000] {processor.py:186} INFO - Started process (PID=1346) to work on /home/airflow/.local/lib/python3.12/site-packages/airflow/example_dags/example_branch_python_dop_operator_3.py
[2025-02-19T04:01:20.963+0000] {processor.py:914} INFO - Processing file /home/airflow/.local/lib/python3.12/site-packages/airflow/example_dags/example_branch_python_dop_operator_3.py for tasks to queue
[2025-02-19T04:01:20.965+0000] {logging_mixin.py:190} INFO - [2025-02-19T04:01:20.965+0000] {dagbag.py:588} INFO - Filling up the DagBag from /home/airflow/.local/lib/python3.12/site-packages/airflow/example_dags/example_branch_python_dop_operator_3.py
[2025-02-19T04:01:20.976+0000] {processor.py:925} INFO - DAG(s) 'example_branch_dop_operator_v3' retrieved from /home/airflow/.local/lib/python3.12/site-packages/airflow/example_dags/example_branch_python_dop_operator_3.py
[2025-02-19T04:01:21.005+0000] {logging_mixin.py:190} INFO - [2025-02-19T04:01:21.005+0000] {dag.py:3239} INFO - Sync 1 DAGs
[2025-02-19T04:01:21.053+0000] {logging_mixin.py:190} INFO - [2025-02-19T04:01:21.052+0000] {dag.py:4180} INFO - Setting next_dagrun for example_branch_dop_operator_v3 to 2025-02-19 04:00:00+00:00, run_after=2025-02-19 04:01:00+00:00
[2025-02-19T04:01:21.094+0000] {processor.py:208} INFO - Processing /home/airflow/.local/lib/python3.12/site-packages/airflow/example_dags/example_branch_python_dop_operator_3.py took 0.138 seconds
[2025-02-19T04:01:53.328+0000] {processor.py:186} INFO - Started process (PID=1410) to work on /home/airflow/.local/lib/python3.12/site-packages/airflow/example_dags/example_branch_python_dop_operator_3.py
[2025-02-19T04:01:53.329+0000] {processor.py:914} INFO - Processing file /home/airflow/.local/lib/python3.12/site-packages/airflow/example_dags/example_branch_python_dop_operator_3.py for tasks to queue
[2025-02-19T04:01:53.332+0000] {logging_mixin.py:190} INFO - [2025-02-19T04:01:53.331+0000] {dagbag.py:588} INFO - Filling up the DagBag from /home/airflow/.local/lib/python3.12/site-packages/airflow/example_dags/example_branch_python_dop_operator_3.py
[2025-02-19T04:01:53.352+0000] {processor.py:925} INFO - DAG(s) 'example_branch_dop_operator_v3' retrieved from /home/airflow/.local/lib/python3.12/site-packages/airflow/example_dags/example_branch_python_dop_operator_3.py
[2025-02-19T04:01:53.389+0000] {logging_mixin.py:190} INFO - [2025-02-19T04:01:53.388+0000] {dag.py:3239} INFO - Sync 1 DAGs
[2025-02-19T04:01:53.436+0000] {logging_mixin.py:190} INFO - [2025-02-19T04:01:53.436+0000] {dag.py:4180} INFO - Setting next_dagrun for example_branch_dop_operator_v3 to 2025-02-19 04:00:00+00:00, run_after=2025-02-19 04:01:00+00:00
[2025-02-19T04:01:53.479+0000] {processor.py:208} INFO - Processing /home/airflow/.local/lib/python3.12/site-packages/airflow/example_dags/example_branch_python_dop_operator_3.py took 0.164 seconds
