[2025-02-19T03:51:22.554+0000] {processor.py:186} INFO - Started process (PID=81) to work on /home/airflow/.local/lib/python3.12/site-packages/airflow/example_dags/example_external_task_marker_dag.py
[2025-02-19T03:51:22.556+0000] {processor.py:914} INFO - Processing file /home/airflow/.local/lib/python3.12/site-packages/airflow/example_dags/example_external_task_marker_dag.py for tasks to queue
[2025-02-19T03:51:22.558+0000] {logging_mixin.py:190} INFO - [2025-02-19T03:51:22.557+0000] {dagbag.py:588} INFO - Filling up the DagBag from /home/airflow/.local/lib/python3.12/site-packages/airflow/example_dags/example_external_task_marker_dag.py
[2025-02-19T03:51:22.573+0000] {processor.py:925} INFO - DAG(s) 'example_external_task_marker_parent', 'example_external_task_marker_child' retrieved from /home/airflow/.local/lib/python3.12/site-packages/airflow/example_dags/example_external_task_marker_dag.py
[2025-02-19T03:51:22.714+0000] {logging_mixin.py:190} INFO - [2025-02-19T03:51:22.713+0000] {override.py:1911} INFO - Created Permission View: can read on DAG:example_external_task_marker_parent
[2025-02-19T03:51:22.735+0000] {logging_mixin.py:190} INFO - [2025-02-19T03:51:22.734+0000] {override.py:1911} INFO - Created Permission View: can delete on DAG:example_external_task_marker_parent
[2025-02-19T03:51:22.748+0000] {logging_mixin.py:190} INFO - [2025-02-19T03:51:22.748+0000] {override.py:1911} INFO - Created Permission View: can edit on DAG:example_external_task_marker_parent
[2025-02-19T03:51:22.763+0000] {logging_mixin.py:190} INFO - [2025-02-19T03:51:22.763+0000] {override.py:1911} INFO - Created Permission View: can read on DAG Run:example_external_task_marker_parent
[2025-02-19T03:51:22.774+0000] {logging_mixin.py:190} INFO - [2025-02-19T03:51:22.774+0000] {override.py:1911} INFO - Created Permission View: can delete on DAG Run:example_external_task_marker_parent
[2025-02-19T03:51:22.786+0000] {logging_mixin.py:190} INFO - [2025-02-19T03:51:22.786+0000] {override.py:1911} INFO - Created Permission View: can create on DAG Run:example_external_task_marker_parent
[2025-02-19T03:51:22.798+0000] {logging_mixin.py:190} INFO - [2025-02-19T03:51:22.798+0000] {override.py:1911} INFO - Created Permission View: menu access on DAG Run:example_external_task_marker_parent
[2025-02-19T03:51:22.825+0000] {logging_mixin.py:190} INFO - [2025-02-19T03:51:22.825+0000] {override.py:1911} INFO - Created Permission View: can read on DAG:example_external_task_marker_child
[2025-02-19T03:51:22.837+0000] {logging_mixin.py:190} INFO - [2025-02-19T03:51:22.836+0000] {override.py:1911} INFO - Created Permission View: can delete on DAG:example_external_task_marker_child
[2025-02-19T03:51:22.848+0000] {logging_mixin.py:190} INFO - [2025-02-19T03:51:22.847+0000] {override.py:1911} INFO - Created Permission View: can edit on DAG:example_external_task_marker_child
[2025-02-19T03:51:22.861+0000] {logging_mixin.py:190} INFO - [2025-02-19T03:51:22.861+0000] {override.py:1911} INFO - Created Permission View: can read on DAG Run:example_external_task_marker_child
[2025-02-19T03:51:22.874+0000] {logging_mixin.py:190} INFO - [2025-02-19T03:51:22.873+0000] {override.py:1911} INFO - Created Permission View: can delete on DAG Run:example_external_task_marker_child
[2025-02-19T03:51:22.883+0000] {logging_mixin.py:190} INFO - [2025-02-19T03:51:22.883+0000] {override.py:1911} INFO - Created Permission View: can create on DAG Run:example_external_task_marker_child
[2025-02-19T03:51:22.895+0000] {logging_mixin.py:190} INFO - [2025-02-19T03:51:22.895+0000] {override.py:1911} INFO - Created Permission View: menu access on DAG Run:example_external_task_marker_child
[2025-02-19T03:51:22.896+0000] {logging_mixin.py:190} INFO - [2025-02-19T03:51:22.896+0000] {dag.py:3239} INFO - Sync 2 DAGs
[2025-02-19T03:51:22.916+0000] {logging_mixin.py:190} INFO - [2025-02-19T03:51:22.916+0000] {dag.py:3262} INFO - Creating ORM DAG for example_external_task_marker_child
[2025-02-19T03:51:22.918+0000] {logging_mixin.py:190} INFO - [2025-02-19T03:51:22.917+0000] {dag.py:3262} INFO - Creating ORM DAG for example_external_task_marker_parent
[2025-02-19T03:51:22.919+0000] {logging_mixin.py:190} INFO - [2025-02-19T03:51:22.918+0000] {dag.py:4180} INFO - Setting next_dagrun for example_external_task_marker_child to None, run_after=None
[2025-02-19T03:51:22.920+0000] {logging_mixin.py:190} INFO - [2025-02-19T03:51:22.919+0000] {dag.py:4180} INFO - Setting next_dagrun for example_external_task_marker_parent to None, run_after=None
[2025-02-19T03:51:22.950+0000] {processor.py:208} INFO - Processing /home/airflow/.local/lib/python3.12/site-packages/airflow/example_dags/example_external_task_marker_dag.py took 0.406 seconds
[2025-02-19T03:51:53.030+0000] {processor.py:186} INFO - Started process (PID=145) to work on /home/airflow/.local/lib/python3.12/site-packages/airflow/example_dags/example_external_task_marker_dag.py
[2025-02-19T03:51:53.031+0000] {processor.py:914} INFO - Processing file /home/airflow/.local/lib/python3.12/site-packages/airflow/example_dags/example_external_task_marker_dag.py for tasks to queue
[2025-02-19T03:51:53.034+0000] {logging_mixin.py:190} INFO - [2025-02-19T03:51:53.033+0000] {dagbag.py:588} INFO - Filling up the DagBag from /home/airflow/.local/lib/python3.12/site-packages/airflow/example_dags/example_external_task_marker_dag.py
[2025-02-19T03:51:53.049+0000] {processor.py:925} INFO - DAG(s) 'example_external_task_marker_parent', 'example_external_task_marker_child' retrieved from /home/airflow/.local/lib/python3.12/site-packages/airflow/example_dags/example_external_task_marker_dag.py
[2025-02-19T03:51:53.095+0000] {logging_mixin.py:190} INFO - [2025-02-19T03:51:53.094+0000] {dag.py:3239} INFO - Sync 2 DAGs
[2025-02-19T03:51:53.119+0000] {logging_mixin.py:190} INFO - [2025-02-19T03:51:53.118+0000] {dag.py:4180} INFO - Setting next_dagrun for example_external_task_marker_child to None, run_after=None
[2025-02-19T03:51:53.126+0000] {logging_mixin.py:190} INFO - [2025-02-19T03:51:53.126+0000] {dag.py:4180} INFO - Setting next_dagrun for example_external_task_marker_parent to None, run_after=None
[2025-02-19T03:51:53.154+0000] {processor.py:208} INFO - Processing /home/airflow/.local/lib/python3.12/site-packages/airflow/example_dags/example_external_task_marker_dag.py took 0.134 seconds
[2025-02-19T03:52:23.263+0000] {processor.py:186} INFO - Started process (PID=209) to work on /home/airflow/.local/lib/python3.12/site-packages/airflow/example_dags/example_external_task_marker_dag.py
[2025-02-19T03:52:23.264+0000] {processor.py:914} INFO - Processing file /home/airflow/.local/lib/python3.12/site-packages/airflow/example_dags/example_external_task_marker_dag.py for tasks to queue
[2025-02-19T03:52:23.266+0000] {logging_mixin.py:190} INFO - [2025-02-19T03:52:23.266+0000] {dagbag.py:588} INFO - Filling up the DagBag from /home/airflow/.local/lib/python3.12/site-packages/airflow/example_dags/example_external_task_marker_dag.py
[2025-02-19T03:52:23.277+0000] {processor.py:925} INFO - DAG(s) 'example_external_task_marker_parent', 'example_external_task_marker_child' retrieved from /home/airflow/.local/lib/python3.12/site-packages/airflow/example_dags/example_external_task_marker_dag.py
[2025-02-19T03:52:23.309+0000] {logging_mixin.py:190} INFO - [2025-02-19T03:52:23.309+0000] {dag.py:3239} INFO - Sync 2 DAGs
[2025-02-19T03:52:23.330+0000] {logging_mixin.py:190} INFO - [2025-02-19T03:52:23.330+0000] {dag.py:4180} INFO - Setting next_dagrun for example_external_task_marker_child to None, run_after=None
[2025-02-19T03:52:23.337+0000] {logging_mixin.py:190} INFO - [2025-02-19T03:52:23.337+0000] {dag.py:4180} INFO - Setting next_dagrun for example_external_task_marker_parent to None, run_after=None
[2025-02-19T03:52:23.358+0000] {processor.py:208} INFO - Processing /home/airflow/.local/lib/python3.12/site-packages/airflow/example_dags/example_external_task_marker_dag.py took 0.104 seconds
[2025-02-19T03:52:53.963+0000] {processor.py:186} INFO - Started process (PID=273) to work on /home/airflow/.local/lib/python3.12/site-packages/airflow/example_dags/example_external_task_marker_dag.py
[2025-02-19T03:52:53.965+0000] {processor.py:914} INFO - Processing file /home/airflow/.local/lib/python3.12/site-packages/airflow/example_dags/example_external_task_marker_dag.py for tasks to queue
[2025-02-19T03:52:53.967+0000] {logging_mixin.py:190} INFO - [2025-02-19T03:52:53.966+0000] {dagbag.py:588} INFO - Filling up the DagBag from /home/airflow/.local/lib/python3.12/site-packages/airflow/example_dags/example_external_task_marker_dag.py
[2025-02-19T03:52:53.981+0000] {processor.py:925} INFO - DAG(s) 'example_external_task_marker_parent', 'example_external_task_marker_child' retrieved from /home/airflow/.local/lib/python3.12/site-packages/airflow/example_dags/example_external_task_marker_dag.py
[2025-02-19T03:52:54.012+0000] {logging_mixin.py:190} INFO - [2025-02-19T03:52:54.012+0000] {dag.py:3239} INFO - Sync 2 DAGs
[2025-02-19T03:52:54.031+0000] {logging_mixin.py:190} INFO - [2025-02-19T03:52:54.031+0000] {dag.py:4180} INFO - Setting next_dagrun for example_external_task_marker_child to None, run_after=None
[2025-02-19T03:52:54.037+0000] {logging_mixin.py:190} INFO - [2025-02-19T03:52:54.037+0000] {dag.py:4180} INFO - Setting next_dagrun for example_external_task_marker_parent to None, run_after=None
[2025-02-19T03:52:54.062+0000] {processor.py:208} INFO - Processing /home/airflow/.local/lib/python3.12/site-packages/airflow/example_dags/example_external_task_marker_dag.py took 0.106 seconds
[2025-02-19T03:53:24.469+0000] {processor.py:186} INFO - Started process (PID=341) to work on /home/airflow/.local/lib/python3.12/site-packages/airflow/example_dags/example_external_task_marker_dag.py
[2025-02-19T03:53:24.470+0000] {processor.py:914} INFO - Processing file /home/airflow/.local/lib/python3.12/site-packages/airflow/example_dags/example_external_task_marker_dag.py for tasks to queue
[2025-02-19T03:53:24.471+0000] {logging_mixin.py:190} INFO - [2025-02-19T03:53:24.471+0000] {dagbag.py:588} INFO - Filling up the DagBag from /home/airflow/.local/lib/python3.12/site-packages/airflow/example_dags/example_external_task_marker_dag.py
[2025-02-19T03:53:24.482+0000] {processor.py:925} INFO - DAG(s) 'example_external_task_marker_child', 'example_external_task_marker_parent' retrieved from /home/airflow/.local/lib/python3.12/site-packages/airflow/example_dags/example_external_task_marker_dag.py
[2025-02-19T03:53:24.510+0000] {logging_mixin.py:190} INFO - [2025-02-19T03:53:24.510+0000] {dag.py:3239} INFO - Sync 2 DAGs
[2025-02-19T03:53:24.525+0000] {logging_mixin.py:190} INFO - [2025-02-19T03:53:24.525+0000] {dag.py:4180} INFO - Setting next_dagrun for example_external_task_marker_child to None, run_after=None
[2025-02-19T03:53:24.529+0000] {logging_mixin.py:190} INFO - [2025-02-19T03:53:24.529+0000] {dag.py:4180} INFO - Setting next_dagrun for example_external_task_marker_parent to None, run_after=None
[2025-02-19T03:53:24.546+0000] {processor.py:208} INFO - Processing /home/airflow/.local/lib/python3.12/site-packages/airflow/example_dags/example_external_task_marker_dag.py took 0.094 seconds
[2025-02-19T03:53:55.570+0000] {processor.py:186} INFO - Started process (PID=405) to work on /home/airflow/.local/lib/python3.12/site-packages/airflow/example_dags/example_external_task_marker_dag.py
[2025-02-19T03:53:55.571+0000] {processor.py:914} INFO - Processing file /home/airflow/.local/lib/python3.12/site-packages/airflow/example_dags/example_external_task_marker_dag.py for tasks to queue
[2025-02-19T03:53:55.572+0000] {logging_mixin.py:190} INFO - [2025-02-19T03:53:55.572+0000] {dagbag.py:588} INFO - Filling up the DagBag from /home/airflow/.local/lib/python3.12/site-packages/airflow/example_dags/example_external_task_marker_dag.py
[2025-02-19T03:53:55.581+0000] {processor.py:925} INFO - DAG(s) 'example_external_task_marker_parent', 'example_external_task_marker_child' retrieved from /home/airflow/.local/lib/python3.12/site-packages/airflow/example_dags/example_external_task_marker_dag.py
[2025-02-19T03:53:55.608+0000] {logging_mixin.py:190} INFO - [2025-02-19T03:53:55.608+0000] {dag.py:3239} INFO - Sync 2 DAGs
[2025-02-19T03:53:55.624+0000] {logging_mixin.py:190} INFO - [2025-02-19T03:53:55.623+0000] {dag.py:4180} INFO - Setting next_dagrun for example_external_task_marker_child to None, run_after=None
[2025-02-19T03:53:55.628+0000] {logging_mixin.py:190} INFO - [2025-02-19T03:53:55.628+0000] {dag.py:4180} INFO - Setting next_dagrun for example_external_task_marker_parent to None, run_after=None
[2025-02-19T03:53:55.655+0000] {processor.py:208} INFO - Processing /home/airflow/.local/lib/python3.12/site-packages/airflow/example_dags/example_external_task_marker_dag.py took 0.090 seconds
[2025-02-19T03:54:26.402+0000] {processor.py:186} INFO - Started process (PID=469) to work on /home/airflow/.local/lib/python3.12/site-packages/airflow/example_dags/example_external_task_marker_dag.py
[2025-02-19T03:54:26.403+0000] {processor.py:914} INFO - Processing file /home/airflow/.local/lib/python3.12/site-packages/airflow/example_dags/example_external_task_marker_dag.py for tasks to queue
[2025-02-19T03:54:26.404+0000] {logging_mixin.py:190} INFO - [2025-02-19T03:54:26.404+0000] {dagbag.py:588} INFO - Filling up the DagBag from /home/airflow/.local/lib/python3.12/site-packages/airflow/example_dags/example_external_task_marker_dag.py
[2025-02-19T03:54:26.412+0000] {processor.py:925} INFO - DAG(s) 'example_external_task_marker_child', 'example_external_task_marker_parent' retrieved from /home/airflow/.local/lib/python3.12/site-packages/airflow/example_dags/example_external_task_marker_dag.py
[2025-02-19T03:54:26.438+0000] {logging_mixin.py:190} INFO - [2025-02-19T03:54:26.438+0000] {dag.py:3239} INFO - Sync 2 DAGs
[2025-02-19T03:54:26.453+0000] {logging_mixin.py:190} INFO - [2025-02-19T03:54:26.452+0000] {dag.py:4180} INFO - Setting next_dagrun for example_external_task_marker_child to None, run_after=None
[2025-02-19T03:54:26.457+0000] {logging_mixin.py:190} INFO - [2025-02-19T03:54:26.457+0000] {dag.py:4180} INFO - Setting next_dagrun for example_external_task_marker_parent to None, run_after=None
[2025-02-19T03:54:26.481+0000] {processor.py:208} INFO - Processing /home/airflow/.local/lib/python3.12/site-packages/airflow/example_dags/example_external_task_marker_dag.py took 0.084 seconds
[2025-02-19T03:54:56.589+0000] {processor.py:186} INFO - Started process (PID=533) to work on /home/airflow/.local/lib/python3.12/site-packages/airflow/example_dags/example_external_task_marker_dag.py
[2025-02-19T03:54:56.590+0000] {processor.py:914} INFO - Processing file /home/airflow/.local/lib/python3.12/site-packages/airflow/example_dags/example_external_task_marker_dag.py for tasks to queue
[2025-02-19T03:54:56.592+0000] {logging_mixin.py:190} INFO - [2025-02-19T03:54:56.591+0000] {dagbag.py:588} INFO - Filling up the DagBag from /home/airflow/.local/lib/python3.12/site-packages/airflow/example_dags/example_external_task_marker_dag.py
[2025-02-19T03:54:56.604+0000] {processor.py:925} INFO - DAG(s) 'example_external_task_marker_parent', 'example_external_task_marker_child' retrieved from /home/airflow/.local/lib/python3.12/site-packages/airflow/example_dags/example_external_task_marker_dag.py
[2025-02-19T03:54:56.636+0000] {logging_mixin.py:190} INFO - [2025-02-19T03:54:56.635+0000] {dag.py:3239} INFO - Sync 2 DAGs
[2025-02-19T03:54:56.656+0000] {logging_mixin.py:190} INFO - [2025-02-19T03:54:56.655+0000] {dag.py:4180} INFO - Setting next_dagrun for example_external_task_marker_child to None, run_after=None
[2025-02-19T03:54:56.661+0000] {logging_mixin.py:190} INFO - [2025-02-19T03:54:56.661+0000] {dag.py:4180} INFO - Setting next_dagrun for example_external_task_marker_parent to None, run_after=None
[2025-02-19T03:54:56.684+0000] {processor.py:208} INFO - Processing /home/airflow/.local/lib/python3.12/site-packages/airflow/example_dags/example_external_task_marker_dag.py took 0.103 seconds
[2025-02-19T03:55:27.073+0000] {processor.py:186} INFO - Started process (PID=597) to work on /home/airflow/.local/lib/python3.12/site-packages/airflow/example_dags/example_external_task_marker_dag.py
[2025-02-19T03:55:27.073+0000] {processor.py:914} INFO - Processing file /home/airflow/.local/lib/python3.12/site-packages/airflow/example_dags/example_external_task_marker_dag.py for tasks to queue
[2025-02-19T03:55:27.074+0000] {logging_mixin.py:190} INFO - [2025-02-19T03:55:27.074+0000] {dagbag.py:588} INFO - Filling up the DagBag from /home/airflow/.local/lib/python3.12/site-packages/airflow/example_dags/example_external_task_marker_dag.py
[2025-02-19T03:55:27.082+0000] {processor.py:925} INFO - DAG(s) 'example_external_task_marker_child', 'example_external_task_marker_parent' retrieved from /home/airflow/.local/lib/python3.12/site-packages/airflow/example_dags/example_external_task_marker_dag.py
[2025-02-19T03:55:27.106+0000] {logging_mixin.py:190} INFO - [2025-02-19T03:55:27.106+0000] {dag.py:3239} INFO - Sync 2 DAGs
[2025-02-19T03:55:27.124+0000] {logging_mixin.py:190} INFO - [2025-02-19T03:55:27.123+0000] {dag.py:4180} INFO - Setting next_dagrun for example_external_task_marker_child to None, run_after=None
[2025-02-19T03:55:27.127+0000] {logging_mixin.py:190} INFO - [2025-02-19T03:55:27.127+0000] {dag.py:4180} INFO - Setting next_dagrun for example_external_task_marker_parent to None, run_after=None
[2025-02-19T03:55:27.147+0000] {processor.py:208} INFO - Processing /home/airflow/.local/lib/python3.12/site-packages/airflow/example_dags/example_external_task_marker_dag.py took 0.079 seconds
[2025-02-19T03:55:57.428+0000] {processor.py:186} INFO - Started process (PID=665) to work on /home/airflow/.local/lib/python3.12/site-packages/airflow/example_dags/example_external_task_marker_dag.py
[2025-02-19T03:55:57.429+0000] {processor.py:914} INFO - Processing file /home/airflow/.local/lib/python3.12/site-packages/airflow/example_dags/example_external_task_marker_dag.py for tasks to queue
[2025-02-19T03:55:57.430+0000] {logging_mixin.py:190} INFO - [2025-02-19T03:55:57.430+0000] {dagbag.py:588} INFO - Filling up the DagBag from /home/airflow/.local/lib/python3.12/site-packages/airflow/example_dags/example_external_task_marker_dag.py
[2025-02-19T03:55:57.438+0000] {processor.py:925} INFO - DAG(s) 'example_external_task_marker_child', 'example_external_task_marker_parent' retrieved from /home/airflow/.local/lib/python3.12/site-packages/airflow/example_dags/example_external_task_marker_dag.py
[2025-02-19T03:55:57.463+0000] {logging_mixin.py:190} INFO - [2025-02-19T03:55:57.463+0000] {dag.py:3239} INFO - Sync 2 DAGs
[2025-02-19T03:55:57.477+0000] {logging_mixin.py:190} INFO - [2025-02-19T03:55:57.477+0000] {dag.py:4180} INFO - Setting next_dagrun for example_external_task_marker_child to None, run_after=None
[2025-02-19T03:55:57.481+0000] {logging_mixin.py:190} INFO - [2025-02-19T03:55:57.481+0000] {dag.py:4180} INFO - Setting next_dagrun for example_external_task_marker_parent to None, run_after=None
[2025-02-19T03:55:57.502+0000] {processor.py:208} INFO - Processing /home/airflow/.local/lib/python3.12/site-packages/airflow/example_dags/example_external_task_marker_dag.py took 0.080 seconds
[2025-02-19T03:56:27.831+0000] {processor.py:186} INFO - Started process (PID=729) to work on /home/airflow/.local/lib/python3.12/site-packages/airflow/example_dags/example_external_task_marker_dag.py
[2025-02-19T03:56:27.831+0000] {processor.py:914} INFO - Processing file /home/airflow/.local/lib/python3.12/site-packages/airflow/example_dags/example_external_task_marker_dag.py for tasks to queue
[2025-02-19T03:56:27.833+0000] {logging_mixin.py:190} INFO - [2025-02-19T03:56:27.832+0000] {dagbag.py:588} INFO - Filling up the DagBag from /home/airflow/.local/lib/python3.12/site-packages/airflow/example_dags/example_external_task_marker_dag.py
[2025-02-19T03:56:27.841+0000] {processor.py:925} INFO - DAG(s) 'example_external_task_marker_parent', 'example_external_task_marker_child' retrieved from /home/airflow/.local/lib/python3.12/site-packages/airflow/example_dags/example_external_task_marker_dag.py
[2025-02-19T03:56:27.867+0000] {logging_mixin.py:190} INFO - [2025-02-19T03:56:27.867+0000] {dag.py:3239} INFO - Sync 2 DAGs
[2025-02-19T03:56:27.883+0000] {logging_mixin.py:190} INFO - [2025-02-19T03:56:27.882+0000] {dag.py:4180} INFO - Setting next_dagrun for example_external_task_marker_child to None, run_after=None
[2025-02-19T03:56:27.887+0000] {logging_mixin.py:190} INFO - [2025-02-19T03:56:27.887+0000] {dag.py:4180} INFO - Setting next_dagrun for example_external_task_marker_parent to None, run_after=None
[2025-02-19T03:56:27.908+0000] {processor.py:208} INFO - Processing /home/airflow/.local/lib/python3.12/site-packages/airflow/example_dags/example_external_task_marker_dag.py took 0.083 seconds
[2025-02-19T03:56:58.803+0000] {processor.py:186} INFO - Started process (PID=793) to work on /home/airflow/.local/lib/python3.12/site-packages/airflow/example_dags/example_external_task_marker_dag.py
[2025-02-19T03:56:58.805+0000] {processor.py:914} INFO - Processing file /home/airflow/.local/lib/python3.12/site-packages/airflow/example_dags/example_external_task_marker_dag.py for tasks to queue
[2025-02-19T03:56:58.808+0000] {logging_mixin.py:190} INFO - [2025-02-19T03:56:58.807+0000] {dagbag.py:588} INFO - Filling up the DagBag from /home/airflow/.local/lib/python3.12/site-packages/airflow/example_dags/example_external_task_marker_dag.py
[2025-02-19T03:56:58.821+0000] {processor.py:925} INFO - DAG(s) 'example_external_task_marker_child', 'example_external_task_marker_parent' retrieved from /home/airflow/.local/lib/python3.12/site-packages/airflow/example_dags/example_external_task_marker_dag.py
[2025-02-19T03:56:58.859+0000] {logging_mixin.py:190} INFO - [2025-02-19T03:56:58.858+0000] {dag.py:3239} INFO - Sync 2 DAGs
[2025-02-19T03:56:58.883+0000] {logging_mixin.py:190} INFO - [2025-02-19T03:56:58.882+0000] {dag.py:4180} INFO - Setting next_dagrun for example_external_task_marker_child to None, run_after=None
[2025-02-19T03:56:58.890+0000] {logging_mixin.py:190} INFO - [2025-02-19T03:56:58.889+0000] {dag.py:4180} INFO - Setting next_dagrun for example_external_task_marker_parent to None, run_after=None
[2025-02-19T03:56:58.921+0000] {processor.py:208} INFO - Processing /home/airflow/.local/lib/python3.12/site-packages/airflow/example_dags/example_external_task_marker_dag.py took 0.129 seconds
[2025-02-19T03:57:29.304+0000] {processor.py:186} INFO - Started process (PID=857) to work on /home/airflow/.local/lib/python3.12/site-packages/airflow/example_dags/example_external_task_marker_dag.py
[2025-02-19T03:57:29.305+0000] {processor.py:914} INFO - Processing file /home/airflow/.local/lib/python3.12/site-packages/airflow/example_dags/example_external_task_marker_dag.py for tasks to queue
[2025-02-19T03:57:29.307+0000] {logging_mixin.py:190} INFO - [2025-02-19T03:57:29.306+0000] {dagbag.py:588} INFO - Filling up the DagBag from /home/airflow/.local/lib/python3.12/site-packages/airflow/example_dags/example_external_task_marker_dag.py
[2025-02-19T03:57:29.316+0000] {processor.py:925} INFO - DAG(s) 'example_external_task_marker_parent', 'example_external_task_marker_child' retrieved from /home/airflow/.local/lib/python3.12/site-packages/airflow/example_dags/example_external_task_marker_dag.py
[2025-02-19T03:57:29.342+0000] {logging_mixin.py:190} INFO - [2025-02-19T03:57:29.342+0000] {dag.py:3239} INFO - Sync 2 DAGs
[2025-02-19T03:57:29.360+0000] {logging_mixin.py:190} INFO - [2025-02-19T03:57:29.360+0000] {dag.py:4180} INFO - Setting next_dagrun for example_external_task_marker_child to None, run_after=None
[2025-02-19T03:57:29.364+0000] {logging_mixin.py:190} INFO - [2025-02-19T03:57:29.364+0000] {dag.py:4180} INFO - Setting next_dagrun for example_external_task_marker_parent to None, run_after=None
[2025-02-19T03:57:29.385+0000] {processor.py:208} INFO - Processing /home/airflow/.local/lib/python3.12/site-packages/airflow/example_dags/example_external_task_marker_dag.py took 0.087 seconds
[2025-02-19T03:58:00.083+0000] {processor.py:186} INFO - Started process (PID=921) to work on /home/airflow/.local/lib/python3.12/site-packages/airflow/example_dags/example_external_task_marker_dag.py
[2025-02-19T03:58:00.084+0000] {processor.py:914} INFO - Processing file /home/airflow/.local/lib/python3.12/site-packages/airflow/example_dags/example_external_task_marker_dag.py for tasks to queue
[2025-02-19T03:58:00.086+0000] {logging_mixin.py:190} INFO - [2025-02-19T03:58:00.086+0000] {dagbag.py:588} INFO - Filling up the DagBag from /home/airflow/.local/lib/python3.12/site-packages/airflow/example_dags/example_external_task_marker_dag.py
[2025-02-19T03:58:00.095+0000] {processor.py:925} INFO - DAG(s) 'example_external_task_marker_child', 'example_external_task_marker_parent' retrieved from /home/airflow/.local/lib/python3.12/site-packages/airflow/example_dags/example_external_task_marker_dag.py
[2025-02-19T03:58:00.126+0000] {logging_mixin.py:190} INFO - [2025-02-19T03:58:00.126+0000] {dag.py:3239} INFO - Sync 2 DAGs
[2025-02-19T03:58:00.141+0000] {logging_mixin.py:190} INFO - [2025-02-19T03:58:00.141+0000] {dag.py:4180} INFO - Setting next_dagrun for example_external_task_marker_child to None, run_after=None
[2025-02-19T03:58:00.147+0000] {logging_mixin.py:190} INFO - [2025-02-19T03:58:00.147+0000] {dag.py:4180} INFO - Setting next_dagrun for example_external_task_marker_parent to None, run_after=None
[2025-02-19T03:58:00.170+0000] {processor.py:208} INFO - Processing /home/airflow/.local/lib/python3.12/site-packages/airflow/example_dags/example_external_task_marker_dag.py took 0.093 seconds
[2025-02-19T03:58:30.980+0000] {processor.py:186} INFO - Started process (PID=985) to work on /home/airflow/.local/lib/python3.12/site-packages/airflow/example_dags/example_external_task_marker_dag.py
[2025-02-19T03:58:30.981+0000] {processor.py:914} INFO - Processing file /home/airflow/.local/lib/python3.12/site-packages/airflow/example_dags/example_external_task_marker_dag.py for tasks to queue
[2025-02-19T03:58:30.982+0000] {logging_mixin.py:190} INFO - [2025-02-19T03:58:30.982+0000] {dagbag.py:588} INFO - Filling up the DagBag from /home/airflow/.local/lib/python3.12/site-packages/airflow/example_dags/example_external_task_marker_dag.py
[2025-02-19T03:58:30.991+0000] {processor.py:925} INFO - DAG(s) 'example_external_task_marker_child', 'example_external_task_marker_parent' retrieved from /home/airflow/.local/lib/python3.12/site-packages/airflow/example_dags/example_external_task_marker_dag.py
[2025-02-19T03:58:31.019+0000] {logging_mixin.py:190} INFO - [2025-02-19T03:58:31.019+0000] {dag.py:3239} INFO - Sync 2 DAGs
[2025-02-19T03:58:31.034+0000] {logging_mixin.py:190} INFO - [2025-02-19T03:58:31.034+0000] {dag.py:4180} INFO - Setting next_dagrun for example_external_task_marker_child to None, run_after=None
[2025-02-19T03:58:31.039+0000] {logging_mixin.py:190} INFO - [2025-02-19T03:58:31.038+0000] {dag.py:4180} INFO - Setting next_dagrun for example_external_task_marker_parent to None, run_after=None
[2025-02-19T03:58:31.059+0000] {processor.py:208} INFO - Processing /home/airflow/.local/lib/python3.12/site-packages/airflow/example_dags/example_external_task_marker_dag.py took 0.084 seconds
[2025-02-19T03:59:01.100+0000] {processor.py:186} INFO - Started process (PID=1048) to work on /home/airflow/.local/lib/python3.12/site-packages/airflow/example_dags/example_external_task_marker_dag.py
[2025-02-19T03:59:01.101+0000] {processor.py:914} INFO - Processing file /home/airflow/.local/lib/python3.12/site-packages/airflow/example_dags/example_external_task_marker_dag.py for tasks to queue
[2025-02-19T03:59:01.103+0000] {logging_mixin.py:190} INFO - [2025-02-19T03:59:01.102+0000] {dagbag.py:588} INFO - Filling up the DagBag from /home/airflow/.local/lib/python3.12/site-packages/airflow/example_dags/example_external_task_marker_dag.py
[2025-02-19T03:59:01.112+0000] {processor.py:925} INFO - DAG(s) 'example_external_task_marker_parent', 'example_external_task_marker_child' retrieved from /home/airflow/.local/lib/python3.12/site-packages/airflow/example_dags/example_external_task_marker_dag.py
[2025-02-19T03:59:01.142+0000] {logging_mixin.py:190} INFO - [2025-02-19T03:59:01.141+0000] {dag.py:3239} INFO - Sync 2 DAGs
[2025-02-19T03:59:01.160+0000] {logging_mixin.py:190} INFO - [2025-02-19T03:59:01.160+0000] {dag.py:4180} INFO - Setting next_dagrun for example_external_task_marker_child to None, run_after=None
[2025-02-19T03:59:01.165+0000] {logging_mixin.py:190} INFO - [2025-02-19T03:59:01.165+0000] {dag.py:4180} INFO - Setting next_dagrun for example_external_task_marker_parent to None, run_after=None
[2025-02-19T03:59:01.187+0000] {processor.py:208} INFO - Processing /home/airflow/.local/lib/python3.12/site-packages/airflow/example_dags/example_external_task_marker_dag.py took 0.093 seconds
[2025-02-19T03:59:31.359+0000] {processor.py:186} INFO - Started process (PID=1112) to work on /home/airflow/.local/lib/python3.12/site-packages/airflow/example_dags/example_external_task_marker_dag.py
[2025-02-19T03:59:31.360+0000] {processor.py:914} INFO - Processing file /home/airflow/.local/lib/python3.12/site-packages/airflow/example_dags/example_external_task_marker_dag.py for tasks to queue
[2025-02-19T03:59:31.362+0000] {logging_mixin.py:190} INFO - [2025-02-19T03:59:31.361+0000] {dagbag.py:588} INFO - Filling up the DagBag from /home/airflow/.local/lib/python3.12/site-packages/airflow/example_dags/example_external_task_marker_dag.py
[2025-02-19T03:59:31.373+0000] {processor.py:925} INFO - DAG(s) 'example_external_task_marker_parent', 'example_external_task_marker_child' retrieved from /home/airflow/.local/lib/python3.12/site-packages/airflow/example_dags/example_external_task_marker_dag.py
[2025-02-19T03:59:31.402+0000] {logging_mixin.py:190} INFO - [2025-02-19T03:59:31.402+0000] {dag.py:3239} INFO - Sync 2 DAGs
[2025-02-19T03:59:31.419+0000] {logging_mixin.py:190} INFO - [2025-02-19T03:59:31.418+0000] {dag.py:4180} INFO - Setting next_dagrun for example_external_task_marker_child to None, run_after=None
[2025-02-19T03:59:31.424+0000] {logging_mixin.py:190} INFO - [2025-02-19T03:59:31.423+0000] {dag.py:4180} INFO - Setting next_dagrun for example_external_task_marker_parent to None, run_after=None
[2025-02-19T03:59:31.446+0000] {processor.py:208} INFO - Processing /home/airflow/.local/lib/python3.12/site-packages/airflow/example_dags/example_external_task_marker_dag.py took 0.095 seconds
[2025-02-19T04:00:02.513+0000] {processor.py:186} INFO - Started process (PID=1176) to work on /home/airflow/.local/lib/python3.12/site-packages/airflow/example_dags/example_external_task_marker_dag.py
[2025-02-19T04:00:02.514+0000] {processor.py:914} INFO - Processing file /home/airflow/.local/lib/python3.12/site-packages/airflow/example_dags/example_external_task_marker_dag.py for tasks to queue
[2025-02-19T04:00:02.515+0000] {logging_mixin.py:190} INFO - [2025-02-19T04:00:02.515+0000] {dagbag.py:588} INFO - Filling up the DagBag from /home/airflow/.local/lib/python3.12/site-packages/airflow/example_dags/example_external_task_marker_dag.py
[2025-02-19T04:00:02.527+0000] {processor.py:925} INFO - DAG(s) 'example_external_task_marker_child', 'example_external_task_marker_parent' retrieved from /home/airflow/.local/lib/python3.12/site-packages/airflow/example_dags/example_external_task_marker_dag.py
[2025-02-19T04:00:02.559+0000] {logging_mixin.py:190} INFO - [2025-02-19T04:00:02.559+0000] {dag.py:3239} INFO - Sync 2 DAGs
[2025-02-19T04:00:02.576+0000] {logging_mixin.py:190} INFO - [2025-02-19T04:00:02.576+0000] {dag.py:4180} INFO - Setting next_dagrun for example_external_task_marker_child to None, run_after=None
[2025-02-19T04:00:02.581+0000] {logging_mixin.py:190} INFO - [2025-02-19T04:00:02.580+0000] {dag.py:4180} INFO - Setting next_dagrun for example_external_task_marker_parent to None, run_after=None
[2025-02-19T04:00:02.599+0000] {processor.py:208} INFO - Processing /home/airflow/.local/lib/python3.12/site-packages/airflow/example_dags/example_external_task_marker_dag.py took 0.093 seconds
[2025-02-19T04:00:32.836+0000] {processor.py:186} INFO - Started process (PID=1240) to work on /home/airflow/.local/lib/python3.12/site-packages/airflow/example_dags/example_external_task_marker_dag.py
[2025-02-19T04:00:32.837+0000] {processor.py:914} INFO - Processing file /home/airflow/.local/lib/python3.12/site-packages/airflow/example_dags/example_external_task_marker_dag.py for tasks to queue
[2025-02-19T04:00:32.838+0000] {logging_mixin.py:190} INFO - [2025-02-19T04:00:32.838+0000] {dagbag.py:588} INFO - Filling up the DagBag from /home/airflow/.local/lib/python3.12/site-packages/airflow/example_dags/example_external_task_marker_dag.py
[2025-02-19T04:00:32.851+0000] {processor.py:925} INFO - DAG(s) 'example_external_task_marker_parent', 'example_external_task_marker_child' retrieved from /home/airflow/.local/lib/python3.12/site-packages/airflow/example_dags/example_external_task_marker_dag.py
[2025-02-19T04:00:32.878+0000] {logging_mixin.py:190} INFO - [2025-02-19T04:00:32.878+0000] {dag.py:3239} INFO - Sync 2 DAGs
[2025-02-19T04:00:32.899+0000] {logging_mixin.py:190} INFO - [2025-02-19T04:00:32.899+0000] {dag.py:4180} INFO - Setting next_dagrun for example_external_task_marker_child to None, run_after=None
[2025-02-19T04:00:32.905+0000] {logging_mixin.py:190} INFO - [2025-02-19T04:00:32.904+0000] {dag.py:4180} INFO - Setting next_dagrun for example_external_task_marker_parent to None, run_after=None
[2025-02-19T04:00:32.927+0000] {processor.py:208} INFO - Processing /home/airflow/.local/lib/python3.12/site-packages/airflow/example_dags/example_external_task_marker_dag.py took 0.099 seconds
[2025-02-19T04:01:03.053+0000] {processor.py:186} INFO - Started process (PID=1304) to work on /home/airflow/.local/lib/python3.12/site-packages/airflow/example_dags/example_external_task_marker_dag.py
[2025-02-19T04:01:03.054+0000] {processor.py:914} INFO - Processing file /home/airflow/.local/lib/python3.12/site-packages/airflow/example_dags/example_external_task_marker_dag.py for tasks to queue
[2025-02-19T04:01:03.056+0000] {logging_mixin.py:190} INFO - [2025-02-19T04:01:03.055+0000] {dagbag.py:588} INFO - Filling up the DagBag from /home/airflow/.local/lib/python3.12/site-packages/airflow/example_dags/example_external_task_marker_dag.py
[2025-02-19T04:01:03.066+0000] {processor.py:925} INFO - DAG(s) 'example_external_task_marker_parent', 'example_external_task_marker_child' retrieved from /home/airflow/.local/lib/python3.12/site-packages/airflow/example_dags/example_external_task_marker_dag.py
[2025-02-19T04:01:03.094+0000] {logging_mixin.py:190} INFO - [2025-02-19T04:01:03.094+0000] {dag.py:3239} INFO - Sync 2 DAGs
[2025-02-19T04:01:03.111+0000] {logging_mixin.py:190} INFO - [2025-02-19T04:01:03.111+0000] {dag.py:4180} INFO - Setting next_dagrun for example_external_task_marker_child to None, run_after=None
[2025-02-19T04:01:03.115+0000] {logging_mixin.py:190} INFO - [2025-02-19T04:01:03.115+0000] {dag.py:4180} INFO - Setting next_dagrun for example_external_task_marker_parent to None, run_after=None
[2025-02-19T04:01:03.139+0000] {processor.py:208} INFO - Processing /home/airflow/.local/lib/python3.12/site-packages/airflow/example_dags/example_external_task_marker_dag.py took 0.092 seconds
[2025-02-19T04:01:33.399+0000] {processor.py:186} INFO - Started process (PID=1368) to work on /home/airflow/.local/lib/python3.12/site-packages/airflow/example_dags/example_external_task_marker_dag.py
[2025-02-19T04:01:33.400+0000] {processor.py:914} INFO - Processing file /home/airflow/.local/lib/python3.12/site-packages/airflow/example_dags/example_external_task_marker_dag.py for tasks to queue
[2025-02-19T04:01:33.403+0000] {logging_mixin.py:190} INFO - [2025-02-19T04:01:33.402+0000] {dagbag.py:588} INFO - Filling up the DagBag from /home/airflow/.local/lib/python3.12/site-packages/airflow/example_dags/example_external_task_marker_dag.py
[2025-02-19T04:01:33.420+0000] {processor.py:925} INFO - DAG(s) 'example_external_task_marker_child', 'example_external_task_marker_parent' retrieved from /home/airflow/.local/lib/python3.12/site-packages/airflow/example_dags/example_external_task_marker_dag.py
[2025-02-19T04:01:33.464+0000] {logging_mixin.py:190} INFO - [2025-02-19T04:01:33.463+0000] {dag.py:3239} INFO - Sync 2 DAGs
[2025-02-19T04:01:33.490+0000] {logging_mixin.py:190} INFO - [2025-02-19T04:01:33.489+0000] {dag.py:4180} INFO - Setting next_dagrun for example_external_task_marker_child to None, run_after=None
[2025-02-19T04:01:33.496+0000] {logging_mixin.py:190} INFO - [2025-02-19T04:01:33.496+0000] {dag.py:4180} INFO - Setting next_dagrun for example_external_task_marker_parent to None, run_after=None
[2025-02-19T04:01:33.532+0000] {processor.py:208} INFO - Processing /home/airflow/.local/lib/python3.12/site-packages/airflow/example_dags/example_external_task_marker_dag.py took 0.151 seconds
