[2025-02-19T03:51:30.580+0000] {processor.py:186} INFO - Started process (PID=101) to work on /home/airflow/.local/lib/python3.12/site-packages/airflow/example_dags/example_setup_teardown.py
[2025-02-19T03:51:30.581+0000] {processor.py:914} INFO - Processing file /home/airflow/.local/lib/python3.12/site-packages/airflow/example_dags/example_setup_teardown.py for tasks to queue
[2025-02-19T03:51:30.584+0000] {logging_mixin.py:190} INFO - [2025-02-19T03:51:30.583+0000] {dagbag.py:588} INFO - Filling up the DagBag from /home/airflow/.local/lib/python3.12/site-packages/airflow/example_dags/example_setup_teardown.py
[2025-02-19T03:51:30.599+0000] {processor.py:925} INFO - DAG(s) 'example_setup_teardown' retrieved from /home/airflow/.local/lib/python3.12/site-packages/airflow/example_dags/example_setup_teardown.py
[2025-02-19T03:51:30.766+0000] {logging_mixin.py:190} INFO - [2025-02-19T03:51:30.764+0000] {override.py:1911} INFO - Created Permission View: can read on DAG:example_setup_teardown
[2025-02-19T03:51:30.782+0000] {logging_mixin.py:190} INFO - [2025-02-19T03:51:30.781+0000] {override.py:1911} INFO - Created Permission View: can delete on DAG:example_setup_teardown
[2025-02-19T03:51:30.794+0000] {logging_mixin.py:190} INFO - [2025-02-19T03:51:30.793+0000] {override.py:1911} INFO - Created Permission View: can edit on DAG:example_setup_teardown
[2025-02-19T03:51:30.839+0000] {logging_mixin.py:190} INFO - [2025-02-19T03:51:30.839+0000] {override.py:1911} INFO - Created Permission View: can read on DAG Run:example_setup_teardown
[2025-02-19T03:51:30.854+0000] {logging_mixin.py:190} INFO - [2025-02-19T03:51:30.853+0000] {override.py:1911} INFO - Created Permission View: can delete on DAG Run:example_setup_teardown
[2025-02-19T03:51:30.866+0000] {logging_mixin.py:190} INFO - [2025-02-19T03:51:30.866+0000] {override.py:1911} INFO - Created Permission View: can create on DAG Run:example_setup_teardown
[2025-02-19T03:51:30.879+0000] {logging_mixin.py:190} INFO - [2025-02-19T03:51:30.878+0000] {override.py:1911} INFO - Created Permission View: menu access on DAG Run:example_setup_teardown
[2025-02-19T03:51:30.880+0000] {logging_mixin.py:190} INFO - [2025-02-19T03:51:30.880+0000] {dag.py:3239} INFO - Sync 1 DAGs
[2025-02-19T03:51:30.901+0000] {logging_mixin.py:190} INFO - [2025-02-19T03:51:30.901+0000] {dag.py:3262} INFO - Creating ORM DAG for example_setup_teardown
[2025-02-19T03:51:30.903+0000] {logging_mixin.py:190} INFO - [2025-02-19T03:51:30.902+0000] {dag.py:4180} INFO - Setting next_dagrun for example_setup_teardown to None, run_after=None
[2025-02-19T03:51:30.931+0000] {processor.py:208} INFO - Processing /home/airflow/.local/lib/python3.12/site-packages/airflow/example_dags/example_setup_teardown.py took 0.361 seconds
[2025-02-19T03:52:01.705+0000] {processor.py:186} INFO - Started process (PID=165) to work on /home/airflow/.local/lib/python3.12/site-packages/airflow/example_dags/example_setup_teardown.py
[2025-02-19T03:52:01.707+0000] {processor.py:914} INFO - Processing file /home/airflow/.local/lib/python3.12/site-packages/airflow/example_dags/example_setup_teardown.py for tasks to queue
[2025-02-19T03:52:01.710+0000] {logging_mixin.py:190} INFO - [2025-02-19T03:52:01.709+0000] {dagbag.py:588} INFO - Filling up the DagBag from /home/airflow/.local/lib/python3.12/site-packages/airflow/example_dags/example_setup_teardown.py
[2025-02-19T03:52:01.728+0000] {processor.py:925} INFO - DAG(s) 'example_setup_teardown' retrieved from /home/airflow/.local/lib/python3.12/site-packages/airflow/example_dags/example_setup_teardown.py
[2025-02-19T03:52:01.767+0000] {logging_mixin.py:190} INFO - [2025-02-19T03:52:01.766+0000] {dag.py:3239} INFO - Sync 1 DAGs
[2025-02-19T03:52:01.791+0000] {logging_mixin.py:190} INFO - [2025-02-19T03:52:01.791+0000] {dag.py:4180} INFO - Setting next_dagrun for example_setup_teardown to None, run_after=None
[2025-02-19T03:52:01.823+0000] {processor.py:208} INFO - Processing /home/airflow/.local/lib/python3.12/site-packages/airflow/example_dags/example_setup_teardown.py took 0.128 seconds
[2025-02-19T03:52:32.815+0000] {processor.py:186} INFO - Started process (PID=229) to work on /home/airflow/.local/lib/python3.12/site-packages/airflow/example_dags/example_setup_teardown.py
[2025-02-19T03:52:32.817+0000] {processor.py:914} INFO - Processing file /home/airflow/.local/lib/python3.12/site-packages/airflow/example_dags/example_setup_teardown.py for tasks to queue
[2025-02-19T03:52:32.819+0000] {logging_mixin.py:190} INFO - [2025-02-19T03:52:32.818+0000] {dagbag.py:588} INFO - Filling up the DagBag from /home/airflow/.local/lib/python3.12/site-packages/airflow/example_dags/example_setup_teardown.py
[2025-02-19T03:52:32.839+0000] {processor.py:925} INFO - DAG(s) 'example_setup_teardown' retrieved from /home/airflow/.local/lib/python3.12/site-packages/airflow/example_dags/example_setup_teardown.py
[2025-02-19T03:52:32.896+0000] {logging_mixin.py:190} INFO - [2025-02-19T03:52:32.895+0000] {dag.py:3239} INFO - Sync 1 DAGs
[2025-02-19T03:52:32.934+0000] {logging_mixin.py:190} INFO - [2025-02-19T03:52:32.933+0000] {dag.py:4180} INFO - Setting next_dagrun for example_setup_teardown to None, run_after=None
[2025-02-19T03:52:32.968+0000] {processor.py:208} INFO - Processing /home/airflow/.local/lib/python3.12/site-packages/airflow/example_dags/example_setup_teardown.py took 0.165 seconds
[2025-02-19T03:53:03.695+0000] {processor.py:186} INFO - Started process (PID=292) to work on /home/airflow/.local/lib/python3.12/site-packages/airflow/example_dags/example_setup_teardown.py
[2025-02-19T03:53:03.696+0000] {processor.py:914} INFO - Processing file /home/airflow/.local/lib/python3.12/site-packages/airflow/example_dags/example_setup_teardown.py for tasks to queue
[2025-02-19T03:53:03.698+0000] {logging_mixin.py:190} INFO - [2025-02-19T03:53:03.698+0000] {dagbag.py:588} INFO - Filling up the DagBag from /home/airflow/.local/lib/python3.12/site-packages/airflow/example_dags/example_setup_teardown.py
[2025-02-19T03:53:03.707+0000] {processor.py:925} INFO - DAG(s) 'example_setup_teardown' retrieved from /home/airflow/.local/lib/python3.12/site-packages/airflow/example_dags/example_setup_teardown.py
[2025-02-19T03:53:03.731+0000] {logging_mixin.py:190} INFO - [2025-02-19T03:53:03.731+0000] {dag.py:3239} INFO - Sync 1 DAGs
[2025-02-19T03:53:03.746+0000] {logging_mixin.py:190} INFO - [2025-02-19T03:53:03.746+0000] {dag.py:4180} INFO - Setting next_dagrun for example_setup_teardown to None, run_after=None
[2025-02-19T03:53:03.776+0000] {processor.py:208} INFO - Processing /home/airflow/.local/lib/python3.12/site-packages/airflow/example_dags/example_setup_teardown.py took 0.088 seconds
[2025-02-19T03:53:33.825+0000] {processor.py:186} INFO - Started process (PID=359) to work on /home/airflow/.local/lib/python3.12/site-packages/airflow/example_dags/example_setup_teardown.py
[2025-02-19T03:53:33.826+0000] {processor.py:914} INFO - Processing file /home/airflow/.local/lib/python3.12/site-packages/airflow/example_dags/example_setup_teardown.py for tasks to queue
[2025-02-19T03:53:33.828+0000] {logging_mixin.py:190} INFO - [2025-02-19T03:53:33.828+0000] {dagbag.py:588} INFO - Filling up the DagBag from /home/airflow/.local/lib/python3.12/site-packages/airflow/example_dags/example_setup_teardown.py
[2025-02-19T03:53:33.840+0000] {processor.py:925} INFO - DAG(s) 'example_setup_teardown' retrieved from /home/airflow/.local/lib/python3.12/site-packages/airflow/example_dags/example_setup_teardown.py
[2025-02-19T03:53:33.869+0000] {logging_mixin.py:190} INFO - [2025-02-19T03:53:33.869+0000] {dag.py:3239} INFO - Sync 1 DAGs
[2025-02-19T03:53:33.892+0000] {logging_mixin.py:190} INFO - [2025-02-19T03:53:33.891+0000] {dag.py:4180} INFO - Setting next_dagrun for example_setup_teardown to None, run_after=None
[2025-02-19T03:53:33.923+0000] {processor.py:208} INFO - Processing /home/airflow/.local/lib/python3.12/site-packages/airflow/example_dags/example_setup_teardown.py took 0.107 seconds
[2025-02-19T03:54:04.800+0000] {processor.py:186} INFO - Started process (PID=423) to work on /home/airflow/.local/lib/python3.12/site-packages/airflow/example_dags/example_setup_teardown.py
[2025-02-19T03:54:04.801+0000] {processor.py:914} INFO - Processing file /home/airflow/.local/lib/python3.12/site-packages/airflow/example_dags/example_setup_teardown.py for tasks to queue
[2025-02-19T03:54:04.803+0000] {logging_mixin.py:190} INFO - [2025-02-19T03:54:04.803+0000] {dagbag.py:588} INFO - Filling up the DagBag from /home/airflow/.local/lib/python3.12/site-packages/airflow/example_dags/example_setup_teardown.py
[2025-02-19T03:54:04.814+0000] {processor.py:925} INFO - DAG(s) 'example_setup_teardown' retrieved from /home/airflow/.local/lib/python3.12/site-packages/airflow/example_dags/example_setup_teardown.py
[2025-02-19T03:54:04.841+0000] {logging_mixin.py:190} INFO - [2025-02-19T03:54:04.841+0000] {dag.py:3239} INFO - Sync 1 DAGs
[2025-02-19T03:54:04.861+0000] {logging_mixin.py:190} INFO - [2025-02-19T03:54:04.860+0000] {dag.py:4180} INFO - Setting next_dagrun for example_setup_teardown to None, run_after=None
[2025-02-19T03:54:04.888+0000] {processor.py:208} INFO - Processing /home/airflow/.local/lib/python3.12/site-packages/airflow/example_dags/example_setup_teardown.py took 0.094 seconds
[2025-02-19T03:54:37.596+0000] {processor.py:186} INFO - Started process (PID=488) to work on /home/airflow/.local/lib/python3.12/site-packages/airflow/example_dags/example_setup_teardown.py
[2025-02-19T03:54:37.597+0000] {processor.py:914} INFO - Processing file /home/airflow/.local/lib/python3.12/site-packages/airflow/example_dags/example_setup_teardown.py for tasks to queue
[2025-02-19T03:54:37.599+0000] {logging_mixin.py:190} INFO - [2025-02-19T03:54:37.598+0000] {dagbag.py:588} INFO - Filling up the DagBag from /home/airflow/.local/lib/python3.12/site-packages/airflow/example_dags/example_setup_teardown.py
[2025-02-19T03:54:37.620+0000] {processor.py:925} INFO - DAG(s) 'example_setup_teardown' retrieved from /home/airflow/.local/lib/python3.12/site-packages/airflow/example_dags/example_setup_teardown.py
[2025-02-19T03:54:37.655+0000] {logging_mixin.py:190} INFO - [2025-02-19T03:54:37.654+0000] {dag.py:3239} INFO - Sync 1 DAGs
[2025-02-19T03:54:37.678+0000] {logging_mixin.py:190} INFO - [2025-02-19T03:54:37.677+0000] {dag.py:4180} INFO - Setting next_dagrun for example_setup_teardown to None, run_after=None
[2025-02-19T03:54:37.715+0000] {processor.py:208} INFO - Processing /home/airflow/.local/lib/python3.12/site-packages/airflow/example_dags/example_setup_teardown.py took 0.130 seconds
[2025-02-19T03:55:07.843+0000] {processor.py:186} INFO - Started process (PID=551) to work on /home/airflow/.local/lib/python3.12/site-packages/airflow/example_dags/example_setup_teardown.py
[2025-02-19T03:55:07.844+0000] {processor.py:914} INFO - Processing file /home/airflow/.local/lib/python3.12/site-packages/airflow/example_dags/example_setup_teardown.py for tasks to queue
[2025-02-19T03:55:07.846+0000] {logging_mixin.py:190} INFO - [2025-02-19T03:55:07.846+0000] {dagbag.py:588} INFO - Filling up the DagBag from /home/airflow/.local/lib/python3.12/site-packages/airflow/example_dags/example_setup_teardown.py
[2025-02-19T03:55:07.856+0000] {processor.py:925} INFO - DAG(s) 'example_setup_teardown' retrieved from /home/airflow/.local/lib/python3.12/site-packages/airflow/example_dags/example_setup_teardown.py
[2025-02-19T03:55:07.885+0000] {logging_mixin.py:190} INFO - [2025-02-19T03:55:07.884+0000] {dag.py:3239} INFO - Sync 1 DAGs
[2025-02-19T03:55:07.908+0000] {logging_mixin.py:190} INFO - [2025-02-19T03:55:07.908+0000] {dag.py:4180} INFO - Setting next_dagrun for example_setup_teardown to None, run_after=None
[2025-02-19T03:55:07.939+0000] {processor.py:208} INFO - Processing /home/airflow/.local/lib/python3.12/site-packages/airflow/example_dags/example_setup_teardown.py took 0.105 seconds
[2025-02-19T03:55:38.175+0000] {processor.py:186} INFO - Started process (PID=618) to work on /home/airflow/.local/lib/python3.12/site-packages/airflow/example_dags/example_setup_teardown.py
[2025-02-19T03:55:38.176+0000] {processor.py:914} INFO - Processing file /home/airflow/.local/lib/python3.12/site-packages/airflow/example_dags/example_setup_teardown.py for tasks to queue
[2025-02-19T03:55:38.179+0000] {logging_mixin.py:190} INFO - [2025-02-19T03:55:38.178+0000] {dagbag.py:588} INFO - Filling up the DagBag from /home/airflow/.local/lib/python3.12/site-packages/airflow/example_dags/example_setup_teardown.py
[2025-02-19T03:55:38.195+0000] {processor.py:925} INFO - DAG(s) 'example_setup_teardown' retrieved from /home/airflow/.local/lib/python3.12/site-packages/airflow/example_dags/example_setup_teardown.py
[2025-02-19T03:55:38.242+0000] {logging_mixin.py:190} INFO - [2025-02-19T03:55:38.241+0000] {dag.py:3239} INFO - Sync 1 DAGs
[2025-02-19T03:55:38.274+0000] {logging_mixin.py:190} INFO - [2025-02-19T03:55:38.274+0000] {dag.py:4180} INFO - Setting next_dagrun for example_setup_teardown to None, run_after=None
[2025-02-19T03:55:38.308+0000] {processor.py:208} INFO - Processing /home/airflow/.local/lib/python3.12/site-packages/airflow/example_dags/example_setup_teardown.py took 0.142 seconds
[2025-02-19T03:56:08.431+0000] {processor.py:186} INFO - Started process (PID=681) to work on /home/airflow/.local/lib/python3.12/site-packages/airflow/example_dags/example_setup_teardown.py
[2025-02-19T03:56:08.431+0000] {processor.py:914} INFO - Processing file /home/airflow/.local/lib/python3.12/site-packages/airflow/example_dags/example_setup_teardown.py for tasks to queue
[2025-02-19T03:56:08.433+0000] {logging_mixin.py:190} INFO - [2025-02-19T03:56:08.432+0000] {dagbag.py:588} INFO - Filling up the DagBag from /home/airflow/.local/lib/python3.12/site-packages/airflow/example_dags/example_setup_teardown.py
[2025-02-19T03:56:08.441+0000] {processor.py:925} INFO - DAG(s) 'example_setup_teardown' retrieved from /home/airflow/.local/lib/python3.12/site-packages/airflow/example_dags/example_setup_teardown.py
[2025-02-19T03:56:08.465+0000] {logging_mixin.py:190} INFO - [2025-02-19T03:56:08.465+0000] {dag.py:3239} INFO - Sync 1 DAGs
[2025-02-19T03:56:08.481+0000] {logging_mixin.py:190} INFO - [2025-02-19T03:56:08.481+0000] {dag.py:4180} INFO - Setting next_dagrun for example_setup_teardown to None, run_after=None
[2025-02-19T03:56:08.503+0000] {processor.py:208} INFO - Processing /home/airflow/.local/lib/python3.12/site-packages/airflow/example_dags/example_setup_teardown.py took 0.079 seconds
[2025-02-19T03:56:38.811+0000] {processor.py:186} INFO - Started process (PID=745) to work on /home/airflow/.local/lib/python3.12/site-packages/airflow/example_dags/example_setup_teardown.py
[2025-02-19T03:56:38.812+0000] {processor.py:914} INFO - Processing file /home/airflow/.local/lib/python3.12/site-packages/airflow/example_dags/example_setup_teardown.py for tasks to queue
[2025-02-19T03:56:38.813+0000] {logging_mixin.py:190} INFO - [2025-02-19T03:56:38.813+0000] {dagbag.py:588} INFO - Filling up the DagBag from /home/airflow/.local/lib/python3.12/site-packages/airflow/example_dags/example_setup_teardown.py
[2025-02-19T03:56:38.823+0000] {processor.py:925} INFO - DAG(s) 'example_setup_teardown' retrieved from /home/airflow/.local/lib/python3.12/site-packages/airflow/example_dags/example_setup_teardown.py
[2025-02-19T03:56:38.845+0000] {logging_mixin.py:190} INFO - [2025-02-19T03:56:38.845+0000] {dag.py:3239} INFO - Sync 1 DAGs
[2025-02-19T03:56:38.861+0000] {logging_mixin.py:190} INFO - [2025-02-19T03:56:38.860+0000] {dag.py:4180} INFO - Setting next_dagrun for example_setup_teardown to None, run_after=None
[2025-02-19T03:56:38.886+0000] {processor.py:208} INFO - Processing /home/airflow/.local/lib/python3.12/site-packages/airflow/example_dags/example_setup_teardown.py took 0.081 seconds
[2025-02-19T03:57:09.220+0000] {processor.py:186} INFO - Started process (PID=808) to work on /home/airflow/.local/lib/python3.12/site-packages/airflow/example_dags/example_setup_teardown.py
[2025-02-19T03:57:09.220+0000] {processor.py:914} INFO - Processing file /home/airflow/.local/lib/python3.12/site-packages/airflow/example_dags/example_setup_teardown.py for tasks to queue
[2025-02-19T03:57:09.222+0000] {logging_mixin.py:190} INFO - [2025-02-19T03:57:09.221+0000] {dagbag.py:588} INFO - Filling up the DagBag from /home/airflow/.local/lib/python3.12/site-packages/airflow/example_dags/example_setup_teardown.py
[2025-02-19T03:57:09.233+0000] {processor.py:925} INFO - DAG(s) 'example_setup_teardown' retrieved from /home/airflow/.local/lib/python3.12/site-packages/airflow/example_dags/example_setup_teardown.py
[2025-02-19T03:57:09.258+0000] {logging_mixin.py:190} INFO - [2025-02-19T03:57:09.257+0000] {dag.py:3239} INFO - Sync 1 DAGs
[2025-02-19T03:57:09.277+0000] {logging_mixin.py:190} INFO - [2025-02-19T03:57:09.276+0000] {dag.py:4180} INFO - Setting next_dagrun for example_setup_teardown to None, run_after=None
[2025-02-19T03:57:09.300+0000] {processor.py:208} INFO - Processing /home/airflow/.local/lib/python3.12/site-packages/airflow/example_dags/example_setup_teardown.py took 0.087 seconds
[2025-02-19T03:57:40.099+0000] {processor.py:186} INFO - Started process (PID=872) to work on /home/airflow/.local/lib/python3.12/site-packages/airflow/example_dags/example_setup_teardown.py
[2025-02-19T03:57:40.100+0000] {processor.py:914} INFO - Processing file /home/airflow/.local/lib/python3.12/site-packages/airflow/example_dags/example_setup_teardown.py for tasks to queue
[2025-02-19T03:57:40.102+0000] {logging_mixin.py:190} INFO - [2025-02-19T03:57:40.102+0000] {dagbag.py:588} INFO - Filling up the DagBag from /home/airflow/.local/lib/python3.12/site-packages/airflow/example_dags/example_setup_teardown.py
[2025-02-19T03:57:40.114+0000] {processor.py:925} INFO - DAG(s) 'example_setup_teardown' retrieved from /home/airflow/.local/lib/python3.12/site-packages/airflow/example_dags/example_setup_teardown.py
[2025-02-19T03:57:40.140+0000] {logging_mixin.py:190} INFO - [2025-02-19T03:57:40.139+0000] {dag.py:3239} INFO - Sync 1 DAGs
[2025-02-19T03:57:40.157+0000] {logging_mixin.py:190} INFO - [2025-02-19T03:57:40.157+0000] {dag.py:4180} INFO - Setting next_dagrun for example_setup_teardown to None, run_after=None
[2025-02-19T03:57:40.186+0000] {processor.py:208} INFO - Processing /home/airflow/.local/lib/python3.12/site-packages/airflow/example_dags/example_setup_teardown.py took 0.092 seconds
[2025-02-19T03:58:11.177+0000] {processor.py:186} INFO - Started process (PID=937) to work on /home/airflow/.local/lib/python3.12/site-packages/airflow/example_dags/example_setup_teardown.py
[2025-02-19T03:58:11.178+0000] {processor.py:914} INFO - Processing file /home/airflow/.local/lib/python3.12/site-packages/airflow/example_dags/example_setup_teardown.py for tasks to queue
[2025-02-19T03:58:11.180+0000] {logging_mixin.py:190} INFO - [2025-02-19T03:58:11.180+0000] {dagbag.py:588} INFO - Filling up the DagBag from /home/airflow/.local/lib/python3.12/site-packages/airflow/example_dags/example_setup_teardown.py
[2025-02-19T03:58:11.189+0000] {processor.py:925} INFO - DAG(s) 'example_setup_teardown' retrieved from /home/airflow/.local/lib/python3.12/site-packages/airflow/example_dags/example_setup_teardown.py
[2025-02-19T03:58:11.217+0000] {logging_mixin.py:190} INFO - [2025-02-19T03:58:11.217+0000] {dag.py:3239} INFO - Sync 1 DAGs
[2025-02-19T03:58:11.238+0000] {logging_mixin.py:190} INFO - [2025-02-19T03:58:11.238+0000] {dag.py:4180} INFO - Setting next_dagrun for example_setup_teardown to None, run_after=None
[2025-02-19T03:58:11.268+0000] {processor.py:208} INFO - Processing /home/airflow/.local/lib/python3.12/site-packages/airflow/example_dags/example_setup_teardown.py took 0.099 seconds
[2025-02-19T03:58:42.453+0000] {processor.py:186} INFO - Started process (PID=1002) to work on /home/airflow/.local/lib/python3.12/site-packages/airflow/example_dags/example_setup_teardown.py
[2025-02-19T03:58:42.454+0000] {processor.py:914} INFO - Processing file /home/airflow/.local/lib/python3.12/site-packages/airflow/example_dags/example_setup_teardown.py for tasks to queue
[2025-02-19T03:58:42.456+0000] {logging_mixin.py:190} INFO - [2025-02-19T03:58:42.455+0000] {dagbag.py:588} INFO - Filling up the DagBag from /home/airflow/.local/lib/python3.12/site-packages/airflow/example_dags/example_setup_teardown.py
[2025-02-19T03:58:42.470+0000] {processor.py:925} INFO - DAG(s) 'example_setup_teardown' retrieved from /home/airflow/.local/lib/python3.12/site-packages/airflow/example_dags/example_setup_teardown.py
[2025-02-19T03:58:42.511+0000] {logging_mixin.py:190} INFO - [2025-02-19T03:58:42.511+0000] {dag.py:3239} INFO - Sync 1 DAGs
[2025-02-19T03:58:42.533+0000] {logging_mixin.py:190} INFO - [2025-02-19T03:58:42.533+0000] {dag.py:4180} INFO - Setting next_dagrun for example_setup_teardown to None, run_after=None
[2025-02-19T03:58:42.561+0000] {processor.py:208} INFO - Processing /home/airflow/.local/lib/python3.12/site-packages/airflow/example_dags/example_setup_teardown.py took 0.119 seconds
[2025-02-19T03:59:13.409+0000] {processor.py:186} INFO - Started process (PID=1065) to work on /home/airflow/.local/lib/python3.12/site-packages/airflow/example_dags/example_setup_teardown.py
[2025-02-19T03:59:13.411+0000] {processor.py:914} INFO - Processing file /home/airflow/.local/lib/python3.12/site-packages/airflow/example_dags/example_setup_teardown.py for tasks to queue
[2025-02-19T03:59:13.412+0000] {logging_mixin.py:190} INFO - [2025-02-19T03:59:13.412+0000] {dagbag.py:588} INFO - Filling up the DagBag from /home/airflow/.local/lib/python3.12/site-packages/airflow/example_dags/example_setup_teardown.py
[2025-02-19T03:59:13.422+0000] {processor.py:925} INFO - DAG(s) 'example_setup_teardown' retrieved from /home/airflow/.local/lib/python3.12/site-packages/airflow/example_dags/example_setup_teardown.py
[2025-02-19T03:59:13.448+0000] {logging_mixin.py:190} INFO - [2025-02-19T03:59:13.448+0000] {dag.py:3239} INFO - Sync 1 DAGs
[2025-02-19T03:59:13.465+0000] {logging_mixin.py:190} INFO - [2025-02-19T03:59:13.465+0000] {dag.py:4180} INFO - Setting next_dagrun for example_setup_teardown to None, run_after=None
[2025-02-19T03:59:13.501+0000] {processor.py:208} INFO - Processing /home/airflow/.local/lib/python3.12/site-packages/airflow/example_dags/example_setup_teardown.py took 0.100 seconds
[2025-02-19T03:59:43.668+0000] {processor.py:186} INFO - Started process (PID=1128) to work on /home/airflow/.local/lib/python3.12/site-packages/airflow/example_dags/example_setup_teardown.py
[2025-02-19T03:59:43.669+0000] {processor.py:914} INFO - Processing file /home/airflow/.local/lib/python3.12/site-packages/airflow/example_dags/example_setup_teardown.py for tasks to queue
[2025-02-19T03:59:43.670+0000] {logging_mixin.py:190} INFO - [2025-02-19T03:59:43.670+0000] {dagbag.py:588} INFO - Filling up the DagBag from /home/airflow/.local/lib/python3.12/site-packages/airflow/example_dags/example_setup_teardown.py
[2025-02-19T03:59:43.679+0000] {processor.py:925} INFO - DAG(s) 'example_setup_teardown' retrieved from /home/airflow/.local/lib/python3.12/site-packages/airflow/example_dags/example_setup_teardown.py
[2025-02-19T03:59:43.702+0000] {logging_mixin.py:190} INFO - [2025-02-19T03:59:43.702+0000] {dag.py:3239} INFO - Sync 1 DAGs
[2025-02-19T03:59:43.720+0000] {logging_mixin.py:190} INFO - [2025-02-19T03:59:43.719+0000] {dag.py:4180} INFO - Setting next_dagrun for example_setup_teardown to None, run_after=None
[2025-02-19T03:59:43.745+0000] {processor.py:208} INFO - Processing /home/airflow/.local/lib/python3.12/site-packages/airflow/example_dags/example_setup_teardown.py took 0.082 seconds
[2025-02-19T04:00:14.484+0000] {processor.py:186} INFO - Started process (PID=1192) to work on /home/airflow/.local/lib/python3.12/site-packages/airflow/example_dags/example_setup_teardown.py
[2025-02-19T04:00:14.485+0000] {processor.py:914} INFO - Processing file /home/airflow/.local/lib/python3.12/site-packages/airflow/example_dags/example_setup_teardown.py for tasks to queue
[2025-02-19T04:00:14.486+0000] {logging_mixin.py:190} INFO - [2025-02-19T04:00:14.486+0000] {dagbag.py:588} INFO - Filling up the DagBag from /home/airflow/.local/lib/python3.12/site-packages/airflow/example_dags/example_setup_teardown.py
[2025-02-19T04:00:14.494+0000] {processor.py:925} INFO - DAG(s) 'example_setup_teardown' retrieved from /home/airflow/.local/lib/python3.12/site-packages/airflow/example_dags/example_setup_teardown.py
[2025-02-19T04:00:14.517+0000] {logging_mixin.py:190} INFO - [2025-02-19T04:00:14.516+0000] {dag.py:3239} INFO - Sync 1 DAGs
[2025-02-19T04:00:14.531+0000] {logging_mixin.py:190} INFO - [2025-02-19T04:00:14.530+0000] {dag.py:4180} INFO - Setting next_dagrun for example_setup_teardown to None, run_after=None
[2025-02-19T04:00:14.558+0000] {processor.py:208} INFO - Processing /home/airflow/.local/lib/python3.12/site-packages/airflow/example_dags/example_setup_teardown.py took 0.079 seconds
[2025-02-19T04:00:44.774+0000] {processor.py:186} INFO - Started process (PID=1256) to work on /home/airflow/.local/lib/python3.12/site-packages/airflow/example_dags/example_setup_teardown.py
[2025-02-19T04:00:44.775+0000] {processor.py:914} INFO - Processing file /home/airflow/.local/lib/python3.12/site-packages/airflow/example_dags/example_setup_teardown.py for tasks to queue
[2025-02-19T04:00:44.777+0000] {logging_mixin.py:190} INFO - [2025-02-19T04:00:44.777+0000] {dagbag.py:588} INFO - Filling up the DagBag from /home/airflow/.local/lib/python3.12/site-packages/airflow/example_dags/example_setup_teardown.py
[2025-02-19T04:00:44.785+0000] {processor.py:925} INFO - DAG(s) 'example_setup_teardown' retrieved from /home/airflow/.local/lib/python3.12/site-packages/airflow/example_dags/example_setup_teardown.py
[2025-02-19T04:00:44.809+0000] {logging_mixin.py:190} INFO - [2025-02-19T04:00:44.809+0000] {dag.py:3239} INFO - Sync 1 DAGs
[2025-02-19T04:00:44.823+0000] {logging_mixin.py:190} INFO - [2025-02-19T04:00:44.823+0000] {dag.py:4180} INFO - Setting next_dagrun for example_setup_teardown to None, run_after=None
[2025-02-19T04:00:44.846+0000] {processor.py:208} INFO - Processing /home/airflow/.local/lib/python3.12/site-packages/airflow/example_dags/example_setup_teardown.py took 0.078 seconds
[2025-02-19T04:01:14.977+0000] {processor.py:186} INFO - Started process (PID=1319) to work on /home/airflow/.local/lib/python3.12/site-packages/airflow/example_dags/example_setup_teardown.py
[2025-02-19T04:01:14.978+0000] {processor.py:914} INFO - Processing file /home/airflow/.local/lib/python3.12/site-packages/airflow/example_dags/example_setup_teardown.py for tasks to queue
[2025-02-19T04:01:14.980+0000] {logging_mixin.py:190} INFO - [2025-02-19T04:01:14.979+0000] {dagbag.py:588} INFO - Filling up the DagBag from /home/airflow/.local/lib/python3.12/site-packages/airflow/example_dags/example_setup_teardown.py
[2025-02-19T04:01:14.988+0000] {processor.py:925} INFO - DAG(s) 'example_setup_teardown' retrieved from /home/airflow/.local/lib/python3.12/site-packages/airflow/example_dags/example_setup_teardown.py
[2025-02-19T04:01:15.011+0000] {logging_mixin.py:190} INFO - [2025-02-19T04:01:15.010+0000] {dag.py:3239} INFO - Sync 1 DAGs
[2025-02-19T04:01:15.026+0000] {logging_mixin.py:190} INFO - [2025-02-19T04:01:15.026+0000] {dag.py:4180} INFO - Setting next_dagrun for example_setup_teardown to None, run_after=None
[2025-02-19T04:01:15.050+0000] {processor.py:208} INFO - Processing /home/airflow/.local/lib/python3.12/site-packages/airflow/example_dags/example_setup_teardown.py took 0.078 seconds
[2025-02-19T04:01:45.635+0000] {processor.py:186} INFO - Started process (PID=1384) to work on /home/airflow/.local/lib/python3.12/site-packages/airflow/example_dags/example_setup_teardown.py
[2025-02-19T04:01:45.636+0000] {processor.py:914} INFO - Processing file /home/airflow/.local/lib/python3.12/site-packages/airflow/example_dags/example_setup_teardown.py for tasks to queue
[2025-02-19T04:01:45.638+0000] {logging_mixin.py:190} INFO - [2025-02-19T04:01:45.637+0000] {dagbag.py:588} INFO - Filling up the DagBag from /home/airflow/.local/lib/python3.12/site-packages/airflow/example_dags/example_setup_teardown.py
[2025-02-19T04:01:45.650+0000] {processor.py:925} INFO - DAG(s) 'example_setup_teardown' retrieved from /home/airflow/.local/lib/python3.12/site-packages/airflow/example_dags/example_setup_teardown.py
[2025-02-19T04:01:45.675+0000] {logging_mixin.py:190} INFO - [2025-02-19T04:01:45.675+0000] {dag.py:3239} INFO - Sync 1 DAGs
[2025-02-19T04:01:45.695+0000] {logging_mixin.py:190} INFO - [2025-02-19T04:01:45.695+0000] {dag.py:4180} INFO - Setting next_dagrun for example_setup_teardown to None, run_after=None
[2025-02-19T04:01:45.727+0000] {processor.py:208} INFO - Processing /home/airflow/.local/lib/python3.12/site-packages/airflow/example_dags/example_setup_teardown.py took 0.098 seconds
