[2025-02-19T03:51:33.768+0000] {processor.py:186} INFO - Started process (PID=114) to work on /home/airflow/.local/lib/python3.12/site-packages/airflow/example_dags/example_latest_only.py
[2025-02-19T03:51:33.769+0000] {processor.py:914} INFO - Processing file /home/airflow/.local/lib/python3.12/site-packages/airflow/example_dags/example_latest_only.py for tasks to queue
[2025-02-19T03:51:33.772+0000] {logging_mixin.py:190} INFO - [2025-02-19T03:51:33.771+0000] {dagbag.py:588} INFO - Filling up the DagBag from /home/airflow/.local/lib/python3.12/site-packages/airflow/example_dags/example_latest_only.py
[2025-02-19T03:51:33.786+0000] {processor.py:925} INFO - DAG(s) 'latest_only' retrieved from /home/airflow/.local/lib/python3.12/site-packages/airflow/example_dags/example_latest_only.py
[2025-02-19T03:51:33.946+0000] {logging_mixin.py:190} INFO - [2025-02-19T03:51:33.945+0000] {override.py:1911} INFO - Created Permission View: can read on DAG:latest_only
[2025-02-19T03:51:33.960+0000] {logging_mixin.py:190} INFO - [2025-02-19T03:51:33.960+0000] {override.py:1911} INFO - Created Permission View: can delete on DAG:latest_only
[2025-02-19T03:51:33.970+0000] {logging_mixin.py:190} INFO - [2025-02-19T03:51:33.970+0000] {override.py:1911} INFO - Created Permission View: can edit on DAG:latest_only
[2025-02-19T03:51:33.991+0000] {logging_mixin.py:190} INFO - [2025-02-19T03:51:33.990+0000] {override.py:1911} INFO - Created Permission View: can read on DAG Run:latest_only
[2025-02-19T03:51:34.004+0000] {logging_mixin.py:190} INFO - [2025-02-19T03:51:34.003+0000] {override.py:1911} INFO - Created Permission View: can delete on DAG Run:latest_only
[2025-02-19T03:51:34.020+0000] {logging_mixin.py:190} INFO - [2025-02-19T03:51:34.019+0000] {override.py:1911} INFO - Created Permission View: can create on DAG Run:latest_only
[2025-02-19T03:51:34.035+0000] {logging_mixin.py:190} INFO - [2025-02-19T03:51:34.035+0000] {override.py:1911} INFO - Created Permission View: menu access on DAG Run:latest_only
[2025-02-19T03:51:34.036+0000] {logging_mixin.py:190} INFO - [2025-02-19T03:51:34.036+0000] {dag.py:3239} INFO - Sync 1 DAGs
[2025-02-19T03:51:34.057+0000] {logging_mixin.py:190} INFO - [2025-02-19T03:51:34.056+0000] {dag.py:3262} INFO - Creating ORM DAG for latest_only
[2025-02-19T03:51:34.079+0000] {logging_mixin.py:190} INFO - [2025-02-19T03:51:34.078+0000] {dag.py:4180} INFO - Setting next_dagrun for latest_only to 2025-02-18 20:00:00+00:00, run_after=2025-02-19 00:00:00+00:00
[2025-02-19T03:51:34.127+0000] {processor.py:208} INFO - Processing /home/airflow/.local/lib/python3.12/site-packages/airflow/example_dags/example_latest_only.py took 0.368 seconds
[2025-02-19T03:52:04.471+0000] {processor.py:186} INFO - Started process (PID=178) to work on /home/airflow/.local/lib/python3.12/site-packages/airflow/example_dags/example_latest_only.py
[2025-02-19T03:52:04.472+0000] {processor.py:914} INFO - Processing file /home/airflow/.local/lib/python3.12/site-packages/airflow/example_dags/example_latest_only.py for tasks to queue
[2025-02-19T03:52:04.474+0000] {logging_mixin.py:190} INFO - [2025-02-19T03:52:04.474+0000] {dagbag.py:588} INFO - Filling up the DagBag from /home/airflow/.local/lib/python3.12/site-packages/airflow/example_dags/example_latest_only.py
[2025-02-19T03:52:04.487+0000] {processor.py:925} INFO - DAG(s) 'latest_only' retrieved from /home/airflow/.local/lib/python3.12/site-packages/airflow/example_dags/example_latest_only.py
[2025-02-19T03:52:04.523+0000] {logging_mixin.py:190} INFO - [2025-02-19T03:52:04.522+0000] {dag.py:3239} INFO - Sync 1 DAGs
[2025-02-19T03:52:04.560+0000] {logging_mixin.py:190} INFO - [2025-02-19T03:52:04.559+0000] {dag.py:4180} INFO - Setting next_dagrun for latest_only to 2025-02-18 20:00:00+00:00, run_after=2025-02-19 00:00:00+00:00
[2025-02-19T03:52:04.602+0000] {processor.py:208} INFO - Processing /home/airflow/.local/lib/python3.12/site-packages/airflow/example_dags/example_latest_only.py took 0.141 seconds
[2025-02-19T03:52:34.759+0000] {processor.py:186} INFO - Started process (PID=241) to work on /home/airflow/.local/lib/python3.12/site-packages/airflow/example_dags/example_latest_only.py
[2025-02-19T03:52:34.760+0000] {processor.py:914} INFO - Processing file /home/airflow/.local/lib/python3.12/site-packages/airflow/example_dags/example_latest_only.py for tasks to queue
[2025-02-19T03:52:34.762+0000] {logging_mixin.py:190} INFO - [2025-02-19T03:52:34.762+0000] {dagbag.py:588} INFO - Filling up the DagBag from /home/airflow/.local/lib/python3.12/site-packages/airflow/example_dags/example_latest_only.py
[2025-02-19T03:52:34.776+0000] {processor.py:925} INFO - DAG(s) 'latest_only' retrieved from /home/airflow/.local/lib/python3.12/site-packages/airflow/example_dags/example_latest_only.py
[2025-02-19T03:52:34.850+0000] {logging_mixin.py:190} INFO - [2025-02-19T03:52:34.849+0000] {dag.py:3239} INFO - Sync 1 DAGs
[2025-02-19T03:52:34.928+0000] {logging_mixin.py:190} INFO - [2025-02-19T03:52:34.928+0000] {dag.py:4180} INFO - Setting next_dagrun for latest_only to 2025-02-18 20:00:00+00:00, run_after=2025-02-19 00:00:00+00:00
[2025-02-19T03:52:35.050+0000] {processor.py:208} INFO - Processing /home/airflow/.local/lib/python3.12/site-packages/airflow/example_dags/example_latest_only.py took 0.303 seconds
[2025-02-19T03:53:06.013+0000] {processor.py:186} INFO - Started process (PID=305) to work on /home/airflow/.local/lib/python3.12/site-packages/airflow/example_dags/example_latest_only.py
[2025-02-19T03:53:06.014+0000] {processor.py:914} INFO - Processing file /home/airflow/.local/lib/python3.12/site-packages/airflow/example_dags/example_latest_only.py for tasks to queue
[2025-02-19T03:53:06.016+0000] {logging_mixin.py:190} INFO - [2025-02-19T03:53:06.016+0000] {dagbag.py:588} INFO - Filling up the DagBag from /home/airflow/.local/lib/python3.12/site-packages/airflow/example_dags/example_latest_only.py
[2025-02-19T03:53:06.027+0000] {processor.py:925} INFO - DAG(s) 'latest_only' retrieved from /home/airflow/.local/lib/python3.12/site-packages/airflow/example_dags/example_latest_only.py
[2025-02-19T03:53:06.053+0000] {logging_mixin.py:190} INFO - [2025-02-19T03:53:06.053+0000] {dag.py:3239} INFO - Sync 1 DAGs
[2025-02-19T03:53:06.084+0000] {logging_mixin.py:190} INFO - [2025-02-19T03:53:06.084+0000] {dag.py:4180} INFO - Setting next_dagrun for latest_only to 2025-02-18 20:00:00+00:00, run_after=2025-02-19 00:00:00+00:00
[2025-02-19T03:53:06.114+0000] {processor.py:208} INFO - Processing /home/airflow/.local/lib/python3.12/site-packages/airflow/example_dags/example_latest_only.py took 0.109 seconds
[2025-02-19T03:53:37.248+0000] {processor.py:186} INFO - Started process (PID=373) to work on /home/airflow/.local/lib/python3.12/site-packages/airflow/example_dags/example_latest_only.py
[2025-02-19T03:53:37.250+0000] {processor.py:914} INFO - Processing file /home/airflow/.local/lib/python3.12/site-packages/airflow/example_dags/example_latest_only.py for tasks to queue
[2025-02-19T03:53:37.253+0000] {logging_mixin.py:190} INFO - [2025-02-19T03:53:37.253+0000] {dagbag.py:588} INFO - Filling up the DagBag from /home/airflow/.local/lib/python3.12/site-packages/airflow/example_dags/example_latest_only.py
[2025-02-19T03:53:37.267+0000] {processor.py:925} INFO - DAG(s) 'latest_only' retrieved from /home/airflow/.local/lib/python3.12/site-packages/airflow/example_dags/example_latest_only.py
[2025-02-19T03:53:37.304+0000] {logging_mixin.py:190} INFO - [2025-02-19T03:53:37.304+0000] {dag.py:3239} INFO - Sync 1 DAGs
[2025-02-19T03:53:37.354+0000] {logging_mixin.py:190} INFO - [2025-02-19T03:53:37.353+0000] {dag.py:4180} INFO - Setting next_dagrun for latest_only to 2025-02-18 20:00:00+00:00, run_after=2025-02-19 00:00:00+00:00
[2025-02-19T03:53:37.391+0000] {processor.py:208} INFO - Processing /home/airflow/.local/lib/python3.12/site-packages/airflow/example_dags/example_latest_only.py took 0.156 seconds
[2025-02-19T03:54:08.428+0000] {processor.py:186} INFO - Started process (PID=437) to work on /home/airflow/.local/lib/python3.12/site-packages/airflow/example_dags/example_latest_only.py
[2025-02-19T03:54:08.429+0000] {processor.py:914} INFO - Processing file /home/airflow/.local/lib/python3.12/site-packages/airflow/example_dags/example_latest_only.py for tasks to queue
[2025-02-19T03:54:08.432+0000] {logging_mixin.py:190} INFO - [2025-02-19T03:54:08.431+0000] {dagbag.py:588} INFO - Filling up the DagBag from /home/airflow/.local/lib/python3.12/site-packages/airflow/example_dags/example_latest_only.py
[2025-02-19T03:54:08.447+0000] {processor.py:925} INFO - DAG(s) 'latest_only' retrieved from /home/airflow/.local/lib/python3.12/site-packages/airflow/example_dags/example_latest_only.py
[2025-02-19T03:54:08.485+0000] {logging_mixin.py:190} INFO - [2025-02-19T03:54:08.484+0000] {dag.py:3239} INFO - Sync 1 DAGs
[2025-02-19T03:54:08.534+0000] {logging_mixin.py:190} INFO - [2025-02-19T03:54:08.534+0000] {dag.py:4180} INFO - Setting next_dagrun for latest_only to 2025-02-18 20:00:00+00:00, run_after=2025-02-19 00:00:00+00:00
[2025-02-19T03:54:08.576+0000] {processor.py:208} INFO - Processing /home/airflow/.local/lib/python3.12/site-packages/airflow/example_dags/example_latest_only.py took 0.166 seconds
[2025-02-19T03:54:39.127+0000] {processor.py:186} INFO - Started process (PID=500) to work on /home/airflow/.local/lib/python3.12/site-packages/airflow/example_dags/example_latest_only.py
[2025-02-19T03:54:39.128+0000] {processor.py:914} INFO - Processing file /home/airflow/.local/lib/python3.12/site-packages/airflow/example_dags/example_latest_only.py for tasks to queue
[2025-02-19T03:54:39.130+0000] {logging_mixin.py:190} INFO - [2025-02-19T03:54:39.129+0000] {dagbag.py:588} INFO - Filling up the DagBag from /home/airflow/.local/lib/python3.12/site-packages/airflow/example_dags/example_latest_only.py
[2025-02-19T03:54:39.142+0000] {processor.py:925} INFO - DAG(s) 'latest_only' retrieved from /home/airflow/.local/lib/python3.12/site-packages/airflow/example_dags/example_latest_only.py
[2025-02-19T03:54:39.172+0000] {logging_mixin.py:190} INFO - [2025-02-19T03:54:39.172+0000] {dag.py:3239} INFO - Sync 1 DAGs
[2025-02-19T03:54:39.220+0000] {logging_mixin.py:190} INFO - [2025-02-19T03:54:39.219+0000] {dag.py:4180} INFO - Setting next_dagrun for latest_only to 2025-02-18 20:00:00+00:00, run_after=2025-02-19 00:00:00+00:00
[2025-02-19T03:54:39.278+0000] {processor.py:208} INFO - Processing /home/airflow/.local/lib/python3.12/site-packages/airflow/example_dags/example_latest_only.py took 0.159 seconds
[2025-02-19T03:55:09.493+0000] {processor.py:186} INFO - Started process (PID=564) to work on /home/airflow/.local/lib/python3.12/site-packages/airflow/example_dags/example_latest_only.py
[2025-02-19T03:55:09.494+0000] {processor.py:914} INFO - Processing file /home/airflow/.local/lib/python3.12/site-packages/airflow/example_dags/example_latest_only.py for tasks to queue
[2025-02-19T03:55:09.496+0000] {logging_mixin.py:190} INFO - [2025-02-19T03:55:09.496+0000] {dagbag.py:588} INFO - Filling up the DagBag from /home/airflow/.local/lib/python3.12/site-packages/airflow/example_dags/example_latest_only.py
[2025-02-19T03:55:09.509+0000] {processor.py:925} INFO - DAG(s) 'latest_only' retrieved from /home/airflow/.local/lib/python3.12/site-packages/airflow/example_dags/example_latest_only.py
[2025-02-19T03:55:09.551+0000] {logging_mixin.py:190} INFO - [2025-02-19T03:55:09.550+0000] {dag.py:3239} INFO - Sync 1 DAGs
[2025-02-19T03:55:09.588+0000] {logging_mixin.py:190} INFO - [2025-02-19T03:55:09.587+0000] {dag.py:4180} INFO - Setting next_dagrun for latest_only to 2025-02-18 20:00:00+00:00, run_after=2025-02-19 00:00:00+00:00
[2025-02-19T03:55:09.619+0000] {processor.py:208} INFO - Processing /home/airflow/.local/lib/python3.12/site-packages/airflow/example_dags/example_latest_only.py took 0.135 seconds
[2025-02-19T03:55:40.938+0000] {processor.py:186} INFO - Started process (PID=632) to work on /home/airflow/.local/lib/python3.12/site-packages/airflow/example_dags/example_latest_only.py
[2025-02-19T03:55:40.940+0000] {processor.py:914} INFO - Processing file /home/airflow/.local/lib/python3.12/site-packages/airflow/example_dags/example_latest_only.py for tasks to queue
[2025-02-19T03:55:40.942+0000] {logging_mixin.py:190} INFO - [2025-02-19T03:55:40.941+0000] {dagbag.py:588} INFO - Filling up the DagBag from /home/airflow/.local/lib/python3.12/site-packages/airflow/example_dags/example_latest_only.py
[2025-02-19T03:55:40.956+0000] {processor.py:925} INFO - DAG(s) 'latest_only' retrieved from /home/airflow/.local/lib/python3.12/site-packages/airflow/example_dags/example_latest_only.py
[2025-02-19T03:55:40.993+0000] {logging_mixin.py:190} INFO - [2025-02-19T03:55:40.993+0000] {dag.py:3239} INFO - Sync 1 DAGs
[2025-02-19T03:55:41.032+0000] {logging_mixin.py:190} INFO - [2025-02-19T03:55:41.031+0000] {dag.py:4180} INFO - Setting next_dagrun for latest_only to 2025-02-18 20:00:00+00:00, run_after=2025-02-19 00:00:00+00:00
[2025-02-19T03:55:41.062+0000] {processor.py:208} INFO - Processing /home/airflow/.local/lib/python3.12/site-packages/airflow/example_dags/example_latest_only.py took 0.136 seconds
[2025-02-19T03:56:12.255+0000] {processor.py:186} INFO - Started process (PID=696) to work on /home/airflow/.local/lib/python3.12/site-packages/airflow/example_dags/example_latest_only.py
[2025-02-19T03:56:12.256+0000] {processor.py:914} INFO - Processing file /home/airflow/.local/lib/python3.12/site-packages/airflow/example_dags/example_latest_only.py for tasks to queue
[2025-02-19T03:56:12.257+0000] {logging_mixin.py:190} INFO - [2025-02-19T03:56:12.257+0000] {dagbag.py:588} INFO - Filling up the DagBag from /home/airflow/.local/lib/python3.12/site-packages/airflow/example_dags/example_latest_only.py
[2025-02-19T03:56:12.266+0000] {processor.py:925} INFO - DAG(s) 'latest_only' retrieved from /home/airflow/.local/lib/python3.12/site-packages/airflow/example_dags/example_latest_only.py
[2025-02-19T03:56:12.286+0000] {logging_mixin.py:190} INFO - [2025-02-19T03:56:12.286+0000] {dag.py:3239} INFO - Sync 1 DAGs
[2025-02-19T03:56:12.310+0000] {logging_mixin.py:190} INFO - [2025-02-19T03:56:12.309+0000] {dag.py:4180} INFO - Setting next_dagrun for latest_only to 2025-02-18 20:00:00+00:00, run_after=2025-02-19 00:00:00+00:00
[2025-02-19T03:56:12.330+0000] {processor.py:208} INFO - Processing /home/airflow/.local/lib/python3.12/site-packages/airflow/example_dags/example_latest_only.py took 0.082 seconds
[2025-02-19T03:56:43.279+0000] {processor.py:186} INFO - Started process (PID=760) to work on /home/airflow/.local/lib/python3.12/site-packages/airflow/example_dags/example_latest_only.py
[2025-02-19T03:56:43.280+0000] {processor.py:914} INFO - Processing file /home/airflow/.local/lib/python3.12/site-packages/airflow/example_dags/example_latest_only.py for tasks to queue
[2025-02-19T03:56:43.282+0000] {logging_mixin.py:190} INFO - [2025-02-19T03:56:43.281+0000] {dagbag.py:588} INFO - Filling up the DagBag from /home/airflow/.local/lib/python3.12/site-packages/airflow/example_dags/example_latest_only.py
[2025-02-19T03:56:43.293+0000] {processor.py:925} INFO - DAG(s) 'latest_only' retrieved from /home/airflow/.local/lib/python3.12/site-packages/airflow/example_dags/example_latest_only.py
[2025-02-19T03:56:43.319+0000] {logging_mixin.py:190} INFO - [2025-02-19T03:56:43.318+0000] {dag.py:3239} INFO - Sync 1 DAGs
[2025-02-19T03:56:43.345+0000] {logging_mixin.py:190} INFO - [2025-02-19T03:56:43.345+0000] {dag.py:4180} INFO - Setting next_dagrun for latest_only to 2025-02-18 20:00:00+00:00, run_after=2025-02-19 00:00:00+00:00
[2025-02-19T03:56:43.368+0000] {processor.py:208} INFO - Processing /home/airflow/.local/lib/python3.12/site-packages/airflow/example_dags/example_latest_only.py took 0.095 seconds
[2025-02-19T03:57:14.307+0000] {processor.py:186} INFO - Started process (PID=824) to work on /home/airflow/.local/lib/python3.12/site-packages/airflow/example_dags/example_latest_only.py
[2025-02-19T03:57:14.308+0000] {processor.py:914} INFO - Processing file /home/airflow/.local/lib/python3.12/site-packages/airflow/example_dags/example_latest_only.py for tasks to queue
[2025-02-19T03:57:14.309+0000] {logging_mixin.py:190} INFO - [2025-02-19T03:57:14.309+0000] {dagbag.py:588} INFO - Filling up the DagBag from /home/airflow/.local/lib/python3.12/site-packages/airflow/example_dags/example_latest_only.py
[2025-02-19T03:57:14.319+0000] {processor.py:925} INFO - DAG(s) 'latest_only' retrieved from /home/airflow/.local/lib/python3.12/site-packages/airflow/example_dags/example_latest_only.py
[2025-02-19T03:57:14.347+0000] {logging_mixin.py:190} INFO - [2025-02-19T03:57:14.346+0000] {dag.py:3239} INFO - Sync 1 DAGs
[2025-02-19T03:57:14.381+0000] {logging_mixin.py:190} INFO - [2025-02-19T03:57:14.380+0000] {dag.py:4180} INFO - Setting next_dagrun for latest_only to 2025-02-18 20:00:00+00:00, run_after=2025-02-19 00:00:00+00:00
[2025-02-19T03:57:14.414+0000] {processor.py:208} INFO - Processing /home/airflow/.local/lib/python3.12/site-packages/airflow/example_dags/example_latest_only.py took 0.115 seconds
[2025-02-19T03:57:44.559+0000] {processor.py:186} INFO - Started process (PID=887) to work on /home/airflow/.local/lib/python3.12/site-packages/airflow/example_dags/example_latest_only.py
[2025-02-19T03:57:44.560+0000] {processor.py:914} INFO - Processing file /home/airflow/.local/lib/python3.12/site-packages/airflow/example_dags/example_latest_only.py for tasks to queue
[2025-02-19T03:57:44.561+0000] {logging_mixin.py:190} INFO - [2025-02-19T03:57:44.561+0000] {dagbag.py:588} INFO - Filling up the DagBag from /home/airflow/.local/lib/python3.12/site-packages/airflow/example_dags/example_latest_only.py
[2025-02-19T03:57:44.570+0000] {processor.py:925} INFO - DAG(s) 'latest_only' retrieved from /home/airflow/.local/lib/python3.12/site-packages/airflow/example_dags/example_latest_only.py
[2025-02-19T03:57:44.591+0000] {logging_mixin.py:190} INFO - [2025-02-19T03:57:44.591+0000] {dag.py:3239} INFO - Sync 1 DAGs
[2025-02-19T03:57:44.615+0000] {logging_mixin.py:190} INFO - [2025-02-19T03:57:44.614+0000] {dag.py:4180} INFO - Setting next_dagrun for latest_only to 2025-02-18 20:00:00+00:00, run_after=2025-02-19 00:00:00+00:00
[2025-02-19T03:57:44.645+0000] {processor.py:208} INFO - Processing /home/airflow/.local/lib/python3.12/site-packages/airflow/example_dags/example_latest_only.py took 0.091 seconds
[2025-02-19T03:58:15.222+0000] {processor.py:186} INFO - Started process (PID=951) to work on /home/airflow/.local/lib/python3.12/site-packages/airflow/example_dags/example_latest_only.py
[2025-02-19T03:58:15.223+0000] {processor.py:914} INFO - Processing file /home/airflow/.local/lib/python3.12/site-packages/airflow/example_dags/example_latest_only.py for tasks to queue
[2025-02-19T03:58:15.225+0000] {logging_mixin.py:190} INFO - [2025-02-19T03:58:15.224+0000] {dagbag.py:588} INFO - Filling up the DagBag from /home/airflow/.local/lib/python3.12/site-packages/airflow/example_dags/example_latest_only.py
[2025-02-19T03:58:15.235+0000] {processor.py:925} INFO - DAG(s) 'latest_only' retrieved from /home/airflow/.local/lib/python3.12/site-packages/airflow/example_dags/example_latest_only.py
[2025-02-19T03:58:15.267+0000] {logging_mixin.py:190} INFO - [2025-02-19T03:58:15.267+0000] {dag.py:3239} INFO - Sync 1 DAGs
[2025-02-19T03:58:15.311+0000] {logging_mixin.py:190} INFO - [2025-02-19T03:58:15.310+0000] {dag.py:4180} INFO - Setting next_dagrun for latest_only to 2025-02-18 20:00:00+00:00, run_after=2025-02-19 00:00:00+00:00
[2025-02-19T03:58:15.341+0000] {processor.py:208} INFO - Processing /home/airflow/.local/lib/python3.12/site-packages/airflow/example_dags/example_latest_only.py took 0.126 seconds
[2025-02-19T03:58:45.971+0000] {processor.py:186} INFO - Started process (PID=1015) to work on /home/airflow/.local/lib/python3.12/site-packages/airflow/example_dags/example_latest_only.py
[2025-02-19T03:58:45.972+0000] {processor.py:914} INFO - Processing file /home/airflow/.local/lib/python3.12/site-packages/airflow/example_dags/example_latest_only.py for tasks to queue
[2025-02-19T03:58:45.974+0000] {logging_mixin.py:190} INFO - [2025-02-19T03:58:45.973+0000] {dagbag.py:588} INFO - Filling up the DagBag from /home/airflow/.local/lib/python3.12/site-packages/airflow/example_dags/example_latest_only.py
[2025-02-19T03:58:45.984+0000] {processor.py:925} INFO - DAG(s) 'latest_only' retrieved from /home/airflow/.local/lib/python3.12/site-packages/airflow/example_dags/example_latest_only.py
[2025-02-19T03:58:46.012+0000] {logging_mixin.py:190} INFO - [2025-02-19T03:58:46.011+0000] {dag.py:3239} INFO - Sync 1 DAGs
[2025-02-19T03:58:46.038+0000] {logging_mixin.py:190} INFO - [2025-02-19T03:58:46.038+0000] {dag.py:4180} INFO - Setting next_dagrun for latest_only to 2025-02-18 20:00:00+00:00, run_after=2025-02-19 00:00:00+00:00
[2025-02-19T03:58:46.095+0000] {processor.py:208} INFO - Processing /home/airflow/.local/lib/python3.12/site-packages/airflow/example_dags/example_latest_only.py took 0.131 seconds
[2025-02-19T03:59:16.681+0000] {processor.py:186} INFO - Started process (PID=1078) to work on /home/airflow/.local/lib/python3.12/site-packages/airflow/example_dags/example_latest_only.py
[2025-02-19T03:59:16.683+0000] {processor.py:914} INFO - Processing file /home/airflow/.local/lib/python3.12/site-packages/airflow/example_dags/example_latest_only.py for tasks to queue
[2025-02-19T03:59:16.687+0000] {logging_mixin.py:190} INFO - [2025-02-19T03:59:16.685+0000] {dagbag.py:588} INFO - Filling up the DagBag from /home/airflow/.local/lib/python3.12/site-packages/airflow/example_dags/example_latest_only.py
[2025-02-19T03:59:16.701+0000] {processor.py:925} INFO - DAG(s) 'latest_only' retrieved from /home/airflow/.local/lib/python3.12/site-packages/airflow/example_dags/example_latest_only.py
[2025-02-19T03:59:16.736+0000] {logging_mixin.py:190} INFO - [2025-02-19T03:59:16.736+0000] {dag.py:3239} INFO - Sync 1 DAGs
[2025-02-19T03:59:16.770+0000] {logging_mixin.py:190} INFO - [2025-02-19T03:59:16.770+0000] {dag.py:4180} INFO - Setting next_dagrun for latest_only to 2025-02-18 20:00:00+00:00, run_after=2025-02-19 00:00:00+00:00
[2025-02-19T03:59:16.806+0000] {processor.py:208} INFO - Processing /home/airflow/.local/lib/python3.12/site-packages/airflow/example_dags/example_latest_only.py took 0.133 seconds
[2025-02-19T03:59:47.426+0000] {processor.py:186} INFO - Started process (PID=1142) to work on /home/airflow/.local/lib/python3.12/site-packages/airflow/example_dags/example_latest_only.py
[2025-02-19T03:59:47.427+0000] {processor.py:914} INFO - Processing file /home/airflow/.local/lib/python3.12/site-packages/airflow/example_dags/example_latest_only.py for tasks to queue
[2025-02-19T03:59:47.429+0000] {logging_mixin.py:190} INFO - [2025-02-19T03:59:47.428+0000] {dagbag.py:588} INFO - Filling up the DagBag from /home/airflow/.local/lib/python3.12/site-packages/airflow/example_dags/example_latest_only.py
[2025-02-19T03:59:47.437+0000] {processor.py:925} INFO - DAG(s) 'latest_only' retrieved from /home/airflow/.local/lib/python3.12/site-packages/airflow/example_dags/example_latest_only.py
[2025-02-19T03:59:47.464+0000] {logging_mixin.py:190} INFO - [2025-02-19T03:59:47.463+0000] {dag.py:3239} INFO - Sync 1 DAGs
[2025-02-19T03:59:47.491+0000] {logging_mixin.py:190} INFO - [2025-02-19T03:59:47.490+0000] {dag.py:4180} INFO - Setting next_dagrun for latest_only to 2025-02-18 20:00:00+00:00, run_after=2025-02-19 00:00:00+00:00
[2025-02-19T03:59:47.517+0000] {processor.py:208} INFO - Processing /home/airflow/.local/lib/python3.12/site-packages/airflow/example_dags/example_latest_only.py took 0.099 seconds
[2025-02-19T04:00:17.975+0000] {processor.py:186} INFO - Started process (PID=1205) to work on /home/airflow/.local/lib/python3.12/site-packages/airflow/example_dags/example_latest_only.py
[2025-02-19T04:00:17.977+0000] {processor.py:914} INFO - Processing file /home/airflow/.local/lib/python3.12/site-packages/airflow/example_dags/example_latest_only.py for tasks to queue
[2025-02-19T04:00:17.978+0000] {logging_mixin.py:190} INFO - [2025-02-19T04:00:17.978+0000] {dagbag.py:588} INFO - Filling up the DagBag from /home/airflow/.local/lib/python3.12/site-packages/airflow/example_dags/example_latest_only.py
[2025-02-19T04:00:17.987+0000] {processor.py:925} INFO - DAG(s) 'latest_only' retrieved from /home/airflow/.local/lib/python3.12/site-packages/airflow/example_dags/example_latest_only.py
[2025-02-19T04:00:18.011+0000] {logging_mixin.py:190} INFO - [2025-02-19T04:00:18.010+0000] {dag.py:3239} INFO - Sync 1 DAGs
[2025-02-19T04:00:18.035+0000] {logging_mixin.py:190} INFO - [2025-02-19T04:00:18.035+0000] {dag.py:4180} INFO - Setting next_dagrun for latest_only to 2025-02-19 00:00:00+00:00, run_after=2025-02-19 04:00:00+00:00
[2025-02-19T04:00:18.057+0000] {processor.py:208} INFO - Processing /home/airflow/.local/lib/python3.12/site-packages/airflow/example_dags/example_latest_only.py took 0.087 seconds
[2025-02-19T04:00:48.156+0000] {processor.py:186} INFO - Started process (PID=1269) to work on /home/airflow/.local/lib/python3.12/site-packages/airflow/example_dags/example_latest_only.py
[2025-02-19T04:00:48.157+0000] {processor.py:914} INFO - Processing file /home/airflow/.local/lib/python3.12/site-packages/airflow/example_dags/example_latest_only.py for tasks to queue
[2025-02-19T04:00:48.158+0000] {logging_mixin.py:190} INFO - [2025-02-19T04:00:48.158+0000] {dagbag.py:588} INFO - Filling up the DagBag from /home/airflow/.local/lib/python3.12/site-packages/airflow/example_dags/example_latest_only.py
[2025-02-19T04:00:48.170+0000] {processor.py:925} INFO - DAG(s) 'latest_only' retrieved from /home/airflow/.local/lib/python3.12/site-packages/airflow/example_dags/example_latest_only.py
[2025-02-19T04:00:48.192+0000] {logging_mixin.py:190} INFO - [2025-02-19T04:00:48.192+0000] {dag.py:3239} INFO - Sync 1 DAGs
[2025-02-19T04:00:48.226+0000] {logging_mixin.py:190} INFO - [2025-02-19T04:00:48.226+0000] {dag.py:4180} INFO - Setting next_dagrun for latest_only to 2025-02-19 00:00:00+00:00, run_after=2025-02-19 04:00:00+00:00
[2025-02-19T04:00:48.249+0000] {processor.py:208} INFO - Processing /home/airflow/.local/lib/python3.12/site-packages/airflow/example_dags/example_latest_only.py took 0.105 seconds
[2025-02-19T04:01:19.136+0000] {processor.py:186} INFO - Started process (PID=1333) to work on /home/airflow/.local/lib/python3.12/site-packages/airflow/example_dags/example_latest_only.py
[2025-02-19T04:01:19.137+0000] {processor.py:914} INFO - Processing file /home/airflow/.local/lib/python3.12/site-packages/airflow/example_dags/example_latest_only.py for tasks to queue
[2025-02-19T04:01:19.138+0000] {logging_mixin.py:190} INFO - [2025-02-19T04:01:19.138+0000] {dagbag.py:588} INFO - Filling up the DagBag from /home/airflow/.local/lib/python3.12/site-packages/airflow/example_dags/example_latest_only.py
[2025-02-19T04:01:19.146+0000] {processor.py:925} INFO - DAG(s) 'latest_only' retrieved from /home/airflow/.local/lib/python3.12/site-packages/airflow/example_dags/example_latest_only.py
[2025-02-19T04:01:19.170+0000] {logging_mixin.py:190} INFO - [2025-02-19T04:01:19.169+0000] {dag.py:3239} INFO - Sync 1 DAGs
[2025-02-19T04:01:19.198+0000] {logging_mixin.py:190} INFO - [2025-02-19T04:01:19.197+0000] {dag.py:4180} INFO - Setting next_dagrun for latest_only to 2025-02-19 00:00:00+00:00, run_after=2025-02-19 04:00:00+00:00
[2025-02-19T04:01:19.226+0000] {processor.py:208} INFO - Processing /home/airflow/.local/lib/python3.12/site-packages/airflow/example_dags/example_latest_only.py took 0.097 seconds
[2025-02-19T04:01:49.792+0000] {processor.py:186} INFO - Started process (PID=1396) to work on /home/airflow/.local/lib/python3.12/site-packages/airflow/example_dags/example_latest_only.py
[2025-02-19T04:01:49.794+0000] {processor.py:914} INFO - Processing file /home/airflow/.local/lib/python3.12/site-packages/airflow/example_dags/example_latest_only.py for tasks to queue
[2025-02-19T04:01:49.797+0000] {logging_mixin.py:190} INFO - [2025-02-19T04:01:49.796+0000] {dagbag.py:588} INFO - Filling up the DagBag from /home/airflow/.local/lib/python3.12/site-packages/airflow/example_dags/example_latest_only.py
[2025-02-19T04:01:49.834+0000] {processor.py:925} INFO - DAG(s) 'latest_only' retrieved from /home/airflow/.local/lib/python3.12/site-packages/airflow/example_dags/example_latest_only.py
[2025-02-19T04:01:49.890+0000] {logging_mixin.py:190} INFO - [2025-02-19T04:01:49.890+0000] {dag.py:3239} INFO - Sync 1 DAGs
[2025-02-19T04:01:49.963+0000] {logging_mixin.py:190} INFO - [2025-02-19T04:01:49.962+0000] {dag.py:4180} INFO - Setting next_dagrun for latest_only to 2025-02-19 00:00:00+00:00, run_after=2025-02-19 04:00:00+00:00
[2025-02-19T04:01:50.036+0000] {processor.py:208} INFO - Processing /home/airflow/.local/lib/python3.12/site-packages/airflow/example_dags/example_latest_only.py took 0.260 seconds
