[2025-02-19T03:51:29.439+0000] {processor.py:186} INFO - Started process (PID=98) to work on /home/airflow/.local/lib/python3.12/site-packages/airflow/example_dags/example_task_group.py
[2025-02-19T03:51:29.440+0000] {processor.py:914} INFO - Processing file /home/airflow/.local/lib/python3.12/site-packages/airflow/example_dags/example_task_group.py for tasks to queue
[2025-02-19T03:51:29.442+0000] {logging_mixin.py:190} INFO - [2025-02-19T03:51:29.441+0000] {dagbag.py:588} INFO - Filling up the DagBag from /home/airflow/.local/lib/python3.12/site-packages/airflow/example_dags/example_task_group.py
[2025-02-19T03:51:29.455+0000] {processor.py:925} INFO - DAG(s) 'example_task_group' retrieved from /home/airflow/.local/lib/python3.12/site-packages/airflow/example_dags/example_task_group.py
[2025-02-19T03:51:29.631+0000] {logging_mixin.py:190} INFO - [2025-02-19T03:51:29.628+0000] {override.py:1911} INFO - Created Permission View: can read on DAG:example_task_group
[2025-02-19T03:51:29.661+0000] {logging_mixin.py:190} INFO - [2025-02-19T03:51:29.660+0000] {override.py:1911} INFO - Created Permission View: can delete on DAG:example_task_group
[2025-02-19T03:51:29.671+0000] {logging_mixin.py:190} INFO - [2025-02-19T03:51:29.670+0000] {override.py:1911} INFO - Created Permission View: can edit on DAG:example_task_group
[2025-02-19T03:51:29.687+0000] {logging_mixin.py:190} INFO - [2025-02-19T03:51:29.687+0000] {override.py:1911} INFO - Created Permission View: can read on DAG Run:example_task_group
[2025-02-19T03:51:29.703+0000] {logging_mixin.py:190} INFO - [2025-02-19T03:51:29.702+0000] {override.py:1911} INFO - Created Permission View: can delete on DAG Run:example_task_group
[2025-02-19T03:51:29.716+0000] {logging_mixin.py:190} INFO - [2025-02-19T03:51:29.716+0000] {override.py:1911} INFO - Created Permission View: can create on DAG Run:example_task_group
[2025-02-19T03:51:29.727+0000] {logging_mixin.py:190} INFO - [2025-02-19T03:51:29.727+0000] {override.py:1911} INFO - Created Permission View: menu access on DAG Run:example_task_group
[2025-02-19T03:51:29.728+0000] {logging_mixin.py:190} INFO - [2025-02-19T03:51:29.728+0000] {dag.py:3239} INFO - Sync 1 DAGs
[2025-02-19T03:51:29.747+0000] {logging_mixin.py:190} INFO - [2025-02-19T03:51:29.746+0000] {dag.py:3262} INFO - Creating ORM DAG for example_task_group
[2025-02-19T03:51:29.748+0000] {logging_mixin.py:190} INFO - [2025-02-19T03:51:29.748+0000] {dag.py:4180} INFO - Setting next_dagrun for example_task_group to None, run_after=None
[2025-02-19T03:51:29.774+0000] {processor.py:208} INFO - Processing /home/airflow/.local/lib/python3.12/site-packages/airflow/example_dags/example_task_group.py took 0.342 seconds
[2025-02-19T03:52:00.931+0000] {processor.py:186} INFO - Started process (PID=162) to work on /home/airflow/.local/lib/python3.12/site-packages/airflow/example_dags/example_task_group.py
[2025-02-19T03:52:00.933+0000] {processor.py:914} INFO - Processing file /home/airflow/.local/lib/python3.12/site-packages/airflow/example_dags/example_task_group.py for tasks to queue
[2025-02-19T03:52:00.935+0000] {logging_mixin.py:190} INFO - [2025-02-19T03:52:00.935+0000] {dagbag.py:588} INFO - Filling up the DagBag from /home/airflow/.local/lib/python3.12/site-packages/airflow/example_dags/example_task_group.py
[2025-02-19T03:52:00.951+0000] {processor.py:925} INFO - DAG(s) 'example_task_group' retrieved from /home/airflow/.local/lib/python3.12/site-packages/airflow/example_dags/example_task_group.py
[2025-02-19T03:52:00.993+0000] {logging_mixin.py:190} INFO - [2025-02-19T03:52:00.993+0000] {dag.py:3239} INFO - Sync 1 DAGs
[2025-02-19T03:52:01.025+0000] {logging_mixin.py:190} INFO - [2025-02-19T03:52:01.025+0000] {dag.py:4180} INFO - Setting next_dagrun for example_task_group to None, run_after=None
[2025-02-19T03:52:01.062+0000] {processor.py:208} INFO - Processing /home/airflow/.local/lib/python3.12/site-packages/airflow/example_dags/example_task_group.py took 0.144 seconds
[2025-02-19T03:52:31.299+0000] {processor.py:186} INFO - Started process (PID=225) to work on /home/airflow/.local/lib/python3.12/site-packages/airflow/example_dags/example_task_group.py
[2025-02-19T03:52:31.300+0000] {processor.py:914} INFO - Processing file /home/airflow/.local/lib/python3.12/site-packages/airflow/example_dags/example_task_group.py for tasks to queue
[2025-02-19T03:52:31.302+0000] {logging_mixin.py:190} INFO - [2025-02-19T03:52:31.301+0000] {dagbag.py:588} INFO - Filling up the DagBag from /home/airflow/.local/lib/python3.12/site-packages/airflow/example_dags/example_task_group.py
[2025-02-19T03:52:31.313+0000] {processor.py:925} INFO - DAG(s) 'example_task_group' retrieved from /home/airflow/.local/lib/python3.12/site-packages/airflow/example_dags/example_task_group.py
[2025-02-19T03:52:31.347+0000] {logging_mixin.py:190} INFO - [2025-02-19T03:52:31.347+0000] {dag.py:3239} INFO - Sync 1 DAGs
[2025-02-19T03:52:31.375+0000] {logging_mixin.py:190} INFO - [2025-02-19T03:52:31.374+0000] {dag.py:4180} INFO - Setting next_dagrun for example_task_group to None, run_after=None
[2025-02-19T03:52:31.399+0000] {processor.py:208} INFO - Processing /home/airflow/.local/lib/python3.12/site-packages/airflow/example_dags/example_task_group.py took 0.108 seconds
[2025-02-19T03:53:02.381+0000] {processor.py:186} INFO - Started process (PID=289) to work on /home/airflow/.local/lib/python3.12/site-packages/airflow/example_dags/example_task_group.py
[2025-02-19T03:53:02.382+0000] {processor.py:914} INFO - Processing file /home/airflow/.local/lib/python3.12/site-packages/airflow/example_dags/example_task_group.py for tasks to queue
[2025-02-19T03:53:02.384+0000] {logging_mixin.py:190} INFO - [2025-02-19T03:53:02.384+0000] {dagbag.py:588} INFO - Filling up the DagBag from /home/airflow/.local/lib/python3.12/site-packages/airflow/example_dags/example_task_group.py
[2025-02-19T03:53:02.395+0000] {processor.py:925} INFO - DAG(s) 'example_task_group' retrieved from /home/airflow/.local/lib/python3.12/site-packages/airflow/example_dags/example_task_group.py
[2025-02-19T03:53:02.429+0000] {logging_mixin.py:190} INFO - [2025-02-19T03:53:02.429+0000] {dag.py:3239} INFO - Sync 1 DAGs
[2025-02-19T03:53:02.454+0000] {logging_mixin.py:190} INFO - [2025-02-19T03:53:02.454+0000] {dag.py:4180} INFO - Setting next_dagrun for example_task_group to None, run_after=None
[2025-02-19T03:53:02.487+0000] {processor.py:208} INFO - Processing /home/airflow/.local/lib/python3.12/site-packages/airflow/example_dags/example_task_group.py took 0.114 seconds
[2025-02-19T03:53:32.549+0000] {processor.py:186} INFO - Started process (PID=356) to work on /home/airflow/.local/lib/python3.12/site-packages/airflow/example_dags/example_task_group.py
[2025-02-19T03:53:32.550+0000] {processor.py:914} INFO - Processing file /home/airflow/.local/lib/python3.12/site-packages/airflow/example_dags/example_task_group.py for tasks to queue
[2025-02-19T03:53:32.553+0000] {logging_mixin.py:190} INFO - [2025-02-19T03:53:32.552+0000] {dagbag.py:588} INFO - Filling up the DagBag from /home/airflow/.local/lib/python3.12/site-packages/airflow/example_dags/example_task_group.py
[2025-02-19T03:53:32.567+0000] {processor.py:925} INFO - DAG(s) 'example_task_group' retrieved from /home/airflow/.local/lib/python3.12/site-packages/airflow/example_dags/example_task_group.py
[2025-02-19T03:53:32.602+0000] {logging_mixin.py:190} INFO - [2025-02-19T03:53:32.602+0000] {dag.py:3239} INFO - Sync 1 DAGs
[2025-02-19T03:53:32.623+0000] {logging_mixin.py:190} INFO - [2025-02-19T03:53:32.623+0000] {dag.py:4180} INFO - Setting next_dagrun for example_task_group to None, run_after=None
[2025-02-19T03:53:32.650+0000] {processor.py:208} INFO - Processing /home/airflow/.local/lib/python3.12/site-packages/airflow/example_dags/example_task_group.py took 0.110 seconds
[2025-02-19T03:54:03.057+0000] {processor.py:186} INFO - Started process (PID=419) to work on /home/airflow/.local/lib/python3.12/site-packages/airflow/example_dags/example_task_group.py
[2025-02-19T03:54:03.058+0000] {processor.py:914} INFO - Processing file /home/airflow/.local/lib/python3.12/site-packages/airflow/example_dags/example_task_group.py for tasks to queue
[2025-02-19T03:54:03.059+0000] {logging_mixin.py:190} INFO - [2025-02-19T03:54:03.059+0000] {dagbag.py:588} INFO - Filling up the DagBag from /home/airflow/.local/lib/python3.12/site-packages/airflow/example_dags/example_task_group.py
[2025-02-19T03:54:03.068+0000] {processor.py:925} INFO - DAG(s) 'example_task_group' retrieved from /home/airflow/.local/lib/python3.12/site-packages/airflow/example_dags/example_task_group.py
[2025-02-19T03:54:03.093+0000] {logging_mixin.py:190} INFO - [2025-02-19T03:54:03.093+0000] {dag.py:3239} INFO - Sync 1 DAGs
[2025-02-19T03:54:03.109+0000] {logging_mixin.py:190} INFO - [2025-02-19T03:54:03.109+0000] {dag.py:4180} INFO - Setting next_dagrun for example_task_group to None, run_after=None
[2025-02-19T03:54:03.134+0000] {processor.py:208} INFO - Processing /home/airflow/.local/lib/python3.12/site-packages/airflow/example_dags/example_task_group.py took 0.084 seconds
[2025-02-19T03:54:34.255+0000] {processor.py:186} INFO - Started process (PID=483) to work on /home/airflow/.local/lib/python3.12/site-packages/airflow/example_dags/example_task_group.py
[2025-02-19T03:54:34.256+0000] {processor.py:914} INFO - Processing file /home/airflow/.local/lib/python3.12/site-packages/airflow/example_dags/example_task_group.py for tasks to queue
[2025-02-19T03:54:34.257+0000] {logging_mixin.py:190} INFO - [2025-02-19T03:54:34.257+0000] {dagbag.py:588} INFO - Filling up the DagBag from /home/airflow/.local/lib/python3.12/site-packages/airflow/example_dags/example_task_group.py
[2025-02-19T03:54:34.270+0000] {processor.py:925} INFO - DAG(s) 'example_task_group' retrieved from /home/airflow/.local/lib/python3.12/site-packages/airflow/example_dags/example_task_group.py
[2025-02-19T03:54:34.299+0000] {logging_mixin.py:190} INFO - [2025-02-19T03:54:34.299+0000] {dag.py:3239} INFO - Sync 1 DAGs
[2025-02-19T03:54:34.322+0000] {logging_mixin.py:190} INFO - [2025-02-19T03:54:34.321+0000] {dag.py:4180} INFO - Setting next_dagrun for example_task_group to None, run_after=None
[2025-02-19T03:54:34.354+0000] {processor.py:208} INFO - Processing /home/airflow/.local/lib/python3.12/site-packages/airflow/example_dags/example_task_group.py took 0.107 seconds
[2025-02-19T03:55:04.822+0000] {processor.py:186} INFO - Started process (PID=547) to work on /home/airflow/.local/lib/python3.12/site-packages/airflow/example_dags/example_task_group.py
[2025-02-19T03:55:04.823+0000] {processor.py:914} INFO - Processing file /home/airflow/.local/lib/python3.12/site-packages/airflow/example_dags/example_task_group.py for tasks to queue
[2025-02-19T03:55:04.825+0000] {logging_mixin.py:190} INFO - [2025-02-19T03:55:04.825+0000] {dagbag.py:588} INFO - Filling up the DagBag from /home/airflow/.local/lib/python3.12/site-packages/airflow/example_dags/example_task_group.py
[2025-02-19T03:55:04.840+0000] {processor.py:925} INFO - DAG(s) 'example_task_group' retrieved from /home/airflow/.local/lib/python3.12/site-packages/airflow/example_dags/example_task_group.py
[2025-02-19T03:55:04.876+0000] {logging_mixin.py:190} INFO - [2025-02-19T03:55:04.875+0000] {dag.py:3239} INFO - Sync 1 DAGs
[2025-02-19T03:55:04.899+0000] {logging_mixin.py:190} INFO - [2025-02-19T03:55:04.898+0000] {dag.py:4180} INFO - Setting next_dagrun for example_task_group to None, run_after=None
[2025-02-19T03:55:04.940+0000] {processor.py:208} INFO - Processing /home/airflow/.local/lib/python3.12/site-packages/airflow/example_dags/example_task_group.py took 0.127 seconds
[2025-02-19T03:55:35.841+0000] {processor.py:186} INFO - Started process (PID=615) to work on /home/airflow/.local/lib/python3.12/site-packages/airflow/example_dags/example_task_group.py
[2025-02-19T03:55:35.843+0000] {processor.py:914} INFO - Processing file /home/airflow/.local/lib/python3.12/site-packages/airflow/example_dags/example_task_group.py for tasks to queue
[2025-02-19T03:55:35.845+0000] {logging_mixin.py:190} INFO - [2025-02-19T03:55:35.844+0000] {dagbag.py:588} INFO - Filling up the DagBag from /home/airflow/.local/lib/python3.12/site-packages/airflow/example_dags/example_task_group.py
[2025-02-19T03:55:35.854+0000] {processor.py:925} INFO - DAG(s) 'example_task_group' retrieved from /home/airflow/.local/lib/python3.12/site-packages/airflow/example_dags/example_task_group.py
[2025-02-19T03:55:35.885+0000] {logging_mixin.py:190} INFO - [2025-02-19T03:55:35.885+0000] {dag.py:3239} INFO - Sync 1 DAGs
[2025-02-19T03:55:35.907+0000] {logging_mixin.py:190} INFO - [2025-02-19T03:55:35.907+0000] {dag.py:4180} INFO - Setting next_dagrun for example_task_group to None, run_after=None
[2025-02-19T03:55:35.937+0000] {processor.py:208} INFO - Processing /home/airflow/.local/lib/python3.12/site-packages/airflow/example_dags/example_task_group.py took 0.101 seconds
[2025-02-19T03:56:06.163+0000] {processor.py:186} INFO - Started process (PID=678) to work on /home/airflow/.local/lib/python3.12/site-packages/airflow/example_dags/example_task_group.py
[2025-02-19T03:56:06.164+0000] {processor.py:914} INFO - Processing file /home/airflow/.local/lib/python3.12/site-packages/airflow/example_dags/example_task_group.py for tasks to queue
[2025-02-19T03:56:06.165+0000] {logging_mixin.py:190} INFO - [2025-02-19T03:56:06.165+0000] {dagbag.py:588} INFO - Filling up the DagBag from /home/airflow/.local/lib/python3.12/site-packages/airflow/example_dags/example_task_group.py
[2025-02-19T03:56:06.175+0000] {processor.py:925} INFO - DAG(s) 'example_task_group' retrieved from /home/airflow/.local/lib/python3.12/site-packages/airflow/example_dags/example_task_group.py
[2025-02-19T03:56:06.202+0000] {logging_mixin.py:190} INFO - [2025-02-19T03:56:06.202+0000] {dag.py:3239} INFO - Sync 1 DAGs
[2025-02-19T03:56:06.219+0000] {logging_mixin.py:190} INFO - [2025-02-19T03:56:06.218+0000] {dag.py:4180} INFO - Setting next_dagrun for example_task_group to None, run_after=None
[2025-02-19T03:56:06.241+0000] {processor.py:208} INFO - Processing /home/airflow/.local/lib/python3.12/site-packages/airflow/example_dags/example_task_group.py took 0.084 seconds
[2025-02-19T03:56:36.558+0000] {processor.py:186} INFO - Started process (PID=742) to work on /home/airflow/.local/lib/python3.12/site-packages/airflow/example_dags/example_task_group.py
[2025-02-19T03:56:36.559+0000] {processor.py:914} INFO - Processing file /home/airflow/.local/lib/python3.12/site-packages/airflow/example_dags/example_task_group.py for tasks to queue
[2025-02-19T03:56:36.561+0000] {logging_mixin.py:190} INFO - [2025-02-19T03:56:36.560+0000] {dagbag.py:588} INFO - Filling up the DagBag from /home/airflow/.local/lib/python3.12/site-packages/airflow/example_dags/example_task_group.py
[2025-02-19T03:56:36.570+0000] {processor.py:925} INFO - DAG(s) 'example_task_group' retrieved from /home/airflow/.local/lib/python3.12/site-packages/airflow/example_dags/example_task_group.py
[2025-02-19T03:56:36.593+0000] {logging_mixin.py:190} INFO - [2025-02-19T03:56:36.592+0000] {dag.py:3239} INFO - Sync 1 DAGs
[2025-02-19T03:56:36.608+0000] {logging_mixin.py:190} INFO - [2025-02-19T03:56:36.607+0000] {dag.py:4180} INFO - Setting next_dagrun for example_task_group to None, run_after=None
[2025-02-19T03:56:36.631+0000] {processor.py:208} INFO - Processing /home/airflow/.local/lib/python3.12/site-packages/airflow/example_dags/example_task_group.py took 0.078 seconds
[2025-02-19T03:57:07.200+0000] {processor.py:186} INFO - Started process (PID=806) to work on /home/airflow/.local/lib/python3.12/site-packages/airflow/example_dags/example_task_group.py
[2025-02-19T03:57:07.201+0000] {processor.py:914} INFO - Processing file /home/airflow/.local/lib/python3.12/site-packages/airflow/example_dags/example_task_group.py for tasks to queue
[2025-02-19T03:57:07.202+0000] {logging_mixin.py:190} INFO - [2025-02-19T03:57:07.202+0000] {dagbag.py:588} INFO - Filling up the DagBag from /home/airflow/.local/lib/python3.12/site-packages/airflow/example_dags/example_task_group.py
[2025-02-19T03:57:07.210+0000] {processor.py:925} INFO - DAG(s) 'example_task_group' retrieved from /home/airflow/.local/lib/python3.12/site-packages/airflow/example_dags/example_task_group.py
[2025-02-19T03:57:07.233+0000] {logging_mixin.py:190} INFO - [2025-02-19T03:57:07.233+0000] {dag.py:3239} INFO - Sync 1 DAGs
[2025-02-19T03:57:07.250+0000] {logging_mixin.py:190} INFO - [2025-02-19T03:57:07.250+0000] {dag.py:4180} INFO - Setting next_dagrun for example_task_group to None, run_after=None
[2025-02-19T03:57:07.276+0000] {processor.py:208} INFO - Processing /home/airflow/.local/lib/python3.12/site-packages/airflow/example_dags/example_task_group.py took 0.082 seconds
[2025-02-19T03:57:37.972+0000] {processor.py:186} INFO - Started process (PID=870) to work on /home/airflow/.local/lib/python3.12/site-packages/airflow/example_dags/example_task_group.py
[2025-02-19T03:57:37.974+0000] {processor.py:914} INFO - Processing file /home/airflow/.local/lib/python3.12/site-packages/airflow/example_dags/example_task_group.py for tasks to queue
[2025-02-19T03:57:37.975+0000] {logging_mixin.py:190} INFO - [2025-02-19T03:57:37.975+0000] {dagbag.py:588} INFO - Filling up the DagBag from /home/airflow/.local/lib/python3.12/site-packages/airflow/example_dags/example_task_group.py
[2025-02-19T03:57:37.983+0000] {processor.py:925} INFO - DAG(s) 'example_task_group' retrieved from /home/airflow/.local/lib/python3.12/site-packages/airflow/example_dags/example_task_group.py
[2025-02-19T03:57:38.011+0000] {logging_mixin.py:190} INFO - [2025-02-19T03:57:38.011+0000] {dag.py:3239} INFO - Sync 1 DAGs
[2025-02-19T03:57:38.025+0000] {logging_mixin.py:190} INFO - [2025-02-19T03:57:38.025+0000] {dag.py:4180} INFO - Setting next_dagrun for example_task_group to None, run_after=None
[2025-02-19T03:57:38.054+0000] {processor.py:208} INFO - Processing /home/airflow/.local/lib/python3.12/site-packages/airflow/example_dags/example_task_group.py took 0.087 seconds
[2025-02-19T03:58:08.911+0000] {processor.py:186} INFO - Started process (PID=934) to work on /home/airflow/.local/lib/python3.12/site-packages/airflow/example_dags/example_task_group.py
[2025-02-19T03:58:08.912+0000] {processor.py:914} INFO - Processing file /home/airflow/.local/lib/python3.12/site-packages/airflow/example_dags/example_task_group.py for tasks to queue
[2025-02-19T03:58:08.914+0000] {logging_mixin.py:190} INFO - [2025-02-19T03:58:08.913+0000] {dagbag.py:588} INFO - Filling up the DagBag from /home/airflow/.local/lib/python3.12/site-packages/airflow/example_dags/example_task_group.py
[2025-02-19T03:58:08.926+0000] {processor.py:925} INFO - DAG(s) 'example_task_group' retrieved from /home/airflow/.local/lib/python3.12/site-packages/airflow/example_dags/example_task_group.py
[2025-02-19T03:58:08.951+0000] {logging_mixin.py:190} INFO - [2025-02-19T03:58:08.951+0000] {dag.py:3239} INFO - Sync 1 DAGs
[2025-02-19T03:58:08.969+0000] {logging_mixin.py:190} INFO - [2025-02-19T03:58:08.969+0000] {dag.py:4180} INFO - Setting next_dagrun for example_task_group to None, run_after=None
[2025-02-19T03:58:08.993+0000] {processor.py:208} INFO - Processing /home/airflow/.local/lib/python3.12/site-packages/airflow/example_dags/example_task_group.py took 0.090 seconds
[2025-02-19T03:58:39.826+0000] {processor.py:186} INFO - Started process (PID=998) to work on /home/airflow/.local/lib/python3.12/site-packages/airflow/example_dags/example_task_group.py
[2025-02-19T03:58:39.827+0000] {processor.py:914} INFO - Processing file /home/airflow/.local/lib/python3.12/site-packages/airflow/example_dags/example_task_group.py for tasks to queue
[2025-02-19T03:58:39.829+0000] {logging_mixin.py:190} INFO - [2025-02-19T03:58:39.828+0000] {dagbag.py:588} INFO - Filling up the DagBag from /home/airflow/.local/lib/python3.12/site-packages/airflow/example_dags/example_task_group.py
[2025-02-19T03:58:39.838+0000] {processor.py:925} INFO - DAG(s) 'example_task_group' retrieved from /home/airflow/.local/lib/python3.12/site-packages/airflow/example_dags/example_task_group.py
[2025-02-19T03:58:39.863+0000] {logging_mixin.py:190} INFO - [2025-02-19T03:58:39.863+0000] {dag.py:3239} INFO - Sync 1 DAGs
[2025-02-19T03:58:39.881+0000] {logging_mixin.py:190} INFO - [2025-02-19T03:58:39.881+0000] {dag.py:4180} INFO - Setting next_dagrun for example_task_group to None, run_after=None
[2025-02-19T03:58:39.904+0000] {processor.py:208} INFO - Processing /home/airflow/.local/lib/python3.12/site-packages/airflow/example_dags/example_task_group.py took 0.084 seconds
[2025-02-19T03:59:10.054+0000] {processor.py:186} INFO - Started process (PID=1061) to work on /home/airflow/.local/lib/python3.12/site-packages/airflow/example_dags/example_task_group.py
[2025-02-19T03:59:10.055+0000] {processor.py:914} INFO - Processing file /home/airflow/.local/lib/python3.12/site-packages/airflow/example_dags/example_task_group.py for tasks to queue
[2025-02-19T03:59:10.057+0000] {logging_mixin.py:190} INFO - [2025-02-19T03:59:10.057+0000] {dagbag.py:588} INFO - Filling up the DagBag from /home/airflow/.local/lib/python3.12/site-packages/airflow/example_dags/example_task_group.py
[2025-02-19T03:59:10.067+0000] {processor.py:925} INFO - DAG(s) 'example_task_group' retrieved from /home/airflow/.local/lib/python3.12/site-packages/airflow/example_dags/example_task_group.py
[2025-02-19T03:59:10.092+0000] {logging_mixin.py:190} INFO - [2025-02-19T03:59:10.092+0000] {dag.py:3239} INFO - Sync 1 DAGs
[2025-02-19T03:59:10.108+0000] {logging_mixin.py:190} INFO - [2025-02-19T03:59:10.108+0000] {dag.py:4180} INFO - Setting next_dagrun for example_task_group to None, run_after=None
[2025-02-19T03:59:10.135+0000] {processor.py:208} INFO - Processing /home/airflow/.local/lib/python3.12/site-packages/airflow/example_dags/example_task_group.py took 0.086 seconds
[2025-02-19T03:59:40.180+0000] {processor.py:186} INFO - Started process (PID=1125) to work on /home/airflow/.local/lib/python3.12/site-packages/airflow/example_dags/example_task_group.py
[2025-02-19T03:59:40.181+0000] {processor.py:914} INFO - Processing file /home/airflow/.local/lib/python3.12/site-packages/airflow/example_dags/example_task_group.py for tasks to queue
[2025-02-19T03:59:40.182+0000] {logging_mixin.py:190} INFO - [2025-02-19T03:59:40.182+0000] {dagbag.py:588} INFO - Filling up the DagBag from /home/airflow/.local/lib/python3.12/site-packages/airflow/example_dags/example_task_group.py
[2025-02-19T03:59:40.192+0000] {processor.py:925} INFO - DAG(s) 'example_task_group' retrieved from /home/airflow/.local/lib/python3.12/site-packages/airflow/example_dags/example_task_group.py
[2025-02-19T03:59:40.214+0000] {logging_mixin.py:190} INFO - [2025-02-19T03:59:40.214+0000] {dag.py:3239} INFO - Sync 1 DAGs
[2025-02-19T03:59:40.231+0000] {logging_mixin.py:190} INFO - [2025-02-19T03:59:40.231+0000] {dag.py:4180} INFO - Setting next_dagrun for example_task_group to None, run_after=None
[2025-02-19T03:59:40.259+0000] {processor.py:208} INFO - Processing /home/airflow/.local/lib/python3.12/site-packages/airflow/example_dags/example_task_group.py took 0.085 seconds
[2025-02-19T04:00:10.316+0000] {processor.py:186} INFO - Started process (PID=1189) to work on /home/airflow/.local/lib/python3.12/site-packages/airflow/example_dags/example_task_group.py
[2025-02-19T04:00:10.317+0000] {processor.py:914} INFO - Processing file /home/airflow/.local/lib/python3.12/site-packages/airflow/example_dags/example_task_group.py for tasks to queue
[2025-02-19T04:00:10.319+0000] {logging_mixin.py:190} INFO - [2025-02-19T04:00:10.319+0000] {dagbag.py:588} INFO - Filling up the DagBag from /home/airflow/.local/lib/python3.12/site-packages/airflow/example_dags/example_task_group.py
[2025-02-19T04:00:10.328+0000] {processor.py:925} INFO - DAG(s) 'example_task_group' retrieved from /home/airflow/.local/lib/python3.12/site-packages/airflow/example_dags/example_task_group.py
[2025-02-19T04:00:10.359+0000] {logging_mixin.py:190} INFO - [2025-02-19T04:00:10.359+0000] {dag.py:3239} INFO - Sync 1 DAGs
[2025-02-19T04:00:10.377+0000] {logging_mixin.py:190} INFO - [2025-02-19T04:00:10.376+0000] {dag.py:4180} INFO - Setting next_dagrun for example_task_group to None, run_after=None
[2025-02-19T04:00:10.405+0000] {processor.py:208} INFO - Processing /home/airflow/.local/lib/python3.12/site-packages/airflow/example_dags/example_task_group.py took 0.097 seconds
[2025-02-19T04:00:40.622+0000] {processor.py:186} INFO - Started process (PID=1253) to work on /home/airflow/.local/lib/python3.12/site-packages/airflow/example_dags/example_task_group.py
[2025-02-19T04:00:40.623+0000] {processor.py:914} INFO - Processing file /home/airflow/.local/lib/python3.12/site-packages/airflow/example_dags/example_task_group.py for tasks to queue
[2025-02-19T04:00:40.625+0000] {logging_mixin.py:190} INFO - [2025-02-19T04:00:40.624+0000] {dagbag.py:588} INFO - Filling up the DagBag from /home/airflow/.local/lib/python3.12/site-packages/airflow/example_dags/example_task_group.py
[2025-02-19T04:00:40.636+0000] {processor.py:925} INFO - DAG(s) 'example_task_group' retrieved from /home/airflow/.local/lib/python3.12/site-packages/airflow/example_dags/example_task_group.py
[2025-02-19T04:00:40.661+0000] {logging_mixin.py:190} INFO - [2025-02-19T04:00:40.660+0000] {dag.py:3239} INFO - Sync 1 DAGs
[2025-02-19T04:00:40.680+0000] {logging_mixin.py:190} INFO - [2025-02-19T04:00:40.680+0000] {dag.py:4180} INFO - Setting next_dagrun for example_task_group to None, run_after=None
[2025-02-19T04:00:40.702+0000] {processor.py:208} INFO - Processing /home/airflow/.local/lib/python3.12/site-packages/airflow/example_dags/example_task_group.py took 0.088 seconds
[2025-02-19T04:01:10.805+0000] {processor.py:186} INFO - Started process (PID=1317) to work on /home/airflow/.local/lib/python3.12/site-packages/airflow/example_dags/example_task_group.py
[2025-02-19T04:01:10.806+0000] {processor.py:914} INFO - Processing file /home/airflow/.local/lib/python3.12/site-packages/airflow/example_dags/example_task_group.py for tasks to queue
[2025-02-19T04:01:10.807+0000] {logging_mixin.py:190} INFO - [2025-02-19T04:01:10.807+0000] {dagbag.py:588} INFO - Filling up the DagBag from /home/airflow/.local/lib/python3.12/site-packages/airflow/example_dags/example_task_group.py
[2025-02-19T04:01:10.821+0000] {processor.py:925} INFO - DAG(s) 'example_task_group' retrieved from /home/airflow/.local/lib/python3.12/site-packages/airflow/example_dags/example_task_group.py
[2025-02-19T04:01:10.849+0000] {logging_mixin.py:190} INFO - [2025-02-19T04:01:10.849+0000] {dag.py:3239} INFO - Sync 1 DAGs
[2025-02-19T04:01:10.871+0000] {logging_mixin.py:190} INFO - [2025-02-19T04:01:10.870+0000] {dag.py:4180} INFO - Setting next_dagrun for example_task_group to None, run_after=None
[2025-02-19T04:01:10.907+0000] {processor.py:208} INFO - Processing /home/airflow/.local/lib/python3.12/site-packages/airflow/example_dags/example_task_group.py took 0.109 seconds
[2025-02-19T04:01:41.473+0000] {processor.py:186} INFO - Started process (PID=1381) to work on /home/airflow/.local/lib/python3.12/site-packages/airflow/example_dags/example_task_group.py
[2025-02-19T04:01:41.474+0000] {processor.py:914} INFO - Processing file /home/airflow/.local/lib/python3.12/site-packages/airflow/example_dags/example_task_group.py for tasks to queue
[2025-02-19T04:01:41.479+0000] {logging_mixin.py:190} INFO - [2025-02-19T04:01:41.478+0000] {dagbag.py:588} INFO - Filling up the DagBag from /home/airflow/.local/lib/python3.12/site-packages/airflow/example_dags/example_task_group.py
[2025-02-19T04:01:41.491+0000] {processor.py:925} INFO - DAG(s) 'example_task_group' retrieved from /home/airflow/.local/lib/python3.12/site-packages/airflow/example_dags/example_task_group.py
[2025-02-19T04:01:41.523+0000] {logging_mixin.py:190} INFO - [2025-02-19T04:01:41.522+0000] {dag.py:3239} INFO - Sync 1 DAGs
[2025-02-19T04:01:41.540+0000] {logging_mixin.py:190} INFO - [2025-02-19T04:01:41.540+0000] {dag.py:4180} INFO - Setting next_dagrun for example_task_group to None, run_after=None
[2025-02-19T04:01:41.568+0000] {processor.py:208} INFO - Processing /home/airflow/.local/lib/python3.12/site-packages/airflow/example_dags/example_task_group.py took 0.102 seconds
