[2025-02-19T03:51:23.395+0000] {processor.py:186} INFO - Started process (PID=85) to work on /home/airflow/.local/lib/python3.12/site-packages/airflow/example_dags/example_skip_dag.py
[2025-02-19T03:51:23.396+0000] {processor.py:914} INFO - Processing file /home/airflow/.local/lib/python3.12/site-packages/airflow/example_dags/example_skip_dag.py for tasks to queue
[2025-02-19T03:51:23.398+0000] {logging_mixin.py:190} INFO - [2025-02-19T03:51:23.398+0000] {dagbag.py:588} INFO - Filling up the DagBag from /home/airflow/.local/lib/python3.12/site-packages/airflow/example_dags/example_skip_dag.py
[2025-02-19T03:51:23.412+0000] {processor.py:925} INFO - DAG(s) 'example_skip_dag' retrieved from /home/airflow/.local/lib/python3.12/site-packages/airflow/example_dags/example_skip_dag.py
[2025-02-19T03:51:23.566+0000] {logging_mixin.py:190} INFO - [2025-02-19T03:51:23.564+0000] {override.py:1911} INFO - Created Permission View: can read on DAG:example_skip_dag
[2025-02-19T03:51:23.582+0000] {logging_mixin.py:190} INFO - [2025-02-19T03:51:23.581+0000] {override.py:1911} INFO - Created Permission View: can delete on DAG:example_skip_dag
[2025-02-19T03:51:23.593+0000] {logging_mixin.py:190} INFO - [2025-02-19T03:51:23.593+0000] {override.py:1911} INFO - Created Permission View: can edit on DAG:example_skip_dag
[2025-02-19T03:51:23.607+0000] {logging_mixin.py:190} INFO - [2025-02-19T03:51:23.607+0000] {override.py:1911} INFO - Created Permission View: can read on DAG Run:example_skip_dag
[2025-02-19T03:51:23.619+0000] {logging_mixin.py:190} INFO - [2025-02-19T03:51:23.618+0000] {override.py:1911} INFO - Created Permission View: can delete on DAG Run:example_skip_dag
[2025-02-19T03:51:23.629+0000] {logging_mixin.py:190} INFO - [2025-02-19T03:51:23.628+0000] {override.py:1911} INFO - Created Permission View: can create on DAG Run:example_skip_dag
[2025-02-19T03:51:23.640+0000] {logging_mixin.py:190} INFO - [2025-02-19T03:51:23.639+0000] {override.py:1911} INFO - Created Permission View: menu access on DAG Run:example_skip_dag
[2025-02-19T03:51:23.641+0000] {logging_mixin.py:190} INFO - [2025-02-19T03:51:23.640+0000] {dag.py:3239} INFO - Sync 1 DAGs
[2025-02-19T03:51:23.661+0000] {logging_mixin.py:190} INFO - [2025-02-19T03:51:23.661+0000] {dag.py:3262} INFO - Creating ORM DAG for example_skip_dag
[2025-02-19T03:51:23.676+0000] {logging_mixin.py:190} INFO - [2025-02-19T03:51:23.676+0000] {dag.py:4180} INFO - Setting next_dagrun for example_skip_dag to 2025-02-18 00:00:00+00:00, run_after=2025-02-19 00:00:00+00:00
[2025-02-19T03:51:23.711+0000] {processor.py:208} INFO - Processing /home/airflow/.local/lib/python3.12/site-packages/airflow/example_dags/example_skip_dag.py took 0.324 seconds
[2025-02-19T03:51:54.368+0000] {processor.py:186} INFO - Started process (PID=149) to work on /home/airflow/.local/lib/python3.12/site-packages/airflow/example_dags/example_skip_dag.py
[2025-02-19T03:51:54.369+0000] {processor.py:914} INFO - Processing file /home/airflow/.local/lib/python3.12/site-packages/airflow/example_dags/example_skip_dag.py for tasks to queue
[2025-02-19T03:51:54.372+0000] {logging_mixin.py:190} INFO - [2025-02-19T03:51:54.372+0000] {dagbag.py:588} INFO - Filling up the DagBag from /home/airflow/.local/lib/python3.12/site-packages/airflow/example_dags/example_skip_dag.py
[2025-02-19T03:51:54.388+0000] {processor.py:925} INFO - DAG(s) 'example_skip_dag' retrieved from /home/airflow/.local/lib/python3.12/site-packages/airflow/example_dags/example_skip_dag.py
[2025-02-19T03:51:54.442+0000] {logging_mixin.py:190} INFO - [2025-02-19T03:51:54.441+0000] {dag.py:3239} INFO - Sync 1 DAGs
[2025-02-19T03:51:54.491+0000] {logging_mixin.py:190} INFO - [2025-02-19T03:51:54.491+0000] {dag.py:4180} INFO - Setting next_dagrun for example_skip_dag to 2025-02-18 00:00:00+00:00, run_after=2025-02-19 00:00:00+00:00
[2025-02-19T03:51:54.517+0000] {processor.py:208} INFO - Processing /home/airflow/.local/lib/python3.12/site-packages/airflow/example_dags/example_skip_dag.py took 0.158 seconds
[2025-02-19T03:52:24.650+0000] {processor.py:186} INFO - Started process (PID=213) to work on /home/airflow/.local/lib/python3.12/site-packages/airflow/example_dags/example_skip_dag.py
[2025-02-19T03:52:24.651+0000] {processor.py:914} INFO - Processing file /home/airflow/.local/lib/python3.12/site-packages/airflow/example_dags/example_skip_dag.py for tasks to queue
[2025-02-19T03:52:24.652+0000] {logging_mixin.py:190} INFO - [2025-02-19T03:52:24.652+0000] {dagbag.py:588} INFO - Filling up the DagBag from /home/airflow/.local/lib/python3.12/site-packages/airflow/example_dags/example_skip_dag.py
[2025-02-19T03:52:24.662+0000] {processor.py:925} INFO - DAG(s) 'example_skip_dag' retrieved from /home/airflow/.local/lib/python3.12/site-packages/airflow/example_dags/example_skip_dag.py
[2025-02-19T03:52:24.690+0000] {logging_mixin.py:190} INFO - [2025-02-19T03:52:24.689+0000] {dag.py:3239} INFO - Sync 1 DAGs
[2025-02-19T03:52:24.719+0000] {logging_mixin.py:190} INFO - [2025-02-19T03:52:24.718+0000] {dag.py:4180} INFO - Setting next_dagrun for example_skip_dag to 2025-02-18 00:00:00+00:00, run_after=2025-02-19 00:00:00+00:00
[2025-02-19T03:52:24.747+0000] {processor.py:208} INFO - Processing /home/airflow/.local/lib/python3.12/site-packages/airflow/example_dags/example_skip_dag.py took 0.104 seconds
[2025-02-19T03:52:55.471+0000] {processor.py:186} INFO - Started process (PID=277) to work on /home/airflow/.local/lib/python3.12/site-packages/airflow/example_dags/example_skip_dag.py
[2025-02-19T03:52:55.472+0000] {processor.py:914} INFO - Processing file /home/airflow/.local/lib/python3.12/site-packages/airflow/example_dags/example_skip_dag.py for tasks to queue
[2025-02-19T03:52:55.489+0000] {logging_mixin.py:190} INFO - [2025-02-19T03:52:55.488+0000] {dagbag.py:588} INFO - Filling up the DagBag from /home/airflow/.local/lib/python3.12/site-packages/airflow/example_dags/example_skip_dag.py
[2025-02-19T03:52:55.513+0000] {processor.py:925} INFO - DAG(s) 'example_skip_dag' retrieved from /home/airflow/.local/lib/python3.12/site-packages/airflow/example_dags/example_skip_dag.py
[2025-02-19T03:52:55.566+0000] {logging_mixin.py:190} INFO - [2025-02-19T03:52:55.565+0000] {dag.py:3239} INFO - Sync 1 DAGs
[2025-02-19T03:52:55.631+0000] {logging_mixin.py:190} INFO - [2025-02-19T03:52:55.630+0000] {dag.py:4180} INFO - Setting next_dagrun for example_skip_dag to 2025-02-18 00:00:00+00:00, run_after=2025-02-19 00:00:00+00:00
[2025-02-19T03:52:55.686+0000] {processor.py:208} INFO - Processing /home/airflow/.local/lib/python3.12/site-packages/airflow/example_dags/example_skip_dag.py took 0.243 seconds
[2025-02-19T03:53:25.786+0000] {processor.py:186} INFO - Started process (PID=345) to work on /home/airflow/.local/lib/python3.12/site-packages/airflow/example_dags/example_skip_dag.py
[2025-02-19T03:53:25.792+0000] {processor.py:914} INFO - Processing file /home/airflow/.local/lib/python3.12/site-packages/airflow/example_dags/example_skip_dag.py for tasks to queue
[2025-02-19T03:53:25.796+0000] {logging_mixin.py:190} INFO - [2025-02-19T03:53:25.795+0000] {dagbag.py:588} INFO - Filling up the DagBag from /home/airflow/.local/lib/python3.12/site-packages/airflow/example_dags/example_skip_dag.py
[2025-02-19T03:53:25.819+0000] {processor.py:925} INFO - DAG(s) 'example_skip_dag' retrieved from /home/airflow/.local/lib/python3.12/site-packages/airflow/example_dags/example_skip_dag.py
[2025-02-19T03:53:25.879+0000] {logging_mixin.py:190} INFO - [2025-02-19T03:53:25.877+0000] {dag.py:3239} INFO - Sync 1 DAGs
[2025-02-19T03:53:25.943+0000] {logging_mixin.py:190} INFO - [2025-02-19T03:53:25.943+0000] {dag.py:4180} INFO - Setting next_dagrun for example_skip_dag to 2025-02-18 00:00:00+00:00, run_after=2025-02-19 00:00:00+00:00
[2025-02-19T03:53:25.984+0000] {processor.py:208} INFO - Processing /home/airflow/.local/lib/python3.12/site-packages/airflow/example_dags/example_skip_dag.py took 0.215 seconds
[2025-02-19T03:53:56.721+0000] {processor.py:186} INFO - Started process (PID=409) to work on /home/airflow/.local/lib/python3.12/site-packages/airflow/example_dags/example_skip_dag.py
[2025-02-19T03:53:56.722+0000] {processor.py:914} INFO - Processing file /home/airflow/.local/lib/python3.12/site-packages/airflow/example_dags/example_skip_dag.py for tasks to queue
[2025-02-19T03:53:56.724+0000] {logging_mixin.py:190} INFO - [2025-02-19T03:53:56.724+0000] {dagbag.py:588} INFO - Filling up the DagBag from /home/airflow/.local/lib/python3.12/site-packages/airflow/example_dags/example_skip_dag.py
[2025-02-19T03:53:56.736+0000] {processor.py:925} INFO - DAG(s) 'example_skip_dag' retrieved from /home/airflow/.local/lib/python3.12/site-packages/airflow/example_dags/example_skip_dag.py
[2025-02-19T03:53:56.766+0000] {logging_mixin.py:190} INFO - [2025-02-19T03:53:56.765+0000] {dag.py:3239} INFO - Sync 1 DAGs
[2025-02-19T03:53:56.799+0000] {logging_mixin.py:190} INFO - [2025-02-19T03:53:56.798+0000] {dag.py:4180} INFO - Setting next_dagrun for example_skip_dag to 2025-02-18 00:00:00+00:00, run_after=2025-02-19 00:00:00+00:00
[2025-02-19T03:53:56.825+0000] {processor.py:208} INFO - Processing /home/airflow/.local/lib/python3.12/site-packages/airflow/example_dags/example_skip_dag.py took 0.109 seconds
[2025-02-19T03:54:27.581+0000] {processor.py:186} INFO - Started process (PID=473) to work on /home/airflow/.local/lib/python3.12/site-packages/airflow/example_dags/example_skip_dag.py
[2025-02-19T03:54:27.582+0000] {processor.py:914} INFO - Processing file /home/airflow/.local/lib/python3.12/site-packages/airflow/example_dags/example_skip_dag.py for tasks to queue
[2025-02-19T03:54:27.584+0000] {logging_mixin.py:190} INFO - [2025-02-19T03:54:27.584+0000] {dagbag.py:588} INFO - Filling up the DagBag from /home/airflow/.local/lib/python3.12/site-packages/airflow/example_dags/example_skip_dag.py
[2025-02-19T03:54:27.595+0000] {processor.py:925} INFO - DAG(s) 'example_skip_dag' retrieved from /home/airflow/.local/lib/python3.12/site-packages/airflow/example_dags/example_skip_dag.py
[2025-02-19T03:54:27.625+0000] {logging_mixin.py:190} INFO - [2025-02-19T03:54:27.625+0000] {dag.py:3239} INFO - Sync 1 DAGs
[2025-02-19T03:54:27.656+0000] {logging_mixin.py:190} INFO - [2025-02-19T03:54:27.656+0000] {dag.py:4180} INFO - Setting next_dagrun for example_skip_dag to 2025-02-18 00:00:00+00:00, run_after=2025-02-19 00:00:00+00:00
[2025-02-19T03:54:27.680+0000] {processor.py:208} INFO - Processing /home/airflow/.local/lib/python3.12/site-packages/airflow/example_dags/example_skip_dag.py took 0.106 seconds
[2025-02-19T03:54:57.864+0000] {processor.py:186} INFO - Started process (PID=537) to work on /home/airflow/.local/lib/python3.12/site-packages/airflow/example_dags/example_skip_dag.py
[2025-02-19T03:54:57.865+0000] {processor.py:914} INFO - Processing file /home/airflow/.local/lib/python3.12/site-packages/airflow/example_dags/example_skip_dag.py for tasks to queue
[2025-02-19T03:54:57.867+0000] {logging_mixin.py:190} INFO - [2025-02-19T03:54:57.867+0000] {dagbag.py:588} INFO - Filling up the DagBag from /home/airflow/.local/lib/python3.12/site-packages/airflow/example_dags/example_skip_dag.py
[2025-02-19T03:54:57.882+0000] {processor.py:925} INFO - DAG(s) 'example_skip_dag' retrieved from /home/airflow/.local/lib/python3.12/site-packages/airflow/example_dags/example_skip_dag.py
[2025-02-19T03:54:57.913+0000] {logging_mixin.py:190} INFO - [2025-02-19T03:54:57.912+0000] {dag.py:3239} INFO - Sync 1 DAGs
[2025-02-19T03:54:57.943+0000] {logging_mixin.py:190} INFO - [2025-02-19T03:54:57.943+0000] {dag.py:4180} INFO - Setting next_dagrun for example_skip_dag to 2025-02-18 00:00:00+00:00, run_after=2025-02-19 00:00:00+00:00
[2025-02-19T03:54:57.974+0000] {processor.py:208} INFO - Processing /home/airflow/.local/lib/python3.12/site-packages/airflow/example_dags/example_skip_dag.py took 0.122 seconds
[2025-02-19T03:55:28.239+0000] {processor.py:186} INFO - Started process (PID=601) to work on /home/airflow/.local/lib/python3.12/site-packages/airflow/example_dags/example_skip_dag.py
[2025-02-19T03:55:28.240+0000] {processor.py:914} INFO - Processing file /home/airflow/.local/lib/python3.12/site-packages/airflow/example_dags/example_skip_dag.py for tasks to queue
[2025-02-19T03:55:28.241+0000] {logging_mixin.py:190} INFO - [2025-02-19T03:55:28.240+0000] {dagbag.py:588} INFO - Filling up the DagBag from /home/airflow/.local/lib/python3.12/site-packages/airflow/example_dags/example_skip_dag.py
[2025-02-19T03:55:28.250+0000] {processor.py:925} INFO - DAG(s) 'example_skip_dag' retrieved from /home/airflow/.local/lib/python3.12/site-packages/airflow/example_dags/example_skip_dag.py
[2025-02-19T03:55:28.276+0000] {logging_mixin.py:190} INFO - [2025-02-19T03:55:28.275+0000] {dag.py:3239} INFO - Sync 1 DAGs
[2025-02-19T03:55:28.301+0000] {logging_mixin.py:190} INFO - [2025-02-19T03:55:28.300+0000] {dag.py:4180} INFO - Setting next_dagrun for example_skip_dag to 2025-02-18 00:00:00+00:00, run_after=2025-02-19 00:00:00+00:00
[2025-02-19T03:55:28.324+0000] {processor.py:208} INFO - Processing /home/airflow/.local/lib/python3.12/site-packages/airflow/example_dags/example_skip_dag.py took 0.092 seconds
[2025-02-19T03:55:58.563+0000] {processor.py:186} INFO - Started process (PID=669) to work on /home/airflow/.local/lib/python3.12/site-packages/airflow/example_dags/example_skip_dag.py
[2025-02-19T03:55:58.564+0000] {processor.py:914} INFO - Processing file /home/airflow/.local/lib/python3.12/site-packages/airflow/example_dags/example_skip_dag.py for tasks to queue
[2025-02-19T03:55:58.565+0000] {logging_mixin.py:190} INFO - [2025-02-19T03:55:58.565+0000] {dagbag.py:588} INFO - Filling up the DagBag from /home/airflow/.local/lib/python3.12/site-packages/airflow/example_dags/example_skip_dag.py
[2025-02-19T03:55:58.576+0000] {processor.py:925} INFO - DAG(s) 'example_skip_dag' retrieved from /home/airflow/.local/lib/python3.12/site-packages/airflow/example_dags/example_skip_dag.py
[2025-02-19T03:55:58.602+0000] {logging_mixin.py:190} INFO - [2025-02-19T03:55:58.602+0000] {dag.py:3239} INFO - Sync 1 DAGs
[2025-02-19T03:55:58.630+0000] {logging_mixin.py:190} INFO - [2025-02-19T03:55:58.629+0000] {dag.py:4180} INFO - Setting next_dagrun for example_skip_dag to 2025-02-18 00:00:00+00:00, run_after=2025-02-19 00:00:00+00:00
[2025-02-19T03:55:58.657+0000] {processor.py:208} INFO - Processing /home/airflow/.local/lib/python3.12/site-packages/airflow/example_dags/example_skip_dag.py took 0.100 seconds
[2025-02-19T03:56:28.982+0000] {processor.py:186} INFO - Started process (PID=733) to work on /home/airflow/.local/lib/python3.12/site-packages/airflow/example_dags/example_skip_dag.py
[2025-02-19T03:56:28.983+0000] {processor.py:914} INFO - Processing file /home/airflow/.local/lib/python3.12/site-packages/airflow/example_dags/example_skip_dag.py for tasks to queue
[2025-02-19T03:56:28.984+0000] {logging_mixin.py:190} INFO - [2025-02-19T03:56:28.984+0000] {dagbag.py:588} INFO - Filling up the DagBag from /home/airflow/.local/lib/python3.12/site-packages/airflow/example_dags/example_skip_dag.py
[2025-02-19T03:56:28.996+0000] {processor.py:925} INFO - DAG(s) 'example_skip_dag' retrieved from /home/airflow/.local/lib/python3.12/site-packages/airflow/example_dags/example_skip_dag.py
[2025-02-19T03:56:29.034+0000] {logging_mixin.py:190} INFO - [2025-02-19T03:56:29.034+0000] {dag.py:3239} INFO - Sync 1 DAGs
[2025-02-19T03:56:29.057+0000] {logging_mixin.py:190} INFO - [2025-02-19T03:56:29.057+0000] {dag.py:4180} INFO - Setting next_dagrun for example_skip_dag to 2025-02-18 00:00:00+00:00, run_after=2025-02-19 00:00:00+00:00
[2025-02-19T03:56:29.079+0000] {processor.py:208} INFO - Processing /home/airflow/.local/lib/python3.12/site-packages/airflow/example_dags/example_skip_dag.py took 0.109 seconds
[2025-02-19T03:56:59.457+0000] {processor.py:186} INFO - Started process (PID=797) to work on /home/airflow/.local/lib/python3.12/site-packages/airflow/example_dags/example_skip_dag.py
[2025-02-19T03:56:59.458+0000] {processor.py:914} INFO - Processing file /home/airflow/.local/lib/python3.12/site-packages/airflow/example_dags/example_skip_dag.py for tasks to queue
[2025-02-19T03:56:59.460+0000] {logging_mixin.py:190} INFO - [2025-02-19T03:56:59.460+0000] {dagbag.py:588} INFO - Filling up the DagBag from /home/airflow/.local/lib/python3.12/site-packages/airflow/example_dags/example_skip_dag.py
[2025-02-19T03:56:59.476+0000] {processor.py:925} INFO - DAG(s) 'example_skip_dag' retrieved from /home/airflow/.local/lib/python3.12/site-packages/airflow/example_dags/example_skip_dag.py
[2025-02-19T03:56:59.516+0000] {logging_mixin.py:190} INFO - [2025-02-19T03:56:59.516+0000] {dag.py:3239} INFO - Sync 1 DAGs
[2025-02-19T03:56:59.559+0000] {logging_mixin.py:190} INFO - [2025-02-19T03:56:59.558+0000] {dag.py:4180} INFO - Setting next_dagrun for example_skip_dag to 2025-02-18 00:00:00+00:00, run_after=2025-02-19 00:00:00+00:00
[2025-02-19T03:56:59.605+0000] {processor.py:208} INFO - Processing /home/airflow/.local/lib/python3.12/site-packages/airflow/example_dags/example_skip_dag.py took 0.157 seconds
[2025-02-19T03:57:30.507+0000] {processor.py:186} INFO - Started process (PID=861) to work on /home/airflow/.local/lib/python3.12/site-packages/airflow/example_dags/example_skip_dag.py
[2025-02-19T03:57:30.508+0000] {processor.py:914} INFO - Processing file /home/airflow/.local/lib/python3.12/site-packages/airflow/example_dags/example_skip_dag.py for tasks to queue
[2025-02-19T03:57:30.510+0000] {logging_mixin.py:190} INFO - [2025-02-19T03:57:30.510+0000] {dagbag.py:588} INFO - Filling up the DagBag from /home/airflow/.local/lib/python3.12/site-packages/airflow/example_dags/example_skip_dag.py
[2025-02-19T03:57:30.520+0000] {processor.py:925} INFO - DAG(s) 'example_skip_dag' retrieved from /home/airflow/.local/lib/python3.12/site-packages/airflow/example_dags/example_skip_dag.py
[2025-02-19T03:57:30.545+0000] {logging_mixin.py:190} INFO - [2025-02-19T03:57:30.545+0000] {dag.py:3239} INFO - Sync 1 DAGs
[2025-02-19T03:57:30.570+0000] {logging_mixin.py:190} INFO - [2025-02-19T03:57:30.569+0000] {dag.py:4180} INFO - Setting next_dagrun for example_skip_dag to 2025-02-18 00:00:00+00:00, run_after=2025-02-19 00:00:00+00:00
[2025-02-19T03:57:30.599+0000] {processor.py:208} INFO - Processing /home/airflow/.local/lib/python3.12/site-packages/airflow/example_dags/example_skip_dag.py took 0.097 seconds
[2025-02-19T03:58:01.345+0000] {processor.py:186} INFO - Started process (PID=925) to work on /home/airflow/.local/lib/python3.12/site-packages/airflow/example_dags/example_skip_dag.py
[2025-02-19T03:58:01.346+0000] {processor.py:914} INFO - Processing file /home/airflow/.local/lib/python3.12/site-packages/airflow/example_dags/example_skip_dag.py for tasks to queue
[2025-02-19T03:58:01.348+0000] {logging_mixin.py:190} INFO - [2025-02-19T03:58:01.348+0000] {dagbag.py:588} INFO - Filling up the DagBag from /home/airflow/.local/lib/python3.12/site-packages/airflow/example_dags/example_skip_dag.py
[2025-02-19T03:58:01.356+0000] {processor.py:925} INFO - DAG(s) 'example_skip_dag' retrieved from /home/airflow/.local/lib/python3.12/site-packages/airflow/example_dags/example_skip_dag.py
[2025-02-19T03:58:01.391+0000] {logging_mixin.py:190} INFO - [2025-02-19T03:58:01.390+0000] {dag.py:3239} INFO - Sync 1 DAGs
[2025-02-19T03:58:01.421+0000] {logging_mixin.py:190} INFO - [2025-02-19T03:58:01.420+0000] {dag.py:4180} INFO - Setting next_dagrun for example_skip_dag to 2025-02-18 00:00:00+00:00, run_after=2025-02-19 00:00:00+00:00
[2025-02-19T03:58:01.466+0000] {processor.py:208} INFO - Processing /home/airflow/.local/lib/python3.12/site-packages/airflow/example_dags/example_skip_dag.py took 0.126 seconds
[2025-02-19T03:58:32.290+0000] {processor.py:186} INFO - Started process (PID=989) to work on /home/airflow/.local/lib/python3.12/site-packages/airflow/example_dags/example_skip_dag.py
[2025-02-19T03:58:32.291+0000] {processor.py:914} INFO - Processing file /home/airflow/.local/lib/python3.12/site-packages/airflow/example_dags/example_skip_dag.py for tasks to queue
[2025-02-19T03:58:32.293+0000] {logging_mixin.py:190} INFO - [2025-02-19T03:58:32.293+0000] {dagbag.py:588} INFO - Filling up the DagBag from /home/airflow/.local/lib/python3.12/site-packages/airflow/example_dags/example_skip_dag.py
[2025-02-19T03:58:32.307+0000] {processor.py:925} INFO - DAG(s) 'example_skip_dag' retrieved from /home/airflow/.local/lib/python3.12/site-packages/airflow/example_dags/example_skip_dag.py
[2025-02-19T03:58:32.350+0000] {logging_mixin.py:190} INFO - [2025-02-19T03:58:32.350+0000] {dag.py:3239} INFO - Sync 1 DAGs
[2025-02-19T03:58:32.397+0000] {logging_mixin.py:190} INFO - [2025-02-19T03:58:32.396+0000] {dag.py:4180} INFO - Setting next_dagrun for example_skip_dag to 2025-02-18 00:00:00+00:00, run_after=2025-02-19 00:00:00+00:00
[2025-02-19T03:58:32.434+0000] {processor.py:208} INFO - Processing /home/airflow/.local/lib/python3.12/site-packages/airflow/example_dags/example_skip_dag.py took 0.154 seconds
[2025-02-19T03:59:02.608+0000] {processor.py:186} INFO - Started process (PID=1053) to work on /home/airflow/.local/lib/python3.12/site-packages/airflow/example_dags/example_skip_dag.py
[2025-02-19T03:59:02.609+0000] {processor.py:914} INFO - Processing file /home/airflow/.local/lib/python3.12/site-packages/airflow/example_dags/example_skip_dag.py for tasks to queue
[2025-02-19T03:59:02.611+0000] {logging_mixin.py:190} INFO - [2025-02-19T03:59:02.610+0000] {dagbag.py:588} INFO - Filling up the DagBag from /home/airflow/.local/lib/python3.12/site-packages/airflow/example_dags/example_skip_dag.py
[2025-02-19T03:59:02.620+0000] {processor.py:925} INFO - DAG(s) 'example_skip_dag' retrieved from /home/airflow/.local/lib/python3.12/site-packages/airflow/example_dags/example_skip_dag.py
[2025-02-19T03:59:02.644+0000] {logging_mixin.py:190} INFO - [2025-02-19T03:59:02.644+0000] {dag.py:3239} INFO - Sync 1 DAGs
[2025-02-19T03:59:02.669+0000] {logging_mixin.py:190} INFO - [2025-02-19T03:59:02.668+0000] {dag.py:4180} INFO - Setting next_dagrun for example_skip_dag to 2025-02-18 00:00:00+00:00, run_after=2025-02-19 00:00:00+00:00
[2025-02-19T03:59:02.696+0000] {processor.py:208} INFO - Processing /home/airflow/.local/lib/python3.12/site-packages/airflow/example_dags/example_skip_dag.py took 0.093 seconds
[2025-02-19T03:59:32.737+0000] {processor.py:186} INFO - Started process (PID=1117) to work on /home/airflow/.local/lib/python3.12/site-packages/airflow/example_dags/example_skip_dag.py
[2025-02-19T03:59:32.738+0000] {processor.py:914} INFO - Processing file /home/airflow/.local/lib/python3.12/site-packages/airflow/example_dags/example_skip_dag.py for tasks to queue
[2025-02-19T03:59:32.739+0000] {logging_mixin.py:190} INFO - [2025-02-19T03:59:32.739+0000] {dagbag.py:588} INFO - Filling up the DagBag from /home/airflow/.local/lib/python3.12/site-packages/airflow/example_dags/example_skip_dag.py
[2025-02-19T03:59:32.748+0000] {processor.py:925} INFO - DAG(s) 'example_skip_dag' retrieved from /home/airflow/.local/lib/python3.12/site-packages/airflow/example_dags/example_skip_dag.py
[2025-02-19T03:59:32.772+0000] {logging_mixin.py:190} INFO - [2025-02-19T03:59:32.772+0000] {dag.py:3239} INFO - Sync 1 DAGs
[2025-02-19T03:59:32.795+0000] {logging_mixin.py:190} INFO - [2025-02-19T03:59:32.795+0000] {dag.py:4180} INFO - Setting next_dagrun for example_skip_dag to 2025-02-18 00:00:00+00:00, run_after=2025-02-19 00:00:00+00:00
[2025-02-19T03:59:32.818+0000] {processor.py:208} INFO - Processing /home/airflow/.local/lib/python3.12/site-packages/airflow/example_dags/example_skip_dag.py took 0.088 seconds
[2025-02-19T04:00:02.934+0000] {processor.py:186} INFO - Started process (PID=1181) to work on /home/airflow/.local/lib/python3.12/site-packages/airflow/example_dags/example_skip_dag.py
[2025-02-19T04:00:02.935+0000] {processor.py:914} INFO - Processing file /home/airflow/.local/lib/python3.12/site-packages/airflow/example_dags/example_skip_dag.py for tasks to queue
[2025-02-19T04:00:02.936+0000] {logging_mixin.py:190} INFO - [2025-02-19T04:00:02.936+0000] {dagbag.py:588} INFO - Filling up the DagBag from /home/airflow/.local/lib/python3.12/site-packages/airflow/example_dags/example_skip_dag.py
[2025-02-19T04:00:02.946+0000] {processor.py:925} INFO - DAG(s) 'example_skip_dag' retrieved from /home/airflow/.local/lib/python3.12/site-packages/airflow/example_dags/example_skip_dag.py
[2025-02-19T04:00:02.973+0000] {logging_mixin.py:190} INFO - [2025-02-19T04:00:02.972+0000] {dag.py:3239} INFO - Sync 1 DAGs
[2025-02-19T04:00:03.008+0000] {logging_mixin.py:190} INFO - [2025-02-19T04:00:03.007+0000] {dag.py:4180} INFO - Setting next_dagrun for example_skip_dag to 2025-02-18 00:00:00+00:00, run_after=2025-02-19 00:00:00+00:00
[2025-02-19T04:00:03.038+0000] {processor.py:208} INFO - Processing /home/airflow/.local/lib/python3.12/site-packages/airflow/example_dags/example_skip_dag.py took 0.111 seconds
[2025-02-19T04:00:33.153+0000] {processor.py:186} INFO - Started process (PID=1245) to work on /home/airflow/.local/lib/python3.12/site-packages/airflow/example_dags/example_skip_dag.py
[2025-02-19T04:00:33.154+0000] {processor.py:914} INFO - Processing file /home/airflow/.local/lib/python3.12/site-packages/airflow/example_dags/example_skip_dag.py for tasks to queue
[2025-02-19T04:00:33.156+0000] {logging_mixin.py:190} INFO - [2025-02-19T04:00:33.156+0000] {dagbag.py:588} INFO - Filling up the DagBag from /home/airflow/.local/lib/python3.12/site-packages/airflow/example_dags/example_skip_dag.py
[2025-02-19T04:00:33.168+0000] {processor.py:925} INFO - DAG(s) 'example_skip_dag' retrieved from /home/airflow/.local/lib/python3.12/site-packages/airflow/example_dags/example_skip_dag.py
[2025-02-19T04:00:33.193+0000] {logging_mixin.py:190} INFO - [2025-02-19T04:00:33.193+0000] {dag.py:3239} INFO - Sync 1 DAGs
[2025-02-19T04:00:33.228+0000] {logging_mixin.py:190} INFO - [2025-02-19T04:00:33.228+0000] {dag.py:4180} INFO - Setting next_dagrun for example_skip_dag to 2025-02-18 00:00:00+00:00, run_after=2025-02-19 00:00:00+00:00
[2025-02-19T04:00:33.254+0000] {processor.py:208} INFO - Processing /home/airflow/.local/lib/python3.12/site-packages/airflow/example_dags/example_skip_dag.py took 0.107 seconds
[2025-02-19T04:01:03.311+0000] {processor.py:186} INFO - Started process (PID=1308) to work on /home/airflow/.local/lib/python3.12/site-packages/airflow/example_dags/example_skip_dag.py
[2025-02-19T04:01:03.312+0000] {processor.py:914} INFO - Processing file /home/airflow/.local/lib/python3.12/site-packages/airflow/example_dags/example_skip_dag.py for tasks to queue
[2025-02-19T04:01:03.313+0000] {logging_mixin.py:190} INFO - [2025-02-19T04:01:03.313+0000] {dagbag.py:588} INFO - Filling up the DagBag from /home/airflow/.local/lib/python3.12/site-packages/airflow/example_dags/example_skip_dag.py
[2025-02-19T04:01:03.323+0000] {processor.py:925} INFO - DAG(s) 'example_skip_dag' retrieved from /home/airflow/.local/lib/python3.12/site-packages/airflow/example_dags/example_skip_dag.py
[2025-02-19T04:01:03.350+0000] {logging_mixin.py:190} INFO - [2025-02-19T04:01:03.350+0000] {dag.py:3239} INFO - Sync 1 DAGs
[2025-02-19T04:01:03.374+0000] {logging_mixin.py:190} INFO - [2025-02-19T04:01:03.374+0000] {dag.py:4180} INFO - Setting next_dagrun for example_skip_dag to 2025-02-18 00:00:00+00:00, run_after=2025-02-19 00:00:00+00:00
[2025-02-19T04:01:03.398+0000] {processor.py:208} INFO - Processing /home/airflow/.local/lib/python3.12/site-packages/airflow/example_dags/example_skip_dag.py took 0.094 seconds
[2025-02-19T04:01:33.746+0000] {processor.py:186} INFO - Started process (PID=1372) to work on /home/airflow/.local/lib/python3.12/site-packages/airflow/example_dags/example_skip_dag.py
[2025-02-19T04:01:33.747+0000] {processor.py:914} INFO - Processing file /home/airflow/.local/lib/python3.12/site-packages/airflow/example_dags/example_skip_dag.py for tasks to queue
[2025-02-19T04:01:33.748+0000] {logging_mixin.py:190} INFO - [2025-02-19T04:01:33.748+0000] {dagbag.py:588} INFO - Filling up the DagBag from /home/airflow/.local/lib/python3.12/site-packages/airflow/example_dags/example_skip_dag.py
[2025-02-19T04:01:33.757+0000] {processor.py:925} INFO - DAG(s) 'example_skip_dag' retrieved from /home/airflow/.local/lib/python3.12/site-packages/airflow/example_dags/example_skip_dag.py
[2025-02-19T04:01:33.780+0000] {logging_mixin.py:190} INFO - [2025-02-19T04:01:33.780+0000] {dag.py:3239} INFO - Sync 1 DAGs
[2025-02-19T04:01:33.807+0000] {logging_mixin.py:190} INFO - [2025-02-19T04:01:33.807+0000] {dag.py:4180} INFO - Setting next_dagrun for example_skip_dag to 2025-02-18 00:00:00+00:00, run_after=2025-02-19 00:00:00+00:00
[2025-02-19T04:01:33.831+0000] {processor.py:208} INFO - Processing /home/airflow/.local/lib/python3.12/site-packages/airflow/example_dags/example_skip_dag.py took 0.091 seconds
