[2025-02-19T03:51:24.093+0000] {processor.py:186} INFO - Started process (PID=88) to work on /home/airflow/.local/lib/python3.12/site-packages/airflow/example_dags/example_python_decorator.py
[2025-02-19T03:51:24.094+0000] {processor.py:914} INFO - Processing file /home/airflow/.local/lib/python3.12/site-packages/airflow/example_dags/example_python_decorator.py for tasks to queue
[2025-02-19T03:51:24.096+0000] {logging_mixin.py:190} INFO - [2025-02-19T03:51:24.095+0000] {dagbag.py:588} INFO - Filling up the DagBag from /home/airflow/.local/lib/python3.12/site-packages/airflow/example_dags/example_python_decorator.py
[2025-02-19T03:51:24.120+0000] {processor.py:925} INFO - DAG(s) 'example_python_decorator' retrieved from /home/airflow/.local/lib/python3.12/site-packages/airflow/example_dags/example_python_decorator.py
[2025-02-19T03:51:24.266+0000] {logging_mixin.py:190} INFO - [2025-02-19T03:51:24.264+0000] {override.py:1911} INFO - Created Permission View: can read on DAG:example_python_decorator
[2025-02-19T03:51:24.281+0000] {logging_mixin.py:190} INFO - [2025-02-19T03:51:24.280+0000] {override.py:1911} INFO - Created Permission View: can delete on DAG:example_python_decorator
[2025-02-19T03:51:24.291+0000] {logging_mixin.py:190} INFO - [2025-02-19T03:51:24.291+0000] {override.py:1911} INFO - Created Permission View: can edit on DAG:example_python_decorator
[2025-02-19T03:51:24.307+0000] {logging_mixin.py:190} INFO - [2025-02-19T03:51:24.306+0000] {override.py:1911} INFO - Created Permission View: can read on DAG Run:example_python_decorator
[2025-02-19T03:51:24.318+0000] {logging_mixin.py:190} INFO - [2025-02-19T03:51:24.318+0000] {override.py:1911} INFO - Created Permission View: can delete on DAG Run:example_python_decorator
[2025-02-19T03:51:24.329+0000] {logging_mixin.py:190} INFO - [2025-02-19T03:51:24.329+0000] {override.py:1911} INFO - Created Permission View: can create on DAG Run:example_python_decorator
[2025-02-19T03:51:24.341+0000] {logging_mixin.py:190} INFO - [2025-02-19T03:51:24.340+0000] {override.py:1911} INFO - Created Permission View: menu access on DAG Run:example_python_decorator
[2025-02-19T03:51:24.342+0000] {logging_mixin.py:190} INFO - [2025-02-19T03:51:24.341+0000] {dag.py:3239} INFO - Sync 1 DAGs
[2025-02-19T03:51:24.358+0000] {logging_mixin.py:190} INFO - [2025-02-19T03:51:24.358+0000] {dag.py:3262} INFO - Creating ORM DAG for example_python_decorator
[2025-02-19T03:51:24.359+0000] {logging_mixin.py:190} INFO - [2025-02-19T03:51:24.359+0000] {dag.py:4180} INFO - Setting next_dagrun for example_python_decorator to None, run_after=None
[2025-02-19T03:51:24.384+0000] {processor.py:208} INFO - Processing /home/airflow/.local/lib/python3.12/site-packages/airflow/example_dags/example_python_decorator.py took 0.299 seconds
[2025-02-19T03:51:54.573+0000] {processor.py:186} INFO - Started process (PID=151) to work on /home/airflow/.local/lib/python3.12/site-packages/airflow/example_dags/example_python_decorator.py
[2025-02-19T03:51:54.574+0000] {processor.py:914} INFO - Processing file /home/airflow/.local/lib/python3.12/site-packages/airflow/example_dags/example_python_decorator.py for tasks to queue
[2025-02-19T03:51:54.576+0000] {logging_mixin.py:190} INFO - [2025-02-19T03:51:54.575+0000] {dagbag.py:588} INFO - Filling up the DagBag from /home/airflow/.local/lib/python3.12/site-packages/airflow/example_dags/example_python_decorator.py
[2025-02-19T03:51:54.600+0000] {processor.py:925} INFO - DAG(s) 'example_python_decorator' retrieved from /home/airflow/.local/lib/python3.12/site-packages/airflow/example_dags/example_python_decorator.py
[2025-02-19T03:51:54.635+0000] {logging_mixin.py:190} INFO - [2025-02-19T03:51:54.634+0000] {dag.py:3239} INFO - Sync 1 DAGs
[2025-02-19T03:51:54.658+0000] {logging_mixin.py:190} INFO - [2025-02-19T03:51:54.658+0000] {dag.py:4180} INFO - Setting next_dagrun for example_python_decorator to None, run_after=None
[2025-02-19T03:51:54.689+0000] {processor.py:208} INFO - Processing /home/airflow/.local/lib/python3.12/site-packages/airflow/example_dags/example_python_decorator.py took 0.125 seconds
[2025-02-19T03:52:24.817+0000] {processor.py:186} INFO - Started process (PID=215) to work on /home/airflow/.local/lib/python3.12/site-packages/airflow/example_dags/example_python_decorator.py
[2025-02-19T03:52:24.818+0000] {processor.py:914} INFO - Processing file /home/airflow/.local/lib/python3.12/site-packages/airflow/example_dags/example_python_decorator.py for tasks to queue
[2025-02-19T03:52:24.823+0000] {logging_mixin.py:190} INFO - [2025-02-19T03:52:24.823+0000] {dagbag.py:588} INFO - Filling up the DagBag from /home/airflow/.local/lib/python3.12/site-packages/airflow/example_dags/example_python_decorator.py
[2025-02-19T03:52:24.848+0000] {processor.py:925} INFO - DAG(s) 'example_python_decorator' retrieved from /home/airflow/.local/lib/python3.12/site-packages/airflow/example_dags/example_python_decorator.py
[2025-02-19T03:52:24.886+0000] {logging_mixin.py:190} INFO - [2025-02-19T03:52:24.886+0000] {dag.py:3239} INFO - Sync 1 DAGs
[2025-02-19T03:52:24.915+0000] {logging_mixin.py:190} INFO - [2025-02-19T03:52:24.915+0000] {dag.py:4180} INFO - Setting next_dagrun for example_python_decorator to None, run_after=None
[2025-02-19T03:52:24.954+0000] {processor.py:208} INFO - Processing /home/airflow/.local/lib/python3.12/site-packages/airflow/example_dags/example_python_decorator.py took 0.146 seconds
[2025-02-19T03:52:55.758+0000] {processor.py:186} INFO - Started process (PID=279) to work on /home/airflow/.local/lib/python3.12/site-packages/airflow/example_dags/example_python_decorator.py
[2025-02-19T03:52:55.759+0000] {processor.py:914} INFO - Processing file /home/airflow/.local/lib/python3.12/site-packages/airflow/example_dags/example_python_decorator.py for tasks to queue
[2025-02-19T03:52:55.762+0000] {logging_mixin.py:190} INFO - [2025-02-19T03:52:55.762+0000] {dagbag.py:588} INFO - Filling up the DagBag from /home/airflow/.local/lib/python3.12/site-packages/airflow/example_dags/example_python_decorator.py
[2025-02-19T03:52:55.804+0000] {processor.py:925} INFO - DAG(s) 'example_python_decorator' retrieved from /home/airflow/.local/lib/python3.12/site-packages/airflow/example_dags/example_python_decorator.py
[2025-02-19T03:52:55.875+0000] {logging_mixin.py:190} INFO - [2025-02-19T03:52:55.874+0000] {dag.py:3239} INFO - Sync 1 DAGs
[2025-02-19T03:52:55.930+0000] {logging_mixin.py:190} INFO - [2025-02-19T03:52:55.930+0000] {dag.py:4180} INFO - Setting next_dagrun for example_python_decorator to None, run_after=None
[2025-02-19T03:52:56.017+0000] {processor.py:208} INFO - Processing /home/airflow/.local/lib/python3.12/site-packages/airflow/example_dags/example_python_decorator.py took 0.273 seconds
[2025-02-19T03:53:26.241+0000] {processor.py:186} INFO - Started process (PID=347) to work on /home/airflow/.local/lib/python3.12/site-packages/airflow/example_dags/example_python_decorator.py
[2025-02-19T03:53:26.269+0000] {processor.py:914} INFO - Processing file /home/airflow/.local/lib/python3.12/site-packages/airflow/example_dags/example_python_decorator.py for tasks to queue
[2025-02-19T03:53:26.272+0000] {logging_mixin.py:190} INFO - [2025-02-19T03:53:26.272+0000] {dagbag.py:588} INFO - Filling up the DagBag from /home/airflow/.local/lib/python3.12/site-packages/airflow/example_dags/example_python_decorator.py
[2025-02-19T03:53:26.300+0000] {processor.py:925} INFO - DAG(s) 'example_python_decorator' retrieved from /home/airflow/.local/lib/python3.12/site-packages/airflow/example_dags/example_python_decorator.py
[2025-02-19T03:53:26.340+0000] {logging_mixin.py:190} INFO - [2025-02-19T03:53:26.339+0000] {dag.py:3239} INFO - Sync 1 DAGs
[2025-02-19T03:53:26.364+0000] {logging_mixin.py:190} INFO - [2025-02-19T03:53:26.364+0000] {dag.py:4180} INFO - Setting next_dagrun for example_python_decorator to None, run_after=None
[2025-02-19T03:53:26.400+0000] {processor.py:208} INFO - Processing /home/airflow/.local/lib/python3.12/site-packages/airflow/example_dags/example_python_decorator.py took 0.172 seconds
[2025-02-19T03:53:56.989+0000] {processor.py:186} INFO - Started process (PID=411) to work on /home/airflow/.local/lib/python3.12/site-packages/airflow/example_dags/example_python_decorator.py
[2025-02-19T03:53:56.990+0000] {processor.py:914} INFO - Processing file /home/airflow/.local/lib/python3.12/site-packages/airflow/example_dags/example_python_decorator.py for tasks to queue
[2025-02-19T03:53:56.991+0000] {logging_mixin.py:190} INFO - [2025-02-19T03:53:56.991+0000] {dagbag.py:588} INFO - Filling up the DagBag from /home/airflow/.local/lib/python3.12/site-packages/airflow/example_dags/example_python_decorator.py
[2025-02-19T03:53:57.006+0000] {processor.py:925} INFO - DAG(s) 'example_python_decorator' retrieved from /home/airflow/.local/lib/python3.12/site-packages/airflow/example_dags/example_python_decorator.py
[2025-02-19T03:53:57.029+0000] {logging_mixin.py:190} INFO - [2025-02-19T03:53:57.029+0000] {dag.py:3239} INFO - Sync 1 DAGs
[2025-02-19T03:53:57.043+0000] {logging_mixin.py:190} INFO - [2025-02-19T03:53:57.043+0000] {dag.py:4180} INFO - Setting next_dagrun for example_python_decorator to None, run_after=None
[2025-02-19T03:53:57.074+0000] {processor.py:208} INFO - Processing /home/airflow/.local/lib/python3.12/site-packages/airflow/example_dags/example_python_decorator.py took 0.090 seconds
[2025-02-19T03:54:27.719+0000] {processor.py:186} INFO - Started process (PID=475) to work on /home/airflow/.local/lib/python3.12/site-packages/airflow/example_dags/example_python_decorator.py
[2025-02-19T03:54:27.720+0000] {processor.py:914} INFO - Processing file /home/airflow/.local/lib/python3.12/site-packages/airflow/example_dags/example_python_decorator.py for tasks to queue
[2025-02-19T03:54:27.722+0000] {logging_mixin.py:190} INFO - [2025-02-19T03:54:27.721+0000] {dagbag.py:588} INFO - Filling up the DagBag from /home/airflow/.local/lib/python3.12/site-packages/airflow/example_dags/example_python_decorator.py
[2025-02-19T03:54:27.751+0000] {processor.py:925} INFO - DAG(s) 'example_python_decorator' retrieved from /home/airflow/.local/lib/python3.12/site-packages/airflow/example_dags/example_python_decorator.py
[2025-02-19T03:54:27.789+0000] {logging_mixin.py:190} INFO - [2025-02-19T03:54:27.789+0000] {dag.py:3239} INFO - Sync 1 DAGs
[2025-02-19T03:54:27.812+0000] {logging_mixin.py:190} INFO - [2025-02-19T03:54:27.811+0000] {dag.py:4180} INFO - Setting next_dagrun for example_python_decorator to None, run_after=None
[2025-02-19T03:54:27.839+0000] {processor.py:208} INFO - Processing /home/airflow/.local/lib/python3.12/site-packages/airflow/example_dags/example_python_decorator.py took 0.127 seconds
[2025-02-19T03:54:58.018+0000] {processor.py:186} INFO - Started process (PID=539) to work on /home/airflow/.local/lib/python3.12/site-packages/airflow/example_dags/example_python_decorator.py
[2025-02-19T03:54:58.019+0000] {processor.py:914} INFO - Processing file /home/airflow/.local/lib/python3.12/site-packages/airflow/example_dags/example_python_decorator.py for tasks to queue
[2025-02-19T03:54:58.021+0000] {logging_mixin.py:190} INFO - [2025-02-19T03:54:58.020+0000] {dagbag.py:588} INFO - Filling up the DagBag from /home/airflow/.local/lib/python3.12/site-packages/airflow/example_dags/example_python_decorator.py
[2025-02-19T03:54:58.042+0000] {processor.py:925} INFO - DAG(s) 'example_python_decorator' retrieved from /home/airflow/.local/lib/python3.12/site-packages/airflow/example_dags/example_python_decorator.py
[2025-02-19T03:54:58.077+0000] {logging_mixin.py:190} INFO - [2025-02-19T03:54:58.077+0000] {dag.py:3239} INFO - Sync 1 DAGs
[2025-02-19T03:54:58.098+0000] {logging_mixin.py:190} INFO - [2025-02-19T03:54:58.098+0000] {dag.py:4180} INFO - Setting next_dagrun for example_python_decorator to None, run_after=None
[2025-02-19T03:54:58.133+0000] {processor.py:208} INFO - Processing /home/airflow/.local/lib/python3.12/site-packages/airflow/example_dags/example_python_decorator.py took 0.122 seconds
[2025-02-19T03:55:28.362+0000] {processor.py:186} INFO - Started process (PID=603) to work on /home/airflow/.local/lib/python3.12/site-packages/airflow/example_dags/example_python_decorator.py
[2025-02-19T03:55:28.363+0000] {processor.py:914} INFO - Processing file /home/airflow/.local/lib/python3.12/site-packages/airflow/example_dags/example_python_decorator.py for tasks to queue
[2025-02-19T03:55:28.366+0000] {logging_mixin.py:190} INFO - [2025-02-19T03:55:28.365+0000] {dagbag.py:588} INFO - Filling up the DagBag from /home/airflow/.local/lib/python3.12/site-packages/airflow/example_dags/example_python_decorator.py
[2025-02-19T03:55:28.382+0000] {processor.py:925} INFO - DAG(s) 'example_python_decorator' retrieved from /home/airflow/.local/lib/python3.12/site-packages/airflow/example_dags/example_python_decorator.py
[2025-02-19T03:55:28.409+0000] {logging_mixin.py:190} INFO - [2025-02-19T03:55:28.408+0000] {dag.py:3239} INFO - Sync 1 DAGs
[2025-02-19T03:55:28.426+0000] {logging_mixin.py:190} INFO - [2025-02-19T03:55:28.426+0000] {dag.py:4180} INFO - Setting next_dagrun for example_python_decorator to None, run_after=None
[2025-02-19T03:55:28.453+0000] {processor.py:208} INFO - Processing /home/airflow/.local/lib/python3.12/site-packages/airflow/example_dags/example_python_decorator.py took 0.098 seconds
[2025-02-19T03:55:58.818+0000] {processor.py:186} INFO - Started process (PID=671) to work on /home/airflow/.local/lib/python3.12/site-packages/airflow/example_dags/example_python_decorator.py
[2025-02-19T03:55:58.819+0000] {processor.py:914} INFO - Processing file /home/airflow/.local/lib/python3.12/site-packages/airflow/example_dags/example_python_decorator.py for tasks to queue
[2025-02-19T03:55:58.820+0000] {logging_mixin.py:190} INFO - [2025-02-19T03:55:58.820+0000] {dagbag.py:588} INFO - Filling up the DagBag from /home/airflow/.local/lib/python3.12/site-packages/airflow/example_dags/example_python_decorator.py
[2025-02-19T03:55:58.835+0000] {processor.py:925} INFO - DAG(s) 'example_python_decorator' retrieved from /home/airflow/.local/lib/python3.12/site-packages/airflow/example_dags/example_python_decorator.py
[2025-02-19T03:55:58.867+0000] {logging_mixin.py:190} INFO - [2025-02-19T03:55:58.866+0000] {dag.py:3239} INFO - Sync 1 DAGs
[2025-02-19T03:55:58.884+0000] {logging_mixin.py:190} INFO - [2025-02-19T03:55:58.884+0000] {dag.py:4180} INFO - Setting next_dagrun for example_python_decorator to None, run_after=None
[2025-02-19T03:55:58.910+0000] {processor.py:208} INFO - Processing /home/airflow/.local/lib/python3.12/site-packages/airflow/example_dags/example_python_decorator.py took 0.098 seconds
[2025-02-19T03:56:29.254+0000] {processor.py:186} INFO - Started process (PID=735) to work on /home/airflow/.local/lib/python3.12/site-packages/airflow/example_dags/example_python_decorator.py
[2025-02-19T03:56:29.255+0000] {processor.py:914} INFO - Processing file /home/airflow/.local/lib/python3.12/site-packages/airflow/example_dags/example_python_decorator.py for tasks to queue
[2025-02-19T03:56:29.257+0000] {logging_mixin.py:190} INFO - [2025-02-19T03:56:29.256+0000] {dagbag.py:588} INFO - Filling up the DagBag from /home/airflow/.local/lib/python3.12/site-packages/airflow/example_dags/example_python_decorator.py
[2025-02-19T03:56:29.272+0000] {processor.py:925} INFO - DAG(s) 'example_python_decorator' retrieved from /home/airflow/.local/lib/python3.12/site-packages/airflow/example_dags/example_python_decorator.py
[2025-02-19T03:56:29.297+0000] {logging_mixin.py:190} INFO - [2025-02-19T03:56:29.297+0000] {dag.py:3239} INFO - Sync 1 DAGs
[2025-02-19T03:56:29.311+0000] {logging_mixin.py:190} INFO - [2025-02-19T03:56:29.311+0000] {dag.py:4180} INFO - Setting next_dagrun for example_python_decorator to None, run_after=None
[2025-02-19T03:56:29.333+0000] {processor.py:208} INFO - Processing /home/airflow/.local/lib/python3.12/site-packages/airflow/example_dags/example_python_decorator.py took 0.084 seconds
[2025-02-19T03:56:59.666+0000] {processor.py:186} INFO - Started process (PID=799) to work on /home/airflow/.local/lib/python3.12/site-packages/airflow/example_dags/example_python_decorator.py
[2025-02-19T03:56:59.667+0000] {processor.py:914} INFO - Processing file /home/airflow/.local/lib/python3.12/site-packages/airflow/example_dags/example_python_decorator.py for tasks to queue
[2025-02-19T03:56:59.669+0000] {logging_mixin.py:190} INFO - [2025-02-19T03:56:59.668+0000] {dagbag.py:588} INFO - Filling up the DagBag from /home/airflow/.local/lib/python3.12/site-packages/airflow/example_dags/example_python_decorator.py
[2025-02-19T03:56:59.691+0000] {processor.py:925} INFO - DAG(s) 'example_python_decorator' retrieved from /home/airflow/.local/lib/python3.12/site-packages/airflow/example_dags/example_python_decorator.py
[2025-02-19T03:56:59.736+0000] {logging_mixin.py:190} INFO - [2025-02-19T03:56:59.736+0000] {dag.py:3239} INFO - Sync 1 DAGs
[2025-02-19T03:56:59.763+0000] {logging_mixin.py:190} INFO - [2025-02-19T03:56:59.763+0000] {dag.py:4180} INFO - Setting next_dagrun for example_python_decorator to None, run_after=None
[2025-02-19T03:56:59.794+0000] {processor.py:208} INFO - Processing /home/airflow/.local/lib/python3.12/site-packages/airflow/example_dags/example_python_decorator.py took 0.136 seconds
[2025-02-19T03:57:30.650+0000] {processor.py:186} INFO - Started process (PID=863) to work on /home/airflow/.local/lib/python3.12/site-packages/airflow/example_dags/example_python_decorator.py
[2025-02-19T03:57:30.651+0000] {processor.py:914} INFO - Processing file /home/airflow/.local/lib/python3.12/site-packages/airflow/example_dags/example_python_decorator.py for tasks to queue
[2025-02-19T03:57:30.653+0000] {logging_mixin.py:190} INFO - [2025-02-19T03:57:30.652+0000] {dagbag.py:588} INFO - Filling up the DagBag from /home/airflow/.local/lib/python3.12/site-packages/airflow/example_dags/example_python_decorator.py
[2025-02-19T03:57:30.668+0000] {processor.py:925} INFO - DAG(s) 'example_python_decorator' retrieved from /home/airflow/.local/lib/python3.12/site-packages/airflow/example_dags/example_python_decorator.py
[2025-02-19T03:57:30.699+0000] {logging_mixin.py:190} INFO - [2025-02-19T03:57:30.699+0000] {dag.py:3239} INFO - Sync 1 DAGs
[2025-02-19T03:57:30.719+0000] {logging_mixin.py:190} INFO - [2025-02-19T03:57:30.719+0000] {dag.py:4180} INFO - Setting next_dagrun for example_python_decorator to None, run_after=None
[2025-02-19T03:57:30.746+0000] {processor.py:208} INFO - Processing /home/airflow/.local/lib/python3.12/site-packages/airflow/example_dags/example_python_decorator.py took 0.102 seconds
[2025-02-19T03:58:01.511+0000] {processor.py:186} INFO - Started process (PID=927) to work on /home/airflow/.local/lib/python3.12/site-packages/airflow/example_dags/example_python_decorator.py
[2025-02-19T03:58:01.513+0000] {processor.py:914} INFO - Processing file /home/airflow/.local/lib/python3.12/site-packages/airflow/example_dags/example_python_decorator.py for tasks to queue
[2025-02-19T03:58:01.514+0000] {logging_mixin.py:190} INFO - [2025-02-19T03:58:01.514+0000] {dagbag.py:588} INFO - Filling up the DagBag from /home/airflow/.local/lib/python3.12/site-packages/airflow/example_dags/example_python_decorator.py
[2025-02-19T03:58:01.533+0000] {processor.py:925} INFO - DAG(s) 'example_python_decorator' retrieved from /home/airflow/.local/lib/python3.12/site-packages/airflow/example_dags/example_python_decorator.py
[2025-02-19T03:58:01.564+0000] {logging_mixin.py:190} INFO - [2025-02-19T03:58:01.564+0000] {dag.py:3239} INFO - Sync 1 DAGs
[2025-02-19T03:58:01.584+0000] {logging_mixin.py:190} INFO - [2025-02-19T03:58:01.584+0000] {dag.py:4180} INFO - Setting next_dagrun for example_python_decorator to None, run_after=None
[2025-02-19T03:58:01.611+0000] {processor.py:208} INFO - Processing /home/airflow/.local/lib/python3.12/site-packages/airflow/example_dags/example_python_decorator.py took 0.107 seconds
[2025-02-19T03:58:32.487+0000] {processor.py:186} INFO - Started process (PID=991) to work on /home/airflow/.local/lib/python3.12/site-packages/airflow/example_dags/example_python_decorator.py
[2025-02-19T03:58:32.488+0000] {processor.py:914} INFO - Processing file /home/airflow/.local/lib/python3.12/site-packages/airflow/example_dags/example_python_decorator.py for tasks to queue
[2025-02-19T03:58:32.491+0000] {logging_mixin.py:190} INFO - [2025-02-19T03:58:32.490+0000] {dagbag.py:588} INFO - Filling up the DagBag from /home/airflow/.local/lib/python3.12/site-packages/airflow/example_dags/example_python_decorator.py
[2025-02-19T03:58:32.512+0000] {processor.py:925} INFO - DAG(s) 'example_python_decorator' retrieved from /home/airflow/.local/lib/python3.12/site-packages/airflow/example_dags/example_python_decorator.py
[2025-02-19T03:58:32.547+0000] {logging_mixin.py:190} INFO - [2025-02-19T03:58:32.547+0000] {dag.py:3239} INFO - Sync 1 DAGs
[2025-02-19T03:58:32.568+0000] {logging_mixin.py:190} INFO - [2025-02-19T03:58:32.568+0000] {dag.py:4180} INFO - Setting next_dagrun for example_python_decorator to None, run_after=None
[2025-02-19T03:58:32.595+0000] {processor.py:208} INFO - Processing /home/airflow/.local/lib/python3.12/site-packages/airflow/example_dags/example_python_decorator.py took 0.116 seconds
[2025-02-19T03:59:02.745+0000] {processor.py:186} INFO - Started process (PID=1054) to work on /home/airflow/.local/lib/python3.12/site-packages/airflow/example_dags/example_python_decorator.py
[2025-02-19T03:59:02.746+0000] {processor.py:914} INFO - Processing file /home/airflow/.local/lib/python3.12/site-packages/airflow/example_dags/example_python_decorator.py for tasks to queue
[2025-02-19T03:59:02.747+0000] {logging_mixin.py:190} INFO - [2025-02-19T03:59:02.747+0000] {dagbag.py:588} INFO - Filling up the DagBag from /home/airflow/.local/lib/python3.12/site-packages/airflow/example_dags/example_python_decorator.py
[2025-02-19T03:59:02.761+0000] {processor.py:925} INFO - DAG(s) 'example_python_decorator' retrieved from /home/airflow/.local/lib/python3.12/site-packages/airflow/example_dags/example_python_decorator.py
[2025-02-19T03:59:02.786+0000] {logging_mixin.py:190} INFO - [2025-02-19T03:59:02.786+0000] {dag.py:3239} INFO - Sync 1 DAGs
[2025-02-19T03:59:02.801+0000] {logging_mixin.py:190} INFO - [2025-02-19T03:59:02.801+0000] {dag.py:4180} INFO - Setting next_dagrun for example_python_decorator to None, run_after=None
[2025-02-19T03:59:02.823+0000] {processor.py:208} INFO - Processing /home/airflow/.local/lib/python3.12/site-packages/airflow/example_dags/example_python_decorator.py took 0.084 seconds
[2025-02-19T03:59:32.861+0000] {processor.py:186} INFO - Started process (PID=1118) to work on /home/airflow/.local/lib/python3.12/site-packages/airflow/example_dags/example_python_decorator.py
[2025-02-19T03:59:32.862+0000] {processor.py:914} INFO - Processing file /home/airflow/.local/lib/python3.12/site-packages/airflow/example_dags/example_python_decorator.py for tasks to queue
[2025-02-19T03:59:32.864+0000] {logging_mixin.py:190} INFO - [2025-02-19T03:59:32.863+0000] {dagbag.py:588} INFO - Filling up the DagBag from /home/airflow/.local/lib/python3.12/site-packages/airflow/example_dags/example_python_decorator.py
[2025-02-19T03:59:32.878+0000] {processor.py:925} INFO - DAG(s) 'example_python_decorator' retrieved from /home/airflow/.local/lib/python3.12/site-packages/airflow/example_dags/example_python_decorator.py
[2025-02-19T03:59:32.916+0000] {logging_mixin.py:190} INFO - [2025-02-19T03:59:32.915+0000] {dag.py:3239} INFO - Sync 1 DAGs
[2025-02-19T03:59:32.942+0000] {logging_mixin.py:190} INFO - [2025-02-19T03:59:32.941+0000] {dag.py:4180} INFO - Setting next_dagrun for example_python_decorator to None, run_after=None
[2025-02-19T03:59:32.962+0000] {processor.py:208} INFO - Processing /home/airflow/.local/lib/python3.12/site-packages/airflow/example_dags/example_python_decorator.py took 0.106 seconds
[2025-02-19T04:00:03.088+0000] {processor.py:186} INFO - Started process (PID=1182) to work on /home/airflow/.local/lib/python3.12/site-packages/airflow/example_dags/example_python_decorator.py
[2025-02-19T04:00:03.089+0000] {processor.py:914} INFO - Processing file /home/airflow/.local/lib/python3.12/site-packages/airflow/example_dags/example_python_decorator.py for tasks to queue
[2025-02-19T04:00:03.091+0000] {logging_mixin.py:190} INFO - [2025-02-19T04:00:03.090+0000] {dagbag.py:588} INFO - Filling up the DagBag from /home/airflow/.local/lib/python3.12/site-packages/airflow/example_dags/example_python_decorator.py
[2025-02-19T04:00:03.107+0000] {processor.py:925} INFO - DAG(s) 'example_python_decorator' retrieved from /home/airflow/.local/lib/python3.12/site-packages/airflow/example_dags/example_python_decorator.py
[2025-02-19T04:00:03.141+0000] {logging_mixin.py:190} INFO - [2025-02-19T04:00:03.141+0000] {dag.py:3239} INFO - Sync 1 DAGs
[2025-02-19T04:00:03.171+0000] {logging_mixin.py:190} INFO - [2025-02-19T04:00:03.171+0000] {dag.py:4180} INFO - Setting next_dagrun for example_python_decorator to None, run_after=None
[2025-02-19T04:00:03.204+0000] {processor.py:208} INFO - Processing /home/airflow/.local/lib/python3.12/site-packages/airflow/example_dags/example_python_decorator.py took 0.124 seconds
[2025-02-19T04:00:33.297+0000] {processor.py:186} INFO - Started process (PID=1246) to work on /home/airflow/.local/lib/python3.12/site-packages/airflow/example_dags/example_python_decorator.py
[2025-02-19T04:00:33.298+0000] {processor.py:914} INFO - Processing file /home/airflow/.local/lib/python3.12/site-packages/airflow/example_dags/example_python_decorator.py for tasks to queue
[2025-02-19T04:00:33.299+0000] {logging_mixin.py:190} INFO - [2025-02-19T04:00:33.299+0000] {dagbag.py:588} INFO - Filling up the DagBag from /home/airflow/.local/lib/python3.12/site-packages/airflow/example_dags/example_python_decorator.py
[2025-02-19T04:00:33.314+0000] {processor.py:925} INFO - DAG(s) 'example_python_decorator' retrieved from /home/airflow/.local/lib/python3.12/site-packages/airflow/example_dags/example_python_decorator.py
[2025-02-19T04:00:33.337+0000] {logging_mixin.py:190} INFO - [2025-02-19T04:00:33.337+0000] {dag.py:3239} INFO - Sync 1 DAGs
[2025-02-19T04:00:33.352+0000] {logging_mixin.py:190} INFO - [2025-02-19T04:00:33.352+0000] {dag.py:4180} INFO - Setting next_dagrun for example_python_decorator to None, run_after=None
[2025-02-19T04:00:33.374+0000] {processor.py:208} INFO - Processing /home/airflow/.local/lib/python3.12/site-packages/airflow/example_dags/example_python_decorator.py took 0.085 seconds
[2025-02-19T04:01:03.433+0000] {processor.py:186} INFO - Started process (PID=1310) to work on /home/airflow/.local/lib/python3.12/site-packages/airflow/example_dags/example_python_decorator.py
[2025-02-19T04:01:03.434+0000] {processor.py:914} INFO - Processing file /home/airflow/.local/lib/python3.12/site-packages/airflow/example_dags/example_python_decorator.py for tasks to queue
[2025-02-19T04:01:03.436+0000] {logging_mixin.py:190} INFO - [2025-02-19T04:01:03.435+0000] {dagbag.py:588} INFO - Filling up the DagBag from /home/airflow/.local/lib/python3.12/site-packages/airflow/example_dags/example_python_decorator.py
[2025-02-19T04:01:03.451+0000] {processor.py:925} INFO - DAG(s) 'example_python_decorator' retrieved from /home/airflow/.local/lib/python3.12/site-packages/airflow/example_dags/example_python_decorator.py
[2025-02-19T04:01:03.475+0000] {logging_mixin.py:190} INFO - [2025-02-19T04:01:03.475+0000] {dag.py:3239} INFO - Sync 1 DAGs
[2025-02-19T04:01:03.493+0000] {logging_mixin.py:190} INFO - [2025-02-19T04:01:03.493+0000] {dag.py:4180} INFO - Setting next_dagrun for example_python_decorator to None, run_after=None
[2025-02-19T04:01:03.515+0000] {processor.py:208} INFO - Processing /home/airflow/.local/lib/python3.12/site-packages/airflow/example_dags/example_python_decorator.py took 0.087 seconds
[2025-02-19T04:01:33.873+0000] {processor.py:186} INFO - Started process (PID=1374) to work on /home/airflow/.local/lib/python3.12/site-packages/airflow/example_dags/example_python_decorator.py
[2025-02-19T04:01:33.874+0000] {processor.py:914} INFO - Processing file /home/airflow/.local/lib/python3.12/site-packages/airflow/example_dags/example_python_decorator.py for tasks to queue
[2025-02-19T04:01:33.876+0000] {logging_mixin.py:190} INFO - [2025-02-19T04:01:33.876+0000] {dagbag.py:588} INFO - Filling up the DagBag from /home/airflow/.local/lib/python3.12/site-packages/airflow/example_dags/example_python_decorator.py
[2025-02-19T04:01:33.899+0000] {processor.py:925} INFO - DAG(s) 'example_python_decorator' retrieved from /home/airflow/.local/lib/python3.12/site-packages/airflow/example_dags/example_python_decorator.py
[2025-02-19T04:01:33.934+0000] {logging_mixin.py:190} INFO - [2025-02-19T04:01:33.934+0000] {dag.py:3239} INFO - Sync 1 DAGs
[2025-02-19T04:01:33.958+0000] {logging_mixin.py:190} INFO - [2025-02-19T04:01:33.958+0000] {dag.py:4180} INFO - Setting next_dagrun for example_python_decorator to None, run_after=None
[2025-02-19T04:01:34.001+0000] {processor.py:208} INFO - Processing /home/airflow/.local/lib/python3.12/site-packages/airflow/example_dags/example_python_decorator.py took 0.138 seconds
