[2025-02-19T03:51:35.359+0000] {processor.py:186} INFO - Started process (PID=121) to work on /home/airflow/.local/lib/python3.12/site-packages/airflow/example_dags/example_sla_dag.py
[2025-02-19T03:51:35.360+0000] {processor.py:914} INFO - Processing file /home/airflow/.local/lib/python3.12/site-packages/airflow/example_dags/example_sla_dag.py for tasks to queue
[2025-02-19T03:51:35.364+0000] {logging_mixin.py:190} INFO - [2025-02-19T03:51:35.363+0000] {dagbag.py:588} INFO - Filling up the DagBag from /home/airflow/.local/lib/python3.12/site-packages/airflow/example_dags/example_sla_dag.py
[2025-02-19T03:51:35.384+0000] {processor.py:925} INFO - DAG(s) 'example_sla_dag' retrieved from /home/airflow/.local/lib/python3.12/site-packages/airflow/example_dags/example_sla_dag.py
[2025-02-19T03:51:35.541+0000] {logging_mixin.py:190} INFO - [2025-02-19T03:51:35.540+0000] {override.py:1911} INFO - Created Permission View: can read on DAG:example_sla_dag
[2025-02-19T03:51:35.558+0000] {logging_mixin.py:190} INFO - [2025-02-19T03:51:35.558+0000] {override.py:1911} INFO - Created Permission View: can delete on DAG:example_sla_dag
[2025-02-19T03:51:35.574+0000] {logging_mixin.py:190} INFO - [2025-02-19T03:51:35.573+0000] {override.py:1911} INFO - Created Permission View: can edit on DAG:example_sla_dag
[2025-02-19T03:51:35.588+0000] {logging_mixin.py:190} INFO - [2025-02-19T03:51:35.587+0000] {override.py:1911} INFO - Created Permission View: can read on DAG Run:example_sla_dag
[2025-02-19T03:51:35.603+0000] {logging_mixin.py:190} INFO - [2025-02-19T03:51:35.603+0000] {override.py:1911} INFO - Created Permission View: can delete on DAG Run:example_sla_dag
[2025-02-19T03:51:35.616+0000] {logging_mixin.py:190} INFO - [2025-02-19T03:51:35.615+0000] {override.py:1911} INFO - Created Permission View: can create on DAG Run:example_sla_dag
[2025-02-19T03:51:35.627+0000] {logging_mixin.py:190} INFO - [2025-02-19T03:51:35.626+0000] {override.py:1911} INFO - Created Permission View: menu access on DAG Run:example_sla_dag
[2025-02-19T03:51:35.628+0000] {logging_mixin.py:190} INFO - [2025-02-19T03:51:35.628+0000] {dag.py:3239} INFO - Sync 1 DAGs
[2025-02-19T03:51:35.646+0000] {logging_mixin.py:190} INFO - [2025-02-19T03:51:35.645+0000] {dag.py:3262} INFO - Creating ORM DAG for example_sla_dag
[2025-02-19T03:51:35.662+0000] {logging_mixin.py:190} INFO - [2025-02-19T03:51:35.661+0000] {dag.py:4180} INFO - Setting next_dagrun for example_sla_dag to 2025-02-19 03:48:00+00:00, run_after=2025-02-19 03:50:00+00:00
[2025-02-19T03:51:35.686+0000] {processor.py:208} INFO - Processing /home/airflow/.local/lib/python3.12/site-packages/airflow/example_dags/example_sla_dag.py took 0.336 seconds
[2025-02-19T03:52:06.564+0000] {processor.py:186} INFO - Started process (PID=185) to work on /home/airflow/.local/lib/python3.12/site-packages/airflow/example_dags/example_sla_dag.py
[2025-02-19T03:52:06.565+0000] {processor.py:914} INFO - Processing file /home/airflow/.local/lib/python3.12/site-packages/airflow/example_dags/example_sla_dag.py for tasks to queue
[2025-02-19T03:52:06.567+0000] {logging_mixin.py:190} INFO - [2025-02-19T03:52:06.567+0000] {dagbag.py:588} INFO - Filling up the DagBag from /home/airflow/.local/lib/python3.12/site-packages/airflow/example_dags/example_sla_dag.py
[2025-02-19T03:52:06.580+0000] {processor.py:925} INFO - DAG(s) 'example_sla_dag' retrieved from /home/airflow/.local/lib/python3.12/site-packages/airflow/example_dags/example_sla_dag.py
[2025-02-19T03:52:06.612+0000] {logging_mixin.py:190} INFO - [2025-02-19T03:52:06.611+0000] {dag.py:3239} INFO - Sync 1 DAGs
[2025-02-19T03:52:06.657+0000] {logging_mixin.py:190} INFO - [2025-02-19T03:52:06.656+0000] {dag.py:4180} INFO - Setting next_dagrun for example_sla_dag to 2025-02-19 03:50:00+00:00, run_after=2025-02-19 03:52:00+00:00
[2025-02-19T03:52:06.689+0000] {processor.py:208} INFO - Processing /home/airflow/.local/lib/python3.12/site-packages/airflow/example_dags/example_sla_dag.py took 0.134 seconds
[2025-02-19T03:52:36.791+0000] {processor.py:186} INFO - Started process (PID=249) to work on /home/airflow/.local/lib/python3.12/site-packages/airflow/example_dags/example_sla_dag.py
[2025-02-19T03:52:36.793+0000] {processor.py:914} INFO - Processing file /home/airflow/.local/lib/python3.12/site-packages/airflow/example_dags/example_sla_dag.py for tasks to queue
[2025-02-19T03:52:36.794+0000] {logging_mixin.py:190} INFO - [2025-02-19T03:52:36.794+0000] {dagbag.py:588} INFO - Filling up the DagBag from /home/airflow/.local/lib/python3.12/site-packages/airflow/example_dags/example_sla_dag.py
[2025-02-19T03:52:36.804+0000] {processor.py:925} INFO - DAG(s) 'example_sla_dag' retrieved from /home/airflow/.local/lib/python3.12/site-packages/airflow/example_dags/example_sla_dag.py
[2025-02-19T03:52:36.829+0000] {logging_mixin.py:190} INFO - [2025-02-19T03:52:36.828+0000] {dag.py:3239} INFO - Sync 1 DAGs
[2025-02-19T03:52:36.860+0000] {logging_mixin.py:190} INFO - [2025-02-19T03:52:36.860+0000] {dag.py:4180} INFO - Setting next_dagrun for example_sla_dag to 2025-02-19 03:50:00+00:00, run_after=2025-02-19 03:52:00+00:00
[2025-02-19T03:52:36.886+0000] {processor.py:208} INFO - Processing /home/airflow/.local/lib/python3.12/site-packages/airflow/example_dags/example_sla_dag.py took 0.101 seconds
[2025-02-19T03:53:07.916+0000] {processor.py:186} INFO - Started process (PID=317) to work on /home/airflow/.local/lib/python3.12/site-packages/airflow/example_dags/example_sla_dag.py
[2025-02-19T03:53:07.917+0000] {processor.py:914} INFO - Processing file /home/airflow/.local/lib/python3.12/site-packages/airflow/example_dags/example_sla_dag.py for tasks to queue
[2025-02-19T03:53:07.919+0000] {logging_mixin.py:190} INFO - [2025-02-19T03:53:07.918+0000] {dagbag.py:588} INFO - Filling up the DagBag from /home/airflow/.local/lib/python3.12/site-packages/airflow/example_dags/example_sla_dag.py
[2025-02-19T03:53:07.936+0000] {processor.py:925} INFO - DAG(s) 'example_sla_dag' retrieved from /home/airflow/.local/lib/python3.12/site-packages/airflow/example_dags/example_sla_dag.py
[2025-02-19T03:53:07.968+0000] {logging_mixin.py:190} INFO - [2025-02-19T03:53:07.968+0000] {dag.py:3239} INFO - Sync 1 DAGs
[2025-02-19T03:53:08.015+0000] {logging_mixin.py:190} INFO - [2025-02-19T03:53:08.014+0000] {dag.py:4180} INFO - Setting next_dagrun for example_sla_dag to 2025-02-19 03:50:00+00:00, run_after=2025-02-19 03:52:00+00:00
[2025-02-19T03:53:08.052+0000] {processor.py:208} INFO - Processing /home/airflow/.local/lib/python3.12/site-packages/airflow/example_dags/example_sla_dag.py took 0.149 seconds
[2025-02-19T03:53:38.400+0000] {processor.py:186} INFO - Started process (PID=381) to work on /home/airflow/.local/lib/python3.12/site-packages/airflow/example_dags/example_sla_dag.py
[2025-02-19T03:53:38.401+0000] {processor.py:914} INFO - Processing file /home/airflow/.local/lib/python3.12/site-packages/airflow/example_dags/example_sla_dag.py for tasks to queue
[2025-02-19T03:53:38.403+0000] {logging_mixin.py:190} INFO - [2025-02-19T03:53:38.402+0000] {dagbag.py:588} INFO - Filling up the DagBag from /home/airflow/.local/lib/python3.12/site-packages/airflow/example_dags/example_sla_dag.py
[2025-02-19T03:53:38.419+0000] {processor.py:925} INFO - DAG(s) 'example_sla_dag' retrieved from /home/airflow/.local/lib/python3.12/site-packages/airflow/example_dags/example_sla_dag.py
[2025-02-19T03:53:38.449+0000] {logging_mixin.py:190} INFO - [2025-02-19T03:53:38.449+0000] {dag.py:3239} INFO - Sync 1 DAGs
[2025-02-19T03:53:38.486+0000] {logging_mixin.py:190} INFO - [2025-02-19T03:53:38.485+0000] {dag.py:4180} INFO - Setting next_dagrun for example_sla_dag to 2025-02-19 03:50:00+00:00, run_after=2025-02-19 03:52:00+00:00
[2025-02-19T03:53:38.521+0000] {processor.py:208} INFO - Processing /home/airflow/.local/lib/python3.12/site-packages/airflow/example_dags/example_sla_dag.py took 0.130 seconds
[2025-02-19T03:54:09.858+0000] {processor.py:186} INFO - Started process (PID=444) to work on /home/airflow/.local/lib/python3.12/site-packages/airflow/example_dags/example_sla_dag.py
[2025-02-19T03:54:09.861+0000] {processor.py:914} INFO - Processing file /home/airflow/.local/lib/python3.12/site-packages/airflow/example_dags/example_sla_dag.py for tasks to queue
[2025-02-19T03:54:09.864+0000] {logging_mixin.py:190} INFO - [2025-02-19T03:54:09.863+0000] {dagbag.py:588} INFO - Filling up the DagBag from /home/airflow/.local/lib/python3.12/site-packages/airflow/example_dags/example_sla_dag.py
[2025-02-19T03:54:09.884+0000] {processor.py:925} INFO - DAG(s) 'example_sla_dag' retrieved from /home/airflow/.local/lib/python3.12/site-packages/airflow/example_dags/example_sla_dag.py
[2025-02-19T03:54:09.929+0000] {logging_mixin.py:190} INFO - [2025-02-19T03:54:09.929+0000] {dag.py:3239} INFO - Sync 1 DAGs
[2025-02-19T03:54:09.984+0000] {logging_mixin.py:190} INFO - [2025-02-19T03:54:09.983+0000] {dag.py:4180} INFO - Setting next_dagrun for example_sla_dag to 2025-02-19 03:52:00+00:00, run_after=2025-02-19 03:54:00+00:00
[2025-02-19T03:54:10.021+0000] {processor.py:208} INFO - Processing /home/airflow/.local/lib/python3.12/site-packages/airflow/example_dags/example_sla_dag.py took 0.177 seconds
[2025-02-19T03:54:40.586+0000] {processor.py:186} INFO - Started process (PID=508) to work on /home/airflow/.local/lib/python3.12/site-packages/airflow/example_dags/example_sla_dag.py
[2025-02-19T03:54:40.588+0000] {processor.py:914} INFO - Processing file /home/airflow/.local/lib/python3.12/site-packages/airflow/example_dags/example_sla_dag.py for tasks to queue
[2025-02-19T03:54:40.590+0000] {logging_mixin.py:190} INFO - [2025-02-19T03:54:40.590+0000] {dagbag.py:588} INFO - Filling up the DagBag from /home/airflow/.local/lib/python3.12/site-packages/airflow/example_dags/example_sla_dag.py
[2025-02-19T03:54:40.604+0000] {processor.py:925} INFO - DAG(s) 'example_sla_dag' retrieved from /home/airflow/.local/lib/python3.12/site-packages/airflow/example_dags/example_sla_dag.py
[2025-02-19T03:54:40.638+0000] {logging_mixin.py:190} INFO - [2025-02-19T03:54:40.638+0000] {dag.py:3239} INFO - Sync 1 DAGs
[2025-02-19T03:54:40.680+0000] {logging_mixin.py:190} INFO - [2025-02-19T03:54:40.679+0000] {dag.py:4180} INFO - Setting next_dagrun for example_sla_dag to 2025-02-19 03:52:00+00:00, run_after=2025-02-19 03:54:00+00:00
[2025-02-19T03:54:40.711+0000] {processor.py:208} INFO - Processing /home/airflow/.local/lib/python3.12/site-packages/airflow/example_dags/example_sla_dag.py took 0.134 seconds
[2025-02-19T03:55:11.983+0000] {processor.py:186} INFO - Started process (PID=572) to work on /home/airflow/.local/lib/python3.12/site-packages/airflow/example_dags/example_sla_dag.py
[2025-02-19T03:55:11.984+0000] {processor.py:914} INFO - Processing file /home/airflow/.local/lib/python3.12/site-packages/airflow/example_dags/example_sla_dag.py for tasks to queue
[2025-02-19T03:55:11.986+0000] {logging_mixin.py:190} INFO - [2025-02-19T03:55:11.986+0000] {dagbag.py:588} INFO - Filling up the DagBag from /home/airflow/.local/lib/python3.12/site-packages/airflow/example_dags/example_sla_dag.py
[2025-02-19T03:55:12.003+0000] {processor.py:925} INFO - DAG(s) 'example_sla_dag' retrieved from /home/airflow/.local/lib/python3.12/site-packages/airflow/example_dags/example_sla_dag.py
[2025-02-19T03:55:12.032+0000] {logging_mixin.py:190} INFO - [2025-02-19T03:55:12.032+0000] {dag.py:3239} INFO - Sync 1 DAGs
[2025-02-19T03:55:12.068+0000] {logging_mixin.py:190} INFO - [2025-02-19T03:55:12.068+0000] {dag.py:4180} INFO - Setting next_dagrun for example_sla_dag to 2025-02-19 03:52:00+00:00, run_after=2025-02-19 03:54:00+00:00
[2025-02-19T03:55:12.093+0000] {processor.py:208} INFO - Processing /home/airflow/.local/lib/python3.12/site-packages/airflow/example_dags/example_sla_dag.py took 0.118 seconds
[2025-02-19T03:55:42.632+0000] {processor.py:186} INFO - Started process (PID=640) to work on /home/airflow/.local/lib/python3.12/site-packages/airflow/example_dags/example_sla_dag.py
[2025-02-19T03:55:42.633+0000] {processor.py:914} INFO - Processing file /home/airflow/.local/lib/python3.12/site-packages/airflow/example_dags/example_sla_dag.py for tasks to queue
[2025-02-19T03:55:42.635+0000] {logging_mixin.py:190} INFO - [2025-02-19T03:55:42.635+0000] {dagbag.py:588} INFO - Filling up the DagBag from /home/airflow/.local/lib/python3.12/site-packages/airflow/example_dags/example_sla_dag.py
[2025-02-19T03:55:42.648+0000] {processor.py:925} INFO - DAG(s) 'example_sla_dag' retrieved from /home/airflow/.local/lib/python3.12/site-packages/airflow/example_dags/example_sla_dag.py
[2025-02-19T03:55:42.674+0000] {logging_mixin.py:190} INFO - [2025-02-19T03:55:42.674+0000] {dag.py:3239} INFO - Sync 1 DAGs
[2025-02-19T03:55:42.707+0000] {logging_mixin.py:190} INFO - [2025-02-19T03:55:42.707+0000] {dag.py:4180} INFO - Setting next_dagrun for example_sla_dag to 2025-02-19 03:52:00+00:00, run_after=2025-02-19 03:54:00+00:00
[2025-02-19T03:55:42.739+0000] {processor.py:208} INFO - Processing /home/airflow/.local/lib/python3.12/site-packages/airflow/example_dags/example_sla_dag.py took 0.115 seconds
[2025-02-19T03:56:12.852+0000] {processor.py:186} INFO - Started process (PID=703) to work on /home/airflow/.local/lib/python3.12/site-packages/airflow/example_dags/example_sla_dag.py
[2025-02-19T03:56:12.853+0000] {processor.py:914} INFO - Processing file /home/airflow/.local/lib/python3.12/site-packages/airflow/example_dags/example_sla_dag.py for tasks to queue
[2025-02-19T03:56:12.855+0000] {logging_mixin.py:190} INFO - [2025-02-19T03:56:12.854+0000] {dagbag.py:588} INFO - Filling up the DagBag from /home/airflow/.local/lib/python3.12/site-packages/airflow/example_dags/example_sla_dag.py
[2025-02-19T03:56:12.865+0000] {processor.py:925} INFO - DAG(s) 'example_sla_dag' retrieved from /home/airflow/.local/lib/python3.12/site-packages/airflow/example_dags/example_sla_dag.py
[2025-02-19T03:56:12.888+0000] {logging_mixin.py:190} INFO - [2025-02-19T03:56:12.888+0000] {dag.py:3239} INFO - Sync 1 DAGs
[2025-02-19T03:56:12.916+0000] {logging_mixin.py:190} INFO - [2025-02-19T03:56:12.916+0000] {dag.py:4180} INFO - Setting next_dagrun for example_sla_dag to 2025-02-19 03:54:00+00:00, run_after=2025-02-19 03:56:00+00:00
[2025-02-19T03:56:12.945+0000] {processor.py:208} INFO - Processing /home/airflow/.local/lib/python3.12/site-packages/airflow/example_dags/example_sla_dag.py took 0.098 seconds
[2025-02-19T03:56:43.825+0000] {processor.py:186} INFO - Started process (PID=767) to work on /home/airflow/.local/lib/python3.12/site-packages/airflow/example_dags/example_sla_dag.py
[2025-02-19T03:56:43.826+0000] {processor.py:914} INFO - Processing file /home/airflow/.local/lib/python3.12/site-packages/airflow/example_dags/example_sla_dag.py for tasks to queue
[2025-02-19T03:56:43.827+0000] {logging_mixin.py:190} INFO - [2025-02-19T03:56:43.826+0000] {dagbag.py:588} INFO - Filling up the DagBag from /home/airflow/.local/lib/python3.12/site-packages/airflow/example_dags/example_sla_dag.py
[2025-02-19T03:56:43.840+0000] {processor.py:925} INFO - DAG(s) 'example_sla_dag' retrieved from /home/airflow/.local/lib/python3.12/site-packages/airflow/example_dags/example_sla_dag.py
[2025-02-19T03:56:43.867+0000] {logging_mixin.py:190} INFO - [2025-02-19T03:56:43.867+0000] {dag.py:3239} INFO - Sync 1 DAGs
[2025-02-19T03:56:43.899+0000] {logging_mixin.py:190} INFO - [2025-02-19T03:56:43.899+0000] {dag.py:4180} INFO - Setting next_dagrun for example_sla_dag to 2025-02-19 03:54:00+00:00, run_after=2025-02-19 03:56:00+00:00
[2025-02-19T03:56:43.938+0000] {processor.py:208} INFO - Processing /home/airflow/.local/lib/python3.12/site-packages/airflow/example_dags/example_sla_dag.py took 0.120 seconds
[2025-02-19T03:57:15.766+0000] {processor.py:186} INFO - Started process (PID=831) to work on /home/airflow/.local/lib/python3.12/site-packages/airflow/example_dags/example_sla_dag.py
[2025-02-19T03:57:15.767+0000] {processor.py:914} INFO - Processing file /home/airflow/.local/lib/python3.12/site-packages/airflow/example_dags/example_sla_dag.py for tasks to queue
[2025-02-19T03:57:15.773+0000] {logging_mixin.py:190} INFO - [2025-02-19T03:57:15.772+0000] {dagbag.py:588} INFO - Filling up the DagBag from /home/airflow/.local/lib/python3.12/site-packages/airflow/example_dags/example_sla_dag.py
[2025-02-19T03:57:15.797+0000] {processor.py:925} INFO - DAG(s) 'example_sla_dag' retrieved from /home/airflow/.local/lib/python3.12/site-packages/airflow/example_dags/example_sla_dag.py
[2025-02-19T03:57:15.831+0000] {logging_mixin.py:190} INFO - [2025-02-19T03:57:15.830+0000] {dag.py:3239} INFO - Sync 1 DAGs
[2025-02-19T03:57:15.880+0000] {logging_mixin.py:190} INFO - [2025-02-19T03:57:15.879+0000] {dag.py:4180} INFO - Setting next_dagrun for example_sla_dag to 2025-02-19 03:54:00+00:00, run_after=2025-02-19 03:56:00+00:00
[2025-02-19T03:57:15.917+0000] {processor.py:208} INFO - Processing /home/airflow/.local/lib/python3.12/site-packages/airflow/example_dags/example_sla_dag.py took 0.194 seconds
[2025-02-19T03:57:46.440+0000] {processor.py:186} INFO - Started process (PID=895) to work on /home/airflow/.local/lib/python3.12/site-packages/airflow/example_dags/example_sla_dag.py
[2025-02-19T03:57:46.441+0000] {processor.py:914} INFO - Processing file /home/airflow/.local/lib/python3.12/site-packages/airflow/example_dags/example_sla_dag.py for tasks to queue
[2025-02-19T03:57:46.443+0000] {logging_mixin.py:190} INFO - [2025-02-19T03:57:46.443+0000] {dagbag.py:588} INFO - Filling up the DagBag from /home/airflow/.local/lib/python3.12/site-packages/airflow/example_dags/example_sla_dag.py
[2025-02-19T03:57:46.458+0000] {processor.py:925} INFO - DAG(s) 'example_sla_dag' retrieved from /home/airflow/.local/lib/python3.12/site-packages/airflow/example_dags/example_sla_dag.py
[2025-02-19T03:57:46.490+0000] {logging_mixin.py:190} INFO - [2025-02-19T03:57:46.490+0000] {dag.py:3239} INFO - Sync 1 DAGs
[2025-02-19T03:57:46.521+0000] {logging_mixin.py:190} INFO - [2025-02-19T03:57:46.521+0000] {dag.py:4180} INFO - Setting next_dagrun for example_sla_dag to 2025-02-19 03:54:00+00:00, run_after=2025-02-19 03:56:00+00:00
[2025-02-19T03:57:46.552+0000] {processor.py:208} INFO - Processing /home/airflow/.local/lib/python3.12/site-packages/airflow/example_dags/example_sla_dag.py took 0.118 seconds
[2025-02-19T03:58:16.860+0000] {processor.py:186} INFO - Started process (PID=958) to work on /home/airflow/.local/lib/python3.12/site-packages/airflow/example_dags/example_sla_dag.py
[2025-02-19T03:58:16.861+0000] {processor.py:914} INFO - Processing file /home/airflow/.local/lib/python3.12/site-packages/airflow/example_dags/example_sla_dag.py for tasks to queue
[2025-02-19T03:58:16.863+0000] {logging_mixin.py:190} INFO - [2025-02-19T03:58:16.863+0000] {dagbag.py:588} INFO - Filling up the DagBag from /home/airflow/.local/lib/python3.12/site-packages/airflow/example_dags/example_sla_dag.py
[2025-02-19T03:58:16.878+0000] {processor.py:925} INFO - DAG(s) 'example_sla_dag' retrieved from /home/airflow/.local/lib/python3.12/site-packages/airflow/example_dags/example_sla_dag.py
[2025-02-19T03:58:16.917+0000] {logging_mixin.py:190} INFO - [2025-02-19T03:58:16.917+0000] {dag.py:3239} INFO - Sync 1 DAGs
[2025-02-19T03:58:16.985+0000] {logging_mixin.py:190} INFO - [2025-02-19T03:58:16.984+0000] {dag.py:4180} INFO - Setting next_dagrun for example_sla_dag to 2025-02-19 03:56:00+00:00, run_after=2025-02-19 03:58:00+00:00
[2025-02-19T03:58:17.098+0000] {processor.py:208} INFO - Processing /home/airflow/.local/lib/python3.12/site-packages/airflow/example_dags/example_sla_dag.py took 0.246 seconds
[2025-02-19T03:58:47.506+0000] {processor.py:186} INFO - Started process (PID=1022) to work on /home/airflow/.local/lib/python3.12/site-packages/airflow/example_dags/example_sla_dag.py
[2025-02-19T03:58:47.507+0000] {processor.py:914} INFO - Processing file /home/airflow/.local/lib/python3.12/site-packages/airflow/example_dags/example_sla_dag.py for tasks to queue
[2025-02-19T03:58:47.510+0000] {logging_mixin.py:190} INFO - [2025-02-19T03:58:47.510+0000] {dagbag.py:588} INFO - Filling up the DagBag from /home/airflow/.local/lib/python3.12/site-packages/airflow/example_dags/example_sla_dag.py
[2025-02-19T03:58:47.526+0000] {processor.py:925} INFO - DAG(s) 'example_sla_dag' retrieved from /home/airflow/.local/lib/python3.12/site-packages/airflow/example_dags/example_sla_dag.py
[2025-02-19T03:58:47.552+0000] {logging_mixin.py:190} INFO - [2025-02-19T03:58:47.552+0000] {dag.py:3239} INFO - Sync 1 DAGs
[2025-02-19T03:58:47.588+0000] {logging_mixin.py:190} INFO - [2025-02-19T03:58:47.587+0000] {dag.py:4180} INFO - Setting next_dagrun for example_sla_dag to 2025-02-19 03:56:00+00:00, run_after=2025-02-19 03:58:00+00:00
[2025-02-19T03:58:47.622+0000] {processor.py:208} INFO - Processing /home/airflow/.local/lib/python3.12/site-packages/airflow/example_dags/example_sla_dag.py took 0.123 seconds
[2025-02-19T03:59:18.481+0000] {processor.py:186} INFO - Started process (PID=1085) to work on /home/airflow/.local/lib/python3.12/site-packages/airflow/example_dags/example_sla_dag.py
[2025-02-19T03:59:18.482+0000] {processor.py:914} INFO - Processing file /home/airflow/.local/lib/python3.12/site-packages/airflow/example_dags/example_sla_dag.py for tasks to queue
[2025-02-19T03:59:18.484+0000] {logging_mixin.py:190} INFO - [2025-02-19T03:59:18.483+0000] {dagbag.py:588} INFO - Filling up the DagBag from /home/airflow/.local/lib/python3.12/site-packages/airflow/example_dags/example_sla_dag.py
[2025-02-19T03:59:18.496+0000] {processor.py:925} INFO - DAG(s) 'example_sla_dag' retrieved from /home/airflow/.local/lib/python3.12/site-packages/airflow/example_dags/example_sla_dag.py
[2025-02-19T03:59:18.524+0000] {logging_mixin.py:190} INFO - [2025-02-19T03:59:18.524+0000] {dag.py:3239} INFO - Sync 1 DAGs
[2025-02-19T03:59:18.555+0000] {logging_mixin.py:190} INFO - [2025-02-19T03:59:18.555+0000] {dag.py:4180} INFO - Setting next_dagrun for example_sla_dag to 2025-02-19 03:56:00+00:00, run_after=2025-02-19 03:58:00+00:00
[2025-02-19T03:59:18.579+0000] {processor.py:208} INFO - Processing /home/airflow/.local/lib/python3.12/site-packages/airflow/example_dags/example_sla_dag.py took 0.104 seconds
[2025-02-19T03:59:49.282+0000] {processor.py:186} INFO - Started process (PID=1149) to work on /home/airflow/.local/lib/python3.12/site-packages/airflow/example_dags/example_sla_dag.py
[2025-02-19T03:59:49.284+0000] {processor.py:914} INFO - Processing file /home/airflow/.local/lib/python3.12/site-packages/airflow/example_dags/example_sla_dag.py for tasks to queue
[2025-02-19T03:59:49.286+0000] {logging_mixin.py:190} INFO - [2025-02-19T03:59:49.285+0000] {dagbag.py:588} INFO - Filling up the DagBag from /home/airflow/.local/lib/python3.12/site-packages/airflow/example_dags/example_sla_dag.py
[2025-02-19T03:59:49.309+0000] {processor.py:925} INFO - DAG(s) 'example_sla_dag' retrieved from /home/airflow/.local/lib/python3.12/site-packages/airflow/example_dags/example_sla_dag.py
[2025-02-19T03:59:49.342+0000] {logging_mixin.py:190} INFO - [2025-02-19T03:59:49.342+0000] {dag.py:3239} INFO - Sync 1 DAGs
[2025-02-19T03:59:49.388+0000] {logging_mixin.py:190} INFO - [2025-02-19T03:59:49.387+0000] {dag.py:4180} INFO - Setting next_dagrun for example_sla_dag to 2025-02-19 03:56:00+00:00, run_after=2025-02-19 03:58:00+00:00
[2025-02-19T03:59:49.421+0000] {processor.py:208} INFO - Processing /home/airflow/.local/lib/python3.12/site-packages/airflow/example_dags/example_sla_dag.py took 0.151 seconds
[2025-02-19T04:00:19.649+0000] {processor.py:186} INFO - Started process (PID=1213) to work on /home/airflow/.local/lib/python3.12/site-packages/airflow/example_dags/example_sla_dag.py
[2025-02-19T04:00:19.650+0000] {processor.py:914} INFO - Processing file /home/airflow/.local/lib/python3.12/site-packages/airflow/example_dags/example_sla_dag.py for tasks to queue
[2025-02-19T04:00:19.652+0000] {logging_mixin.py:190} INFO - [2025-02-19T04:00:19.651+0000] {dagbag.py:588} INFO - Filling up the DagBag from /home/airflow/.local/lib/python3.12/site-packages/airflow/example_dags/example_sla_dag.py
[2025-02-19T04:00:19.663+0000] {processor.py:925} INFO - DAG(s) 'example_sla_dag' retrieved from /home/airflow/.local/lib/python3.12/site-packages/airflow/example_dags/example_sla_dag.py
[2025-02-19T04:00:19.687+0000] {logging_mixin.py:190} INFO - [2025-02-19T04:00:19.686+0000] {dag.py:3239} INFO - Sync 1 DAGs
[2025-02-19T04:00:19.717+0000] {logging_mixin.py:190} INFO - [2025-02-19T04:00:19.717+0000] {dag.py:4180} INFO - Setting next_dagrun for example_sla_dag to 2025-02-19 03:58:00+00:00, run_after=2025-02-19 04:00:00+00:00
[2025-02-19T04:00:19.748+0000] {processor.py:208} INFO - Processing /home/airflow/.local/lib/python3.12/site-packages/airflow/example_dags/example_sla_dag.py took 0.105 seconds
[2025-02-19T04:00:50.087+0000] {processor.py:186} INFO - Started process (PID=1283) to work on /home/airflow/.local/lib/python3.12/site-packages/airflow/example_dags/example_sla_dag.py
[2025-02-19T04:00:50.088+0000] {processor.py:914} INFO - Processing file /home/airflow/.local/lib/python3.12/site-packages/airflow/example_dags/example_sla_dag.py for tasks to queue
[2025-02-19T04:00:50.090+0000] {logging_mixin.py:190} INFO - [2025-02-19T04:00:50.089+0000] {dagbag.py:588} INFO - Filling up the DagBag from /home/airflow/.local/lib/python3.12/site-packages/airflow/example_dags/example_sla_dag.py
[2025-02-19T04:00:50.099+0000] {processor.py:925} INFO - DAG(s) 'example_sla_dag' retrieved from /home/airflow/.local/lib/python3.12/site-packages/airflow/example_dags/example_sla_dag.py
[2025-02-19T04:00:50.122+0000] {logging_mixin.py:190} INFO - [2025-02-19T04:00:50.122+0000] {dag.py:3239} INFO - Sync 1 DAGs
[2025-02-19T04:00:50.151+0000] {logging_mixin.py:190} INFO - [2025-02-19T04:00:50.150+0000] {dag.py:4180} INFO - Setting next_dagrun for example_sla_dag to 2025-02-19 03:58:00+00:00, run_after=2025-02-19 04:00:00+00:00
[2025-02-19T04:00:50.173+0000] {processor.py:208} INFO - Processing /home/airflow/.local/lib/python3.12/site-packages/airflow/example_dags/example_sla_dag.py took 0.091 seconds
[2025-02-19T04:01:21.142+0000] {processor.py:186} INFO - Started process (PID=1347) to work on /home/airflow/.local/lib/python3.12/site-packages/airflow/example_dags/example_sla_dag.py
[2025-02-19T04:01:21.143+0000] {processor.py:914} INFO - Processing file /home/airflow/.local/lib/python3.12/site-packages/airflow/example_dags/example_sla_dag.py for tasks to queue
[2025-02-19T04:01:21.145+0000] {logging_mixin.py:190} INFO - [2025-02-19T04:01:21.144+0000] {dagbag.py:588} INFO - Filling up the DagBag from /home/airflow/.local/lib/python3.12/site-packages/airflow/example_dags/example_sla_dag.py
[2025-02-19T04:01:21.161+0000] {processor.py:925} INFO - DAG(s) 'example_sla_dag' retrieved from /home/airflow/.local/lib/python3.12/site-packages/airflow/example_dags/example_sla_dag.py
[2025-02-19T04:01:21.193+0000] {logging_mixin.py:190} INFO - [2025-02-19T04:01:21.193+0000] {dag.py:3239} INFO - Sync 1 DAGs
[2025-02-19T04:01:21.239+0000] {logging_mixin.py:190} INFO - [2025-02-19T04:01:21.239+0000] {dag.py:4180} INFO - Setting next_dagrun for example_sla_dag to 2025-02-19 03:58:00+00:00, run_after=2025-02-19 04:00:00+00:00
[2025-02-19T04:01:21.270+0000] {processor.py:208} INFO - Processing /home/airflow/.local/lib/python3.12/site-packages/airflow/example_dags/example_sla_dag.py took 0.137 seconds
[2025-02-19T04:01:53.530+0000] {processor.py:186} INFO - Started process (PID=1411) to work on /home/airflow/.local/lib/python3.12/site-packages/airflow/example_dags/example_sla_dag.py
[2025-02-19T04:01:53.531+0000] {processor.py:914} INFO - Processing file /home/airflow/.local/lib/python3.12/site-packages/airflow/example_dags/example_sla_dag.py for tasks to queue
[2025-02-19T04:01:53.534+0000] {logging_mixin.py:190} INFO - [2025-02-19T04:01:53.533+0000] {dagbag.py:588} INFO - Filling up the DagBag from /home/airflow/.local/lib/python3.12/site-packages/airflow/example_dags/example_sla_dag.py
[2025-02-19T04:01:53.553+0000] {processor.py:925} INFO - DAG(s) 'example_sla_dag' retrieved from /home/airflow/.local/lib/python3.12/site-packages/airflow/example_dags/example_sla_dag.py
[2025-02-19T04:01:53.593+0000] {logging_mixin.py:190} INFO - [2025-02-19T04:01:53.592+0000] {dag.py:3239} INFO - Sync 1 DAGs
[2025-02-19T04:01:53.661+0000] {logging_mixin.py:190} INFO - [2025-02-19T04:01:53.661+0000] {dag.py:4180} INFO - Setting next_dagrun for example_sla_dag to 2025-02-19 03:58:00+00:00, run_after=2025-02-19 04:00:00+00:00
[2025-02-19T04:01:53.713+0000] {processor.py:208} INFO - Processing /home/airflow/.local/lib/python3.12/site-packages/airflow/example_dags/example_sla_dag.py took 0.192 seconds
