[2025-02-19T03:51:31.848+0000] {processor.py:186} INFO - Started process (PID=108) to work on /home/airflow/.local/lib/python3.12/site-packages/airflow/example_dags/example_branch_operator.py
[2025-02-19T03:51:31.849+0000] {processor.py:914} INFO - Processing file /home/airflow/.local/lib/python3.12/site-packages/airflow/example_dags/example_branch_operator.py for tasks to queue
[2025-02-19T03:51:31.855+0000] {logging_mixin.py:190} INFO - [2025-02-19T03:51:31.853+0000] {dagbag.py:588} INFO - Filling up the DagBag from /home/airflow/.local/lib/python3.12/site-packages/airflow/example_dags/example_branch_operator.py
[2025-02-19T03:51:31.884+0000] {processor.py:925} INFO - DAG(s) 'example_branch_operator' retrieved from /home/airflow/.local/lib/python3.12/site-packages/airflow/example_dags/example_branch_operator.py
[2025-02-19T03:51:32.058+0000] {logging_mixin.py:190} INFO - [2025-02-19T03:51:32.056+0000] {override.py:1911} INFO - Created Permission View: can read on DAG:example_branch_operator
[2025-02-19T03:51:32.076+0000] {logging_mixin.py:190} INFO - [2025-02-19T03:51:32.076+0000] {override.py:1911} INFO - Created Permission View: can delete on DAG:example_branch_operator
[2025-02-19T03:51:32.089+0000] {logging_mixin.py:190} INFO - [2025-02-19T03:51:32.089+0000] {override.py:1911} INFO - Created Permission View: can edit on DAG:example_branch_operator
[2025-02-19T03:51:32.107+0000] {logging_mixin.py:190} INFO - [2025-02-19T03:51:32.106+0000] {override.py:1911} INFO - Created Permission View: can read on DAG Run:example_branch_operator
[2025-02-19T03:51:32.122+0000] {logging_mixin.py:190} INFO - [2025-02-19T03:51:32.121+0000] {override.py:1911} INFO - Created Permission View: can delete on DAG Run:example_branch_operator
[2025-02-19T03:51:32.133+0000] {logging_mixin.py:190} INFO - [2025-02-19T03:51:32.133+0000] {override.py:1911} INFO - Created Permission View: can create on DAG Run:example_branch_operator
[2025-02-19T03:51:32.145+0000] {logging_mixin.py:190} INFO - [2025-02-19T03:51:32.144+0000] {override.py:1911} INFO - Created Permission View: menu access on DAG Run:example_branch_operator
[2025-02-19T03:51:32.145+0000] {logging_mixin.py:190} INFO - [2025-02-19T03:51:32.145+0000] {dag.py:3239} INFO - Sync 1 DAGs
[2025-02-19T03:51:32.164+0000] {logging_mixin.py:190} INFO - [2025-02-19T03:51:32.163+0000] {dag.py:3262} INFO - Creating ORM DAG for example_branch_operator
[2025-02-19T03:51:32.181+0000] {logging_mixin.py:190} INFO - [2025-02-19T03:51:32.181+0000] {dag.py:4180} INFO - Setting next_dagrun for example_branch_operator to 2025-02-18 00:00:00+00:00, run_after=2025-02-19 00:00:00+00:00
[2025-02-19T03:51:32.208+0000] {processor.py:208} INFO - Processing /home/airflow/.local/lib/python3.12/site-packages/airflow/example_dags/example_branch_operator.py took 0.370 seconds
[2025-02-19T03:52:02.768+0000] {processor.py:186} INFO - Started process (PID=172) to work on /home/airflow/.local/lib/python3.12/site-packages/airflow/example_dags/example_branch_operator.py
[2025-02-19T03:52:02.770+0000] {processor.py:914} INFO - Processing file /home/airflow/.local/lib/python3.12/site-packages/airflow/example_dags/example_branch_operator.py for tasks to queue
[2025-02-19T03:52:02.772+0000] {logging_mixin.py:190} INFO - [2025-02-19T03:52:02.771+0000] {dagbag.py:588} INFO - Filling up the DagBag from /home/airflow/.local/lib/python3.12/site-packages/airflow/example_dags/example_branch_operator.py
[2025-02-19T03:52:02.802+0000] {processor.py:925} INFO - DAG(s) 'example_branch_operator' retrieved from /home/airflow/.local/lib/python3.12/site-packages/airflow/example_dags/example_branch_operator.py
[2025-02-19T03:52:02.857+0000] {logging_mixin.py:190} INFO - [2025-02-19T03:52:02.857+0000] {dag.py:3239} INFO - Sync 1 DAGs
[2025-02-19T03:52:02.892+0000] {logging_mixin.py:190} INFO - [2025-02-19T03:52:02.892+0000] {dag.py:4180} INFO - Setting next_dagrun for example_branch_operator to 2025-02-18 00:00:00+00:00, run_after=2025-02-19 00:00:00+00:00
[2025-02-19T03:52:02.924+0000] {processor.py:208} INFO - Processing /home/airflow/.local/lib/python3.12/site-packages/airflow/example_dags/example_branch_operator.py took 0.165 seconds
[2025-02-19T03:52:34.189+0000] {processor.py:186} INFO - Started process (PID=236) to work on /home/airflow/.local/lib/python3.12/site-packages/airflow/example_dags/example_branch_operator.py
[2025-02-19T03:52:34.190+0000] {processor.py:914} INFO - Processing file /home/airflow/.local/lib/python3.12/site-packages/airflow/example_dags/example_branch_operator.py for tasks to queue
[2025-02-19T03:52:34.193+0000] {logging_mixin.py:190} INFO - [2025-02-19T03:52:34.192+0000] {dagbag.py:588} INFO - Filling up the DagBag from /home/airflow/.local/lib/python3.12/site-packages/airflow/example_dags/example_branch_operator.py
[2025-02-19T03:52:34.233+0000] {processor.py:925} INFO - DAG(s) 'example_branch_operator' retrieved from /home/airflow/.local/lib/python3.12/site-packages/airflow/example_dags/example_branch_operator.py
[2025-02-19T03:52:34.304+0000] {logging_mixin.py:190} INFO - [2025-02-19T03:52:34.304+0000] {dag.py:3239} INFO - Sync 1 DAGs
[2025-02-19T03:52:34.345+0000] {logging_mixin.py:190} INFO - [2025-02-19T03:52:34.344+0000] {dag.py:4180} INFO - Setting next_dagrun for example_branch_operator to 2025-02-18 00:00:00+00:00, run_after=2025-02-19 00:00:00+00:00
[2025-02-19T03:52:34.382+0000] {processor.py:208} INFO - Processing /home/airflow/.local/lib/python3.12/site-packages/airflow/example_dags/example_branch_operator.py took 0.204 seconds
[2025-02-19T03:53:05.256+0000] {processor.py:186} INFO - Started process (PID=300) to work on /home/airflow/.local/lib/python3.12/site-packages/airflow/example_dags/example_branch_operator.py
[2025-02-19T03:53:05.257+0000] {processor.py:914} INFO - Processing file /home/airflow/.local/lib/python3.12/site-packages/airflow/example_dags/example_branch_operator.py for tasks to queue
[2025-02-19T03:53:05.262+0000] {logging_mixin.py:190} INFO - [2025-02-19T03:53:05.261+0000] {dagbag.py:588} INFO - Filling up the DagBag from /home/airflow/.local/lib/python3.12/site-packages/airflow/example_dags/example_branch_operator.py
[2025-02-19T03:53:05.292+0000] {processor.py:925} INFO - DAG(s) 'example_branch_operator' retrieved from /home/airflow/.local/lib/python3.12/site-packages/airflow/example_dags/example_branch_operator.py
[2025-02-19T03:53:05.379+0000] {logging_mixin.py:190} INFO - [2025-02-19T03:53:05.374+0000] {dag.py:3239} INFO - Sync 1 DAGs
[2025-02-19T03:53:05.444+0000] {logging_mixin.py:190} INFO - [2025-02-19T03:53:05.443+0000] {dag.py:4180} INFO - Setting next_dagrun for example_branch_operator to 2025-02-18 00:00:00+00:00, run_after=2025-02-19 00:00:00+00:00
[2025-02-19T03:53:05.471+0000] {processor.py:208} INFO - Processing /home/airflow/.local/lib/python3.12/site-packages/airflow/example_dags/example_branch_operator.py took 0.224 seconds
[2025-02-19T03:53:35.526+0000] {processor.py:186} INFO - Started process (PID=367) to work on /home/airflow/.local/lib/python3.12/site-packages/airflow/example_dags/example_branch_operator.py
[2025-02-19T03:53:35.526+0000] {processor.py:914} INFO - Processing file /home/airflow/.local/lib/python3.12/site-packages/airflow/example_dags/example_branch_operator.py for tasks to queue
[2025-02-19T03:53:35.528+0000] {logging_mixin.py:190} INFO - [2025-02-19T03:53:35.527+0000] {dagbag.py:588} INFO - Filling up the DagBag from /home/airflow/.local/lib/python3.12/site-packages/airflow/example_dags/example_branch_operator.py
[2025-02-19T03:53:35.555+0000] {processor.py:925} INFO - DAG(s) 'example_branch_operator' retrieved from /home/airflow/.local/lib/python3.12/site-packages/airflow/example_dags/example_branch_operator.py
[2025-02-19T03:53:35.594+0000] {logging_mixin.py:190} INFO - [2025-02-19T03:53:35.594+0000] {dag.py:3239} INFO - Sync 1 DAGs
[2025-02-19T03:53:35.626+0000] {logging_mixin.py:190} INFO - [2025-02-19T03:53:35.625+0000] {dag.py:4180} INFO - Setting next_dagrun for example_branch_operator to 2025-02-18 00:00:00+00:00, run_after=2025-02-19 00:00:00+00:00
[2025-02-19T03:53:35.652+0000] {processor.py:208} INFO - Processing /home/airflow/.local/lib/python3.12/site-packages/airflow/example_dags/example_branch_operator.py took 0.134 seconds
[2025-02-19T03:54:06.514+0000] {processor.py:186} INFO - Started process (PID=431) to work on /home/airflow/.local/lib/python3.12/site-packages/airflow/example_dags/example_branch_operator.py
[2025-02-19T03:54:06.515+0000] {processor.py:914} INFO - Processing file /home/airflow/.local/lib/python3.12/site-packages/airflow/example_dags/example_branch_operator.py for tasks to queue
[2025-02-19T03:54:06.517+0000] {logging_mixin.py:190} INFO - [2025-02-19T03:54:06.517+0000] {dagbag.py:588} INFO - Filling up the DagBag from /home/airflow/.local/lib/python3.12/site-packages/airflow/example_dags/example_branch_operator.py
[2025-02-19T03:54:06.544+0000] {processor.py:925} INFO - DAG(s) 'example_branch_operator' retrieved from /home/airflow/.local/lib/python3.12/site-packages/airflow/example_dags/example_branch_operator.py
[2025-02-19T03:54:06.591+0000] {logging_mixin.py:190} INFO - [2025-02-19T03:54:06.590+0000] {dag.py:3239} INFO - Sync 1 DAGs
[2025-02-19T03:54:06.624+0000] {logging_mixin.py:190} INFO - [2025-02-19T03:54:06.624+0000] {dag.py:4180} INFO - Setting next_dagrun for example_branch_operator to 2025-02-18 00:00:00+00:00, run_after=2025-02-19 00:00:00+00:00
[2025-02-19T03:54:06.651+0000] {processor.py:208} INFO - Processing /home/airflow/.local/lib/python3.12/site-packages/airflow/example_dags/example_branch_operator.py took 0.147 seconds
[2025-02-19T03:54:38.362+0000] {processor.py:186} INFO - Started process (PID=495) to work on /home/airflow/.local/lib/python3.12/site-packages/airflow/example_dags/example_branch_operator.py
[2025-02-19T03:54:38.364+0000] {processor.py:914} INFO - Processing file /home/airflow/.local/lib/python3.12/site-packages/airflow/example_dags/example_branch_operator.py for tasks to queue
[2025-02-19T03:54:38.367+0000] {logging_mixin.py:190} INFO - [2025-02-19T03:54:38.367+0000] {dagbag.py:588} INFO - Filling up the DagBag from /home/airflow/.local/lib/python3.12/site-packages/airflow/example_dags/example_branch_operator.py
[2025-02-19T03:54:38.434+0000] {processor.py:925} INFO - DAG(s) 'example_branch_operator' retrieved from /home/airflow/.local/lib/python3.12/site-packages/airflow/example_dags/example_branch_operator.py
[2025-02-19T03:54:38.535+0000] {logging_mixin.py:190} INFO - [2025-02-19T03:54:38.534+0000] {dag.py:3239} INFO - Sync 1 DAGs
[2025-02-19T03:54:38.597+0000] {logging_mixin.py:190} INFO - [2025-02-19T03:54:38.597+0000] {dag.py:4180} INFO - Setting next_dagrun for example_branch_operator to 2025-02-18 00:00:00+00:00, run_after=2025-02-19 00:00:00+00:00
[2025-02-19T03:54:38.653+0000] {processor.py:208} INFO - Processing /home/airflow/.local/lib/python3.12/site-packages/airflow/example_dags/example_branch_operator.py took 0.309 seconds
[2025-02-19T03:55:08.978+0000] {processor.py:186} INFO - Started process (PID=559) to work on /home/airflow/.local/lib/python3.12/site-packages/airflow/example_dags/example_branch_operator.py
[2025-02-19T03:55:08.978+0000] {processor.py:914} INFO - Processing file /home/airflow/.local/lib/python3.12/site-packages/airflow/example_dags/example_branch_operator.py for tasks to queue
[2025-02-19T03:55:08.980+0000] {logging_mixin.py:190} INFO - [2025-02-19T03:55:08.980+0000] {dagbag.py:588} INFO - Filling up the DagBag from /home/airflow/.local/lib/python3.12/site-packages/airflow/example_dags/example_branch_operator.py
[2025-02-19T03:55:09.009+0000] {processor.py:925} INFO - DAG(s) 'example_branch_operator' retrieved from /home/airflow/.local/lib/python3.12/site-packages/airflow/example_dags/example_branch_operator.py
[2025-02-19T03:55:09.053+0000] {logging_mixin.py:190} INFO - [2025-02-19T03:55:09.053+0000] {dag.py:3239} INFO - Sync 1 DAGs
[2025-02-19T03:55:09.087+0000] {logging_mixin.py:190} INFO - [2025-02-19T03:55:09.086+0000] {dag.py:4180} INFO - Setting next_dagrun for example_branch_operator to 2025-02-18 00:00:00+00:00, run_after=2025-02-19 00:00:00+00:00
[2025-02-19T03:55:09.121+0000] {processor.py:208} INFO - Processing /home/airflow/.local/lib/python3.12/site-packages/airflow/example_dags/example_branch_operator.py took 0.151 seconds
[2025-02-19T03:55:40.235+0000] {processor.py:186} INFO - Started process (PID=627) to work on /home/airflow/.local/lib/python3.12/site-packages/airflow/example_dags/example_branch_operator.py
[2025-02-19T03:55:40.256+0000] {processor.py:914} INFO - Processing file /home/airflow/.local/lib/python3.12/site-packages/airflow/example_dags/example_branch_operator.py for tasks to queue
[2025-02-19T03:55:40.260+0000] {logging_mixin.py:190} INFO - [2025-02-19T03:55:40.258+0000] {dagbag.py:588} INFO - Filling up the DagBag from /home/airflow/.local/lib/python3.12/site-packages/airflow/example_dags/example_branch_operator.py
[2025-02-19T03:55:40.314+0000] {processor.py:925} INFO - DAG(s) 'example_branch_operator' retrieved from /home/airflow/.local/lib/python3.12/site-packages/airflow/example_dags/example_branch_operator.py
[2025-02-19T03:55:40.469+0000] {logging_mixin.py:190} INFO - [2025-02-19T03:55:40.468+0000] {dag.py:3239} INFO - Sync 1 DAGs
[2025-02-19T03:55:40.548+0000] {logging_mixin.py:190} INFO - [2025-02-19T03:55:40.548+0000] {dag.py:4180} INFO - Setting next_dagrun for example_branch_operator to 2025-02-18 00:00:00+00:00, run_after=2025-02-19 00:00:00+00:00
[2025-02-19T03:55:40.589+0000] {processor.py:208} INFO - Processing /home/airflow/.local/lib/python3.12/site-packages/airflow/example_dags/example_branch_operator.py took 0.375 seconds
[2025-02-19T03:56:11.241+0000] {processor.py:186} INFO - Started process (PID=691) to work on /home/airflow/.local/lib/python3.12/site-packages/airflow/example_dags/example_branch_operator.py
[2025-02-19T03:56:11.242+0000] {processor.py:914} INFO - Processing file /home/airflow/.local/lib/python3.12/site-packages/airflow/example_dags/example_branch_operator.py for tasks to queue
[2025-02-19T03:56:11.244+0000] {logging_mixin.py:190} INFO - [2025-02-19T03:56:11.243+0000] {dagbag.py:588} INFO - Filling up the DagBag from /home/airflow/.local/lib/python3.12/site-packages/airflow/example_dags/example_branch_operator.py
[2025-02-19T03:56:11.263+0000] {processor.py:925} INFO - DAG(s) 'example_branch_operator' retrieved from /home/airflow/.local/lib/python3.12/site-packages/airflow/example_dags/example_branch_operator.py
[2025-02-19T03:56:11.297+0000] {logging_mixin.py:190} INFO - [2025-02-19T03:56:11.296+0000] {dag.py:3239} INFO - Sync 1 DAGs
[2025-02-19T03:56:11.322+0000] {logging_mixin.py:190} INFO - [2025-02-19T03:56:11.322+0000] {dag.py:4180} INFO - Setting next_dagrun for example_branch_operator to 2025-02-18 00:00:00+00:00, run_after=2025-02-19 00:00:00+00:00
[2025-02-19T03:56:11.346+0000] {processor.py:208} INFO - Processing /home/airflow/.local/lib/python3.12/site-packages/airflow/example_dags/example_branch_operator.py took 0.111 seconds
[2025-02-19T03:56:41.703+0000] {processor.py:186} INFO - Started process (PID=754) to work on /home/airflow/.local/lib/python3.12/site-packages/airflow/example_dags/example_branch_operator.py
[2025-02-19T03:56:41.704+0000] {processor.py:914} INFO - Processing file /home/airflow/.local/lib/python3.12/site-packages/airflow/example_dags/example_branch_operator.py for tasks to queue
[2025-02-19T03:56:41.705+0000] {logging_mixin.py:190} INFO - [2025-02-19T03:56:41.705+0000] {dagbag.py:588} INFO - Filling up the DagBag from /home/airflow/.local/lib/python3.12/site-packages/airflow/example_dags/example_branch_operator.py
[2025-02-19T03:56:41.722+0000] {processor.py:925} INFO - DAG(s) 'example_branch_operator' retrieved from /home/airflow/.local/lib/python3.12/site-packages/airflow/example_dags/example_branch_operator.py
[2025-02-19T03:56:41.752+0000] {logging_mixin.py:190} INFO - [2025-02-19T03:56:41.751+0000] {dag.py:3239} INFO - Sync 1 DAGs
[2025-02-19T03:56:41.775+0000] {logging_mixin.py:190} INFO - [2025-02-19T03:56:41.774+0000] {dag.py:4180} INFO - Setting next_dagrun for example_branch_operator to 2025-02-18 00:00:00+00:00, run_after=2025-02-19 00:00:00+00:00
[2025-02-19T03:56:41.797+0000] {processor.py:208} INFO - Processing /home/airflow/.local/lib/python3.12/site-packages/airflow/example_dags/example_branch_operator.py took 0.100 seconds
[2025-02-19T03:57:11.975+0000] {processor.py:186} INFO - Started process (PID=818) to work on /home/airflow/.local/lib/python3.12/site-packages/airflow/example_dags/example_branch_operator.py
[2025-02-19T03:57:11.976+0000] {processor.py:914} INFO - Processing file /home/airflow/.local/lib/python3.12/site-packages/airflow/example_dags/example_branch_operator.py for tasks to queue
[2025-02-19T03:57:11.977+0000] {logging_mixin.py:190} INFO - [2025-02-19T03:57:11.977+0000] {dagbag.py:588} INFO - Filling up the DagBag from /home/airflow/.local/lib/python3.12/site-packages/airflow/example_dags/example_branch_operator.py
[2025-02-19T03:57:11.997+0000] {processor.py:925} INFO - DAG(s) 'example_branch_operator' retrieved from /home/airflow/.local/lib/python3.12/site-packages/airflow/example_dags/example_branch_operator.py
[2025-02-19T03:57:12.033+0000] {logging_mixin.py:190} INFO - [2025-02-19T03:57:12.033+0000] {dag.py:3239} INFO - Sync 1 DAGs
[2025-02-19T03:57:12.060+0000] {logging_mixin.py:190} INFO - [2025-02-19T03:57:12.060+0000] {dag.py:4180} INFO - Setting next_dagrun for example_branch_operator to 2025-02-18 00:00:00+00:00, run_after=2025-02-19 00:00:00+00:00
[2025-02-19T03:57:12.084+0000] {processor.py:208} INFO - Processing /home/airflow/.local/lib/python3.12/site-packages/airflow/example_dags/example_branch_operator.py took 0.116 seconds
[2025-02-19T03:57:42.556+0000] {processor.py:186} INFO - Started process (PID=882) to work on /home/airflow/.local/lib/python3.12/site-packages/airflow/example_dags/example_branch_operator.py
[2025-02-19T03:57:42.557+0000] {processor.py:914} INFO - Processing file /home/airflow/.local/lib/python3.12/site-packages/airflow/example_dags/example_branch_operator.py for tasks to queue
[2025-02-19T03:57:42.558+0000] {logging_mixin.py:190} INFO - [2025-02-19T03:57:42.558+0000] {dagbag.py:588} INFO - Filling up the DagBag from /home/airflow/.local/lib/python3.12/site-packages/airflow/example_dags/example_branch_operator.py
[2025-02-19T03:57:42.581+0000] {processor.py:925} INFO - DAG(s) 'example_branch_operator' retrieved from /home/airflow/.local/lib/python3.12/site-packages/airflow/example_dags/example_branch_operator.py
[2025-02-19T03:57:42.615+0000] {logging_mixin.py:190} INFO - [2025-02-19T03:57:42.614+0000] {dag.py:3239} INFO - Sync 1 DAGs
[2025-02-19T03:57:42.642+0000] {logging_mixin.py:190} INFO - [2025-02-19T03:57:42.641+0000] {dag.py:4180} INFO - Setting next_dagrun for example_branch_operator to 2025-02-18 00:00:00+00:00, run_after=2025-02-19 00:00:00+00:00
[2025-02-19T03:57:42.669+0000] {processor.py:208} INFO - Processing /home/airflow/.local/lib/python3.12/site-packages/airflow/example_dags/example_branch_operator.py took 0.118 seconds
[2025-02-19T03:58:13.252+0000] {processor.py:186} INFO - Started process (PID=945) to work on /home/airflow/.local/lib/python3.12/site-packages/airflow/example_dags/example_branch_operator.py
[2025-02-19T03:58:13.253+0000] {processor.py:914} INFO - Processing file /home/airflow/.local/lib/python3.12/site-packages/airflow/example_dags/example_branch_operator.py for tasks to queue
[2025-02-19T03:58:13.254+0000] {logging_mixin.py:190} INFO - [2025-02-19T03:58:13.254+0000] {dagbag.py:588} INFO - Filling up the DagBag from /home/airflow/.local/lib/python3.12/site-packages/airflow/example_dags/example_branch_operator.py
[2025-02-19T03:58:13.273+0000] {processor.py:925} INFO - DAG(s) 'example_branch_operator' retrieved from /home/airflow/.local/lib/python3.12/site-packages/airflow/example_dags/example_branch_operator.py
[2025-02-19T03:58:13.302+0000] {logging_mixin.py:190} INFO - [2025-02-19T03:58:13.302+0000] {dag.py:3239} INFO - Sync 1 DAGs
[2025-02-19T03:58:13.327+0000] {logging_mixin.py:190} INFO - [2025-02-19T03:58:13.327+0000] {dag.py:4180} INFO - Setting next_dagrun for example_branch_operator to 2025-02-18 00:00:00+00:00, run_after=2025-02-19 00:00:00+00:00
[2025-02-19T03:58:13.349+0000] {processor.py:208} INFO - Processing /home/airflow/.local/lib/python3.12/site-packages/airflow/example_dags/example_branch_operator.py took 0.103 seconds
[2025-02-19T03:58:44.330+0000] {processor.py:186} INFO - Started process (PID=1010) to work on /home/airflow/.local/lib/python3.12/site-packages/airflow/example_dags/example_branch_operator.py
[2025-02-19T03:58:44.331+0000] {processor.py:914} INFO - Processing file /home/airflow/.local/lib/python3.12/site-packages/airflow/example_dags/example_branch_operator.py for tasks to queue
[2025-02-19T03:58:44.333+0000] {logging_mixin.py:190} INFO - [2025-02-19T03:58:44.332+0000] {dagbag.py:588} INFO - Filling up the DagBag from /home/airflow/.local/lib/python3.12/site-packages/airflow/example_dags/example_branch_operator.py
[2025-02-19T03:58:44.355+0000] {processor.py:925} INFO - DAG(s) 'example_branch_operator' retrieved from /home/airflow/.local/lib/python3.12/site-packages/airflow/example_dags/example_branch_operator.py
[2025-02-19T03:58:44.401+0000] {logging_mixin.py:190} INFO - [2025-02-19T03:58:44.400+0000] {dag.py:3239} INFO - Sync 1 DAGs
[2025-02-19T03:58:44.433+0000] {logging_mixin.py:190} INFO - [2025-02-19T03:58:44.432+0000] {dag.py:4180} INFO - Setting next_dagrun for example_branch_operator to 2025-02-18 00:00:00+00:00, run_after=2025-02-19 00:00:00+00:00
[2025-02-19T03:58:44.471+0000] {processor.py:208} INFO - Processing /home/airflow/.local/lib/python3.12/site-packages/airflow/example_dags/example_branch_operator.py took 0.148 seconds
[2025-02-19T03:59:15.171+0000] {processor.py:186} INFO - Started process (PID=1072) to work on /home/airflow/.local/lib/python3.12/site-packages/airflow/example_dags/example_branch_operator.py
[2025-02-19T03:59:15.172+0000] {processor.py:914} INFO - Processing file /home/airflow/.local/lib/python3.12/site-packages/airflow/example_dags/example_branch_operator.py for tasks to queue
[2025-02-19T03:59:15.174+0000] {logging_mixin.py:190} INFO - [2025-02-19T03:59:15.174+0000] {dagbag.py:588} INFO - Filling up the DagBag from /home/airflow/.local/lib/python3.12/site-packages/airflow/example_dags/example_branch_operator.py
[2025-02-19T03:59:15.217+0000] {processor.py:925} INFO - DAG(s) 'example_branch_operator' retrieved from /home/airflow/.local/lib/python3.12/site-packages/airflow/example_dags/example_branch_operator.py
[2025-02-19T03:59:15.292+0000] {logging_mixin.py:190} INFO - [2025-02-19T03:59:15.291+0000] {dag.py:3239} INFO - Sync 1 DAGs
[2025-02-19T03:59:15.362+0000] {logging_mixin.py:190} INFO - [2025-02-19T03:59:15.361+0000] {dag.py:4180} INFO - Setting next_dagrun for example_branch_operator to 2025-02-18 00:00:00+00:00, run_after=2025-02-19 00:00:00+00:00
[2025-02-19T03:59:15.430+0000] {processor.py:208} INFO - Processing /home/airflow/.local/lib/python3.12/site-packages/airflow/example_dags/example_branch_operator.py took 0.274 seconds
[2025-02-19T03:59:45.921+0000] {processor.py:186} INFO - Started process (PID=1136) to work on /home/airflow/.local/lib/python3.12/site-packages/airflow/example_dags/example_branch_operator.py
[2025-02-19T03:59:45.922+0000] {processor.py:914} INFO - Processing file /home/airflow/.local/lib/python3.12/site-packages/airflow/example_dags/example_branch_operator.py for tasks to queue
[2025-02-19T03:59:45.925+0000] {logging_mixin.py:190} INFO - [2025-02-19T03:59:45.924+0000] {dagbag.py:588} INFO - Filling up the DagBag from /home/airflow/.local/lib/python3.12/site-packages/airflow/example_dags/example_branch_operator.py
[2025-02-19T03:59:45.950+0000] {processor.py:925} INFO - DAG(s) 'example_branch_operator' retrieved from /home/airflow/.local/lib/python3.12/site-packages/airflow/example_dags/example_branch_operator.py
[2025-02-19T03:59:45.994+0000] {logging_mixin.py:190} INFO - [2025-02-19T03:59:45.993+0000] {dag.py:3239} INFO - Sync 1 DAGs
[2025-02-19T03:59:46.028+0000] {logging_mixin.py:190} INFO - [2025-02-19T03:59:46.028+0000] {dag.py:4180} INFO - Setting next_dagrun for example_branch_operator to 2025-02-18 00:00:00+00:00, run_after=2025-02-19 00:00:00+00:00
[2025-02-19T03:59:46.049+0000] {processor.py:208} INFO - Processing /home/airflow/.local/lib/python3.12/site-packages/airflow/example_dags/example_branch_operator.py took 0.134 seconds
[2025-02-19T04:00:16.824+0000] {processor.py:186} INFO - Started process (PID=1200) to work on /home/airflow/.local/lib/python3.12/site-packages/airflow/example_dags/example_branch_operator.py
[2025-02-19T04:00:16.825+0000] {processor.py:914} INFO - Processing file /home/airflow/.local/lib/python3.12/site-packages/airflow/example_dags/example_branch_operator.py for tasks to queue
[2025-02-19T04:00:16.826+0000] {logging_mixin.py:190} INFO - [2025-02-19T04:00:16.825+0000] {dagbag.py:588} INFO - Filling up the DagBag from /home/airflow/.local/lib/python3.12/site-packages/airflow/example_dags/example_branch_operator.py
[2025-02-19T04:00:16.843+0000] {processor.py:925} INFO - DAG(s) 'example_branch_operator' retrieved from /home/airflow/.local/lib/python3.12/site-packages/airflow/example_dags/example_branch_operator.py
[2025-02-19T04:00:16.875+0000] {logging_mixin.py:190} INFO - [2025-02-19T04:00:16.875+0000] {dag.py:3239} INFO - Sync 1 DAGs
[2025-02-19T04:00:16.902+0000] {logging_mixin.py:190} INFO - [2025-02-19T04:00:16.902+0000] {dag.py:4180} INFO - Setting next_dagrun for example_branch_operator to 2025-02-18 00:00:00+00:00, run_after=2025-02-19 00:00:00+00:00
[2025-02-19T04:00:16.924+0000] {processor.py:208} INFO - Processing /home/airflow/.local/lib/python3.12/site-packages/airflow/example_dags/example_branch_operator.py took 0.107 seconds
[2025-02-19T04:00:47.413+0000] {processor.py:186} INFO - Started process (PID=1264) to work on /home/airflow/.local/lib/python3.12/site-packages/airflow/example_dags/example_branch_operator.py
[2025-02-19T04:00:47.413+0000] {processor.py:914} INFO - Processing file /home/airflow/.local/lib/python3.12/site-packages/airflow/example_dags/example_branch_operator.py for tasks to queue
[2025-02-19T04:00:47.415+0000] {logging_mixin.py:190} INFO - [2025-02-19T04:00:47.414+0000] {dagbag.py:588} INFO - Filling up the DagBag from /home/airflow/.local/lib/python3.12/site-packages/airflow/example_dags/example_branch_operator.py
[2025-02-19T04:00:47.432+0000] {processor.py:925} INFO - DAG(s) 'example_branch_operator' retrieved from /home/airflow/.local/lib/python3.12/site-packages/airflow/example_dags/example_branch_operator.py
[2025-02-19T04:00:47.461+0000] {logging_mixin.py:190} INFO - [2025-02-19T04:00:47.461+0000] {dag.py:3239} INFO - Sync 1 DAGs
[2025-02-19T04:00:47.484+0000] {logging_mixin.py:190} INFO - [2025-02-19T04:00:47.484+0000] {dag.py:4180} INFO - Setting next_dagrun for example_branch_operator to 2025-02-18 00:00:00+00:00, run_after=2025-02-19 00:00:00+00:00
[2025-02-19T04:00:47.513+0000] {processor.py:208} INFO - Processing /home/airflow/.local/lib/python3.12/site-packages/airflow/example_dags/example_branch_operator.py took 0.106 seconds
[2025-02-19T04:01:17.613+0000] {processor.py:186} INFO - Started process (PID=1327) to work on /home/airflow/.local/lib/python3.12/site-packages/airflow/example_dags/example_branch_operator.py
[2025-02-19T04:01:17.614+0000] {processor.py:914} INFO - Processing file /home/airflow/.local/lib/python3.12/site-packages/airflow/example_dags/example_branch_operator.py for tasks to queue
[2025-02-19T04:01:17.615+0000] {logging_mixin.py:190} INFO - [2025-02-19T04:01:17.615+0000] {dagbag.py:588} INFO - Filling up the DagBag from /home/airflow/.local/lib/python3.12/site-packages/airflow/example_dags/example_branch_operator.py
[2025-02-19T04:01:17.631+0000] {processor.py:925} INFO - DAG(s) 'example_branch_operator' retrieved from /home/airflow/.local/lib/python3.12/site-packages/airflow/example_dags/example_branch_operator.py
[2025-02-19T04:01:17.660+0000] {logging_mixin.py:190} INFO - [2025-02-19T04:01:17.660+0000] {dag.py:3239} INFO - Sync 1 DAGs
[2025-02-19T04:01:17.682+0000] {logging_mixin.py:190} INFO - [2025-02-19T04:01:17.682+0000] {dag.py:4180} INFO - Setting next_dagrun for example_branch_operator to 2025-02-18 00:00:00+00:00, run_after=2025-02-19 00:00:00+00:00
[2025-02-19T04:01:17.707+0000] {processor.py:208} INFO - Processing /home/airflow/.local/lib/python3.12/site-packages/airflow/example_dags/example_branch_operator.py took 0.100 seconds
[2025-02-19T04:01:48.080+0000] {processor.py:186} INFO - Started process (PID=1391) to work on /home/airflow/.local/lib/python3.12/site-packages/airflow/example_dags/example_branch_operator.py
[2025-02-19T04:01:48.084+0000] {processor.py:914} INFO - Processing file /home/airflow/.local/lib/python3.12/site-packages/airflow/example_dags/example_branch_operator.py for tasks to queue
[2025-02-19T04:01:48.096+0000] {logging_mixin.py:190} INFO - [2025-02-19T04:01:48.096+0000] {dagbag.py:588} INFO - Filling up the DagBag from /home/airflow/.local/lib/python3.12/site-packages/airflow/example_dags/example_branch_operator.py
[2025-02-19T04:01:48.264+0000] {processor.py:925} INFO - DAG(s) 'example_branch_operator' retrieved from /home/airflow/.local/lib/python3.12/site-packages/airflow/example_dags/example_branch_operator.py
[2025-02-19T04:01:48.484+0000] {logging_mixin.py:190} INFO - [2025-02-19T04:01:48.483+0000] {dag.py:3239} INFO - Sync 1 DAGs
[2025-02-19T04:01:48.695+0000] {logging_mixin.py:190} INFO - [2025-02-19T04:01:48.695+0000] {dag.py:4180} INFO - Setting next_dagrun for example_branch_operator to 2025-02-18 00:00:00+00:00, run_after=2025-02-19 00:00:00+00:00
[2025-02-19T04:01:48.794+0000] {processor.py:208} INFO - Processing /home/airflow/.local/lib/python3.12/site-packages/airflow/example_dags/example_branch_operator.py took 0.769 seconds
