[2025-02-19T03:51:36.108+0000] {processor.py:186} INFO - Started process (PID=125) to work on /home/airflow/.local/lib/python3.12/site-packages/airflow/example_dags/tutorial_taskflow_api.py
[2025-02-19T03:51:36.109+0000] {processor.py:914} INFO - Processing file /home/airflow/.local/lib/python3.12/site-packages/airflow/example_dags/tutorial_taskflow_api.py for tasks to queue
[2025-02-19T03:51:36.112+0000] {logging_mixin.py:190} INFO - [2025-02-19T03:51:36.111+0000] {dagbag.py:588} INFO - Filling up the DagBag from /home/airflow/.local/lib/python3.12/site-packages/airflow/example_dags/tutorial_taskflow_api.py
[2025-02-19T03:51:36.125+0000] {processor.py:925} INFO - DAG(s) 'tutorial_taskflow_api' retrieved from /home/airflow/.local/lib/python3.12/site-packages/airflow/example_dags/tutorial_taskflow_api.py
[2025-02-19T03:51:36.295+0000] {logging_mixin.py:190} INFO - [2025-02-19T03:51:36.292+0000] {override.py:1911} INFO - Created Permission View: can read on DAG:tutorial_taskflow_api
[2025-02-19T03:51:36.314+0000] {logging_mixin.py:190} INFO - [2025-02-19T03:51:36.314+0000] {override.py:1911} INFO - Created Permission View: can delete on DAG:tutorial_taskflow_api
[2025-02-19T03:51:36.331+0000] {logging_mixin.py:190} INFO - [2025-02-19T03:51:36.331+0000] {override.py:1911} INFO - Created Permission View: can edit on DAG:tutorial_taskflow_api
[2025-02-19T03:51:36.348+0000] {logging_mixin.py:190} INFO - [2025-02-19T03:51:36.347+0000] {override.py:1911} INFO - Created Permission View: can read on DAG Run:tutorial_taskflow_api
[2025-02-19T03:51:36.361+0000] {logging_mixin.py:190} INFO - [2025-02-19T03:51:36.361+0000] {override.py:1911} INFO - Created Permission View: can delete on DAG Run:tutorial_taskflow_api
[2025-02-19T03:51:36.378+0000] {logging_mixin.py:190} INFO - [2025-02-19T03:51:36.377+0000] {override.py:1911} INFO - Created Permission View: can create on DAG Run:tutorial_taskflow_api
[2025-02-19T03:51:36.390+0000] {logging_mixin.py:190} INFO - [2025-02-19T03:51:36.390+0000] {override.py:1911} INFO - Created Permission View: menu access on DAG Run:tutorial_taskflow_api
[2025-02-19T03:51:36.391+0000] {logging_mixin.py:190} INFO - [2025-02-19T03:51:36.391+0000] {dag.py:3239} INFO - Sync 1 DAGs
[2025-02-19T03:51:36.415+0000] {logging_mixin.py:190} INFO - [2025-02-19T03:51:36.415+0000] {dag.py:3262} INFO - Creating ORM DAG for tutorial_taskflow_api
[2025-02-19T03:51:36.417+0000] {logging_mixin.py:190} INFO - [2025-02-19T03:51:36.416+0000] {dag.py:4180} INFO - Setting next_dagrun for tutorial_taskflow_api to None, run_after=None
[2025-02-19T03:51:36.450+0000] {processor.py:208} INFO - Processing /home/airflow/.local/lib/python3.12/site-packages/airflow/example_dags/tutorial_taskflow_api.py took 0.350 seconds
[2025-02-19T03:52:06.930+0000] {processor.py:186} INFO - Started process (PID=189) to work on /home/airflow/.local/lib/python3.12/site-packages/airflow/example_dags/tutorial_taskflow_api.py
[2025-02-19T03:52:06.931+0000] {processor.py:914} INFO - Processing file /home/airflow/.local/lib/python3.12/site-packages/airflow/example_dags/tutorial_taskflow_api.py for tasks to queue
[2025-02-19T03:52:06.932+0000] {logging_mixin.py:190} INFO - [2025-02-19T03:52:06.932+0000] {dagbag.py:588} INFO - Filling up the DagBag from /home/airflow/.local/lib/python3.12/site-packages/airflow/example_dags/tutorial_taskflow_api.py
[2025-02-19T03:52:06.943+0000] {processor.py:925} INFO - DAG(s) 'tutorial_taskflow_api' retrieved from /home/airflow/.local/lib/python3.12/site-packages/airflow/example_dags/tutorial_taskflow_api.py
[2025-02-19T03:52:06.970+0000] {logging_mixin.py:190} INFO - [2025-02-19T03:52:06.970+0000] {dag.py:3239} INFO - Sync 1 DAGs
[2025-02-19T03:52:06.990+0000] {logging_mixin.py:190} INFO - [2025-02-19T03:52:06.990+0000] {dag.py:4180} INFO - Setting next_dagrun for tutorial_taskflow_api to None, run_after=None
[2025-02-19T03:52:07.016+0000] {processor.py:208} INFO - Processing /home/airflow/.local/lib/python3.12/site-packages/airflow/example_dags/tutorial_taskflow_api.py took 0.096 seconds
[2025-02-19T03:52:37.058+0000] {processor.py:186} INFO - Started process (PID=253) to work on /home/airflow/.local/lib/python3.12/site-packages/airflow/example_dags/tutorial_taskflow_api.py
[2025-02-19T03:52:37.059+0000] {processor.py:914} INFO - Processing file /home/airflow/.local/lib/python3.12/site-packages/airflow/example_dags/tutorial_taskflow_api.py for tasks to queue
[2025-02-19T03:52:37.060+0000] {logging_mixin.py:190} INFO - [2025-02-19T03:52:37.060+0000] {dagbag.py:588} INFO - Filling up the DagBag from /home/airflow/.local/lib/python3.12/site-packages/airflow/example_dags/tutorial_taskflow_api.py
[2025-02-19T03:52:37.070+0000] {processor.py:925} INFO - DAG(s) 'tutorial_taskflow_api' retrieved from /home/airflow/.local/lib/python3.12/site-packages/airflow/example_dags/tutorial_taskflow_api.py
[2025-02-19T03:52:37.094+0000] {logging_mixin.py:190} INFO - [2025-02-19T03:52:37.094+0000] {dag.py:3239} INFO - Sync 1 DAGs
[2025-02-19T03:52:37.111+0000] {logging_mixin.py:190} INFO - [2025-02-19T03:52:37.111+0000] {dag.py:4180} INFO - Setting next_dagrun for tutorial_taskflow_api to None, run_after=None
[2025-02-19T03:52:37.140+0000] {processor.py:208} INFO - Processing /home/airflow/.local/lib/python3.12/site-packages/airflow/example_dags/tutorial_taskflow_api.py took 0.088 seconds
[2025-02-19T03:53:08.361+0000] {processor.py:186} INFO - Started process (PID=321) to work on /home/airflow/.local/lib/python3.12/site-packages/airflow/example_dags/tutorial_taskflow_api.py
[2025-02-19T03:53:08.363+0000] {processor.py:914} INFO - Processing file /home/airflow/.local/lib/python3.12/site-packages/airflow/example_dags/tutorial_taskflow_api.py for tasks to queue
[2025-02-19T03:53:08.365+0000] {logging_mixin.py:190} INFO - [2025-02-19T03:53:08.364+0000] {dagbag.py:588} INFO - Filling up the DagBag from /home/airflow/.local/lib/python3.12/site-packages/airflow/example_dags/tutorial_taskflow_api.py
[2025-02-19T03:53:08.381+0000] {processor.py:925} INFO - DAG(s) 'tutorial_taskflow_api' retrieved from /home/airflow/.local/lib/python3.12/site-packages/airflow/example_dags/tutorial_taskflow_api.py
[2025-02-19T03:53:08.413+0000] {logging_mixin.py:190} INFO - [2025-02-19T03:53:08.413+0000] {dag.py:3239} INFO - Sync 1 DAGs
[2025-02-19T03:53:08.439+0000] {logging_mixin.py:190} INFO - [2025-02-19T03:53:08.439+0000] {dag.py:4180} INFO - Setting next_dagrun for tutorial_taskflow_api to None, run_after=None
[2025-02-19T03:53:08.484+0000] {processor.py:208} INFO - Processing /home/airflow/.local/lib/python3.12/site-packages/airflow/example_dags/tutorial_taskflow_api.py took 0.136 seconds
[2025-02-19T03:53:39.095+0000] {processor.py:186} INFO - Started process (PID=385) to work on /home/airflow/.local/lib/python3.12/site-packages/airflow/example_dags/tutorial_taskflow_api.py
[2025-02-19T03:53:39.096+0000] {processor.py:914} INFO - Processing file /home/airflow/.local/lib/python3.12/site-packages/airflow/example_dags/tutorial_taskflow_api.py for tasks to queue
[2025-02-19T03:53:39.099+0000] {logging_mixin.py:190} INFO - [2025-02-19T03:53:39.098+0000] {dagbag.py:588} INFO - Filling up the DagBag from /home/airflow/.local/lib/python3.12/site-packages/airflow/example_dags/tutorial_taskflow_api.py
[2025-02-19T03:53:39.114+0000] {processor.py:925} INFO - DAG(s) 'tutorial_taskflow_api' retrieved from /home/airflow/.local/lib/python3.12/site-packages/airflow/example_dags/tutorial_taskflow_api.py
[2025-02-19T03:53:39.151+0000] {logging_mixin.py:190} INFO - [2025-02-19T03:53:39.150+0000] {dag.py:3239} INFO - Sync 1 DAGs
[2025-02-19T03:53:39.176+0000] {logging_mixin.py:190} INFO - [2025-02-19T03:53:39.175+0000] {dag.py:4180} INFO - Setting next_dagrun for tutorial_taskflow_api to None, run_after=None
[2025-02-19T03:53:39.205+0000] {processor.py:208} INFO - Processing /home/airflow/.local/lib/python3.12/site-packages/airflow/example_dags/tutorial_taskflow_api.py took 0.118 seconds
[2025-02-19T03:54:10.633+0000] {processor.py:186} INFO - Started process (PID=449) to work on /home/airflow/.local/lib/python3.12/site-packages/airflow/example_dags/tutorial_taskflow_api.py
[2025-02-19T03:54:10.635+0000] {processor.py:914} INFO - Processing file /home/airflow/.local/lib/python3.12/site-packages/airflow/example_dags/tutorial_taskflow_api.py for tasks to queue
[2025-02-19T03:54:10.637+0000] {logging_mixin.py:190} INFO - [2025-02-19T03:54:10.637+0000] {dagbag.py:588} INFO - Filling up the DagBag from /home/airflow/.local/lib/python3.12/site-packages/airflow/example_dags/tutorial_taskflow_api.py
[2025-02-19T03:54:10.653+0000] {processor.py:925} INFO - DAG(s) 'tutorial_taskflow_api' retrieved from /home/airflow/.local/lib/python3.12/site-packages/airflow/example_dags/tutorial_taskflow_api.py
[2025-02-19T03:54:10.688+0000] {logging_mixin.py:190} INFO - [2025-02-19T03:54:10.688+0000] {dag.py:3239} INFO - Sync 1 DAGs
[2025-02-19T03:54:10.718+0000] {logging_mixin.py:190} INFO - [2025-02-19T03:54:10.718+0000] {dag.py:4180} INFO - Setting next_dagrun for tutorial_taskflow_api to None, run_after=None
[2025-02-19T03:54:10.763+0000] {processor.py:208} INFO - Processing /home/airflow/.local/lib/python3.12/site-packages/airflow/example_dags/tutorial_taskflow_api.py took 0.140 seconds
[2025-02-19T03:54:40.968+0000] {processor.py:186} INFO - Started process (PID=512) to work on /home/airflow/.local/lib/python3.12/site-packages/airflow/example_dags/tutorial_taskflow_api.py
[2025-02-19T03:54:40.969+0000] {processor.py:914} INFO - Processing file /home/airflow/.local/lib/python3.12/site-packages/airflow/example_dags/tutorial_taskflow_api.py for tasks to queue
[2025-02-19T03:54:40.971+0000] {logging_mixin.py:190} INFO - [2025-02-19T03:54:40.971+0000] {dagbag.py:588} INFO - Filling up the DagBag from /home/airflow/.local/lib/python3.12/site-packages/airflow/example_dags/tutorial_taskflow_api.py
[2025-02-19T03:54:40.988+0000] {processor.py:925} INFO - DAG(s) 'tutorial_taskflow_api' retrieved from /home/airflow/.local/lib/python3.12/site-packages/airflow/example_dags/tutorial_taskflow_api.py
[2025-02-19T03:54:41.024+0000] {logging_mixin.py:190} INFO - [2025-02-19T03:54:41.024+0000] {dag.py:3239} INFO - Sync 1 DAGs
[2025-02-19T03:54:41.048+0000] {logging_mixin.py:190} INFO - [2025-02-19T03:54:41.048+0000] {dag.py:4180} INFO - Setting next_dagrun for tutorial_taskflow_api to None, run_after=None
[2025-02-19T03:54:41.079+0000] {processor.py:208} INFO - Processing /home/airflow/.local/lib/python3.12/site-packages/airflow/example_dags/tutorial_taskflow_api.py took 0.120 seconds
[2025-02-19T03:55:12.448+0000] {processor.py:186} INFO - Started process (PID=576) to work on /home/airflow/.local/lib/python3.12/site-packages/airflow/example_dags/tutorial_taskflow_api.py
[2025-02-19T03:55:12.450+0000] {processor.py:914} INFO - Processing file /home/airflow/.local/lib/python3.12/site-packages/airflow/example_dags/tutorial_taskflow_api.py for tasks to queue
[2025-02-19T03:55:12.452+0000] {logging_mixin.py:190} INFO - [2025-02-19T03:55:12.451+0000] {dagbag.py:588} INFO - Filling up the DagBag from /home/airflow/.local/lib/python3.12/site-packages/airflow/example_dags/tutorial_taskflow_api.py
[2025-02-19T03:55:12.465+0000] {processor.py:925} INFO - DAG(s) 'tutorial_taskflow_api' retrieved from /home/airflow/.local/lib/python3.12/site-packages/airflow/example_dags/tutorial_taskflow_api.py
[2025-02-19T03:55:12.493+0000] {logging_mixin.py:190} INFO - [2025-02-19T03:55:12.493+0000] {dag.py:3239} INFO - Sync 1 DAGs
[2025-02-19T03:55:12.515+0000] {logging_mixin.py:190} INFO - [2025-02-19T03:55:12.515+0000] {dag.py:4180} INFO - Setting next_dagrun for tutorial_taskflow_api to None, run_after=None
[2025-02-19T03:55:12.545+0000] {processor.py:208} INFO - Processing /home/airflow/.local/lib/python3.12/site-packages/airflow/example_dags/tutorial_taskflow_api.py took 0.106 seconds
[2025-02-19T03:55:43.261+0000] {processor.py:186} INFO - Started process (PID=644) to work on /home/airflow/.local/lib/python3.12/site-packages/airflow/example_dags/tutorial_taskflow_api.py
[2025-02-19T03:55:43.262+0000] {processor.py:914} INFO - Processing file /home/airflow/.local/lib/python3.12/site-packages/airflow/example_dags/tutorial_taskflow_api.py for tasks to queue
[2025-02-19T03:55:43.264+0000] {logging_mixin.py:190} INFO - [2025-02-19T03:55:43.263+0000] {dagbag.py:588} INFO - Filling up the DagBag from /home/airflow/.local/lib/python3.12/site-packages/airflow/example_dags/tutorial_taskflow_api.py
[2025-02-19T03:55:43.274+0000] {processor.py:925} INFO - DAG(s) 'tutorial_taskflow_api' retrieved from /home/airflow/.local/lib/python3.12/site-packages/airflow/example_dags/tutorial_taskflow_api.py
[2025-02-19T03:55:43.306+0000] {logging_mixin.py:190} INFO - [2025-02-19T03:55:43.305+0000] {dag.py:3239} INFO - Sync 1 DAGs
[2025-02-19T03:55:43.327+0000] {logging_mixin.py:190} INFO - [2025-02-19T03:55:43.327+0000] {dag.py:4180} INFO - Setting next_dagrun for tutorial_taskflow_api to None, run_after=None
[2025-02-19T03:55:43.353+0000] {processor.py:208} INFO - Processing /home/airflow/.local/lib/python3.12/site-packages/airflow/example_dags/tutorial_taskflow_api.py took 0.101 seconds
[2025-02-19T03:56:14.289+0000] {processor.py:186} INFO - Started process (PID=708) to work on /home/airflow/.local/lib/python3.12/site-packages/airflow/example_dags/tutorial_taskflow_api.py
[2025-02-19T03:56:14.291+0000] {processor.py:914} INFO - Processing file /home/airflow/.local/lib/python3.12/site-packages/airflow/example_dags/tutorial_taskflow_api.py for tasks to queue
[2025-02-19T03:56:14.293+0000] {logging_mixin.py:190} INFO - [2025-02-19T03:56:14.293+0000] {dagbag.py:588} INFO - Filling up the DagBag from /home/airflow/.local/lib/python3.12/site-packages/airflow/example_dags/tutorial_taskflow_api.py
[2025-02-19T03:56:14.311+0000] {processor.py:925} INFO - DAG(s) 'tutorial_taskflow_api' retrieved from /home/airflow/.local/lib/python3.12/site-packages/airflow/example_dags/tutorial_taskflow_api.py
[2025-02-19T03:56:14.353+0000] {logging_mixin.py:190} INFO - [2025-02-19T03:56:14.353+0000] {dag.py:3239} INFO - Sync 1 DAGs
[2025-02-19T03:56:14.390+0000] {logging_mixin.py:190} INFO - [2025-02-19T03:56:14.389+0000] {dag.py:4180} INFO - Setting next_dagrun for tutorial_taskflow_api to None, run_after=None
[2025-02-19T03:56:14.452+0000] {processor.py:208} INFO - Processing /home/airflow/.local/lib/python3.12/site-packages/airflow/example_dags/tutorial_taskflow_api.py took 0.173 seconds
[2025-02-19T03:56:45.218+0000] {processor.py:186} INFO - Started process (PID=772) to work on /home/airflow/.local/lib/python3.12/site-packages/airflow/example_dags/tutorial_taskflow_api.py
[2025-02-19T03:56:45.219+0000] {processor.py:914} INFO - Processing file /home/airflow/.local/lib/python3.12/site-packages/airflow/example_dags/tutorial_taskflow_api.py for tasks to queue
[2025-02-19T03:56:45.221+0000] {logging_mixin.py:190} INFO - [2025-02-19T03:56:45.221+0000] {dagbag.py:588} INFO - Filling up the DagBag from /home/airflow/.local/lib/python3.12/site-packages/airflow/example_dags/tutorial_taskflow_api.py
[2025-02-19T03:56:45.236+0000] {processor.py:925} INFO - DAG(s) 'tutorial_taskflow_api' retrieved from /home/airflow/.local/lib/python3.12/site-packages/airflow/example_dags/tutorial_taskflow_api.py
[2025-02-19T03:56:45.272+0000] {logging_mixin.py:190} INFO - [2025-02-19T03:56:45.272+0000] {dag.py:3239} INFO - Sync 1 DAGs
[2025-02-19T03:56:45.308+0000] {logging_mixin.py:190} INFO - [2025-02-19T03:56:45.308+0000] {dag.py:4180} INFO - Setting next_dagrun for tutorial_taskflow_api to None, run_after=None
[2025-02-19T03:56:45.347+0000] {processor.py:208} INFO - Processing /home/airflow/.local/lib/python3.12/site-packages/airflow/example_dags/tutorial_taskflow_api.py took 0.139 seconds
[2025-02-19T03:57:16.187+0000] {processor.py:186} INFO - Started process (PID=835) to work on /home/airflow/.local/lib/python3.12/site-packages/airflow/example_dags/tutorial_taskflow_api.py
[2025-02-19T03:57:16.188+0000] {processor.py:914} INFO - Processing file /home/airflow/.local/lib/python3.12/site-packages/airflow/example_dags/tutorial_taskflow_api.py for tasks to queue
[2025-02-19T03:57:16.190+0000] {logging_mixin.py:190} INFO - [2025-02-19T03:57:16.190+0000] {dagbag.py:588} INFO - Filling up the DagBag from /home/airflow/.local/lib/python3.12/site-packages/airflow/example_dags/tutorial_taskflow_api.py
[2025-02-19T03:57:16.203+0000] {processor.py:925} INFO - DAG(s) 'tutorial_taskflow_api' retrieved from /home/airflow/.local/lib/python3.12/site-packages/airflow/example_dags/tutorial_taskflow_api.py
[2025-02-19T03:57:16.241+0000] {logging_mixin.py:190} INFO - [2025-02-19T03:57:16.241+0000] {dag.py:3239} INFO - Sync 1 DAGs
[2025-02-19T03:57:16.272+0000] {logging_mixin.py:190} INFO - [2025-02-19T03:57:16.272+0000] {dag.py:4180} INFO - Setting next_dagrun for tutorial_taskflow_api to None, run_after=None
[2025-02-19T03:57:16.333+0000] {processor.py:208} INFO - Processing /home/airflow/.local/lib/python3.12/site-packages/airflow/example_dags/tutorial_taskflow_api.py took 0.156 seconds
[2025-02-19T03:57:46.964+0000] {processor.py:186} INFO - Started process (PID=899) to work on /home/airflow/.local/lib/python3.12/site-packages/airflow/example_dags/tutorial_taskflow_api.py
[2025-02-19T03:57:46.965+0000] {processor.py:914} INFO - Processing file /home/airflow/.local/lib/python3.12/site-packages/airflow/example_dags/tutorial_taskflow_api.py for tasks to queue
[2025-02-19T03:57:46.966+0000] {logging_mixin.py:190} INFO - [2025-02-19T03:57:46.966+0000] {dagbag.py:588} INFO - Filling up the DagBag from /home/airflow/.local/lib/python3.12/site-packages/airflow/example_dags/tutorial_taskflow_api.py
[2025-02-19T03:57:46.988+0000] {processor.py:925} INFO - DAG(s) 'tutorial_taskflow_api' retrieved from /home/airflow/.local/lib/python3.12/site-packages/airflow/example_dags/tutorial_taskflow_api.py
[2025-02-19T03:57:47.046+0000] {logging_mixin.py:190} INFO - [2025-02-19T03:57:47.046+0000] {dag.py:3239} INFO - Sync 1 DAGs
[2025-02-19T03:57:47.081+0000] {logging_mixin.py:190} INFO - [2025-02-19T03:57:47.080+0000] {dag.py:4180} INFO - Setting next_dagrun for tutorial_taskflow_api to None, run_after=None
[2025-02-19T03:57:47.108+0000] {processor.py:208} INFO - Processing /home/airflow/.local/lib/python3.12/site-packages/airflow/example_dags/tutorial_taskflow_api.py took 0.155 seconds
[2025-02-19T03:58:17.666+0000] {processor.py:186} INFO - Started process (PID=963) to work on /home/airflow/.local/lib/python3.12/site-packages/airflow/example_dags/tutorial_taskflow_api.py
[2025-02-19T03:58:17.667+0000] {processor.py:914} INFO - Processing file /home/airflow/.local/lib/python3.12/site-packages/airflow/example_dags/tutorial_taskflow_api.py for tasks to queue
[2025-02-19T03:58:17.669+0000] {logging_mixin.py:190} INFO - [2025-02-19T03:58:17.669+0000] {dagbag.py:588} INFO - Filling up the DagBag from /home/airflow/.local/lib/python3.12/site-packages/airflow/example_dags/tutorial_taskflow_api.py
[2025-02-19T03:58:17.680+0000] {processor.py:925} INFO - DAG(s) 'tutorial_taskflow_api' retrieved from /home/airflow/.local/lib/python3.12/site-packages/airflow/example_dags/tutorial_taskflow_api.py
[2025-02-19T03:58:17.710+0000] {logging_mixin.py:190} INFO - [2025-02-19T03:58:17.709+0000] {dag.py:3239} INFO - Sync 1 DAGs
[2025-02-19T03:58:17.738+0000] {logging_mixin.py:190} INFO - [2025-02-19T03:58:17.737+0000] {dag.py:4180} INFO - Setting next_dagrun for tutorial_taskflow_api to None, run_after=None
[2025-02-19T03:58:17.774+0000] {processor.py:208} INFO - Processing /home/airflow/.local/lib/python3.12/site-packages/airflow/example_dags/tutorial_taskflow_api.py took 0.115 seconds
[2025-02-19T03:58:47.845+0000] {processor.py:186} INFO - Started process (PID=1026) to work on /home/airflow/.local/lib/python3.12/site-packages/airflow/example_dags/tutorial_taskflow_api.py
[2025-02-19T03:58:47.846+0000] {processor.py:914} INFO - Processing file /home/airflow/.local/lib/python3.12/site-packages/airflow/example_dags/tutorial_taskflow_api.py for tasks to queue
[2025-02-19T03:58:47.848+0000] {logging_mixin.py:190} INFO - [2025-02-19T03:58:47.847+0000] {dagbag.py:588} INFO - Filling up the DagBag from /home/airflow/.local/lib/python3.12/site-packages/airflow/example_dags/tutorial_taskflow_api.py
[2025-02-19T03:58:47.858+0000] {processor.py:925} INFO - DAG(s) 'tutorial_taskflow_api' retrieved from /home/airflow/.local/lib/python3.12/site-packages/airflow/example_dags/tutorial_taskflow_api.py
[2025-02-19T03:58:47.885+0000] {logging_mixin.py:190} INFO - [2025-02-19T03:58:47.885+0000] {dag.py:3239} INFO - Sync 1 DAGs
[2025-02-19T03:58:47.904+0000] {logging_mixin.py:190} INFO - [2025-02-19T03:58:47.904+0000] {dag.py:4180} INFO - Setting next_dagrun for tutorial_taskflow_api to None, run_after=None
[2025-02-19T03:58:47.937+0000] {processor.py:208} INFO - Processing /home/airflow/.local/lib/python3.12/site-packages/airflow/example_dags/tutorial_taskflow_api.py took 0.100 seconds
[2025-02-19T03:59:18.782+0000] {processor.py:186} INFO - Started process (PID=1089) to work on /home/airflow/.local/lib/python3.12/site-packages/airflow/example_dags/tutorial_taskflow_api.py
[2025-02-19T03:59:18.783+0000] {processor.py:914} INFO - Processing file /home/airflow/.local/lib/python3.12/site-packages/airflow/example_dags/tutorial_taskflow_api.py for tasks to queue
[2025-02-19T03:59:18.785+0000] {logging_mixin.py:190} INFO - [2025-02-19T03:59:18.784+0000] {dagbag.py:588} INFO - Filling up the DagBag from /home/airflow/.local/lib/python3.12/site-packages/airflow/example_dags/tutorial_taskflow_api.py
[2025-02-19T03:59:18.795+0000] {processor.py:925} INFO - DAG(s) 'tutorial_taskflow_api' retrieved from /home/airflow/.local/lib/python3.12/site-packages/airflow/example_dags/tutorial_taskflow_api.py
[2025-02-19T03:59:18.822+0000] {logging_mixin.py:190} INFO - [2025-02-19T03:59:18.822+0000] {dag.py:3239} INFO - Sync 1 DAGs
[2025-02-19T03:59:18.840+0000] {logging_mixin.py:190} INFO - [2025-02-19T03:59:18.840+0000] {dag.py:4180} INFO - Setting next_dagrun for tutorial_taskflow_api to None, run_after=None
[2025-02-19T03:59:18.867+0000] {processor.py:208} INFO - Processing /home/airflow/.local/lib/python3.12/site-packages/airflow/example_dags/tutorial_taskflow_api.py took 0.092 seconds
[2025-02-19T03:59:49.744+0000] {processor.py:186} INFO - Started process (PID=1153) to work on /home/airflow/.local/lib/python3.12/site-packages/airflow/example_dags/tutorial_taskflow_api.py
[2025-02-19T03:59:49.747+0000] {processor.py:914} INFO - Processing file /home/airflow/.local/lib/python3.12/site-packages/airflow/example_dags/tutorial_taskflow_api.py for tasks to queue
[2025-02-19T03:59:49.750+0000] {logging_mixin.py:190} INFO - [2025-02-19T03:59:49.749+0000] {dagbag.py:588} INFO - Filling up the DagBag from /home/airflow/.local/lib/python3.12/site-packages/airflow/example_dags/tutorial_taskflow_api.py
[2025-02-19T03:59:49.771+0000] {processor.py:925} INFO - DAG(s) 'tutorial_taskflow_api' retrieved from /home/airflow/.local/lib/python3.12/site-packages/airflow/example_dags/tutorial_taskflow_api.py
[2025-02-19T03:59:49.814+0000] {logging_mixin.py:190} INFO - [2025-02-19T03:59:49.813+0000] {dag.py:3239} INFO - Sync 1 DAGs
[2025-02-19T03:59:49.867+0000] {logging_mixin.py:190} INFO - [2025-02-19T03:59:49.867+0000] {dag.py:4180} INFO - Setting next_dagrun for tutorial_taskflow_api to None, run_after=None
[2025-02-19T03:59:49.930+0000] {processor.py:208} INFO - Processing /home/airflow/.local/lib/python3.12/site-packages/airflow/example_dags/tutorial_taskflow_api.py took 0.200 seconds
[2025-02-19T04:00:20.129+0000] {processor.py:186} INFO - Started process (PID=1223) to work on /home/airflow/.local/lib/python3.12/site-packages/airflow/example_dags/tutorial_taskflow_api.py
[2025-02-19T04:00:20.130+0000] {processor.py:914} INFO - Processing file /home/airflow/.local/lib/python3.12/site-packages/airflow/example_dags/tutorial_taskflow_api.py for tasks to queue
[2025-02-19T04:00:20.133+0000] {logging_mixin.py:190} INFO - [2025-02-19T04:00:20.132+0000] {dagbag.py:588} INFO - Filling up the DagBag from /home/airflow/.local/lib/python3.12/site-packages/airflow/example_dags/tutorial_taskflow_api.py
[2025-02-19T04:00:20.143+0000] {processor.py:925} INFO - DAG(s) 'tutorial_taskflow_api' retrieved from /home/airflow/.local/lib/python3.12/site-packages/airflow/example_dags/tutorial_taskflow_api.py
[2025-02-19T04:00:20.168+0000] {logging_mixin.py:190} INFO - [2025-02-19T04:00:20.168+0000] {dag.py:3239} INFO - Sync 1 DAGs
[2025-02-19T04:00:20.186+0000] {logging_mixin.py:190} INFO - [2025-02-19T04:00:20.186+0000] {dag.py:4180} INFO - Setting next_dagrun for tutorial_taskflow_api to None, run_after=None
[2025-02-19T04:00:20.218+0000] {processor.py:208} INFO - Processing /home/airflow/.local/lib/python3.12/site-packages/airflow/example_dags/tutorial_taskflow_api.py took 0.095 seconds
[2025-02-19T04:00:50.502+0000] {processor.py:186} INFO - Started process (PID=1287) to work on /home/airflow/.local/lib/python3.12/site-packages/airflow/example_dags/tutorial_taskflow_api.py
[2025-02-19T04:00:50.503+0000] {processor.py:914} INFO - Processing file /home/airflow/.local/lib/python3.12/site-packages/airflow/example_dags/tutorial_taskflow_api.py for tasks to queue
[2025-02-19T04:00:50.505+0000] {logging_mixin.py:190} INFO - [2025-02-19T04:00:50.504+0000] {dagbag.py:588} INFO - Filling up the DagBag from /home/airflow/.local/lib/python3.12/site-packages/airflow/example_dags/tutorial_taskflow_api.py
[2025-02-19T04:00:50.514+0000] {processor.py:925} INFO - DAG(s) 'tutorial_taskflow_api' retrieved from /home/airflow/.local/lib/python3.12/site-packages/airflow/example_dags/tutorial_taskflow_api.py
[2025-02-19T04:00:50.538+0000] {logging_mixin.py:190} INFO - [2025-02-19T04:00:50.537+0000] {dag.py:3239} INFO - Sync 1 DAGs
[2025-02-19T04:00:50.563+0000] {logging_mixin.py:190} INFO - [2025-02-19T04:00:50.563+0000] {dag.py:4180} INFO - Setting next_dagrun for tutorial_taskflow_api to None, run_after=None
[2025-02-19T04:00:50.616+0000] {processor.py:208} INFO - Processing /home/airflow/.local/lib/python3.12/site-packages/airflow/example_dags/tutorial_taskflow_api.py took 0.122 seconds
[2025-02-19T04:01:21.763+0000] {processor.py:186} INFO - Started process (PID=1351) to work on /home/airflow/.local/lib/python3.12/site-packages/airflow/example_dags/tutorial_taskflow_api.py
[2025-02-19T04:01:21.764+0000] {processor.py:914} INFO - Processing file /home/airflow/.local/lib/python3.12/site-packages/airflow/example_dags/tutorial_taskflow_api.py for tasks to queue
[2025-02-19T04:01:21.766+0000] {logging_mixin.py:190} INFO - [2025-02-19T04:01:21.766+0000] {dagbag.py:588} INFO - Filling up the DagBag from /home/airflow/.local/lib/python3.12/site-packages/airflow/example_dags/tutorial_taskflow_api.py
[2025-02-19T04:01:21.792+0000] {processor.py:925} INFO - DAG(s) 'tutorial_taskflow_api' retrieved from /home/airflow/.local/lib/python3.12/site-packages/airflow/example_dags/tutorial_taskflow_api.py
[2025-02-19T04:01:21.836+0000] {logging_mixin.py:190} INFO - [2025-02-19T04:01:21.835+0000] {dag.py:3239} INFO - Sync 1 DAGs
[2025-02-19T04:01:21.861+0000] {logging_mixin.py:190} INFO - [2025-02-19T04:01:21.861+0000] {dag.py:4180} INFO - Setting next_dagrun for tutorial_taskflow_api to None, run_after=None
[2025-02-19T04:01:21.890+0000] {processor.py:208} INFO - Processing /home/airflow/.local/lib/python3.12/site-packages/airflow/example_dags/tutorial_taskflow_api.py took 0.138 seconds
[2025-02-19T04:01:54.361+0000] {processor.py:186} INFO - Started process (PID=1415) to work on /home/airflow/.local/lib/python3.12/site-packages/airflow/example_dags/tutorial_taskflow_api.py
[2025-02-19T04:01:54.363+0000] {processor.py:914} INFO - Processing file /home/airflow/.local/lib/python3.12/site-packages/airflow/example_dags/tutorial_taskflow_api.py for tasks to queue
[2025-02-19T04:01:54.367+0000] {logging_mixin.py:190} INFO - [2025-02-19T04:01:54.365+0000] {dagbag.py:588} INFO - Filling up the DagBag from /home/airflow/.local/lib/python3.12/site-packages/airflow/example_dags/tutorial_taskflow_api.py
[2025-02-19T04:01:54.407+0000] {processor.py:925} INFO - DAG(s) 'tutorial_taskflow_api' retrieved from /home/airflow/.local/lib/python3.12/site-packages/airflow/example_dags/tutorial_taskflow_api.py
[2025-02-19T04:01:54.491+0000] {logging_mixin.py:190} INFO - [2025-02-19T04:01:54.490+0000] {dag.py:3239} INFO - Sync 1 DAGs
[2025-02-19T04:01:54.558+0000] {logging_mixin.py:190} INFO - [2025-02-19T04:01:54.557+0000] {dag.py:4180} INFO - Setting next_dagrun for tutorial_taskflow_api to None, run_after=None
[2025-02-19T04:01:54.623+0000] {processor.py:208} INFO - Processing /home/airflow/.local/lib/python3.12/site-packages/airflow/example_dags/tutorial_taskflow_api.py took 0.285 seconds
