[2025-02-19T03:51:23.757+0000] {processor.py:186} INFO - Started process (PID=87) to work on /home/airflow/.local/lib/python3.12/site-packages/airflow/example_dags/tutorial.py
[2025-02-19T03:51:23.758+0000] {processor.py:914} INFO - Processing file /home/airflow/.local/lib/python3.12/site-packages/airflow/example_dags/tutorial.py for tasks to queue
[2025-02-19T03:51:23.760+0000] {logging_mixin.py:190} INFO - [2025-02-19T03:51:23.759+0000] {dagbag.py:588} INFO - Filling up the DagBag from /home/airflow/.local/lib/python3.12/site-packages/airflow/example_dags/tutorial.py
[2025-02-19T03:51:23.772+0000] {processor.py:925} INFO - DAG(s) 'tutorial' retrieved from /home/airflow/.local/lib/python3.12/site-packages/airflow/example_dags/tutorial.py
[2025-02-19T03:51:23.907+0000] {logging_mixin.py:190} INFO - [2025-02-19T03:51:23.906+0000] {override.py:1911} INFO - Created Permission View: can read on DAG:tutorial
[2025-02-19T03:51:23.923+0000] {logging_mixin.py:190} INFO - [2025-02-19T03:51:23.922+0000] {override.py:1911} INFO - Created Permission View: can delete on DAG:tutorial
[2025-02-19T03:51:23.932+0000] {logging_mixin.py:190} INFO - [2025-02-19T03:51:23.932+0000] {override.py:1911} INFO - Created Permission View: can edit on DAG:tutorial
[2025-02-19T03:51:23.946+0000] {logging_mixin.py:190} INFO - [2025-02-19T03:51:23.945+0000] {override.py:1911} INFO - Created Permission View: can read on DAG Run:tutorial
[2025-02-19T03:51:23.956+0000] {logging_mixin.py:190} INFO - [2025-02-19T03:51:23.956+0000] {override.py:1911} INFO - Created Permission View: can delete on DAG Run:tutorial
[2025-02-19T03:51:23.967+0000] {logging_mixin.py:190} INFO - [2025-02-19T03:51:23.966+0000] {override.py:1911} INFO - Created Permission View: can create on DAG Run:tutorial
[2025-02-19T03:51:23.980+0000] {logging_mixin.py:190} INFO - [2025-02-19T03:51:23.980+0000] {override.py:1911} INFO - Created Permission View: menu access on DAG Run:tutorial
[2025-02-19T03:51:23.983+0000] {logging_mixin.py:190} INFO - [2025-02-19T03:51:23.982+0000] {dag.py:3239} INFO - Sync 1 DAGs
[2025-02-19T03:51:24.005+0000] {logging_mixin.py:190} INFO - [2025-02-19T03:51:24.005+0000] {dag.py:3262} INFO - Creating ORM DAG for tutorial
[2025-02-19T03:51:24.019+0000] {logging_mixin.py:190} INFO - [2025-02-19T03:51:24.019+0000] {dag.py:4180} INFO - Setting next_dagrun for tutorial to 2025-02-18 00:00:00+00:00, run_after=2025-02-19 00:00:00+00:00
[2025-02-19T03:51:24.046+0000] {processor.py:208} INFO - Processing /home/airflow/.local/lib/python3.12/site-packages/airflow/example_dags/tutorial.py took 0.298 seconds
[2025-02-19T03:51:54.572+0000] {processor.py:186} INFO - Started process (PID=150) to work on /home/airflow/.local/lib/python3.12/site-packages/airflow/example_dags/tutorial.py
[2025-02-19T03:51:54.573+0000] {processor.py:914} INFO - Processing file /home/airflow/.local/lib/python3.12/site-packages/airflow/example_dags/tutorial.py for tasks to queue
[2025-02-19T03:51:54.575+0000] {logging_mixin.py:190} INFO - [2025-02-19T03:51:54.574+0000] {dagbag.py:588} INFO - Filling up the DagBag from /home/airflow/.local/lib/python3.12/site-packages/airflow/example_dags/tutorial.py
[2025-02-19T03:51:54.591+0000] {processor.py:925} INFO - DAG(s) 'tutorial' retrieved from /home/airflow/.local/lib/python3.12/site-packages/airflow/example_dags/tutorial.py
[2025-02-19T03:51:54.622+0000] {logging_mixin.py:190} INFO - [2025-02-19T03:51:54.621+0000] {dag.py:3239} INFO - Sync 1 DAGs
[2025-02-19T03:51:54.658+0000] {logging_mixin.py:190} INFO - [2025-02-19T03:51:54.657+0000] {dag.py:4180} INFO - Setting next_dagrun for tutorial to 2025-02-18 00:00:00+00:00, run_after=2025-02-19 00:00:00+00:00
[2025-02-19T03:51:54.691+0000] {processor.py:208} INFO - Processing /home/airflow/.local/lib/python3.12/site-packages/airflow/example_dags/tutorial.py took 0.128 seconds
[2025-02-19T03:52:24.810+0000] {processor.py:186} INFO - Started process (PID=214) to work on /home/airflow/.local/lib/python3.12/site-packages/airflow/example_dags/tutorial.py
[2025-02-19T03:52:24.812+0000] {processor.py:914} INFO - Processing file /home/airflow/.local/lib/python3.12/site-packages/airflow/example_dags/tutorial.py for tasks to queue
[2025-02-19T03:52:24.814+0000] {logging_mixin.py:190} INFO - [2025-02-19T03:52:24.814+0000] {dagbag.py:588} INFO - Filling up the DagBag from /home/airflow/.local/lib/python3.12/site-packages/airflow/example_dags/tutorial.py
[2025-02-19T03:52:24.832+0000] {processor.py:925} INFO - DAG(s) 'tutorial' retrieved from /home/airflow/.local/lib/python3.12/site-packages/airflow/example_dags/tutorial.py
[2025-02-19T03:52:24.868+0000] {logging_mixin.py:190} INFO - [2025-02-19T03:52:24.868+0000] {dag.py:3239} INFO - Sync 1 DAGs
[2025-02-19T03:52:24.907+0000] {logging_mixin.py:190} INFO - [2025-02-19T03:52:24.906+0000] {dag.py:4180} INFO - Setting next_dagrun for tutorial to 2025-02-18 00:00:00+00:00, run_after=2025-02-19 00:00:00+00:00
[2025-02-19T03:52:24.948+0000] {processor.py:208} INFO - Processing /home/airflow/.local/lib/python3.12/site-packages/airflow/example_dags/tutorial.py took 0.157 seconds
[2025-02-19T03:52:55.707+0000] {processor.py:186} INFO - Started process (PID=278) to work on /home/airflow/.local/lib/python3.12/site-packages/airflow/example_dags/tutorial.py
[2025-02-19T03:52:55.708+0000] {processor.py:914} INFO - Processing file /home/airflow/.local/lib/python3.12/site-packages/airflow/example_dags/tutorial.py for tasks to queue
[2025-02-19T03:52:55.711+0000] {logging_mixin.py:190} INFO - [2025-02-19T03:52:55.710+0000] {dagbag.py:588} INFO - Filling up the DagBag from /home/airflow/.local/lib/python3.12/site-packages/airflow/example_dags/tutorial.py
[2025-02-19T03:52:55.731+0000] {processor.py:925} INFO - DAG(s) 'tutorial' retrieved from /home/airflow/.local/lib/python3.12/site-packages/airflow/example_dags/tutorial.py
[2025-02-19T03:52:55.786+0000] {logging_mixin.py:190} INFO - [2025-02-19T03:52:55.786+0000] {dag.py:3239} INFO - Sync 1 DAGs
[2025-02-19T03:52:55.845+0000] {logging_mixin.py:190} INFO - [2025-02-19T03:52:55.845+0000] {dag.py:4180} INFO - Setting next_dagrun for tutorial to 2025-02-18 00:00:00+00:00, run_after=2025-02-19 00:00:00+00:00
[2025-02-19T03:52:55.911+0000] {processor.py:208} INFO - Processing /home/airflow/.local/lib/python3.12/site-packages/airflow/example_dags/tutorial.py took 0.217 seconds
[2025-02-19T03:53:26.047+0000] {processor.py:186} INFO - Started process (PID=346) to work on /home/airflow/.local/lib/python3.12/site-packages/airflow/example_dags/tutorial.py
[2025-02-19T03:53:26.048+0000] {processor.py:914} INFO - Processing file /home/airflow/.local/lib/python3.12/site-packages/airflow/example_dags/tutorial.py for tasks to queue
[2025-02-19T03:53:26.051+0000] {logging_mixin.py:190} INFO - [2025-02-19T03:53:26.050+0000] {dagbag.py:588} INFO - Filling up the DagBag from /home/airflow/.local/lib/python3.12/site-packages/airflow/example_dags/tutorial.py
[2025-02-19T03:53:26.066+0000] {processor.py:925} INFO - DAG(s) 'tutorial' retrieved from /home/airflow/.local/lib/python3.12/site-packages/airflow/example_dags/tutorial.py
[2025-02-19T03:53:26.099+0000] {logging_mixin.py:190} INFO - [2025-02-19T03:53:26.099+0000] {dag.py:3239} INFO - Sync 1 DAGs
[2025-02-19T03:53:26.143+0000] {logging_mixin.py:190} INFO - [2025-02-19T03:53:26.143+0000] {dag.py:4180} INFO - Setting next_dagrun for tutorial to 2025-02-18 00:00:00+00:00, run_after=2025-02-19 00:00:00+00:00
[2025-02-19T03:53:26.181+0000] {processor.py:208} INFO - Processing /home/airflow/.local/lib/python3.12/site-packages/airflow/example_dags/tutorial.py took 0.146 seconds
[2025-02-19T03:53:56.863+0000] {processor.py:186} INFO - Started process (PID=410) to work on /home/airflow/.local/lib/python3.12/site-packages/airflow/example_dags/tutorial.py
[2025-02-19T03:53:56.865+0000] {processor.py:914} INFO - Processing file /home/airflow/.local/lib/python3.12/site-packages/airflow/example_dags/tutorial.py for tasks to queue
[2025-02-19T03:53:56.866+0000] {logging_mixin.py:190} INFO - [2025-02-19T03:53:56.866+0000] {dagbag.py:588} INFO - Filling up the DagBag from /home/airflow/.local/lib/python3.12/site-packages/airflow/example_dags/tutorial.py
[2025-02-19T03:53:56.876+0000] {processor.py:925} INFO - DAG(s) 'tutorial' retrieved from /home/airflow/.local/lib/python3.12/site-packages/airflow/example_dags/tutorial.py
[2025-02-19T03:53:56.900+0000] {logging_mixin.py:190} INFO - [2025-02-19T03:53:56.900+0000] {dag.py:3239} INFO - Sync 1 DAGs
[2025-02-19T03:53:56.928+0000] {logging_mixin.py:190} INFO - [2025-02-19T03:53:56.927+0000] {dag.py:4180} INFO - Setting next_dagrun for tutorial to 2025-02-18 00:00:00+00:00, run_after=2025-02-19 00:00:00+00:00
[2025-02-19T03:53:56.954+0000] {processor.py:208} INFO - Processing /home/airflow/.local/lib/python3.12/site-packages/airflow/example_dags/tutorial.py took 0.096 seconds
[2025-02-19T03:54:27.696+0000] {processor.py:186} INFO - Started process (PID=474) to work on /home/airflow/.local/lib/python3.12/site-packages/airflow/example_dags/tutorial.py
[2025-02-19T03:54:27.697+0000] {processor.py:914} INFO - Processing file /home/airflow/.local/lib/python3.12/site-packages/airflow/example_dags/tutorial.py for tasks to queue
[2025-02-19T03:54:27.699+0000] {logging_mixin.py:190} INFO - [2025-02-19T03:54:27.698+0000] {dagbag.py:588} INFO - Filling up the DagBag from /home/airflow/.local/lib/python3.12/site-packages/airflow/example_dags/tutorial.py
[2025-02-19T03:54:27.710+0000] {processor.py:925} INFO - DAG(s) 'tutorial' retrieved from /home/airflow/.local/lib/python3.12/site-packages/airflow/example_dags/tutorial.py
[2025-02-19T03:54:27.743+0000] {logging_mixin.py:190} INFO - [2025-02-19T03:54:27.743+0000] {dag.py:3239} INFO - Sync 1 DAGs
[2025-02-19T03:54:27.783+0000] {logging_mixin.py:190} INFO - [2025-02-19T03:54:27.782+0000] {dag.py:4180} INFO - Setting next_dagrun for tutorial to 2025-02-18 00:00:00+00:00, run_after=2025-02-19 00:00:00+00:00
[2025-02-19T03:54:27.809+0000] {processor.py:208} INFO - Processing /home/airflow/.local/lib/python3.12/site-packages/airflow/example_dags/tutorial.py took 0.119 seconds
[2025-02-19T03:54:57.997+0000] {processor.py:186} INFO - Started process (PID=538) to work on /home/airflow/.local/lib/python3.12/site-packages/airflow/example_dags/tutorial.py
[2025-02-19T03:54:57.998+0000] {processor.py:914} INFO - Processing file /home/airflow/.local/lib/python3.12/site-packages/airflow/example_dags/tutorial.py for tasks to queue
[2025-02-19T03:54:58.001+0000] {logging_mixin.py:190} INFO - [2025-02-19T03:54:58.000+0000] {dagbag.py:588} INFO - Filling up the DagBag from /home/airflow/.local/lib/python3.12/site-packages/airflow/example_dags/tutorial.py
[2025-02-19T03:54:58.016+0000] {processor.py:925} INFO - DAG(s) 'tutorial' retrieved from /home/airflow/.local/lib/python3.12/site-packages/airflow/example_dags/tutorial.py
[2025-02-19T03:54:58.043+0000] {logging_mixin.py:190} INFO - [2025-02-19T03:54:58.043+0000] {dag.py:3239} INFO - Sync 1 DAGs
[2025-02-19T03:54:58.077+0000] {logging_mixin.py:190} INFO - [2025-02-19T03:54:58.077+0000] {dag.py:4180} INFO - Setting next_dagrun for tutorial to 2025-02-18 00:00:00+00:00, run_after=2025-02-19 00:00:00+00:00
[2025-02-19T03:54:58.107+0000] {processor.py:208} INFO - Processing /home/airflow/.local/lib/python3.12/site-packages/airflow/example_dags/tutorial.py took 0.119 seconds
[2025-02-19T03:55:28.342+0000] {processor.py:186} INFO - Started process (PID=602) to work on /home/airflow/.local/lib/python3.12/site-packages/airflow/example_dags/tutorial.py
[2025-02-19T03:55:28.343+0000] {processor.py:914} INFO - Processing file /home/airflow/.local/lib/python3.12/site-packages/airflow/example_dags/tutorial.py for tasks to queue
[2025-02-19T03:55:28.344+0000] {logging_mixin.py:190} INFO - [2025-02-19T03:55:28.344+0000] {dagbag.py:588} INFO - Filling up the DagBag from /home/airflow/.local/lib/python3.12/site-packages/airflow/example_dags/tutorial.py
[2025-02-19T03:55:28.357+0000] {processor.py:925} INFO - DAG(s) 'tutorial' retrieved from /home/airflow/.local/lib/python3.12/site-packages/airflow/example_dags/tutorial.py
[2025-02-19T03:55:28.379+0000] {logging_mixin.py:190} INFO - [2025-02-19T03:55:28.379+0000] {dag.py:3239} INFO - Sync 1 DAGs
[2025-02-19T03:55:28.406+0000] {logging_mixin.py:190} INFO - [2025-02-19T03:55:28.406+0000] {dag.py:4180} INFO - Setting next_dagrun for tutorial to 2025-02-18 00:00:00+00:00, run_after=2025-02-19 00:00:00+00:00
[2025-02-19T03:55:28.437+0000] {processor.py:208} INFO - Processing /home/airflow/.local/lib/python3.12/site-packages/airflow/example_dags/tutorial.py took 0.101 seconds
[2025-02-19T03:55:58.689+0000] {processor.py:186} INFO - Started process (PID=670) to work on /home/airflow/.local/lib/python3.12/site-packages/airflow/example_dags/tutorial.py
[2025-02-19T03:55:58.690+0000] {processor.py:914} INFO - Processing file /home/airflow/.local/lib/python3.12/site-packages/airflow/example_dags/tutorial.py for tasks to queue
[2025-02-19T03:55:58.692+0000] {logging_mixin.py:190} INFO - [2025-02-19T03:55:58.691+0000] {dagbag.py:588} INFO - Filling up the DagBag from /home/airflow/.local/lib/python3.12/site-packages/airflow/example_dags/tutorial.py
[2025-02-19T03:55:58.701+0000] {processor.py:925} INFO - DAG(s) 'tutorial' retrieved from /home/airflow/.local/lib/python3.12/site-packages/airflow/example_dags/tutorial.py
[2025-02-19T03:55:58.729+0000] {logging_mixin.py:190} INFO - [2025-02-19T03:55:58.729+0000] {dag.py:3239} INFO - Sync 1 DAGs
[2025-02-19T03:55:58.756+0000] {logging_mixin.py:190} INFO - [2025-02-19T03:55:58.756+0000] {dag.py:4180} INFO - Setting next_dagrun for tutorial to 2025-02-18 00:00:00+00:00, run_after=2025-02-19 00:00:00+00:00
[2025-02-19T03:55:58.780+0000] {processor.py:208} INFO - Processing /home/airflow/.local/lib/python3.12/site-packages/airflow/example_dags/tutorial.py took 0.097 seconds
[2025-02-19T03:56:29.114+0000] {processor.py:186} INFO - Started process (PID=734) to work on /home/airflow/.local/lib/python3.12/site-packages/airflow/example_dags/tutorial.py
[2025-02-19T03:56:29.115+0000] {processor.py:914} INFO - Processing file /home/airflow/.local/lib/python3.12/site-packages/airflow/example_dags/tutorial.py for tasks to queue
[2025-02-19T03:56:29.116+0000] {logging_mixin.py:190} INFO - [2025-02-19T03:56:29.116+0000] {dagbag.py:588} INFO - Filling up the DagBag from /home/airflow/.local/lib/python3.12/site-packages/airflow/example_dags/tutorial.py
[2025-02-19T03:56:29.124+0000] {processor.py:925} INFO - DAG(s) 'tutorial' retrieved from /home/airflow/.local/lib/python3.12/site-packages/airflow/example_dags/tutorial.py
[2025-02-19T03:56:29.146+0000] {logging_mixin.py:190} INFO - [2025-02-19T03:56:29.145+0000] {dag.py:3239} INFO - Sync 1 DAGs
[2025-02-19T03:56:29.169+0000] {logging_mixin.py:190} INFO - [2025-02-19T03:56:29.169+0000] {dag.py:4180} INFO - Setting next_dagrun for tutorial to 2025-02-18 00:00:00+00:00, run_after=2025-02-19 00:00:00+00:00
[2025-02-19T03:56:29.188+0000] {processor.py:208} INFO - Processing /home/airflow/.local/lib/python3.12/site-packages/airflow/example_dags/tutorial.py took 0.080 seconds
[2025-02-19T03:56:59.664+0000] {processor.py:186} INFO - Started process (PID=798) to work on /home/airflow/.local/lib/python3.12/site-packages/airflow/example_dags/tutorial.py
[2025-02-19T03:56:59.665+0000] {processor.py:914} INFO - Processing file /home/airflow/.local/lib/python3.12/site-packages/airflow/example_dags/tutorial.py for tasks to queue
[2025-02-19T03:56:59.667+0000] {logging_mixin.py:190} INFO - [2025-02-19T03:56:59.667+0000] {dagbag.py:588} INFO - Filling up the DagBag from /home/airflow/.local/lib/python3.12/site-packages/airflow/example_dags/tutorial.py
[2025-02-19T03:56:59.682+0000] {processor.py:925} INFO - DAG(s) 'tutorial' retrieved from /home/airflow/.local/lib/python3.12/site-packages/airflow/example_dags/tutorial.py
[2025-02-19T03:56:59.721+0000] {logging_mixin.py:190} INFO - [2025-02-19T03:56:59.721+0000] {dag.py:3239} INFO - Sync 1 DAGs
[2025-02-19T03:56:59.763+0000] {logging_mixin.py:190} INFO - [2025-02-19T03:56:59.763+0000] {dag.py:4180} INFO - Setting next_dagrun for tutorial to 2025-02-18 00:00:00+00:00, run_after=2025-02-19 00:00:00+00:00
[2025-02-19T03:56:59.796+0000] {processor.py:208} INFO - Processing /home/airflow/.local/lib/python3.12/site-packages/airflow/example_dags/tutorial.py took 0.139 seconds
[2025-02-19T03:57:30.507+0000] {processor.py:186} INFO - Started process (PID=862) to work on /home/airflow/.local/lib/python3.12/site-packages/airflow/example_dags/tutorial.py
[2025-02-19T03:57:30.508+0000] {processor.py:914} INFO - Processing file /home/airflow/.local/lib/python3.12/site-packages/airflow/example_dags/tutorial.py for tasks to queue
[2025-02-19T03:57:30.512+0000] {logging_mixin.py:190} INFO - [2025-02-19T03:57:30.512+0000] {dagbag.py:588} INFO - Filling up the DagBag from /home/airflow/.local/lib/python3.12/site-packages/airflow/example_dags/tutorial.py
[2025-02-19T03:57:30.523+0000] {processor.py:925} INFO - DAG(s) 'tutorial' retrieved from /home/airflow/.local/lib/python3.12/site-packages/airflow/example_dags/tutorial.py
[2025-02-19T03:57:30.548+0000] {logging_mixin.py:190} INFO - [2025-02-19T03:57:30.547+0000] {dag.py:3239} INFO - Sync 1 DAGs
[2025-02-19T03:57:30.572+0000] {logging_mixin.py:190} INFO - [2025-02-19T03:57:30.571+0000] {dag.py:4180} INFO - Setting next_dagrun for tutorial to 2025-02-18 00:00:00+00:00, run_after=2025-02-19 00:00:00+00:00
[2025-02-19T03:57:30.602+0000] {processor.py:208} INFO - Processing /home/airflow/.local/lib/python3.12/site-packages/airflow/example_dags/tutorial.py took 0.100 seconds
[2025-02-19T03:58:01.346+0000] {processor.py:186} INFO - Started process (PID=926) to work on /home/airflow/.local/lib/python3.12/site-packages/airflow/example_dags/tutorial.py
[2025-02-19T03:58:01.347+0000] {processor.py:914} INFO - Processing file /home/airflow/.local/lib/python3.12/site-packages/airflow/example_dags/tutorial.py for tasks to queue
[2025-02-19T03:58:01.348+0000] {logging_mixin.py:190} INFO - [2025-02-19T03:58:01.348+0000] {dagbag.py:588} INFO - Filling up the DagBag from /home/airflow/.local/lib/python3.12/site-packages/airflow/example_dags/tutorial.py
[2025-02-19T03:58:01.357+0000] {processor.py:925} INFO - DAG(s) 'tutorial' retrieved from /home/airflow/.local/lib/python3.12/site-packages/airflow/example_dags/tutorial.py
[2025-02-19T03:58:01.383+0000] {logging_mixin.py:190} INFO - [2025-02-19T03:58:01.383+0000] {dag.py:3239} INFO - Sync 1 DAGs
[2025-02-19T03:58:01.416+0000] {logging_mixin.py:190} INFO - [2025-02-19T03:58:01.416+0000] {dag.py:4180} INFO - Setting next_dagrun for tutorial to 2025-02-18 00:00:00+00:00, run_after=2025-02-19 00:00:00+00:00
[2025-02-19T03:58:01.457+0000] {processor.py:208} INFO - Processing /home/airflow/.local/lib/python3.12/site-packages/airflow/example_dags/tutorial.py took 0.116 seconds
[2025-02-19T03:58:32.289+0000] {processor.py:186} INFO - Started process (PID=990) to work on /home/airflow/.local/lib/python3.12/site-packages/airflow/example_dags/tutorial.py
[2025-02-19T03:58:32.290+0000] {processor.py:914} INFO - Processing file /home/airflow/.local/lib/python3.12/site-packages/airflow/example_dags/tutorial.py for tasks to queue
[2025-02-19T03:58:32.293+0000] {logging_mixin.py:190} INFO - [2025-02-19T03:58:32.292+0000] {dagbag.py:588} INFO - Filling up the DagBag from /home/airflow/.local/lib/python3.12/site-packages/airflow/example_dags/tutorial.py
[2025-02-19T03:58:32.307+0000] {processor.py:925} INFO - DAG(s) 'tutorial' retrieved from /home/airflow/.local/lib/python3.12/site-packages/airflow/example_dags/tutorial.py
[2025-02-19T03:58:32.343+0000] {logging_mixin.py:190} INFO - [2025-02-19T03:58:32.342+0000] {dag.py:3239} INFO - Sync 1 DAGs
[2025-02-19T03:58:32.389+0000] {logging_mixin.py:190} INFO - [2025-02-19T03:58:32.388+0000] {dag.py:4180} INFO - Setting next_dagrun for tutorial to 2025-02-18 00:00:00+00:00, run_after=2025-02-19 00:00:00+00:00
[2025-02-19T03:58:32.429+0000] {processor.py:208} INFO - Processing /home/airflow/.local/lib/python3.12/site-packages/airflow/example_dags/tutorial.py took 0.149 seconds
[2025-02-19T03:59:02.484+0000] {processor.py:186} INFO - Started process (PID=1052) to work on /home/airflow/.local/lib/python3.12/site-packages/airflow/example_dags/tutorial.py
[2025-02-19T03:59:02.485+0000] {processor.py:914} INFO - Processing file /home/airflow/.local/lib/python3.12/site-packages/airflow/example_dags/tutorial.py for tasks to queue
[2025-02-19T03:59:02.486+0000] {logging_mixin.py:190} INFO - [2025-02-19T03:59:02.486+0000] {dagbag.py:588} INFO - Filling up the DagBag from /home/airflow/.local/lib/python3.12/site-packages/airflow/example_dags/tutorial.py
[2025-02-19T03:59:02.495+0000] {processor.py:925} INFO - DAG(s) 'tutorial' retrieved from /home/airflow/.local/lib/python3.12/site-packages/airflow/example_dags/tutorial.py
[2025-02-19T03:59:02.517+0000] {logging_mixin.py:190} INFO - [2025-02-19T03:59:02.517+0000] {dag.py:3239} INFO - Sync 1 DAGs
[2025-02-19T03:59:02.540+0000] {logging_mixin.py:190} INFO - [2025-02-19T03:59:02.540+0000] {dag.py:4180} INFO - Setting next_dagrun for tutorial to 2025-02-18 00:00:00+00:00, run_after=2025-02-19 00:00:00+00:00
[2025-02-19T03:59:02.568+0000] {processor.py:208} INFO - Processing /home/airflow/.local/lib/python3.12/site-packages/airflow/example_dags/tutorial.py took 0.090 seconds
[2025-02-19T03:59:32.611+0000] {processor.py:186} INFO - Started process (PID=1116) to work on /home/airflow/.local/lib/python3.12/site-packages/airflow/example_dags/tutorial.py
[2025-02-19T03:59:32.612+0000] {processor.py:914} INFO - Processing file /home/airflow/.local/lib/python3.12/site-packages/airflow/example_dags/tutorial.py for tasks to queue
[2025-02-19T03:59:32.613+0000] {logging_mixin.py:190} INFO - [2025-02-19T03:59:32.613+0000] {dagbag.py:588} INFO - Filling up the DagBag from /home/airflow/.local/lib/python3.12/site-packages/airflow/example_dags/tutorial.py
[2025-02-19T03:59:32.624+0000] {processor.py:925} INFO - DAG(s) 'tutorial' retrieved from /home/airflow/.local/lib/python3.12/site-packages/airflow/example_dags/tutorial.py
[2025-02-19T03:59:32.649+0000] {logging_mixin.py:190} INFO - [2025-02-19T03:59:32.649+0000] {dag.py:3239} INFO - Sync 1 DAGs
[2025-02-19T03:59:32.676+0000] {logging_mixin.py:190} INFO - [2025-02-19T03:59:32.675+0000] {dag.py:4180} INFO - Setting next_dagrun for tutorial to 2025-02-18 00:00:00+00:00, run_after=2025-02-19 00:00:00+00:00
[2025-02-19T03:59:32.697+0000] {processor.py:208} INFO - Processing /home/airflow/.local/lib/python3.12/site-packages/airflow/example_dags/tutorial.py took 0.092 seconds
[2025-02-19T04:00:02.779+0000] {processor.py:186} INFO - Started process (PID=1180) to work on /home/airflow/.local/lib/python3.12/site-packages/airflow/example_dags/tutorial.py
[2025-02-19T04:00:02.780+0000] {processor.py:914} INFO - Processing file /home/airflow/.local/lib/python3.12/site-packages/airflow/example_dags/tutorial.py for tasks to queue
[2025-02-19T04:00:02.782+0000] {logging_mixin.py:190} INFO - [2025-02-19T04:00:02.781+0000] {dagbag.py:588} INFO - Filling up the DagBag from /home/airflow/.local/lib/python3.12/site-packages/airflow/example_dags/tutorial.py
[2025-02-19T04:00:02.795+0000] {processor.py:925} INFO - DAG(s) 'tutorial' retrieved from /home/airflow/.local/lib/python3.12/site-packages/airflow/example_dags/tutorial.py
[2025-02-19T04:00:02.825+0000] {logging_mixin.py:190} INFO - [2025-02-19T04:00:02.824+0000] {dag.py:3239} INFO - Sync 1 DAGs
[2025-02-19T04:00:02.861+0000] {logging_mixin.py:190} INFO - [2025-02-19T04:00:02.861+0000] {dag.py:4180} INFO - Setting next_dagrun for tutorial to 2025-02-18 00:00:00+00:00, run_after=2025-02-19 00:00:00+00:00
[2025-02-19T04:00:02.888+0000] {processor.py:208} INFO - Processing /home/airflow/.local/lib/python3.12/site-packages/airflow/example_dags/tutorial.py took 0.117 seconds
[2025-02-19T04:00:33.110+0000] {processor.py:186} INFO - Started process (PID=1244) to work on /home/airflow/.local/lib/python3.12/site-packages/airflow/example_dags/tutorial.py
[2025-02-19T04:00:33.111+0000] {processor.py:914} INFO - Processing file /home/airflow/.local/lib/python3.12/site-packages/airflow/example_dags/tutorial.py for tasks to queue
[2025-02-19T04:00:33.113+0000] {logging_mixin.py:190} INFO - [2025-02-19T04:00:33.113+0000] {dagbag.py:588} INFO - Filling up the DagBag from /home/airflow/.local/lib/python3.12/site-packages/airflow/example_dags/tutorial.py
[2025-02-19T04:00:33.123+0000] {processor.py:925} INFO - DAG(s) 'tutorial' retrieved from /home/airflow/.local/lib/python3.12/site-packages/airflow/example_dags/tutorial.py
[2025-02-19T04:00:33.148+0000] {logging_mixin.py:190} INFO - [2025-02-19T04:00:33.148+0000] {dag.py:3239} INFO - Sync 1 DAGs
[2025-02-19T04:00:33.176+0000] {logging_mixin.py:190} INFO - [2025-02-19T04:00:33.176+0000] {dag.py:4180} INFO - Setting next_dagrun for tutorial to 2025-02-18 00:00:00+00:00, run_after=2025-02-19 00:00:00+00:00
[2025-02-19T04:00:33.199+0000] {processor.py:208} INFO - Processing /home/airflow/.local/lib/python3.12/site-packages/airflow/example_dags/tutorial.py took 0.098 seconds
[2025-02-19T04:01:03.365+0000] {processor.py:186} INFO - Started process (PID=1309) to work on /home/airflow/.local/lib/python3.12/site-packages/airflow/example_dags/tutorial.py
[2025-02-19T04:01:03.366+0000] {processor.py:914} INFO - Processing file /home/airflow/.local/lib/python3.12/site-packages/airflow/example_dags/tutorial.py for tasks to queue
[2025-02-19T04:01:03.367+0000] {logging_mixin.py:190} INFO - [2025-02-19T04:01:03.367+0000] {dagbag.py:588} INFO - Filling up the DagBag from /home/airflow/.local/lib/python3.12/site-packages/airflow/example_dags/tutorial.py
[2025-02-19T04:01:03.376+0000] {processor.py:925} INFO - DAG(s) 'tutorial' retrieved from /home/airflow/.local/lib/python3.12/site-packages/airflow/example_dags/tutorial.py
[2025-02-19T04:01:03.399+0000] {logging_mixin.py:190} INFO - [2025-02-19T04:01:03.398+0000] {dag.py:3239} INFO - Sync 1 DAGs
[2025-02-19T04:01:03.429+0000] {logging_mixin.py:190} INFO - [2025-02-19T04:01:03.429+0000] {dag.py:4180} INFO - Setting next_dagrun for tutorial to 2025-02-18 00:00:00+00:00, run_after=2025-02-19 00:00:00+00:00
[2025-02-19T04:01:03.450+0000] {processor.py:208} INFO - Processing /home/airflow/.local/lib/python3.12/site-packages/airflow/example_dags/tutorial.py took 0.091 seconds
[2025-02-19T04:01:33.838+0000] {processor.py:186} INFO - Started process (PID=1373) to work on /home/airflow/.local/lib/python3.12/site-packages/airflow/example_dags/tutorial.py
[2025-02-19T04:01:33.839+0000] {processor.py:914} INFO - Processing file /home/airflow/.local/lib/python3.12/site-packages/airflow/example_dags/tutorial.py for tasks to queue
[2025-02-19T04:01:33.840+0000] {logging_mixin.py:190} INFO - [2025-02-19T04:01:33.840+0000] {dagbag.py:588} INFO - Filling up the DagBag from /home/airflow/.local/lib/python3.12/site-packages/airflow/example_dags/tutorial.py
[2025-02-19T04:01:33.852+0000] {processor.py:925} INFO - DAG(s) 'tutorial' retrieved from /home/airflow/.local/lib/python3.12/site-packages/airflow/example_dags/tutorial.py
[2025-02-19T04:01:33.889+0000] {logging_mixin.py:190} INFO - [2025-02-19T04:01:33.887+0000] {dag.py:3239} INFO - Sync 1 DAGs
[2025-02-19T04:01:33.925+0000] {logging_mixin.py:190} INFO - [2025-02-19T04:01:33.925+0000] {dag.py:4180} INFO - Setting next_dagrun for tutorial to 2025-02-18 00:00:00+00:00, run_after=2025-02-19 00:00:00+00:00
[2025-02-19T04:01:33.951+0000] {processor.py:208} INFO - Processing /home/airflow/.local/lib/python3.12/site-packages/airflow/example_dags/tutorial.py took 0.121 seconds
