[2025-02-19T03:51:33.012+0000] {processor.py:186} INFO - Started process (PID=112) to work on /home/airflow/.local/lib/python3.12/site-packages/airflow/example_dags/tutorial_dag.py
[2025-02-19T03:51:33.014+0000] {processor.py:914} INFO - Processing file /home/airflow/.local/lib/python3.12/site-packages/airflow/example_dags/tutorial_dag.py for tasks to queue
[2025-02-19T03:51:33.016+0000] {logging_mixin.py:190} INFO - [2025-02-19T03:51:33.015+0000] {dagbag.py:588} INFO - Filling up the DagBag from /home/airflow/.local/lib/python3.12/site-packages/airflow/example_dags/tutorial_dag.py
[2025-02-19T03:51:33.027+0000] {processor.py:925} INFO - DAG(s) 'tutorial_dag' retrieved from /home/airflow/.local/lib/python3.12/site-packages/airflow/example_dags/tutorial_dag.py
[2025-02-19T03:51:33.172+0000] {logging_mixin.py:190} INFO - [2025-02-19T03:51:33.170+0000] {override.py:1911} INFO - Created Permission View: can read on DAG:tutorial_dag
[2025-02-19T03:51:33.188+0000] {logging_mixin.py:190} INFO - [2025-02-19T03:51:33.187+0000] {override.py:1911} INFO - Created Permission View: can delete on DAG:tutorial_dag
[2025-02-19T03:51:33.200+0000] {logging_mixin.py:190} INFO - [2025-02-19T03:51:33.199+0000] {override.py:1911} INFO - Created Permission View: can edit on DAG:tutorial_dag
[2025-02-19T03:51:33.214+0000] {logging_mixin.py:190} INFO - [2025-02-19T03:51:33.214+0000] {override.py:1911} INFO - Created Permission View: can read on DAG Run:tutorial_dag
[2025-02-19T03:51:33.226+0000] {logging_mixin.py:190} INFO - [2025-02-19T03:51:33.226+0000] {override.py:1911} INFO - Created Permission View: can delete on DAG Run:tutorial_dag
[2025-02-19T03:51:33.236+0000] {logging_mixin.py:190} INFO - [2025-02-19T03:51:33.236+0000] {override.py:1911} INFO - Created Permission View: can create on DAG Run:tutorial_dag
[2025-02-19T03:51:33.247+0000] {logging_mixin.py:190} INFO - [2025-02-19T03:51:33.246+0000] {override.py:1911} INFO - Created Permission View: menu access on DAG Run:tutorial_dag
[2025-02-19T03:51:33.248+0000] {logging_mixin.py:190} INFO - [2025-02-19T03:51:33.247+0000] {dag.py:3239} INFO - Sync 1 DAGs
[2025-02-19T03:51:33.262+0000] {logging_mixin.py:190} INFO - [2025-02-19T03:51:33.262+0000] {dag.py:3262} INFO - Creating ORM DAG for tutorial_dag
[2025-02-19T03:51:33.263+0000] {logging_mixin.py:190} INFO - [2025-02-19T03:51:33.263+0000] {dag.py:4180} INFO - Setting next_dagrun for tutorial_dag to None, run_after=None
[2025-02-19T03:51:33.284+0000] {processor.py:208} INFO - Processing /home/airflow/.local/lib/python3.12/site-packages/airflow/example_dags/tutorial_dag.py took 0.279 seconds
[2025-02-19T03:52:04.146+0000] {processor.py:186} INFO - Started process (PID=176) to work on /home/airflow/.local/lib/python3.12/site-packages/airflow/example_dags/tutorial_dag.py
[2025-02-19T03:52:04.147+0000] {processor.py:914} INFO - Processing file /home/airflow/.local/lib/python3.12/site-packages/airflow/example_dags/tutorial_dag.py for tasks to queue
[2025-02-19T03:52:04.148+0000] {logging_mixin.py:190} INFO - [2025-02-19T03:52:04.148+0000] {dagbag.py:588} INFO - Filling up the DagBag from /home/airflow/.local/lib/python3.12/site-packages/airflow/example_dags/tutorial_dag.py
[2025-02-19T03:52:04.156+0000] {processor.py:925} INFO - DAG(s) 'tutorial_dag' retrieved from /home/airflow/.local/lib/python3.12/site-packages/airflow/example_dags/tutorial_dag.py
[2025-02-19T03:52:04.182+0000] {logging_mixin.py:190} INFO - [2025-02-19T03:52:04.182+0000] {dag.py:3239} INFO - Sync 1 DAGs
[2025-02-19T03:52:04.198+0000] {logging_mixin.py:190} INFO - [2025-02-19T03:52:04.198+0000] {dag.py:4180} INFO - Setting next_dagrun for tutorial_dag to None, run_after=None
[2025-02-19T03:52:04.246+0000] {processor.py:208} INFO - Processing /home/airflow/.local/lib/python3.12/site-packages/airflow/example_dags/tutorial_dag.py took 0.108 seconds
[2025-02-19T03:52:34.560+0000] {processor.py:186} INFO - Started process (PID=239) to work on /home/airflow/.local/lib/python3.12/site-packages/airflow/example_dags/tutorial_dag.py
[2025-02-19T03:52:34.561+0000] {processor.py:914} INFO - Processing file /home/airflow/.local/lib/python3.12/site-packages/airflow/example_dags/tutorial_dag.py for tasks to queue
[2025-02-19T03:52:34.563+0000] {logging_mixin.py:190} INFO - [2025-02-19T03:52:34.563+0000] {dagbag.py:588} INFO - Filling up the DagBag from /home/airflow/.local/lib/python3.12/site-packages/airflow/example_dags/tutorial_dag.py
[2025-02-19T03:52:34.579+0000] {processor.py:925} INFO - DAG(s) 'tutorial_dag' retrieved from /home/airflow/.local/lib/python3.12/site-packages/airflow/example_dags/tutorial_dag.py
[2025-02-19T03:52:34.610+0000] {logging_mixin.py:190} INFO - [2025-02-19T03:52:34.610+0000] {dag.py:3239} INFO - Sync 1 DAGs
[2025-02-19T03:52:34.639+0000] {logging_mixin.py:190} INFO - [2025-02-19T03:52:34.638+0000] {dag.py:4180} INFO - Setting next_dagrun for tutorial_dag to None, run_after=None
[2025-02-19T03:52:34.694+0000] {processor.py:208} INFO - Processing /home/airflow/.local/lib/python3.12/site-packages/airflow/example_dags/tutorial_dag.py took 0.144 seconds
[2025-02-19T03:53:05.874+0000] {processor.py:186} INFO - Started process (PID=303) to work on /home/airflow/.local/lib/python3.12/site-packages/airflow/example_dags/tutorial_dag.py
[2025-02-19T03:53:05.875+0000] {processor.py:914} INFO - Processing file /home/airflow/.local/lib/python3.12/site-packages/airflow/example_dags/tutorial_dag.py for tasks to queue
[2025-02-19T03:53:05.877+0000] {logging_mixin.py:190} INFO - [2025-02-19T03:53:05.877+0000] {dagbag.py:588} INFO - Filling up the DagBag from /home/airflow/.local/lib/python3.12/site-packages/airflow/example_dags/tutorial_dag.py
[2025-02-19T03:53:05.888+0000] {processor.py:925} INFO - DAG(s) 'tutorial_dag' retrieved from /home/airflow/.local/lib/python3.12/site-packages/airflow/example_dags/tutorial_dag.py
[2025-02-19T03:53:05.919+0000] {logging_mixin.py:190} INFO - [2025-02-19T03:53:05.918+0000] {dag.py:3239} INFO - Sync 1 DAGs
[2025-02-19T03:53:05.941+0000] {logging_mixin.py:190} INFO - [2025-02-19T03:53:05.940+0000] {dag.py:4180} INFO - Setting next_dagrun for tutorial_dag to None, run_after=None
[2025-02-19T03:53:05.971+0000] {processor.py:208} INFO - Processing /home/airflow/.local/lib/python3.12/site-packages/airflow/example_dags/tutorial_dag.py took 0.105 seconds
[2025-02-19T03:53:36.956+0000] {processor.py:186} INFO - Started process (PID=371) to work on /home/airflow/.local/lib/python3.12/site-packages/airflow/example_dags/tutorial_dag.py
[2025-02-19T03:53:36.957+0000] {processor.py:914} INFO - Processing file /home/airflow/.local/lib/python3.12/site-packages/airflow/example_dags/tutorial_dag.py for tasks to queue
[2025-02-19T03:53:36.958+0000] {logging_mixin.py:190} INFO - [2025-02-19T03:53:36.958+0000] {dagbag.py:588} INFO - Filling up the DagBag from /home/airflow/.local/lib/python3.12/site-packages/airflow/example_dags/tutorial_dag.py
[2025-02-19T03:53:36.966+0000] {processor.py:925} INFO - DAG(s) 'tutorial_dag' retrieved from /home/airflow/.local/lib/python3.12/site-packages/airflow/example_dags/tutorial_dag.py
[2025-02-19T03:53:36.989+0000] {logging_mixin.py:190} INFO - [2025-02-19T03:53:36.989+0000] {dag.py:3239} INFO - Sync 1 DAGs
[2025-02-19T03:53:37.006+0000] {logging_mixin.py:190} INFO - [2025-02-19T03:53:37.005+0000] {dag.py:4180} INFO - Setting next_dagrun for tutorial_dag to None, run_after=None
[2025-02-19T03:53:37.032+0000] {processor.py:208} INFO - Processing /home/airflow/.local/lib/python3.12/site-packages/airflow/example_dags/tutorial_dag.py took 0.082 seconds
[2025-02-19T03:54:08.002+0000] {processor.py:186} INFO - Started process (PID=435) to work on /home/airflow/.local/lib/python3.12/site-packages/airflow/example_dags/tutorial_dag.py
[2025-02-19T03:54:08.004+0000] {processor.py:914} INFO - Processing file /home/airflow/.local/lib/python3.12/site-packages/airflow/example_dags/tutorial_dag.py for tasks to queue
[2025-02-19T03:54:08.007+0000] {logging_mixin.py:190} INFO - [2025-02-19T03:54:08.006+0000] {dagbag.py:588} INFO - Filling up the DagBag from /home/airflow/.local/lib/python3.12/site-packages/airflow/example_dags/tutorial_dag.py
[2025-02-19T03:54:08.020+0000] {processor.py:925} INFO - DAG(s) 'tutorial_dag' retrieved from /home/airflow/.local/lib/python3.12/site-packages/airflow/example_dags/tutorial_dag.py
[2025-02-19T03:54:08.052+0000] {logging_mixin.py:190} INFO - [2025-02-19T03:54:08.051+0000] {dag.py:3239} INFO - Sync 1 DAGs
[2025-02-19T03:54:08.077+0000] {logging_mixin.py:190} INFO - [2025-02-19T03:54:08.076+0000] {dag.py:4180} INFO - Setting next_dagrun for tutorial_dag to None, run_after=None
[2025-02-19T03:54:08.116+0000] {processor.py:208} INFO - Processing /home/airflow/.local/lib/python3.12/site-packages/airflow/example_dags/tutorial_dag.py took 0.125 seconds
[2025-02-19T03:54:38.945+0000] {processor.py:186} INFO - Started process (PID=498) to work on /home/airflow/.local/lib/python3.12/site-packages/airflow/example_dags/tutorial_dag.py
[2025-02-19T03:54:38.948+0000] {processor.py:914} INFO - Processing file /home/airflow/.local/lib/python3.12/site-packages/airflow/example_dags/tutorial_dag.py for tasks to queue
[2025-02-19T03:54:38.950+0000] {logging_mixin.py:190} INFO - [2025-02-19T03:54:38.950+0000] {dagbag.py:588} INFO - Filling up the DagBag from /home/airflow/.local/lib/python3.12/site-packages/airflow/example_dags/tutorial_dag.py
[2025-02-19T03:54:38.972+0000] {processor.py:925} INFO - DAG(s) 'tutorial_dag' retrieved from /home/airflow/.local/lib/python3.12/site-packages/airflow/example_dags/tutorial_dag.py
[2025-02-19T03:54:39.020+0000] {logging_mixin.py:190} INFO - [2025-02-19T03:54:39.020+0000] {dag.py:3239} INFO - Sync 1 DAGs
[2025-02-19T03:54:39.050+0000] {logging_mixin.py:190} INFO - [2025-02-19T03:54:39.050+0000] {dag.py:4180} INFO - Setting next_dagrun for tutorial_dag to None, run_after=None
[2025-02-19T03:54:39.084+0000] {processor.py:208} INFO - Processing /home/airflow/.local/lib/python3.12/site-packages/airflow/example_dags/tutorial_dag.py took 0.150 seconds
[2025-02-19T03:55:09.332+0000] {processor.py:186} INFO - Started process (PID=562) to work on /home/airflow/.local/lib/python3.12/site-packages/airflow/example_dags/tutorial_dag.py
[2025-02-19T03:55:09.333+0000] {processor.py:914} INFO - Processing file /home/airflow/.local/lib/python3.12/site-packages/airflow/example_dags/tutorial_dag.py for tasks to queue
[2025-02-19T03:55:09.335+0000] {logging_mixin.py:190} INFO - [2025-02-19T03:55:09.334+0000] {dagbag.py:588} INFO - Filling up the DagBag from /home/airflow/.local/lib/python3.12/site-packages/airflow/example_dags/tutorial_dag.py
[2025-02-19T03:55:09.346+0000] {processor.py:925} INFO - DAG(s) 'tutorial_dag' retrieved from /home/airflow/.local/lib/python3.12/site-packages/airflow/example_dags/tutorial_dag.py
[2025-02-19T03:55:09.380+0000] {logging_mixin.py:190} INFO - [2025-02-19T03:55:09.380+0000] {dag.py:3239} INFO - Sync 1 DAGs
[2025-02-19T03:55:09.402+0000] {logging_mixin.py:190} INFO - [2025-02-19T03:55:09.402+0000] {dag.py:4180} INFO - Setting next_dagrun for tutorial_dag to None, run_after=None
[2025-02-19T03:55:09.436+0000] {processor.py:208} INFO - Processing /home/airflow/.local/lib/python3.12/site-packages/airflow/example_dags/tutorial_dag.py took 0.113 seconds
[2025-02-19T03:55:40.768+0000] {processor.py:186} INFO - Started process (PID=630) to work on /home/airflow/.local/lib/python3.12/site-packages/airflow/example_dags/tutorial_dag.py
[2025-02-19T03:55:40.769+0000] {processor.py:914} INFO - Processing file /home/airflow/.local/lib/python3.12/site-packages/airflow/example_dags/tutorial_dag.py for tasks to queue
[2025-02-19T03:55:40.772+0000] {logging_mixin.py:190} INFO - [2025-02-19T03:55:40.771+0000] {dagbag.py:588} INFO - Filling up the DagBag from /home/airflow/.local/lib/python3.12/site-packages/airflow/example_dags/tutorial_dag.py
[2025-02-19T03:55:40.782+0000] {processor.py:925} INFO - DAG(s) 'tutorial_dag' retrieved from /home/airflow/.local/lib/python3.12/site-packages/airflow/example_dags/tutorial_dag.py
[2025-02-19T03:55:40.815+0000] {logging_mixin.py:190} INFO - [2025-02-19T03:55:40.815+0000] {dag.py:3239} INFO - Sync 1 DAGs
[2025-02-19T03:55:40.842+0000] {logging_mixin.py:190} INFO - [2025-02-19T03:55:40.841+0000] {dag.py:4180} INFO - Setting next_dagrun for tutorial_dag to None, run_after=None
[2025-02-19T03:55:40.879+0000] {processor.py:208} INFO - Processing /home/airflow/.local/lib/python3.12/site-packages/airflow/example_dags/tutorial_dag.py took 0.120 seconds
[2025-02-19T03:56:12.140+0000] {processor.py:186} INFO - Started process (PID=694) to work on /home/airflow/.local/lib/python3.12/site-packages/airflow/example_dags/tutorial_dag.py
[2025-02-19T03:56:12.141+0000] {processor.py:914} INFO - Processing file /home/airflow/.local/lib/python3.12/site-packages/airflow/example_dags/tutorial_dag.py for tasks to queue
[2025-02-19T03:56:12.142+0000] {logging_mixin.py:190} INFO - [2025-02-19T03:56:12.142+0000] {dagbag.py:588} INFO - Filling up the DagBag from /home/airflow/.local/lib/python3.12/site-packages/airflow/example_dags/tutorial_dag.py
[2025-02-19T03:56:12.152+0000] {processor.py:925} INFO - DAG(s) 'tutorial_dag' retrieved from /home/airflow/.local/lib/python3.12/site-packages/airflow/example_dags/tutorial_dag.py
[2025-02-19T03:56:12.173+0000] {logging_mixin.py:190} INFO - [2025-02-19T03:56:12.173+0000] {dag.py:3239} INFO - Sync 1 DAGs
[2025-02-19T03:56:12.189+0000] {logging_mixin.py:190} INFO - [2025-02-19T03:56:12.188+0000] {dag.py:4180} INFO - Setting next_dagrun for tutorial_dag to None, run_after=None
[2025-02-19T03:56:12.208+0000] {processor.py:208} INFO - Processing /home/airflow/.local/lib/python3.12/site-packages/airflow/example_dags/tutorial_dag.py took 0.074 seconds
[2025-02-19T03:56:42.978+0000] {processor.py:186} INFO - Started process (PID=758) to work on /home/airflow/.local/lib/python3.12/site-packages/airflow/example_dags/tutorial_dag.py
[2025-02-19T03:56:42.978+0000] {processor.py:914} INFO - Processing file /home/airflow/.local/lib/python3.12/site-packages/airflow/example_dags/tutorial_dag.py for tasks to queue
[2025-02-19T03:56:42.980+0000] {logging_mixin.py:190} INFO - [2025-02-19T03:56:42.979+0000] {dagbag.py:588} INFO - Filling up the DagBag from /home/airflow/.local/lib/python3.12/site-packages/airflow/example_dags/tutorial_dag.py
[2025-02-19T03:56:42.989+0000] {processor.py:925} INFO - DAG(s) 'tutorial_dag' retrieved from /home/airflow/.local/lib/python3.12/site-packages/airflow/example_dags/tutorial_dag.py
[2025-02-19T03:56:43.011+0000] {logging_mixin.py:190} INFO - [2025-02-19T03:56:43.011+0000] {dag.py:3239} INFO - Sync 1 DAGs
[2025-02-19T03:56:43.029+0000] {logging_mixin.py:190} INFO - [2025-02-19T03:56:43.028+0000] {dag.py:4180} INFO - Setting next_dagrun for tutorial_dag to None, run_after=None
[2025-02-19T03:56:43.051+0000] {processor.py:208} INFO - Processing /home/airflow/.local/lib/python3.12/site-packages/airflow/example_dags/tutorial_dag.py took 0.079 seconds
[2025-02-19T03:57:13.109+0000] {processor.py:186} INFO - Started process (PID=821) to work on /home/airflow/.local/lib/python3.12/site-packages/airflow/example_dags/tutorial_dag.py
[2025-02-19T03:57:13.113+0000] {processor.py:914} INFO - Processing file /home/airflow/.local/lib/python3.12/site-packages/airflow/example_dags/tutorial_dag.py for tasks to queue
[2025-02-19T03:57:13.117+0000] {logging_mixin.py:190} INFO - [2025-02-19T03:57:13.116+0000] {dagbag.py:588} INFO - Filling up the DagBag from /home/airflow/.local/lib/python3.12/site-packages/airflow/example_dags/tutorial_dag.py
[2025-02-19T03:57:13.128+0000] {processor.py:925} INFO - DAG(s) 'tutorial_dag' retrieved from /home/airflow/.local/lib/python3.12/site-packages/airflow/example_dags/tutorial_dag.py
[2025-02-19T03:57:13.155+0000] {logging_mixin.py:190} INFO - [2025-02-19T03:57:13.154+0000] {dag.py:3239} INFO - Sync 1 DAGs
[2025-02-19T03:57:13.171+0000] {logging_mixin.py:190} INFO - [2025-02-19T03:57:13.171+0000] {dag.py:4180} INFO - Setting next_dagrun for tutorial_dag to None, run_after=None
[2025-02-19T03:57:13.200+0000] {processor.py:208} INFO - Processing /home/airflow/.local/lib/python3.12/site-packages/airflow/example_dags/tutorial_dag.py took 0.099 seconds
[2025-02-19T03:57:43.411+0000] {processor.py:186} INFO - Started process (PID=885) to work on /home/airflow/.local/lib/python3.12/site-packages/airflow/example_dags/tutorial_dag.py
[2025-02-19T03:57:43.412+0000] {processor.py:914} INFO - Processing file /home/airflow/.local/lib/python3.12/site-packages/airflow/example_dags/tutorial_dag.py for tasks to queue
[2025-02-19T03:57:43.417+0000] {logging_mixin.py:190} INFO - [2025-02-19T03:57:43.416+0000] {dagbag.py:588} INFO - Filling up the DagBag from /home/airflow/.local/lib/python3.12/site-packages/airflow/example_dags/tutorial_dag.py
[2025-02-19T03:57:43.430+0000] {processor.py:925} INFO - DAG(s) 'tutorial_dag' retrieved from /home/airflow/.local/lib/python3.12/site-packages/airflow/example_dags/tutorial_dag.py
[2025-02-19T03:57:43.455+0000] {logging_mixin.py:190} INFO - [2025-02-19T03:57:43.455+0000] {dag.py:3239} INFO - Sync 1 DAGs
[2025-02-19T03:57:43.476+0000] {logging_mixin.py:190} INFO - [2025-02-19T03:57:43.476+0000] {dag.py:4180} INFO - Setting next_dagrun for tutorial_dag to None, run_after=None
[2025-02-19T03:57:43.510+0000] {processor.py:208} INFO - Processing /home/airflow/.local/lib/python3.12/site-packages/airflow/example_dags/tutorial_dag.py took 0.106 seconds
[2025-02-19T03:58:14.209+0000] {processor.py:186} INFO - Started process (PID=949) to work on /home/airflow/.local/lib/python3.12/site-packages/airflow/example_dags/tutorial_dag.py
[2025-02-19T03:58:14.211+0000] {processor.py:914} INFO - Processing file /home/airflow/.local/lib/python3.12/site-packages/airflow/example_dags/tutorial_dag.py for tasks to queue
[2025-02-19T03:58:14.212+0000] {logging_mixin.py:190} INFO - [2025-02-19T03:58:14.212+0000] {dagbag.py:588} INFO - Filling up the DagBag from /home/airflow/.local/lib/python3.12/site-packages/airflow/example_dags/tutorial_dag.py
[2025-02-19T03:58:14.222+0000] {processor.py:925} INFO - DAG(s) 'tutorial_dag' retrieved from /home/airflow/.local/lib/python3.12/site-packages/airflow/example_dags/tutorial_dag.py
[2025-02-19T03:58:14.251+0000] {logging_mixin.py:190} INFO - [2025-02-19T03:58:14.251+0000] {dag.py:3239} INFO - Sync 1 DAGs
[2025-02-19T03:58:14.269+0000] {logging_mixin.py:190} INFO - [2025-02-19T03:58:14.269+0000] {dag.py:4180} INFO - Setting next_dagrun for tutorial_dag to None, run_after=None
[2025-02-19T03:58:14.301+0000] {processor.py:208} INFO - Processing /home/airflow/.local/lib/python3.12/site-packages/airflow/example_dags/tutorial_dag.py took 0.100 seconds
[2025-02-19T03:58:44.830+0000] {processor.py:186} INFO - Started process (PID=1013) to work on /home/airflow/.local/lib/python3.12/site-packages/airflow/example_dags/tutorial_dag.py
[2025-02-19T03:58:44.831+0000] {processor.py:914} INFO - Processing file /home/airflow/.local/lib/python3.12/site-packages/airflow/example_dags/tutorial_dag.py for tasks to queue
[2025-02-19T03:58:44.833+0000] {logging_mixin.py:190} INFO - [2025-02-19T03:58:44.833+0000] {dagbag.py:588} INFO - Filling up the DagBag from /home/airflow/.local/lib/python3.12/site-packages/airflow/example_dags/tutorial_dag.py
[2025-02-19T03:58:44.843+0000] {processor.py:925} INFO - DAG(s) 'tutorial_dag' retrieved from /home/airflow/.local/lib/python3.12/site-packages/airflow/example_dags/tutorial_dag.py
[2025-02-19T03:58:44.870+0000] {logging_mixin.py:190} INFO - [2025-02-19T03:58:44.869+0000] {dag.py:3239} INFO - Sync 1 DAGs
[2025-02-19T03:58:44.889+0000] {logging_mixin.py:190} INFO - [2025-02-19T03:58:44.889+0000] {dag.py:4180} INFO - Setting next_dagrun for tutorial_dag to None, run_after=None
[2025-02-19T03:58:44.920+0000] {processor.py:208} INFO - Processing /home/airflow/.local/lib/python3.12/site-packages/airflow/example_dags/tutorial_dag.py took 0.098 seconds
[2025-02-19T03:59:15.495+0000] {processor.py:186} INFO - Started process (PID=1075) to work on /home/airflow/.local/lib/python3.12/site-packages/airflow/example_dags/tutorial_dag.py
[2025-02-19T03:59:15.497+0000] {processor.py:914} INFO - Processing file /home/airflow/.local/lib/python3.12/site-packages/airflow/example_dags/tutorial_dag.py for tasks to queue
[2025-02-19T03:59:15.499+0000] {logging_mixin.py:190} INFO - [2025-02-19T03:59:15.498+0000] {dagbag.py:588} INFO - Filling up the DagBag from /home/airflow/.local/lib/python3.12/site-packages/airflow/example_dags/tutorial_dag.py
[2025-02-19T03:59:15.517+0000] {processor.py:925} INFO - DAG(s) 'tutorial_dag' retrieved from /home/airflow/.local/lib/python3.12/site-packages/airflow/example_dags/tutorial_dag.py
[2025-02-19T03:59:15.557+0000] {logging_mixin.py:190} INFO - [2025-02-19T03:59:15.557+0000] {dag.py:3239} INFO - Sync 1 DAGs
[2025-02-19T03:59:15.597+0000] {logging_mixin.py:190} INFO - [2025-02-19T03:59:15.597+0000] {dag.py:4180} INFO - Setting next_dagrun for tutorial_dag to None, run_after=None
[2025-02-19T03:59:15.639+0000] {processor.py:208} INFO - Processing /home/airflow/.local/lib/python3.12/site-packages/airflow/example_dags/tutorial_dag.py took 0.156 seconds
[2025-02-19T03:59:46.209+0000] {processor.py:186} INFO - Started process (PID=1139) to work on /home/airflow/.local/lib/python3.12/site-packages/airflow/example_dags/tutorial_dag.py
[2025-02-19T03:59:46.210+0000] {processor.py:914} INFO - Processing file /home/airflow/.local/lib/python3.12/site-packages/airflow/example_dags/tutorial_dag.py for tasks to queue
[2025-02-19T03:59:46.213+0000] {logging_mixin.py:190} INFO - [2025-02-19T03:59:46.212+0000] {dagbag.py:588} INFO - Filling up the DagBag from /home/airflow/.local/lib/python3.12/site-packages/airflow/example_dags/tutorial_dag.py
[2025-02-19T03:59:46.221+0000] {processor.py:925} INFO - DAG(s) 'tutorial_dag' retrieved from /home/airflow/.local/lib/python3.12/site-packages/airflow/example_dags/tutorial_dag.py
[2025-02-19T03:59:46.249+0000] {logging_mixin.py:190} INFO - [2025-02-19T03:59:46.249+0000] {dag.py:3239} INFO - Sync 1 DAGs
[2025-02-19T03:59:46.268+0000] {logging_mixin.py:190} INFO - [2025-02-19T03:59:46.268+0000] {dag.py:4180} INFO - Setting next_dagrun for tutorial_dag to None, run_after=None
[2025-02-19T03:59:46.294+0000] {processor.py:208} INFO - Processing /home/airflow/.local/lib/python3.12/site-packages/airflow/example_dags/tutorial_dag.py took 0.095 seconds
[2025-02-19T04:00:16.958+0000] {processor.py:186} INFO - Started process (PID=1203) to work on /home/airflow/.local/lib/python3.12/site-packages/airflow/example_dags/tutorial_dag.py
[2025-02-19T04:00:16.959+0000] {processor.py:914} INFO - Processing file /home/airflow/.local/lib/python3.12/site-packages/airflow/example_dags/tutorial_dag.py for tasks to queue
[2025-02-19T04:00:16.961+0000] {logging_mixin.py:190} INFO - [2025-02-19T04:00:16.960+0000] {dagbag.py:588} INFO - Filling up the DagBag from /home/airflow/.local/lib/python3.12/site-packages/airflow/example_dags/tutorial_dag.py
[2025-02-19T04:00:16.970+0000] {processor.py:925} INFO - DAG(s) 'tutorial_dag' retrieved from /home/airflow/.local/lib/python3.12/site-packages/airflow/example_dags/tutorial_dag.py
[2025-02-19T04:00:16.991+0000] {logging_mixin.py:190} INFO - [2025-02-19T04:00:16.991+0000] {dag.py:3239} INFO - Sync 1 DAGs
[2025-02-19T04:00:17.006+0000] {logging_mixin.py:190} INFO - [2025-02-19T04:00:17.006+0000] {dag.py:4180} INFO - Setting next_dagrun for tutorial_dag to None, run_after=None
[2025-02-19T04:00:17.033+0000] {processor.py:208} INFO - Processing /home/airflow/.local/lib/python3.12/site-packages/airflow/example_dags/tutorial_dag.py took 0.081 seconds
[2025-02-19T04:00:47.793+0000] {processor.py:186} INFO - Started process (PID=1267) to work on /home/airflow/.local/lib/python3.12/site-packages/airflow/example_dags/tutorial_dag.py
[2025-02-19T04:00:47.794+0000] {processor.py:914} INFO - Processing file /home/airflow/.local/lib/python3.12/site-packages/airflow/example_dags/tutorial_dag.py for tasks to queue
[2025-02-19T04:00:47.795+0000] {logging_mixin.py:190} INFO - [2025-02-19T04:00:47.795+0000] {dagbag.py:588} INFO - Filling up the DagBag from /home/airflow/.local/lib/python3.12/site-packages/airflow/example_dags/tutorial_dag.py
[2025-02-19T04:00:47.803+0000] {processor.py:925} INFO - DAG(s) 'tutorial_dag' retrieved from /home/airflow/.local/lib/python3.12/site-packages/airflow/example_dags/tutorial_dag.py
[2025-02-19T04:00:47.845+0000] {logging_mixin.py:190} INFO - [2025-02-19T04:00:47.845+0000] {dag.py:3239} INFO - Sync 1 DAGs
[2025-02-19T04:00:47.878+0000] {logging_mixin.py:190} INFO - [2025-02-19T04:00:47.878+0000] {dag.py:4180} INFO - Setting next_dagrun for tutorial_dag to None, run_after=None
[2025-02-19T04:00:47.911+0000] {processor.py:208} INFO - Processing /home/airflow/.local/lib/python3.12/site-packages/airflow/example_dags/tutorial_dag.py took 0.125 seconds
[2025-02-19T04:01:17.973+0000] {processor.py:186} INFO - Started process (PID=1330) to work on /home/airflow/.local/lib/python3.12/site-packages/airflow/example_dags/tutorial_dag.py
[2025-02-19T04:01:17.974+0000] {processor.py:914} INFO - Processing file /home/airflow/.local/lib/python3.12/site-packages/airflow/example_dags/tutorial_dag.py for tasks to queue
[2025-02-19T04:01:17.975+0000] {logging_mixin.py:190} INFO - [2025-02-19T04:01:17.975+0000] {dagbag.py:588} INFO - Filling up the DagBag from /home/airflow/.local/lib/python3.12/site-packages/airflow/example_dags/tutorial_dag.py
[2025-02-19T04:01:17.983+0000] {processor.py:925} INFO - DAG(s) 'tutorial_dag' retrieved from /home/airflow/.local/lib/python3.12/site-packages/airflow/example_dags/tutorial_dag.py
[2025-02-19T04:01:18.006+0000] {logging_mixin.py:190} INFO - [2025-02-19T04:01:18.006+0000] {dag.py:3239} INFO - Sync 1 DAGs
[2025-02-19T04:01:18.019+0000] {logging_mixin.py:190} INFO - [2025-02-19T04:01:18.019+0000] {dag.py:4180} INFO - Setting next_dagrun for tutorial_dag to None, run_after=None
[2025-02-19T04:01:18.043+0000] {processor.py:208} INFO - Processing /home/airflow/.local/lib/python3.12/site-packages/airflow/example_dags/tutorial_dag.py took 0.075 seconds
[2025-02-19T04:01:49.306+0000] {processor.py:186} INFO - Started process (PID=1394) to work on /home/airflow/.local/lib/python3.12/site-packages/airflow/example_dags/tutorial_dag.py
[2025-02-19T04:01:49.308+0000] {processor.py:914} INFO - Processing file /home/airflow/.local/lib/python3.12/site-packages/airflow/example_dags/tutorial_dag.py for tasks to queue
[2025-02-19T04:01:49.310+0000] {logging_mixin.py:190} INFO - [2025-02-19T04:01:49.309+0000] {dagbag.py:588} INFO - Filling up the DagBag from /home/airflow/.local/lib/python3.12/site-packages/airflow/example_dags/tutorial_dag.py
[2025-02-19T04:01:49.364+0000] {processor.py:925} INFO - DAG(s) 'tutorial_dag' retrieved from /home/airflow/.local/lib/python3.12/site-packages/airflow/example_dags/tutorial_dag.py
[2025-02-19T04:01:49.478+0000] {logging_mixin.py:190} INFO - [2025-02-19T04:01:49.468+0000] {dag.py:3239} INFO - Sync 1 DAGs
[2025-02-19T04:01:49.580+0000] {logging_mixin.py:190} INFO - [2025-02-19T04:01:49.580+0000] {dag.py:4180} INFO - Setting next_dagrun for tutorial_dag to None, run_after=None
[2025-02-19T04:01:49.679+0000] {processor.py:208} INFO - Processing /home/airflow/.local/lib/python3.12/site-packages/airflow/example_dags/tutorial_dag.py took 0.441 seconds
